
           ####    G N O M   ---   Version 4.5a revised 09/02/02     ####

                                                  Sun Nov  5 12:16:36 2017
           ===    Run No   1   ===
 Run title:  0.000330941 0 0


  Number of points omitted at the end:         179
   *******   Working Directory :
   *******    Input file(s) : 24697_01C_S112_0_01.sub
           Condition P(rmin) = 0 is used. 
           Condition P(rmax) = 0 is used. 

          Experimental conditions for the first run
          -----------------------------------------

          Highest ALPHA is found to be   0.2182E+02

  The measure of inconsistency AN1 equals to    0.1068E+01

          Warning: using the chosen range in the real space 
             it is not possible to fit the data set within the
             given error band. 
     Alpha    Discrp  Oscill  Stabil  Sysdev  Positv  Valcen    Total   
  0.2182E+05 21.0396  1.1759  0.9415  0.2865  1.0000  0.8590  0.00001
  0.4364E+04 17.8128  1.1753  0.7875  0.5156  1.0000  0.8595  0.00001
  0.8728E+03 10.6810  1.1780  0.4362  0.2656  1.0000  0.8607  0.00001
  0.1746E+03  4.9749  1.2377  0.1568  0.2396  1.0000  0.8590  0.00001
  0.3491E+02  2.1729  1.4378  0.1028  0.3958  1.0000  0.8486  0.44394
  0.6983E+01  1.0089  1.6136  0.0461  0.6563  1.0000  0.8439  0.59759
  0.1397E+01  0.7804  1.7021  0.0219  0.7500  1.0000  0.8440  0.60144
  0.2793E+00  0.7357  1.7942  0.0260  0.7500  0.9999  0.8434  0.43750
  0.5586E-01  0.7151  1.9879  0.0265  0.7604  0.9997  0.8424  0.38148
  0.1117E-01  0.7083  2.2659  0.0400  0.7188  0.9996  0.8408  0.10000
  0.2234E-02  0.7025  3.3407  0.1274  0.7292  0.9971  0.8312  0.10000
  0.4469E-03  0.6935  6.7824  0.2780  0.7083  0.9800  0.7646  0.10000
  0.8938E-04  0.6789 12.5299  0.5560  0.7083  0.9086  0.5328  0.10000
  0.1788E-04  0.6546 15.7658  0.4355  0.7292  0.8113  0.3503  0.10000
  0.3575E-05  0.6432 16.1625  0.1746  0.7448  0.7764  0.3102  0.10000
  0.7150E-06  0.6416 15.6993  0.1733  0.7448  0.7645  0.2991  0.10000
  0.1430E-06  0.6409 16.5320  0.4431  0.7552  0.7438  0.3367  0.10000
  0.2860E-07  0.6391 19.2400  0.8407  0.7552  0.7218  0.3277  0.10000
  0.5720E-08  0.6343 19.4915  0.6562  0.7344  0.7149  0.2929  0.10000
  0.1144E-08  0.6291 20.3560  0.4246  0.7344  0.7132  0.3042  0.10000
  0.2288E-09  0.6236 24.8718  0.7722  0.7396  0.7126  0.2954  0.10000
  0.4576E-10  0.6037 28.8035  0.8140  0.7604  0.7209  0.3332  0.10000
  0.9152E-11  0.5401 33.0811  0.7179  0.7708  0.7124  0.3412  0.10000
  0.1830E-11  0.3996 36.6380  0.5462  0.7188  0.7174  0.3722  0.10000
  0.3661E-12  0.2162 40.5457  0.3216  0.7604  0.7204  0.3885  0.10000
  0.7322E-13  0.0800 44.2302  0.1584  0.7813  0.7078  0.3944  0.10000
  0.1464E-13  0.0212 45.9801  0.0584  0.7917  0.6990  0.3932  0.10000
  0.2929E-14  0.0046 46.4689  0.0148  0.7917  0.6960  0.3920  0.10000
  0.5858E-15  0.0009 46.5760  0.0032  0.7917  0.6952  0.3917  0.10000
  0.1172E-15  0.0002 46.5979  0.0006  0.7917  0.6951  0.3916  0.10000
  0.2343E-16  0.0000 46.6023  0.0001  0.7917  0.6951  0.3916  0.10000

          ***  Golden section search to maximize estimate ***
     Alpha    Discrp  Oscill  Stabil  Sysdev  Positv  Valcen    Total   
  0.2582E+01  0.8212  1.6745  0.0264  0.7292  1.0000  0.8439  0.67162
  0.3776E+01  0.8673  1.6546  0.0321  0.7500  1.0000  0.8438  0.66099
  0.2042E+01  0.8021  1.6855  0.0240  0.7396  1.0000  0.8440  0.64758
  0.2986E+01  0.8362  1.6673  0.0283  0.7604  1.0000  0.8439  0.68237
  0.3266E+01  0.8470  1.6626  0.0297  0.7500  1.0000  0.8439  0.67013
  0.2825E+01  0.8302  1.6701  0.0275  0.7500  1.0000  0.8439  0.68045
  0.3090E+01  0.8402  1.6655  0.0288  0.7604  1.0000  0.8439  0.67993
  0.2923E+01  0.8339  1.6684  0.0280  0.7500  1.0000  0.8439  0.67790
  0.3025E+01  0.8377  1.6666  0.0285  0.7604  1.0000  0.8439  0.68143
  0.2962E+01  0.8353  1.6677  0.0282  0.7500  1.0000  0.8439  0.67695
  0.3001E+01  0.8368  1.6670  0.0284  0.7604  1.0000  0.8439  0.68201
  0.2977E+01  0.8359  1.6674  0.0282  0.7604  1.0000  0.8439  0.68259
  0.2971E+01  0.8357  1.6675  0.0282  0.7500  1.0000  0.8439  0.67673
  0.2980E+01  0.8360  1.6674  0.0283  0.7604  1.0000  0.8439  0.68250
  0.2974E+01  0.8358  1.6675  0.0282  0.7604  1.0000  0.8439  0.68264
  0.2974E+01  0.8358  1.6675  0.0282  0.7604  1.0000  0.8439  0.68264



             ####            Final results            ####

 Parameter    DISCRP    OSCILL    STABIL    SYSDEV    POSITV    VALCEN
 Weight        1.000     3.000     3.000     4.000     1.000     1.000
 Sigma         0.500     0.600     0.120     0.200     0.120     0.120
 Ideal         1.000     1.100     0.000     1.000     1.000     0.950
 Current       0.836     1.667     0.028     0.760     1.000     0.844
                - - - - - - - - - - - - - - - - - - - - - - - - - 
 Estimate      0.898     0.409     0.946     0.238     1.000     0.458

  Angular   range    :     from    0.0078   to    0.3646
  Real space range   :     from      0.00   to    115.40

  Highest ALPHA (theor) :   0.218E+05                 JOB = 0
  Current ALPHA         :   0.297E+01   Rg :  0.310E+02   I(0) :   0.483E+03

           Total  estimate : 0.683  which is  A REASONABLE  solution

      S          J EXP       ERROR       J REG       I REG

  0.0000E+00                                      0.4831E+03
  0.9707E-03                                      0.4829E+03
  0.1941E-02                                      0.4825E+03
  0.2912E-02                                      0.4817E+03
  0.3883E-02                                      0.4807E+03
  0.4853E-02                                      0.4794E+03
  0.5824E-02                                      0.4778E+03
  0.6795E-02                                      0.4760E+03
  0.7765E-02  0.3561E+03  0.8401E+02  0.4738E+03  0.4738E+03
  0.8695E-02  0.4559E+03  0.9023E+02  0.4715E+03  0.4715E+03
  0.9624E-02  0.4344E+03  0.5552E+02  0.4690E+03  0.4690E+03
  0.1055E-01  0.4503E+03  0.3680E+02  0.4662E+03  0.4662E+03
  0.1148E-01  0.4675E+03  0.2591E+02  0.4631E+03  0.4631E+03
  0.1241E-01  0.4663E+03  0.2296E+02  0.4599E+03  0.4599E+03
  0.1334E-01  0.4642E+03  0.1751E+02  0.4564E+03  0.4564E+03
  0.1427E-01  0.4315E+03  0.1481E+02  0.4527E+03  0.4527E+03
  0.1520E-01  0.4568E+03  0.1188E+02  0.4488E+03  0.4488E+03
  0.1613E-01  0.4510E+03  0.1054E+02  0.4447E+03  0.4447E+03
  0.1706E-01  0.4356E+03  0.9900E+01  0.4404E+03  0.4404E+03
  0.1799E-01  0.4292E+03  0.9311E+01  0.4359E+03  0.4359E+03
  0.1892E-01  0.4214E+03  0.8743E+01  0.4313E+03  0.4313E+03
  0.1985E-01  0.4289E+03  0.8853E+01  0.4265E+03  0.4265E+03
  0.2078E-01  0.4127E+03  0.8157E+01  0.4215E+03  0.4215E+03
  0.2170E-01  0.3989E+03  0.8617E+01  0.4164E+03  0.4164E+03
  0.2263E-01  0.4035E+03  0.7792E+01  0.4111E+03  0.4111E+03
  0.2356E-01  0.3998E+03  0.7890E+01  0.4057E+03  0.4057E+03
  0.2449E-01  0.3932E+03  0.6946E+01  0.4002E+03  0.4002E+03
  0.2542E-01  0.4015E+03  0.6844E+01  0.3945E+03  0.3945E+03
  0.2635E-01  0.3998E+03  0.6705E+01  0.3888E+03  0.3888E+03
  0.2728E-01  0.3859E+03  0.6508E+01  0.3830E+03  0.3830E+03
  0.2821E-01  0.3864E+03  0.6618E+01  0.3770E+03  0.3770E+03
  0.2914E-01  0.3769E+03  0.6219E+01  0.3710E+03  0.3710E+03
  0.3007E-01  0.3718E+03  0.6420E+01  0.3650E+03  0.3650E+03
  0.3100E-01  0.3584E+03  0.6008E+01  0.3589E+03  0.3589E+03
  0.3193E-01  0.3534E+03  0.6052E+01  0.3527E+03  0.3527E+03
  0.3286E-01  0.3460E+03  0.5712E+01  0.3465E+03  0.3465E+03
  0.3379E-01  0.3473E+03  0.5883E+01  0.3402E+03  0.3402E+03
  0.3472E-01  0.3353E+03  0.5619E+01  0.3339E+03  0.3339E+03
  0.3564E-01  0.3307E+03  0.5482E+01  0.3277E+03  0.3277E+03
  0.3657E-01  0.3209E+03  0.5441E+01  0.3214E+03  0.3214E+03
  0.3750E-01  0.3158E+03  0.5433E+01  0.3151E+03  0.3151E+03
  0.3843E-01  0.3066E+03  0.5256E+01  0.3088E+03  0.3088E+03
  0.3936E-01  0.3005E+03  0.5422E+01  0.3025E+03  0.3025E+03
  0.4029E-01  0.2978E+03  0.5021E+01  0.2962E+03  0.2962E+03
  0.4122E-01  0.2884E+03  0.4926E+01  0.2900E+03  0.2900E+03
  0.4215E-01  0.2777E+03  0.4976E+01  0.2838E+03  0.2838E+03
  0.4308E-01  0.2824E+03  0.5127E+01  0.2777E+03  0.2777E+03
  0.4401E-01  0.2728E+03  0.4873E+01  0.2715E+03  0.2715E+03
  0.4494E-01  0.2676E+03  0.4698E+01  0.2655E+03  0.2655E+03
  0.4587E-01  0.2700E+03  0.4785E+01  0.2595E+03  0.2595E+03
  0.4680E-01  0.2559E+03  0.4571E+01  0.2535E+03  0.2535E+03
  0.4773E-01  0.2494E+03  0.4409E+01  0.2476E+03  0.2476E+03
  0.4865E-01  0.2419E+03  0.4564E+01  0.2418E+03  0.2418E+03
  0.4958E-01  0.2312E+03  0.4435E+01  0.2360E+03  0.2360E+03
  0.5051E-01  0.2423E+03  0.4604E+01  0.2303E+03  0.2303E+03
  0.5144E-01  0.2293E+03  0.4397E+01  0.2247E+03  0.2247E+03
  0.5237E-01  0.2207E+03  0.4330E+01  0.2192E+03  0.2192E+03
  0.5330E-01  0.2190E+03  0.4362E+01  0.2138E+03  0.2138E+03
  0.5423E-01  0.2111E+03  0.4146E+01  0.2084E+03  0.2084E+03
  0.5516E-01  0.2012E+03  0.4295E+01  0.2031E+03  0.2031E+03
  0.5609E-01  0.1902E+03  0.4204E+01  0.1979E+03  0.1979E+03
  0.5702E-01  0.1879E+03  0.4140E+01  0.1928E+03  0.1928E+03
  0.5795E-01  0.1950E+03  0.4118E+01  0.1878E+03  0.1878E+03
  0.5888E-01  0.1931E+03  0.3999E+01  0.1828E+03  0.1828E+03
  0.5981E-01  0.1941E+03  0.3853E+01  0.1780E+03  0.1780E+03
  0.6074E-01  0.1784E+03  0.3925E+01  0.1732E+03  0.1732E+03
  0.6166E-01  0.1668E+03  0.3955E+01  0.1686E+03  0.1686E+03
  0.6259E-01  0.1554E+03  0.3807E+01  0.1640E+03  0.1640E+03
  0.6352E-01  0.1572E+03  0.3636E+01  0.1595E+03  0.1595E+03
  0.6445E-01  0.1484E+03  0.3759E+01  0.1551E+03  0.1551E+03
  0.6538E-01  0.1464E+03  0.3777E+01  0.1508E+03  0.1508E+03
  0.6631E-01  0.1409E+03  0.3768E+01  0.1465E+03  0.1465E+03
  0.6724E-01  0.1476E+03  0.3668E+01  0.1424E+03  0.1424E+03
  0.6817E-01  0.1494E+03  0.3700E+01  0.1383E+03  0.1383E+03
  0.6910E-01  0.1428E+03  0.3709E+01  0.1343E+03  0.1343E+03
  0.7003E-01  0.1352E+03  0.3603E+01  0.1304E+03  0.1304E+03
  0.7096E-01  0.1284E+03  0.3576E+01  0.1266E+03  0.1266E+03
  0.7189E-01  0.1257E+03  0.3473E+01  0.1229E+03  0.1229E+03
  0.7282E-01  0.1203E+03  0.3614E+01  0.1192E+03  0.1192E+03
  0.7375E-01  0.1168E+03  0.3620E+01  0.1156E+03  0.1156E+03
  0.7468E-01  0.1120E+03  0.3408E+01  0.1121E+03  0.1121E+03
  0.7560E-01  0.1059E+03  0.3481E+01  0.1087E+03  0.1087E+03
  0.7653E-01  0.1051E+03  0.3309E+01  0.1054E+03  0.1054E+03
  0.7746E-01  0.9952E+02  0.3415E+01  0.1021E+03  0.1021E+03
  0.7839E-01  0.1052E+03  0.3328E+01  0.9886E+02  0.9886E+02
  0.7932E-01  0.1086E+03  0.3309E+01  0.9573E+02  0.9573E+02
  0.8025E-01  0.9766E+02  0.3311E+01  0.9266E+02  0.9266E+02
  0.8118E-01  0.9243E+02  0.3323E+01  0.8966E+02  0.8966E+02
  0.8211E-01  0.9070E+02  0.3251E+01  0.8673E+02  0.8673E+02
  0.8304E-01  0.8267E+02  0.3189E+01  0.8386E+02  0.8386E+02
  0.8397E-01  0.8114E+02  0.3227E+01  0.8106E+02  0.8106E+02
  0.8490E-01  0.7757E+02  0.3136E+01  0.7832E+02  0.7832E+02
  0.8583E-01  0.7708E+02  0.3103E+01  0.7565E+02  0.7565E+02
  0.8676E-01  0.7237E+02  0.3088E+01  0.7304E+02  0.7304E+02
  0.8769E-01  0.7359E+02  0.3036E+01  0.7050E+02  0.7050E+02
  0.8861E-01  0.7552E+02  0.3100E+01  0.6801E+02  0.6801E+02
  0.8954E-01  0.6534E+02  0.3036E+01  0.6559E+02  0.6559E+02
  0.9047E-01  0.6378E+02  0.3017E+01  0.6322E+02  0.6322E+02
  0.9140E-01  0.5905E+02  0.3031E+01  0.6091E+02  0.6091E+02
  0.9233E-01  0.6495E+02  0.3139E+01  0.5867E+02  0.5867E+02
  0.9326E-01  0.5405E+02  0.3063E+01  0.5648E+02  0.5648E+02
  0.9419E-01  0.4362E+02  0.2891E+01  0.5435E+02  0.5435E+02
  0.9512E-01  0.5470E+02  0.3033E+01  0.5228E+02  0.5228E+02
  0.9605E-01  0.5408E+02  0.2902E+01  0.5026E+02  0.5026E+02
  0.9698E-01  0.5940E+02  0.2910E+01  0.4830E+02  0.4830E+02
  0.9791E-01  0.5276E+02  0.2935E+01  0.4639E+02  0.4639E+02
  0.9884E-01  0.4891E+02  0.2966E+01  0.4455E+02  0.4455E+02
  0.9977E-01  0.4241E+02  0.2932E+01  0.4275E+02  0.4275E+02
  0.1007E+00  0.3530E+02  0.2812E+01  0.4101E+02  0.4101E+02
  0.1016E+00  0.3886E+02  0.2767E+01  0.3933E+02  0.3933E+02
  0.1026E+00  0.3551E+02  0.2762E+01  0.3770E+02  0.3770E+02
  0.1035E+00  0.3893E+02  0.2724E+01  0.3612E+02  0.3612E+02
  0.1044E+00  0.3519E+02  0.2714E+01  0.3460E+02  0.3460E+02
  0.1053E+00  0.3220E+02  0.2699E+01  0.3312E+02  0.3312E+02
  0.1063E+00  0.2918E+02  0.2673E+01  0.3170E+02  0.3170E+02
  0.1072E+00  0.2496E+02  0.2648E+01  0.3033E+02  0.3033E+02
  0.1081E+00  0.2219E+02  0.2626E+01  0.2901E+02  0.2901E+02
  0.1091E+00  0.2477E+02  0.2717E+01  0.2775E+02  0.2775E+02
  0.1100E+00  0.2485E+02  0.2666E+01  0.2652E+02  0.2652E+02
  0.1109E+00  0.2505E+02  0.2798E+01  0.2535E+02  0.2535E+02
  0.1118E+00  0.2828E+02  0.2683E+01  0.2423E+02  0.2423E+02
  0.1128E+00  0.2486E+02  0.2721E+01  0.2315E+02  0.2315E+02
  0.1137E+00  0.1800E+02  0.2666E+01  0.2212E+02  0.2212E+02
  0.1146E+00  0.1461E+02  0.2661E+01  0.2114E+02  0.2114E+02
  0.1156E+00  0.1563E+02  0.2569E+01  0.2020E+02  0.2020E+02
  0.1165E+00  0.2020E+02  0.2543E+01  0.1930E+02  0.1930E+02
  0.1174E+00  0.1721E+02  0.2520E+01  0.1845E+02  0.1845E+02
  0.1184E+00  0.1735E+02  0.2586E+01  0.1764E+02  0.1764E+02
  0.1193E+00  0.1227E+02  0.2441E+01  0.1686E+02  0.1686E+02
  0.1202E+00  0.1268E+02  0.2537E+01  0.1613E+02  0.1613E+02
  0.1211E+00  0.1696E+02  0.2461E+01  0.1543E+02  0.1543E+02
  0.1221E+00  0.9876E+01  0.2498E+01  0.1477E+02  0.1477E+02
  0.1230E+00  0.1312E+02  0.2514E+01  0.1415E+02  0.1415E+02
  0.1239E+00  0.1255E+02  0.2465E+01  0.1356E+02  0.1356E+02
  0.1249E+00  0.7846E+01  0.2524E+01  0.1301E+02  0.1301E+02
  0.1258E+00  0.1172E+02  0.2488E+01  0.1249E+02  0.1249E+02
  0.1267E+00  0.1111E+02  0.2457E+01  0.1199E+02  0.1199E+02
  0.1276E+00  0.1122E+02  0.2454E+01  0.1153E+02  0.1153E+02
  0.1286E+00  0.1316E+02  0.2468E+01  0.1110E+02  0.1110E+02
  0.1295E+00  0.8536E+01  0.2418E+01  0.1069E+02  0.1069E+02
  0.1304E+00  0.1303E+02  0.2410E+01  0.1031E+02  0.1031E+02
  0.1314E+00  0.9005E+01  0.2388E+01  0.9949E+01  0.9949E+01
  0.1323E+00  0.5722E+01  0.2425E+01  0.9615E+01  0.9615E+01
  0.1332E+00  0.6942E+01  0.2374E+01  0.9303E+01  0.9303E+01
  0.1342E+00  0.1050E+02  0.2367E+01  0.9010E+01  0.9010E+01
  0.1351E+00  0.6784E+01  0.2355E+01  0.8738E+01  0.8738E+01
  0.1360E+00  0.5788E+01  0.2492E+01  0.8484E+01  0.8484E+01
  0.1369E+00  0.6990E+01  0.2620E+01  0.8246E+01  0.8246E+01
  0.1379E+00  0.2692E+01  0.2369E+01  0.8025E+01  0.8025E+01
  0.1388E+00  0.5842E+01  0.2355E+01  0.7818E+01  0.7818E+01
  0.1397E+00  0.4422E+01  0.2377E+01  0.7625E+01  0.7625E+01
  0.1407E+00  0.4603E+01  0.2373E+01  0.7445E+01  0.7445E+01
  0.1416E+00  0.7558E+01  0.2332E+01  0.7277E+01  0.7277E+01
  0.1425E+00  0.3184E+01  0.2352E+01  0.7119E+01  0.7119E+01
  0.1434E+00  0.9120E+01  0.2306E+01  0.6972E+01  0.6972E+01
  0.1444E+00  0.6833E+01  0.2306E+01  0.6833E+01  0.6833E+01
  0.1453E+00  0.7576E+01  0.2314E+01  0.6703E+01  0.6703E+01
  0.1462E+00  0.1970E+00  0.2766E+01  0.6581E+01  0.6581E+01
  0.1472E+00  0.2242E+01  0.2400E+01  0.6465E+01  0.6465E+01
  0.1481E+00  0.3912E+01  0.2284E+01  0.6355E+01  0.6355E+01
  0.1490E+00  0.1214E+01  0.2272E+01  0.6251E+01  0.6251E+01
  0.1499E+00  0.3231E+01  0.2331E+01  0.6152E+01  0.6152E+01
  0.1509E+00  0.4966E+01  0.2295E+01  0.6058E+01  0.6058E+01
  0.1518E+00  0.5565E+01  0.2355E+01  0.5967E+01  0.5967E+01
  0.1527E+00  0.3946E+01  0.2242E+01  0.5880E+01  0.5880E+01
  0.1537E+00  0.7259E+01  0.2309E+01  0.5797E+01  0.5797E+01
  0.1546E+00  0.1004E+02  0.2284E+01  0.5716E+01  0.5716E+01
  0.1555E+00  0.8347E+01  0.2265E+01  0.5638E+01  0.5638E+01
  0.1565E+00  0.3797E+01  0.2242E+01  0.5563E+01  0.5563E+01
  0.1574E+00  0.5085E+01  0.2217E+01  0.5489E+01  0.5489E+01
  0.1583E+00  0.7421E+01  0.2260E+01  0.5418E+01  0.5418E+01
  0.1592E+00  0.2878E+01  0.2204E+01  0.5348E+01  0.5348E+01
  0.1602E+00  0.2722E+01  0.2222E+01  0.5281E+01  0.5281E+01
  0.1611E+00  0.6203E+01  0.2206E+01  0.5214E+01  0.5214E+01
  0.1620E+00  0.7114E+01  0.2181E+01  0.5150E+01  0.5150E+01
  0.1630E+00  0.6609E+01  0.2175E+01  0.5087E+01  0.5087E+01
  0.1639E+00  0.5003E+01  0.2164E+01  0.5025E+01  0.5025E+01
  0.1648E+00  0.1860E+01  0.2210E+01  0.4966E+01  0.4966E+01
  0.1657E+00  0.2102E+01  0.2218E+01  0.4907E+01  0.4907E+01
  0.1667E+00  0.6867E+01  0.2173E+01  0.4851E+01  0.4851E+01
  0.1676E+00  0.5969E+01  0.2232E+01  0.4796E+01  0.4796E+01
  0.1685E+00  0.5853E+01  0.2190E+01  0.4742E+01  0.4742E+01
  0.1695E+00  0.1907E+01  0.2237E+01  0.4690E+01  0.4690E+01
  0.1704E+00  0.4141E+01  0.2187E+01  0.4640E+01  0.4640E+01
  0.1713E+00  0.8239E+01  0.2207E+01  0.4592E+01  0.4592E+01
  0.1723E+00  0.5318E+01  0.2288E+01  0.4546E+01  0.4546E+01
  0.1732E+00  0.4598E+01  0.2201E+01  0.4502E+01  0.4502E+01
  0.1741E+00  0.6803E+01  0.2166E+01  0.4459E+01  0.4459E+01
  0.1750E+00  0.7906E+01  0.2147E+01  0.4419E+01  0.4419E+01
  0.1760E+00  0.5741E+01  0.2182E+01  0.4381E+01  0.4381E+01
  0.1769E+00  0.4309E+01  0.2107E+01  0.4345E+01  0.4345E+01
  0.1778E+00  0.3660E+01  0.2086E+01  0.4311E+01  0.4311E+01
  0.1788E+00 -0.1495E+01  0.2089E+01  0.4279E+01  0.4279E+01
  0.1797E+00  0.1708E+01  0.2206E+01  0.4250E+01  0.4250E+01
  0.1806E+00  0.3621E+01  0.2093E+01  0.4222E+01  0.4222E+01
  0.1815E+00  0.4901E+00  0.2098E+01  0.4197E+01  0.4197E+01
  0.1825E+00 -0.4540E+00  0.2100E+01  0.4173E+01  0.4173E+01
  0.1834E+00  0.3348E+01  0.2092E+01  0.4152E+01  0.4152E+01
  0.1843E+00  0.6051E+01  0.2047E+01  0.4132E+01  0.4132E+01
  0.1853E+00  0.4214E+01  0.2100E+01  0.4115E+01  0.4115E+01
  0.1862E+00  0.4662E+01  0.2066E+01  0.4099E+01  0.4099E+01
  0.1871E+00  0.2238E+01  0.2188E+01  0.4085E+01  0.4085E+01
  0.1880E+00  0.2437E+01  0.2035E+01  0.4072E+01  0.4072E+01
  0.1890E+00  0.4999E+01  0.2051E+01  0.4061E+01  0.4061E+01
  0.1899E+00  0.9500E+00  0.2050E+01  0.4051E+01  0.4051E+01
  0.1908E+00  0.4680E+00  0.2037E+01  0.4043E+01  0.4043E+01
  0.1918E+00  0.7186E+01  0.2051E+01  0.4035E+01  0.4035E+01
  0.1927E+00  0.5296E+01  0.2029E+01  0.4029E+01  0.4029E+01
  0.1936E+00  0.8800E+00  0.2040E+01  0.4023E+01  0.4023E+01
  0.1946E+00  0.3220E+00  0.2040E+01  0.4018E+01  0.4018E+01
  0.1955E+00  0.4093E+01  0.1996E+01  0.4013E+01  0.4013E+01
  0.1964E+00  0.3652E+01  0.2017E+01  0.4009E+01  0.4009E+01
  0.1973E+00  0.1481E+01  0.1982E+01  0.4005E+01  0.4005E+01
  0.1983E+00  0.6181E+01  0.2049E+01  0.4001E+01  0.4001E+01
  0.1992E+00  0.5530E+01  0.2051E+01  0.3997E+01  0.3997E+01
  0.2001E+00  0.2658E+01  0.2004E+01  0.3992E+01  0.3992E+01
  0.2011E+00  0.1936E+01  0.2025E+01  0.3987E+01  0.3987E+01
  0.2020E+00  0.7114E+01  0.1987E+01  0.3982E+01  0.3982E+01
  0.2029E+00  0.5237E+01  0.2057E+01  0.3976E+01  0.3976E+01
  0.2038E+00  0.3640E+01  0.2046E+01  0.3969E+01  0.3969E+01
  0.2048E+00  0.4382E+01  0.1991E+01  0.3961E+01  0.3961E+01
  0.2057E+00 -0.4470E+00  0.1981E+01  0.3952E+01  0.3952E+01
  0.2066E+00  0.2013E+01  0.1972E+01  0.3942E+01  0.3942E+01
  0.2076E+00  0.9006E+01  0.1997E+01  0.3931E+01  0.3931E+01
  0.2085E+00  0.5634E+01  0.1971E+01  0.3918E+01  0.3918E+01
  0.2094E+00  0.4667E+01  0.1972E+01  0.3905E+01  0.3905E+01
  0.2104E+00  0.6535E+01  0.1989E+01  0.3890E+01  0.3890E+01
  0.2113E+00  0.6998E+01  0.1977E+01  0.3873E+01  0.3873E+01
  0.2122E+00  0.9156E+01  0.1951E+01  0.3855E+01  0.3855E+01
  0.2131E+00  0.7363E+01  0.1926E+01  0.3835E+01  0.3835E+01
  0.2141E+00  0.9480E+01  0.1918E+01  0.3814E+01  0.3814E+01
  0.2150E+00  0.7161E+01  0.1912E+01  0.3792E+01  0.3792E+01
  0.2159E+00  0.1976E+01  0.1878E+01  0.3768E+01  0.3768E+01
  0.2169E+00  0.4440E+01  0.1933E+01  0.3743E+01  0.3743E+01
  0.2178E+00  0.1802E+01  0.1907E+01  0.3716E+01  0.3716E+01
  0.2187E+00  0.6095E+01  0.1872E+01  0.3688E+01  0.3688E+01
  0.2196E+00  0.4098E+01  0.1872E+01  0.3658E+01  0.3658E+01
  0.2206E+00  0.8194E+01  0.1895E+01  0.3628E+01  0.3628E+01
  0.2215E+00  0.7026E+01  0.1876E+01  0.3596E+01  0.3596E+01
  0.2224E+00  0.7617E+01  0.1876E+01  0.3563E+01  0.3563E+01
  0.2234E+00  0.5131E+01  0.1873E+01  0.3529E+01  0.3529E+01
  0.2243E+00  0.1398E+01  0.1834E+01  0.3495E+01  0.3495E+01
  0.2252E+00  0.2245E+01  0.1846E+01  0.3459E+01  0.3459E+01
  0.2262E+00  0.5010E+00  0.1835E+01  0.3423E+01  0.3423E+01
  0.2271E+00  0.4177E+01  0.1865E+01  0.3386E+01  0.3386E+01
  0.2280E+00  0.3713E+01  0.1935E+01  0.3349E+01  0.3349E+01
  0.2289E+00  0.3614E+01  0.1885E+01  0.3311E+01  0.3311E+01
  0.2299E+00  0.2473E+01  0.1905E+01  0.3273E+01  0.3273E+01
  0.2308E+00 -0.1130E+00  0.1920E+01  0.3234E+01  0.3234E+01
  0.2317E+00  0.9410E+00  0.1911E+01  0.3196E+01  0.3196E+01
  0.2327E+00  0.6415E+01  0.1939E+01  0.3157E+01  0.3157E+01
  0.2336E+00  0.5710E+00  0.1924E+01  0.3119E+01  0.3119E+01
  0.2345E+00  0.4264E+01  0.1962E+01  0.3081E+01  0.3081E+01
  0.2354E+00  0.2903E+01  0.1927E+01  0.3044E+01  0.3044E+01
  0.2364E+00  0.3121E+01  0.1943E+01  0.3006E+01  0.3006E+01
  0.2373E+00  0.5730E+00  0.1884E+01  0.2969E+01  0.2969E+01
  0.2382E+00  0.3621E+01  0.1889E+01  0.2933E+01  0.2933E+01
  0.2392E+00  0.5392E+01  0.1910E+01  0.2897E+01  0.2897E+01
  0.2401E+00  0.3558E+01  0.1871E+01  0.2862E+01  0.2862E+01
  0.2410E+00  0.5139E+01  0.1916E+01  0.2828E+01  0.2828E+01
  0.2420E+00 -0.7599E-01  0.1927E+01  0.2795E+01  0.2795E+01
  0.2429E+00 -0.9610E+00  0.1935E+01  0.2762E+01  0.2762E+01
  0.2438E+00  0.1873E+01  0.1926E+01  0.2730E+01  0.2730E+01
  0.2447E+00  0.2516E+01  0.1898E+01  0.2699E+01  0.2699E+01
  0.2457E+00  0.4430E+01  0.1921E+01  0.2670E+01  0.2670E+01
  0.2466E+00  0.2323E+01  0.1909E+01  0.2641E+01  0.2641E+01
  0.2475E+00  0.2877E+01  0.1906E+01  0.2613E+01  0.2613E+01
  0.2485E+00 -0.1754E+01  0.1877E+01  0.2586E+01  0.2586E+01
  0.2494E+00  0.8280E+00  0.1907E+01  0.2559E+01  0.2559E+01
  0.2503E+00 -0.2075E+01  0.1914E+01  0.2534E+01  0.2534E+01
  0.2512E+00 -0.2140E+01  0.1873E+01  0.2510E+01  0.2510E+01
  0.2522E+00 -0.1060E+00  0.1958E+01  0.2487E+01  0.2487E+01
  0.2531E+00  0.5515E+01  0.1903E+01  0.2464E+01  0.2464E+01
  0.2540E+00  0.5518E+01  0.1891E+01  0.2443E+01  0.2443E+01
  0.2550E+00  0.5505E+01  0.1890E+01  0.2422E+01  0.2422E+01
  0.2559E+00  0.5260E+01  0.1915E+01  0.2402E+01  0.2402E+01
  0.2568E+00  0.7030E+01  0.1919E+01  0.2383E+01  0.2383E+01
  0.2577E+00 -0.1090E+01  0.1905E+01  0.2364E+01  0.2364E+01
  0.2587E+00 -0.1800E+00  0.1921E+01  0.2347E+01  0.2347E+01
  0.2596E+00  0.1786E+01  0.1882E+01  0.2329E+01  0.2329E+01
  0.2605E+00  0.1046E+01  0.1869E+01  0.2313E+01  0.2313E+01
  0.2615E+00  0.5660E+00  0.1881E+01  0.2296E+01  0.2296E+01
  0.2624E+00  0.5403E+01  0.1867E+01  0.2281E+01  0.2281E+01
  0.2633E+00  0.7393E+01  0.1888E+01  0.2266E+01  0.2266E+01
  0.2643E+00  0.4036E+01  0.1871E+01  0.2250E+01  0.2250E+01
  0.2652E+00 -0.3302E-01  0.1845E+01  0.2236E+01  0.2236E+01
  0.2661E+00 -0.1009E+01  0.1872E+01  0.2221E+01  0.2221E+01
  0.2670E+00  0.3134E+01  0.1857E+01  0.2207E+01  0.2207E+01
  0.2680E+00  0.2645E+01  0.1902E+01  0.2193E+01  0.2193E+01
  0.2689E+00  0.2788E+01  0.1848E+01  0.2179E+01  0.2179E+01
  0.2698E+00 -0.1120E+00  0.1871E+01  0.2165E+01  0.2165E+01
  0.2708E+00  0.2664E+01  0.1900E+01  0.2152E+01  0.2152E+01
  0.2717E+00  0.4291E+01  0.1821E+01  0.2138E+01  0.2138E+01
  0.2726E+00  0.3456E+01  0.1869E+01  0.2124E+01  0.2124E+01
  0.2735E+00  0.3592E+01  0.1874E+01  0.2111E+01  0.2111E+01
  0.2745E+00  0.5773E+01  0.1916E+01  0.2097E+01  0.2097E+01
  0.2754E+00  0.3310E+01  0.1895E+01  0.2083E+01  0.2083E+01
  0.2763E+00 -0.1077E+01  0.1868E+01  0.2069E+01  0.2069E+01
  0.2773E+00  0.5880E+00  0.1891E+01  0.2055E+01  0.2055E+01
  0.2782E+00  0.1594E+01  0.1918E+01  0.2041E+01  0.2041E+01
  0.2791E+00  0.1398E+01  0.1889E+01  0.2027E+01  0.2027E+01
  0.2801E+00  0.4076E+01  0.1885E+01  0.2012E+01  0.2012E+01
  0.2810E+00 -0.2946E+01  0.1891E+01  0.1998E+01  0.1998E+01
  0.2819E+00  0.1594E+01  0.1895E+01  0.1984E+01  0.1984E+01
  0.2828E+00  0.3970E+00  0.1923E+01  0.1969E+01  0.1969E+01
  0.2838E+00 -0.3106E+01  0.1949E+01  0.1954E+01  0.1954E+01
  0.2847E+00  0.1900E+00  0.1961E+01  0.1940E+01  0.1940E+01
  0.2856E+00  0.2076E+01  0.2004E+01  0.1925E+01  0.1925E+01
  0.2866E+00  0.3214E+01  0.2015E+01  0.1910E+01  0.1910E+01
  0.2875E+00  0.1154E+01  0.1978E+01  0.1896E+01  0.1896E+01
  0.2884E+00  0.3969E+01  0.2016E+01  0.1881E+01  0.1881E+01
  0.2893E+00  0.6073E+01  0.2042E+01  0.1866E+01  0.1866E+01
  0.2903E+00  0.1154E+01  0.2094E+01  0.1852E+01  0.1852E+01
  0.2912E+00  0.1265E+01  0.2047E+01  0.1838E+01  0.1838E+01
  0.2921E+00  0.2736E+01  0.2059E+01  0.1823E+01  0.1823E+01
  0.2931E+00  0.2290E+01  0.2138E+01  0.1809E+01  0.1809E+01
  0.2940E+00 -0.1652E+01  0.2106E+01  0.1795E+01  0.1795E+01
  0.2949E+00 -0.1623E+01  0.2126E+01  0.1781E+01  0.1781E+01
  0.2958E+00 -0.3387E+01  0.2121E+01  0.1768E+01  0.1768E+01
  0.2968E+00  0.5220E+00  0.2146E+01  0.1755E+01  0.1755E+01
  0.2977E+00  0.4705E+01  0.2173E+01  0.1742E+01  0.1742E+01
  0.2986E+00  0.2616E+01  0.2207E+01  0.1729E+01  0.1729E+01
  0.2996E+00  0.1035E+01  0.2166E+01  0.1717E+01  0.1717E+01
  0.3005E+00  0.3057E+01  0.2170E+01  0.1705E+01  0.1705E+01
  0.3014E+00  0.2619E+01  0.2218E+01  0.1693E+01  0.1693E+01
  0.3024E+00  0.3325E+01  0.2273E+01  0.1682E+01  0.1682E+01
  0.3033E+00  0.6079E+01  0.2227E+01  0.1671E+01  0.1671E+01
  0.3042E+00  0.5779E+01  0.2247E+01  0.1661E+01  0.1661E+01
  0.3051E+00  0.2024E+01  0.2184E+01  0.1651E+01  0.1651E+01
  0.3061E+00  0.1635E+01  0.2238E+01  0.1641E+01  0.1641E+01
  0.3070E+00  0.1812E+01  0.2238E+01  0.1632E+01  0.1632E+01
  0.3079E+00 -0.2130E+00  0.2223E+01  0.1624E+01  0.1624E+01
  0.3089E+00 -0.2635E+01  0.2240E+01  0.1615E+01  0.1615E+01
  0.3098E+00 -0.4047E+01  0.2298E+01  0.1607E+01  0.1607E+01
  0.3107E+00  0.1810E+01  0.2379E+01  0.1600E+01  0.1600E+01
  0.3116E+00  0.1560E+01  0.2325E+01  0.1593E+01  0.1593E+01
  0.3126E+00  0.5800E+00  0.2347E+01  0.1587E+01  0.1587E+01
  0.3135E+00  0.1015E+01  0.2335E+01  0.1580E+01  0.1580E+01
  0.3144E+00  0.6010E+00  0.2360E+01  0.1575E+01  0.1575E+01
  0.3154E+00  0.2504E+01  0.2387E+01  0.1569E+01  0.1569E+01
  0.3163E+00  0.1071E+00  0.2310E+01  0.1564E+01  0.1564E+01
  0.3172E+00 -0.1713E+01  0.2351E+01  0.1559E+01  0.1559E+01
  0.3182E+00 -0.1803E+01  0.2405E+01  0.1555E+01  0.1555E+01
  0.3191E+00  0.3736E+01  0.2382E+01  0.1551E+01  0.1551E+01
  0.3200E+00  0.5806E+01  0.2418E+01  0.1547E+01  0.1547E+01
  0.3209E+00  0.2650E+00  0.2418E+01  0.1543E+01  0.1543E+01
  0.3219E+00 -0.4090E+01  0.2436E+01  0.1540E+01  0.1540E+01
  0.3228E+00 -0.1909E+01  0.2459E+01  0.1537E+01  0.1537E+01
  0.3237E+00  0.2148E+01  0.2393E+01  0.1534E+01  0.1534E+01
  0.3247E+00  0.2176E+01  0.2388E+01  0.1531E+01  0.1531E+01
  0.3256E+00 -0.3248E+01  0.2446E+01  0.1529E+01  0.1529E+01
  0.3265E+00 -0.1588E+01  0.2462E+01  0.1526E+01  0.1526E+01
  0.3274E+00 -0.4320E+00  0.2514E+01  0.1524E+01  0.1524E+01
  0.3284E+00  0.1632E+01  0.2551E+01  0.1522E+01  0.1522E+01
  0.3293E+00  0.1209E+02  0.2552E+01  0.1519E+01  0.1519E+01
  0.3302E+00  0.4066E+01  0.2494E+01  0.1517E+01  0.1517E+01
  0.3312E+00 -0.9971E+01  0.2595E+01  0.1515E+01  0.1515E+01
  0.3321E+00 -0.9030E+01  0.2500E+01  0.1513E+01  0.1513E+01
  0.3330E+00 -0.1390E+01  0.2580E+01  0.1511E+01  0.1511E+01
  0.3340E+00 -0.1761E+01  0.2595E+01  0.1508E+01  0.1508E+01
  0.3349E+00  0.3028E+01  0.2504E+01  0.1506E+01  0.1506E+01
  0.3358E+00  0.1650E+01  0.2557E+01  0.1504E+01  0.1504E+01
  0.3367E+00 -0.2865E+01  0.2527E+01  0.1501E+01  0.1501E+01
  0.3377E+00 -0.5601E+01  0.2582E+01  0.1499E+01  0.1499E+01
  0.3386E+00  0.4405E+01  0.2638E+01  0.1496E+01  0.1496E+01
  0.3395E+00  0.4489E+01  0.2579E+01  0.1494E+01  0.1494E+01
  0.3405E+00  0.7394E+01  0.2617E+01  0.1491E+01  0.1491E+01
  0.3414E+00  0.1001E-01  0.2650E+01  0.1488E+01  0.1488E+01
  0.3423E+00  0.1217E+01  0.2701E+01  0.1485E+01  0.1485E+01
  0.3432E+00  0.3107E+01  0.2720E+01  0.1481E+01  0.1481E+01
  0.3442E+00  0.2510E+01  0.2701E+01  0.1478E+01  0.1478E+01
  0.3451E+00  0.1357E+01  0.2724E+01  0.1474E+01  0.1474E+01
  0.3460E+00  0.5897E+01  0.2668E+01  0.1471E+01  0.1471E+01
  0.3470E+00  0.5899E+01  0.2723E+01  0.1467E+01  0.1467E+01
  0.3479E+00  0.2782E+01  0.2687E+01  0.1463E+01  0.1463E+01
  0.3488E+00  0.8910E+01  0.2746E+01  0.1459E+01  0.1459E+01
  0.3497E+00  0.1031E+02  0.2951E+01  0.1454E+01  0.1454E+01
  0.3507E+00  0.1442E+01  0.2752E+01  0.1450E+01  0.1450E+01
  0.3516E+00  0.7155E+01  0.2726E+01  0.1445E+01  0.1445E+01
  0.3525E+00  0.8054E+01  0.2741E+01  0.1440E+01  0.1440E+01
  0.3535E+00  0.9432E+01  0.2842E+01  0.1435E+01  0.1435E+01
  0.3544E+00  0.6889E+01  0.2797E+01  0.1430E+01  0.1430E+01
  0.3553E+00  0.9184E+01  0.2776E+01  0.1425E+01  0.1425E+01
  0.3563E+00  0.3017E+01  0.2829E+01  0.1420E+01  0.1420E+01
  0.3572E+00  0.5419E+01  0.2817E+01  0.1414E+01  0.1414E+01
  0.3581E+00  0.6826E+01  0.2879E+01  0.1409E+01  0.1409E+01
  0.3590E+00  0.2225E+01  0.2942E+01  0.1403E+01  0.1403E+01
  0.3600E+00  0.1519E+01  0.2895E+01  0.1397E+01  0.1397E+01
  0.3609E+00  0.3020E+00  0.2937E+01  0.1391E+01  0.1391E+01
  0.3618E+00 -0.2521E+01  0.2867E+01  0.1385E+01  0.1385E+01
  0.3628E+00  0.2580E+01  0.2912E+01  0.1379E+01  0.1379E+01
  0.3637E+00  0.1000E+01  0.2831E+01  0.1373E+01  0.1373E+01
  0.3646E+00 -0.1260E+01  0.2873E+01  0.1367E+01  0.1367E+01

           Distance distribution  function of particle  


       R          P(R)      ERROR

  0.0000E+00  0.0000E+00  0.0000E+00
  0.1154E+01  0.1834E-01  0.1073E-02
  0.2308E+01  0.3956E-01  0.1645E-02
  0.3462E+01  0.6371E-01  0.1798E-02
  0.4616E+01  0.9091E-01  0.1673E-02
  0.5770E+01  0.1212E+00  0.1493E-02
  0.6924E+01  0.1548E+00  0.1532E-02
  0.8078E+01  0.1914E+00  0.1872E-02
  0.9232E+01  0.2312E+00  0.2336E-02
  0.1039E+02  0.2736E+00  0.2750E-02
  0.1154E+02  0.3185E+00  0.3033E-02
  0.1269E+02  0.3652E+00  0.3165E-02
  0.1385E+02  0.4132E+00  0.3182E-02
  0.1500E+02  0.4618E+00  0.3153E-02
  0.1616E+02  0.5102E+00  0.3158E-02
  0.1731E+02  0.5578E+00  0.3254E-02
  0.1846E+02  0.6039E+00  0.3444E-02
  0.1962E+02  0.6479E+00  0.3687E-02
  0.2077E+02  0.6895E+00  0.3932E-02
  0.2193E+02  0.7281E+00  0.4138E-02
  0.2308E+02  0.7636E+00  0.4289E-02
  0.2423E+02  0.7958E+00  0.4384E-02
  0.2539E+02  0.8244E+00  0.4435E-02
  0.2654E+02  0.8494E+00  0.4452E-02
  0.2770E+02  0.8707E+00  0.4444E-02
  0.2885E+02  0.8879E+00  0.4415E-02
  0.3000E+02  0.9010E+00  0.4373E-02
  0.3116E+02  0.9096E+00  0.4329E-02
  0.3231E+02  0.9137E+00  0.4301E-02
  0.3347E+02  0.9129E+00  0.4307E-02
  0.3462E+02  0.9071E+00  0.4355E-02
  0.3577E+02  0.8963E+00  0.4441E-02
  0.3693E+02  0.8805E+00  0.4545E-02
  0.3808E+02  0.8600E+00  0.4641E-02
  0.3924E+02  0.8352E+00  0.4710E-02
  0.4039E+02  0.8065E+00  0.4741E-02
  0.4154E+02  0.7747E+00  0.4739E-02
  0.4270E+02  0.7404E+00  0.4722E-02
  0.4385E+02  0.7044E+00  0.4716E-02
  0.4501E+02  0.6674E+00  0.4745E-02
  0.4616E+02  0.6302E+00  0.4825E-02
  0.4731E+02  0.5933E+00  0.4958E-02
  0.4847E+02  0.5573E+00  0.5139E-02
  0.4962E+02  0.5225E+00  0.5355E-02
  0.5078E+02  0.4891E+00  0.5591E-02
  0.5193E+02  0.4573E+00  0.5837E-02
  0.5308E+02  0.4271E+00  0.6081E-02
  0.5424E+02  0.3984E+00  0.6312E-02
  0.5539E+02  0.3712E+00  0.6518E-02
  0.5655E+02  0.3455E+00  0.6687E-02
  0.5770E+02  0.3212E+00  0.6807E-02
  0.5885E+02  0.2982E+00  0.6874E-02
  0.6001E+02  0.2767E+00  0.6885E-02
  0.6116E+02  0.2566E+00  0.6850E-02
  0.6232E+02  0.2380E+00  0.6783E-02
  0.6347E+02  0.2211E+00  0.6704E-02
  0.6462E+02  0.2057E+00  0.6634E-02
  0.6578E+02  0.1920E+00  0.6592E-02
  0.6693E+02  0.1797E+00  0.6591E-02
  0.6809E+02  0.1689E+00  0.6633E-02
  0.6924E+02  0.1594E+00  0.6711E-02
  0.7039E+02  0.1509E+00  0.6814E-02
  0.7155E+02  0.1433E+00  0.6926E-02
  0.7270E+02  0.1364E+00  0.7035E-02
  0.7386E+02  0.1300E+00  0.7131E-02
  0.7501E+02  0.1242E+00  0.7207E-02
  0.7616E+02  0.1188E+00  0.7258E-02
  0.7732E+02  0.1138E+00  0.7281E-02
  0.7847E+02  0.1093E+00  0.7270E-02
  0.7963E+02  0.1054E+00  0.7223E-02
  0.8078E+02  0.1022E+00  0.7137E-02
  0.8193E+02  0.9957E-01  0.7012E-02
  0.8309E+02  0.9766E-01  0.6853E-02
  0.8424E+02  0.9638E-01  0.6672E-02
  0.8540E+02  0.9559E-01  0.6488E-02
  0.8655E+02  0.9511E-01  0.6322E-02
  0.8770E+02  0.9471E-01  0.6200E-02
  0.8886E+02  0.9414E-01  0.6145E-02
  0.9001E+02  0.9313E-01  0.6170E-02
  0.9117E+02  0.9144E-01  0.6281E-02
  0.9232E+02  0.8890E-01  0.6471E-02
  0.9347E+02  0.8539E-01  0.6723E-02
  0.9463E+02  0.8088E-01  0.7018E-02
  0.9578E+02  0.7542E-01  0.7331E-02
  0.9694E+02  0.6913E-01  0.7636E-02
  0.9809E+02  0.6222E-01  0.7910E-02
  0.9924E+02  0.5492E-01  0.8129E-02
  0.1004E+03  0.4748E-01  0.8271E-02
  0.1016E+03  0.4015E-01  0.8320E-02
  0.1027E+03  0.3314E-01  0.8263E-02
  0.1039E+03  0.2664E-01  0.8091E-02
  0.1050E+03  0.2077E-01  0.7802E-02
  0.1062E+03  0.1562E-01  0.7396E-02
  0.1073E+03  0.1123E-01  0.6878E-02
  0.1085E+03  0.7587E-02  0.6250E-02
  0.1096E+03  0.4677E-02  0.5515E-02
  0.1108E+03  0.2465E-02  0.4671E-02
  0.1119E+03  0.9180E-03  0.3710E-02
  0.1131E+03  0.5696E-05  0.2622E-02
  0.1142E+03 -0.2940E-03  0.1391E-02
  0.1154E+03  0.0000E+00  0.0000E+00
          Reciprocal space: Rg =   30.99     , I(0) =   0.4831E+03
     Real space: Rg =   31.04 +- 0.300  I(0) =   0.4831E+03 +-  0.2848E+01
