
           ####    G N O M   ---   Version 4.5a revised 09/02/02     ####

                                                  Sun Nov  5 12:16:39 2017
           ===    Run No   1   ===
 Run title:  0.000330941 0 0


  Number of points omitted at the end:         146
   *******   Working Directory :
   *******    Input file(s) : 24697_01D_S114_0_01.sub
           Condition P(rmin) = 0 is used. 
           Condition P(rmax) = 0 is used. 

          Experimental conditions for the first run
          -----------------------------------------

          Highest ALPHA is found to be   0.4682E+02

  The measure of inconsistency AN1 equals to    0.1130E+01

          Warning: using the chosen range in the real space 
             it is not possible to fit the data set within the
             given error band. 
     Alpha    Discrp  Oscill  Stabil  Sysdev  Positv  Valcen    Total   
  0.4682E+05 27.2353  1.1492  0.9356  0.2446  1.0000  0.8661  0.00001
  0.9364E+04 22.5738  1.1451  0.7684  0.4748  1.0000  0.8677  0.00001
  0.1873E+04 12.9648  1.1361  0.4161  0.3022  1.0000  0.8732  0.00001
  0.3745E+03  5.7167  1.1715  0.1477  0.3261  1.0000  0.8810  0.00001
  0.7491E+02  2.3103  1.3203  0.0831  0.5372  1.0000  0.8831  0.44608
  0.1498E+02  0.9277  1.4522  0.0356  0.7386  1.0000  0.8838  0.57583
  0.2996E+01  0.6519  1.5116  0.0130  0.7866  1.0000  0.8840  0.57303
  0.5993E+00  0.6226  1.5394  0.0079  0.7962  1.0000  0.8842  0.56900
  0.1199E+00  0.6185  1.5598  0.0066  0.8058  1.0000  0.8842  0.57043
  0.2397E-01  0.6176  1.5851  0.0112  0.7962  1.0000  0.8839  0.58455
  0.4794E-02  0.6167  1.7430  0.0428  0.7962  1.0000  0.8814  0.57354
  0.9588E-03  0.6137  3.4192  0.1656  0.7962  0.9992  0.8675  0.10000
  0.1918E-03  0.6031 10.2954  0.4802  0.7866  0.9635  0.7278  0.10000
  0.3835E-04  0.5825 15.8025  0.4365  0.7914  0.8615  0.3962  0.10000
  0.7671E-05  0.5720 17.2916  0.1534  0.8010  0.8118  0.3304  0.10000
  0.1534E-05  0.5702 19.7796  0.2642  0.8106  0.7912  0.2877  0.10000
  0.3068E-06  0.5692 25.2964  0.5657  0.7914  0.7622  0.2268  0.10000
  0.6136E-07  0.5675 23.6826  0.9770  0.8010  0.7505  0.2749  0.10000
  0.1227E-07  0.5632 20.8160  0.7003  0.8010  0.7252  0.2747  0.10000
  0.2455E-08  0.5582 21.6058  0.4547  0.8010  0.7225  0.2991  0.10000
  0.4909E-09  0.5525 25.9229  0.7925  0.7818  0.6987  0.2984  0.10000
  0.9818E-10  0.5354 28.6178  0.7813  0.8106  0.6737  0.2621  0.10000
  0.1964E-10  0.4899 32.5955  0.6772  0.8201  0.6854  0.2708  0.10000
  0.3927E-11  0.3921 38.8945  0.5598  0.8297  0.6834  0.3083  0.10000
  0.7855E-12  0.2386 45.5032  0.4054  0.7818  0.6719  0.2788  0.10000
  0.1571E-12  0.0972 49.4234  0.2148  0.7530  0.6689  0.2478  0.10000
  0.3142E-13  0.0272 50.9282  0.0809  0.7626  0.6748  0.2424  0.10000
  0.6284E-14  0.0060 51.3201  0.0201  0.7626  0.6785  0.2543  0.10000
  0.1257E-14  0.0012 51.4037  0.0042  0.7626  0.6794  0.2617  0.10000
  0.2513E-15  0.0002 51.4205  0.0009  0.7626  0.6796  0.2632  0.10000
  0.5027E-16  0.0001 51.4240  0.0002  0.7626  0.6797  0.2635  0.10000

          ***  Golden section search to maximize estimate ***
     Alpha    Discrp  Oscill  Stabil  Sysdev  Positv  Valcen    Total   
  0.1296E-01  0.6174  1.6083  0.0182  0.7962  1.0000  0.8834  0.61620
  0.8865E-02  0.6172  1.6371  0.0252  0.7962  1.0000  0.8828  0.65250
  0.7010E-02  0.6170  1.6657  0.0309  0.7962  1.0000  0.8824  0.68307
  0.6063E-02  0.6169  1.6898  0.0350  0.7962  1.0000  0.8821  0.64323
  0.7668E-02  0.6171  1.6535  0.0286  0.7962  1.0000  0.8826  0.67205
  0.6632E-02  0.6170  1.6743  0.0324  0.7962  1.0000  0.8823  0.66823
  0.7254E-02  0.6171  1.6608  0.0300  0.7962  1.0000  0.8825  0.68055
  0.6863E-02  0.6170  1.6689  0.0314  0.7962  1.0000  0.8824  0.67746
  0.7102E-02  0.6170  1.6638  0.0305  0.7962  1.0000  0.8824  0.68395
  0.7160E-02  0.6170  1.6627  0.0303  0.7962  1.0000  0.8825  0.68264
  0.7067E-02  0.6170  1.6645  0.0307  0.7962  1.0000  0.8824  0.68477
  0.7045E-02  0.6170  1.6650  0.0307  0.7962  1.0000  0.8824  0.68438
  0.7067E-02  0.6170  1.6645  0.0307  0.7962  1.0000  0.8824  0.68477



             ####            Final results            ####

 Parameter    DISCRP    OSCILL    STABIL    SYSDEV    POSITV    VALCEN
 Weight        1.000     3.000     3.000     4.000     1.000     1.000
 Sigma         0.500     0.600     0.120     0.200     0.120     0.120
 Ideal         1.000     1.100     0.000     1.000     1.000     0.950
 Current       0.617     1.665     0.031     0.796     1.000     0.882
                - - - - - - - - - - - - - - - - - - - - - - - - - 
 Estimate      0.556     0.413     0.937     0.354     1.000     0.728

  Angular   range    :     from    0.0078   to    0.3953
  Real space range   :     from      0.00   to    106.30

  Highest ALPHA (theor) :   0.468E+05                 JOB = 0
  Current ALPHA         :   0.707E-02   Rg :  0.314E+02   I(0) :   0.693E+03

           Total  estimate : 0.685  which is  A REASONABLE  solution

      S          J EXP       ERROR       J REG       I REG

  0.0000E+00                                      0.6932E+03
  0.9707E-03                                      0.6930E+03
  0.1941E-02                                      0.6923E+03
  0.2912E-02                                      0.6913E+03
  0.3883E-02                                      0.6898E+03
  0.4853E-02                                      0.6878E+03
  0.5824E-02                                      0.6855E+03
  0.6795E-02                                      0.6828E+03
  0.7765E-02  0.6270E+03  0.4892E+02  0.6796E+03  0.6796E+03
  0.8695E-02  0.6323E+03  0.9052E+02  0.6762E+03  0.6762E+03
  0.9624E-02  0.6791E+03  0.4969E+02  0.6724E+03  0.6724E+03
  0.1055E-01  0.7081E+03  0.3937E+02  0.6683E+03  0.6683E+03
  0.1148E-01  0.6622E+03  0.2877E+02  0.6639E+03  0.6639E+03
  0.1241E-01  0.6454E+03  0.2171E+02  0.6591E+03  0.6591E+03
  0.1334E-01  0.6844E+03  0.1550E+02  0.6540E+03  0.6540E+03
  0.1427E-01  0.6573E+03  0.1561E+02  0.6486E+03  0.6486E+03
  0.1520E-01  0.6213E+03  0.1364E+02  0.6428E+03  0.6428E+03
  0.1613E-01  0.6417E+03  0.1142E+02  0.6368E+03  0.6368E+03
  0.1706E-01  0.6370E+03  0.1039E+02  0.6305E+03  0.6305E+03
  0.1799E-01  0.6308E+03  0.9111E+01  0.6239E+03  0.6239E+03
  0.1892E-01  0.6269E+03  0.8925E+01  0.6170E+03  0.6170E+03
  0.1985E-01  0.6177E+03  0.8742E+01  0.6099E+03  0.6099E+03
  0.2078E-01  0.6057E+03  0.8248E+01  0.6026E+03  0.6026E+03
  0.2170E-01  0.5918E+03  0.8725E+01  0.5951E+03  0.5951E+03
  0.2263E-01  0.5740E+03  0.8238E+01  0.5873E+03  0.5873E+03
  0.2356E-01  0.5843E+03  0.7802E+01  0.5793E+03  0.5793E+03
  0.2449E-01  0.5881E+03  0.7476E+01  0.5712E+03  0.5712E+03
  0.2542E-01  0.5583E+03  0.7114E+01  0.5629E+03  0.5629E+03
  0.2635E-01  0.5540E+03  0.7326E+01  0.5544E+03  0.5544E+03
  0.2728E-01  0.5498E+03  0.6708E+01  0.5458E+03  0.5458E+03
  0.2821E-01  0.5396E+03  0.6673E+01  0.5371E+03  0.5371E+03
  0.2914E-01  0.5366E+03  0.6956E+01  0.5283E+03  0.5283E+03
  0.3007E-01  0.5351E+03  0.6292E+01  0.5193E+03  0.5193E+03
  0.3100E-01  0.5085E+03  0.6160E+01  0.5103E+03  0.5103E+03
  0.3193E-01  0.4868E+03  0.6018E+01  0.5012E+03  0.5012E+03
  0.3286E-01  0.4857E+03  0.6121E+01  0.4921E+03  0.4921E+03
  0.3379E-01  0.4711E+03  0.5936E+01  0.4828E+03  0.4828E+03
  0.3472E-01  0.4636E+03  0.6081E+01  0.4736E+03  0.4736E+03
  0.3564E-01  0.4650E+03  0.5952E+01  0.4643E+03  0.4643E+03
  0.3657E-01  0.4564E+03  0.5831E+01  0.4551E+03  0.4551E+03
  0.3750E-01  0.4467E+03  0.5682E+01  0.4458E+03  0.4458E+03
  0.3843E-01  0.4326E+03  0.5567E+01  0.4365E+03  0.4365E+03
  0.3936E-01  0.4194E+03  0.5325E+01  0.4273E+03  0.4273E+03
  0.4029E-01  0.4047E+03  0.5041E+01  0.4181E+03  0.4181E+03
  0.4122E-01  0.4058E+03  0.5222E+01  0.4089E+03  0.4089E+03
  0.4215E-01  0.3966E+03  0.5308E+01  0.3998E+03  0.3998E+03
  0.4308E-01  0.3900E+03  0.5220E+01  0.3908E+03  0.3908E+03
  0.4401E-01  0.3760E+03  0.5057E+01  0.3818E+03  0.3818E+03
  0.4494E-01  0.3666E+03  0.4728E+01  0.3729E+03  0.3729E+03
  0.4587E-01  0.3688E+03  0.4968E+01  0.3641E+03  0.3641E+03
  0.4680E-01  0.3585E+03  0.4714E+01  0.3554E+03  0.3554E+03
  0.4773E-01  0.3427E+03  0.4432E+01  0.3468E+03  0.3468E+03
  0.4865E-01  0.3383E+03  0.4615E+01  0.3383E+03  0.3383E+03
  0.4958E-01  0.3225E+03  0.4389E+01  0.3299E+03  0.3299E+03
  0.5051E-01  0.3174E+03  0.4519E+01  0.3216E+03  0.3216E+03
  0.5144E-01  0.3211E+03  0.4491E+01  0.3134E+03  0.3134E+03
  0.5237E-01  0.3178E+03  0.4381E+01  0.3054E+03  0.3054E+03
  0.5330E-01  0.3084E+03  0.4474E+01  0.2974E+03  0.2974E+03
  0.5423E-01  0.2937E+03  0.4199E+01  0.2897E+03  0.2897E+03
  0.5516E-01  0.2870E+03  0.4387E+01  0.2820E+03  0.2820E+03
  0.5609E-01  0.2728E+03  0.4298E+01  0.2745E+03  0.2745E+03
  0.5702E-01  0.2695E+03  0.4252E+01  0.2671E+03  0.2671E+03
  0.5795E-01  0.2685E+03  0.4226E+01  0.2599E+03  0.2599E+03
  0.5888E-01  0.2639E+03  0.4015E+01  0.2528E+03  0.2528E+03
  0.5981E-01  0.2414E+03  0.4135E+01  0.2458E+03  0.2458E+03
  0.6074E-01  0.2396E+03  0.3938E+01  0.2390E+03  0.2390E+03
  0.6166E-01  0.2261E+03  0.3956E+01  0.2323E+03  0.2323E+03
  0.6259E-01  0.2284E+03  0.3928E+01  0.2258E+03  0.2258E+03
  0.6352E-01  0.2187E+03  0.3850E+01  0.2194E+03  0.2194E+03
  0.6445E-01  0.2136E+03  0.3836E+01  0.2131E+03  0.2131E+03
  0.6538E-01  0.2023E+03  0.3770E+01  0.2070E+03  0.2070E+03
  0.6631E-01  0.2063E+03  0.3850E+01  0.2010E+03  0.2010E+03
  0.6724E-01  0.1976E+03  0.3927E+01  0.1952E+03  0.1952E+03
  0.6817E-01  0.1888E+03  0.3758E+01  0.1895E+03  0.1895E+03
  0.6910E-01  0.1867E+03  0.3874E+01  0.1839E+03  0.1839E+03
  0.7003E-01  0.1738E+03  0.3672E+01  0.1784E+03  0.1784E+03
  0.7096E-01  0.1718E+03  0.3544E+01  0.1731E+03  0.1731E+03
  0.7189E-01  0.1670E+03  0.3497E+01  0.1679E+03  0.1679E+03
  0.7282E-01  0.1552E+03  0.3549E+01  0.1628E+03  0.1628E+03
  0.7375E-01  0.1616E+03  0.3523E+01  0.1579E+03  0.1579E+03
  0.7468E-01  0.1559E+03  0.3387E+01  0.1530E+03  0.1530E+03
  0.7560E-01  0.1432E+03  0.3465E+01  0.1483E+03  0.1483E+03
  0.7653E-01  0.1438E+03  0.3355E+01  0.1437E+03  0.1437E+03
  0.7746E-01  0.1445E+03  0.3445E+01  0.1392E+03  0.1392E+03
  0.7839E-01  0.1388E+03  0.3368E+01  0.1348E+03  0.1348E+03
  0.7932E-01  0.1257E+03  0.3404E+01  0.1305E+03  0.1305E+03
  0.8025E-01  0.1281E+03  0.3307E+01  0.1263E+03  0.1263E+03
  0.8118E-01  0.1242E+03  0.3329E+01  0.1222E+03  0.1222E+03
  0.8211E-01  0.1181E+03  0.3311E+01  0.1182E+03  0.1182E+03
  0.8304E-01  0.1075E+03  0.3258E+01  0.1143E+03  0.1143E+03
  0.8397E-01  0.1085E+03  0.3269E+01  0.1105E+03  0.1105E+03
  0.8490E-01  0.1044E+03  0.3194E+01  0.1068E+03  0.1068E+03
  0.8583E-01  0.1052E+03  0.3084E+01  0.1032E+03  0.1032E+03
  0.8676E-01  0.1053E+03  0.3073E+01  0.9962E+02  0.9962E+02
  0.8769E-01  0.1001E+03  0.3055E+01  0.9617E+02  0.9617E+02
  0.8861E-01  0.8915E+02  0.3079E+01  0.9280E+02  0.9280E+02
  0.8954E-01  0.8403E+02  0.3022E+01  0.8951E+02  0.8951E+02
  0.9047E-01  0.8085E+02  0.3082E+01  0.8631E+02  0.8631E+02
  0.9140E-01  0.8472E+02  0.3095E+01  0.8318E+02  0.8318E+02
  0.9233E-01  0.8079E+02  0.3062E+01  0.8013E+02  0.8013E+02
  0.9326E-01  0.7738E+02  0.3105E+01  0.7716E+02  0.7716E+02
  0.9419E-01  0.7385E+02  0.2953E+01  0.7427E+02  0.7427E+02
  0.9512E-01  0.6744E+02  0.2966E+01  0.7145E+02  0.7145E+02
  0.9605E-01  0.6313E+02  0.3071E+01  0.6870E+02  0.6870E+02
  0.9698E-01  0.6990E+02  0.2995E+01  0.6602E+02  0.6602E+02
  0.9791E-01  0.6560E+02  0.2920E+01  0.6342E+02  0.6342E+02
  0.9884E-01  0.5907E+02  0.2826E+01  0.6088E+02  0.6088E+02
  0.9977E-01  0.6038E+02  0.2905E+01  0.5842E+02  0.5842E+02
  0.1007E+00  0.5623E+02  0.2855E+01  0.5602E+02  0.5602E+02
  0.1016E+00  0.5733E+02  0.2732E+01  0.5369E+02  0.5369E+02
  0.1026E+00  0.5168E+02  0.2737E+01  0.5144E+02  0.5144E+02
  0.1035E+00  0.5163E+02  0.2703E+01  0.4924E+02  0.4924E+02
  0.1044E+00  0.4372E+02  0.2815E+01  0.4712E+02  0.4712E+02
  0.1053E+00  0.4365E+02  0.2624E+01  0.4506E+02  0.4506E+02
  0.1063E+00  0.3791E+02  0.2727E+01  0.4307E+02  0.4307E+02
  0.1072E+00  0.3910E+02  0.2755E+01  0.4113E+02  0.4113E+02
  0.1081E+00  0.3709E+02  0.2749E+01  0.3927E+02  0.3927E+02
  0.1091E+00  0.3573E+02  0.2736E+01  0.3747E+02  0.3747E+02
  0.1100E+00  0.3926E+02  0.2623E+01  0.3573E+02  0.3573E+02
  0.1109E+00  0.4387E+02  0.2744E+01  0.3406E+02  0.3406E+02
  0.1118E+00  0.3837E+02  0.2707E+01  0.3244E+02  0.3244E+02
  0.1128E+00  0.3028E+02  0.2694E+01  0.3089E+02  0.3089E+02
  0.1137E+00  0.3073E+02  0.2690E+01  0.2940E+02  0.2940E+02
  0.1146E+00  0.2720E+02  0.2573E+01  0.2797E+02  0.2797E+02
  0.1156E+00  0.2291E+02  0.2582E+01  0.2660E+02  0.2660E+02
  0.1165E+00  0.2434E+02  0.2546E+01  0.2528E+02  0.2528E+02
  0.1174E+00  0.2494E+02  0.2521E+01  0.2403E+02  0.2403E+02
  0.1184E+00  0.2104E+02  0.2568E+01  0.2283E+02  0.2283E+02
  0.1193E+00  0.1820E+02  0.2588E+01  0.2168E+02  0.2168E+02
  0.1202E+00  0.1458E+02  0.2699E+01  0.2059E+02  0.2059E+02
  0.1211E+00  0.1801E+02  0.2525E+01  0.1955E+02  0.1955E+02
  0.1221E+00  0.2461E+02  0.2545E+01  0.1857E+02  0.1857E+02
  0.1230E+00  0.2488E+02  0.2496E+01  0.1763E+02  0.1763E+02
  0.1239E+00  0.1987E+02  0.2518E+01  0.1675E+02  0.1675E+02
  0.1249E+00  0.2324E+02  0.2518E+01  0.1591E+02  0.1591E+02
  0.1258E+00  0.1569E+02  0.2420E+01  0.1512E+02  0.1512E+02
  0.1267E+00  0.1028E+02  0.2444E+01  0.1438E+02  0.1438E+02
  0.1276E+00  0.1176E+02  0.2463E+01  0.1368E+02  0.1368E+02
  0.1286E+00  0.1409E+02  0.2420E+01  0.1303E+02  0.1303E+02
  0.1295E+00  0.1110E+02  0.2450E+01  0.1241E+02  0.1241E+02
  0.1304E+00  0.1105E+02  0.2477E+01  0.1184E+02  0.1184E+02
  0.1314E+00  0.1198E+02  0.2422E+01  0.1130E+02  0.1130E+02
  0.1323E+00  0.1214E+02  0.2389E+01  0.1080E+02  0.1080E+02
  0.1332E+00  0.1228E+02  0.2382E+01  0.1034E+02  0.1034E+02
  0.1342E+00  0.9809E+01  0.2418E+01  0.9907E+01  0.9907E+01
  0.1351E+00  0.8435E+01  0.2451E+01  0.9509E+01  0.9509E+01
  0.1360E+00  0.4336E+01  0.2449E+01  0.9142E+01  0.9142E+01
  0.1369E+00  0.1133E+02  0.2389E+01  0.8804E+01  0.8804E+01
  0.1379E+00  0.1340E+02  0.2414E+01  0.8494E+01  0.8494E+01
  0.1388E+00  0.7331E+01  0.2368E+01  0.8209E+01  0.8209E+01
  0.1397E+00  0.2659E+01  0.2346E+01  0.7950E+01  0.7950E+01
  0.1407E+00  0.8141E+01  0.2319E+01  0.7713E+01  0.7713E+01
  0.1416E+00  0.4839E+01  0.2314E+01  0.7497E+01  0.7497E+01
  0.1425E+00  0.5546E+01  0.2332E+01  0.7303E+01  0.7303E+01
  0.1434E+00  0.7718E+01  0.2421E+01  0.7126E+01  0.7126E+01
  0.1444E+00  0.9802E+01  0.2368E+01  0.6967E+01  0.6967E+01
  0.1453E+00  0.1143E+01  0.2369E+01  0.6825E+01  0.6825E+01
  0.1462E+00  0.2337E+01  0.2760E+01  0.6697E+01  0.6697E+01
  0.1472E+00  0.2899E+01  0.2402E+01  0.6582E+01  0.6582E+01
  0.1481E+00  0.4476E+01  0.2295E+01  0.6481E+01  0.6481E+01
  0.1490E+00  0.5561E+01  0.2292E+01  0.6390E+01  0.6390E+01
  0.1499E+00  0.2215E+01  0.2291E+01  0.6310E+01  0.6310E+01
  0.1509E+00  0.7911E+01  0.2304E+01  0.6239E+01  0.6239E+01
  0.1518E+00  0.1006E+02  0.2362E+01  0.6176E+01  0.6176E+01
  0.1527E+00  0.8838E+01  0.2278E+01  0.6121E+01  0.6121E+01
  0.1537E+00  0.1109E+02  0.2326E+01  0.6072E+01  0.6072E+01
  0.1546E+00  0.7668E+01  0.2328E+01  0.6030E+01  0.6030E+01
  0.1555E+00  0.5965E+01  0.2366E+01  0.5992E+01  0.5992E+01
  0.1565E+00  0.8759E+01  0.2305E+01  0.5958E+01  0.5958E+01
  0.1574E+00  0.6506E+01  0.2293E+01  0.5929E+01  0.5929E+01
  0.1583E+00  0.3304E+01  0.2243E+01  0.5902E+01  0.5902E+01
  0.1592E+00  0.5926E+01  0.2222E+01  0.5879E+01  0.5879E+01
  0.1602E+00  0.1977E+01  0.2244E+01  0.5857E+01  0.5857E+01
  0.1611E+00  0.2500E+00  0.2214E+01  0.5838E+01  0.5838E+01
  0.1620E+00  0.1046E+02  0.2161E+01  0.5820E+01  0.5820E+01
  0.1630E+00  0.9113E+01  0.2189E+01  0.5803E+01  0.5803E+01
  0.1639E+00  0.8856E+01  0.2145E+01  0.5787E+01  0.5787E+01
  0.1648E+00  0.6001E+01  0.2178E+01  0.5772E+01  0.5772E+01
  0.1657E+00 -0.2810E+00  0.2205E+01  0.5757E+01  0.5757E+01
  0.1667E+00  0.2296E+01  0.2186E+01  0.5743E+01  0.5743E+01
  0.1676E+00  0.8500E+01  0.2227E+01  0.5729E+01  0.5729E+01
  0.1685E+00  0.5255E+01  0.2200E+01  0.5715E+01  0.5715E+01
  0.1695E+00  0.3473E+01  0.2218E+01  0.5701E+01  0.5701E+01
  0.1704E+00  0.5168E+01  0.2222E+01  0.5687E+01  0.5687E+01
  0.1713E+00  0.9995E+01  0.2223E+01  0.5673E+01  0.5673E+01
  0.1723E+00  0.8378E+01  0.2187E+01  0.5659E+01  0.5659E+01
  0.1732E+00  0.3804E+01  0.2187E+01  0.5645E+01  0.5645E+01
  0.1741E+00  0.9048E+01  0.2154E+01  0.5630E+01  0.5630E+01
  0.1750E+00  0.9193E+01  0.2134E+01  0.5616E+01  0.5616E+01
  0.1760E+00  0.4280E+01  0.2114E+01  0.5602E+01  0.5602E+01
  0.1769E+00  0.6262E+01  0.2154E+01  0.5588E+01  0.5588E+01
  0.1778E+00  0.6240E+01  0.2088E+01  0.5574E+01  0.5574E+01
  0.1788E+00  0.5943E+01  0.2134E+01  0.5560E+01  0.5560E+01
  0.1797E+00  0.5821E+01  0.2095E+01  0.5546E+01  0.5546E+01
  0.1806E+00  0.6212E+01  0.2056E+01  0.5532E+01  0.5532E+01
  0.1815E+00  0.5987E+01  0.2058E+01  0.5518E+01  0.5518E+01
  0.1825E+00  0.6251E+01  0.2091E+01  0.5505E+01  0.5505E+01
  0.1834E+00  0.2159E+01  0.2102E+01  0.5491E+01  0.5491E+01
  0.1843E+00  0.5740E+01  0.2061E+01  0.5478E+01  0.5478E+01
  0.1853E+00  0.5276E+01  0.2135E+01  0.5465E+01  0.5465E+01
  0.1862E+00  0.5397E+01  0.2082E+01  0.5452E+01  0.5452E+01
  0.1871E+00  0.3597E+01  0.2079E+01  0.5439E+01  0.5439E+01
  0.1880E+00  0.4712E+01  0.2058E+01  0.5426E+01  0.5426E+01
  0.1890E+00  0.7596E+01  0.2059E+01  0.5413E+01  0.5413E+01
  0.1899E+00  0.9471E+01  0.2045E+01  0.5400E+01  0.5400E+01
  0.1908E+00  0.5472E+01  0.2060E+01  0.5387E+01  0.5387E+01
  0.1918E+00  0.5395E+01  0.2071E+01  0.5373E+01  0.5373E+01
  0.1927E+00  0.4565E+01  0.2055E+01  0.5359E+01  0.5359E+01
  0.1936E+00  0.1560E+01  0.2027E+01  0.5345E+01  0.5345E+01
  0.1946E+00  0.3459E+01  0.2040E+01  0.5330E+01  0.5330E+01
  0.1955E+00  0.4575E+01  0.2016E+01  0.5315E+01  0.5315E+01
  0.1964E+00  0.5800E+01  0.2037E+01  0.5299E+01  0.5299E+01
  0.1973E+00  0.7793E+01  0.2051E+01  0.5282E+01  0.5282E+01
  0.1983E+00  0.8941E+01  0.2074E+01  0.5264E+01  0.5264E+01
  0.1992E+00  0.2288E+01  0.2063E+01  0.5245E+01  0.5245E+01
  0.2001E+00 -0.7250E+00  0.2022E+01  0.5225E+01  0.5225E+01
  0.2011E+00  0.8311E+00  0.2048E+01  0.5204E+01  0.5204E+01
  0.2020E+00  0.4243E+01  0.2005E+01  0.5181E+01  0.5181E+01
  0.2029E+00  0.8723E+01  0.2043E+01  0.5157E+01  0.5157E+01
  0.2038E+00  0.5770E+01  0.2014E+01  0.5132E+01  0.5132E+01
  0.2048E+00  0.8053E+01  0.1994E+01  0.5104E+01  0.5104E+01
  0.2057E+00  0.2804E+01  0.1978E+01  0.5075E+01  0.5075E+01
  0.2066E+00  0.3840E+01  0.2033E+01  0.5044E+01  0.5044E+01
  0.2076E+00  0.8282E+01  0.2089E+01  0.5012E+01  0.5012E+01
  0.2085E+00  0.6660E+01  0.1998E+01  0.4977E+01  0.4977E+01
  0.2094E+00  0.5960E+00  0.1945E+01  0.4941E+01  0.4941E+01
  0.2104E+00  0.1968E+01  0.1953E+01  0.4903E+01  0.4903E+01
  0.2113E+00  0.3886E+01  0.1941E+01  0.4863E+01  0.4863E+01
  0.2122E+00  0.6756E+01  0.1956E+01  0.4821E+01  0.4821E+01
  0.2131E+00  0.7157E+01  0.1895E+01  0.4777E+01  0.4777E+01
  0.2141E+00  0.6585E+01  0.1955E+01  0.4731E+01  0.4731E+01
  0.2150E+00  0.5183E+01  0.1937E+01  0.4684E+01  0.4684E+01
  0.2159E+00  0.1227E+01  0.1883E+01  0.4635E+01  0.4635E+01
  0.2169E+00 -0.3740E+00  0.1936E+01  0.4585E+01  0.4585E+01
  0.2178E+00  0.6074E+01  0.1882E+01  0.4533E+01  0.4533E+01
  0.2187E+00  0.6543E+01  0.1887E+01  0.4480E+01  0.4480E+01
  0.2196E+00  0.2974E+01  0.1866E+01  0.4426E+01  0.4426E+01
  0.2206E+00  0.3516E+01  0.1881E+01  0.4370E+01  0.4370E+01
  0.2215E+00  0.6230E+01  0.1902E+01  0.4314E+01  0.4314E+01
  0.2224E+00  0.7194E+01  0.1897E+01  0.4257E+01  0.4257E+01
  0.2234E+00  0.7726E+01  0.1887E+01  0.4200E+01  0.4200E+01
  0.2243E+00  0.5678E+01  0.1866E+01  0.4142E+01  0.4142E+01
  0.2252E+00  0.1941E+01  0.1854E+01  0.4084E+01  0.4084E+01
  0.2262E+00  0.6646E+01  0.1850E+01  0.4027E+01  0.4027E+01
  0.2271E+00  0.1862E+01  0.1861E+01  0.3969E+01  0.3969E+01
  0.2280E+00  0.1891E+01  0.1903E+01  0.3912E+01  0.3912E+01
  0.2289E+00  0.3100E+01  0.1899E+01  0.3856E+01  0.3856E+01
  0.2299E+00  0.3172E+01  0.1923E+01  0.3801E+01  0.3801E+01
  0.2308E+00  0.6591E+01  0.1872E+01  0.3747E+01  0.3747E+01
  0.2317E+00  0.5636E+01  0.1964E+01  0.3694E+01  0.3694E+01
  0.2327E+00  0.6215E+01  0.1946E+01  0.3643E+01  0.3643E+01
  0.2336E+00  0.3947E+01  0.1922E+01  0.3593E+01  0.3593E+01
  0.2345E+00  0.1218E+01  0.1951E+01  0.3545E+01  0.3545E+01
  0.2354E+00  0.4828E+01  0.1893E+01  0.3500E+01  0.3500E+01
  0.2364E+00  0.6392E+01  0.1930E+01  0.3457E+01  0.3457E+01
  0.2373E+00  0.5619E+01  0.1935E+01  0.3416E+01  0.3416E+01
  0.2382E+00  0.1397E+01  0.1883E+01  0.3378E+01  0.3378E+01
  0.2392E+00  0.1055E+01  0.1902E+01  0.3343E+01  0.3343E+01
  0.2401E+00  0.2201E+01  0.1895E+01  0.3310E+01  0.3310E+01
  0.2410E+00  0.4336E+01  0.1904E+01  0.3281E+01  0.3281E+01
  0.2420E+00  0.4339E+01  0.1919E+01  0.3254E+01  0.3254E+01
  0.2429E+00  0.4719E+01  0.1906E+01  0.3231E+01  0.3231E+01
  0.2438E+00  0.1599E+01  0.1940E+01  0.3211E+01  0.3211E+01
  0.2447E+00  0.3054E+01  0.1917E+01  0.3194E+01  0.3194E+01
  0.2457E+00  0.3854E+01  0.1931E+01  0.3181E+01  0.3181E+01
  0.2466E+00  0.4170E+01  0.1933E+01  0.3171E+01  0.3171E+01
  0.2475E+00  0.2995E+01  0.1929E+01  0.3165E+01  0.3165E+01
  0.2485E+00  0.9800E+00  0.1913E+01  0.3162E+01  0.3162E+01
  0.2494E+00  0.5474E+01  0.1903E+01  0.3162E+01  0.3162E+01
  0.2503E+00  0.3107E+01  0.1882E+01  0.3165E+01  0.3165E+01
  0.2512E+00  0.3835E+01  0.1955E+01  0.3172E+01  0.3172E+01
  0.2522E+00  0.2559E+01  0.1912E+01  0.3182E+01  0.3182E+01
  0.2531E+00 -0.2231E+01  0.1893E+01  0.3194E+01  0.3194E+01
  0.2540E+00 -0.2598E+01  0.1994E+01  0.3210E+01  0.3210E+01
  0.2550E+00 -0.1033E+01  0.1918E+01  0.3229E+01  0.3229E+01
  0.2559E+00 -0.2164E+01  0.1892E+01  0.3251E+01  0.3251E+01
  0.2568E+00 -0.1550E+00  0.1947E+01  0.3275E+01  0.3275E+01
  0.2577E+00  0.3866E+01  0.1895E+01  0.3301E+01  0.3301E+01
  0.2587E+00  0.5895E+01  0.1897E+01  0.3330E+01  0.3330E+01
  0.2596E+00  0.4088E+01  0.1897E+01  0.3360E+01  0.3360E+01
  0.2605E+00  0.6669E+01  0.1867E+01  0.3393E+01  0.3393E+01
  0.2615E+00  0.4345E+01  0.1885E+01  0.3428E+01  0.3428E+01
  0.2624E+00  0.5198E+01  0.1890E+01  0.3464E+01  0.3464E+01
  0.2633E+00  0.8627E+01  0.1925E+01  0.3501E+01  0.3501E+01
  0.2643E+00  0.7737E+01  0.1913E+01  0.3540E+01  0.3540E+01
  0.2652E+00  0.3382E+01  0.1883E+01  0.3580E+01  0.3580E+01
  0.2661E+00  0.2587E+01  0.1881E+01  0.3620E+01  0.3620E+01
  0.2670E+00  0.3745E+01  0.1875E+01  0.3661E+01  0.3661E+01
  0.2680E+00  0.6950E+00  0.1876E+01  0.3703E+01  0.3703E+01
  0.2689E+00  0.3285E+01  0.1827E+01  0.3745E+01  0.3745E+01
  0.2698E+00  0.2447E+01  0.1838E+01  0.3787E+01  0.3787E+01
  0.2708E+00  0.6805E+01  0.1938E+01  0.3829E+01  0.3829E+01
  0.2717E+00  0.2553E+01  0.1882E+01  0.3870E+01  0.3870E+01
  0.2726E+00  0.4494E+01  0.1907E+01  0.3912E+01  0.3912E+01
  0.2735E+00 -0.2749E+01  0.1875E+01  0.3952E+01  0.3952E+01
  0.2745E+00  0.6145E+01  0.1906E+01  0.3992E+01  0.3992E+01
  0.2754E+00  0.3649E+01  0.1900E+01  0.4031E+01  0.4031E+01
  0.2763E+00  0.5530E+01  0.1859E+01  0.4069E+01  0.4069E+01
  0.2773E+00  0.4875E+01  0.1889E+01  0.4106E+01  0.4106E+01
  0.2782E+00  0.4983E+01  0.1875E+01  0.4142E+01  0.4142E+01
  0.2791E+00  0.5657E+01  0.1898E+01  0.4176E+01  0.4176E+01
  0.2801E+00  0.6464E+01  0.1859E+01  0.4209E+01  0.4209E+01
  0.2810E+00  0.8364E+01  0.1913E+01  0.4240E+01  0.4240E+01
  0.2819E+00  0.8046E+01  0.1940E+01  0.4269E+01  0.4269E+01
  0.2828E+00  0.5917E+01  0.1933E+01  0.4297E+01  0.4297E+01
  0.2838E+00  0.8727E+01  0.1970E+01  0.4323E+01  0.4323E+01
  0.2847E+00  0.1196E+01  0.1971E+01  0.4347E+01  0.4347E+01
  0.2856E+00  0.5709E+01  0.1995E+01  0.4369E+01  0.4369E+01
  0.2866E+00 -0.2410E+00  0.2010E+01  0.4390E+01  0.4390E+01
  0.2875E+00 -0.1625E+01  0.1982E+01  0.4408E+01  0.4408E+01
  0.2884E+00  0.1164E+01  0.2019E+01  0.4425E+01  0.4425E+01
  0.2893E+00  0.4831E+01  0.2011E+01  0.4439E+01  0.4439E+01
  0.2903E+00  0.6315E+01  0.2112E+01  0.4451E+01  0.4451E+01
  0.2912E+00  0.7351E+01  0.2164E+01  0.4462E+01  0.4462E+01
  0.2921E+00  0.1015E+02  0.2177E+01  0.4470E+01  0.4470E+01
  0.2931E+00  0.2983E+01  0.2155E+01  0.4476E+01  0.4476E+01
  0.2940E+00  0.1724E+01  0.2098E+01  0.4481E+01  0.4481E+01
  0.2949E+00  0.3315E+01  0.2133E+01  0.4483E+01  0.4483E+01
  0.2958E+00  0.3512E+01  0.2151E+01  0.4484E+01  0.4484E+01
  0.2968E+00  0.6629E+01  0.2121E+01  0.4482E+01  0.4482E+01
  0.2977E+00  0.3404E+01  0.2211E+01  0.4478E+01  0.4478E+01
  0.2986E+00  0.2806E+01  0.2153E+01  0.4473E+01  0.4473E+01
  0.2996E+00  0.1996E+01  0.2200E+01  0.4465E+01  0.4465E+01
  0.3005E+00 -0.7200E+00  0.2158E+01  0.4456E+01  0.4456E+01
  0.3014E+00 -0.8130E+00  0.2162E+01  0.4445E+01  0.4445E+01
  0.3024E+00  0.4964E+01  0.2186E+01  0.4432E+01  0.4432E+01
  0.3033E+00  0.7270E+01  0.2204E+01  0.4417E+01  0.4417E+01
  0.3042E+00  0.6253E+01  0.2360E+01  0.4401E+01  0.4401E+01
  0.3051E+00  0.6067E+01  0.2194E+01  0.4382E+01  0.4382E+01
  0.3061E+00  0.2503E+01  0.2187E+01  0.4362E+01  0.4362E+01
  0.3070E+00  0.5299E+01  0.2199E+01  0.4340E+01  0.4340E+01
  0.3079E+00  0.6089E+01  0.2227E+01  0.4317E+01  0.4317E+01
  0.3089E+00  0.2810E+01  0.2280E+01  0.4292E+01  0.4292E+01
  0.3098E+00  0.4968E+01  0.2315E+01  0.4265E+01  0.4265E+01
  0.3107E+00  0.1312E+01  0.2342E+01  0.4236E+01  0.4236E+01
  0.3116E+00  0.4813E+01  0.2276E+01  0.4206E+01  0.4206E+01
  0.3126E+00  0.7044E+01  0.2361E+01  0.4175E+01  0.4175E+01
  0.3135E+00  0.5600E+01  0.2406E+01  0.4141E+01  0.4141E+01
  0.3144E+00  0.1865E+01  0.2395E+01  0.4107E+01  0.4107E+01
  0.3154E+00  0.8375E+01  0.2536E+01  0.4070E+01  0.4070E+01
  0.3163E+00  0.5748E+01  0.2483E+01  0.4033E+01  0.4033E+01
  0.3172E+00  0.6531E+01  0.2397E+01  0.3994E+01  0.3994E+01
  0.3182E+00  0.1677E+01  0.2377E+01  0.3953E+01  0.3953E+01
  0.3191E+00  0.4103E+01  0.2353E+01  0.3911E+01  0.3911E+01
  0.3200E+00  0.5380E+00  0.2379E+01  0.3868E+01  0.3868E+01
  0.3209E+00  0.6516E+01  0.2417E+01  0.3823E+01  0.3823E+01
  0.3219E+00  0.7685E+01  0.2460E+01  0.3777E+01  0.3777E+01
  0.3228E+00  0.6999E+01  0.2447E+01  0.3730E+01  0.3730E+01
  0.3237E+00  0.5786E+01  0.2410E+01  0.3682E+01  0.3682E+01
  0.3247E+00  0.1560E+00  0.2432E+01  0.3633E+01  0.3633E+01
  0.3256E+00 -0.1156E+01  0.2373E+01  0.3582E+01  0.3582E+01
  0.3265E+00  0.4327E+01  0.2487E+01  0.3531E+01  0.3531E+01
  0.3274E+00  0.1488E+01  0.2500E+01  0.3479E+01  0.3479E+01
  0.3284E+00 -0.4230E+00  0.2525E+01  0.3426E+01  0.3426E+01
  0.3293E+00  0.3071E+01  0.2553E+01  0.3372E+01  0.3372E+01
  0.3302E+00  0.3010E+00  0.2530E+01  0.3318E+01  0.3318E+01
  0.3312E+00  0.4941E+01  0.2588E+01  0.3263E+01  0.3263E+01
  0.3321E+00  0.3045E+01  0.2591E+01  0.3208E+01  0.3208E+01
  0.3330E+00  0.2633E+01  0.2597E+01  0.3153E+01  0.3153E+01
  0.3340E+00 -0.2560E+00  0.2586E+01  0.3096E+01  0.3096E+01
  0.3349E+00  0.7440E+01  0.2522E+01  0.3041E+01  0.3041E+01
  0.3358E+00  0.3598E+01  0.2614E+01  0.2985E+01  0.2985E+01
  0.3367E+00  0.8028E+01  0.2539E+01  0.2929E+01  0.2929E+01
  0.3377E+00 -0.1838E+01  0.2554E+01  0.2874E+01  0.2874E+01
  0.3386E+00 -0.2918E+01  0.2637E+01  0.2819E+01  0.2819E+01
  0.3395E+00  0.1575E+01  0.2636E+01  0.2764E+01  0.2764E+01
  0.3405E+00  0.7615E+01  0.2646E+01  0.2710E+01  0.2710E+01
  0.3414E+00  0.8999E+01  0.2633E+01  0.2657E+01  0.2657E+01
  0.3423E+00 -0.2400E+00  0.2663E+01  0.2606E+01  0.2606E+01
  0.3432E+00  0.3931E+01  0.2697E+01  0.2555E+01  0.2555E+01
  0.3442E+00  0.6933E+01  0.2727E+01  0.2505E+01  0.2505E+01
  0.3451E+00  0.7570E+01  0.2796E+01  0.2457E+01  0.2457E+01
  0.3460E+00  0.3056E+01  0.2698E+01  0.2411E+01  0.2411E+01
  0.3470E+00  0.2291E+01  0.2721E+01  0.2365E+01  0.2365E+01
  0.3479E+00 -0.1159E+01  0.2652E+01  0.2322E+01  0.2322E+01
  0.3488E+00  0.8481E+01  0.2702E+01  0.2282E+01  0.2282E+01
  0.3497E+00  0.7118E+01  0.2721E+01  0.2242E+01  0.2242E+01
  0.3507E+00  0.2549E+01  0.2709E+01  0.2205E+01  0.2205E+01
  0.3516E+00 -0.3267E+01  0.2756E+01  0.2170E+01  0.2170E+01
  0.3525E+00 -0.2780E+00  0.2787E+01  0.2138E+01  0.2138E+01
  0.3535E+00 -0.1631E+01  0.2659E+01  0.2108E+01  0.2108E+01
  0.3544E+00  0.2980E+01  0.2765E+01  0.2080E+01  0.2080E+01
  0.3553E+00  0.4093E+01  0.2769E+01  0.2055E+01  0.2055E+01
  0.3563E+00  0.2258E+01  0.2825E+01  0.2033E+01  0.2033E+01
  0.3572E+00  0.4289E+01  0.2850E+01  0.2013E+01  0.2013E+01
  0.3581E+00  0.4280E+00  0.2867E+01  0.1996E+01  0.1996E+01
  0.3590E+00 -0.1737E+01  0.2868E+01  0.1982E+01  0.1982E+01
  0.3600E+00 -0.2730E+01  0.2915E+01  0.1970E+01  0.1970E+01
  0.3609E+00  0.4327E+01  0.2870E+01  0.1961E+01  0.1961E+01
  0.3618E+00 -0.4470E+00  0.2856E+01  0.1954E+01  0.1954E+01
  0.3628E+00  0.2709E+01  0.2858E+01  0.1950E+01  0.1950E+01
  0.3637E+00  0.1740E+01  0.2783E+01  0.1949E+01  0.1949E+01
  0.3646E+00 -0.1734E+01  0.2831E+01  0.1951E+01  0.1951E+01
  0.3655E+00 -0.1055E+01  0.2886E+01  0.1954E+01  0.1954E+01
  0.3665E+00 -0.3074E+01  0.2867E+01  0.1960E+01  0.1960E+01
  0.3674E+00  0.1047E+01  0.2918E+01  0.1968E+01  0.1968E+01
  0.3683E+00 -0.4240E+00  0.2832E+01  0.1978E+01  0.1978E+01
  0.3693E+00  0.1330E+01  0.2872E+01  0.1990E+01  0.1990E+01
  0.3702E+00  0.2270E+00  0.2911E+01  0.2004E+01  0.2004E+01
  0.3711E+00  0.3062E+01  0.2912E+01  0.2020E+01  0.2020E+01
  0.3721E+00  0.4033E+01  0.2989E+01  0.2037E+01  0.2037E+01
  0.3730E+00 -0.1513E+01  0.2926E+01  0.2055E+01  0.2055E+01
  0.3739E+00 -0.5210E+00  0.3013E+01  0.2074E+01  0.2074E+01
  0.3748E+00  0.2622E+01  0.2920E+01  0.2094E+01  0.2094E+01
  0.3758E+00  0.7141E+01  0.2920E+01  0.2115E+01  0.2115E+01
  0.3767E+00  0.4370E+01  0.2972E+01  0.2137E+01  0.2137E+01
  0.3776E+00  0.2215E+01  0.2881E+01  0.2158E+01  0.2158E+01
  0.3786E+00  0.1320E+01  0.2910E+01  0.2180E+01  0.2180E+01
  0.3795E+00  0.9577E+01  0.2826E+01  0.2201E+01  0.2201E+01
  0.3804E+00  0.7160E+01  0.2853E+01  0.2223E+01  0.2223E+01
  0.3813E+00  0.6979E+01  0.2858E+01  0.2243E+01  0.2243E+01
  0.3823E+00  0.6058E+01  0.2932E+01  0.2263E+01  0.2263E+01
  0.3832E+00  0.7249E+01  0.2909E+01  0.2282E+01  0.2282E+01
  0.3841E+00 -0.2330E+01  0.2877E+01  0.2300E+01  0.2300E+01
  0.3851E+00 -0.2146E+01  0.3016E+01  0.2316E+01  0.2316E+01
  0.3860E+00 -0.4640E+00  0.2996E+01  0.2330E+01  0.2330E+01
  0.3869E+00 -0.1876E+01  0.2976E+01  0.2343E+01  0.2343E+01
  0.3879E+00  0.4194E+01  0.2994E+01  0.2354E+01  0.2354E+01
  0.3888E+00  0.1342E+02  0.2887E+01  0.2363E+01  0.2363E+01
  0.3897E+00  0.5890E+01  0.3043E+01  0.2369E+01  0.2369E+01
  0.3906E+00  0.6390E+00  0.2847E+01  0.2373E+01  0.2373E+01
  0.3916E+00  0.2009E+01  0.2913E+01  0.2375E+01  0.2375E+01
  0.3925E+00 -0.1249E+01  0.2923E+01  0.2374E+01  0.2374E+01
  0.3934E+00 -0.4590E+00  0.2889E+01  0.2370E+01  0.2370E+01
  0.3944E+00 -0.3007E+01  0.2922E+01  0.2364E+01  0.2364E+01
  0.3953E+00 -0.1040E+00  0.2933E+01  0.2354E+01  0.2354E+01

           Distance distribution  function of particle  


       R          P(R)      ERROR

  0.0000E+00  0.0000E+00  0.0000E+00
  0.1063E+01  0.1822E-01  0.1402E-01
  0.2126E+01  0.4482E-01  0.1865E-01
  0.3189E+01  0.7857E-01  0.1555E-01
  0.4252E+01  0.1178E+00  0.7248E-02
  0.5315E+01  0.1604E+00  0.4712E-02
  0.6378E+01  0.2046E+00  0.1500E-01
  0.7441E+01  0.2489E+00  0.2291E-01
  0.8504E+01  0.2926E+00  0.2649E-01
  0.9567E+01  0.3357E+00  0.2505E-01
  0.1063E+02  0.3790E+00  0.1900E-01
  0.1169E+02  0.4240E+00  0.9977E-02
  0.1276E+02  0.4721E+00  0.5879E-02
  0.1382E+02  0.5249E+00  0.1468E-01
  0.1488E+02  0.5835E+00  0.2277E-01
  0.1594E+02  0.6481E+00  0.2714E-01
  0.1701E+02  0.7181E+00  0.2692E-01
  0.1807E+02  0.7919E+00  0.2233E-01
  0.1913E+02  0.8673E+00  0.1490E-01
  0.2020E+02  0.9414E+00  0.9433E-02
  0.2126E+02  0.1011E+01  0.1385E-01
  0.2232E+02  0.1074E+01  0.2141E-01
  0.2339E+02  0.1129E+01  0.2653E-01
  0.2445E+02  0.1173E+01  0.2757E-01
  0.2551E+02  0.1207E+01  0.2433E-01
  0.2657E+02  0.1232E+01  0.1790E-01
  0.2764E+02  0.1249E+01  0.1177E-01
  0.2870E+02  0.1259E+01  0.1337E-01
  0.2976E+02  0.1264E+01  0.2053E-01
  0.3083E+02  0.1266E+01  0.2659E-01
  0.3189E+02  0.1265E+01  0.2910E-01
  0.3295E+02  0.1263E+01  0.2739E-01
  0.3402E+02  0.1259E+01  0.2208E-01
  0.3508E+02  0.1251E+01  0.1557E-01
  0.3614E+02  0.1240E+01  0.1365E-01
  0.3720E+02  0.1225E+01  0.1902E-01
  0.3827E+02  0.1204E+01  0.2556E-01
  0.3933E+02  0.1178E+01  0.2945E-01
  0.4039E+02  0.1147E+01  0.2941E-01
  0.4146E+02  0.1113E+01  0.2565E-01
  0.4252E+02  0.1075E+01  0.2007E-01
  0.4358E+02  0.1036E+01  0.1715E-01
  0.4465E+02  0.9959E+00  0.2072E-01
  0.4571E+02  0.9554E+00  0.2719E-01
  0.4677E+02  0.9145E+00  0.3215E-01
  0.4784E+02  0.8726E+00  0.3357E-01
  0.4890E+02  0.8287E+00  0.3110E-01
  0.4996E+02  0.7820E+00  0.2596E-01
  0.5102E+02  0.7315E+00  0.2145E-01
  0.5209E+02  0.6773E+00  0.2208E-01
  0.5315E+02  0.6200E+00  0.2751E-01
  0.5421E+02  0.5610E+00  0.3321E-01
  0.5528E+02  0.5030E+00  0.3614E-01
  0.5634E+02  0.4488E+00  0.3523E-01
  0.5740E+02  0.4016E+00  0.3105E-01
  0.5846E+02  0.3642E+00  0.2610E-01
  0.5953E+02  0.3386E+00  0.2466E-01
  0.6059E+02  0.3254E+00  0.2871E-01
  0.6165E+02  0.3237E+00  0.3485E-01
  0.6272E+02  0.3311E+00  0.3924E-01
  0.6378E+02  0.3439E+00  0.3998E-01
  0.6484E+02  0.3578E+00  0.3689E-01
  0.6591E+02  0.3683E+00  0.3156E-01
  0.6697E+02  0.3715E+00  0.2760E-01
  0.6803E+02  0.3647E+00  0.2892E-01
  0.6909E+02  0.3470E+00  0.3461E-01
  0.7016E+02  0.3195E+00  0.4043E-01
  0.7122E+02  0.2849E+00  0.4343E-01
  0.7228E+02  0.2472E+00  0.4252E-01
  0.7335E+02  0.2113E+00  0.3836E-01
  0.7441E+02  0.1817E+00  0.3331E-01
  0.7547E+02  0.1619E+00  0.3111E-01
  0.7654E+02  0.1538E+00  0.3383E-01
  0.7760E+02  0.1572E+00  0.3918E-01
  0.7866E+02  0.1700E+00  0.4371E-01
  0.7972E+02  0.1882E+00  0.4552E-01
  0.8079E+02  0.2070E+00  0.4447E-01
  0.8185E+02  0.2216E+00  0.4181E-01
  0.8291E+02  0.2277E+00  0.3964E-01
  0.8398E+02  0.2231E+00  0.3951E-01
  0.8504E+02  0.2075E+00  0.4115E-01
  0.8610E+02  0.1828E+00  0.4296E-01
  0.8717E+02  0.1530E+00  0.4374E-01
  0.8823E+02  0.1232E+00  0.4349E-01
  0.8929E+02  0.9827E-01  0.4326E-01
  0.9035E+02  0.8246E-01  0.4411E-01
  0.9142E+02  0.7786E-01  0.4594E-01
  0.9248E+02  0.8404E-01  0.4770E-01
  0.9354E+02  0.9799E-01  0.4856E-01
  0.9461E+02  0.1146E+00  0.4901E-01
  0.9567E+02  0.1279E+00  0.5066E-01
  0.9673E+02  0.1323E+00  0.5448E-01
  0.9780E+02  0.1242E+00  0.5907E-01
  0.9886E+02  0.1033E+00  0.6146E-01
  0.9992E+02  0.7290E-01  0.5960E-01
  0.1010E+03  0.3971E-01  0.5504E-01
  0.1020E+03  0.1216E-01  0.5436E-01
  0.1031E+03 -0.2456E-02  0.6196E-01
  0.1042E+03 -0.1952E-02  0.6847E-01
  0.1052E+03  0.6192E-02  0.5525E-01
  0.1063E+03  0.0000E+00  0.0000E+00
          Reciprocal space: Rg =   31.37     , I(0) =   0.6932E+03
     Real space: Rg =   31.41 +- 0.269  I(0) =   0.6932E+03 +-  0.3234E+01
