
           ####    G N O M   ---   Version 4.5a revised 09/02/02     ####

                                                  Sun Nov  5 12:16:20 2017
           ===    Run No   1   ===
 Run title:  0.000356363 0 0


  Number of points omitted at the end:         389
   *******   Working Directory :
   *******    Input file(s) : 24697_01B_S057_0_01.sub
           Condition P(rmin) = 0 is used. 
           Condition P(rmax) = 0 is used. 

          Experimental conditions for the first run
          -----------------------------------------

          Highest ALPHA is found to be   0.3495E+01

  The measure of inconsistency AN1 equals to    0.9186E+00
     Alpha    Discrp  Oscill  Stabil  Sysdev  Positv  Valcen    Total   
  0.3495E+04  7.4661  1.1657  0.9108  0.3937  1.0000  0.8626  0.00001
  0.6991E+03  5.8039  1.1667  0.6901  0.4331  1.0000  0.8631  0.00001
  0.1398E+03  3.1336  1.1789  0.3138  0.3858  1.0000  0.8643  0.00001
  0.2796E+02  1.6422  1.2790  0.1326  0.4646  1.0000  0.8624  0.38764
  0.5593E+01  0.9864  1.5169  0.0924  0.6220  1.0000  0.8551  0.52558
  0.1119E+01  0.8101  1.6980  0.0463  0.7638  1.0000  0.8550  0.62968
  0.2237E+00  0.7853  1.8015  0.0243  0.7402  1.0000  0.8577  0.46668
  0.4474E-01  0.7814  1.8949  0.0268  0.7874  0.9995  0.8583  0.10000
  0.8948E-02  0.7786  2.2767  0.0735  0.8031  0.9969  0.8558  0.10000
  0.1790E-02  0.7744  4.0076  0.1712  0.7953  0.9840  0.8413  0.10000
  0.3579E-03  0.7674  8.7204  0.5488  0.8110  0.9236  0.7310  0.10000
  0.7159E-04  0.7538 12.0272  0.5200  0.8189  0.8211  0.4632  0.10000
  0.1432E-04  0.7452 13.0206  0.2521  0.8346  0.7725  0.3573  0.10000
  0.2863E-05  0.7423 15.0339  0.6269  0.8346  0.7348  0.2855  0.10000
  0.5727E-06  0.7391 14.1584  0.5163  0.8346  0.7301  0.3172  0.10000
  0.1145E-06  0.7376 12.7047  0.3074  0.8504  0.7227  0.3291  0.10000
  0.2291E-07  0.7370 11.6781  0.4997  0.8504  0.7177  0.3359  0.10000
  0.4582E-08  0.7361 12.8693  0.4142  0.8346  0.7113  0.3328  0.10000
  0.9163E-09  0.7354 15.5357  0.4290  0.8346  0.7094  0.3307  0.10000
  0.1833E-09  0.7346 19.3301  0.9170  0.8504  0.7010  0.2935  0.10000
  0.3665E-10  0.7319 20.1425  0.7321  0.8504  0.7192  0.3726  0.10000
  0.7331E-11  0.7247 26.0441  0.7964  0.8346  0.7209  0.4062  0.10000
  0.1466E-11  0.6988 30.2459  0.8371  0.8031  0.6940  0.3509  0.10000
  0.2932E-12  0.6222 33.9744  0.6635  0.8031  0.6849  0.2857  0.10000
  0.5864E-13  0.4773 38.7663  0.5222  0.7402  0.6922  0.2629  0.10000
  0.1173E-13  0.3102 42.8335  0.3729  0.7165  0.6985  0.2617  0.10000
  0.2346E-14  0.1723 47.6504  0.3053  0.7323  0.7016  0.3012  0.10000
  0.4692E-15  0.0779 51.1367  0.2243  0.7480  0.7025  0.3508  0.10000
  0.9383E-16  0.0265 53.0839  0.1222  0.7165  0.7016  0.3436  0.10000
  0.1877E-16  0.0064 53.8398  0.0350  0.7165  0.7015  0.3333  0.10000
  0.3753E-17  0.0013 54.0251  0.0076  0.7165  0.7015  0.3302  0.10000

          ***  Golden section search to maximize estimate ***
     Alpha    Discrp  Oscill  Stabil  Sysdev  Positv  Valcen    Total   
  0.4137E+00  0.7896  1.7680  0.0306  0.7480  1.0000  0.8569  0.56720
  0.7650E+00  0.7991  1.7276  0.0394  0.7638  1.0000  0.8557  0.65738
  0.8845E+00  0.8026  1.7168  0.0419  0.7638  1.0000  0.8555  0.64558
  0.6994E+00  0.7972  1.7341  0.0380  0.7638  1.0000  0.8559  0.66031
  0.6616E+00  0.7961  1.7380  0.0371  0.7638  1.0000  0.8560  0.65230
  0.7237E+00  0.7979  1.7317  0.0385  0.7638  1.0000  0.8558  0.66230
  0.7392E+00  0.7983  1.7301  0.0389  0.7638  1.0000  0.8558  0.66040
  0.7143E+00  0.7976  1.7326  0.0383  0.7638  1.0000  0.8559  0.66329
  0.7086E+00  0.7974  1.7332  0.0382  0.7638  1.0000  0.8559  0.66215
  0.7179E+00  0.7977  1.7322  0.0384  0.7638  1.0000  0.8559  0.66304
  0.7121E+00  0.7975  1.7328  0.0383  0.7638  1.0000  0.8559  0.66286
  0.7157E+00  0.7976  1.7324  0.0384  0.7638  1.0000  0.8559  0.66332
  0.7165E+00  0.7976  1.7324  0.0384  0.7638  1.0000  0.8559  0.66321
  0.7152E+00  0.7976  1.7325  0.0384  0.7638  1.0000  0.8559  0.66339
  0.7148E+00  0.7976  1.7325  0.0383  0.7638  1.0000  0.8559  0.66339
  0.7146E+00  0.7976  1.7326  0.0383  0.7638  1.0000  0.8559  0.66335
  0.7148E+00  0.7976  1.7325  0.0383  0.7638  1.0000  0.8559  0.66339



             ####            Final results            ####

 Parameter    DISCRP    OSCILL    STABIL    SYSDEV    POSITV    VALCEN
 Weight        1.000     3.000     3.000     4.000     1.000     1.000
 Sigma         0.500     0.600     0.120     0.200     0.120     0.120
 Ideal         1.000     1.100     0.000     1.000     1.000     0.950
 Current       0.798     1.733     0.038     0.764     1.000     0.856
                - - - - - - - - - - - - - - - - - - - - - - - - - 
 Estimate      0.849     0.329     0.903     0.248     1.000     0.540

  Angular   range    :     from    0.0078   to    0.2439
  Real space range   :     from      0.00   to    113.20

  Highest ALPHA (theor) :   0.350E+04                 JOB = 0
  Current ALPHA         :   0.715E+00   Rg :  0.305E+02   I(0) :   0.999E+02

           Total  estimate : 0.663  which is  A REASONABLE  solution

      S          J EXP       ERROR       J REG       I REG

  0.0000E+00                                      0.9994E+02
  0.9742E-03                                      0.9991E+02
  0.1948E-02                                      0.9982E+02
  0.2923E-02                                      0.9968E+02
  0.3897E-02                                      0.9947E+02
  0.4871E-02                                      0.9921E+02
  0.5845E-02                                      0.9889E+02
  0.6819E-02                                      0.9851E+02
  0.7793E-02  0.1035E+03  0.1210E+03  0.9808E+02  0.9808E+02
  0.8723E-02  0.1721E+03  0.1149E+03  0.9762E+02  0.9762E+02
  0.9653E-02  0.1248E+03  0.8143E+02  0.9710E+02  0.9710E+02
  0.1058E-01  0.9831E+02  0.5860E+02  0.9654E+02  0.9654E+02
  0.1151E-01  0.1029E+03  0.3486E+02  0.9593E+02  0.9593E+02
  0.1244E-01  0.7069E+02  0.2258E+02  0.9528E+02  0.9528E+02
  0.1337E-01  0.9197E+02  0.1557E+02  0.9458E+02  0.9458E+02
  0.1430E-01  0.1074E+03  0.1269E+02  0.9384E+02  0.9384E+02
  0.1523E-01  0.9721E+02  0.1092E+02  0.9306E+02  0.9306E+02
  0.1616E-01  0.9968E+02  0.9167E+01  0.9223E+02  0.9223E+02
  0.1709E-01  0.8420E+02  0.8250E+01  0.9137E+02  0.9137E+02
  0.1802E-01  0.9135E+02  0.7247E+01  0.9047E+02  0.9047E+02
  0.1895E-01  0.9549E+02  0.6836E+01  0.8954E+02  0.8954E+02
  0.1988E-01  0.8622E+02  0.6363E+01  0.8857E+02  0.8857E+02
  0.2081E-01  0.7867E+02  0.5971E+01  0.8757E+02  0.8757E+02
  0.2174E-01  0.7832E+02  0.5666E+01  0.8653E+02  0.8653E+02
  0.2267E-01  0.8321E+02  0.5382E+01  0.8547E+02  0.8547E+02
  0.2360E-01  0.8374E+02  0.5116E+01  0.8439E+02  0.8439E+02
  0.2453E-01  0.8091E+02  0.4691E+01  0.8327E+02  0.8327E+02
  0.2546E-01  0.7417E+02  0.4617E+01  0.8214E+02  0.8214E+02
  0.2639E-01  0.8276E+02  0.4561E+01  0.8098E+02  0.8098E+02
  0.2732E-01  0.8002E+02  0.4486E+01  0.7980E+02  0.7980E+02
  0.2825E-01  0.7656E+02  0.4605E+01  0.7861E+02  0.7861E+02
  0.2918E-01  0.8043E+02  0.4357E+01  0.7740E+02  0.7740E+02
  0.3010E-01  0.7843E+02  0.4401E+01  0.7617E+02  0.7617E+02
  0.3103E-01  0.7368E+02  0.4213E+01  0.7493E+02  0.7493E+02
  0.3196E-01  0.7643E+02  0.4128E+01  0.7368E+02  0.7368E+02
  0.3289E-01  0.7244E+02  0.4121E+01  0.7243E+02  0.7243E+02
  0.3382E-01  0.6695E+02  0.3900E+01  0.7116E+02  0.7116E+02
  0.3475E-01  0.6954E+02  0.3873E+01  0.6989E+02  0.6989E+02
  0.3568E-01  0.7111E+02  0.3860E+01  0.6862E+02  0.6862E+02
  0.3661E-01  0.7631E+02  0.3708E+01  0.6734E+02  0.6734E+02
  0.3754E-01  0.7244E+02  0.3558E+01  0.6606E+02  0.6606E+02
  0.3847E-01  0.6545E+02  0.3487E+01  0.6478E+02  0.6478E+02
  0.3940E-01  0.6297E+02  0.3536E+01  0.6350E+02  0.6350E+02
  0.4033E-01  0.6262E+02  0.3511E+01  0.6223E+02  0.6223E+02
  0.4126E-01  0.6316E+02  0.3440E+01  0.6096E+02  0.6096E+02
  0.4219E-01  0.6001E+02  0.3422E+01  0.5970E+02  0.5970E+02
  0.4312E-01  0.6094E+02  0.3398E+01  0.5844E+02  0.5844E+02
  0.4405E-01  0.6199E+02  0.3503E+01  0.5719E+02  0.5719E+02
  0.4498E-01  0.5720E+02  0.3372E+01  0.5595E+02  0.5595E+02
  0.4591E-01  0.5355E+02  0.3352E+01  0.5472E+02  0.5472E+02
  0.4684E-01  0.5571E+02  0.3313E+01  0.5350E+02  0.5350E+02
  0.4777E-01  0.4810E+02  0.3291E+01  0.5229E+02  0.5229E+02
  0.4870E-01  0.4587E+02  0.3218E+01  0.5109E+02  0.5109E+02
  0.4963E-01  0.4820E+02  0.3082E+01  0.4991E+02  0.4991E+02
  0.5056E-01  0.5019E+02  0.3191E+01  0.4874E+02  0.4874E+02
  0.5149E-01  0.4486E+02  0.3153E+01  0.4758E+02  0.4758E+02
  0.5242E-01  0.4409E+02  0.3067E+01  0.4644E+02  0.4644E+02
  0.5335E-01  0.4609E+02  0.2979E+01  0.4532E+02  0.4532E+02
  0.5428E-01  0.4564E+02  0.3215E+01  0.4421E+02  0.4421E+02
  0.5521E-01  0.4414E+02  0.2844E+01  0.4311E+02  0.4311E+02
  0.5613E-01  0.4762E+02  0.2833E+01  0.4203E+02  0.4203E+02
  0.5706E-01  0.4323E+02  0.2875E+01  0.4097E+02  0.4097E+02
  0.5799E-01  0.4021E+02  0.2824E+01  0.3993E+02  0.3993E+02
  0.5892E-01  0.4488E+02  0.2801E+01  0.3890E+02  0.3890E+02
  0.5985E-01  0.4141E+02  0.2897E+01  0.3789E+02  0.3789E+02
  0.6078E-01  0.3540E+02  0.2755E+01  0.3689E+02  0.3689E+02
  0.6171E-01  0.3398E+02  0.2809E+01  0.3591E+02  0.3591E+02
  0.6264E-01  0.3040E+02  0.2822E+01  0.3495E+02  0.3495E+02
  0.6357E-01  0.3489E+02  0.2877E+01  0.3401E+02  0.3401E+02
  0.6450E-01  0.3567E+02  0.2739E+01  0.3308E+02  0.3308E+02
  0.6543E-01  0.3370E+02  0.2717E+01  0.3217E+02  0.3217E+02
  0.6636E-01  0.2652E+02  0.2734E+01  0.3127E+02  0.3127E+02
  0.6729E-01  0.2452E+02  0.2600E+01  0.3040E+02  0.3040E+02
  0.6822E-01  0.2968E+02  0.2619E+01  0.2954E+02  0.2954E+02
  0.6915E-01  0.2716E+02  0.2551E+01  0.2869E+02  0.2869E+02
  0.7008E-01  0.2918E+02  0.2489E+01  0.2786E+02  0.2786E+02
  0.7101E-01  0.2929E+02  0.2523E+01  0.2705E+02  0.2705E+02
  0.7194E-01  0.2570E+02  0.2483E+01  0.2625E+02  0.2625E+02
  0.7287E-01  0.2729E+02  0.2473E+01  0.2547E+02  0.2547E+02
  0.7380E-01  0.2467E+02  0.2480E+01  0.2470E+02  0.2470E+02
  0.7473E-01  0.2284E+02  0.2546E+01  0.2395E+02  0.2395E+02
  0.7566E-01  0.2319E+02  0.2614E+01  0.2321E+02  0.2321E+02
  0.7659E-01  0.2300E+02  0.2514E+01  0.2248E+02  0.2248E+02
  0.7752E-01  0.1751E+02  0.2579E+01  0.2178E+02  0.2178E+02
  0.7845E-01  0.1574E+02  0.2480E+01  0.2108E+02  0.2108E+02
  0.7938E-01  0.1624E+02  0.2464E+01  0.2040E+02  0.2040E+02
  0.8031E-01  0.1581E+02  0.2414E+01  0.1973E+02  0.1973E+02
  0.8123E-01  0.1909E+02  0.2326E+01  0.1908E+02  0.1908E+02
  0.8216E-01  0.1985E+02  0.2421E+01  0.1844E+02  0.1844E+02
  0.8309E-01  0.1965E+02  0.2292E+01  0.1781E+02  0.1781E+02
  0.8402E-01  0.2011E+02  0.2321E+01  0.1719E+02  0.1719E+02
  0.8495E-01  0.1775E+02  0.2295E+01  0.1659E+02  0.1659E+02
  0.8588E-01  0.1960E+02  0.2261E+01  0.1600E+02  0.1600E+02
  0.8681E-01  0.1878E+02  0.2282E+01  0.1543E+02  0.1543E+02
  0.8774E-01  0.2258E+02  0.2247E+01  0.1486E+02  0.1486E+02
  0.8867E-01  0.1918E+02  0.2244E+01  0.1431E+02  0.1431E+02
  0.8960E-01  0.1815E+02  0.2244E+01  0.1377E+02  0.1377E+02
  0.9053E-01  0.1584E+02  0.2245E+01  0.1325E+02  0.1325E+02
  0.9146E-01  0.1301E+02  0.2284E+01  0.1273E+02  0.1273E+02
  0.9239E-01  0.1488E+02  0.2243E+01  0.1223E+02  0.1223E+02
  0.9332E-01  0.1091E+02  0.2251E+01  0.1174E+02  0.1174E+02
  0.9425E-01  0.1232E+02  0.2180E+01  0.1126E+02  0.1126E+02
  0.9518E-01  0.1134E+02  0.2190E+01  0.1079E+02  0.1079E+02
  0.9611E-01  0.1297E+02  0.2157E+01  0.1034E+02  0.1034E+02
  0.9704E-01  0.1030E+02  0.2121E+01  0.9895E+01  0.9895E+01
  0.9797E-01  0.7850E+01  0.2166E+01  0.9464E+01  0.9464E+01
  0.9890E-01  0.8670E+01  0.2127E+01  0.9045E+01  0.9045E+01
  0.9983E-01  0.9380E+01  0.2121E+01  0.8638E+01  0.8638E+01
  0.1008E+00  0.6360E+01  0.2097E+01  0.8242E+01  0.8242E+01
  0.1017E+00  0.4890E+01  0.2048E+01  0.7859E+01  0.7859E+01
  0.1026E+00  0.7330E+01  0.2053E+01  0.7487E+01  0.7487E+01
  0.1035E+00  0.5510E+01  0.1979E+01  0.7127E+01  0.7127E+01
  0.1045E+00  0.4590E+01  0.2057E+01  0.6778E+01  0.6778E+01
  0.1054E+00  0.7280E+01  0.2010E+01  0.6441E+01  0.6441E+01
  0.1063E+00  0.4950E+01  0.2069E+01  0.6116E+01  0.6116E+01
  0.1073E+00  0.4910E+01  0.2074E+01  0.5802E+01  0.5802E+01
  0.1082E+00  0.6600E+01  0.2007E+01  0.5499E+01  0.5499E+01
  0.1091E+00  0.8530E+01  0.2060E+01  0.5208E+01  0.5208E+01
  0.1101E+00  0.3099E+00  0.2003E+01  0.4928E+01  0.4928E+01
  0.1110E+00  0.9200E+00  0.2007E+01  0.4660E+01  0.4660E+01
  0.1119E+00  0.6130E+01  0.1972E+01  0.4402E+01  0.4402E+01
  0.1128E+00  0.6580E+01  0.1943E+01  0.4155E+01  0.4155E+01
  0.1138E+00  0.4220E+01  0.1952E+01  0.3920E+01  0.3920E+01
  0.1147E+00  0.3950E+01  0.1914E+01  0.3694E+01  0.3694E+01
  0.1156E+00  0.2880E+01  0.1928E+01  0.3480E+01  0.3480E+01
  0.1166E+00  0.2940E+01  0.1948E+01  0.3276E+01  0.3276E+01
  0.1175E+00  0.5900E+00  0.1981E+01  0.3081E+01  0.3081E+01
  0.1184E+00  0.8199E+00  0.1991E+01  0.2897E+01  0.2897E+01
  0.1193E+00  0.6500E+00  0.1978E+01  0.2723E+01  0.2723E+01
  0.1203E+00 -0.8201E+00  0.2014E+01  0.2558E+01  0.2558E+01
  0.1212E+00 -0.2690E+01  0.1971E+01  0.2403E+01  0.2403E+01
  0.1221E+00  0.1700E+00  0.1990E+01  0.2257E+01  0.2257E+01
  0.1231E+00 -0.1410E+01  0.1974E+01  0.2120E+01  0.2120E+01
  0.1240E+00 -0.7400E+00  0.1935E+01  0.1991E+01  0.1991E+01
  0.1249E+00  0.5801E+00  0.1924E+01  0.1871E+01  0.1871E+01
  0.1259E+00 -0.5000E+00  0.1924E+01  0.1759E+01  0.1759E+01
  0.1268E+00  0.3140E+01  0.1940E+01  0.1655E+01  0.1655E+01
  0.1277E+00  0.2640E+01  0.1928E+01  0.1559E+01  0.1559E+01
  0.1286E+00 -0.1920E+01  0.1948E+01  0.1470E+01  0.1470E+01
  0.1296E+00 -0.2430E+01  0.1973E+01  0.1388E+01  0.1388E+01
  0.1305E+00  0.2760E+01  0.1932E+01  0.1312E+01  0.1312E+01
  0.1314E+00  0.3390E+01  0.1994E+01  0.1243E+01  0.1243E+01
  0.1324E+00  0.4650E+01  0.1922E+01  0.1181E+01  0.1181E+01
  0.1333E+00  0.6330E+01  0.1946E+01  0.1124E+01  0.1124E+01
  0.1342E+00  0.4990E+01  0.1926E+01  0.1073E+01  0.1073E+01
  0.1352E+00  0.2900E+01  0.1911E+01  0.1026E+01  0.1026E+01
  0.1361E+00  0.3130E+01  0.1946E+01  0.9855E+00  0.9855E+00
  0.1370E+00  0.6000E+00  0.1860E+01  0.9491E+00  0.9491E+00
  0.1379E+00 -0.1260E+01  0.1895E+01  0.9172E+00  0.9172E+00
  0.1389E+00  0.3570E+01  0.1885E+01  0.8894E+00  0.8894E+00
  0.1398E+00 -0.1110E+01  0.1889E+01  0.8654E+00  0.8654E+00
  0.1407E+00  0.1130E+01  0.1900E+01  0.8449E+00  0.8449E+00
  0.1417E+00  0.1990E+01  0.1872E+01  0.8278E+00  0.8278E+00
  0.1426E+00 -0.2960E+01  0.1897E+01  0.8137E+00  0.8137E+00
  0.1435E+00 -0.3840E+01  0.1855E+01  0.8023E+00  0.8023E+00
  0.1445E+00  0.1910E+01  0.1846E+01  0.7935E+00  0.7935E+00
  0.1454E+00  0.4200E+00  0.1856E+01  0.7870E+00  0.7870E+00
  0.1463E+00  0.1140E+01  0.1822E+01  0.7825E+00  0.7825E+00
  0.1472E+00 -0.2100E+00  0.1822E+01  0.7799E+00  0.7799E+00
  0.1482E+00 -0.2020E+01  0.1790E+01  0.7789E+00  0.7789E+00
  0.1491E+00  0.7996E-01  0.1866E+01  0.7794E+00  0.7794E+00
  0.1500E+00  0.2800E+01  0.1855E+01  0.7810E+00  0.7810E+00
  0.1510E+00 -0.2899E+00  0.1846E+01  0.7838E+00  0.7838E+00
  0.1519E+00  0.1670E+01  0.1912E+01  0.7874E+00  0.7874E+00
  0.1528E+00  0.3810E+01  0.1850E+01  0.7918E+00  0.7918E+00
  0.1537E+00  0.4880E+01  0.1907E+01  0.7967E+00  0.7967E+00
  0.1547E+00  0.2800E+01  0.1838E+01  0.8021E+00  0.8021E+00
  0.1556E+00  0.1050E+01  0.1865E+01  0.8078E+00  0.8078E+00
  0.1565E+00 -0.4450E+01  0.1811E+01  0.8137E+00  0.8137E+00
  0.1575E+00 -0.1500E+01  0.1781E+01  0.8198E+00  0.8198E+00
  0.1584E+00 -0.5910E+01  0.1827E+01  0.8258E+00  0.8258E+00
  0.1593E+00 -0.1220E+01  0.1765E+01  0.8317E+00  0.8317E+00
  0.1603E+00  0.4299E+00  0.1804E+01  0.8375E+00  0.8375E+00
  0.1612E+00  0.2320E+01  0.1792E+01  0.8431E+00  0.8431E+00
  0.1621E+00  0.2870E+01  0.1782E+01  0.8483E+00  0.8483E+00
  0.1630E+00  0.1220E+01  0.1819E+01  0.8532E+00  0.8532E+00
  0.1640E+00  0.6699E+00  0.1790E+01  0.8577E+00  0.8577E+00
  0.1649E+00 -0.2580E+01  0.1821E+01  0.8618E+00  0.8618E+00
  0.1658E+00  0.1710E+01  0.1814E+01  0.8654E+00  0.8654E+00
  0.1668E+00  0.7101E+00  0.1820E+01  0.8686E+00  0.8686E+00
  0.1677E+00  0.3210E+01  0.1847E+01  0.8713E+00  0.8713E+00
  0.1686E+00  0.8500E+00  0.1796E+01  0.8734E+00  0.8734E+00
  0.1696E+00  0.2800E+00  0.1839E+01  0.8750E+00  0.8750E+00
  0.1705E+00 -0.1950E+01  0.1830E+01  0.8761E+00  0.8761E+00
  0.1714E+00 -0.2160E+01  0.1784E+01  0.8767E+00  0.8767E+00
  0.1723E+00  0.1650E+01  0.1825E+01  0.8768E+00  0.8768E+00
  0.1733E+00  0.3040E+01  0.1784E+01  0.8764E+00  0.8764E+00
  0.1742E+00  0.3710E+01  0.1819E+01  0.8754E+00  0.8754E+00
  0.1751E+00  0.2670E+01  0.1794E+01  0.8740E+00  0.8740E+00
  0.1761E+00  0.1400E+00  0.1794E+01  0.8722E+00  0.8722E+00
  0.1770E+00 -0.1270E+01  0.1819E+01  0.8699E+00  0.8699E+00
  0.1779E+00 -0.5420E+01  0.1780E+01  0.8671E+00  0.8671E+00
  0.1788E+00  0.1801E+00  0.1802E+01  0.8640E+00  0.8640E+00
  0.1798E+00  0.3850E+01  0.1751E+01  0.8604E+00  0.8604E+00
  0.1807E+00  0.4010E+01  0.1809E+01  0.8565E+00  0.8565E+00
  0.1816E+00  0.2560E+01  0.1797E+01  0.8523E+00  0.8523E+00
  0.1826E+00  0.5100E+00  0.1784E+01  0.8477E+00  0.8477E+00
  0.1835E+00  0.1380E+01  0.1796E+01  0.8428E+00  0.8428E+00
  0.1844E+00  0.2010E+01  0.1772E+01  0.8376E+00  0.8376E+00
  0.1854E+00  0.7999E+00  0.1815E+01  0.8322E+00  0.8322E+00
  0.1863E+00  0.4180E+01  0.1821E+01  0.8265E+00  0.8265E+00
  0.1872E+00  0.4740E+01  0.1818E+01  0.8205E+00  0.8205E+00
  0.1881E+00  0.1040E+01  0.1828E+01  0.8144E+00  0.8144E+00
  0.1891E+00  0.3390E+01  0.1787E+01  0.8081E+00  0.8081E+00
  0.1900E+00  0.1330E+01  0.1791E+01  0.8015E+00  0.8015E+00
  0.1909E+00  0.2490E+01  0.1762E+01  0.7948E+00  0.7948E+00
  0.1919E+00  0.3090E+01  0.1777E+01  0.7880E+00  0.7880E+00
  0.1928E+00  0.3199E+00  0.1787E+01  0.7810E+00  0.7810E+00
  0.1937E+00 -0.2110E+01  0.1787E+01  0.7739E+00  0.7739E+00
  0.1947E+00 -0.3330E+01  0.1786E+01  0.7666E+00  0.7666E+00
  0.1956E+00  0.1480E+01  0.1747E+01  0.7592E+00  0.7592E+00
  0.1965E+00  0.2250E+01  0.1770E+01  0.7517E+00  0.7517E+00
  0.1974E+00 -0.1860E+01  0.1776E+01  0.7442E+00  0.7442E+00
  0.1984E+00  0.2400E+01  0.1774E+01  0.7365E+00  0.7365E+00
  0.1993E+00  0.5200E+00  0.1807E+01  0.7287E+00  0.7287E+00
  0.2002E+00  0.2070E+01  0.1796E+01  0.7209E+00  0.7209E+00
  0.2012E+00  0.3350E+01  0.1792E+01  0.7129E+00  0.7129E+00
  0.2021E+00  0.1920E+01  0.1787E+01  0.7049E+00  0.7049E+00
  0.2030E+00  0.1490E+01  0.1797E+01  0.6969E+00  0.6969E+00
  0.2039E+00  0.1350E+01  0.1776E+01  0.6887E+00  0.6887E+00
  0.2049E+00 -0.1440E+01  0.1800E+01  0.6805E+00  0.6805E+00
  0.2058E+00 -0.1650E+01  0.1792E+01  0.6723E+00  0.6723E+00
  0.2067E+00  0.1440E+01  0.1749E+01  0.6640E+00  0.6640E+00
  0.2077E+00 -0.4590E+01  0.1799E+01  0.6557E+00  0.6557E+00
  0.2086E+00  0.7996E-01  0.1747E+01  0.6473E+00  0.6473E+00
  0.2095E+00  0.1170E+01  0.1751E+01  0.6389E+00  0.6389E+00
  0.2105E+00 -0.1300E+00  0.1746E+01  0.6304E+00  0.6304E+00
  0.2114E+00 -0.1801E+00  0.1718E+01  0.6220E+00  0.6220E+00
  0.2123E+00  0.1120E+01  0.1798E+01  0.6135E+00  0.6135E+00
  0.2132E+00 -0.3000E+00  0.1832E+01  0.6050E+00  0.6050E+00
  0.2142E+00  0.2080E+01  0.1833E+01  0.5966E+00  0.5966E+00
  0.2151E+00  0.5360E+01  0.1849E+01  0.5881E+00  0.5881E+00
  0.2160E+00  0.2190E+01  0.1836E+01  0.5797E+00  0.5797E+00
  0.2170E+00 -0.2900E+01  0.1857E+01  0.5713E+00  0.5713E+00
  0.2179E+00 -0.1480E+01  0.1854E+01  0.5629E+00  0.5629E+00
  0.2188E+00  0.2020E+01  0.1835E+01  0.5546E+00  0.5546E+00
  0.2198E+00  0.5180E+01  0.1840E+01  0.5463E+00  0.5463E+00
  0.2207E+00  0.1200E+01  0.1881E+01  0.5381E+00  0.5381E+00
  0.2216E+00  0.4600E+00  0.1913E+01  0.5300E+00  0.5300E+00
  0.2225E+00 -0.6500E+00  0.1913E+01  0.5220E+00  0.5220E+00
  0.2235E+00 -0.5980E+01  0.1939E+01  0.5140E+00  0.5140E+00
  0.2244E+00 -0.2250E+01  0.1942E+01  0.5062E+00  0.5062E+00
  0.2253E+00 -0.7700E+00  0.1951E+01  0.4985E+00  0.4985E+00
  0.2263E+00  0.1510E+01  0.1939E+01  0.4910E+00  0.4910E+00
  0.2272E+00  0.9600E+00  0.1887E+01  0.4835E+00  0.4835E+00
  0.2281E+00 -0.1210E+01  0.1936E+01  0.4763E+00  0.4763E+00
  0.2290E+00 -0.9801E+00  0.1932E+01  0.4692E+00  0.4692E+00
  0.2300E+00  0.3350E+01  0.1946E+01  0.4622E+00  0.4622E+00
  0.2309E+00  0.3750E+01  0.1908E+01  0.4555E+00  0.4555E+00
  0.2318E+00  0.6090E+01  0.1920E+01  0.4489E+00  0.4489E+00
  0.2328E+00  0.1360E+01  0.1964E+01  0.4425E+00  0.4425E+00
  0.2337E+00 -0.1040E+01  0.1963E+01  0.4363E+00  0.4363E+00
  0.2346E+00 -0.1110E+01  0.1931E+01  0.4304E+00  0.4304E+00
  0.2356E+00 -0.2660E+01  0.1969E+01  0.4245E+00  0.4245E+00
  0.2365E+00  0.6000E+00  0.1971E+01  0.4190E+00  0.4190E+00
  0.2374E+00  0.4430E+01  0.1999E+01  0.4136E+00  0.4136E+00
  0.2383E+00 -0.3099E+00  0.1992E+01  0.4085E+00  0.4085E+00
  0.2393E+00 -0.6600E+00  0.1998E+01  0.4035E+00  0.4035E+00
  0.2402E+00 -0.3670E+01  0.2002E+01  0.3988E+00  0.3988E+00
  0.2411E+00 -0.3710E+01  0.2010E+01  0.3943E+00  0.3943E+00
  0.2421E+00  0.2760E+01  0.2010E+01  0.3900E+00  0.3900E+00
  0.2430E+00  0.5000E+00  0.1973E+01  0.3860E+00  0.3860E+00
  0.2439E+00  0.3400E+00  0.2042E+01  0.3821E+00  0.3821E+00

           Distance distribution  function of particle  


       R          P(R)      ERROR

  0.0000E+00  0.0000E+00  0.0000E+00
  0.1132E+01  0.2584E-02  0.7073E-03
  0.2264E+01  0.6137E-02  0.1194E-02
  0.3396E+01  0.1063E-01  0.1477E-02
  0.4528E+01  0.1604E-01  0.1582E-02
  0.5660E+01  0.2230E-01  0.1547E-02
  0.6792E+01  0.2934E-01  0.1426E-02
  0.7924E+01  0.3710E-01  0.1293E-02
  0.9056E+01  0.4549E-01  0.1242E-02
  0.1019E+02  0.5440E-01  0.1341E-02
  0.1132E+02  0.6375E-01  0.1571E-02
  0.1245E+02  0.7343E-01  0.1865E-02
  0.1358E+02  0.8334E-01  0.2161E-02
  0.1472E+02  0.9337E-01  0.2418E-02
  0.1585E+02  0.1034E+00  0.2613E-02
  0.1698E+02  0.1134E+00  0.2738E-02
  0.1811E+02  0.1232E+00  0.2793E-02
  0.1924E+02  0.1327E+00  0.2792E-02
  0.2038E+02  0.1418E+00  0.2752E-02
  0.2151E+02  0.1505E+00  0.2700E-02
  0.2264E+02  0.1587E+00  0.2660E-02
  0.2377E+02  0.1663E+00  0.2656E-02
  0.2490E+02  0.1731E+00  0.2696E-02
  0.2604E+02  0.1793E+00  0.2778E-02
  0.2717E+02  0.1846E+00  0.2888E-02
  0.2830E+02  0.1891E+00  0.3007E-02
  0.2943E+02  0.1927E+00  0.3119E-02
  0.3056E+02  0.1953E+00  0.3210E-02
  0.3170E+02  0.1970E+00  0.3273E-02
  0.3283E+02  0.1976E+00  0.3309E-02
  0.3396E+02  0.1972E+00  0.3320E-02
  0.3509E+02  0.1958E+00  0.3315E-02
  0.3622E+02  0.1934E+00  0.3303E-02
  0.3736E+02  0.1901E+00  0.3291E-02
  0.3849E+02  0.1857E+00  0.3285E-02
  0.3962E+02  0.1805E+00  0.3289E-02
  0.4075E+02  0.1744E+00  0.3303E-02
  0.4188E+02  0.1676E+00  0.3325E-02
  0.4302E+02  0.1602E+00  0.3354E-02
  0.4415E+02  0.1521E+00  0.3391E-02
  0.4528E+02  0.1436E+00  0.3439E-02
  0.4641E+02  0.1348E+00  0.3503E-02
  0.4754E+02  0.1257E+00  0.3586E-02
  0.4868E+02  0.1166E+00  0.3693E-02
  0.4981E+02  0.1075E+00  0.3825E-02
  0.5094E+02  0.9856E-01  0.3978E-02
  0.5207E+02  0.8988E-01  0.4144E-02
  0.5320E+02  0.8157E-01  0.4314E-02
  0.5434E+02  0.7372E-01  0.4476E-02
  0.5547E+02  0.6640E-01  0.4620E-02
  0.5660E+02  0.5968E-01  0.4738E-02
  0.5773E+02  0.5360E-01  0.4823E-02
  0.5886E+02  0.4819E-01  0.4875E-02
  0.6000E+02  0.4345E-01  0.4894E-02
  0.6113E+02  0.3939E-01  0.4885E-02
  0.6226E+02  0.3598E-01  0.4858E-02
  0.6339E+02  0.3318E-01  0.4821E-02
  0.6452E+02  0.3095E-01  0.4784E-02
  0.6566E+02  0.2923E-01  0.4759E-02
  0.6679E+02  0.2796E-01  0.4751E-02
  0.6792E+02  0.2707E-01  0.4766E-02
  0.6905E+02  0.2650E-01  0.4803E-02
  0.7018E+02  0.2617E-01  0.4859E-02
  0.7132E+02  0.2601E-01  0.4928E-02
  0.7245E+02  0.2598E-01  0.5003E-02
  0.7358E+02  0.2600E-01  0.5075E-02
  0.7471E+02  0.2604E-01  0.5137E-02
  0.7584E+02  0.2606E-01  0.5180E-02
  0.7698E+02  0.2602E-01  0.5202E-02
  0.7811E+02  0.2590E-01  0.5197E-02
  0.7924E+02  0.2568E-01  0.5164E-02
  0.8037E+02  0.2536E-01  0.5106E-02
  0.8150E+02  0.2493E-01  0.5026E-02
  0.8264E+02  0.2440E-01  0.4932E-02
  0.8377E+02  0.2377E-01  0.4834E-02
  0.8490E+02  0.2305E-01  0.4746E-02
  0.8603E+02  0.2226E-01  0.4681E-02
  0.8716E+02  0.2140E-01  0.4654E-02
  0.8830E+02  0.2048E-01  0.4675E-02
  0.8943E+02  0.1951E-01  0.4749E-02
  0.9056E+02  0.1851E-01  0.4873E-02
  0.9169E+02  0.1747E-01  0.5038E-02
  0.9282E+02  0.1640E-01  0.5229E-02
  0.9396E+02  0.1530E-01  0.5431E-02
  0.9509E+02  0.1418E-01  0.5624E-02
  0.9622E+02  0.1303E-01  0.5793E-02
  0.9735E+02  0.1185E-01  0.5923E-02
  0.9848E+02  0.1065E-01  0.6002E-02
  0.9962E+02  0.9434E-02  0.6020E-02
  0.1007E+03  0.8201E-02  0.5970E-02
  0.1019E+03  0.6963E-02  0.5848E-02
  0.1030E+03  0.5737E-02  0.5649E-02
  0.1041E+03  0.4539E-02  0.5372E-02
  0.1053E+03  0.3394E-02  0.5014E-02
  0.1064E+03  0.2332E-02  0.4574E-02
  0.1075E+03  0.1388E-02  0.4048E-02
  0.1087E+03  0.6014E-03  0.3434E-02
  0.1098E+03  0.1829E-04  0.2728E-02
  0.1109E+03 -0.3120E-03  0.1925E-02
  0.1121E+03 -0.3366E-03  0.1018E-02
  0.1132E+03  0.0000E+00  0.0000E+00
          Reciprocal space: Rg =   30.47     , I(0) =   0.9994E+02
     Real space: Rg =   30.52 +- 1.020  I(0) =   0.9994E+02 +-  0.2033E+01
