
           ####    G N O M   ---   Version 4.5a revised 09/02/02     ####

                                                  Sun Nov  5 12:16:55 2017
           ===    Run No   1   ===
 Run title:  0.000330941 0 0


  Number of points omitted at the end:         489
   *******   Working Directory :
   *******    Input file(s) : 24697_02F_S106_0_02.sub
           Condition P(rmin) = 0 is used. 
           Condition P(rmax) = 0 is used. 

 Warning: Dmax*Smin =  8.045   is greater than Pi !


          Experimental conditions for the first run
          -----------------------------------------

          Highest ALPHA is found to be   0.1565E+07

  The measure of inconsistency AN1 equals to    0.1815E+01

          Warning: using the chosen range in the real space 
             it is not possible to fit the data set within the
             given error band. 
     Alpha    Discrp  Oscill  Stabil  Sysdev  Positv  Valcen    Total   
  0.1565E+10380.7995  1.8717  0.9901  0.0000  1.0000  0.7106  0.00001
  0.3130E+09380.7841  1.8716  0.9900  0.0000  1.0000  0.7106  0.00001
  0.6261E+08380.7067  1.8716  0.9898  0.0000  1.0000  0.7106  0.00001
  0.1252E+08380.3206  1.8714  0.9887  0.0000  1.0000  0.7106  0.00001
  0.2504E+07378.4056  1.8704  0.9832  0.0000  1.0000  0.7106  0.00001
  0.5009E+06369.2034  1.8657  0.9568  0.0000  1.0000  0.7108  0.00001
  0.1002E+06330.7194  1.8477  0.8487  0.0000  1.0000  0.7114  0.00001
  0.2003E+05226.8533  1.8188  0.5722  0.0811  1.0000  0.7131  0.00001
  0.4007E+04100.8014  1.8288  0.2417  0.0270  1.0000  0.7142  0.00001
  0.8014E+03 43.1893  1.8781  0.0875  0.2432  1.0000  0.7070  0.00001
  0.1603E+03 24.9269  2.0671  0.1737  0.4324  1.0000  0.6683  0.00001
  0.3206E+02 11.0090  2.4112  0.1694  0.7568  0.9995  0.5374  0.00001
  0.6411E+01  4.1578  2.6954  0.1358  0.8108  0.9855  0.4711  0.10000
  0.1282E+01  2.5565  3.0878  0.3916  0.7568  0.8805  0.4741  0.00006
  0.2564E+00  1.7615  2.7619  0.3988  0.8919  0.4915  0.8709  0.10000
  0.5129E-01  1.4822  2.2702  0.1316  1.0541  0.2951  0.9542  0.38134
  0.1026E-01  1.4552  2.1364  0.0310  1.1081  0.2520  0.9648  0.54501
  0.2052E-02  1.4538  2.1072  0.0065  1.1081  0.2430  0.9667  0.59352
  0.4103E-03  1.4537  2.1044  0.0035  1.1081  0.2412  0.9670  0.68433
  0.8206E-04  1.4536  2.1648  0.0151  1.1081  0.2415  0.9670  0.51280
  0.1641E-04  1.4531  3.0862  0.0664  1.1081  0.2473  0.9651  0.10000
  0.3282E-05  1.4512  9.8402  0.2894  1.1081  0.3248  0.9302  0.10000
  0.6565E-06  1.4446 25.0830  0.6373  1.1081  0.5776  0.6478  0.10000
  0.1313E-06  1.4305 31.1500  0.7246  1.0541  0.6755  0.2619  0.10000
  0.2626E-07  1.4024 31.6327  0.7851  1.0270  0.7143  0.3256  0.10000
  0.5252E-08  1.3410 32.0553  0.7164  0.9730  0.7314  0.3121  0.10000
  0.1050E-08  1.2211 33.0733  0.7047  1.0811  0.7001  0.3070  0.10000
  0.2101E-09  0.9957 33.9147  0.5970  1.1351  0.6739  0.3171  0.00000

          ***  Golden section search to maximize estimate ***
     Alpha    Discrp  Oscill  Stabil  Sysdev  Positv  Valcen    Total   
  0.7587E-03  1.4537  2.1034  0.0029  1.1081  0.2416  0.9669  0.63086
  0.3244E-03  1.4537  2.1059  0.0043  1.1081  0.2412  0.9670  0.67967
  0.5189E-03  1.4537  2.1036  0.0030  1.1081  0.2413  0.9670  0.65904
  0.3751E-03  1.4537  2.1048  0.0038  1.1081  0.2412  0.9670  0.68975
  0.3549E-03  1.4537  2.1052  0.0039  1.1081  0.2412  0.9670  0.68604
  0.3882E-03  1.4537  2.1047  0.0037  1.1081  0.2412  0.9670  0.69146
  0.3965E-03  1.4537  2.1045  0.0036  1.1081  0.2412  0.9670  0.68868
  0.3831E-03  1.4537  2.1047  0.0037  1.1081  0.2412  0.9670  0.69112
  0.3913E-03  1.4537  2.1046  0.0036  1.1081  0.2412  0.9670  0.69039
  0.3863E-03  1.4537  2.1047  0.0037  1.1081  0.2412  0.9670  0.69163
  0.3863E-03  1.4537  2.1047  0.0037  1.1081  0.2412  0.9670  0.69163



             ####            Final results            ####

 Parameter    DISCRP    OSCILL    STABIL    SYSDEV    POSITV    VALCEN
 Weight        1.000     3.000     3.000     4.000     1.000     1.000
 Sigma         0.500     0.600     0.120     0.200     0.120     0.120
 Ideal         1.000     1.100     0.000     1.000     1.000     0.950
 Current       1.454     2.105     0.004     1.108     0.241     0.967
                - - - - - - - - - - - - - - - - - - - - - - - - - 
 Estimate      0.439     0.061     0.999     1.000     0.000     0.980

  Angular   range    :     from    0.0078   to    0.0765
  Real space range   :     from      0.00   to   1036.00

  Highest ALPHA (theor) :   0.157E+10                 JOB = 0
  Current ALPHA         :   0.386E-03   Rg :  0.436E+03   I(0) :   0.278E+06

           Total  estimate : 0.692  which is  A REASONABLE  solution

      S          J EXP       ERROR       J REG       I REG

  0.0000E+00                                     -0.2779E+06
  0.9707E-03                                     -0.2624E+06
  0.1941E-02                                     -0.2191E+06
  0.2912E-02                                     -0.1564E+06
  0.3883E-02                                     -0.8597E+05
  0.4853E-02                                     -0.1965E+05
  0.5824E-02                                      0.3319E+05
  0.6795E-02                                      0.6751E+05
  0.7765E-02  0.8295E+05  0.2167E+02  0.8294E+05  0.8294E+05
  0.8695E-02  0.8304E+05  0.4967E+02  0.8312E+05  0.8312E+05
  0.9624E-02  0.7744E+05  0.2859E+03  0.7386E+05  0.7386E+05
  0.1055E-01  0.5995E+05  0.2512E+03  0.6010E+05  0.6010E+05
  0.1148E-01  0.4450E+05  0.2170E+03  0.4584E+05  0.4584E+05
  0.1241E-01  0.3400E+05  0.1903E+03  0.3350E+05  0.3350E+05
  0.1334E-01  0.2315E+05  0.1583E+03  0.2406E+05  0.2406E+05
  0.1427E-01  0.1890E+05  0.1435E+03  0.1741E+05  0.1741E+05
  0.1520E-01  0.1272E+05  0.1194E+03  0.1295E+05  0.1295E+05
  0.1613E-01  0.9610E+04  0.1050E+03  0.1001E+05  0.1001E+05
  0.1706E-01  0.8028E+04  0.9676E+02  0.8050E+04  0.8050E+04
  0.1799E-01  0.6853E+04  0.9014E+02  0.6734E+04  0.6734E+04
  0.1892E-01  0.5914E+04  0.8441E+02  0.5833E+04  0.5833E+04
  0.1985E-01  0.5213E+04  0.7985E+02  0.5186E+04  0.5186E+04
  0.2078E-01  0.4624E+04  0.7587E+02  0.4672E+04  0.4672E+04
  0.2170E-01  0.4187E+04  0.7272E+02  0.4217E+04  0.4217E+04
  0.2263E-01  0.3761E+04  0.6951E+02  0.3800E+04  0.3800E+04
  0.2356E-01  0.3446E+04  0.6702E+02  0.3437E+04  0.3437E+04
  0.2449E-01  0.3184E+04  0.6494E+02  0.3150E+04  0.3150E+04
  0.2542E-01  0.2977E+04  0.6321E+02  0.2936E+04  0.2936E+04
  0.2635E-01  0.2782E+04  0.6152E+02  0.2770E+04  0.2770E+04
  0.2728E-01  0.2563E+04  0.5963E+02  0.2618E+04  0.2618E+04
  0.2821E-01  0.2427E+04  0.5840E+02  0.2459E+04  0.2459E+04
  0.2914E-01  0.2274E+04  0.5699E+02  0.2294E+04  0.2294E+04
  0.3007E-01  0.2202E+04  0.5070E+02  0.2141E+04  0.2141E+04
  0.3100E-01  0.2029E+04  0.4311E+02  0.2016E+04  0.2016E+04
  0.3193E-01  0.1907E+04  0.3768E+02  0.1922E+04  0.1922E+04
  0.3286E-01  0.1849E+04  0.3366E+02  0.1845E+04  0.1845E+04
  0.3379E-01  0.1754E+04  0.3105E+02  0.1772E+04  0.1772E+04
  0.3472E-01  0.1701E+04  0.2704E+02  0.1692E+04  0.1692E+04
  0.3564E-01  0.1599E+04  0.2480E+02  0.1608E+04  0.1608E+04
  0.3657E-01  0.1534E+04  0.2238E+02  0.1530E+04  0.1530E+04
  0.3750E-01  0.1478E+04  0.2110E+02  0.1464E+04  0.1464E+04
  0.3843E-01  0.1405E+04  0.1819E+02  0.1407E+04  0.1407E+04
  0.3936E-01  0.1345E+04  0.1877E+02  0.1353E+04  0.1353E+04
  0.4029E-01  0.1286E+04  0.1573E+02  0.1296E+04  0.1296E+04
  0.4122E-01  0.1243E+04  0.1517E+02  0.1235E+04  0.1235E+04
  0.4215E-01  0.1183E+04  0.1378E+02  0.1175E+04  0.1175E+04
  0.4308E-01  0.1113E+04  0.1289E+02  0.1122E+04  0.1122E+04
  0.4401E-01  0.1085E+04  0.1236E+02  0.1078E+04  0.1078E+04
  0.4494E-01  0.1042E+04  0.1152E+02  0.1041E+04  0.1041E+04
  0.4587E-01  0.9967E+03  0.1011E+02  0.1006E+04  0.1006E+04
  0.4680E-01  0.9681E+03  0.9605E+01  0.9680E+03  0.9680E+03
  0.4773E-01  0.9303E+03  0.9187E+01  0.9276E+03  0.9276E+03
  0.4865E-01  0.8971E+03  0.9952E+01  0.8867E+03  0.8867E+03
  0.4958E-01  0.8490E+03  0.9198E+01  0.8467E+03  0.8467E+03
  0.5051E-01  0.7961E+03  0.8622E+01  0.8084E+03  0.8084E+03
  0.5144E-01  0.7613E+03  0.7783E+01  0.7708E+03  0.7708E+03
  0.5237E-01  0.7457E+03  0.7432E+01  0.7341E+03  0.7341E+03
  0.5330E-01  0.7107E+03  0.7691E+01  0.6990E+03  0.6990E+03
  0.5423E-01  0.6612E+03  0.7522E+01  0.6673E+03  0.6673E+03
  0.5516E-01  0.6273E+03  0.7396E+01  0.6391E+03  0.6391E+03
  0.5609E-01  0.6143E+03  0.6316E+01  0.6132E+03  0.6132E+03
  0.5702E-01  0.5893E+03  0.6664E+01  0.5874E+03  0.5874E+03
  0.5795E-01  0.5684E+03  0.6195E+01  0.5605E+03  0.5605E+03
  0.5888E-01  0.5321E+03  0.6033E+01  0.5332E+03  0.5332E+03
  0.5981E-01  0.5011E+03  0.5749E+01  0.5070E+03  0.5070E+03
  0.6074E-01  0.4790E+03  0.5887E+01  0.4831E+03  0.4831E+03
  0.6166E-01  0.4678E+03  0.6176E+01  0.4608E+03  0.4608E+03
  0.6259E-01  0.4439E+03  0.5522E+01  0.4385E+03  0.4385E+03
  0.6352E-01  0.4085E+03  0.5679E+01  0.4154E+03  0.4154E+03
  0.6445E-01  0.3918E+03  0.5546E+01  0.3922E+03  0.3922E+03
  0.6538E-01  0.3725E+03  0.5163E+01  0.3712E+03  0.3712E+03
  0.6631E-01  0.3527E+03  0.5367E+01  0.3540E+03  0.3540E+03
  0.6724E-01  0.3420E+03  0.4926E+01  0.3406E+03  0.3406E+03
  0.6817E-01  0.3315E+03  0.4996E+01  0.3283E+03  0.3283E+03
  0.6910E-01  0.3070E+03  0.5191E+01  0.3144E+03  0.3144E+03
  0.7003E-01  0.3016E+03  0.5172E+01  0.2983E+03  0.2983E+03
  0.7096E-01  0.2831E+03  0.4519E+01  0.2814E+03  0.2814E+03
  0.7189E-01  0.2644E+03  0.4641E+01  0.2658E+03  0.2658E+03
  0.7282E-01  0.2495E+03  0.4855E+01  0.2520E+03  0.2520E+03
  0.7375E-01  0.2421E+03  0.4543E+01  0.2380E+03  0.2380E+03
  0.7468E-01  0.2187E+03  0.4100E+01  0.2211E+03  0.2211E+03
  0.7560E-01  0.2019E+03  0.4390E+01  0.2008E+03  0.2008E+03
  0.7653E-01  0.1801E+03  0.4149E+01  0.1805E+03  0.1805E+03

           Distance distribution  function of particle  


       R          P(R)      ERROR

  0.0000E+00  0.0000E+00  0.0000E+00
  0.1727E+02  0.2723E+01  0.8334E+00
  0.3453E+02  0.6435E+01  0.8115E+00
  0.5180E+02  0.1066E+02  0.1047E+01
  0.6907E+02  0.1352E+02  0.6745E+00
  0.8633E+02  0.1687E+02  0.1188E+01
  0.1036E+03  0.2018E+02  0.5039E+00
  0.1209E+03  0.2356E+02  0.1475E+01
  0.1381E+03  0.2647E+02  0.7632E+00
  0.1554E+03  0.2773E+02  0.1341E+01
  0.1727E+03  0.2792E+02  0.1133E+01
  0.1899E+03  0.2674E+02  0.1649E+01
  0.2072E+03  0.2438E+02  0.1938E+01
  0.2245E+03  0.2049E+02  0.1605E+01
  0.2417E+03  0.1528E+02  0.2029E+01
  0.2590E+03  0.8971E+01  0.2056E+01
  0.2763E+03  0.1539E+01  0.2814E+01
  0.2935E+03 -0.6590E+01  0.2629E+01
  0.3108E+03 -0.1506E+02  0.2728E+01
  0.3281E+03 -0.2423E+02  0.2883E+01
  0.3453E+03 -0.3365E+02  0.3317E+01
  0.3626E+03 -0.4243E+02  0.3714E+01
  0.3799E+03 -0.5048E+02  0.3408E+01
  0.3971E+03 -0.5836E+02  0.3600E+01
  0.4144E+03 -0.6545E+02  0.3708E+01
  0.4317E+03 -0.7138E+02  0.4330E+01
  0.4489E+03 -0.7591E+02  0.4248E+01
  0.4662E+03 -0.7922E+02  0.4047E+01
  0.4835E+03 -0.8144E+02  0.4122E+01
  0.5007E+03 -0.8272E+02  0.4440E+01
  0.5180E+03 -0.8235E+02  0.4852E+01
  0.5353E+03 -0.8062E+02  0.4421E+01
  0.5525E+03 -0.7785E+02  0.4329E+01
  0.5698E+03 -0.7468E+02  0.4336E+01
  0.5871E+03 -0.7108E+02  0.4859E+01
  0.6043E+03 -0.6645E+02  0.4716E+01
  0.6216E+03 -0.6091E+02  0.4221E+01
  0.6389E+03 -0.5530E+02  0.4144E+01
  0.6561E+03 -0.5000E+02  0.4348E+01
  0.6734E+03 -0.4459E+02  0.4751E+01
  0.6907E+03 -0.3897E+02  0.4120E+01
  0.7079E+03 -0.3339E+02  0.3862E+01
  0.7252E+03 -0.2857E+02  0.3730E+01
  0.7425E+03 -0.2453E+02  0.4220E+01
  0.7597E+03 -0.2048E+02  0.3934E+01
  0.7770E+03 -0.1641E+02  0.3249E+01
  0.7943E+03 -0.1288E+02  0.3069E+01
  0.8115E+03 -0.1045E+02  0.3270E+01
  0.8288E+03 -0.8422E+01  0.3696E+01
  0.8461E+03 -0.6045E+01  0.2603E+01
  0.8633E+03 -0.3925E+01  0.2460E+01
  0.8806E+03 -0.2732E+01  0.2271E+01
  0.8979E+03 -0.1966E+01  0.3277E+01
  0.9151E+03 -0.7868E+00  0.2261E+01
  0.9324E+03  0.4368E+00  0.2160E+01
  0.9497E+03  0.9622E+00  0.1848E+01
  0.9669E+03  0.1144E+01  0.3370E+01
  0.9842E+03  0.1044E+01  0.1759E+01
  0.1001E+04  0.2314E+00  0.3385E+01
  0.1019E+04  0.2198E+01  0.3101E+01
  0.1036E+04  0.0000E+00  0.0000E+00
          Reciprocal space: Rg =  435.64     , I(0) =   0.2782E+06
     Real space: Rg =  424.72 +- 1.177  I(0) =  -0.2779E+06 +-  0.3252E+05
