
           ####    G N O M   ---   Version 4.5a revised 09/02/02     ####

                                                  Sun Nov  5 12:16:43 2017
           ===    Run No   1   ===
 Run title:  0.000357376 0 0


  Number of points omitted at the end:         439
   *******   Working Directory :
   *******    Input file(s) : 24697_01E_S122_0_01.sub
           Condition P(rmin) = 0 is used. 
           Condition P(rmax) = 0 is used. 

          Experimental conditions for the first run
          -----------------------------------------

          Highest ALPHA is found to be   0.6863E+04

  The measure of inconsistency AN1 equals to    0.1158E+01

          Warning: using the chosen range in the real space 
             it is not possible to fit the data set within the
             given error band. 
     Alpha    Discrp  Oscill  Stabil  Sysdev  Positv  Valcen    Total   
  0.6863E+07 61.5071  1.7208  0.9884  0.0000  1.0000  0.7361  0.00001
  0.1373E+07 61.0887  1.7199  0.9819  0.0000  1.0000  0.7362  0.00001
  0.2745E+06 59.0864  1.7158  0.9504  0.0000  1.0000  0.7370  0.00001
  0.5490E+05 50.8981  1.6962  0.8228  0.0000  1.0000  0.7404  0.00001
  0.1098E+05 31.1703  1.6223  0.5247  0.1774  1.0000  0.7543  0.00001
  0.2196E+04 12.7778  1.4729  0.2701  0.0161  1.0000  0.7879  0.00001
  0.4392E+03  4.4707  1.3298  0.1521  0.3065  1.0000  0.8278  0.00001
  0.8785E+02  1.8887  1.2296  0.0857  0.6290  1.0000  0.8528  0.38560
  0.1757E+02  1.3713  1.1852  0.0372  0.7258  1.0000  0.8608  0.10000
  0.3514E+01  1.2963  1.1791  0.0141  0.7581  1.0000  0.8624  0.10000
  0.7028E+00  1.2844  1.1896  0.0074  0.7258  1.0000  0.8627  0.10000
  0.1406E+00  1.2763  1.2750  0.0199  0.7581  1.0000  0.8629  0.10000
  0.2811E-01  1.2617  1.8702  0.0460  0.7581  1.0000  0.8613  0.10000
  0.5622E-02  1.2396  4.1800  0.1712  0.7581  0.9992  0.8441  0.10000
  0.1124E-02  1.1928 10.6272  0.3484  0.7258  0.9795  0.7538  0.10000
  0.2249E-03  1.1526 15.7234  0.2522  0.7258  0.9272  0.5509  0.10000
  0.4498E-04  1.1333 20.5200  0.6194  0.7581  0.8560  0.4189  0.10000
  0.8996E-05  1.1079 22.1941  0.5155  0.7258  0.7971  0.2564  0.10000
  0.1799E-05  1.0886 24.4379  0.7200  0.6935  0.7526  0.2353  0.10000
  0.3598E-06  1.0571 22.1296  0.8389  0.6935  0.7288  0.2573  0.10000
  0.7196E-07  1.0051 21.1558  0.4510  0.7903  0.7156  0.2662  0.10000
  0.1439E-07  0.9737 23.9208  0.5684  0.7903  0.7182  0.2493  0.10000
  0.2879E-08  0.9258 25.3426  0.8294  0.8548  0.7320  0.2561  0.10000
  0.5757E-09  0.8182 25.8079  0.5993  0.8226  0.7462  0.3113  0.10000
  0.1151E-09  0.6680 28.8399  0.5002  0.8548  0.7382  0.3518  0.10000
  0.2303E-10  0.4982 31.9124  0.4579  0.8871  0.7088  0.3725  0.10000
  0.4606E-11  0.3144 35.4348  0.3692  0.7581  0.6949  0.3285  0.10000
  0.9212E-12  0.1564 38.8817  0.2837  0.6935  0.6931  0.2871  0.10000
  0.1842E-12  0.0523 40.8441  0.1332  0.7258  0.6906  0.3121  0.10000
  0.3685E-13  0.0123 41.4250  0.0349  0.7581  0.6889  0.3165  0.10000
  0.7369E-14  0.0026 41.5523  0.0074  0.7581  0.6885  0.3186  0.10000

          ***  Golden section search to maximize estimate ***
     Alpha    Discrp  Oscill  Stabil  Sysdev  Positv  Valcen    Total   
  0.6495E+04 24.0760  1.5789  0.4232  0.1774  1.0000  0.7632  0.00001
  0.3965E+00  1.2821  1.2013  0.0095  0.7581  1.0000  0.8628  0.10000
  0.4545E+03  4.5705  1.3325  0.1538  0.3065  1.0000  0.8271  0.00001
  0.1116E+02  1.3346  1.1809  0.0285  0.7258  1.0000  0.8615  0.10000
  0.1646E+03  2.5014  1.2621  0.1099  0.5968  1.0000  0.8455  0.36262
  0.3995E+02  1.5199  1.2014  0.0587  0.7258  1.0000  0.8581  0.10000
  0.1117E+03  2.0797  1.2410  0.0948  0.6290  1.0000  0.8504  0.37727
  0.6502E+02  1.7083  1.2172  0.0748  0.6613  1.0000  0.8553  0.40344
  0.5398E+02  1.6235  1.2106  0.0684  0.6613  1.0000  0.8565  0.10000
  0.7294E+02  1.7703  1.2217  0.0789  0.5968  1.0000  0.8544  0.39002
  0.6056E+02  1.6737  1.2146  0.0723  0.6613  1.0000  0.8558  0.10000
  0.6793E+02  1.7310  1.2189  0.0763  0.6613  1.0000  0.8549  0.40147
  0.6328E+02  1.6947  1.2162  0.0738  0.6613  1.0000  0.8555  0.10000
  0.6612E+02  1.7168  1.2178  0.0754  0.6613  1.0000  0.8551  0.40268
  0.6435E+02  1.7031  1.2168  0.0744  0.6613  1.0000  0.8553  0.40390
  0.6393E+02  1.6999  1.2166  0.0742  0.6613  1.0000  0.8554  0.10000
  0.6460E+02  1.7050  1.2170  0.0746  0.6613  1.0000  0.8553  0.40372
  0.6419E+02  1.7018  1.2167  0.0743  0.6613  1.0000  0.8554  0.40401
  0.6419E+02  1.7018  1.2167  0.0743  0.6613  1.0000  0.8554  0.40401



             ####            Final results            ####

 Parameter    DISCRP    OSCILL    STABIL    SYSDEV    POSITV    VALCEN
 Weight        1.000     3.000     3.000     4.000     1.000     1.000
 Sigma         0.500     0.600     0.120     0.200     0.120     0.120
 Ideal         1.000     1.100     0.000     1.000     1.000     0.950
 Current       1.702     1.217     0.074     0.661     1.000     0.855
                - - - - - - - - - - - - - - - - - - - - - - - - - 
 Estimate      0.139     0.963     0.681     0.057     1.000     0.537

  Angular   range    :     from    0.0087   to    0.1240
  Real space range   :     from      0.00   to    338.00

  Highest ALPHA (theor) :   0.686E+07                 JOB = 0
  Current ALPHA         :   0.642E+02   Rg :  0.111E+03   I(0) :   0.281E+03

           Total  estimate : 0.404  which is  A SUSPICIOUS  solution

      S          J EXP       ERROR       J REG       I REG

  0.0000E+00                                      0.2814E+03
  0.9696E-03                                      0.2803E+03
  0.1939E-02                                      0.2770E+03
  0.2909E-02                                      0.2717E+03
  0.3878E-02                                      0.2644E+03
  0.4848E-02                                      0.2554E+03
  0.5818E-02                                      0.2449E+03
  0.6787E-02                                      0.2330E+03
  0.7757E-02                                      0.2202E+03
  0.8726E-02  0.2957E+03  0.8705E+01  0.2067E+03  0.2067E+03
  0.9656E-02  0.2476E+03  0.5198E+01  0.1934E+03  0.1934E+03
  0.1059E-01  0.2100E+03  0.3321E+01  0.1799E+03  0.1799E+03
  0.1152E-01  0.1847E+03  0.2388E+01  0.1664E+03  0.1664E+03
  0.1245E-01  0.1617E+03  0.1852E+01  0.1533E+03  0.1533E+03
  0.1338E-01  0.1467E+03  0.1539E+01  0.1407E+03  0.1407E+03
  0.1431E-01  0.1294E+03  0.1184E+01  0.1287E+03  0.1287E+03
  0.1524E-01  0.1161E+03  0.9706E+00  0.1174E+03  0.1174E+03
  0.1617E-01  0.1056E+03  0.8215E+00  0.1070E+03  0.1070E+03
  0.1710E-01  0.9634E+02  0.7163E+00  0.9747E+02  0.9747E+02
  0.1803E-01  0.8837E+02  0.6499E+00  0.8883E+02  0.8883E+02
  0.1896E-01  0.8200E+02  0.5969E+00  0.8108E+02  0.8108E+02
  0.1989E-01  0.7694E+02  0.5902E+00  0.7419E+02  0.7419E+02
  0.2081E-01  0.6923E+02  0.5470E+00  0.6811E+02  0.6811E+02
  0.2174E-01  0.6324E+02  0.5162E+00  0.6277E+02  0.6277E+02
  0.2267E-01  0.5841E+02  0.4883E+00  0.5809E+02  0.5809E+02
  0.2360E-01  0.5462E+02  0.4465E+00  0.5400E+02  0.5400E+02
  0.2453E-01  0.5054E+02  0.4329E+00  0.5040E+02  0.5040E+02
  0.2546E-01  0.4744E+02  0.4204E+00  0.4723E+02  0.4723E+02
  0.2639E-01  0.4552E+02  0.3963E+00  0.4439E+02  0.4439E+02
  0.2732E-01  0.4169E+02  0.3649E+00  0.4184E+02  0.4184E+02
  0.2825E-01  0.3988E+02  0.3512E+00  0.3950E+02  0.3950E+02
  0.2918E-01  0.3731E+02  0.3392E+00  0.3734E+02  0.3734E+02
  0.3011E-01  0.3463E+02  0.3317E+00  0.3533E+02  0.3533E+02
  0.3104E-01  0.3336E+02  0.3275E+00  0.3342E+02  0.3342E+02
  0.3197E-01  0.3158E+02  0.3209E+00  0.3162E+02  0.3162E+02
  0.3290E-01  0.2936E+02  0.3138E+00  0.2990E+02  0.2990E+02
  0.3383E-01  0.2823E+02  0.3097E+00  0.2827E+02  0.2827E+02
  0.3476E-01  0.2712E+02  0.3017E+00  0.2672E+02  0.2672E+02
  0.3569E-01  0.2526E+02  0.3017E+00  0.2527E+02  0.2527E+02
  0.3662E-01  0.2415E+02  0.2938E+00  0.2390E+02  0.2390E+02
  0.3755E-01  0.2295E+02  0.2797E+00  0.2263E+02  0.2263E+02
  0.3848E-01  0.2182E+02  0.2803E+00  0.2145E+02  0.2145E+02
  0.3941E-01  0.2039E+02  0.2678E+00  0.2037E+02  0.2037E+02
  0.4034E-01  0.1987E+02  0.2621E+00  0.1938E+02  0.1938E+02
  0.4127E-01  0.1854E+02  0.2630E+00  0.1848E+02  0.1848E+02
  0.4220E-01  0.1739E+02  0.2615E+00  0.1766E+02  0.1766E+02
  0.4313E-01  0.1606E+02  0.2562E+00  0.1691E+02  0.1691E+02
  0.4406E-01  0.1625E+02  0.2524E+00  0.1622E+02  0.1622E+02
  0.4499E-01  0.1619E+02  0.2493E+00  0.1559E+02  0.1559E+02
  0.4592E-01  0.1504E+02  0.2477E+00  0.1499E+02  0.1499E+02
  0.4685E-01  0.1445E+02  0.2407E+00  0.1443E+02  0.1443E+02
  0.4778E-01  0.1376E+02  0.2401E+00  0.1389E+02  0.1389E+02
  0.4871E-01  0.1363E+02  0.2395E+00  0.1337E+02  0.1337E+02
  0.4964E-01  0.1331E+02  0.2362E+00  0.1286E+02  0.1286E+02
  0.5057E-01  0.1258E+02  0.2292E+00  0.1237E+02  0.1237E+02
  0.5150E-01  0.1197E+02  0.2221E+00  0.1188E+02  0.1188E+02
  0.5243E-01  0.1129E+02  0.2230E+00  0.1141E+02  0.1141E+02
  0.5336E-01  0.1054E+02  0.2212E+00  0.1095E+02  0.1095E+02
  0.5429E-01  0.1066E+02  0.2206E+00  0.1051E+02  0.1051E+02
  0.5522E-01  0.9803E+01  0.2162E+00  0.1008E+02  0.1008E+02
  0.5615E-01  0.9537E+01  0.2160E+00  0.9674E+01  0.9674E+01
  0.5708E-01  0.9510E+01  0.2179E+00  0.9291E+01  0.9291E+01
  0.5801E-01  0.8844E+01  0.2127E+00  0.8933E+01  0.8933E+01
  0.5894E-01  0.9149E+01  0.2178E+00  0.8599E+01  0.8599E+01
  0.5987E-01  0.8496E+01  0.2125E+00  0.8290E+01  0.8290E+01
  0.6080E-01  0.7961E+01  0.2090E+00  0.8004E+01  0.8004E+01
  0.6173E-01  0.7524E+01  0.2077E+00  0.7738E+01  0.7738E+01
  0.6266E-01  0.7629E+01  0.2052E+00  0.7491E+01  0.7491E+01
  0.6359E-01  0.7173E+01  0.1998E+00  0.7260E+01  0.7260E+01
  0.6452E-01  0.6877E+01  0.2008E+00  0.7040E+01  0.7040E+01
  0.6545E-01  0.6624E+01  0.1936E+00  0.6830E+01  0.6830E+01
  0.6638E-01  0.6867E+01  0.2002E+00  0.6626E+01  0.6626E+01
  0.6731E-01  0.6566E+01  0.1893E+00  0.6425E+01  0.6425E+01
  0.6824E-01  0.6513E+01  0.1910E+00  0.6228E+01  0.6228E+01
  0.6917E-01  0.6212E+01  0.1954E+00  0.6032E+01  0.6032E+01
  0.7010E-01  0.5889E+01  0.1898E+00  0.5837E+01  0.5837E+01
  0.7103E-01  0.5651E+01  0.1881E+00  0.5643E+01  0.5643E+01
  0.7196E-01  0.5462E+01  0.1928E+00  0.5453E+01  0.5453E+01
  0.7289E-01  0.5357E+01  0.1833E+00  0.5265E+01  0.5265E+01
  0.7382E-01  0.5189E+01  0.1862E+00  0.5083E+01  0.5083E+01
  0.7475E-01  0.4755E+01  0.1805E+00  0.4908E+01  0.4908E+01
  0.7568E-01  0.4484E+01  0.1827E+00  0.4740E+01  0.4740E+01
  0.7661E-01  0.4576E+01  0.1787E+00  0.4582E+01  0.4582E+01
  0.7754E-01  0.4398E+01  0.1780E+00  0.4432E+01  0.4432E+01
  0.7847E-01  0.4388E+01  0.1767E+00  0.4292E+01  0.4292E+01
  0.7940E-01  0.4231E+01  0.1750E+00  0.4162E+01  0.4162E+01
  0.8033E-01  0.4073E+01  0.1767E+00  0.4040E+01  0.4040E+01
  0.8126E-01  0.3930E+01  0.1785E+00  0.3926E+01  0.3926E+01
  0.8219E-01  0.3938E+01  0.1747E+00  0.3818E+01  0.3818E+01
  0.8312E-01  0.3937E+01  0.1725E+00  0.3716E+01  0.3716E+01
  0.8405E-01  0.3413E+01  0.1723E+00  0.3617E+01  0.3617E+01
  0.8498E-01  0.3146E+01  0.1719E+00  0.3521E+01  0.3521E+01
  0.8591E-01  0.3239E+01  0.1672E+00  0.3427E+01  0.3427E+01
  0.8684E-01  0.3584E+01  0.1654E+00  0.3333E+01  0.3333E+01
  0.8777E-01  0.3411E+01  0.1672E+00  0.3240E+01  0.3240E+01
  0.8870E-01  0.3415E+01  0.1657E+00  0.3147E+01  0.3147E+01
  0.8963E-01  0.3166E+01  0.1607E+00  0.3054E+01  0.3054E+01
  0.9056E-01  0.2750E+01  0.1621E+00  0.2963E+01  0.2963E+01
  0.9149E-01  0.2577E+01  0.1638E+00  0.2873E+01  0.2873E+01
  0.9242E-01  0.2702E+01  0.1634E+00  0.2785E+01  0.2785E+01
  0.9335E-01  0.2496E+01  0.1634E+00  0.2701E+01  0.2701E+01
  0.9428E-01  0.2612E+01  0.1596E+00  0.2621E+01  0.2621E+01
  0.9521E-01  0.2644E+01  0.1575E+00  0.2546E+01  0.2546E+01
  0.9614E-01  0.2325E+01  0.1589E+00  0.2476E+01  0.2476E+01
  0.9707E-01  0.2106E+01  0.1567E+00  0.2411E+01  0.2411E+01
  0.9800E-01  0.2029E+01  0.1570E+00  0.2351E+01  0.2351E+01
  0.9893E-01  0.2045E+01  0.1563E+00  0.2297E+01  0.2297E+01
  0.9986E-01  0.2092E+01  0.1535E+00  0.2246E+01  0.2246E+01
  0.1008E+00  0.2205E+01  0.1542E+00  0.2200E+01  0.2200E+01
  0.1017E+00  0.1844E+01  0.1543E+00  0.2157E+01  0.2157E+01
  0.1026E+00  0.1869E+01  0.1513E+00  0.2116E+01  0.2116E+01
  0.1036E+00  0.2268E+01  0.1497E+00  0.2076E+01  0.2076E+01
  0.1045E+00  0.2131E+01  0.1480E+00  0.2037E+01  0.2037E+01
  0.1054E+00  0.1936E+01  0.1495E+00  0.1999E+01  0.1999E+01
  0.1064E+00  0.1967E+01  0.1485E+00  0.1960E+01  0.1960E+01
  0.1073E+00  0.1927E+01  0.1473E+00  0.1920E+01  0.1920E+01
  0.1082E+00  0.1707E+01  0.1481E+00  0.1880E+01  0.1880E+01
  0.1092E+00  0.2170E+01  0.1497E+00  0.1840E+01  0.1840E+01
  0.1101E+00  0.1787E+01  0.1449E+00  0.1801E+01  0.1801E+01
  0.1110E+00  0.1599E+01  0.1441E+00  0.1761E+01  0.1761E+01
  0.1119E+00  0.1382E+01  0.1455E+00  0.1723E+01  0.1723E+01
  0.1129E+00  0.1629E+01  0.1451E+00  0.1686E+01  0.1686E+01
  0.1138E+00  0.1784E+01  0.1442E+00  0.1651E+01  0.1651E+01
  0.1147E+00  0.1503E+01  0.1416E+00  0.1618E+01  0.1618E+01
  0.1157E+00  0.1334E+01  0.1436E+00  0.1588E+01  0.1588E+01
  0.1166E+00  0.1434E+01  0.1422E+00  0.1559E+01  0.1559E+01
  0.1175E+00  0.1415E+01  0.1408E+00  0.1534E+01  0.1534E+01
  0.1185E+00  0.1436E+01  0.1430E+00  0.1510E+01  0.1510E+01
  0.1194E+00  0.1448E+01  0.1375E+00  0.1488E+01  0.1488E+01
  0.1203E+00  0.1309E+01  0.1378E+00  0.1468E+01  0.1468E+01
  0.1212E+00  0.1599E+01  0.1393E+00  0.1448E+01  0.1448E+01
  0.1222E+00  0.1466E+01  0.1388E+00  0.1429E+01  0.1429E+01
  0.1231E+00  0.1515E+01  0.1387E+00  0.1410E+01  0.1410E+01
  0.1240E+00  0.1059E+01  0.1366E+00  0.1391E+01  0.1391E+01

           Distance distribution  function of particle  


       R          P(R)      ERROR

  0.0000E+00  0.0000E+00  0.0000E+00
  0.4225E+01  0.7745E-02  0.8154E-04
  0.8450E+01  0.1629E-01  0.1110E-03
  0.1267E+02  0.2547E-01  0.1042E-03
  0.1690E+02  0.3503E-01  0.9069E-04
  0.2113E+02  0.4465E-01  0.1044E-03
  0.2535E+02  0.5402E-01  0.1386E-03
  0.2957E+02  0.6283E-01  0.1676E-03
  0.3380E+02  0.7083E-01  0.1809E-03
  0.3802E+02  0.7785E-01  0.1815E-03
  0.4225E+02  0.8381E-01  0.1828E-03
  0.4647E+02  0.8873E-01  0.1986E-03
  0.5070E+02  0.9270E-01  0.2293E-03
  0.5492E+02  0.9587E-01  0.2642E-03
  0.5915E+02  0.9840E-01  0.2934E-03
  0.6337E+02  0.1005E+00  0.3137E-03
  0.6760E+02  0.1023E+00  0.3277E-03
  0.7182E+02  0.1039E+00  0.3409E-03
  0.7605E+02  0.1053E+00  0.3573E-03
  0.8027E+02  0.1067E+00  0.3764E-03
  0.8450E+02  0.1080E+00  0.3949E-03
  0.8872E+02  0.1091E+00  0.4101E-03
  0.9295E+02  0.1100E+00  0.4220E-03
  0.9717E+02  0.1107E+00  0.4335E-03
  0.1014E+03  0.1110E+00  0.4480E-03
  0.1056E+03  0.1111E+00  0.4673E-03
  0.1098E+03  0.1108E+00  0.4913E-03
  0.1141E+03  0.1102E+00  0.5188E-03
  0.1183E+03  0.1094E+00  0.5488E-03
  0.1225E+03  0.1083E+00  0.5812E-03
  0.1267E+03  0.1071E+00  0.6159E-03
  0.1310E+03  0.1057E+00  0.6519E-03
  0.1352E+03  0.1042E+00  0.6873E-03
  0.1394E+03  0.1027E+00  0.7197E-03
  0.1436E+03  0.1011E+00  0.7473E-03
  0.1479E+03  0.9946E-01  0.7689E-03
  0.1521E+03  0.9774E-01  0.7845E-03
  0.1563E+03  0.9595E-01  0.7939E-03
  0.1605E+03  0.9409E-01  0.7974E-03
  0.1648E+03  0.9216E-01  0.7951E-03
  0.1690E+03  0.9015E-01  0.7875E-03
  0.1732E+03  0.8807E-01  0.7764E-03
  0.1774E+03  0.8592E-01  0.7641E-03
  0.1817E+03  0.8370E-01  0.7536E-03
  0.1859E+03  0.8141E-01  0.7474E-03
  0.1901E+03  0.7908E-01  0.7467E-03
  0.1943E+03  0.7669E-01  0.7509E-03
  0.1986E+03  0.7428E-01  0.7583E-03
  0.2028E+03  0.7184E-01  0.7670E-03
  0.2070E+03  0.6939E-01  0.7752E-03
  0.2112E+03  0.6695E-01  0.7821E-03
  0.2155E+03  0.6453E-01  0.7883E-03
  0.2197E+03  0.6213E-01  0.7947E-03
  0.2239E+03  0.5976E-01  0.8028E-03
  0.2281E+03  0.5742E-01  0.8133E-03
  0.2324E+03  0.5511E-01  0.8262E-03
  0.2366E+03  0.5282E-01  0.8402E-03
  0.2408E+03  0.5053E-01  0.8535E-03
  0.2450E+03  0.4825E-01  0.8641E-03
  0.2493E+03  0.4596E-01  0.8707E-03
  0.2535E+03  0.4367E-01  0.8727E-03
  0.2577E+03  0.4139E-01  0.8701E-03
  0.2619E+03  0.3912E-01  0.8637E-03
  0.2662E+03  0.3688E-01  0.8546E-03
  0.2704E+03  0.3467E-01  0.8439E-03
  0.2746E+03  0.3252E-01  0.8325E-03
  0.2788E+03  0.3041E-01  0.8205E-03
  0.2831E+03  0.2835E-01  0.8070E-03
  0.2873E+03  0.2633E-01  0.7904E-03
  0.2915E+03  0.2433E-01  0.7685E-03
  0.2958E+03  0.2233E-01  0.7395E-03
  0.3000E+03  0.2030E-01  0.7025E-03
  0.3042E+03  0.1823E-01  0.6573E-03
  0.3084E+03  0.1610E-01  0.6042E-03
  0.3126E+03  0.1391E-01  0.5439E-03
  0.3169E+03  0.1165E-01  0.4765E-03
  0.3211E+03  0.9353E-02  0.4015E-03
  0.3253E+03  0.7018E-02  0.3176E-03
  0.3295E+03  0.4670E-02  0.2235E-03
  0.3338E+03  0.2327E-02  0.1178E-03
  0.3380E+03  0.0000E+00  0.0000E+00
          Reciprocal space: Rg =  111.01     , I(0) =   0.2813E+03
     Real space: Rg =  111.52 +- 0.355  I(0) =   0.2814E+03 +-  0.1806E+01
