
           ####    G N O M   ---   Version 4.5a revised 09/02/02     ####

                                                  Sun Nov  5 12:16:41 2017
           ===    Run No   1   ===
 Run title:  0.000356363 0 0


  Number of points omitted at the end:         216
   *******   Working Directory :
   *******    Input file(s) : 24697_01E_S063_0_01.sub
           Condition P(rmin) = 0 is used. 
           Condition P(rmax) = 0 is used. 

          Experimental conditions for the first run
          -----------------------------------------

          Highest ALPHA is found to be   0.6937E+02

  The measure of inconsistency AN1 equals to    0.1091E+01

          Warning: using the chosen range in the real space 
             it is not possible to fit the data set within the
             given error band. 
     Alpha    Discrp  Oscill  Stabil  Sysdev  Positv  Valcen    Total   
  0.6937E+05 34.4046  1.1562  0.9255  0.2248  1.0000  0.8652  0.00001
  0.1387E+05 27.6158  1.1489  0.7370  0.4496  1.0000  0.8679  0.00001
  0.2775E+04 15.0331  1.1316  0.3822  0.3232  1.0000  0.8768  0.00001
  0.5550E+03  6.3844  1.1579  0.1352  0.3419  1.0000  0.8900  0.00001
  0.1110E+03  2.4521  1.2850  0.0690  0.4356  1.0000  0.8965  0.45596
  0.2220E+02  0.9590  1.3920  0.0288  0.6230  1.0000  0.8990  0.54273
  0.4440E+01  0.6773  1.4376  0.0102  0.6979  1.0000  0.8991  0.54826
  0.8879E+00  0.6502  1.4576  0.0086  0.7307  1.0000  0.8985  0.57756
  0.1776E+00  0.6441  1.4842  0.0092  0.7400  1.0000  0.8979  0.54051
  0.3552E-01  0.6425  1.5156  0.0056  0.7307  1.0000  0.8977  0.50282
  0.7104E-02  0.6422  1.5472  0.0104  0.7307  1.0000  0.8975  0.46088
  0.1421E-02  0.6418  1.8068  0.0450  0.7307  1.0000  0.8955  0.10000
  0.2841E-03  0.6405  4.1090  0.1714  0.7307  0.9977  0.8779  0.10000
  0.5683E-04  0.6378 10.1409  0.2641  0.7494  0.9691  0.7614  0.10000
  0.1137E-04  0.6361 15.6598  0.3337  0.7681  0.9095  0.6402  0.10000
  0.2273E-05  0.6345 21.9538  0.6928  0.7775  0.8120  0.4017  0.10000
  0.4546E-06  0.6322 24.3221  0.6119  0.7775  0.7537  0.2304  0.10000
  0.9093E-07  0.6290 23.7479  0.9615  0.7681  0.7354  0.2578  0.10000
  0.1819E-07  0.6209 21.3017  0.7086  0.7775  0.7246  0.2723  0.10000
  0.3637E-08  0.6112 22.2242  0.4712  0.7541  0.7229  0.2707  0.10000
  0.7274E-09  0.6010 24.8807  0.8501  0.7635  0.6910  0.2527  0.10000
  0.1455E-09  0.5715 25.9462  0.7219  0.7822  0.6837  0.2561  0.10000
  0.2910E-10  0.5043 31.8287  0.5653  0.8056  0.6809  0.2910  0.10000
  0.5819E-11  0.3894 39.7796  0.5059  0.7681  0.6882  0.3440  0.10000
  0.1164E-11  0.2402 45.7901  0.4086  0.7681  0.7053  0.3474  0.10000
  0.2328E-12  0.0967 49.8981  0.2106  0.7963  0.7155  0.3958  0.10000
  0.4655E-13  0.0251 51.5013  0.0606  0.7869  0.7168  0.4015  0.10000
  0.9311E-14  0.0053 51.9019  0.0133  0.7681  0.7169  0.4018  0.10000
  0.1862E-14  0.0011 51.9864  0.0027  0.7775  0.7170  0.4018  0.10000
  0.3724E-15  0.0002 52.0035  0.0005  0.7775  0.7170  0.4018  0.10000
  0.7449E-16  0.0000 52.0069  0.0001  0.7775  0.7170  0.4018  0.10000

          ***  Golden section search to maximize estimate ***
     Alpha    Discrp  Oscill  Stabil  Sysdev  Positv  Valcen    Total   
  0.4802E+00  0.6471  1.4659  0.0093  0.7307  1.0000  0.8983  0.56729
  0.1123E+01  0.6517  1.4549  0.0084  0.7213  1.0000  0.8986  0.57310
  0.7021E+00  0.6488  1.4606  0.0089  0.7307  1.0000  0.8984  0.57507
  0.9713E+00  0.6507  1.4566  0.0085  0.7213  1.0000  0.8985  0.57389
  0.8118E+00  0.6496  1.4587  0.0087  0.7307  1.0000  0.8984  0.57683
  0.9189E+00  0.6504  1.4572  0.0086  0.7213  1.0000  0.8985  0.57363
  0.8580E+00  0.6500  1.4581  0.0086  0.7307  1.0000  0.8985  0.57731
  0.8996E+00  0.6502  1.4575  0.0086  0.7213  1.0000  0.8985  0.57351
  0.8764E+00  0.6501  1.4578  0.0086  0.7307  1.0000  0.8985  0.57747
  0.8924E+00  0.6502  1.4576  0.0086  0.7307  1.0000  0.8985  0.57759
  0.8952E+00  0.6502  1.4575  0.0086  0.7307  1.0000  0.8985  0.57761
  0.8969E+00  0.6502  1.4575  0.0086  0.7213  1.0000  0.8985  0.57349
  0.8941E+00  0.6502  1.4576  0.0086  0.7307  1.0000  0.8985  0.57761
  0.8958E+00  0.6502  1.4575  0.0086  0.7307  1.0000  0.8985  0.57762
  0.8962E+00  0.6502  1.4575  0.0086  0.7307  1.0000  0.8985  0.57762
  0.8965E+00  0.6502  1.4575  0.0086  0.7307  1.0000  0.8985  0.57762
  0.8966E+00  0.6502  1.4575  0.0086  0.7213  1.0000  0.8985  0.57349
  0.8964E+00  0.6502  1.4575  0.0086  0.7307  1.0000  0.8985  0.57762
  0.8965E+00  0.6502  1.4575  0.0086  0.7307  1.0000  0.8985  0.57762
  0.8965E+00  0.6502  1.4575  0.0086  0.7307  1.0000  0.8985  0.57762



             ####            Final results            ####

 Parameter    DISCRP    OSCILL    STABIL    SYSDEV    POSITV    VALCEN
 Weight        1.000     3.000     3.000     4.000     1.000     1.000
 Sigma         0.500     0.600     0.120     0.200     0.120     0.120
 Ideal         1.000     1.100     0.000     1.000     1.000     0.950
 Current       0.650     1.458     0.009     0.731     1.000     0.898
                - - - - - - - - - - - - - - - - - - - - - - - - - 
 Estimate      0.613     0.701     0.995     0.163     1.000     0.832

  Angular   range    :     from    0.0078   to    0.4047
  Real space range   :     from      0.00   to    103.70

  Highest ALPHA (theor) :   0.694E+05                 JOB = 0
  Current ALPHA         :   0.897E+00   Rg :  0.318E+02   I(0) :   0.979E+03

           Total  estimate : 0.578  which is  A REASONABLE  solution

      S          J EXP       ERROR       J REG       I REG

  0.0000E+00                                      0.9793E+03
  0.9742E-03                                      0.9790E+03
  0.1948E-02                                      0.9780E+03
  0.2923E-02                                      0.9765E+03
  0.3897E-02                                      0.9743E+03
  0.4871E-02                                      0.9715E+03
  0.5845E-02                                      0.9681E+03
  0.6819E-02                                      0.9641E+03
  0.7793E-02  0.8786E+03  0.1251E+03  0.9595E+03  0.9595E+03
  0.8723E-02  0.9965E+03  0.1187E+03  0.9545E+03  0.9545E+03
  0.9653E-02  0.9609E+03  0.9653E+02  0.9490E+03  0.9490E+03
  0.1058E-01  0.9354E+03  0.8241E+02  0.9431E+03  0.9431E+03
  0.1151E-01  0.9478E+03  0.4792E+02  0.9366E+03  0.9366E+03
  0.1244E-01  0.9434E+03  0.3127E+02  0.9296E+03  0.9296E+03
  0.1337E-01  0.9315E+03  0.2213E+02  0.9222E+03  0.9222E+03
  0.1430E-01  0.9169E+03  0.1739E+02  0.9143E+03  0.9143E+03
  0.1523E-01  0.9227E+03  0.1574E+02  0.9060E+03  0.9060E+03
  0.1616E-01  0.9103E+03  0.1338E+02  0.8972E+03  0.8972E+03
  0.1709E-01  0.9050E+03  0.1217E+02  0.8880E+03  0.8880E+03
  0.1802E-01  0.8795E+03  0.1140E+02  0.8785E+03  0.8785E+03
  0.1895E-01  0.8707E+03  0.1055E+02  0.8685E+03  0.8685E+03
  0.1988E-01  0.8777E+03  0.9899E+01  0.8582E+03  0.8582E+03
  0.2081E-01  0.8727E+03  0.1521E+02  0.8475E+03  0.8475E+03
  0.2174E-01  0.8473E+03  0.3674E+02  0.8366E+03  0.8366E+03
  0.2267E-01  0.8240E+03  0.2095E+02  0.8253E+03  0.8253E+03
  0.2360E-01  0.8106E+03  0.7746E+01  0.8137E+03  0.8137E+03
  0.2453E-01  0.7968E+03  0.7546E+01  0.8019E+03  0.8019E+03
  0.2546E-01  0.7930E+03  0.7483E+01  0.7898E+03  0.7898E+03
  0.2639E-01  0.7751E+03  0.7400E+01  0.7775E+03  0.7775E+03
  0.2732E-01  0.7696E+03  0.7093E+01  0.7650E+03  0.7650E+03
  0.2825E-01  0.7552E+03  0.7324E+01  0.7523E+03  0.7523E+03
  0.2918E-01  0.7227E+03  0.6849E+01  0.7395E+03  0.7395E+03
  0.3010E-01  0.7371E+03  0.6891E+01  0.7265E+03  0.7265E+03
  0.3103E-01  0.7077E+03  0.6843E+01  0.7134E+03  0.7134E+03
  0.3196E-01  0.6861E+03  0.6592E+01  0.7002E+03  0.7002E+03
  0.3289E-01  0.6862E+03  0.6483E+01  0.6869E+03  0.6869E+03
  0.3382E-01  0.6739E+03  0.5982E+01  0.6735E+03  0.6735E+03
  0.3475E-01  0.6609E+03  0.6191E+01  0.6601E+03  0.6601E+03
  0.3568E-01  0.6416E+03  0.6138E+01  0.6466E+03  0.6466E+03
  0.3661E-01  0.6412E+03  0.5684E+01  0.6332E+03  0.6332E+03
  0.3754E-01  0.6149E+03  0.5646E+01  0.6197E+03  0.6197E+03
  0.3847E-01  0.5981E+03  0.5293E+01  0.6063E+03  0.6063E+03
  0.3940E-01  0.5871E+03  0.5504E+01  0.5929E+03  0.5929E+03
  0.4033E-01  0.5731E+03  0.5453E+01  0.5795E+03  0.5795E+03
  0.4126E-01  0.5740E+03  0.5263E+01  0.5663E+03  0.5663E+03
  0.4219E-01  0.5586E+03  0.5211E+01  0.5531E+03  0.5531E+03
  0.4312E-01  0.5368E+03  0.5195E+01  0.5400E+03  0.5400E+03
  0.4405E-01  0.5350E+03  0.5382E+01  0.5270E+03  0.5270E+03
  0.4498E-01  0.5074E+03  0.5017E+01  0.5141E+03  0.5141E+03
  0.4591E-01  0.4937E+03  0.5068E+01  0.5014E+03  0.5014E+03
  0.4684E-01  0.4788E+03  0.4984E+01  0.4888E+03  0.4888E+03
  0.4777E-01  0.4693E+03  0.4845E+01  0.4764E+03  0.4764E+03
  0.4870E-01  0.4569E+03  0.4811E+01  0.4641E+03  0.4641E+03
  0.4963E-01  0.4424E+03  0.4689E+01  0.4520E+03  0.4520E+03
  0.5056E-01  0.4442E+03  0.4735E+01  0.4400E+03  0.4400E+03
  0.5149E-01  0.4322E+03  0.4630E+01  0.4283E+03  0.4283E+03
  0.5242E-01  0.4292E+03  0.4493E+01  0.4167E+03  0.4167E+03
  0.5335E-01  0.4192E+03  0.5329E+01  0.4054E+03  0.4054E+03
  0.5428E-01  0.3966E+03  0.4698E+01  0.3942E+03  0.3942E+03
  0.5521E-01  0.3824E+03  0.4283E+01  0.3833E+03  0.3833E+03
  0.5613E-01  0.3768E+03  0.4297E+01  0.3726E+03  0.3726E+03
  0.5706E-01  0.3678E+03  0.4251E+01  0.3620E+03  0.3620E+03
  0.5799E-01  0.3630E+03  0.4133E+01  0.3517E+03  0.3517E+03
  0.5892E-01  0.3493E+03  0.4254E+01  0.3416E+03  0.3416E+03
  0.5985E-01  0.3343E+03  0.4167E+01  0.3318E+03  0.3318E+03
  0.6078E-01  0.3133E+03  0.4026E+01  0.3221E+03  0.3221E+03
  0.6171E-01  0.3114E+03  0.4084E+01  0.3127E+03  0.3127E+03
  0.6264E-01  0.3014E+03  0.4107E+01  0.3034E+03  0.3034E+03
  0.6357E-01  0.2930E+03  0.4164E+01  0.2944E+03  0.2944E+03
  0.6450E-01  0.2820E+03  0.3916E+01  0.2856E+03  0.2856E+03
  0.6543E-01  0.2751E+03  0.3897E+01  0.2771E+03  0.2771E+03
  0.6636E-01  0.2738E+03  0.4016E+01  0.2687E+03  0.2687E+03
  0.6729E-01  0.2666E+03  0.3759E+01  0.2605E+03  0.2605E+03
  0.6822E-01  0.2597E+03  0.3687E+01  0.2526E+03  0.2526E+03
  0.6915E-01  0.2467E+03  0.3542E+01  0.2448E+03  0.2448E+03
  0.7008E-01  0.2324E+03  0.3474E+01  0.2373E+03  0.2373E+03
  0.7101E-01  0.2259E+03  0.3557E+01  0.2299E+03  0.2299E+03
  0.7194E-01  0.2217E+03  0.3550E+01  0.2228E+03  0.2228E+03
  0.7287E-01  0.2231E+03  0.3670E+01  0.2158E+03  0.2158E+03
  0.7380E-01  0.2101E+03  0.3639E+01  0.2090E+03  0.2090E+03
  0.7473E-01  0.2028E+03  0.3604E+01  0.2024E+03  0.2024E+03
  0.7566E-01  0.2006E+03  0.3582E+01  0.1960E+03  0.1960E+03
  0.7659E-01  0.1924E+03  0.3536E+01  0.1897E+03  0.1897E+03
  0.7752E-01  0.1839E+03  0.3657E+01  0.1836E+03  0.1836E+03
  0.7845E-01  0.1817E+03  0.3500E+01  0.1776E+03  0.1776E+03
  0.7938E-01  0.1632E+03  0.3493E+01  0.1718E+03  0.1718E+03
  0.8031E-01  0.1566E+03  0.3461E+01  0.1662E+03  0.1662E+03
  0.8123E-01  0.1544E+03  0.3259E+01  0.1607E+03  0.1607E+03
  0.8216E-01  0.1594E+03  0.3312E+01  0.1554E+03  0.1554E+03
  0.8309E-01  0.1576E+03  0.3148E+01  0.1502E+03  0.1502E+03
  0.8402E-01  0.1449E+03  0.3114E+01  0.1451E+03  0.1451E+03
  0.8495E-01  0.1399E+03  0.3107E+01  0.1402E+03  0.1402E+03
  0.8588E-01  0.1368E+03  0.3247E+01  0.1354E+03  0.1354E+03
  0.8681E-01  0.1288E+03  0.3163E+01  0.1307E+03  0.1307E+03
  0.8774E-01  0.1254E+03  0.3093E+01  0.1261E+03  0.1261E+03
  0.8867E-01  0.1154E+03  0.3177E+01  0.1217E+03  0.1217E+03
  0.8960E-01  0.1169E+03  0.3130E+01  0.1174E+03  0.1174E+03
  0.9053E-01  0.1131E+03  0.3104E+01  0.1131E+03  0.1131E+03
  0.9146E-01  0.1034E+03  0.3162E+01  0.1090E+03  0.1090E+03
  0.9239E-01  0.1010E+03  0.3109E+01  0.1050E+03  0.1050E+03
  0.9332E-01  0.9806E+02  0.3115E+01  0.1011E+03  0.1011E+03
  0.9425E-01  0.9646E+02  0.2934E+01  0.9734E+02  0.9734E+02
  0.9518E-01  0.9949E+02  0.3022E+01  0.9365E+02  0.9365E+02
  0.9611E-01  0.9447E+02  0.3006E+01  0.9004E+02  0.9004E+02
  0.9704E-01  0.8921E+02  0.2878E+01  0.8654E+02  0.8654E+02
  0.9797E-01  0.8197E+02  0.2929E+01  0.8313E+02  0.8313E+02
  0.9890E-01  0.7885E+02  0.2917E+01  0.7981E+02  0.7981E+02
  0.9983E-01  0.7741E+02  0.2883E+01  0.7658E+02  0.7658E+02
  0.1008E+00  0.6714E+02  0.2854E+01  0.7344E+02  0.7344E+02
  0.1017E+00  0.6633E+02  0.2768E+01  0.7039E+02  0.7039E+02
  0.1026E+00  0.7018E+02  0.2810E+01  0.6742E+02  0.6742E+02
  0.1035E+00  0.6975E+02  0.2719E+01  0.6454E+02  0.6454E+02
  0.1045E+00  0.6548E+02  0.2751E+01  0.6175E+02  0.6175E+02
  0.1054E+00  0.5815E+02  0.2676E+01  0.5904E+02  0.5904E+02
  0.1063E+00  0.5659E+02  0.2757E+01  0.5641E+02  0.5641E+02
  0.1073E+00  0.5701E+02  0.2766E+01  0.5387E+02  0.5387E+02
  0.1082E+00  0.5315E+02  0.2713E+01  0.5141E+02  0.5141E+02
  0.1091E+00  0.5261E+02  0.2784E+01  0.4903E+02  0.4903E+02
  0.1101E+00  0.4715E+02  0.2716E+01  0.4673E+02  0.4673E+02
  0.1110E+00  0.3889E+02  0.2682E+01  0.4452E+02  0.4452E+02
  0.1119E+00  0.3748E+02  0.2670E+01  0.4238E+02  0.4238E+02
  0.1128E+00  0.4180E+02  0.2613E+01  0.4032E+02  0.4032E+02
  0.1138E+00  0.3540E+02  0.2592E+01  0.3834E+02  0.3834E+02
  0.1147E+00  0.3511E+02  0.2560E+01  0.3643E+02  0.3643E+02
  0.1156E+00  0.2972E+02  0.2636E+01  0.3461E+02  0.3461E+02
  0.1166E+00  0.2988E+02  0.2611E+01  0.3286E+02  0.3286E+02
  0.1175E+00  0.3105E+02  0.2628E+01  0.3119E+02  0.3119E+02
  0.1184E+00  0.3724E+02  0.2689E+01  0.2959E+02  0.2959E+02
  0.1193E+00  0.2911E+02  0.2657E+01  0.2806E+02  0.2806E+02
  0.1203E+00  0.2513E+02  0.2673E+01  0.2661E+02  0.2661E+02
  0.1212E+00  0.3107E+02  0.2617E+01  0.2523E+02  0.2523E+02
  0.1221E+00  0.3419E+02  0.2643E+01  0.2392E+02  0.2392E+02
  0.1231E+00  0.2549E+02  0.2633E+01  0.2268E+02  0.2268E+02
  0.1240E+00  0.1898E+02  0.2547E+01  0.2151E+02  0.2151E+02
  0.1249E+00  0.1682E+02  0.2565E+01  0.2040E+02  0.2040E+02
  0.1259E+00  0.2306E+02  0.2606E+01  0.1936E+02  0.1936E+02
  0.1268E+00  0.1877E+02  0.2599E+01  0.1839E+02  0.1839E+02
  0.1277E+00  0.1599E+02  0.2514E+01  0.1747E+02  0.1747E+02
  0.1286E+00  0.1370E+02  0.2598E+01  0.1662E+02  0.1662E+02
  0.1296E+00  0.1453E+02  0.2635E+01  0.1582E+02  0.1582E+02
  0.1305E+00  0.1629E+02  0.2639E+01  0.1509E+02  0.1509E+02
  0.1314E+00  0.1395E+02  0.2628E+01  0.1440E+02  0.1440E+02
  0.1324E+00  0.1471E+02  0.2581E+01  0.1377E+02  0.1377E+02
  0.1333E+00  0.1109E+02  0.2580E+01  0.1319E+02  0.1319E+02
  0.1342E+00  0.9740E+01  0.2531E+01  0.1267E+02  0.1267E+02
  0.1352E+00  0.7880E+01  0.2541E+01  0.1218E+02  0.1218E+02
  0.1361E+00  0.1158E+02  0.2595E+01  0.1174E+02  0.1174E+02
  0.1370E+00  0.1017E+02  0.2484E+01  0.1135E+02  0.1135E+02
  0.1379E+00  0.7960E+01  0.2586E+01  0.1099E+02  0.1099E+02
  0.1389E+00  0.1559E+02  0.2606E+01  0.1068E+02  0.1068E+02
  0.1398E+00  0.1594E+02  0.2545E+01  0.1040E+02  0.1040E+02
  0.1407E+00  0.1145E+02  0.2491E+01  0.1015E+02  0.1015E+02
  0.1417E+00  0.3940E+01  0.2488E+01  0.9938E+01  0.9938E+01
  0.1426E+00  0.5600E+01  0.2564E+01  0.9753E+01  0.9753E+01
  0.1435E+00  0.9690E+01  0.2513E+01  0.9596E+01  0.9596E+01
  0.1445E+00  0.1029E+02  0.2472E+01  0.9463E+01  0.9463E+01
  0.1454E+00  0.6540E+01  0.2436E+01  0.9354E+01  0.9354E+01
  0.1463E+00  0.4470E+01  0.2420E+01  0.9264E+01  0.9264E+01
  0.1472E+00  0.5400E+01  0.2478E+01  0.9195E+01  0.9195E+01
  0.1482E+00  0.1348E+02  0.2386E+01  0.9143E+01  0.9143E+01
  0.1491E+00  0.1512E+02  0.2500E+01  0.9105E+01  0.9105E+01
  0.1500E+00  0.1347E+02  0.2476E+01  0.9081E+01  0.9081E+01
  0.1510E+00  0.8920E+01  0.2435E+01  0.9068E+01  0.9068E+01
  0.1519E+00  0.1920E+01  0.2509E+01  0.9065E+01  0.9065E+01
  0.1528E+00  0.6720E+01  0.2450E+01  0.9069E+01  0.9069E+01
  0.1537E+00  0.1090E+02  0.2428E+01  0.9081E+01  0.9081E+01
  0.1547E+00  0.1236E+02  0.2424E+01  0.9097E+01  0.9097E+01
  0.1556E+00  0.2320E+01  0.2482E+01  0.9117E+01  0.9117E+01
  0.1565E+00  0.8290E+01  0.2494E+01  0.9139E+01  0.9139E+01
  0.1575E+00  0.8830E+01  0.2367E+01  0.9163E+01  0.9163E+01
  0.1584E+00  0.7600E+01  0.2429E+01  0.9186E+01  0.9186E+01
  0.1593E+00  0.7560E+01  0.2387E+01  0.9209E+01  0.9209E+01
  0.1603E+00  0.6090E+01  0.2414E+01  0.9230E+01  0.9230E+01
  0.1612E+00  0.1240E+02  0.2352E+01  0.9248E+01  0.9248E+01
  0.1621E+00  0.8340E+01  0.2340E+01  0.9262E+01  0.9262E+01
  0.1630E+00  0.9170E+01  0.2379E+01  0.9273E+01  0.9273E+01
  0.1640E+00  0.1356E+02  0.2372E+01  0.9279E+01  0.9279E+01
  0.1649E+00  0.1284E+02  0.2387E+01  0.9281E+01  0.9281E+01
  0.1658E+00  0.1015E+02  0.2415E+01  0.9277E+01  0.9277E+01
  0.1668E+00  0.5270E+01  0.2442E+01  0.9267E+01  0.9267E+01
  0.1677E+00  0.6200E+01  0.2386E+01  0.9251E+01  0.9251E+01
  0.1686E+00  0.1063E+02  0.2393E+01  0.9230E+01  0.9230E+01
  0.1696E+00  0.1067E+02  0.2457E+01  0.9202E+01  0.9202E+01
  0.1705E+00  0.1399E+02  0.2417E+01  0.9169E+01  0.9169E+01
  0.1714E+00  0.9990E+01  0.2442E+01  0.9129E+01  0.9129E+01
  0.1723E+00  0.4970E+01  0.2454E+01  0.9084E+01  0.9084E+01
  0.1733E+00  0.7470E+01  0.2332E+01  0.9034E+01  0.9034E+01
  0.1742E+00  0.6310E+01  0.2422E+01  0.8978E+01  0.8978E+01
  0.1751E+00  0.8640E+01  0.2402E+01  0.8918E+01  0.8918E+01
  0.1761E+00  0.1641E+02  0.2420E+01  0.8852E+01  0.8852E+01
  0.1770E+00  0.1195E+02  0.2361E+01  0.8783E+01  0.8783E+01
  0.1779E+00  0.8040E+01  0.2314E+01  0.8710E+01  0.8710E+01
  0.1788E+00  0.1104E+02  0.2454E+01  0.8633E+01  0.8633E+01
  0.1798E+00  0.1220E+02  0.2348E+01  0.8554E+01  0.8554E+01
  0.1807E+00  0.1142E+02  0.2362E+01  0.8472E+01  0.8472E+01
  0.1816E+00  0.6520E+01  0.2391E+01  0.8388E+01  0.8388E+01
  0.1826E+00  0.9490E+01  0.2363E+01  0.8303E+01  0.8303E+01
  0.1835E+00  0.1648E+02  0.2382E+01  0.8217E+01  0.8217E+01
  0.1844E+00  0.1152E+02  0.2380E+01  0.8131E+01  0.8131E+01
  0.1854E+00  0.7220E+01  0.2412E+01  0.8044E+01  0.8044E+01
  0.1863E+00  0.2370E+01  0.2422E+01  0.7958E+01  0.7958E+01
  0.1872E+00  0.8240E+01  0.2402E+01  0.7874E+01  0.7874E+01
  0.1881E+00  0.6990E+01  0.2433E+01  0.7790E+01  0.7790E+01
  0.1891E+00  0.1120E+02  0.2387E+01  0.7709E+01  0.7709E+01
  0.1900E+00  0.9430E+01  0.2365E+01  0.7630E+01  0.7630E+01
  0.1909E+00  0.4800E+01  0.2354E+01  0.7553E+01  0.7553E+01
  0.1919E+00  0.2060E+01  0.2340E+01  0.7480E+01  0.7480E+01
  0.1928E+00  0.5230E+01  0.2340E+01  0.7410E+01  0.7410E+01
  0.1937E+00  0.5340E+01  0.2382E+01  0.7343E+01  0.7343E+01
  0.1947E+00  0.6340E+01  0.2384E+01  0.7281E+01  0.7281E+01
  0.1956E+00 -0.4100E+00  0.2335E+01  0.7222E+01  0.7222E+01
  0.1965E+00 -0.1901E+00  0.2354E+01  0.7168E+01  0.7168E+01
  0.1974E+00  0.5540E+01  0.2358E+01  0.7118E+01  0.7118E+01
  0.1984E+00  0.4630E+01  0.2391E+01  0.7073E+01  0.7073E+01
  0.1993E+00  0.7180E+01  0.2457E+01  0.7033E+01  0.7033E+01
  0.2002E+00  0.1141E+02  0.2357E+01  0.6997E+01  0.6997E+01
  0.2012E+00  0.1256E+02  0.2399E+01  0.6965E+01  0.6965E+01
  0.2021E+00  0.7280E+01  0.2347E+01  0.6939E+01  0.6939E+01
  0.2030E+00  0.2160E+01  0.2355E+01  0.6917E+01  0.6917E+01
  0.2039E+00  0.5530E+01  0.2331E+01  0.6899E+01  0.6899E+01
  0.2049E+00  0.4490E+01  0.2329E+01  0.6886E+01  0.6886E+01
  0.2058E+00  0.4600E+01  0.2383E+01  0.6877E+01  0.6877E+01
  0.2067E+00  0.4760E+01  0.2310E+01  0.6872E+01  0.6872E+01
  0.2077E+00  0.8490E+01  0.2341E+01  0.6870E+01  0.6870E+01
  0.2086E+00  0.8670E+01  0.2361E+01  0.6873E+01  0.6873E+01
  0.2095E+00  0.4370E+01  0.2415E+01  0.6878E+01  0.6878E+01
  0.2105E+00  0.8770E+01  0.2403E+01  0.6887E+01  0.6887E+01
  0.2114E+00  0.8220E+01  0.2305E+01  0.6898E+01  0.6898E+01
  0.2123E+00  0.7590E+01  0.2379E+01  0.6913E+01  0.6913E+01
  0.2132E+00  0.8660E+01  0.2422E+01  0.6929E+01  0.6929E+01
  0.2142E+00  0.1294E+02  0.2478E+01  0.6947E+01  0.6947E+01
  0.2151E+00  0.9430E+01  0.2464E+01  0.6967E+01  0.6967E+01
  0.2160E+00  0.7830E+01  0.2485E+01  0.6988E+01  0.6988E+01
  0.2170E+00  0.5710E+01  0.2417E+01  0.7010E+01  0.7010E+01
  0.2179E+00  0.7820E+01  0.2446E+01  0.7032E+01  0.7032E+01
  0.2188E+00  0.5430E+01  0.2456E+01  0.7055E+01  0.7055E+01
  0.2198E+00  0.8090E+01  0.2448E+01  0.7078E+01  0.7078E+01
  0.2207E+00  0.9600E+01  0.2507E+01  0.7100E+01  0.7100E+01
  0.2216E+00  0.1206E+02  0.2525E+01  0.7122E+01  0.7122E+01
  0.2225E+00  0.4570E+01  0.2511E+01  0.7143E+01  0.7143E+01
  0.2235E+00  0.4780E+01  0.2581E+01  0.7163E+01  0.7163E+01
  0.2244E+00  0.7990E+01  0.2559E+01  0.7181E+01  0.7181E+01
  0.2253E+00  0.1223E+02  0.2581E+01  0.7197E+01  0.7197E+01
  0.2263E+00  0.6740E+01  0.2620E+01  0.7213E+01  0.7213E+01
  0.2272E+00  0.6020E+01  0.2508E+01  0.7225E+01  0.7225E+01
  0.2281E+00  0.3170E+01  0.2583E+01  0.7235E+01  0.7235E+01
  0.2290E+00  0.7480E+01  0.2605E+01  0.7242E+01  0.7242E+01
  0.2300E+00  0.7770E+01  0.2557E+01  0.7247E+01  0.7247E+01
  0.2309E+00  0.1092E+02  0.2486E+01  0.7250E+01  0.7250E+01
  0.2318E+00  0.9800E+01  0.2484E+01  0.7249E+01  0.7249E+01
  0.2328E+00  0.9730E+01  0.2584E+01  0.7246E+01  0.7246E+01
  0.2337E+00  0.1500E+01  0.2600E+01  0.7239E+01  0.7239E+01
  0.2346E+00  0.1090E+01  0.2596E+01  0.7229E+01  0.7229E+01
  0.2356E+00  0.4170E+01  0.2552E+01  0.7216E+01  0.7216E+01
  0.2365E+00  0.1117E+02  0.2615E+01  0.7200E+01  0.7200E+01
  0.2374E+00  0.8730E+01  0.2618E+01  0.7181E+01  0.7181E+01
  0.2383E+00  0.3510E+01  0.2617E+01  0.7159E+01  0.7159E+01
  0.2393E+00  0.5530E+01  0.2647E+01  0.7134E+01  0.7134E+01
  0.2402E+00  0.9410E+01  0.2737E+01  0.7106E+01  0.7106E+01
  0.2411E+00  0.1129E+02  0.2644E+01  0.7075E+01  0.7075E+01
  0.2421E+00  0.1032E+02  0.2744E+01  0.7042E+01  0.7042E+01
  0.2430E+00  0.7960E+01  0.2645E+01  0.7005E+01  0.7005E+01
  0.2439E+00  0.4310E+01  0.2729E+01  0.6967E+01  0.6967E+01
  0.2449E+00  0.8380E+01  0.2698E+01  0.6926E+01  0.6926E+01
  0.2458E+00  0.7020E+01  0.2765E+01  0.6882E+01  0.6882E+01
  0.2467E+00  0.1860E+01  0.2706E+01  0.6837E+01  0.6837E+01
  0.2476E+00  0.4780E+01  0.2668E+01  0.6790E+01  0.6790E+01
  0.2486E+00  0.5800E+01  0.2735E+01  0.6741E+01  0.6741E+01
  0.2495E+00  0.6280E+01  0.2748E+01  0.6690E+01  0.6690E+01
  0.2504E+00  0.7670E+01  0.2850E+01  0.6639E+01  0.6639E+01
  0.2514E+00  0.1046E+02  0.2732E+01  0.6586E+01  0.6586E+01
  0.2523E+00  0.8080E+01  0.2871E+01  0.6532E+01  0.6532E+01
  0.2532E+00  0.1329E+02  0.2896E+01  0.6477E+01  0.6477E+01
  0.2541E+00  0.1366E+02  0.2816E+01  0.6422E+01  0.6422E+01
  0.2551E+00  0.1132E+02  0.2874E+01  0.6367E+01  0.6367E+01
  0.2560E+00  0.4310E+01  0.2853E+01  0.6311E+01  0.6311E+01
  0.2569E+00  0.2720E+01  0.2987E+01  0.6255E+01  0.6255E+01
  0.2579E+00 -0.3580E+01  0.2987E+01  0.6200E+01  0.6200E+01
  0.2588E+00  0.1220E+01  0.2972E+01  0.6145E+01  0.6145E+01
  0.2597E+00  0.9199E+00  0.3020E+01  0.6091E+01  0.6091E+01
  0.2607E+00  0.5120E+01  0.2893E+01  0.6036E+01  0.6036E+01
  0.2616E+00  0.9800E+00  0.3016E+01  0.5983E+01  0.5983E+01
  0.2625E+00  0.5270E+01  0.2937E+01  0.5931E+01  0.5931E+01
  0.2634E+00  0.2360E+01  0.2937E+01  0.5881E+01  0.5881E+01
  0.2644E+00  0.5310E+01  0.3070E+01  0.5831E+01  0.5831E+01
  0.2653E+00  0.8870E+01  0.2973E+01  0.5783E+01  0.5783E+01
  0.2662E+00  0.5020E+01  0.2995E+01  0.5736E+01  0.5736E+01
  0.2672E+00  0.4050E+01  0.2951E+01  0.5690E+01  0.5690E+01
  0.2681E+00  0.7080E+01  0.3040E+01  0.5647E+01  0.5647E+01
  0.2690E+00  0.9110E+01  0.3082E+01  0.5605E+01  0.5605E+01
  0.2700E+00  0.3810E+01  0.2979E+01  0.5565E+01  0.5565E+01
  0.2709E+00  0.8050E+01  0.3090E+01  0.5527E+01  0.5527E+01
  0.2718E+00  0.1214E+02  0.3001E+01  0.5490E+01  0.5490E+01
  0.2727E+00  0.6770E+01  0.3050E+01  0.5456E+01  0.5456E+01
  0.2737E+00  0.8760E+01  0.3081E+01  0.5423E+01  0.5423E+01
  0.2746E+00  0.1105E+02  0.3032E+01  0.5392E+01  0.5392E+01
  0.2755E+00  0.5540E+01  0.3070E+01  0.5363E+01  0.5363E+01
  0.2765E+00  0.7960E+01  0.3103E+01  0.5337E+01  0.5337E+01
  0.2774E+00  0.5850E+01  0.3185E+01  0.5312E+01  0.5312E+01
  0.2783E+00  0.5710E+01  0.3172E+01  0.5289E+01  0.5289E+01
  0.2792E+00  0.2002E-01  0.3175E+01  0.5267E+01  0.5267E+01
  0.2802E+00  0.6040E+01  0.3299E+01  0.5248E+01  0.5248E+01
  0.2811E+00 -0.8008E-01  0.3080E+01  0.5230E+01  0.5230E+01
  0.2820E+00  0.5300E+01  0.3170E+01  0.5214E+01  0.5214E+01
  0.2830E+00  0.4280E+01  0.3124E+01  0.5199E+01  0.5199E+01
  0.2839E+00 -0.3700E+00  0.3156E+01  0.5187E+01  0.5187E+01
  0.2848E+00  0.3470E+01  0.3089E+01  0.5175E+01  0.5175E+01
  0.2858E+00  0.6590E+01  0.3107E+01  0.5165E+01  0.5165E+01
  0.2867E+00  0.6300E+01  0.3127E+01  0.5156E+01  0.5156E+01
  0.2876E+00  0.9590E+01  0.3091E+01  0.5149E+01  0.5149E+01
  0.2885E+00  0.5390E+01  0.3091E+01  0.5142E+01  0.5142E+01
  0.2895E+00  0.3550E+01  0.3075E+01  0.5137E+01  0.5137E+01
  0.2904E+00 -0.1060E+01  0.3107E+01  0.5132E+01  0.5132E+01
  0.2913E+00  0.7140E+01  0.3090E+01  0.5129E+01  0.5129E+01
  0.2923E+00  0.5310E+01  0.3044E+01  0.5127E+01  0.5127E+01
  0.2932E+00  0.4950E+01  0.3065E+01  0.5124E+01  0.5124E+01
  0.2941E+00  0.5850E+01  0.2986E+01  0.5122E+01  0.5122E+01
  0.2951E+00  0.2991E-01  0.3050E+01  0.5121E+01  0.5121E+01
  0.2960E+00  0.7150E+01  0.3099E+01  0.5120E+01  0.5120E+01
  0.2969E+00  0.2020E+01  0.3084E+01  0.5120E+01  0.5120E+01
  0.2978E+00  0.1700E+01  0.3098E+01  0.5120E+01  0.5120E+01
  0.2988E+00  0.6520E+01  0.3129E+01  0.5120E+01  0.5120E+01
  0.2997E+00  0.9890E+01  0.3169E+01  0.5120E+01  0.5120E+01
  0.3006E+00  0.9540E+01  0.3150E+01  0.5120E+01  0.5120E+01
  0.3016E+00  0.8180E+01  0.3157E+01  0.5119E+01  0.5119E+01
  0.3025E+00  0.7820E+01  0.3191E+01  0.5119E+01  0.5119E+01
  0.3034E+00  0.1700E+00  0.3186E+01  0.5118E+01  0.5118E+01
  0.3043E+00 -0.9700E+00  0.3234E+01  0.5117E+01  0.5117E+01
  0.3053E+00  0.1530E+01  0.3214E+01  0.5116E+01  0.5116E+01
  0.3062E+00 -0.2430E+01  0.3162E+01  0.5114E+01  0.5114E+01
  0.3071E+00  0.3400E+00  0.3172E+01  0.5112E+01  0.5112E+01
  0.3081E+00  0.1830E+01  0.3185E+01  0.5109E+01  0.5109E+01
  0.3090E+00  0.5300E+01  0.3211E+01  0.5105E+01  0.5105E+01
  0.3099E+00  0.5030E+01  0.3170E+01  0.5101E+01  0.5101E+01
  0.3109E+00  0.6160E+01  0.3233E+01  0.5096E+01  0.5096E+01
  0.3118E+00  0.5220E+01  0.3100E+01  0.5091E+01  0.5091E+01
  0.3127E+00  0.8170E+01  0.3209E+01  0.5085E+01  0.5085E+01
  0.3136E+00  0.7370E+01  0.3224E+01  0.5078E+01  0.5078E+01
  0.3146E+00  0.9040E+01  0.3170E+01  0.5070E+01  0.5070E+01
  0.3155E+00  0.1104E+02  0.3195E+01  0.5061E+01  0.5061E+01
  0.3164E+00  0.7530E+01  0.3103E+01  0.5052E+01  0.5052E+01
  0.3174E+00  0.1264E+02  0.3175E+01  0.5042E+01  0.5042E+01
  0.3183E+00  0.6370E+01  0.3168E+01  0.5031E+01  0.5031E+01
  0.3192E+00  0.7580E+01  0.3146E+01  0.5019E+01  0.5019E+01
  0.3202E+00  0.9030E+01  0.3219E+01  0.5006E+01  0.5006E+01
  0.3211E+00  0.3140E+01  0.3113E+01  0.4993E+01  0.4993E+01
  0.3220E+00  0.1090E+01  0.3084E+01  0.4979E+01  0.4979E+01
  0.3229E+00  0.3280E+01  0.3139E+01  0.4964E+01  0.4964E+01
  0.3239E+00  0.1147E+02  0.3135E+01  0.4948E+01  0.4948E+01
  0.3248E+00  0.1044E+02  0.3230E+01  0.4932E+01  0.4932E+01
  0.3257E+00  0.4010E+01  0.3106E+01  0.4915E+01  0.4915E+01
  0.3267E+00  0.2290E+01  0.3183E+01  0.4897E+01  0.4897E+01
  0.3276E+00  0.7620E+01  0.3174E+01  0.4879E+01  0.4879E+01
  0.3285E+00  0.1201E+02  0.3030E+01  0.4860E+01  0.4860E+01
  0.3294E+00  0.4210E+01  0.3215E+01  0.4840E+01  0.4840E+01
  0.3304E+00 -0.2800E+00  0.3182E+01  0.4820E+01  0.4820E+01
  0.3313E+00 -0.1640E+01  0.3128E+01  0.4800E+01  0.4800E+01
  0.3322E+00  0.1260E+01  0.3098E+01  0.4779E+01  0.4779E+01
  0.3332E+00 -0.3003E-01  0.3104E+01  0.4758E+01  0.4758E+01
  0.3341E+00  0.1870E+01  0.3136E+01  0.4736E+01  0.4736E+01
  0.3350E+00  0.5040E+01  0.3153E+01  0.4714E+01  0.4714E+01
  0.3360E+00  0.7170E+01  0.3158E+01  0.4692E+01  0.4692E+01
  0.3369E+00  0.2720E+01  0.3203E+01  0.4669E+01  0.4669E+01
  0.3378E+00  0.2130E+01  0.3112E+01  0.4647E+01  0.4647E+01
  0.3387E+00  0.2890E+01  0.3187E+01  0.4624E+01  0.4624E+01
  0.3397E+00  0.1054E+02  0.3160E+01  0.4601E+01  0.4601E+01
  0.3406E+00  0.5020E+01  0.3199E+01  0.4578E+01  0.4578E+01
  0.3415E+00  0.4070E+01  0.3111E+01  0.4556E+01  0.4556E+01
  0.3425E+00  0.4480E+01  0.3170E+01  0.4533E+01  0.4533E+01
  0.3434E+00  0.8520E+01  0.3230E+01  0.4511E+01  0.4511E+01
  0.3443E+00  0.5170E+01  0.3108E+01  0.4489E+01  0.4489E+01
  0.3453E+00  0.3660E+01  0.3219E+01  0.4467E+01  0.4467E+01
  0.3462E+00  0.3930E+01  0.3118E+01  0.4445E+01  0.4445E+01
  0.3471E+00  0.1057E+02  0.3165E+01  0.4424E+01  0.4424E+01
  0.3480E+00  0.6840E+01  0.3115E+01  0.4403E+01  0.4403E+01
  0.3490E+00  0.9401E+00  0.3037E+01  0.4382E+01  0.4382E+01
  0.3499E+00  0.7760E+01  0.3123E+01  0.4362E+01  0.4362E+01
  0.3508E+00  0.6840E+01  0.3234E+01  0.4342E+01  0.4342E+01
  0.3518E+00  0.4230E+01  0.3183E+01  0.4323E+01  0.4323E+01
  0.3527E+00 -0.4210E+01  0.3092E+01  0.4304E+01  0.4304E+01
  0.3536E+00  0.7400E+00  0.3095E+01  0.4286E+01  0.4286E+01
  0.3545E+00  0.3820E+01  0.3183E+01  0.4269E+01  0.4269E+01
  0.3555E+00  0.7470E+01  0.3226E+01  0.4253E+01  0.4253E+01
  0.3564E+00 -0.3900E+01  0.3212E+01  0.4236E+01  0.4236E+01
  0.3573E+00  0.2910E+01  0.3139E+01  0.4220E+01  0.4220E+01
  0.3583E+00  0.6840E+01  0.3115E+01  0.4206E+01  0.4206E+01
  0.3592E+00  0.4100E+01  0.3122E+01  0.4192E+01  0.4192E+01
  0.3601E+00  0.3380E+01  0.3209E+01  0.4178E+01  0.4178E+01
  0.3611E+00  0.8260E+01  0.3160E+01  0.4165E+01  0.4165E+01
  0.3620E+00  0.7920E+01  0.3068E+01  0.4153E+01  0.4153E+01
  0.3629E+00 -0.1200E+00  0.3107E+01  0.4142E+01  0.4142E+01
  0.3638E+00  0.5830E+01  0.3082E+01  0.4131E+01  0.4131E+01
  0.3648E+00  0.8050E+01  0.3059E+01  0.4121E+01  0.4121E+01
  0.3657E+00  0.2170E+01  0.3095E+01  0.4112E+01  0.4112E+01
  0.3666E+00  0.1910E+01  0.2958E+01  0.4103E+01  0.4103E+01
  0.3676E+00  0.1010E+01  0.3038E+01  0.4095E+01  0.4095E+01
  0.3685E+00 -0.2300E+01  0.3046E+01  0.4087E+01  0.4087E+01
  0.3694E+00  0.2360E+01  0.2915E+01  0.4080E+01  0.4080E+01
  0.3704E+00  0.5300E+01  0.3049E+01  0.4074E+01  0.4074E+01
  0.3713E+00  0.7040E+01  0.3028E+01  0.4068E+01  0.4068E+01
  0.3722E+00  0.8200E+01  0.3023E+01  0.4062E+01  0.4062E+01
  0.3731E+00  0.6850E+01  0.3044E+01  0.4057E+01  0.4057E+01
  0.3741E+00 -0.1100E+01  0.3027E+01  0.4053E+01  0.4053E+01
  0.3750E+00  0.2650E+01  0.2991E+01  0.4048E+01  0.4048E+01
  0.3759E+00  0.3170E+01  0.3029E+01  0.4044E+01  0.4044E+01
  0.3769E+00  0.8480E+01  0.3014E+01  0.4041E+01  0.4041E+01
  0.3778E+00  0.1260E+01  0.3088E+01  0.4037E+01  0.4037E+01
  0.3787E+00 -0.7500E+00  0.3086E+01  0.4034E+01  0.4034E+01
  0.3796E+00  0.7210E+01  0.3054E+01  0.4031E+01  0.4031E+01
  0.3806E+00  0.2770E+01  0.2974E+01  0.4028E+01  0.4028E+01
  0.3815E+00  0.1540E+01  0.2972E+01  0.4025E+01  0.4025E+01
  0.3824E+00 -0.2220E+01  0.2878E+01  0.4022E+01  0.4022E+01
  0.3834E+00  0.1290E+01  0.2967E+01  0.4018E+01  0.4018E+01
  0.3843E+00  0.2880E+01  0.2986E+01  0.4015E+01  0.4015E+01
  0.3852E+00  0.9760E+01  0.2964E+01  0.4012E+01  0.4012E+01
  0.3862E+00  0.5650E+01  0.2941E+01  0.4008E+01  0.4008E+01
  0.3871E+00  0.9750E+01  0.3036E+01  0.4005E+01  0.4005E+01
  0.3880E+00  0.1053E+02  0.3034E+01  0.4001E+01  0.4001E+01
  0.3889E+00  0.3230E+01  0.2987E+01  0.3996E+01  0.3996E+01
  0.3899E+00  0.3220E+01  0.3079E+01  0.3991E+01  0.3991E+01
  0.3908E+00  0.1350E+01  0.3140E+01  0.3987E+01  0.3987E+01
  0.3917E+00  0.1180E+01  0.3140E+01  0.3981E+01  0.3981E+01
  0.3927E+00  0.1370E+01  0.3075E+01  0.3975E+01  0.3975E+01
  0.3936E+00  0.5820E+01  0.3098E+01  0.3969E+01  0.3969E+01
  0.3945E+00  0.1200E+02  0.3157E+01  0.3962E+01  0.3962E+01
  0.3955E+00  0.5620E+01  0.3202E+01  0.3955E+01  0.3955E+01
  0.3964E+00  0.5340E+01  0.3154E+01  0.3947E+01  0.3947E+01
  0.3973E+00  0.8640E+01  0.3065E+01  0.3939E+01  0.3939E+01
  0.3982E+00  0.5230E+01  0.3180E+01  0.3930E+01  0.3930E+01
  0.3992E+00  0.3920E+01  0.3041E+01  0.3920E+01  0.3920E+01
  0.4001E+00  0.7500E+01  0.3089E+01  0.3910E+01  0.3910E+01
  0.4010E+00  0.1500E+00  0.3052E+01  0.3899E+01  0.3899E+01
  0.4020E+00  0.2330E+01  0.3090E+01  0.3888E+01  0.3888E+01
  0.4029E+00  0.6180E+01  0.3025E+01  0.3876E+01  0.3876E+01
  0.4038E+00  0.5030E+01  0.3064E+01  0.3864E+01  0.3864E+01
  0.4047E+00  0.3570E+01  0.3105E+01  0.3851E+01  0.3851E+01

           Distance distribution  function of particle  


       R          P(R)      ERROR

  0.0000E+00  0.0000E+00  0.0000E+00
  0.1037E+01  0.4997E-01  0.3067E-02
  0.2074E+01  0.9492E-01  0.4391E-02
  0.3111E+01  0.1359E+00  0.4265E-02
  0.4148E+01  0.1746E+00  0.3205E-02
  0.5185E+01  0.2129E+00  0.2296E-02
  0.6222E+01  0.2530E+00  0.3098E-02
  0.7259E+01  0.2970E+00  0.4721E-02
  0.8296E+01  0.3467E+00  0.6039E-02
  0.9333E+01  0.4031E+00  0.6666E-02
  0.1037E+02  0.4671E+00  0.6527E-02
  0.1141E+02  0.5384E+00  0.5792E-02
  0.1244E+02  0.6165E+00  0.4926E-02
  0.1348E+02  0.7001E+00  0.4674E-02
  0.1452E+02  0.7877E+00  0.5426E-02
  0.1555E+02  0.8773E+00  0.6682E-02
  0.1659E+02  0.9673E+00  0.7815E-02
  0.1763E+02  0.1056E+01  0.8485E-02
  0.1867E+02  0.1142E+01  0.8598E-02
  0.1970E+02  0.1224E+01  0.8256E-02
  0.2074E+02  0.1301E+01  0.7722E-02
  0.2178E+02  0.1373E+01  0.7345E-02
  0.2281E+02  0.1440E+01  0.7384E-02
  0.2385E+02  0.1502E+01  0.7814E-02
  0.2489E+02  0.1559E+01  0.8383E-02
  0.2592E+02  0.1611E+01  0.8831E-02
  0.2696E+02  0.1657E+01  0.9025E-02
  0.2800E+02  0.1697E+01  0.8965E-02
  0.2904E+02  0.1731E+01  0.8754E-02
  0.3007E+02  0.1758E+01  0.8533E-02
  0.3111E+02  0.1778E+01  0.8412E-02
  0.3215E+02  0.1790E+01  0.8427E-02
  0.3318E+02  0.1793E+01  0.8550E-02
  0.3422E+02  0.1788E+01  0.8743E-02
  0.3526E+02  0.1775E+01  0.8995E-02
  0.3629E+02  0.1753E+01  0.9323E-02
  0.3733E+02  0.1725E+01  0.9727E-02
  0.3837E+02  0.1690E+01  0.1017E-01
  0.3941E+02  0.1649E+01  0.1056E-01
  0.4044E+02  0.1604E+01  0.1082E-01
  0.4148E+02  0.1555E+01  0.1092E-01
  0.4252E+02  0.1503E+01  0.1088E-01
  0.4355E+02  0.1449E+01  0.1082E-01
  0.4459E+02  0.1393E+01  0.1089E-01
  0.4563E+02  0.1337E+01  0.1119E-01
  0.4666E+02  0.1279E+01  0.1172E-01
  0.4770E+02  0.1221E+01  0.1236E-01
  0.4874E+02  0.1162E+01  0.1296E-01
  0.4978E+02  0.1104E+01  0.1343E-01
  0.5081E+02  0.1046E+01  0.1370E-01
  0.5185E+02  0.9889E+00  0.1383E-01
  0.5289E+02  0.9335E+00  0.1390E-01
  0.5392E+02  0.8802E+00  0.1402E-01
  0.5496E+02  0.8296E+00  0.1424E-01
  0.5600E+02  0.7821E+00  0.1457E-01
  0.5703E+02  0.7379E+00  0.1495E-01
  0.5807E+02  0.6970E+00  0.1530E-01
  0.5911E+02  0.6594E+00  0.1552E-01
  0.6015E+02  0.6246E+00  0.1558E-01
  0.6118E+02  0.5922E+00  0.1547E-01
  0.6222E+02  0.5617E+00  0.1521E-01
  0.6326E+02  0.5327E+00  0.1487E-01
  0.6429E+02  0.5047E+00  0.1452E-01
  0.6533E+02  0.4777E+00  0.1428E-01
  0.6637E+02  0.4517E+00  0.1424E-01
  0.6741E+02  0.4270E+00  0.1443E-01
  0.6844E+02  0.4041E+00  0.1484E-01
  0.6948E+02  0.3835E+00  0.1536E-01
  0.7052E+02  0.3659E+00  0.1587E-01
  0.7155E+02  0.3519E+00  0.1625E-01
  0.7259E+02  0.3416E+00  0.1643E-01
  0.7363E+02  0.3353E+00  0.1642E-01
  0.7466E+02  0.3327E+00  0.1631E-01
  0.7570E+02  0.3333E+00  0.1621E-01
  0.7674E+02  0.3361E+00  0.1624E-01
  0.7777E+02  0.3401E+00  0.1647E-01
  0.7881E+02  0.3441E+00  0.1682E-01
  0.7985E+02  0.3467E+00  0.1718E-01
  0.8089E+02  0.3469E+00  0.1740E-01
  0.8192E+02  0.3438E+00  0.1735E-01
  0.8296E+02  0.3367E+00  0.1700E-01
  0.8400E+02  0.3255E+00  0.1638E-01
  0.8503E+02  0.3103E+00  0.1561E-01
  0.8607E+02  0.2916E+00  0.1484E-01
  0.8711E+02  0.2701E+00  0.1422E-01
  0.8814E+02  0.2467E+00  0.1383E-01
  0.8918E+02  0.2224E+00  0.1370E-01
  0.9022E+02  0.1982E+00  0.1378E-01
  0.9126E+02  0.1747E+00  0.1405E-01
  0.9229E+02  0.1527E+00  0.1453E-01
  0.9333E+02  0.1325E+00  0.1527E-01
  0.9437E+02  0.1141E+00  0.1631E-01
  0.9540E+02  0.9768E-01  0.1760E-01
  0.9644E+02  0.8287E-01  0.1896E-01
  0.9748E+02  0.6940E-01  0.2009E-01
  0.9851E+02  0.5696E-01  0.2061E-01
  0.9955E+02  0.4521E-01  0.2011E-01
  0.1006E+03  0.3387E-01  0.1817E-01
  0.1016E+03  0.2271E-01  0.1440E-01
  0.1027E+03  0.1151E-01  0.8436E-02
  0.1037E+03  0.0000E+00  0.0000E+00
          Reciprocal space: Rg =   31.78     , I(0) =   0.9793E+03
     Real space: Rg =   31.81 +- 0.141  I(0) =   0.9793E+03 +-  0.3339E+01
