
           ####    G N O M   ---   Version 4.5a revised 09/02/02     ####

                                                  Sun Nov  5 12:16:44 2017
           ===    Run No   1   ===
 Run title:  0.000356363 0 0


  Number of points omitted at the end:         302
   *******   Working Directory :
   *******    Input file(s) : 24697_01F_S065_0_01.sub
           Condition P(rmin) = 0 is used. 
           Condition P(rmax) = 0 is used. 

          Experimental conditions for the first run
          -----------------------------------------

          Highest ALPHA is found to be   0.6643E+03

  The measure of inconsistency AN1 equals to    0.1055E+01

          Warning: using the chosen range in the real space 
             it is not possible to fit the data set within the
             given error band. 
     Alpha    Discrp  Oscill  Stabil  Sysdev  Positv  Valcen    Total   
  0.6643E+06 84.8996  1.2353  0.9580  0.0000  1.0000  0.8429  0.00001
  0.1329E+06 75.5092  1.2284  0.8495  0.0469  1.0000  0.8447  0.00001
  0.2657E+05 50.2018  1.2052  0.5565  0.2111  1.0000  0.8513  0.00001
  0.5314E+04 22.6186  1.1924  0.2283  0.0821  1.0000  0.8623  0.00001
  0.1063E+04  8.1675  1.2812  0.0783  0.3226  1.0000  0.8628  0.00001
  0.2126E+03  2.4971  1.3856  0.0324  0.4516  1.0000  0.8588  0.51553
  0.4251E+02  0.9146  1.4359  0.0116  0.6041  1.0000  0.8577  0.61368
  0.8503E+01  0.6704  1.4545  0.0046  0.7683  1.0000  0.8575  0.65214
  0.1701E+01  0.6431  1.4650  0.0063  0.7683  1.0000  0.8575  0.67512
  0.3401E+00  0.6299  1.4946  0.0096  0.7683  1.0000  0.8575  0.51076
  0.6802E-01  0.6248  1.5395  0.0050  0.7801  0.9999  0.8573  0.10000
  0.1360E-01  0.6243  1.5615  0.0047  0.7801  0.9999  0.8571  0.10000
  0.2721E-02  0.6242  1.5991  0.0183  0.7683  0.9999  0.8560  0.44601
  0.5442E-03  0.6239  1.9427  0.0531  0.7566  0.9999  0.8516  0.40922
  0.1088E-03  0.6234  3.8361  0.1651  0.7566  0.9984  0.8378  0.10000
  0.2177E-04  0.6221 10.5443  0.4227  0.7683  0.9674  0.6906  0.10000
  0.4353E-05  0.6203 15.9922  0.3323  0.7683  0.8822  0.3879  0.10000
  0.8707E-06  0.6195 17.9921  0.3947  0.7801  0.8181  0.3372  0.10000
  0.1741E-06  0.6189 18.6925  0.7958  0.7801  0.7696  0.3418  0.10000
  0.3483E-07  0.6171 19.0904  0.8534  0.7801  0.7277  0.3575  0.10000
  0.6965E-08  0.6097 20.6649  0.8894  0.7801  0.7161  0.3630  0.10000
  0.1393E-08  0.5828 21.9054  0.7707  0.7918  0.7173  0.3671  0.10000
  0.2786E-09  0.5214 24.2811  0.5817  0.8035  0.7232  0.3678  0.10000
  0.5572E-10  0.4265 29.5260  0.4678  0.8152  0.7325  0.3510  0.10000
  0.1114E-10  0.2970 38.0797  0.4029  0.7918  0.7244  0.3419  0.10000
  0.2229E-11  0.1512 46.2104  0.3046  0.8152  0.7010  0.2920  0.10000
  0.4458E-12  0.0499 49.8672  0.1394  0.8504  0.7100  0.3628  0.10000
  0.8916E-13  0.0119 50.8098  0.0387  0.8504  0.7206  0.4172  0.10000
  0.1783E-13  0.0025 51.0090  0.0084  0.8387  0.7236  0.4301  0.10000
  0.3566E-14  0.0005 51.0493  0.0017  0.8270  0.7242  0.4328  0.10000
  0.7132E-15  0.0001 51.0573  0.0003  0.8270  0.7243  0.4333  0.10000

          ***  Golden section search to maximize estimate ***
     Alpha    Discrp  Oscill  Stabil  Sysdev  Positv  Valcen    Total   
  0.9196E+00  0.6376  1.4722  0.0083  0.7683  1.0000  0.8575  0.62420
  0.2151E+01  0.6453  1.4631  0.0056  0.7683  1.0000  0.8575  0.66794
  0.1345E+01  0.6410  1.4673  0.0071  0.7683  1.0000  0.8575  0.68203
  0.1163E+01  0.6397  1.4690  0.0076  0.7683  1.0000  0.8575  0.65998
  0.1471E+01  0.6418  1.4663  0.0068  0.7683  1.0000  0.8575  0.68033
  0.1272E+01  0.6405  1.4679  0.0073  0.7683  1.0000  0.8575  0.67367
  0.1391E+01  0.6413  1.4669  0.0070  0.7683  1.0000  0.8575  0.68248
  0.1421E+01  0.6415  1.4667  0.0069  0.7683  1.0000  0.8575  0.68165
  0.1373E+01  0.6412  1.4670  0.0070  0.7683  1.0000  0.8575  0.68300
  0.1362E+01  0.6411  1.4671  0.0070  0.7683  1.0000  0.8575  0.68333
  0.1356E+01  0.6411  1.4672  0.0070  0.7683  1.0000  0.8575  0.68324
  0.1367E+01  0.6411  1.4671  0.0070  0.7683  1.0000  0.8575  0.68320
  0.1360E+01  0.6411  1.4671  0.0070  0.7683  1.0000  0.8575  0.68340
  0.1358E+01  0.6411  1.4672  0.0070  0.7683  1.0000  0.8575  0.68345
  0.1357E+01  0.6411  1.4672  0.0070  0.7683  1.0000  0.8575  0.68342
  0.1359E+01  0.6411  1.4672  0.0070  0.7683  1.0000  0.8575  0.68343
  0.1358E+01  0.6411  1.4672  0.0070  0.7683  1.0000  0.8575  0.68346
  0.1358E+01  0.6411  1.4672  0.0070  0.7683  1.0000  0.8575  0.68346



             ####            Final results            ####

 Parameter    DISCRP    OSCILL    STABIL    SYSDEV    POSITV    VALCEN
 Weight        1.000     3.000     3.000     4.000     1.000     1.000
 Sigma         0.500     0.600     0.120     0.200     0.120     0.120
 Ideal         1.000     1.100     0.000     1.000     1.000     0.950
 Current       0.641     1.467     0.007     0.768     1.000     0.858
                - - - - - - - - - - - - - - - - - - - - - - - - - 
 Estimate      0.597     0.688     0.997     0.261     1.000     0.552

  Angular   range    :     from    0.0078   to    0.3248
  Real space range   :     from      0.00   to    129.20

  Highest ALPHA (theor) :   0.664E+06                 JOB = 0
  Current ALPHA         :   0.136E+01   Rg :  0.377E+02   I(0) :   0.352E+04

           Total  estimate : 0.683  which is  A REASONABLE  solution

      S          J EXP       ERROR       J REG       I REG

  0.0000E+00                                      0.3517E+04
  0.9742E-03                                      0.3515E+04
  0.1948E-02                                      0.3511E+04
  0.2923E-02                                      0.3503E+04
  0.3897E-02                                      0.3492E+04
  0.4871E-02                                      0.3478E+04
  0.5845E-02                                      0.3460E+04
  0.6819E-02                                      0.3440E+04
  0.7793E-02  0.3184E+04  0.1325E+03  0.3417E+04  0.3417E+04
  0.8723E-02  0.3389E+04  0.1291E+03  0.3393E+04  0.3393E+04
  0.9653E-02  0.3312E+04  0.1081E+03  0.3365E+04  0.3365E+04
  0.1058E-01  0.3285E+04  0.9223E+02  0.3336E+04  0.3336E+04
  0.1151E-01  0.3227E+04  0.5760E+02  0.3304E+04  0.3304E+04
  0.1244E-01  0.3249E+04  0.3717E+02  0.3269E+04  0.3269E+04
  0.1337E-01  0.3219E+04  0.2827E+02  0.3233E+04  0.3233E+04
  0.1430E-01  0.3184E+04  0.2437E+02  0.3194E+04  0.3194E+04
  0.1523E-01  0.3190E+04  0.2097E+02  0.3153E+04  0.3153E+04
  0.1616E-01  0.3084E+04  0.1725E+02  0.3110E+04  0.3110E+04
  0.1709E-01  0.3050E+04  0.1622E+02  0.3066E+04  0.3066E+04
  0.1802E-01  0.3046E+04  0.1737E+02  0.3020E+04  0.3020E+04
  0.1895E-01  0.2986E+04  0.1581E+02  0.2972E+04  0.2972E+04
  0.1988E-01  0.2922E+04  0.1566E+02  0.2923E+04  0.2923E+04
  0.2081E-01  0.2855E+04  0.1317E+02  0.2872E+04  0.2872E+04
  0.2174E-01  0.2785E+04  0.1373E+02  0.2820E+04  0.2820E+04
  0.2267E-01  0.2764E+04  0.1192E+02  0.2768E+04  0.2768E+04
  0.2360E-01  0.2714E+04  0.1213E+02  0.2714E+04  0.2714E+04
  0.2453E-01  0.2671E+04  0.1154E+02  0.2659E+04  0.2659E+04
  0.2546E-01  0.2612E+04  0.1190E+02  0.2603E+04  0.2603E+04
  0.2639E-01  0.2552E+04  0.1050E+02  0.2547E+04  0.2547E+04
  0.2732E-01  0.2518E+04  0.1088E+02  0.2491E+04  0.2491E+04
  0.2825E-01  0.2449E+04  0.1101E+02  0.2434E+04  0.2434E+04
  0.2918E-01  0.2389E+04  0.9964E+01  0.2376E+04  0.2376E+04
  0.3010E-01  0.2315E+04  0.1024E+02  0.2319E+04  0.2319E+04
  0.3103E-01  0.2257E+04  0.1062E+02  0.2261E+04  0.2261E+04
  0.3196E-01  0.2215E+04  0.1070E+02  0.2204E+04  0.2204E+04
  0.3289E-01  0.2168E+04  0.1006E+02  0.2147E+04  0.2147E+04
  0.3382E-01  0.2083E+04  0.9030E+01  0.2089E+04  0.2089E+04
  0.3475E-01  0.2037E+04  0.8764E+01  0.2033E+04  0.2033E+04
  0.3568E-01  0.1969E+04  0.9379E+01  0.1976E+04  0.1976E+04
  0.3661E-01  0.1896E+04  0.8236E+01  0.1921E+04  0.1921E+04
  0.3754E-01  0.1849E+04  0.7910E+01  0.1865E+04  0.1865E+04
  0.3847E-01  0.1812E+04  0.7632E+01  0.1811E+04  0.1811E+04
  0.3940E-01  0.1756E+04  0.7767E+01  0.1757E+04  0.1757E+04
  0.4033E-01  0.1700E+04  0.7308E+01  0.1704E+04  0.1704E+04
  0.4126E-01  0.1649E+04  0.7488E+01  0.1652E+04  0.1652E+04
  0.4219E-01  0.1599E+04  0.7742E+01  0.1601E+04  0.1601E+04
  0.4312E-01  0.1543E+04  0.7277E+01  0.1550E+04  0.1550E+04
  0.4405E-01  0.1506E+04  0.7370E+01  0.1501E+04  0.1501E+04
  0.4498E-01  0.1456E+04  0.7632E+01  0.1453E+04  0.1453E+04
  0.4591E-01  0.1403E+04  0.7385E+01  0.1406E+04  0.1406E+04
  0.4684E-01  0.1363E+04  0.7075E+01  0.1360E+04  0.1360E+04
  0.4777E-01  0.1320E+04  0.7010E+01  0.1315E+04  0.1315E+04
  0.4870E-01  0.1282E+04  0.6789E+01  0.1271E+04  0.1271E+04
  0.4963E-01  0.1232E+04  0.6328E+01  0.1229E+04  0.1229E+04
  0.5056E-01  0.1185E+04  0.6034E+01  0.1187E+04  0.1187E+04
  0.5149E-01  0.1151E+04  0.6340E+01  0.1147E+04  0.1147E+04
  0.5242E-01  0.1116E+04  0.6081E+01  0.1108E+04  0.1108E+04
  0.5335E-01  0.1082E+04  0.6694E+01  0.1071E+04  0.1071E+04
  0.5428E-01  0.1024E+04  0.5855E+01  0.1034E+04  0.1034E+04
  0.5521E-01  0.9988E+03  0.5539E+01  0.9987E+03  0.9987E+03
  0.5613E-01  0.9666E+03  0.5248E+01  0.9645E+03  0.9645E+03
  0.5706E-01  0.9322E+03  0.5736E+01  0.9314E+03  0.9314E+03
  0.5799E-01  0.9002E+03  0.5438E+01  0.8995E+03  0.8995E+03
  0.5892E-01  0.8646E+03  0.5224E+01  0.8687E+03  0.8687E+03
  0.5985E-01  0.8329E+03  0.5237E+01  0.8390E+03  0.8390E+03
  0.6078E-01  0.8097E+03  0.5463E+01  0.8103E+03  0.8103E+03
  0.6171E-01  0.7833E+03  0.5330E+01  0.7827E+03  0.7827E+03
  0.6264E-01  0.7502E+03  0.5270E+01  0.7561E+03  0.7561E+03
  0.6357E-01  0.7397E+03  0.5259E+01  0.7305E+03  0.7305E+03
  0.6450E-01  0.7083E+03  0.5085E+01  0.7058E+03  0.7058E+03
  0.6543E-01  0.6902E+03  0.4915E+01  0.6821E+03  0.6821E+03
  0.6636E-01  0.6639E+03  0.4939E+01  0.6592E+03  0.6592E+03
  0.6729E-01  0.6358E+03  0.4724E+01  0.6372E+03  0.6372E+03
  0.6822E-01  0.6106E+03  0.4642E+01  0.6161E+03  0.6161E+03
  0.6915E-01  0.5902E+03  0.4503E+01  0.5957E+03  0.5957E+03
  0.7008E-01  0.5737E+03  0.4364E+01  0.5761E+03  0.5761E+03
  0.7101E-01  0.5576E+03  0.4353E+01  0.5572E+03  0.5572E+03
  0.7194E-01  0.5391E+03  0.4398E+01  0.5390E+03  0.5390E+03
  0.7287E-01  0.5174E+03  0.4334E+01  0.5215E+03  0.5215E+03
  0.7380E-01  0.4909E+03  0.4359E+01  0.5047E+03  0.5047E+03
  0.7473E-01  0.4795E+03  0.4225E+01  0.4884E+03  0.4884E+03
  0.7566E-01  0.4808E+03  0.4400E+01  0.4727E+03  0.4727E+03
  0.7659E-01  0.4630E+03  0.4378E+01  0.4576E+03  0.4576E+03
  0.7752E-01  0.4475E+03  0.4407E+01  0.4429E+03  0.4429E+03
  0.7845E-01  0.4316E+03  0.4182E+01  0.4288E+03  0.4288E+03
  0.7938E-01  0.4178E+03  0.4202E+01  0.4152E+03  0.4152E+03
  0.8031E-01  0.4067E+03  0.4118E+01  0.4020E+03  0.4020E+03
  0.8123E-01  0.3953E+03  0.3914E+01  0.3892E+03  0.3892E+03
  0.8216E-01  0.3781E+03  0.3943E+01  0.3769E+03  0.3769E+03
  0.8309E-01  0.3630E+03  0.3878E+01  0.3649E+03  0.3649E+03
  0.8402E-01  0.3526E+03  0.3947E+01  0.3533E+03  0.3533E+03
  0.8495E-01  0.3460E+03  0.3865E+01  0.3421E+03  0.3421E+03
  0.8588E-01  0.3249E+03  0.3704E+01  0.3311E+03  0.3311E+03
  0.8681E-01  0.3140E+03  0.3766E+01  0.3205E+03  0.3205E+03
  0.8774E-01  0.3119E+03  0.3698E+01  0.3102E+03  0.3102E+03
  0.8867E-01  0.3026E+03  0.3624E+01  0.3002E+03  0.3002E+03
  0.8960E-01  0.2891E+03  0.3640E+01  0.2905E+03  0.2905E+03
  0.9053E-01  0.2755E+03  0.3604E+01  0.2810E+03  0.2810E+03
  0.9146E-01  0.2742E+03  0.3743E+01  0.2718E+03  0.2718E+03
  0.9239E-01  0.2684E+03  0.3564E+01  0.2629E+03  0.2629E+03
  0.9332E-01  0.2530E+03  0.3549E+01  0.2542E+03  0.2542E+03
  0.9425E-01  0.2441E+03  0.3442E+01  0.2457E+03  0.2457E+03
  0.9518E-01  0.2399E+03  0.3405E+01  0.2374E+03  0.2374E+03
  0.9611E-01  0.2325E+03  0.3504E+01  0.2294E+03  0.2294E+03
  0.9704E-01  0.2283E+03  0.3413E+01  0.2215E+03  0.2215E+03
  0.9797E-01  0.2132E+03  0.3419E+01  0.2139E+03  0.2139E+03
  0.9890E-01  0.2116E+03  0.3369E+01  0.2065E+03  0.2065E+03
  0.9983E-01  0.2027E+03  0.3330E+01  0.1993E+03  0.1993E+03
  0.1008E+00  0.1908E+03  0.3259E+01  0.1922E+03  0.1922E+03
  0.1017E+00  0.1798E+03  0.3204E+01  0.1854E+03  0.1854E+03
  0.1026E+00  0.1696E+03  0.3235E+01  0.1787E+03  0.1787E+03
  0.1035E+00  0.1706E+03  0.3190E+01  0.1722E+03  0.1722E+03
  0.1045E+00  0.1694E+03  0.3233E+01  0.1659E+03  0.1659E+03
  0.1054E+00  0.1652E+03  0.3140E+01  0.1598E+03  0.1598E+03
  0.1063E+00  0.1537E+03  0.3228E+01  0.1538E+03  0.1538E+03
  0.1073E+00  0.1405E+03  0.3249E+01  0.1481E+03  0.1481E+03
  0.1082E+00  0.1399E+03  0.3113E+01  0.1425E+03  0.1425E+03
  0.1091E+00  0.1298E+03  0.3175E+01  0.1370E+03  0.1370E+03
  0.1101E+00  0.1345E+03  0.3034E+01  0.1317E+03  0.1317E+03
  0.1110E+00  0.1265E+03  0.3095E+01  0.1266E+03  0.1266E+03
  0.1119E+00  0.1221E+03  0.3152E+01  0.1216E+03  0.1216E+03
  0.1128E+00  0.1185E+03  0.2966E+01  0.1168E+03  0.1168E+03
  0.1138E+00  0.1173E+03  0.2973E+01  0.1122E+03  0.1122E+03
  0.1147E+00  0.1088E+03  0.2999E+01  0.1077E+03  0.1077E+03
  0.1156E+00  0.1028E+03  0.3044E+01  0.1033E+03  0.1033E+03
  0.1166E+00  0.9895E+02  0.3225E+01  0.9916E+02  0.9916E+02
  0.1175E+00  0.9389E+02  0.3253E+01  0.9511E+02  0.9511E+02
  0.1184E+00  0.8694E+02  0.3076E+01  0.9121E+02  0.9121E+02
  0.1193E+00  0.8652E+02  0.3020E+01  0.8745E+02  0.8745E+02
  0.1203E+00  0.7964E+02  0.3008E+01  0.8383E+02  0.8383E+02
  0.1212E+00  0.8078E+02  0.3004E+01  0.8034E+02  0.8034E+02
  0.1221E+00  0.7979E+02  0.2967E+01  0.7700E+02  0.7700E+02
  0.1231E+00  0.7498E+02  0.2962E+01  0.7378E+02  0.7378E+02
  0.1240E+00  0.7238E+02  0.3017E+01  0.7070E+02  0.7070E+02
  0.1249E+00  0.6989E+02  0.2953E+01  0.6774E+02  0.6774E+02
  0.1259E+00  0.6616E+02  0.2833E+01  0.6490E+02  0.6490E+02
  0.1268E+00  0.6355E+02  0.2936E+01  0.6220E+02  0.6220E+02
  0.1277E+00  0.5836E+02  0.2980E+01  0.5961E+02  0.5961E+02
  0.1286E+00  0.5262E+02  0.2970E+01  0.5714E+02  0.5714E+02
  0.1296E+00  0.5366E+02  0.2965E+01  0.5478E+02  0.5478E+02
  0.1305E+00  0.5539E+02  0.2974E+01  0.5254E+02  0.5254E+02
  0.1314E+00  0.5241E+02  0.2977E+01  0.5041E+02  0.5041E+02
  0.1324E+00  0.4947E+02  0.2881E+01  0.4839E+02  0.4839E+02
  0.1333E+00  0.4684E+02  0.2944E+01  0.4647E+02  0.4647E+02
  0.1342E+00  0.4116E+02  0.2871E+01  0.4465E+02  0.4465E+02
  0.1352E+00  0.4305E+02  0.2857E+01  0.4294E+02  0.4294E+02
  0.1361E+00  0.4314E+02  0.2917E+01  0.4132E+02  0.4132E+02
  0.1370E+00  0.3599E+02  0.2851E+01  0.3979E+02  0.3979E+02
  0.1379E+00  0.3656E+02  0.2871E+01  0.3836E+02  0.3836E+02
  0.1389E+00  0.3965E+02  0.2905E+01  0.3702E+02  0.3702E+02
  0.1398E+00  0.3792E+02  0.2845E+01  0.3577E+02  0.3577E+02
  0.1407E+00  0.3572E+02  0.2845E+01  0.3460E+02  0.3460E+02
  0.1417E+00  0.3691E+02  0.2847E+01  0.3351E+02  0.3351E+02
  0.1426E+00  0.2952E+02  0.2845E+01  0.3250E+02  0.3250E+02
  0.1435E+00  0.3065E+02  0.2785E+01  0.3156E+02  0.3156E+02
  0.1445E+00  0.3436E+02  0.2983E+01  0.3070E+02  0.3070E+02
  0.1454E+00  0.3198E+02  0.2845E+01  0.2991E+02  0.2991E+02
  0.1463E+00  0.2483E+02  0.2719E+01  0.2918E+02  0.2918E+02
  0.1472E+00  0.2860E+02  0.2814E+01  0.2852E+02  0.2852E+02
  0.1482E+00  0.3089E+02  0.2756E+01  0.2792E+02  0.2792E+02
  0.1491E+00  0.2827E+02  0.2806E+01  0.2738E+02  0.2738E+02
  0.1500E+00  0.2826E+02  0.2772E+01  0.2690E+02  0.2690E+02
  0.1510E+00  0.2478E+02  0.2787E+01  0.2647E+02  0.2647E+02
  0.1519E+00  0.2575E+02  0.2748E+01  0.2609E+02  0.2609E+02
  0.1528E+00  0.2325E+02  0.2745E+01  0.2575E+02  0.2575E+02
  0.1537E+00  0.2598E+02  0.2861E+01  0.2546E+02  0.2546E+02
  0.1547E+00  0.2216E+02  0.2685E+01  0.2521E+02  0.2521E+02
  0.1556E+00  0.2257E+02  0.2782E+01  0.2500E+02  0.2500E+02
  0.1565E+00  0.2306E+02  0.2728E+01  0.2482E+02  0.2482E+02
  0.1575E+00  0.1722E+02  0.2666E+01  0.2468E+02  0.2468E+02
  0.1584E+00  0.1858E+02  0.2693E+01  0.2457E+02  0.2457E+02
  0.1593E+00  0.2044E+02  0.2657E+01  0.2448E+02  0.2448E+02
  0.1603E+00  0.2541E+02  0.2758E+01  0.2442E+02  0.2442E+02
  0.1612E+00  0.3722E+02  0.2712E+01  0.2438E+02  0.2438E+02
  0.1621E+00  0.2741E+02  0.2608E+01  0.2436E+02  0.2436E+02
  0.1630E+00  0.1777E+02  0.2736E+01  0.2436E+02  0.2436E+02
  0.1640E+00  0.2451E+02  0.2662E+01  0.2437E+02  0.2437E+02
  0.1649E+00  0.2497E+02  0.2779E+01  0.2439E+02  0.2439E+02
  0.1658E+00  0.2252E+02  0.2790E+01  0.2442E+02  0.2442E+02
  0.1668E+00  0.2393E+02  0.2726E+01  0.2446E+02  0.2446E+02
  0.1677E+00  0.2408E+02  0.2776E+01  0.2451E+02  0.2451E+02
  0.1686E+00  0.2726E+02  0.2733E+01  0.2457E+02  0.2457E+02
  0.1696E+00  0.2255E+02  0.2711E+01  0.2462E+02  0.2462E+02
  0.1705E+00  0.2829E+02  0.2639E+01  0.2467E+02  0.2467E+02
  0.1714E+00  0.2978E+02  0.2651E+01  0.2473E+02  0.2473E+02
  0.1723E+00  0.2414E+02  0.2782E+01  0.2478E+02  0.2478E+02
  0.1733E+00  0.3103E+02  0.2688E+01  0.2483E+02  0.2483E+02
  0.1742E+00  0.2948E+02  0.2725E+01  0.2488E+02  0.2488E+02
  0.1751E+00  0.1877E+02  0.2666E+01  0.2492E+02  0.2492E+02
  0.1761E+00  0.2221E+02  0.2699E+01  0.2496E+02  0.2496E+02
  0.1770E+00  0.2523E+02  0.2756E+01  0.2499E+02  0.2499E+02
  0.1779E+00  0.2694E+02  0.2709E+01  0.2502E+02  0.2502E+02
  0.1788E+00  0.2996E+02  0.2700E+01  0.2503E+02  0.2503E+02
  0.1798E+00  0.2526E+02  0.2591E+01  0.2504E+02  0.2504E+02
  0.1807E+00  0.3118E+02  0.2694E+01  0.2504E+02  0.2504E+02
  0.1816E+00  0.2535E+02  0.2679E+01  0.2504E+02  0.2504E+02
  0.1826E+00  0.2034E+02  0.2636E+01  0.2502E+02  0.2502E+02
  0.1835E+00  0.1699E+02  0.2639E+01  0.2500E+02  0.2500E+02
  0.1844E+00  0.2087E+02  0.2652E+01  0.2498E+02  0.2498E+02
  0.1854E+00  0.2488E+02  0.2771E+01  0.2494E+02  0.2494E+02
  0.1863E+00  0.2857E+02  0.2727E+01  0.2490E+02  0.2490E+02
  0.1872E+00  0.2837E+02  0.2647E+01  0.2485E+02  0.2485E+02
  0.1881E+00  0.2597E+02  0.2707E+01  0.2479E+02  0.2479E+02
  0.1891E+00  0.2517E+02  0.2717E+01  0.2473E+02  0.2473E+02
  0.1900E+00  0.2306E+02  0.2775E+01  0.2466E+02  0.2466E+02
  0.1909E+00  0.2536E+02  0.2638E+01  0.2459E+02  0.2459E+02
  0.1919E+00  0.2430E+02  0.2638E+01  0.2451E+02  0.2451E+02
  0.1928E+00  0.2389E+02  0.2656E+01  0.2443E+02  0.2443E+02
  0.1937E+00  0.1954E+02  0.2661E+01  0.2435E+02  0.2435E+02
  0.1947E+00  0.2123E+02  0.2718E+01  0.2426E+02  0.2426E+02
  0.1956E+00  0.2601E+02  0.2631E+01  0.2416E+02  0.2416E+02
  0.1965E+00  0.2231E+02  0.2655E+01  0.2407E+02  0.2407E+02
  0.1974E+00  0.1894E+02  0.2631E+01  0.2397E+02  0.2397E+02
  0.1984E+00  0.2810E+02  0.2681E+01  0.2387E+02  0.2387E+02
  0.1993E+00  0.2569E+02  0.2752E+01  0.2377E+02  0.2377E+02
  0.2002E+00  0.2389E+02  0.2654E+01  0.2366E+02  0.2366E+02
  0.2012E+00  0.2106E+02  0.2661E+01  0.2356E+02  0.2356E+02
  0.2021E+00  0.2122E+02  0.2673E+01  0.2345E+02  0.2345E+02
  0.2030E+00  0.2131E+02  0.2691E+01  0.2334E+02  0.2334E+02
  0.2039E+00  0.2592E+02  0.2679E+01  0.2322E+02  0.2322E+02
  0.2049E+00  0.2477E+02  0.2624E+01  0.2311E+02  0.2311E+02
  0.2058E+00  0.2810E+02  0.2590E+01  0.2299E+02  0.2299E+02
  0.2067E+00  0.2415E+02  0.2636E+01  0.2287E+02  0.2287E+02
  0.2077E+00  0.1740E+02  0.2637E+01  0.2275E+02  0.2275E+02
  0.2086E+00  0.2391E+02  0.2603E+01  0.2262E+02  0.2262E+02
  0.2095E+00  0.2662E+02  0.2710E+01  0.2250E+02  0.2250E+02
  0.2105E+00  0.1824E+02  0.2691E+01  0.2237E+02  0.2237E+02
  0.2114E+00  0.2228E+02  0.2600E+01  0.2223E+02  0.2223E+02
  0.2123E+00  0.2216E+02  0.2658E+01  0.2210E+02  0.2210E+02
  0.2132E+00  0.2344E+02  0.2676E+01  0.2195E+02  0.2195E+02
  0.2142E+00  0.2516E+02  0.2723E+01  0.2181E+02  0.2181E+02
  0.2151E+00  0.1795E+02  0.3914E+01  0.2166E+02  0.2166E+02
  0.2160E+00  0.1653E+02  0.2711E+01  0.2150E+02  0.2150E+02
  0.2170E+00  0.1585E+02  0.2768E+01  0.2134E+02  0.2134E+02
  0.2179E+00  0.2506E+02  0.2742E+01  0.2118E+02  0.2118E+02
  0.2188E+00  0.2724E+02  0.2781E+01  0.2101E+02  0.2101E+02
  0.2198E+00  0.2932E+02  0.2789E+01  0.2084E+02  0.2084E+02
  0.2207E+00  0.2311E+02  0.2731E+01  0.2066E+02  0.2066E+02
  0.2216E+00  0.2172E+02  0.2894E+01  0.2048E+02  0.2048E+02
  0.2225E+00  0.2407E+02  0.2820E+01  0.2029E+02  0.2029E+02
  0.2235E+00  0.2101E+02  0.2925E+01  0.2010E+02  0.2010E+02
  0.2244E+00  0.2120E+02  0.2892E+01  0.1990E+02  0.1990E+02
  0.2253E+00  0.1944E+02  0.2835E+01  0.1970E+02  0.1970E+02
  0.2263E+00  0.1392E+02  0.2933E+01  0.1949E+02  0.1949E+02
  0.2272E+00  0.1487E+02  0.2860E+01  0.1929E+02  0.1929E+02
  0.2281E+00  0.1663E+02  0.2903E+01  0.1907E+02  0.1907E+02
  0.2290E+00  0.2156E+02  0.2941E+01  0.1886E+02  0.1886E+02
  0.2300E+00  0.1549E+02  0.2878E+01  0.1865E+02  0.1865E+02
  0.2309E+00  0.1415E+02  0.2782E+01  0.1843E+02  0.1843E+02
  0.2318E+00  0.7140E+01  0.2780E+01  0.1821E+02  0.1821E+02
  0.2328E+00  0.1642E+02  0.2921E+01  0.1800E+02  0.1800E+02
  0.2337E+00  0.2273E+02  0.2917E+01  0.1778E+02  0.1778E+02
  0.2346E+00  0.1813E+02  0.2885E+01  0.1757E+02  0.1757E+02
  0.2356E+00  0.1901E+02  0.2955E+01  0.1735E+02  0.1735E+02
  0.2365E+00  0.2262E+02  0.2987E+01  0.1714E+02  0.1714E+02
  0.2374E+00  0.1831E+02  0.3015E+01  0.1694E+02  0.1694E+02
  0.2383E+00  0.2114E+02  0.2968E+01  0.1674E+02  0.1674E+02
  0.2393E+00  0.1161E+02  0.2973E+01  0.1654E+02  0.1654E+02
  0.2402E+00  0.1386E+02  0.3005E+01  0.1635E+02  0.1635E+02
  0.2411E+00  0.1547E+02  0.2919E+01  0.1617E+02  0.1617E+02
  0.2421E+00  0.1896E+02  0.3011E+01  0.1600E+02  0.1600E+02
  0.2430E+00  0.1366E+02  0.3026E+01  0.1583E+02  0.1583E+02
  0.2439E+00  0.1354E+02  0.3005E+01  0.1567E+02  0.1567E+02
  0.2449E+00  0.1841E+02  0.3056E+01  0.1552E+02  0.1552E+02
  0.2458E+00  0.1721E+02  0.3094E+01  0.1538E+02  0.1538E+02
  0.2467E+00  0.1676E+02  0.3111E+01  0.1525E+02  0.1525E+02
  0.2476E+00  0.1565E+02  0.3096E+01  0.1513E+02  0.1513E+02
  0.2486E+00  0.1533E+02  0.3108E+01  0.1502E+02  0.1502E+02
  0.2495E+00  0.1528E+02  0.3050E+01  0.1492E+02  0.1492E+02
  0.2504E+00  0.1196E+02  0.3092E+01  0.1483E+02  0.1483E+02
  0.2514E+00  0.1333E+02  0.3119E+01  0.1475E+02  0.1475E+02
  0.2523E+00  0.1987E+02  0.3233E+01  0.1468E+02  0.1468E+02
  0.2532E+00  0.1391E+02  0.3180E+01  0.1462E+02  0.1462E+02
  0.2541E+00  0.1545E+02  0.3107E+01  0.1457E+02  0.1457E+02
  0.2551E+00  0.1635E+02  0.3296E+01  0.1453E+02  0.1453E+02
  0.2560E+00  0.1596E+02  0.3257E+01  0.1450E+02  0.1450E+02
  0.2569E+00  0.1199E+02  0.5480E+01  0.1448E+02  0.1448E+02
  0.2579E+00  0.1576E+02  0.4608E+01  0.1447E+02  0.1447E+02
  0.2588E+00  0.1302E+02  0.3420E+01  0.1447E+02  0.1447E+02
  0.2597E+00  0.1171E+02  0.3428E+01  0.1447E+02  0.1447E+02
  0.2607E+00  0.8180E+01  0.3313E+01  0.1448E+02  0.1448E+02
  0.2616E+00  0.1334E+02  0.3432E+01  0.1449E+02  0.1449E+02
  0.2625E+00  0.1371E+02  0.3359E+01  0.1451E+02  0.1451E+02
  0.2634E+00  0.6390E+01  0.3310E+01  0.1453E+02  0.1453E+02
  0.2644E+00  0.1349E+02  0.3442E+01  0.1456E+02  0.1456E+02
  0.2653E+00  0.1729E+02  0.3247E+01  0.1459E+02  0.1459E+02
  0.2662E+00  0.1626E+02  0.3281E+01  0.1462E+02  0.1462E+02
  0.2672E+00  0.2030E+02  0.3325E+01  0.1465E+02  0.1465E+02
  0.2681E+00  0.1304E+02  0.3340E+01  0.1468E+02  0.1468E+02
  0.2690E+00  0.1154E+02  0.3326E+01  0.1472E+02  0.1472E+02
  0.2700E+00  0.1503E+02  0.3262E+01  0.1475E+02  0.1475E+02
  0.2709E+00  0.7360E+01  0.3276E+01  0.1477E+02  0.1477E+02
  0.2718E+00  0.1230E+02  0.3289E+01  0.1480E+02  0.1480E+02
  0.2727E+00  0.1225E+02  0.3391E+01  0.1482E+02  0.1482E+02
  0.2737E+00  0.1294E+02  0.3470E+01  0.1484E+02  0.1484E+02
  0.2746E+00  0.2103E+02  0.3424E+01  0.1485E+02  0.1485E+02
  0.2755E+00  0.1827E+02  0.3569E+01  0.1485E+02  0.1485E+02
  0.2765E+00  0.2302E+02  0.3522E+01  0.1486E+02  0.1486E+02
  0.2774E+00  0.2411E+02  0.3693E+01  0.1485E+02  0.1485E+02
  0.2783E+00  0.1385E+02  0.3548E+01  0.1484E+02  0.1484E+02
  0.2792E+00  0.1658E+02  0.3619E+01  0.1483E+02  0.1483E+02
  0.2802E+00  0.1242E+02  0.3674E+01  0.1480E+02  0.1480E+02
  0.2811E+00  0.8630E+01  0.3532E+01  0.1478E+02  0.1478E+02
  0.2820E+00  0.1439E+02  0.3532E+01  0.1474E+02  0.1474E+02
  0.2830E+00  0.2126E+02  0.3567E+01  0.1470E+02  0.1470E+02
  0.2839E+00  0.2389E+02  0.3535E+01  0.1465E+02  0.1465E+02
  0.2848E+00  0.2081E+02  0.3567E+01  0.1460E+02  0.1460E+02
  0.2858E+00  0.8160E+01  0.3489E+01  0.1454E+02  0.1454E+02
  0.2867E+00  0.1466E+02  0.3358E+01  0.1448E+02  0.1448E+02
  0.2876E+00  0.1800E+02  0.3551E+01  0.1442E+02  0.1442E+02
  0.2885E+00  0.1765E+02  0.3492E+01  0.1435E+02  0.1435E+02
  0.2895E+00  0.1143E+02  0.3443E+01  0.1427E+02  0.1427E+02
  0.2904E+00  0.1317E+02  0.3336E+01  0.1420E+02  0.1420E+02
  0.2913E+00  0.1658E+02  0.3470E+01  0.1412E+02  0.1412E+02
  0.2923E+00  0.1586E+02  0.3399E+01  0.1404E+02  0.1404E+02
  0.2932E+00  0.5900E+01  0.3416E+01  0.1396E+02  0.1396E+02
  0.2941E+00  0.1524E+02  0.3409E+01  0.1387E+02  0.1387E+02
  0.2951E+00  0.1778E+02  0.3492E+01  0.1379E+02  0.1379E+02
  0.2960E+00  0.1845E+02  0.3513E+01  0.1371E+02  0.1371E+02
  0.2969E+00  0.1171E+02  0.3516E+01  0.1363E+02  0.1363E+02
  0.2978E+00  0.4640E+01  0.3502E+01  0.1355E+02  0.1355E+02
  0.2988E+00  0.1661E+02  0.3474E+01  0.1348E+02  0.1348E+02
  0.2997E+00  0.7710E+01  0.3542E+01  0.1340E+02  0.1340E+02
  0.3006E+00  0.7410E+01  0.3589E+01  0.1333E+02  0.1333E+02
  0.3016E+00  0.6130E+01  0.3555E+01  0.1327E+02  0.1327E+02
  0.3025E+00  0.1030E+02  0.3619E+01  0.1321E+02  0.1321E+02
  0.3034E+00  0.1115E+02  0.3521E+01  0.1315E+02  0.1315E+02
  0.3043E+00  0.1478E+02  0.3579E+01  0.1310E+02  0.1310E+02
  0.3053E+00  0.4620E+01  0.3511E+01  0.1305E+02  0.1305E+02
  0.3062E+00  0.7110E+01  0.3515E+01  0.1300E+02  0.1300E+02
  0.3071E+00  0.1660E+02  0.3643E+01  0.1297E+02  0.1297E+02
  0.3081E+00  0.2463E+02  0.3598E+01  0.1293E+02  0.1293E+02
  0.3090E+00  0.1256E+02  0.3641E+01  0.1290E+02  0.1290E+02
  0.3099E+00  0.1005E+02  0.3618E+01  0.1288E+02  0.1288E+02
  0.3109E+00  0.1557E+02  0.3625E+01  0.1286E+02  0.1286E+02
  0.3118E+00  0.1087E+02  0.3580E+01  0.1285E+02  0.1285E+02
  0.3127E+00  0.1332E+02  0.3630E+01  0.1284E+02  0.1284E+02
  0.3136E+00  0.1483E+02  0.3614E+01  0.1283E+02  0.1283E+02
  0.3146E+00  0.1132E+02  0.3554E+01  0.1283E+02  0.1283E+02
  0.3155E+00  0.2243E+02  0.3575E+01  0.1283E+02  0.1283E+02
  0.3164E+00  0.1653E+02  0.3522E+01  0.1283E+02  0.1283E+02
  0.3174E+00  0.6240E+01  0.3609E+01  0.1283E+02  0.1283E+02
  0.3183E+00  0.1345E+02  0.3623E+01  0.1284E+02  0.1284E+02
  0.3192E+00  0.1851E+02  0.3540E+01  0.1285E+02  0.1285E+02
  0.3202E+00  0.1347E+02  0.3626E+01  0.1286E+02  0.1286E+02
  0.3211E+00  0.1016E+02  0.3475E+01  0.1286E+02  0.1286E+02
  0.3220E+00  0.1252E+02  0.3456E+01  0.1287E+02  0.1287E+02
  0.3229E+00  0.1183E+02  0.3624E+01  0.1288E+02  0.1288E+02
  0.3239E+00  0.1720E+02  0.3458E+01  0.1288E+02  0.1288E+02
  0.3248E+00  0.2001E+02  0.3585E+01  0.1289E+02  0.1289E+02

           Distance distribution  function of particle  


       R          P(R)      ERROR

  0.0000E+00  0.0000E+00  0.0000E+00
  0.1292E+01  0.1446E+00  0.5726E-02
  0.2584E+01  0.2873E+00  0.7840E-02
  0.3876E+01  0.4310E+00  0.6970E-02
  0.5168E+01  0.5796E+00  0.4193E-02
  0.6460E+01  0.7381E+00  0.2614E-02
  0.7752E+01  0.9112E+00  0.5769E-02
  0.9044E+01  0.1103E+01  0.9047E-02
  0.1034E+02  0.1317E+01  0.1096E-01
  0.1163E+02  0.1553E+01  0.1112E-01
  0.1292E+02  0.1810E+01  0.9641E-02
  0.1421E+02  0.2086E+01  0.7246E-02
  0.1550E+02  0.2376E+01  0.5734E-02
  0.1680E+02  0.2672E+01  0.7068E-02
  0.1809E+02  0.2969E+01  0.9732E-02
  0.1938E+02  0.3258E+01  0.1183E-01
  0.2067E+02  0.3534E+01  0.1262E-01
  0.2196E+02  0.3791E+01  0.1201E-01
  0.2326E+02  0.4026E+01  0.1050E-01
  0.2455E+02  0.4235E+01  0.9261E-02
  0.2584E+02  0.4419E+01  0.9614E-02
  0.2713E+02  0.4577E+01  0.1145E-01
  0.2842E+02  0.4711E+01  0.1342E-01
  0.2972E+02  0.4821E+01  0.1448E-01
  0.3101E+02  0.4909E+01  0.1420E-01
  0.3230E+02  0.4976E+01  0.1270E-01
  0.3359E+02  0.5021E+01  0.1071E-01
  0.3488E+02  0.5046E+01  0.9652E-02
  0.3618E+02  0.5048E+01  0.1063E-01
  0.3747E+02  0.5027E+01  0.1285E-01
  0.3876E+02  0.4983E+01  0.1484E-01
  0.4005E+02  0.4914E+01  0.1576E-01
  0.4134E+02  0.4822E+01  0.1538E-01
  0.4264E+02  0.4709E+01  0.1407E-01
  0.4393E+02  0.4577E+01  0.1282E-01
  0.4522E+02  0.4431E+01  0.1288E-01
  0.4651E+02  0.4275E+01  0.1456E-01
  0.4780E+02  0.4114E+01  0.1692E-01
  0.4910E+02  0.3954E+01  0.1883E-01
  0.5039E+02  0.3799E+01  0.1968E-01
  0.5168E+02  0.3654E+01  0.1938E-01
  0.5297E+02  0.3520E+01  0.1836E-01
  0.5426E+02  0.3399E+01  0.1748E-01
  0.5556E+02  0.3292E+01  0.1756E-01
  0.5685E+02  0.3198E+01  0.1874E-01
  0.5814E+02  0.3115E+01  0.2035E-01
  0.5943E+02  0.3042E+01  0.2158E-01
  0.6072E+02  0.2976E+01  0.2192E-01
  0.6202E+02  0.2915E+01  0.2136E-01
  0.6331E+02  0.2856E+01  0.2035E-01
  0.6460E+02  0.2798E+01  0.1962E-01
  0.6589E+02  0.2740E+01  0.1975E-01
  0.6718E+02  0.2680E+01  0.2075E-01
  0.6848E+02  0.2618E+01  0.2201E-01
  0.6977E+02  0.2553E+01  0.2292E-01
  0.7106E+02  0.2485E+01  0.2315E-01
  0.7235E+02  0.2411E+01  0.2282E-01
  0.7364E+02  0.2334E+01  0.2241E-01
  0.7494E+02  0.2251E+01  0.2246E-01
  0.7623E+02  0.2162E+01  0.2317E-01
  0.7752E+02  0.2069E+01  0.2426E-01
  0.7881E+02  0.1971E+01  0.2514E-01
  0.8010E+02  0.1870E+01  0.2534E-01
  0.8140E+02  0.1767E+01  0.2470E-01
  0.8269E+02  0.1665E+01  0.2349E-01
  0.8398E+02  0.1564E+01  0.2232E-01
  0.8527E+02  0.1468E+01  0.2182E-01
  0.8656E+02  0.1378E+01  0.2223E-01
  0.8786E+02  0.1294E+01  0.2316E-01
  0.8915E+02  0.1217E+01  0.2397E-01
  0.9044E+02  0.1146E+01  0.2416E-01
  0.9173E+02  0.1080E+01  0.2372E-01
  0.9302E+02  0.1017E+01  0.2311E-01
  0.9432E+02  0.9537E+00  0.2314E-01
  0.9561E+02  0.8894E+00  0.2444E-01
  0.9690E+02  0.8223E+00  0.2694E-01
  0.9819E+02  0.7516E+00  0.2996E-01
  0.9948E+02  0.6776E+00  0.3267E-01
  0.1008E+03  0.6017E+00  0.3446E-01
  0.1021E+03  0.5262E+00  0.3505E-01
  0.1034E+03  0.4540E+00  0.3446E-01
  0.1047E+03  0.3884E+00  0.3298E-01
  0.1059E+03  0.3323E+00  0.3107E-01
  0.1072E+03  0.2880E+00  0.2926E-01
  0.1085E+03  0.2565E+00  0.2804E-01
  0.1098E+03  0.2377E+00  0.2772E-01
  0.1111E+03  0.2298E+00  0.2832E-01
  0.1124E+03  0.2297E+00  0.2961E-01
  0.1137E+03  0.2334E+00  0.3116E-01
  0.1150E+03  0.2365E+00  0.3250E-01
  0.1163E+03  0.2347E+00  0.3320E-01
  0.1176E+03  0.2245E+00  0.3302E-01
  0.1189E+03  0.2038E+00  0.3197E-01
  0.1202E+03  0.1723E+00  0.3044E-01
  0.1214E+03  0.1318E+00  0.2913E-01
  0.1227E+03  0.8617E-01  0.2865E-01
  0.1240E+03  0.4080E-01  0.2877E-01
  0.1253E+03  0.2427E-02  0.2815E-01
  0.1266E+03 -0.2171E-01  0.2472E-01
  0.1279E+03 -0.2457E-01  0.1611E-01
  0.1292E+03  0.0000E+00  0.0000E+00
          Reciprocal space: Rg =   37.67     , I(0) =   0.3517E+04
     Real space: Rg =   37.72 +- 0.102  I(0) =   0.3517E+04 +-  0.6510E+01
