
           ####    G N O M   ---   Version 4.5a revised 09/02/02     ####

                                                  Sun Nov  5 12:16:22 2017
           ===    Run No   1   ===
 Run title:  0.000357376 0 0


  Number of points omitted at the end:         425
   *******   Working Directory :
   *******    Input file(s) : 24697_01B_S116_0_01.sub
           Condition P(rmin) = 0 is used. 
           Condition P(rmax) = 0 is used. 

          Experimental conditions for the first run
          -----------------------------------------

          Highest ALPHA is found to be   0.3756E+02

  The measure of inconsistency AN1 equals to    0.5897E+00
     Alpha    Discrp  Oscill  Stabil  Sysdev  Positv  Valcen    Total   
  0.3756E+05  8.0040  1.6689  0.9854  0.0290  1.0000  0.7550  0.00001
  0.7512E+04  7.8545  1.6678  0.9672  0.0290  1.0000  0.7553  0.00001
  0.1502E+04  7.1877  1.6626  0.8859  0.0290  1.0000  0.7564  0.00001
  0.3005E+03  5.0969  1.6397  0.6308  0.0870  1.0000  0.7614  0.00001
  0.6010E+02  2.3643  1.5686  0.2909  0.4928  1.0000  0.7779  0.25688
  0.1202E+02  1.3195  1.4731  0.1106  0.7826  1.0000  0.8040  0.48323
  0.2404E+01  1.1804  1.4500  0.0376  0.6667  1.0000  0.8181  0.66839
  0.4808E+00  1.1458  1.5842  0.0577  0.6957  0.9988  0.8148  0.10000
  0.9616E-01  1.1230  1.9863  0.0622  0.6667  0.9917  0.8032  0.10000
  0.1923E-01  1.1052  3.1231  0.1164  0.6957  0.9797  0.7952  0.10000
  0.3846E-02  1.0788  6.6095  0.2096  0.6667  0.9533  0.7422  0.10000
  0.7693E-03  1.0489 12.2501  0.4873  0.6667  0.8959  0.6160  0.10000
  0.1539E-03  1.0043 16.3851  0.4914  0.6957  0.8422  0.3099  0.10000
  0.3077E-04  0.9785 17.4866  0.1794  0.7246  0.8157  0.2757  0.10000
  0.6154E-05  0.9730 20.7215  0.3725  0.7246  0.8167  0.2665  0.10000
  0.1231E-05  0.9666 23.7965  0.9532  0.7246  0.7812  0.2570  0.10000
  0.2462E-06  0.9453 19.8982  0.9306  0.7246  0.7264  0.2539  0.10000
  0.4923E-07  0.8891 18.9666  0.6219  0.7246  0.7133  0.2661  0.10000
  0.9846E-08  0.8406 19.4983  0.2640  0.7391  0.7110  0.2682  0.10000
  0.1969E-08  0.8253 22.2539  0.5655  0.8551  0.7142  0.2731  0.10000
  0.3939E-09  0.8066 22.1417  0.6485  0.8261  0.7040  0.2538  0.10000
  0.7877E-10  0.7862 22.6263  0.5167  0.8551  0.6908  0.2650  0.10000
  0.1575E-10  0.7537 27.7818  0.6941  0.8261  0.6837  0.3310  0.10000
  0.3151E-11  0.6742 32.6948  0.6700  0.8551  0.6998  0.3483  0.10000
  0.6302E-12  0.5491 34.2193  0.4902  0.7971  0.7102  0.3730  0.10000
  0.1260E-12  0.4419 37.3791  0.3959  0.8406  0.7046  0.3691  0.10000
  0.2521E-13  0.3226 45.4187  0.4980  0.8986  0.6860  0.2969  0.10000
  0.5041E-14  0.1597 49.8811  0.3430  0.8986  0.6765  0.2322  0.10000
  0.1008E-14  0.0469 50.6220  0.1124  0.9565  0.6776  0.2234  0.10000
  0.2017E-15  0.0104 50.7174  0.0257  0.9565  0.6791  0.2209  0.10000
  0.4033E-16  0.0021 50.7334  0.0053  0.9565  0.6795  0.2204  0.10000

          ***  Golden section search to maximize estimate ***
     Alpha    Discrp  Oscill  Stabil  Sysdev  Positv  Valcen    Total   
  0.4445E+01  1.2043  1.4459  0.0533  0.6377  1.0000  0.8151  0.58699
  0.1372E-01  1.1003  3.6322  0.1381  0.6667  0.9761  0.7930  0.10000
  0.3040E+01  1.1878  1.4462  0.0413  0.6667  1.0000  0.8173  0.66924
  0.3515E+01  1.1933  1.4453  0.0450  0.6667  1.0000  0.8166  0.63802
  0.2779E+01  1.1848  1.4473  0.0395  0.6667  1.0000  0.8177  0.68975
  0.2630E+01  1.1831  1.4482  0.0387  0.6667  1.0000  0.8179  0.68929
  0.2876E+01  1.1860  1.4469  0.0402  0.6667  1.0000  0.8175  0.68181
  0.2721E+01  1.1842  1.4476  0.0392  0.6667  1.0000  0.8177  0.69472
  0.2686E+01  1.1838  1.4479  0.0390  0.6667  1.0000  0.8178  0.69399
  0.2743E+01  1.1844  1.4475  0.0393  0.6667  1.0000  0.8177  0.69281
  0.2708E+01  1.1840  1.4477  0.0391  0.6667  1.0000  0.8178  0.69576
  0.2699E+01  1.1839  1.4478  0.0391  0.6667  1.0000  0.8178  0.69509
  0.2713E+01  1.1841  1.4477  0.0391  0.6667  1.0000  0.8177  0.69545
  0.2704E+01  1.1840  1.4477  0.0391  0.6667  1.0000  0.8178  0.69550
  0.2710E+01  1.1840  1.4477  0.0391  0.6667  1.0000  0.8177  0.69572
  0.2708E+01  1.1840  1.4477  0.0391  0.6667  1.0000  0.8178  0.69576



             ####            Final results            ####

 Parameter    DISCRP    OSCILL    STABIL    SYSDEV    POSITV    VALCEN
 Weight        1.000     3.000     3.000     4.000     1.000     1.000
 Sigma         0.500     0.600     0.120     0.200     0.120     0.120
 Ideal         1.000     1.100     0.000     1.000     1.000     0.950
 Current       1.184     1.448     0.039     0.667     1.000     0.818
                - - - - - - - - - - - - - - - - - - - - - - - - - 
 Estimate      0.873     0.715     0.899     0.062     1.000     0.297

  Angular   range    :     from    0.0087   to    0.1371
  Real space range   :     from      0.00   to    298.60

  Highest ALPHA (theor) :   0.376E+05                 JOB = 0
  Current ALPHA         :   0.271E+01   Rg :  0.864E+02   I(0) :   0.207E+02

           Total  estimate : 0.696  which is  A REASONABLE  solution

      S          J EXP       ERROR       J REG       I REG

  0.0000E+00                                      0.2075E+02
  0.9696E-03                                      0.2070E+02
  0.1939E-02                                      0.2056E+02
  0.2909E-02                                      0.2032E+02
  0.3878E-02                                      0.1998E+02
  0.4848E-02                                      0.1957E+02
  0.5818E-02                                      0.1907E+02
  0.6787E-02                                      0.1851E+02
  0.7757E-02                                      0.1788E+02
  0.8726E-02  0.2554E+02  0.7867E+01  0.1720E+02  0.1720E+02
  0.9656E-02  0.2688E+02  0.4651E+01  0.1651E+02  0.1651E+02
  0.1059E-01  0.1942E+02  0.3003E+01  0.1579E+02  0.1579E+02
  0.1152E-01  0.1862E+02  0.2245E+01  0.1505E+02  0.1505E+02
  0.1245E-01  0.1719E+02  0.1767E+01  0.1430E+02  0.1430E+02
  0.1338E-01  0.1594E+02  0.1415E+01  0.1354E+02  0.1354E+02
  0.1431E-01  0.1423E+02  0.1101E+01  0.1278E+02  0.1278E+02
  0.1524E-01  0.1207E+02  0.8996E+00  0.1204E+02  0.1204E+02
  0.1617E-01  0.1028E+02  0.7640E+00  0.1132E+02  0.1132E+02
  0.1710E-01  0.1007E+02  0.6865E+00  0.1062E+02  0.1062E+02
  0.1803E-01  0.8735E+01  0.6230E+00  0.9945E+01  0.9945E+01
  0.1896E-01  0.8686E+01  0.5734E+00  0.9305E+01  0.9305E+01
  0.1989E-01  0.9040E+01  0.5345E+00  0.8700E+01  0.8700E+01
  0.2081E-01  0.8455E+01  0.4998E+00  0.8131E+01  0.8131E+01
  0.2174E-01  0.7540E+01  0.4722E+00  0.7601E+01  0.7601E+01
  0.2267E-01  0.7694E+01  0.4524E+00  0.7109E+01  0.7109E+01
  0.2360E-01  0.7562E+01  0.4160E+00  0.6655E+01  0.6655E+01
  0.2453E-01  0.6443E+01  0.4025E+00  0.6238E+01  0.6238E+01
  0.2546E-01  0.6630E+01  0.3913E+00  0.5856E+01  0.5856E+01
  0.2639E-01  0.6415E+01  0.3675E+00  0.5507E+01  0.5507E+01
  0.2732E-01  0.5285E+01  0.3427E+00  0.5189E+01  0.5189E+01
  0.2825E-01  0.4997E+01  0.3228E+00  0.4899E+01  0.4899E+01
  0.2918E-01  0.4427E+01  0.3218E+00  0.4636E+01  0.4636E+01
  0.3011E-01  0.4405E+01  0.3073E+00  0.4395E+01  0.4395E+01
  0.3104E-01  0.4233E+01  0.3088E+00  0.4174E+01  0.4174E+01
  0.3197E-01  0.3925E+01  0.2986E+00  0.3971E+01  0.3971E+01
  0.3290E-01  0.3504E+01  0.2939E+00  0.3785E+01  0.3785E+01
  0.3383E-01  0.3297E+01  0.2985E+00  0.3611E+01  0.3611E+01
  0.3476E-01  0.2901E+01  0.2845E+00  0.3450E+01  0.3450E+01
  0.3569E-01  0.3397E+01  0.2767E+00  0.3298E+01  0.3298E+01
  0.3662E-01  0.2789E+01  0.2759E+00  0.3156E+01  0.3156E+01
  0.3755E-01  0.3115E+01  0.2716E+00  0.3021E+01  0.3021E+01
  0.3848E-01  0.2781E+01  0.2806E+00  0.2894E+01  0.2894E+01
  0.3941E-01  0.2541E+01  0.2669E+00  0.2773E+01  0.2773E+01
  0.4034E-01  0.2534E+01  0.2587E+00  0.2658E+01  0.2658E+01
  0.4127E-01  0.2903E+01  0.2557E+00  0.2549E+01  0.2549E+01
  0.4220E-01  0.2986E+01  0.2522E+00  0.2446E+01  0.2446E+01
  0.4313E-01  0.2985E+01  0.2451E+00  0.2348E+01  0.2348E+01
  0.4406E-01  0.2574E+01  0.2413E+00  0.2255E+01  0.2255E+01
  0.4499E-01  0.2256E+01  0.2323E+00  0.2168E+01  0.2168E+01
  0.4592E-01  0.2139E+01  0.2408E+00  0.2086E+01  0.2086E+01
  0.4685E-01  0.1802E+01  0.2416E+00  0.2009E+01  0.2009E+01
  0.4778E-01  0.2083E+01  0.2310E+00  0.1937E+01  0.1937E+01
  0.4871E-01  0.1795E+01  0.2304E+00  0.1869E+01  0.1869E+01
  0.4964E-01  0.1705E+01  0.2297E+00  0.1806E+01  0.1806E+01
  0.5057E-01  0.1469E+01  0.2349E+00  0.1748E+01  0.1748E+01
  0.5150E-01  0.1491E+01  0.2267E+00  0.1693E+01  0.1693E+01
  0.5243E-01  0.1789E+01  0.2189E+00  0.1642E+01  0.1642E+01
  0.5336E-01  0.1542E+01  0.2297E+00  0.1593E+01  0.1593E+01
  0.5429E-01  0.1217E+01  0.2217E+00  0.1548E+01  0.1548E+01
  0.5522E-01  0.1293E+01  0.2135E+00  0.1504E+01  0.1504E+01
  0.5615E-01  0.1032E+01  0.2169E+00  0.1463E+01  0.1463E+01
  0.5708E-01  0.1090E+01  0.2105E+00  0.1423E+01  0.1423E+01
  0.5801E-01  0.1166E+01  0.2075E+00  0.1385E+01  0.1385E+01
  0.5894E-01  0.1579E+01  0.2079E+00  0.1347E+01  0.1347E+01
  0.5987E-01  0.1938E+01  0.2037E+00  0.1311E+01  0.1311E+01
  0.6080E-01  0.1871E+01  0.2030E+00  0.1275E+01  0.1275E+01
  0.6173E-01  0.1691E+01  0.2057E+00  0.1240E+01  0.1240E+01
  0.6266E-01  0.1273E+01  0.2012E+00  0.1205E+01  0.1205E+01
  0.6359E-01  0.8565E+00  0.1998E+00  0.1171E+01  0.1171E+01
  0.6452E-01  0.1253E+01  0.1945E+00  0.1138E+01  0.1138E+01
  0.6545E-01  0.1333E+01  0.1913E+00  0.1106E+01  0.1106E+01
  0.6638E-01  0.1389E+01  0.1885E+00  0.1074E+01  0.1074E+01
  0.6731E-01  0.1353E+01  0.1867E+00  0.1044E+01  0.1044E+01
  0.6824E-01  0.1093E+01  0.1890E+00  0.1015E+01  0.1015E+01
  0.6917E-01  0.8503E+00  0.1908E+00  0.9867E+00  0.9867E+00
  0.7010E-01  0.6729E+00  0.1886E+00  0.9599E+00  0.9599E+00
  0.7103E-01  0.3401E+00  0.1854E+00  0.9345E+00  0.9345E+00
  0.7196E-01  0.9566E+00  0.1866E+00  0.9104E+00  0.9104E+00
  0.7289E-01  0.8065E+00  0.1805E+00  0.8877E+00  0.8877E+00
  0.7382E-01  0.4939E+00  0.1843E+00  0.8664E+00  0.8664E+00
  0.7475E-01  0.6141E+00  0.1807E+00  0.8464E+00  0.8464E+00
  0.7568E-01  0.5846E+00  0.1785E+00  0.8276E+00  0.8276E+00
  0.7661E-01  0.9245E+00  0.1763E+00  0.8099E+00  0.8099E+00
  0.7754E-01  0.1011E+01  0.1779E+00  0.7933E+00  0.7933E+00
  0.7847E-01  0.6402E+00  0.1733E+00  0.7775E+00  0.7775E+00
  0.7940E-01  0.6553E+00  0.1709E+00  0.7626E+00  0.7626E+00
  0.8033E-01  0.7277E+00  0.1727E+00  0.7483E+00  0.7483E+00
  0.8126E-01  0.6956E+00  0.1759E+00  0.7345E+00  0.7345E+00
  0.8219E-01  0.7131E+00  0.1708E+00  0.7211E+00  0.7211E+00
  0.8312E-01  0.6739E+00  0.1678E+00  0.7081E+00  0.7081E+00
  0.8405E-01  0.6332E+00  0.1703E+00  0.6954E+00  0.6954E+00
  0.8498E-01  0.9384E+00  0.1713E+00  0.6828E+00  0.6828E+00
  0.8591E-01  0.1009E+01  0.1682E+00  0.6704E+00  0.6704E+00
  0.8684E-01  0.1197E+01  0.1639E+00  0.6581E+00  0.6581E+00
  0.8777E-01  0.9886E+00  0.1693E+00  0.6459E+00  0.6459E+00
  0.8870E-01  0.6164E+00  0.1655E+00  0.6339E+00  0.6339E+00
  0.8963E-01  0.3781E+00  0.1595E+00  0.6220E+00  0.6220E+00
  0.9056E-01  0.6056E+00  0.1606E+00  0.6102E+00  0.6102E+00
  0.9149E-01  0.4179E+00  0.1603E+00  0.5987E+00  0.5987E+00
  0.9242E-01  0.4294E+00  0.1592E+00  0.5874E+00  0.5874E+00
  0.9335E-01  0.6100E+00  0.1561E+00  0.5763E+00  0.5763E+00
  0.9428E-01  0.6791E+00  0.1561E+00  0.5655E+00  0.5655E+00
  0.9521E-01  0.2463E+00  0.1569E+00  0.5551E+00  0.5551E+00
  0.9614E-01  0.3807E+00  0.1580E+00  0.5449E+00  0.5449E+00
  0.9707E-01  0.6459E+00  0.1566E+00  0.5352E+00  0.5352E+00
  0.9800E-01  0.5611E+00  0.1550E+00  0.5257E+00  0.5257E+00
  0.9893E-01  0.5399E+00  0.1555E+00  0.5167E+00  0.5167E+00
  0.9986E-01  0.2803E+00  0.1547E+00  0.5080E+00  0.5080E+00
  0.1008E+00  0.5986E+00  0.1528E+00  0.4996E+00  0.4996E+00
  0.1017E+00  0.5043E+00  0.1530E+00  0.4915E+00  0.4915E+00
  0.1026E+00  0.5438E+00  0.1495E+00  0.4838E+00  0.4838E+00
  0.1036E+00  0.4800E+00  0.1488E+00  0.4763E+00  0.4763E+00
  0.1045E+00  0.4824E+00  0.1480E+00  0.4691E+00  0.4691E+00
  0.1054E+00  0.4054E+00  0.1468E+00  0.4622E+00  0.4622E+00
  0.1064E+00  0.3976E+00  0.1472E+00  0.4554E+00  0.4554E+00
  0.1073E+00  0.4669E+00  0.1459E+00  0.4489E+00  0.4489E+00
  0.1082E+00  0.4217E+00  0.1463E+00  0.4426E+00  0.4426E+00
  0.1092E+00  0.1957E+00  0.1471E+00  0.4365E+00  0.4365E+00
  0.1101E+00  0.4306E+00  0.1441E+00  0.4305E+00  0.4305E+00
  0.1110E+00  0.6492E+00  0.1465E+00  0.4247E+00  0.4247E+00
  0.1119E+00  0.3043E+00  0.1443E+00  0.4192E+00  0.4192E+00
  0.1129E+00  0.3949E+00  0.1448E+00  0.4137E+00  0.4137E+00
  0.1138E+00  0.3782E+00  0.1451E+00  0.4085E+00  0.4085E+00
  0.1147E+00  0.4920E+00  0.1445E+00  0.4034E+00  0.4034E+00
  0.1157E+00  0.3917E+00  0.1425E+00  0.3984E+00  0.3984E+00
  0.1166E+00  0.2045E+00  0.1385E+00  0.3936E+00  0.3936E+00
  0.1175E+00  0.2072E+00  0.1380E+00  0.3890E+00  0.3890E+00
  0.1185E+00  0.5026E+00  0.1369E+00  0.3844E+00  0.3844E+00
  0.1194E+00  0.3260E+00  0.1374E+00  0.3800E+00  0.3800E+00
  0.1203E+00  0.2854E+00  0.1392E+00  0.3757E+00  0.3757E+00
  0.1212E+00  0.3559E+00  0.1382E+00  0.3715E+00  0.3715E+00
  0.1222E+00  0.2531E+00  0.1376E+00  0.3673E+00  0.3673E+00
  0.1231E+00  0.6360E-01  0.1363E+00  0.3631E+00  0.3631E+00
  0.1240E+00  0.5055E+00  0.1347E+00  0.3590E+00  0.3590E+00
  0.1250E+00  0.5938E+00  0.1356E+00  0.3549E+00  0.3549E+00
  0.1259E+00  0.7082E+00  0.1351E+00  0.3507E+00  0.3507E+00
  0.1268E+00  0.7858E+00  0.1343E+00  0.3466E+00  0.3466E+00
  0.1278E+00  0.6624E+00  0.1341E+00  0.3423E+00  0.3423E+00
  0.1287E+00  0.6516E+00  0.1348E+00  0.3381E+00  0.3381E+00
  0.1296E+00  0.5282E+00  0.1314E+00  0.3338E+00  0.3338E+00
  0.1305E+00  0.1744E+00  0.1322E+00  0.3295E+00  0.3295E+00
  0.1315E+00  0.4954E+00  0.1325E+00  0.3251E+00  0.3251E+00
  0.1324E+00  0.4116E+00  0.1333E+00  0.3207E+00  0.3207E+00
  0.1333E+00  0.1428E+00  0.1323E+00  0.3163E+00  0.3163E+00
  0.1343E+00 -0.3310E-01  0.1342E+00  0.3119E+00  0.3119E+00
  0.1352E+00  0.3896E+00  0.1332E+00  0.3075E+00  0.3075E+00
  0.1361E+00  0.3056E+00  0.1316E+00  0.3031E+00  0.3031E+00
  0.1371E+00  0.5994E+00  0.1309E+00  0.2988E+00  0.2988E+00

           Distance distribution  function of particle  


       R          P(R)      ERROR

  0.0000E+00  0.0000E+00  0.0000E+00
  0.3318E+01  0.1405E-02  0.5032E-04
  0.6636E+01  0.2613E-02  0.7770E-04
  0.9953E+01  0.3638E-02  0.8697E-04
  0.1327E+02  0.4503E-02  0.8604E-04
  0.1659E+02  0.5234E-02  0.8539E-04
  0.1991E+02  0.5862E-02  0.9337E-04
  0.2322E+02  0.6414E-02  0.1095E-03
  0.2654E+02  0.6915E-02  0.1274E-03
  0.2986E+02  0.7386E-02  0.1417E-03
  0.3318E+02  0.7837E-02  0.1503E-03
  0.3650E+02  0.8273E-02  0.1537E-03
  0.3981E+02  0.8693E-02  0.1549E-03
  0.4313E+02  0.9089E-02  0.1576E-03
  0.4645E+02  0.9451E-02  0.1646E-03
  0.4977E+02  0.9769E-02  0.1764E-03
  0.5308E+02  0.1003E-01  0.1913E-03
  0.5640E+02  0.1024E-01  0.2071E-03
  0.5972E+02  0.1038E-01  0.2221E-03
  0.6304E+02  0.1046E-01  0.2356E-03
  0.6636E+02  0.1050E-01  0.2476E-03
  0.6967E+02  0.1049E-01  0.2584E-03
  0.7299E+02  0.1045E-01  0.2684E-03
  0.7631E+02  0.1040E-01  0.2777E-03
  0.7963E+02  0.1034E-01  0.2864E-03
  0.8294E+02  0.1028E-01  0.2945E-03
  0.8626E+02  0.1022E-01  0.3023E-03
  0.8958E+02  0.1017E-01  0.3103E-03
  0.9290E+02  0.1012E-01  0.3188E-03
  0.9622E+02  0.1006E-01  0.3281E-03
  0.9953E+02  0.9980E-02  0.3385E-03
  0.1029E+03  0.9883E-02  0.3498E-03
  0.1062E+03  0.9761E-02  0.3618E-03
  0.1095E+03  0.9610E-02  0.3745E-03
  0.1128E+03  0.9433E-02  0.3878E-03
  0.1161E+03  0.9233E-02  0.4018E-03
  0.1194E+03  0.9015E-02  0.4163E-03
  0.1228E+03  0.8788E-02  0.4313E-03
  0.1261E+03  0.8558E-02  0.4466E-03
  0.1294E+03  0.8333E-02  0.4621E-03
  0.1327E+03  0.8116E-02  0.4774E-03
  0.1360E+03  0.7909E-02  0.4923E-03
  0.1393E+03  0.7711E-02  0.5063E-03
  0.1427E+03  0.7518E-02  0.5191E-03
  0.1460E+03  0.7325E-02  0.5302E-03
  0.1493E+03  0.7126E-02  0.5391E-03
  0.1526E+03  0.6914E-02  0.5454E-03
  0.1559E+03  0.6686E-02  0.5490E-03
  0.1593E+03  0.6440E-02  0.5498E-03
  0.1626E+03  0.6175E-02  0.5477E-03
  0.1659E+03  0.5896E-02  0.5432E-03
  0.1692E+03  0.5609E-02  0.5366E-03
  0.1725E+03  0.5319E-02  0.5283E-03
  0.1758E+03  0.5036E-02  0.5190E-03
  0.1792E+03  0.4767E-02  0.5094E-03
  0.1825E+03  0.4518E-02  0.5001E-03
  0.1858E+03  0.4291E-02  0.4920E-03
  0.1891E+03  0.4090E-02  0.4854E-03
  0.1924E+03  0.3911E-02  0.4807E-03
  0.1957E+03  0.3752E-02  0.4777E-03
  0.1991E+03  0.3608E-02  0.4762E-03
  0.2024E+03  0.3472E-02  0.4756E-03
  0.2057E+03  0.3340E-02  0.4754E-03
  0.2090E+03  0.3206E-02  0.4752E-03
  0.2123E+03  0.3067E-02  0.4746E-03
  0.2157E+03  0.2921E-02  0.4734E-03
  0.2190E+03  0.2768E-02  0.4717E-03
  0.2223E+03  0.2608E-02  0.4693E-03
  0.2256E+03  0.2445E-02  0.4663E-03
  0.2289E+03  0.2279E-02  0.4627E-03
  0.2322E+03  0.2112E-02  0.4584E-03
  0.2356E+03  0.1946E-02  0.4531E-03
  0.2389E+03  0.1781E-02  0.4467E-03
  0.2422E+03  0.1618E-02  0.4391E-03
  0.2455E+03  0.1454E-02  0.4297E-03
  0.2488E+03  0.1290E-02  0.4184E-03
  0.2522E+03  0.1126E-02  0.4048E-03
  0.2555E+03  0.9609E-03  0.3887E-03
  0.2588E+03  0.7982E-03  0.3700E-03
  0.2621E+03  0.6405E-03  0.3486E-03
  0.2654E+03  0.4918E-03  0.3248E-03
  0.2687E+03  0.3568E-03  0.2989E-03
  0.2721E+03  0.2401E-03  0.2711E-03
  0.2754E+03  0.1455E-03  0.2419E-03
  0.2787E+03  0.7523E-04  0.2115E-03
  0.2820E+03  0.2934E-04  0.1799E-03
  0.2853E+03  0.5438E-05  0.1472E-03
  0.2886E+03 -0.1425E-05  0.1131E-03
  0.2920E+03  0.1508E-05  0.7738E-04
  0.2953E+03  0.5278E-05  0.3973E-04
  0.2986E+03  0.0000E+00  0.0000E+00
          Reciprocal space: Rg =   86.43     , I(0) =   0.2075E+02
     Real space: Rg =   86.77 +- 2.715  I(0) =   0.2075E+02 +-  0.9928E+00
