
           ####    G N O M   ---   Version 4.5a revised 09/02/02     ####

                                                  Sun Nov  5 12:16:54 2017
           ===    Run No   1   ===
 Run title:  0.000330941 0 0


  Number of points omitted at the end:         442
   *******   Working Directory :
   *******    Input file(s) : 24697_02F_S106_0_01.sub
           Condition P(rmin) = 0 is used. 
           Condition P(rmax) = 0 is used. 

 Warning: Dmax*Smin =  4.549   is greater than Pi !


          Experimental conditions for the first run
          -----------------------------------------

          Highest ALPHA is found to be   0.4641E+05

  The measure of inconsistency AN1 equals to    0.1550E+01

          Warning: using the chosen range in the real space 
             it is not possible to fit the data set within the
             given error band. 
     Alpha    Discrp  Oscill  Stabil  Sysdev  Positv  Valcen    Total   
  0.4641E+08125.8192  2.6593  0.9898  0.0000  1.0000  0.6531  0.00001
  0.9282E+07125.6781  2.6593  0.9887  0.0000  1.0000  0.6531  0.00001
  0.1856E+07124.9776  2.6592  0.9830  0.0000  1.0000  0.6531  0.00001
  0.3713E+06121.5959  2.6591  0.9556  0.0000  1.0000  0.6531  0.00001
  0.7425E+05107.2433  2.6585  0.8388  0.0000  1.0000  0.6532  0.00001
  0.1485E+05 68.9446  2.6611  0.5210  0.0165  1.0000  0.6540  0.00001
  0.2970E+04 30.0378  2.7242  0.1799  0.0165  1.0000  0.6596  0.00001
  0.5940E+03 12.5520  2.9306  0.1172  0.1157  1.0000  0.6963  0.00001
  0.1188E+03  5.0500  2.7660  0.2010  0.2479  1.0000  0.7889  0.00001
  0.2376E+02  2.4468  2.2780  0.1836  0.5455  1.0000  0.8612  0.16868
  0.4752E+01  1.7787  1.9905  0.0834  0.7769  1.0000  0.8844  0.10000
  0.9505E+00  1.6823  1.9072  0.0294  0.7769  1.0000  0.8890  0.10000
  0.1901E+00  1.6476  1.9700  0.0222  0.8099  1.0000  0.8894  0.10000
  0.3802E-01  1.6021  2.5369  0.0356  0.7273  1.0000  0.8876  0.10000
  0.7604E-02  1.5626  4.0860  0.0770  0.7934  0.9997  0.8824  0.10000
  0.1521E-02  1.5152  8.5942  0.1576  0.8595  0.9962  0.8606  0.10000
  0.3041E-03  1.4786 14.9099  0.2240  0.8430  0.9786  0.8031  0.10000
  0.6083E-04  1.4481 23.9517  0.5047  0.7438  0.9189  0.6614  0.10000
  0.1217E-04  1.4147 29.8863  0.4023  0.7934  0.8402  0.2282  0.10000
  0.2433E-05  1.3912 33.6744  0.7481  0.7603  0.7489  0.1834  0.10000
  0.4866E-06  1.3529 32.6185  0.5951  0.7934  0.7050  0.1751  0.10000
  0.9733E-07  1.3137 35.0023  0.6590  0.7769  0.7022  0.1612  0.10000
  0.1947E-07  1.2482 35.7507  0.7520  0.7769  0.7073  0.1915  0.10000
  0.3893E-08  1.1344 37.0679  0.5626  0.7769  0.7209  0.2843  0.10000
  0.7786E-09  0.9773 41.3061  0.6608  0.8264  0.7481  0.4285  0.10000
  0.1557E-09  0.6831 42.8943  0.5718  0.8264  0.7454  0.4693  0.10000
  0.3114E-10  0.3213 42.7663  0.3213  0.8595  0.7335  0.4131  0.10000
  0.6229E-11  0.0990 42.6366  0.1242  0.8264  0.7290  0.3530  0.10000
  0.1246E-11  0.0227 42.6080  0.0315  0.8595  0.7285  0.3294  0.10000
  0.2492E-12  0.0047 42.6028  0.0067  0.8595  0.7285  0.3237  0.10000
  0.4983E-13  0.0009 42.6018  0.0014  0.8595  0.7285  0.3225  0.10000

          ***  Golden section search to maximize estimate ***
     Alpha    Discrp  Oscill  Stabil  Sysdev  Positv  Valcen    Total   
  0.3249E+04 31.5497  2.7163  0.1929  0.0165  1.0000  0.6589  0.00001
  0.1715E+00  1.6450  1.9841  0.0229  0.8099  1.0000  0.8894  0.10000
  0.1555E+03  5.8425  2.8345  0.1900  0.2149  1.0000  0.7723  0.00001
  0.3613E+01  1.7469  1.9659  0.0697  0.7769  1.0000  0.8858  0.10000
  0.4870E+02  3.2560  2.4901  0.2096  0.4132  1.0000  0.8361  0.00001
  0.1157E+02  2.0070  2.1154  0.1388  0.6446  1.0000  0.8758  0.10000
  0.3125E+02  2.7045  2.3543  0.1966  0.4793  1.0000  0.8530  0.00001
  0.1805E+02  2.2424  2.2091  0.1677  0.6116  1.0000  0.8679  0.17054
  0.1523E+02  2.1397  2.1707  0.1570  0.6116  1.0000  0.8713  0.17337
  0.1371E+02  2.0845  2.1486  0.1501  0.6446  1.0000  0.8732  0.10000
  0.1625E+02  2.1769  2.1849  0.1611  0.6116  1.0000  0.8701  0.17204
  0.1463E+02  2.1179  2.1621  0.1544  0.6446  1.0000  0.8720  0.17845
  0.1428E+02  2.1049  2.1569  0.1527  0.6446  1.0000  0.8725  0.10000
  0.1486E+02  2.1262  2.1653  0.1554  0.6446  1.0000  0.8718  0.17807
  0.1450E+02  2.1129  2.1601  0.1537  0.6446  1.0000  0.8722  0.17870
  0.1441E+02  2.1098  2.1588  0.1534  0.6446  1.0000  0.8723  0.17886
  0.1436E+02  2.1079  2.1581  0.1531  0.6446  1.0000  0.8724  0.17896
  0.1433E+02  2.1068  2.1576  0.1530  0.6446  1.0000  0.8724  0.17902
  0.1433E+02  2.1068  2.1576  0.1530  0.6446  1.0000  0.8724  0.17902



             ####            Final results            ####

 Parameter    DISCRP    OSCILL    STABIL    SYSDEV    POSITV    VALCEN
 Weight        1.000     3.000     3.000     4.000     1.000     1.000
 Sigma         0.500     0.600     0.120     0.200     0.120     0.120
 Ideal         1.000     1.100     0.000     1.000     1.000     0.950
 Current       2.107     2.158     0.153     0.645     1.000     0.872
                - - - - - - - - - - - - - - - - - - - - - - - - - 
 Estimate      0.007     0.045     0.197     0.043     1.000     0.658

  Angular   range    :     from    0.0078   to    0.1202
  Real space range   :     from      0.00   to    585.80

  Highest ALPHA (theor) :   0.464E+08                 JOB = 0
  Current ALPHA         :   0.143E+02   Rg :  0.201E+03   I(0) :   0.275E+05

           Total  estimate : 0.179  which is     A BAD      solution

      S          J EXP       ERROR       J REG       I REG

  0.0000E+00                                      0.2753E+05
  0.9707E-03                                      0.2718E+05
  0.1941E-02                                      0.2616E+05
  0.2912E-02                                      0.2455E+05
  0.3883E-02                                      0.2247E+05
  0.4853E-02                                      0.2008E+05
  0.5824E-02                                      0.1754E+05
  0.6795E-02                                      0.1501E+05
  0.7765E-02  0.1747E+05  0.1504E+03  0.1262E+05  0.1262E+05
  0.8695E-02  0.1086E+05  0.1339E+03  0.1057E+05  0.1057E+05
  0.9624E-02  0.8344E+04  0.1123E+03  0.8805E+04  0.8805E+04
  0.1055E-01  0.6849E+04  0.1001E+03  0.7359E+04  0.7359E+04
  0.1148E-01  0.5751E+04  0.9132E+02  0.6226E+04  0.6226E+04
  0.1241E-01  0.5167E+04  0.7157E+02  0.5376E+04  0.5376E+04
  0.1334E-01  0.4833E+04  0.5199E+02  0.4768E+04  0.4768E+04
  0.1427E-01  0.4418E+04  0.4376E+02  0.4348E+04  0.4348E+04
  0.1520E-01  0.4077E+04  0.3469E+02  0.4063E+04  0.4063E+04
  0.1613E-01  0.3876E+04  0.3032E+02  0.3868E+04  0.3868E+04
  0.1706E-01  0.3711E+04  0.2824E+02  0.3723E+04  0.3723E+04
  0.1799E-01  0.3584E+04  0.2135E+02  0.3603E+04  0.3603E+04
  0.1892E-01  0.3462E+04  0.2065E+02  0.3491E+04  0.3491E+04
  0.1985E-01  0.3347E+04  0.2165E+02  0.3380E+04  0.3380E+04
  0.2078E-01  0.3244E+04  0.1930E+02  0.3269E+04  0.3269E+04
  0.2170E-01  0.3154E+04  0.1877E+02  0.3160E+04  0.3160E+04
  0.2263E-01  0.3045E+04  0.1868E+02  0.3058E+04  0.3058E+04
  0.2356E-01  0.3003E+04  0.1744E+02  0.2964E+04  0.2964E+04
  0.2449E-01  0.2902E+04  0.1675E+02  0.2880E+04  0.2880E+04
  0.2542E-01  0.2817E+04  0.1398E+02  0.2805E+04  0.2805E+04
  0.2635E-01  0.2771E+04  0.1491E+02  0.2738E+04  0.2738E+04
  0.2728E-01  0.2686E+04  0.1405E+02  0.2674E+04  0.2674E+04
  0.2821E-01  0.2571E+04  0.1320E+02  0.2612E+04  0.2612E+04
  0.2914E-01  0.2532E+04  0.1300E+02  0.2550E+04  0.2550E+04
  0.3007E-01  0.2453E+04  0.1312E+02  0.2486E+04  0.2486E+04
  0.3100E-01  0.2408E+04  0.1199E+02  0.2421E+04  0.2421E+04
  0.3193E-01  0.2384E+04  0.1140E+02  0.2356E+04  0.2356E+04
  0.3286E-01  0.2313E+04  0.1189E+02  0.2290E+04  0.2290E+04
  0.3379E-01  0.2259E+04  0.1010E+02  0.2225E+04  0.2225E+04
  0.3472E-01  0.2180E+04  0.1032E+02  0.2161E+04  0.2161E+04
  0.3564E-01  0.2094E+04  0.1065E+02  0.2099E+04  0.2099E+04
  0.3657E-01  0.2049E+04  0.1096E+02  0.2038E+04  0.2038E+04
  0.3750E-01  0.1986E+04  0.1040E+02  0.1977E+04  0.1977E+04
  0.3843E-01  0.1900E+04  0.9370E+01  0.1917E+04  0.1917E+04
  0.3936E-01  0.1837E+04  0.9934E+01  0.1857E+04  0.1857E+04
  0.4029E-01  0.1811E+04  0.9276E+01  0.1797E+04  0.1797E+04
  0.4122E-01  0.1751E+04  0.9507E+01  0.1738E+04  0.1738E+04
  0.4215E-01  0.1700E+04  0.9798E+01  0.1679E+04  0.1679E+04
  0.4308E-01  0.1637E+04  0.9618E+01  0.1623E+04  0.1623E+04
  0.4401E-01  0.1576E+04  0.8906E+01  0.1569E+04  0.1569E+04
  0.4494E-01  0.1513E+04  0.8239E+01  0.1518E+04  0.1518E+04
  0.4587E-01  0.1461E+04  0.8427E+01  0.1470E+04  0.1470E+04
  0.4680E-01  0.1439E+04  0.8744E+01  0.1424E+04  0.1424E+04
  0.4773E-01  0.1392E+04  0.8144E+01  0.1380E+04  0.1380E+04
  0.4865E-01  0.1339E+04  0.8211E+01  0.1337E+04  0.1337E+04
  0.4958E-01  0.1294E+04  0.7629E+01  0.1294E+04  0.1294E+04
  0.5051E-01  0.1254E+04  0.7716E+01  0.1252E+04  0.1252E+04
  0.5144E-01  0.1227E+04  0.7501E+01  0.1209E+04  0.1209E+04
  0.5237E-01  0.1166E+04  0.7385E+01  0.1167E+04  0.1167E+04
  0.5330E-01  0.1134E+04  0.7636E+01  0.1126E+04  0.1126E+04
  0.5423E-01  0.1097E+04  0.7562E+01  0.1086E+04  0.1086E+04
  0.5516E-01  0.1048E+04  0.7356E+01  0.1047E+04  0.1047E+04
  0.5609E-01  0.1007E+04  0.6636E+01  0.1010E+04  0.1010E+04
  0.5702E-01  0.9801E+03  0.7093E+01  0.9757E+03  0.9757E+03
  0.5795E-01  0.9464E+03  0.6938E+01  0.9428E+03  0.9428E+03
  0.5888E-01  0.9135E+03  0.6254E+01  0.9112E+03  0.9112E+03
  0.5981E-01  0.8851E+03  0.6204E+01  0.8806E+03  0.8806E+03
  0.6074E-01  0.8517E+03  0.5618E+01  0.8507E+03  0.8507E+03
  0.6166E-01  0.8238E+03  0.5573E+01  0.8211E+03  0.8211E+03
  0.6259E-01  0.7927E+03  0.6118E+01  0.7918E+03  0.7918E+03
  0.6352E-01  0.7737E+03  0.5749E+01  0.7629E+03  0.7629E+03
  0.6445E-01  0.7440E+03  0.5854E+01  0.7346E+03  0.7346E+03
  0.6538E-01  0.7047E+03  0.5808E+01  0.7072E+03  0.7072E+03
  0.6631E-01  0.6721E+03  0.5824E+01  0.6808E+03  0.6808E+03
  0.6724E-01  0.6574E+03  0.6096E+01  0.6558E+03  0.6558E+03
  0.6817E-01  0.6331E+03  0.5658E+01  0.6322E+03  0.6322E+03
  0.6910E-01  0.6193E+03  0.5837E+01  0.6099E+03  0.6099E+03
  0.7003E-01  0.5869E+03  0.5409E+01  0.5888E+03  0.5888E+03
  0.7096E-01  0.5683E+03  0.5768E+01  0.5686E+03  0.5686E+03
  0.7189E-01  0.5487E+03  0.5248E+01  0.5492E+03  0.5492E+03
  0.7282E-01  0.5217E+03  0.5072E+01  0.5304E+03  0.5304E+03
  0.7375E-01  0.5115E+03  0.4939E+01  0.5121E+03  0.5121E+03
  0.7468E-01  0.4905E+03  0.5027E+01  0.4943E+03  0.4943E+03
  0.7560E-01  0.4849E+03  0.4791E+01  0.4770E+03  0.4770E+03
  0.7653E-01  0.4664E+03  0.4767E+01  0.4603E+03  0.4603E+03
  0.7746E-01  0.4478E+03  0.4977E+01  0.4444E+03  0.4444E+03
  0.7839E-01  0.4266E+03  0.5119E+01  0.4291E+03  0.4291E+03
  0.7932E-01  0.4133E+03  0.4940E+01  0.4147E+03  0.4147E+03
  0.8025E-01  0.4026E+03  0.4935E+01  0.4009E+03  0.4009E+03
  0.8118E-01  0.3815E+03  0.4925E+01  0.3877E+03  0.3877E+03
  0.8211E-01  0.3691E+03  0.4590E+01  0.3751E+03  0.3751E+03
  0.8304E-01  0.3673E+03  0.4459E+01  0.3628E+03  0.3628E+03
  0.8397E-01  0.3498E+03  0.4477E+01  0.3509E+03  0.3509E+03
  0.8490E-01  0.3433E+03  0.4524E+01  0.3393E+03  0.3393E+03
  0.8583E-01  0.3260E+03  0.4415E+01  0.3279E+03  0.3279E+03
  0.8676E-01  0.3140E+03  0.4322E+01  0.3168E+03  0.3168E+03
  0.8769E-01  0.3101E+03  0.4032E+01  0.3059E+03  0.3059E+03
  0.8861E-01  0.3073E+03  0.4265E+01  0.2953E+03  0.2953E+03
  0.8954E-01  0.2939E+03  0.4428E+01  0.2850E+03  0.2850E+03
  0.9047E-01  0.2756E+03  0.4239E+01  0.2748E+03  0.2748E+03
  0.9140E-01  0.2642E+03  0.4072E+01  0.2648E+03  0.2648E+03
  0.9233E-01  0.2581E+03  0.4055E+01  0.2550E+03  0.2550E+03
  0.9326E-01  0.2370E+03  0.4072E+01  0.2453E+03  0.2453E+03
  0.9419E-01  0.2326E+03  0.4093E+01  0.2358E+03  0.2358E+03
  0.9512E-01  0.2301E+03  0.4221E+01  0.2265E+03  0.2265E+03
  0.9605E-01  0.2192E+03  0.4002E+01  0.2175E+03  0.2175E+03
  0.9698E-01  0.2099E+03  0.3741E+01  0.2087E+03  0.2087E+03
  0.9791E-01  0.2038E+03  0.3805E+01  0.2002E+03  0.2002E+03
  0.9884E-01  0.1943E+03  0.3791E+01  0.1921E+03  0.1921E+03
  0.9977E-01  0.1947E+03  0.4130E+01  0.1843E+03  0.1843E+03
  0.1007E+00  0.1679E+03  0.3625E+01  0.1768E+03  0.1768E+03
  0.1016E+00  0.1652E+03  0.3564E+01  0.1696E+03  0.1696E+03
  0.1026E+00  0.1599E+03  0.3839E+01  0.1625E+03  0.1625E+03
  0.1035E+00  0.1584E+03  0.3596E+01  0.1556E+03  0.1556E+03
  0.1044E+00  0.1532E+03  0.3505E+01  0.1488E+03  0.1488E+03
  0.1053E+00  0.1441E+03  0.3151E+01  0.1421E+03  0.1421E+03
  0.1063E+00  0.1354E+03  0.3701E+01  0.1356E+03  0.1356E+03
  0.1072E+00  0.1268E+03  0.3486E+01  0.1292E+03  0.1292E+03
  0.1081E+00  0.1191E+03  0.3462E+01  0.1231E+03  0.1231E+03
  0.1091E+00  0.1203E+03  0.3429E+01  0.1172E+03  0.1172E+03
  0.1100E+00  0.1091E+03  0.3527E+01  0.1117E+03  0.1117E+03
  0.1109E+00  0.1036E+03  0.3591E+01  0.1065E+03  0.1065E+03
  0.1118E+00  0.9769E+02  0.3431E+01  0.1016E+03  0.1016E+03
  0.1128E+00  0.8960E+02  0.3337E+01  0.9697E+02  0.9697E+02
  0.1137E+00  0.8985E+02  0.3353E+01  0.9271E+02  0.9271E+02
  0.1146E+00  0.8056E+02  0.3356E+01  0.8878E+02  0.8878E+02
  0.1156E+00  0.8130E+02  0.3295E+01  0.8520E+02  0.8520E+02
  0.1165E+00  0.7588E+02  0.3303E+01  0.8199E+02  0.8199E+02
  0.1174E+00  0.6939E+02  0.3266E+01  0.7917E+02  0.7917E+02
  0.1184E+00  0.6842E+02  0.3243E+01  0.7676E+02  0.7676E+02
  0.1193E+00  0.6460E+02  0.3256E+01  0.7473E+02  0.7473E+02
  0.1202E+00  0.6152E+02  0.3174E+01  0.7308E+02  0.7308E+02

           Distance distribution  function of particle  


       R          P(R)      ERROR

  0.0000E+00  0.0000E+00  0.0000E+00
  0.7322E+01  0.9672E+00  0.4713E-02
  0.1464E+02  0.2402E+01  0.3291E-02
  0.2197E+02  0.3931E+01  0.3866E-02
  0.2929E+02  0.5131E+01  0.6472E-02
  0.3661E+02  0.5714E+01  0.6593E-02
  0.4394E+02  0.5644E+01  0.6891E-02
  0.5126E+02  0.5116E+01  0.9605E-02
  0.5858E+02  0.4442E+01  0.1186E-01
  0.6590E+02  0.3890E+01  0.1285E-01
  0.7322E+02  0.3580E+01  0.1402E-01
  0.8055E+02  0.3471E+01  0.1560E-01
  0.8787E+02  0.3435E+01  0.1672E-01
  0.9519E+02  0.3359E+01  0.1789E-01
  0.1025E+03  0.3220E+01  0.1988E-01
  0.1098E+03  0.3085E+01  0.2220E-01
  0.1172E+03  0.3057E+01  0.2462E-01
  0.1245E+03  0.3197E+01  0.2776E-01
  0.1318E+03  0.3488E+01  0.3134E-01
  0.1391E+03  0.3842E+01  0.3429E-01
  0.1464E+03  0.4156E+01  0.3651E-01
  0.1538E+03  0.4366E+01  0.3873E-01
  0.1611E+03  0.4480E+01  0.4104E-01
  0.1684E+03  0.4559E+01  0.4291E-01
  0.1757E+03  0.4672E+01  0.4439E-01
  0.1831E+03  0.4851E+01  0.4592E-01
  0.1904E+03  0.5080E+01  0.4766E-01
  0.1977E+03  0.5309E+01  0.4946E-01
  0.2050E+03  0.5491E+01  0.5109E-01
  0.2124E+03  0.5611E+01  0.5223E-01
  0.2197E+03  0.5685E+01  0.5292E-01
  0.2270E+03  0.5749E+01  0.5417E-01
  0.2343E+03  0.5823E+01  0.5710E-01
  0.2416E+03  0.5903E+01  0.6147E-01
  0.2490E+03  0.5965E+01  0.6628E-01
  0.2563E+03  0.5981E+01  0.7102E-01
  0.2636E+03  0.5945E+01  0.7562E-01
  0.2709E+03  0.5875E+01  0.7990E-01
  0.2783E+03  0.5801E+01  0.8373E-01
  0.2856E+03  0.5748E+01  0.8701E-01
  0.2929E+03  0.5717E+01  0.8917E-01
  0.3002E+03  0.5687E+01  0.8943E-01
  0.3075E+03  0.5632E+01  0.8795E-01
  0.3149E+03  0.5538E+01  0.8612E-01
  0.3222E+03  0.5411E+01  0.8532E-01
  0.3295E+03  0.5273E+01  0.8576E-01
  0.3368E+03  0.5149E+01  0.8696E-01
  0.3442E+03  0.5047E+01  0.8853E-01
  0.3515E+03  0.4958E+01  0.9004E-01
  0.3588E+03  0.4862E+01  0.9098E-01
  0.3661E+03  0.4740E+01  0.9125E-01
  0.3734E+03  0.4587E+01  0.9134E-01
  0.3808E+03  0.4415E+01  0.9181E-01
  0.3881E+03  0.4240E+01  0.9269E-01
  0.3954E+03  0.4076E+01  0.9343E-01
  0.4027E+03  0.3922E+01  0.9330E-01
  0.4101E+03  0.3767E+01  0.9181E-01
  0.4174E+03  0.3600E+01  0.8901E-01
  0.4247E+03  0.3413E+01  0.8553E-01
  0.4320E+03  0.3207E+01  0.8216E-01
  0.4393E+03  0.2992E+01  0.7942E-01
  0.4467E+03  0.2778E+01  0.7752E-01
  0.4540E+03  0.2568E+01  0.7642E-01
  0.4613E+03  0.2364E+01  0.7584E-01
  0.4686E+03  0.2164E+01  0.7530E-01
  0.4760E+03  0.1971E+01  0.7432E-01
  0.4833E+03  0.1792E+01  0.7275E-01
  0.4906E+03  0.1633E+01  0.7084E-01
  0.4979E+03  0.1497E+01  0.6897E-01
  0.5053E+03  0.1377E+01  0.6732E-01
  0.5126E+03  0.1263E+01  0.6572E-01
  0.5199E+03  0.1141E+01  0.6387E-01
  0.5272E+03  0.1007E+01  0.6159E-01
  0.5345E+03  0.8637E+00  0.5871E-01
  0.5419E+03  0.7198E+00  0.5498E-01
  0.5492E+03  0.5859E+00  0.5007E-01
  0.5565E+03  0.4666E+00  0.4367E-01
  0.5638E+03  0.3585E+00  0.3563E-01
  0.5712E+03  0.2519E+00  0.2583E-01
  0.5785E+03  0.1353E+00  0.1405E-01
  0.5858E+03  0.0000E+00  0.0000E+00
          Reciprocal space: Rg =  201.35     , I(0) =   0.2753E+05
     Real space: Rg =  201.73 +- 0.924  I(0) =   0.2753E+05 +-  0.3262E+03
