
           ####    G N O M   ---   Version 4.5a revised 09/02/02     ####

                                                  Sun Nov  5 12:16:57 2017
           ===    Run No   1   ===
 Run title:  0.000330941 0 0


  Number of points omitted at the end:         495
   *******   Working Directory :
   *******    Input file(s) : 24697_02F_S106_0_10.sub
           Condition P(rmin) = 0 is used. 
           Condition P(rmax) = 0 is used. 

 Warning: Dmax*Smin =  6.378   is greater than Pi !


          Experimental conditions for the first run
          -----------------------------------------

          Highest ALPHA is found to be   0.2763E+06

  The measure of inconsistency AN1 equals to    0.4590E+01

          Warning: using the chosen range in the real space 
             it is not possible to fit the data set within the
             given error band. 
     Alpha    Discrp  Oscill  Stabil  Sysdev  Positv  Valcen    Total   
  0.2763E+09 70.3575  3.1406  0.9901  0.0000  1.0000  0.6699  0.00001
  0.5525E+08 70.3488  3.1405  0.9899  0.0000  1.0000  0.6699  0.00001
  0.1105E+08 70.3055  3.1403  0.9893  0.0000  1.0000  0.6699  0.00001
  0.2210E+07 70.0896  3.1394  0.9860  0.0000  1.0000  0.6699  0.00001
  0.4420E+06 69.0350  3.1346  0.9702  0.0000  1.0000  0.6701  0.00001
  0.8840E+05 64.3170  3.1111  0.8993  0.0000  1.0000  0.6708  0.00001
  0.1768E+05 49.4970  3.0055  0.6780  0.0294  1.0000  0.6741  0.00001
  0.3536E+04 30.6349  2.6648  0.4182  0.0294  1.0000  0.6872  0.00001
  0.7072E+03 21.5248  2.1513  0.3733  0.0882  1.0000  0.7240  0.00001
  0.1414E+03 15.7501  1.8594  0.3662  0.1471  1.0000  0.7892  0.00001
  0.2829E+02 11.0263  1.8943  0.2801  0.5294  0.9886  0.8380  0.00001
  0.5658E+01  8.8226  2.1140  0.4222  0.8235  0.8506  0.7235  0.10000
  0.1132E+01  8.0014  1.9076  0.5102  0.6765  0.3656  0.7594  0.00001
  0.2263E+00  7.6077  1.6761  0.2270  0.6176  0.1258  0.8360  0.00001
  0.4526E-01  7.4237  1.9647  0.1059  0.5882  0.0704  0.8482  0.00001
  0.9052E-02  7.3158  2.8489  0.0900  0.5882  0.0522  0.8512  0.00001
  0.1810E-02  7.1891  5.5023  0.1233  0.6471  0.0623  0.8454  0.00001
  0.3621E-03  7.1026  9.1267  0.2028  0.6765  0.1131  0.8158  0.00001
  0.7242E-04  7.0019 16.7355  0.4478  0.6176  0.2929  0.6915  0.00001
  0.1448E-04  6.8874 22.7897  0.4059  0.6471  0.4863  0.4904  0.00001
  0.2897E-05  6.7918 26.1297  0.7919  0.6471  0.6167  0.2492  0.00001
  0.5794E-06  6.6039 25.2476  0.6181  0.6471  0.6870  0.2255  0.00001
  0.1159E-06  6.4411 26.1231  0.4206  0.6765  0.7131  0.2073  0.00001
  0.2317E-07  6.3199 27.5363  0.7850  0.6765  0.7060  0.2013  0.00001
  0.4635E-08  6.0861 26.3766  0.6610  0.6765  0.6987  0.2304  0.00001
  0.9270E-09  5.7709 26.4742  0.6695  0.7647  0.7190  0.3084  0.00001
  0.1854E-09  5.2294 27.3913  0.6746  0.8235  0.7470  0.4948  0.10000
  0.3708E-10  4.2932 28.7300  0.5453  0.9412  0.7346  0.5214  0.10000
  0.7416E-11  3.2196 29.9369  0.5036  1.1176  0.7191  0.4138  0.10000
  0.1483E-11  2.0438 31.0970  0.4237  1.1176  0.7074  0.4144  0.10000
  0.2966E-12  0.9114 32.4960  0.2584  1.1765  0.6881  0.4147  0.10000

          ***  Golden section search to maximize estimate ***
     Alpha    Discrp  Oscill  Stabil  Sysdev  Positv  Valcen    Total   
  0.1223E+03 15.2621  1.8509  0.3612  0.1471  1.0000  0.7956  0.00001
  0.6532E-01  7.4559  1.8599  0.1240  0.5882  0.0775  0.8468  0.00001
  0.1830E+02 10.1663  1.9438  0.2693  0.7059  0.9739  0.8331  0.00001
  0.1029E+01  7.9671  1.8817  0.4941  0.6765  0.3405  0.7694  0.00001
  0.8859E+01  9.2011  2.0512  0.3327  0.8824  0.9194  0.7884  0.32069
  0.1169E+02  9.5082  2.0079  0.2942  0.7059  0.9465  0.8125  0.00001
  0.7465E+01  9.0418  2.0774  0.3640  0.9412  0.8973  0.7678  0.10000
  0.9849E+01  9.3106  2.0346  0.3160  0.8235  0.9309  0.7988  0.22310
  0.8298E+01  9.1378  2.0614  0.3441  0.8824  0.9115  0.7811  0.31088
  0.9225E+01  9.2419  2.0449  0.3260  0.8824  0.9240  0.7925  0.32686
  0.9459E+01  9.2677  2.0410  0.3221  0.8824  0.9267  0.7950  0.33070
  0.9606E+01  9.2839  2.0386  0.3197  0.8824  0.9283  0.7965  0.33309
  0.9698E+01  9.2941  2.0371  0.3183  0.8824  0.9293  0.7974  0.33458
  0.9755E+01  9.3004  2.0361  0.3174  0.8824  0.9299  0.7979  0.33549
  0.9791E+01  9.3043  2.0356  0.3169  0.8824  0.9303  0.7983  0.33606
  0.9813E+01  9.3067  2.0352  0.3166  0.8824  0.9305  0.7985  0.33641
  0.9827E+01  9.3082  2.0350  0.3164  0.8824  0.9307  0.7986  0.33663
  0.9827E+01  9.3082  2.0350  0.3164  0.8824  0.9307  0.7986  0.33663



             ####            Final results            ####

 Parameter    DISCRP    OSCILL    STABIL    SYSDEV    POSITV    VALCEN
 Weight        1.000     3.000     3.000     4.000     1.000     1.000
 Sigma         0.500     0.600     0.120     0.200     0.120     0.120
 Ideal         1.000     1.100     0.000     1.000     1.000     0.950
 Current       9.308     2.035     0.316     0.882     0.931     0.799
                - - - - - - - - - - - - - - - - - - - - - - - - - 
 Estimate      0.000     0.088     0.001     1.000     0.716     0.204

  Angular   range    :     from    0.0078   to    0.0710
  Real space range   :     from      0.00   to    821.40

  Highest ALPHA (theor) :   0.276E+09                 JOB = 0
  Current ALPHA         :   0.983E+01   Rg :  0.215E+03   I(0) :   0.214E+05

           Total  estimate : 0.337  which is  A SUSPICIOUS  solution

      S          J EXP       ERROR       J REG       I REG

  0.0000E+00                                      0.2136E+05
  0.9707E-03                                      0.2172E+05
  0.1941E-02                                      0.2265E+05
  0.2912E-02                                      0.2382E+05
  0.3883E-02                                      0.2473E+05
  0.4853E-02                                      0.2494E+05
  0.5824E-02                                      0.2415E+05
  0.6795E-02                                      0.2228E+05
  0.7765E-02  0.1401E+05  0.1385E+03  0.1950E+05  0.1950E+05
  0.8695E-02  0.2796E+05  0.1872E+03  0.1631E+05  0.1631E+05
  0.9624E-02  0.2017E+05  0.1564E+03  0.1299E+05  0.1299E+05
  0.1055E-01  0.8594E+04  0.1085E+03  0.9893E+04  0.9893E+04
  0.1148E-01  0.5810E+04  0.9164E+02  0.7280E+04  0.7280E+04
  0.1241E-01  0.4693E+04  0.8316E+02  0.5282E+04  0.5282E+04
  0.1334E-01  0.3477E+04  0.7339E+02  0.3899E+04  0.3899E+04
  0.1427E-01  0.3088E+04  0.6918E+02  0.3035E+04  0.3035E+04
  0.1520E-01  0.2508E+04  0.6360E+02  0.2539E+04  0.2539E+04
  0.1613E-01  0.2136E+04  0.5968E+02  0.2261E+04  0.2261E+04
  0.1706E-01  0.1962E+04  0.5741E+02  0.2084E+04  0.2084E+04
  0.1799E-01  0.1785E+04  0.5530E+02  0.1937E+04  0.1937E+04
  0.1892E-01  0.1717E+04  0.5410E+02  0.1793E+04  0.1793E+04
  0.1985E-01  0.1612E+04  0.4736E+02  0.1653E+04  0.1653E+04
  0.2078E-01  0.1527E+04  0.3861E+02  0.1530E+04  0.1530E+04
  0.2170E-01  0.1473E+04  0.3303E+02  0.1434E+04  0.1434E+04
  0.2263E-01  0.1353E+04  0.2387E+02  0.1364E+04  0.1364E+04
  0.2356E-01  0.1301E+04  0.2169E+02  0.1314E+04  0.1314E+04
  0.2449E-01  0.1271E+04  0.1976E+02  0.1271E+04  0.1271E+04
  0.2542E-01  0.1233E+04  0.1741E+02  0.1228E+04  0.1228E+04
  0.2635E-01  0.1181E+04  0.1508E+02  0.1181E+04  0.1181E+04
  0.2728E-01  0.1137E+04  0.1251E+02  0.1130E+04  0.1130E+04
  0.2821E-01  0.1072E+04  0.1237E+02  0.1082E+04  0.1082E+04
  0.2914E-01  0.1037E+04  0.1140E+02  0.1039E+04  0.1039E+04
  0.3007E-01  0.1006E+04  0.1101E+02  0.1002E+04  0.1002E+04
  0.3100E-01  0.9779E+03  0.1021E+02  0.9704E+03  0.9704E+03
  0.3193E-01  0.9330E+03  0.9528E+01  0.9404E+03  0.9404E+03
  0.3286E-01  0.9233E+03  0.8914E+01  0.9092E+03  0.9092E+03
  0.3379E-01  0.8754E+03  0.9140E+01  0.8754E+03  0.8754E+03
  0.3472E-01  0.8447E+03  0.8549E+01  0.8396E+03  0.8396E+03
  0.3564E-01  0.7932E+03  0.7954E+01  0.8038E+03  0.8038E+03
  0.3657E-01  0.7714E+03  0.7397E+01  0.7698E+03  0.7698E+03
  0.3750E-01  0.7417E+03  0.7132E+01  0.7385E+03  0.7385E+03
  0.3843E-01  0.7152E+03  0.7190E+01  0.7096E+03  0.7096E+03
  0.3936E-01  0.6925E+03  0.7711E+01  0.6819E+03  0.6819E+03
  0.4029E-01  0.6533E+03  0.8236E+01  0.6543E+03  0.6543E+03
  0.4122E-01  0.6173E+03  0.7559E+01  0.6261E+03  0.6261E+03
  0.4215E-01  0.6036E+03  0.7750E+01  0.5979E+03  0.5979E+03
  0.4308E-01  0.5670E+03  0.6955E+01  0.5705E+03  0.5705E+03
  0.4401E-01  0.5452E+03  0.6844E+01  0.5448E+03  0.5448E+03
  0.4494E-01  0.5246E+03  0.6332E+01  0.5212E+03  0.5212E+03
  0.4587E-01  0.5043E+03  0.6778E+01  0.4993E+03  0.4993E+03
  0.4680E-01  0.4839E+03  0.5910E+01  0.4779E+03  0.4779E+03
  0.4773E-01  0.4573E+03  0.5568E+01  0.4563E+03  0.4563E+03
  0.4865E-01  0.4347E+03  0.5741E+01  0.4339E+03  0.4339E+03
  0.4958E-01  0.4101E+03  0.5677E+01  0.4110E+03  0.4110E+03
  0.5051E-01  0.3904E+03  0.5815E+01  0.3883E+03  0.3883E+03
  0.5144E-01  0.3614E+03  0.5726E+01  0.3666E+03  0.3666E+03
  0.5237E-01  0.3473E+03  0.5337E+01  0.3465E+03  0.3465E+03
  0.5330E-01  0.3395E+03  0.5302E+01  0.3279E+03  0.3279E+03
  0.5423E-01  0.3154E+03  0.5461E+01  0.3101E+03  0.3101E+03
  0.5516E-01  0.2917E+03  0.5763E+01  0.2924E+03  0.2924E+03
  0.5609E-01  0.2730E+03  0.5121E+01  0.2741E+03  0.2741E+03
  0.5702E-01  0.2523E+03  0.4911E+01  0.2552E+03  0.2552E+03
  0.5795E-01  0.2370E+03  0.4710E+01  0.2362E+03  0.2362E+03
  0.5888E-01  0.2230E+03  0.4347E+01  0.2177E+03  0.2177E+03
  0.5981E-01  0.2069E+03  0.4576E+01  0.2004E+03  0.2004E+03
  0.6074E-01  0.1808E+03  0.4449E+01  0.1845E+03  0.1845E+03
  0.6166E-01  0.1696E+03  0.4584E+01  0.1698E+03  0.1698E+03
  0.6259E-01  0.1539E+03  0.4321E+01  0.1559E+03  0.1559E+03
  0.6352E-01  0.1411E+03  0.4469E+01  0.1421E+03  0.1421E+03
  0.6445E-01  0.1273E+03  0.4285E+01  0.1283E+03  0.1283E+03
  0.6538E-01  0.1203E+03  0.4401E+01  0.1145E+03  0.1145E+03
  0.6631E-01  0.1020E+03  0.4123E+01  0.1013E+03  0.1013E+03
  0.6724E-01  0.8830E+02  0.4002E+01  0.8946E+02  0.8946E+02
  0.6817E-01  0.7170E+02  0.4217E+01  0.7956E+02  0.7956E+02
  0.6910E-01  0.5674E+02  0.4128E+01  0.7191E+02  0.7191E+02
  0.7003E-01  0.6049E+02  0.4254E+01  0.6643E+02  0.6643E+02
  0.7096E-01  0.5100E+02  0.3906E+01  0.6270E+02  0.6270E+02

           Distance distribution  function of particle  


       R          P(R)      ERROR

  0.0000E+00  0.0000E+00  0.0000E+00
  0.1369E+02  0.6640E+00  0.4490E-02
  0.2738E+02  0.1752E+01  0.3449E-02
  0.4107E+02  0.2882E+01  0.7766E-02
  0.5476E+02  0.3692E+01  0.1106E-01
  0.6845E+02  0.4056E+01  0.1277E-01
  0.8214E+02  0.4145E+01  0.1616E-01
  0.9583E+02  0.4290E+01  0.2029E-01
  0.1095E+03  0.4759E+01  0.2460E-01
  0.1232E+03  0.5597E+01  0.3006E-01
  0.1369E+03  0.6624E+01  0.3521E-01
  0.1506E+03  0.7574E+01  0.3836E-01
  0.1643E+03  0.8270E+01  0.4062E-01
  0.1780E+03  0.8709E+01  0.4361E-01
  0.1917E+03  0.9018E+01  0.4739E-01
  0.2053E+03  0.9326E+01  0.5213E-01
  0.2190E+03  0.9662E+01  0.5753E-01
  0.2327E+03  0.9937E+01  0.6197E-01
  0.2464E+03  0.1003E+02  0.6493E-01
  0.2601E+03  0.9864E+01  0.6803E-01
  0.2738E+03  0.9485E+01  0.7246E-01
  0.2875E+03  0.8990E+01  0.7738E-01
  0.3012E+03  0.8466E+01  0.8155E-01
  0.3149E+03  0.7932E+01  0.8449E-01
  0.3286E+03  0.7338E+01  0.8626E-01
  0.3423E+03  0.6630E+01  0.8710E-01
  0.3559E+03  0.5797E+01  0.8724E-01
  0.3696E+03  0.4892E+01  0.8715E-01
  0.3833E+03  0.3986E+01  0.8753E-01
  0.3970E+03  0.3125E+01  0.8838E-01
  0.4107E+03  0.2304E+01  0.8869E-01
  0.4244E+03  0.1484E+01  0.8815E-01
  0.4381E+03  0.6428E+00  0.8794E-01
  0.4518E+03 -0.2031E+00  0.8922E-01
  0.4655E+03 -0.1001E+01  0.9195E-01
  0.4791E+03 -0.1700E+01  0.9541E-01
  0.4928E+03 -0.2283E+01  0.9873E-01
  0.5065E+03 -0.2773E+01  0.1013E+00
  0.5202E+03 -0.3203E+01  0.1025E+00
  0.5339E+03 -0.3586E+01  0.1018E+00
  0.5476E+03 -0.3903E+01  0.9940E-01
  0.5613E+03 -0.4120E+01  0.9711E-01
  0.5750E+03 -0.4221E+01  0.9692E-01
  0.5887E+03 -0.4222E+01  0.9792E-01
  0.6024E+03 -0.4162E+01  0.9791E-01
  0.6160E+03 -0.4069E+01  0.9627E-01
  0.6297E+03 -0.3948E+01  0.9335E-01
  0.6434E+03 -0.3774E+01  0.8946E-01
  0.6571E+03 -0.3523E+01  0.8571E-01
  0.6708E+03 -0.3196E+01  0.8306E-01
  0.6845E+03 -0.2825E+01  0.8036E-01
  0.6982E+03 -0.2456E+01  0.7644E-01
  0.7119E+03 -0.2118E+01  0.7282E-01
  0.7256E+03 -0.1810E+01  0.7124E-01
  0.7393E+03 -0.1511E+01  0.7064E-01
  0.7529E+03 -0.1201E+01  0.6886E-01
  0.7666E+03 -0.8844E+00  0.6456E-01
  0.7803E+03 -0.5849E+00  0.5651E-01
  0.7940E+03 -0.3309E+00  0.4343E-01
  0.8077E+03 -0.1369E+00  0.2462E-01
  0.8214E+03  0.0000E+00  0.0000E+00
          Reciprocal space: Rg =  215.27     , I(0) =   0.2138E+05
     Real space: Rg =  234.18 +- 8.850  I(0) =   0.2136E+05 +-  0.4840E+03
