
           ####    G N O M   ---   Version 4.5a revised 09/02/02     ####

                                                  Sun Nov  5 12:16:46 2017
           ===    Run No   1   ===
 Run title:  0.000357376 0 0


  Number of points omitted at the end:         437
   *******   Working Directory :
   *******    Input file(s) : 24697_01F_S124_0_01.sub
           Condition P(rmin) = 0 is used. 
           Condition P(rmax) = 0 is used. 

 Warning: Dmax*Smin =  4.073   is greater than Pi !


          Experimental conditions for the first run
          -----------------------------------------

          Highest ALPHA is found to be   0.1645E+05

  The measure of inconsistency AN1 equals to    0.5963E+00
     Alpha    Discrp  Oscill  Stabil  Sysdev  Positv  Valcen    Total   
  0.1645E+08111.2409  2.1181  0.9889  0.0000  1.0000  0.6742  0.00001
  0.3290E+07110.6814  2.1174  0.9840  0.0000  1.0000  0.6743  0.00001
  0.6580E+06107.9732  2.1138  0.9605  0.0000  1.0000  0.6745  0.00001
  0.1316E+06 96.3384  2.0966  0.8598  0.0000  1.0000  0.6758  0.00001
  0.2632E+05 64.0024  2.0274  0.5859  0.0000  1.0000  0.6813  0.00001
  0.5264E+04 27.5497  1.8653  0.2984  0.1111  1.0000  0.6990  0.00001
  0.1053E+04  9.3329  1.6939  0.1576  0.2540  1.0000  0.7347  0.00001
  0.2106E+03  3.0444  1.5517  0.1008  0.6667  1.0000  0.7773  0.00001
  0.4211E+02  1.3603  1.4437  0.0640  0.8889  1.0000  0.8068  0.59034
  0.8422E+01  1.0671  1.3919  0.0263  0.9206  1.0000  0.8191  0.66876
  0.1684E+01  1.0115  1.3881  0.0113  0.8889  1.0000  0.8227  0.10000
  0.3369E+00  0.9805  1.4447  0.0147  0.9841  1.0000  0.8242  0.10000
  0.6738E-01  0.9523  1.6843  0.0164  0.9524  1.0000  0.8253  0.10000
  0.1348E-01  0.9415  2.0428  0.0250  0.9524  1.0000  0.8251  0.10000
  0.2695E-02  0.9361  2.7693  0.0331  0.9206  0.9998  0.8229  0.10000
  0.5390E-03  0.9343  3.5145  0.0330  0.9524  0.9996  0.8204  0.10000
  0.1078E-03  0.9336  5.1884  0.1477  0.9524  0.9995  0.8163  0.10000
  0.2156E-04  0.9306 14.8385  0.5446  0.9524  0.9820  0.7241  0.10000
  0.4312E-05  0.9208 23.6209  0.7022  0.9524  0.8483  0.2768  0.10000
  0.8624E-06  0.9070 25.4107  0.3779  0.9524  0.7631  0.2378  0.10000
  0.1725E-06  0.8999 29.9245  0.4964  1.0635  0.7203  0.2187  0.10000
  0.3450E-07  0.8873 36.9366  0.8327  1.0635  0.7104  0.1719  0.10000
  0.6899E-08  0.8491 39.6695  0.7539  1.0317  0.7073  0.2117  0.10000
  0.1380E-08  0.7658 42.6847  0.6758  1.0317  0.7214  0.2118  0.10000
  0.2760E-09  0.6447 42.9634  0.5692  0.9365  0.7569  0.2633  0.10000
  0.5520E-10  0.5125 44.2097  0.5140  0.8413  0.7538  0.2344  0.10000
  0.1104E-10  0.3436 47.3036  0.5041  0.8889  0.7034  0.2131  0.10000
  0.2208E-11  0.1449 48.5088  0.2612  0.7937  0.6773  0.2054  0.10000
  0.4416E-12  0.0380 48.6722  0.0730  0.8889  0.6753  0.2140  0.10000
  0.8831E-13  0.0081 48.6965  0.0158  0.8889  0.6754  0.2151  0.10000
  0.1766E-13  0.0016 48.7011  0.0032  0.9206  0.6754  0.2152  0.10000

          ***  Golden section search to maximize estimate ***
     Alpha    Discrp  Oscill  Stabil  Sysdev  Positv  Valcen    Total   
  0.1557E+02  1.1214  1.4048  0.0388  0.9206  1.0000  0.8160  0.67115
  0.2277E+02  1.1809  1.4169  0.0480  0.9206  1.0000  0.8132  0.66733
  0.1231E+02  1.0962  1.3989  0.0336  0.9206  1.0000  0.8174  0.67123
  0.1065E+02  1.0836  1.3959  0.0306  0.9206  1.0000  0.8181  0.67061
  0.1347E+02  1.1050  1.4010  0.0355  0.9206  1.0000  0.8169  0.67136
  0.1424E+02  1.1110  1.4024  0.0367  0.9206  1.0000  0.8166  0.67135
  0.1302E+02  1.1015  1.4002  0.0347  0.9206  1.0000  0.8171  0.67133
  0.1376E+02  1.1072  1.4015  0.0360  0.9206  1.0000  0.8168  0.67137
  0.1394E+02  1.1086  1.4019  0.0362  0.9206  1.0000  0.8167  0.67136
  0.1365E+02  1.1064  1.4013  0.0358  0.9206  1.0000  0.8168  0.67137
  0.1383E+02  1.1078  1.4017  0.0361  0.9206  1.0000  0.8167  0.67137
  0.1372E+02  1.1069  1.4015  0.0359  0.9206  1.0000  0.8168  0.67137
  0.1369E+02  1.1067  1.4014  0.0358  0.9206  1.0000  0.8168  0.67137
  0.1372E+02  1.1069  1.4015  0.0359  0.9206  1.0000  0.8168  0.67137



             ####            Final results            ####

 Parameter    DISCRP    OSCILL    STABIL    SYSDEV    POSITV    VALCEN
 Weight        1.000     3.000     3.000     4.000     1.000     1.000
 Sigma         0.500     0.600     0.120     0.200     0.120     0.120
 Ideal         1.000     1.100     0.000     1.000     1.000     0.950
 Current       1.107     1.401     0.036     0.921     1.000     0.817
                - - - - - - - - - - - - - - - - - - - - - - - - - 
 Estimate      0.955     0.777     0.914     1.000     1.000     0.292

  Angular   range    :     from    0.0087   to    0.1259
  Real space range   :     from      0.00   to    466.80

  Highest ALPHA (theor) :   0.164E+08                 JOB = 0
  Current ALPHA         :   0.137E+02   Rg :  0.141E+03   I(0) :   0.795E+03

           Total  estimate : 0.671  which is  A REASONABLE  solution

      S          J EXP       ERROR       J REG       I REG

  0.0000E+00                                      0.7952E+03
  0.9696E-03                                      0.7901E+03
  0.1939E-02                                      0.7753E+03
  0.2909E-02                                      0.7514E+03
  0.3878E-02                                      0.7195E+03
  0.4848E-02                                      0.6809E+03
  0.5818E-02                                      0.6372E+03
  0.6787E-02                                      0.5902E+03
  0.7757E-02                                      0.5415E+03
  0.8726E-02  0.5346E+03  0.1001E+02  0.4927E+03  0.4927E+03
  0.9656E-02  0.4778E+03  0.5664E+01  0.4472E+03  0.4472E+03
  0.1059E-01  0.4103E+03  0.3960E+01  0.4040E+03  0.4040E+03
  0.1152E-01  0.3690E+03  0.2902E+01  0.3637E+03  0.3637E+03
  0.1245E-01  0.3258E+03  0.2226E+01  0.3269E+03  0.3269E+03
  0.1338E-01  0.2920E+03  0.1725E+01  0.2940E+03  0.2940E+03
  0.1431E-01  0.2634E+03  0.1371E+01  0.2648E+03  0.2648E+03
  0.1524E-01  0.2389E+03  0.1099E+01  0.2392E+03  0.2392E+03
  0.1617E-01  0.2176E+03  0.9558E+00  0.2170E+03  0.2170E+03
  0.1710E-01  0.1988E+03  0.8415E+00  0.1978E+03  0.1978E+03
  0.1803E-01  0.1832E+03  0.7458E+00  0.1811E+03  0.1811E+03
  0.1896E-01  0.1670E+03  0.6944E+00  0.1666E+03  0.1666E+03
  0.1989E-01  0.1544E+03  0.6950E+00  0.1538E+03  0.1538E+03
  0.2081E-01  0.1410E+03  0.6186E+00  0.1424E+03  0.1424E+03
  0.2174E-01  0.1316E+03  0.6029E+00  0.1322E+03  0.1322E+03
  0.2267E-01  0.1234E+03  0.5631E+00  0.1229E+03  0.1229E+03
  0.2360E-01  0.1148E+03  0.5266E+00  0.1144E+03  0.1144E+03
  0.2453E-01  0.1066E+03  0.5042E+00  0.1067E+03  0.1067E+03
  0.2546E-01  0.9972E+02  0.4790E+00  0.9959E+02  0.9959E+02
  0.2639E-01  0.9299E+02  0.4992E+00  0.9311E+02  0.9311E+02
  0.2732E-01  0.8677E+02  0.4320E+00  0.8721E+02  0.8721E+02
  0.2825E-01  0.8169E+02  0.3989E+00  0.8187E+02  0.8187E+02
  0.2918E-01  0.7728E+02  0.3816E+00  0.7704E+02  0.7704E+02
  0.3011E-01  0.7283E+02  0.3756E+00  0.7268E+02  0.7268E+02
  0.3104E-01  0.6891E+02  0.3695E+00  0.6871E+02  0.6871E+02
  0.3197E-01  0.6534E+02  0.3651E+00  0.6508E+02  0.6508E+02
  0.3290E-01  0.6204E+02  0.3503E+00  0.6172E+02  0.6172E+02
  0.3383E-01  0.5921E+02  0.3554E+00  0.5859E+02  0.5859E+02
  0.3476E-01  0.5537E+02  0.3475E+00  0.5563E+02  0.5563E+02
  0.3569E-01  0.5202E+02  0.3478E+00  0.5281E+02  0.5281E+02
  0.3662E-01  0.4995E+02  0.3155E+00  0.5012E+02  0.5012E+02
  0.3755E-01  0.4777E+02  0.3218E+00  0.4756E+02  0.4756E+02
  0.3848E-01  0.4516E+02  0.3127E+00  0.4513E+02  0.4513E+02
  0.3941E-01  0.4275E+02  0.2981E+00  0.4284E+02  0.4284E+02
  0.4034E-01  0.4065E+02  0.2998E+00  0.4071E+02  0.4071E+02
  0.4127E-01  0.3886E+02  0.2870E+00  0.3874E+02  0.3874E+02
  0.4220E-01  0.3682E+02  0.2913E+00  0.3693E+02  0.3693E+02
  0.4313E-01  0.3538E+02  0.2828E+00  0.3529E+02  0.3529E+02
  0.4406E-01  0.3396E+02  0.2794E+00  0.3380E+02  0.3380E+02
  0.4499E-01  0.3244E+02  0.2747E+00  0.3245E+02  0.3245E+02
  0.4592E-01  0.3143E+02  0.2712E+00  0.3121E+02  0.3121E+02
  0.4685E-01  0.3007E+02  0.2671E+00  0.3005E+02  0.3005E+02
  0.4778E-01  0.2878E+02  0.2617E+00  0.2895E+02  0.2895E+02
  0.4871E-01  0.2808E+02  0.2686E+00  0.2790E+02  0.2790E+02
  0.4964E-01  0.2647E+02  0.2578E+00  0.2688E+02  0.2688E+02
  0.5057E-01  0.2584E+02  0.2500E+00  0.2588E+02  0.2588E+02
  0.5150E-01  0.2454E+02  0.2425E+00  0.2489E+02  0.2489E+02
  0.5243E-01  0.2420E+02  0.2510E+00  0.2393E+02  0.2393E+02
  0.5336E-01  0.2348E+02  0.2427E+00  0.2299E+02  0.2299E+02
  0.5429E-01  0.2236E+02  0.2424E+00  0.2208E+02  0.2208E+02
  0.5522E-01  0.2097E+02  0.2373E+00  0.2122E+02  0.2122E+02
  0.5615E-01  0.2050E+02  0.2337E+00  0.2039E+02  0.2039E+02
  0.5708E-01  0.1959E+02  0.2332E+00  0.1962E+02  0.1962E+02
  0.5801E-01  0.1911E+02  0.2344E+00  0.1890E+02  0.1890E+02
  0.5894E-01  0.1815E+02  0.2289E+00  0.1821E+02  0.1821E+02
  0.5987E-01  0.1750E+02  0.2222E+00  0.1757E+02  0.1757E+02
  0.6080E-01  0.1693E+02  0.2149E+00  0.1697E+02  0.1697E+02
  0.6173E-01  0.1617E+02  0.2190E+00  0.1639E+02  0.1639E+02
  0.6266E-01  0.1586E+02  0.2171E+00  0.1583E+02  0.1583E+02
  0.6359E-01  0.1544E+02  0.2180E+00  0.1530E+02  0.1530E+02
  0.6452E-01  0.1449E+02  0.2163E+00  0.1478E+02  0.1478E+02
  0.6545E-01  0.1442E+02  0.2139E+00  0.1428E+02  0.1428E+02
  0.6638E-01  0.1391E+02  0.2087E+00  0.1379E+02  0.1379E+02
  0.6731E-01  0.1326E+02  0.2055E+00  0.1333E+02  0.1333E+02
  0.6824E-01  0.1287E+02  0.2056E+00  0.1290E+02  0.1290E+02
  0.6917E-01  0.1239E+02  0.2067E+00  0.1249E+02  0.1249E+02
  0.7010E-01  0.1246E+02  0.2026E+00  0.1210E+02  0.1210E+02
  0.7103E-01  0.1148E+02  0.2008E+00  0.1173E+02  0.1173E+02
  0.7196E-01  0.1126E+02  0.2016E+00  0.1139E+02  0.1139E+02
  0.7289E-01  0.1116E+02  0.2017E+00  0.1106E+02  0.1106E+02
  0.7382E-01  0.1067E+02  0.2004E+00  0.1074E+02  0.1074E+02
  0.7475E-01  0.1074E+02  0.1952E+00  0.1043E+02  0.1043E+02
  0.7568E-01  0.1031E+02  0.1951E+00  0.1013E+02  0.1013E+02
  0.7661E-01  0.9706E+01  0.1938E+00  0.9827E+01  0.9827E+01
  0.7754E-01  0.9587E+01  0.1922E+00  0.9529E+01  0.9529E+01
  0.7847E-01  0.9244E+01  0.1913E+00  0.9235E+01  0.9235E+01
  0.7940E-01  0.8796E+01  0.1900E+00  0.8949E+01  0.8949E+01
  0.8033E-01  0.8308E+01  0.1867E+00  0.8673E+01  0.8673E+01
  0.8126E-01  0.8303E+01  0.1879E+00  0.8411E+01  0.8411E+01
  0.8219E-01  0.8360E+01  0.1904E+00  0.8168E+01  0.8168E+01
  0.8312E-01  0.7927E+01  0.1816E+00  0.7943E+01  0.7943E+01
  0.8405E-01  0.7616E+01  0.1825E+00  0.7738E+01  0.7738E+01
  0.8498E-01  0.7462E+01  0.1838E+00  0.7552E+01  0.7552E+01
  0.8591E-01  0.7438E+01  0.1779E+00  0.7383E+01  0.7383E+01
  0.8684E-01  0.7503E+01  0.1782E+00  0.7226E+01  0.7226E+01
  0.8777E-01  0.7133E+01  0.1789E+00  0.7079E+01  0.7079E+01
  0.8870E-01  0.6618E+01  0.1742E+00  0.6936E+01  0.6936E+01
  0.8963E-01  0.6885E+01  0.1741E+00  0.6794E+01  0.6794E+01
  0.9056E-01  0.6539E+01  0.1718E+00  0.6651E+01  0.6651E+01
  0.9149E-01  0.6550E+01  0.1782E+00  0.6505E+01  0.6505E+01
  0.9242E-01  0.6195E+01  0.1720E+00  0.6356E+01  0.6356E+01
  0.9335E-01  0.6480E+01  0.1716E+00  0.6205E+01  0.6205E+01
  0.9428E-01  0.6098E+01  0.1683E+00  0.6054E+01  0.6054E+01
  0.9521E-01  0.5661E+01  0.1698E+00  0.5905E+01  0.5905E+01
  0.9614E-01  0.5805E+01  0.1692E+00  0.5761E+01  0.5761E+01
  0.9707E-01  0.5614E+01  0.1672E+00  0.5624E+01  0.5624E+01
  0.9800E-01  0.5765E+01  0.1663E+00  0.5496E+01  0.5496E+01
  0.9893E-01  0.5558E+01  0.1646E+00  0.5377E+01  0.5377E+01
  0.9986E-01  0.5373E+01  0.1620E+00  0.5267E+01  0.5267E+01
  0.1008E+00  0.5183E+01  0.1646E+00  0.5165E+01  0.5165E+01
  0.1017E+00  0.4741E+01  0.1615E+00  0.5069E+01  0.5069E+01
  0.1026E+00  0.4643E+01  0.1594E+00  0.4977E+01  0.4977E+01
  0.1036E+00  0.4684E+01  0.1650E+00  0.4887E+01  0.4887E+01
  0.1045E+00  0.4503E+01  0.1672E+00  0.4797E+01  0.4797E+01
  0.1054E+00  0.4778E+01  0.1570E+00  0.4706E+01  0.4706E+01
  0.1064E+00  0.4901E+01  0.1567E+00  0.4613E+01  0.4613E+01
  0.1073E+00  0.5039E+01  0.1566E+00  0.4518E+01  0.4518E+01
  0.1082E+00  0.4702E+01  0.1581E+00  0.4423E+01  0.4423E+01
  0.1092E+00  0.4174E+01  0.1540E+00  0.4328E+01  0.4328E+01
  0.1101E+00  0.4103E+01  0.1537E+00  0.4233E+01  0.4233E+01
  0.1110E+00  0.3962E+01  0.1535E+00  0.4142E+01  0.4142E+01
  0.1119E+00  0.3982E+01  0.1540E+00  0.4054E+01  0.4054E+01
  0.1129E+00  0.4346E+01  0.1515E+00  0.3972E+01  0.3972E+01
  0.1138E+00  0.3917E+01  0.1514E+00  0.3895E+01  0.3895E+01
  0.1147E+00  0.3565E+01  0.1577E+00  0.3824E+01  0.3824E+01
  0.1157E+00  0.3566E+01  0.1526E+00  0.3759E+01  0.3759E+01
  0.1166E+00  0.3578E+01  0.1468E+00  0.3700E+01  0.3700E+01
  0.1175E+00  0.3299E+01  0.1446E+00  0.3645E+01  0.3645E+01
  0.1185E+00  0.3205E+01  0.1478E+00  0.3594E+01  0.3594E+01
  0.1194E+00  0.3433E+01  0.1451E+00  0.3547E+01  0.3547E+01
  0.1203E+00  0.3786E+01  0.1472E+00  0.3502E+01  0.3502E+01
  0.1212E+00  0.3601E+01  0.1456E+00  0.3459E+01  0.3459E+01
  0.1222E+00  0.3648E+01  0.1448E+00  0.3418E+01  0.3418E+01
  0.1231E+00  0.3521E+01  0.1453E+00  0.3377E+01  0.3377E+01
  0.1240E+00  0.3216E+01  0.1430E+00  0.3337E+01  0.3337E+01
  0.1250E+00  0.3407E+01  0.1441E+00  0.3296E+01  0.3296E+01
  0.1259E+00  0.3444E+01  0.1397E+00  0.3255E+01  0.3255E+01

           Distance distribution  function of particle  


       R          P(R)      ERROR

  0.0000E+00  0.0000E+00  0.0000E+00
  0.5187E+01  0.2248E-01  0.1642E-03
  0.1037E+02  0.4562E-01  0.1675E-03
  0.1556E+02  0.6911E-01  0.1059E-03
  0.2075E+02  0.9246E-01  0.1574E-03
  0.2593E+02  0.1151E+00  0.2381E-03
  0.3112E+02  0.1364E+00  0.2545E-03
  0.3631E+02  0.1557E+00  0.2257E-03
  0.4149E+02  0.1726E+00  0.2483E-03
  0.4668E+02  0.1870E+00  0.3481E-03
  0.5187E+02  0.1988E+00  0.4436E-03
  0.5705E+02  0.2083E+00  0.4940E-03
  0.6224E+02  0.2158E+00  0.5153E-03
  0.6743E+02  0.2219E+00  0.5506E-03
  0.7261E+02  0.2270E+00  0.6140E-03
  0.7780E+02  0.2315E+00  0.6777E-03
  0.8299E+02  0.2355E+00  0.7188E-03
  0.8817E+02  0.2390E+00  0.7482E-03
  0.9336E+02  0.2420E+00  0.7952E-03
  0.9855E+02  0.2443E+00  0.8689E-03
  0.1037E+03  0.2460E+00  0.9504E-03
  0.1089E+03  0.2469E+00  0.1023E-02
  0.1141E+03  0.2472E+00  0.1093E-02
  0.1193E+03  0.2471E+00  0.1175E-02
  0.1245E+03  0.2467E+00  0.1273E-02
  0.1297E+03  0.2460E+00  0.1371E-02
  0.1349E+03  0.2450E+00  0.1457E-02
  0.1400E+03  0.2436E+00  0.1532E-02
  0.1452E+03  0.2416E+00  0.1605E-02
  0.1504E+03  0.2389E+00  0.1681E-02
  0.1556E+03  0.2355E+00  0.1754E-02
  0.1608E+03  0.2315E+00  0.1818E-02
  0.1660E+03  0.2271E+00  0.1879E-02
  0.1712E+03  0.2226E+00  0.1942E-02
  0.1763E+03  0.2182E+00  0.2013E-02
  0.1815E+03  0.2141E+00  0.2087E-02
  0.1867E+03  0.2103E+00  0.2161E-02
  0.1919E+03  0.2067E+00  0.2235E-02
  0.1971E+03  0.2031E+00  0.2305E-02
  0.2023E+03  0.1992E+00  0.2365E-02
  0.2075E+03  0.1948E+00  0.2404E-02
  0.2127E+03  0.1900E+00  0.2423E-02
  0.2178E+03  0.1848E+00  0.2440E-02
  0.2230E+03  0.1795E+00  0.2478E-02
  0.2282E+03  0.1744E+00  0.2552E-02
  0.2334E+03  0.1696E+00  0.2660E-02
  0.2386E+03  0.1651E+00  0.2787E-02
  0.2438E+03  0.1609E+00  0.2918E-02
  0.2490E+03  0.1568E+00  0.3045E-02
  0.2541E+03  0.1525E+00  0.3160E-02
  0.2593E+03  0.1479E+00  0.3254E-02
  0.2645E+03  0.1429E+00  0.3325E-02
  0.2697E+03  0.1375E+00  0.3378E-02
  0.2749E+03  0.1319E+00  0.3418E-02
  0.2801E+03  0.1263E+00  0.3449E-02
  0.2853E+03  0.1208E+00  0.3464E-02
  0.2905E+03  0.1155E+00  0.3454E-02
  0.2956E+03  0.1104E+00  0.3414E-02
  0.3008E+03  0.1052E+00  0.3348E-02
  0.3060E+03  0.9995E-01  0.3269E-02
  0.3112E+03  0.9454E-01  0.3195E-02
  0.3164E+03  0.8906E-01  0.3136E-02
  0.3216E+03  0.8369E-01  0.3094E-02
  0.3268E+03  0.7870E-01  0.3063E-02
  0.3319E+03  0.7432E-01  0.3031E-02
  0.3371E+03  0.7072E-01  0.2992E-02
  0.3423E+03  0.6785E-01  0.2946E-02
  0.3475E+03  0.6553E-01  0.2896E-02
  0.3527E+03  0.6344E-01  0.2843E-02
  0.3579E+03  0.6123E-01  0.2788E-02
  0.3631E+03  0.5861E-01  0.2733E-02
  0.3683E+03  0.5546E-01  0.2685E-02
  0.3734E+03  0.5185E-01  0.2654E-02
  0.3786E+03  0.4802E-01  0.2646E-02
  0.3838E+03  0.4428E-01  0.2652E-02
  0.3890E+03  0.4092E-01  0.2654E-02
  0.3942E+03  0.3809E-01  0.2632E-02
  0.3994E+03  0.3579E-01  0.2575E-02
  0.4046E+03  0.3385E-01  0.2481E-02
  0.4097E+03  0.3199E-01  0.2356E-02
  0.4149E+03  0.2993E-01  0.2214E-02
  0.4201E+03  0.2749E-01  0.2069E-02
  0.4253E+03  0.2461E-01  0.1933E-02
  0.4305E+03  0.2141E-01  0.1808E-02
  0.4357E+03  0.1810E-01  0.1685E-02
  0.4409E+03  0.1489E-01  0.1549E-02
  0.4461E+03  0.1192E-01  0.1383E-02
  0.4512E+03  0.9156E-02  0.1170E-02
  0.4564E+03  0.6441E-02  0.8870E-03
  0.4616E+03  0.3490E-02  0.5062E-03
  0.4668E+03  0.0000E+00  0.0000E+00
          Reciprocal space: Rg =  141.21     , I(0) =   0.7951E+03
     Real space: Rg =  142.03 +- 1.046  I(0) =   0.7952E+03 +-  0.9829E+01
