
           ####    G N O M   ---   Version 4.5a revised 09/02/02     ####

                                                  Sun Nov  5 12:16:42 2017
           ===    Run No   1   ===
 Run title:  0.000330941 0 0


  Number of points omitted at the end:         186
   *******   Working Directory :
   *******    Input file(s) : 24697_01E_S116_0_01.sub
           Condition P(rmin) = 0 is used. 
           Condition P(rmax) = 0 is used. 

          Experimental conditions for the first run
          -----------------------------------------

          Highest ALPHA is found to be   0.1651E+03

  The measure of inconsistency AN1 equals to    0.1119E+01

          Warning: using the chosen range in the real space 
             it is not possible to fit the data set within the
             given error band. 
     Alpha    Discrp  Oscill  Stabil  Sysdev  Positv  Valcen    Total   
  0.1651E+06 53.1509  1.1680  0.9407  0.0000  1.0000  0.8612  0.00001
  0.3303E+05 44.7238  1.1651  0.7854  0.1273  1.0000  0.8622  0.00001
  0.6605E+04 26.2459  1.1594  0.4370  0.1804  1.0000  0.8659  0.00001
  0.1321E+04 11.4686  1.1943  0.1539  0.2069  1.0000  0.8704  0.00001
  0.2642E+03  4.5353  1.3436  0.0883  0.3342  1.0000  0.8687  0.00001
  0.5284E+02  1.5096  1.4792  0.0364  0.5358  1.0000  0.8674  0.54380
  0.1057E+02  0.7285  1.5390  0.0119  0.6950  1.0000  0.8669  0.56306
  0.2114E+01  0.6286  1.5639  0.0073  0.7958  1.0000  0.8664  0.52429
  0.4227E+00  0.6058  1.5987  0.0125  0.8276  1.0000  0.8660  0.10000
  0.8455E-01  0.5912  1.7057  0.0221  0.7958  1.0000  0.8654  0.10000
  0.1691E-01  0.5816  1.9972  0.0277  0.7851  0.9997  0.8643  0.10000
  0.3382E-02  0.5789  2.2926  0.0219  0.7958  0.9993  0.8629  0.10000
  0.6764E-03  0.5785  2.5276  0.0280  0.7958  0.9991  0.8618  0.10000
  0.1353E-03  0.5783  2.8271  0.0358  0.7958  0.9990  0.8614  0.10000
  0.2705E-04  0.5782  4.1047  0.1312  0.7958  0.9973  0.8617  0.10000
  0.5411E-05  0.5779 11.0397  0.5407  0.7958  0.9567  0.7742  0.10000
  0.1082E-05  0.5765 17.5857  0.8284  0.7851  0.8239  0.3567  0.10000
  0.2164E-06  0.5735 18.1453  0.5594  0.7745  0.7493  0.2911  0.10000
  0.4329E-07  0.5715 18.4981  0.2995  0.7745  0.7323  0.3061  0.10000
  0.8658E-08  0.5703 21.4901  0.6859  0.7745  0.7263  0.3510  0.10000
  0.1732E-08  0.5660 24.6127  0.9179  0.7745  0.7168  0.3080  0.10000
  0.3463E-09  0.5478 26.1610  0.8430  0.7745  0.7122  0.2936  0.10000
  0.6926E-10  0.4910 29.1554  0.6675  0.7851  0.7076  0.3245  0.10000
  0.1385E-10  0.3797 34.9209  0.4776  0.7745  0.7083  0.3392  0.10000
  0.2770E-11  0.2310 43.0117  0.3701  0.7745  0.7166  0.3279  0.10000
  0.5541E-12  0.0970 48.6367  0.2102  0.7958  0.7205  0.2541  0.10000
  0.1108E-12  0.0294 51.1688  0.0965  0.8170  0.7176  0.2486  0.10000
  0.2216E-13  0.0069 52.0456  0.0286  0.8170  0.7159  0.2423  0.10000
  0.4433E-14  0.0014 52.2604  0.0063  0.8170  0.7155  0.2404  0.10000
  0.8865E-15  0.0003 52.3055  0.0013  0.8170  0.7155  0.2400  0.10000
  0.1773E-15  0.0001 52.3147  0.0003  0.8170  0.7154  0.2399  0.10000

          ***  Golden section search to maximize estimate ***
     Alpha    Discrp  Oscill  Stabil  Sysdev  Positv  Valcen    Total   
  0.2858E+02  1.0448  1.5091  0.0235  0.5995  1.0000  0.8672  0.58057
  0.3614E+02  1.1901  1.4990  0.0278  0.5782  1.0000  0.8673  0.57376
  0.2472E+02  0.9718  1.5147  0.0212  0.6101  1.0000  0.8672  0.58024
  0.3126E+02  1.0961  1.5054  0.0251  0.5782  1.0000  0.8672  0.57837
  0.2703E+02  1.0155  1.5113  0.0226  0.6207  1.0000  0.8672  0.58240
  0.2612E+02  0.9983  1.5127  0.0220  0.6207  1.0000  0.8672  0.58210
  0.2761E+02  1.0265  1.5105  0.0229  0.6207  1.0000  0.8672  0.58250
  0.2798E+02  1.0334  1.5100  0.0231  0.6207  1.0000  0.8672  0.58253
  0.2820E+02  1.0378  1.5097  0.0233  0.6207  1.0000  0.8672  0.58254
  0.2835E+02  1.0404  1.5095  0.0234  0.6207  1.0000  0.8672  0.58254
  0.2812E+02  1.0361  1.5098  0.0232  0.6207  1.0000  0.8672  0.58254
  0.2820E+02  1.0378  1.5097  0.0233  0.6207  1.0000  0.8672  0.58254



             ####            Final results            ####

 Parameter    DISCRP    OSCILL    STABIL    SYSDEV    POSITV    VALCEN
 Weight        1.000     3.000     3.000     4.000     1.000     1.000
 Sigma         0.500     0.600     0.120     0.200     0.120     0.120
 Ideal         1.000     1.100     0.000     1.000     1.000     0.950
 Current       1.038     1.510     0.023     0.621     1.000     0.867
                - - - - - - - - - - - - - - - - - - - - - - - - - 
 Estimate      0.994     0.627     0.963     0.027     1.000     0.621

  Angular   range    :     from    0.0078   to    0.3581
  Real space range   :     from      0.00   to    112.30

  Highest ALPHA (theor) :   0.165E+06                 JOB = 0
  Current ALPHA         :   0.282E+02   Rg :  0.318E+02   I(0) :   0.988E+03

           Total  estimate : 0.583  which is  A REASONABLE  solution

      S          J EXP       ERROR       J REG       I REG

  0.0000E+00                                      0.9879E+03
  0.9707E-03                                      0.9876E+03
  0.1941E-02                                      0.9866E+03
  0.2912E-02                                      0.9851E+03
  0.3883E-02                                      0.9829E+03
  0.4853E-02                                      0.9801E+03
  0.5824E-02                                      0.9767E+03
  0.6795E-02                                      0.9726E+03
  0.7765E-02  0.8251E+03  0.5808E+02  0.9680E+03  0.9680E+03
  0.8695E-02  0.9764E+03  0.7939E+02  0.9630E+03  0.9630E+03
  0.9624E-02  0.9979E+03  0.4208E+02  0.9575E+03  0.9575E+03
  0.1055E-01  0.9916E+03  0.2855E+02  0.9515E+03  0.9515E+03
  0.1148E-01  0.9798E+03  0.2080E+02  0.9450E+03  0.9450E+03
  0.1241E-01  0.9760E+03  0.1861E+02  0.9380E+03  0.9380E+03
  0.1334E-01  0.9442E+03  0.1305E+02  0.9305E+03  0.9305E+03
  0.1427E-01  0.9323E+03  0.1184E+02  0.9226E+03  0.9226E+03
  0.1520E-01  0.9125E+03  0.9736E+01  0.9142E+03  0.9142E+03
  0.1613E-01  0.9074E+03  0.8177E+01  0.9054E+03  0.9054E+03
  0.1706E-01  0.8972E+03  0.7757E+01  0.8962E+03  0.8962E+03
  0.1799E-01  0.8831E+03  0.7378E+01  0.8865E+03  0.8865E+03
  0.1892E-01  0.8777E+03  0.7329E+01  0.8765E+03  0.8765E+03
  0.1985E-01  0.8671E+03  0.6969E+01  0.8662E+03  0.8662E+03
  0.2078E-01  0.8620E+03  0.6411E+01  0.8555E+03  0.8555E+03
  0.2170E-01  0.8467E+03  0.6515E+01  0.8444E+03  0.8444E+03
  0.2263E-01  0.8305E+03  0.5898E+01  0.8331E+03  0.8331E+03
  0.2356E-01  0.8133E+03  0.6104E+01  0.8215E+03  0.8215E+03
  0.2449E-01  0.7990E+03  0.5714E+01  0.8096E+03  0.8096E+03
  0.2542E-01  0.8044E+03  0.5718E+01  0.7975E+03  0.7975E+03
  0.2635E-01  0.7841E+03  0.5500E+01  0.7852E+03  0.7852E+03
  0.2728E-01  0.7627E+03  0.5171E+01  0.7726E+03  0.7726E+03
  0.2821E-01  0.7581E+03  0.5159E+01  0.7599E+03  0.7599E+03
  0.2914E-01  0.7389E+03  0.4976E+01  0.7470E+03  0.7470E+03
  0.3007E-01  0.7316E+03  0.4862E+01  0.7340E+03  0.7340E+03
  0.3100E-01  0.7233E+03  0.4818E+01  0.7208E+03  0.7208E+03
  0.3193E-01  0.7042E+03  0.4734E+01  0.7076E+03  0.7076E+03
  0.3286E-01  0.6938E+03  0.4706E+01  0.6942E+03  0.6942E+03
  0.3379E-01  0.6829E+03  0.4432E+01  0.6809E+03  0.6809E+03
  0.3472E-01  0.6724E+03  0.4395E+01  0.6674E+03  0.6674E+03
  0.3564E-01  0.6552E+03  0.4337E+01  0.6539E+03  0.6539E+03
  0.3657E-01  0.6368E+03  0.4247E+01  0.6405E+03  0.6405E+03
  0.3750E-01  0.6326E+03  0.4223E+01  0.6270E+03  0.6270E+03
  0.3843E-01  0.6231E+03  0.4184E+01  0.6135E+03  0.6135E+03
  0.3936E-01  0.5973E+03  0.4169E+01  0.6001E+03  0.6001E+03
  0.4029E-01  0.5937E+03  0.3966E+01  0.5867E+03  0.5867E+03
  0.4122E-01  0.5820E+03  0.4151E+01  0.5735E+03  0.5735E+03
  0.4215E-01  0.5677E+03  0.4044E+01  0.5602E+03  0.5602E+03
  0.4308E-01  0.5515E+03  0.3892E+01  0.5471E+03  0.5471E+03
  0.4401E-01  0.5371E+03  0.3847E+01  0.5341E+03  0.5341E+03
  0.4494E-01  0.5286E+03  0.3651E+01  0.5212E+03  0.5212E+03
  0.4587E-01  0.5122E+03  0.3689E+01  0.5085E+03  0.5085E+03
  0.4680E-01  0.4974E+03  0.3627E+01  0.4959E+03  0.4959E+03
  0.4773E-01  0.4917E+03  0.3541E+01  0.4834E+03  0.4834E+03
  0.4865E-01  0.4803E+03  0.3440E+01  0.4711E+03  0.4711E+03
  0.4958E-01  0.4597E+03  0.3402E+01  0.4589E+03  0.4589E+03
  0.5051E-01  0.4469E+03  0.3487E+01  0.4470E+03  0.4470E+03
  0.5144E-01  0.4387E+03  0.3352E+01  0.4352E+03  0.4352E+03
  0.5237E-01  0.4354E+03  0.3340E+01  0.4236E+03  0.4236E+03
  0.5330E-01  0.4134E+03  0.3417E+01  0.4122E+03  0.4122E+03
  0.5423E-01  0.3966E+03  0.3331E+01  0.4010E+03  0.4010E+03
  0.5516E-01  0.3906E+03  0.3377E+01  0.3900E+03  0.3900E+03
  0.5609E-01  0.3804E+03  0.3248E+01  0.3792E+03  0.3792E+03
  0.5702E-01  0.3771E+03  0.3221E+01  0.3686E+03  0.3686E+03
  0.5795E-01  0.3661E+03  0.3162E+01  0.3582E+03  0.3582E+03
  0.5888E-01  0.3495E+03  0.3146E+01  0.3481E+03  0.3481E+03
  0.5981E-01  0.3439E+03  0.3064E+01  0.3381E+03  0.3381E+03
  0.6074E-01  0.3307E+03  0.3025E+01  0.3284E+03  0.3284E+03
  0.6166E-01  0.3183E+03  0.3015E+01  0.3188E+03  0.3188E+03
  0.6259E-01  0.3181E+03  0.2963E+01  0.3095E+03  0.3095E+03
  0.6352E-01  0.3129E+03  0.2920E+01  0.3004E+03  0.3004E+03
  0.6445E-01  0.2974E+03  0.2908E+01  0.2915E+03  0.2915E+03
  0.6538E-01  0.2845E+03  0.2856E+01  0.2828E+03  0.2828E+03
  0.6631E-01  0.2751E+03  0.2882E+01  0.2744E+03  0.2744E+03
  0.6724E-01  0.2754E+03  0.2810E+01  0.2661E+03  0.2661E+03
  0.6817E-01  0.2686E+03  0.2846E+01  0.2580E+03  0.2580E+03
  0.6910E-01  0.2565E+03  0.2901E+01  0.2502E+03  0.2502E+03
  0.7003E-01  0.2536E+03  0.2790E+01  0.2425E+03  0.2425E+03
  0.7096E-01  0.2419E+03  0.2787E+01  0.2350E+03  0.2350E+03
  0.7189E-01  0.2294E+03  0.2635E+01  0.2278E+03  0.2278E+03
  0.7282E-01  0.2229E+03  0.2816E+01  0.2207E+03  0.2207E+03
  0.7375E-01  0.2228E+03  0.2673E+01  0.2138E+03  0.2138E+03
  0.7468E-01  0.2190E+03  0.2590E+01  0.2070E+03  0.2070E+03
  0.7560E-01  0.2051E+03  0.2573E+01  0.2005E+03  0.2005E+03
  0.7653E-01  0.1930E+03  0.2565E+01  0.1941E+03  0.1941E+03
  0.7746E-01  0.1880E+03  0.2579E+01  0.1879E+03  0.1879E+03
  0.7839E-01  0.1836E+03  0.2526E+01  0.1819E+03  0.1819E+03
  0.7932E-01  0.1793E+03  0.2547E+01  0.1760E+03  0.1760E+03
  0.8025E-01  0.1691E+03  0.2507E+01  0.1703E+03  0.1703E+03
  0.8118E-01  0.1624E+03  0.2538E+01  0.1648E+03  0.1648E+03
  0.8211E-01  0.1608E+03  0.2503E+01  0.1594E+03  0.1594E+03
  0.8304E-01  0.1563E+03  0.2447E+01  0.1541E+03  0.1541E+03
  0.8397E-01  0.1517E+03  0.2481E+01  0.1490E+03  0.1490E+03
  0.8490E-01  0.1499E+03  0.2449E+01  0.1440E+03  0.1440E+03
  0.8583E-01  0.1407E+03  0.2383E+01  0.1392E+03  0.1392E+03
  0.8676E-01  0.1378E+03  0.2363E+01  0.1345E+03  0.1345E+03
  0.8769E-01  0.1362E+03  0.2307E+01  0.1299E+03  0.1299E+03
  0.8861E-01  0.1272E+03  0.2349E+01  0.1255E+03  0.1255E+03
  0.8954E-01  0.1196E+03  0.2320E+01  0.1212E+03  0.1212E+03
  0.9047E-01  0.1152E+03  0.2286E+01  0.1170E+03  0.1170E+03
  0.9140E-01  0.1120E+03  0.2264E+01  0.1129E+03  0.1129E+03
  0.9233E-01  0.1092E+03  0.2299E+01  0.1090E+03  0.1090E+03
  0.9326E-01  0.1083E+03  0.2271E+01  0.1051E+03  0.1051E+03
  0.9419E-01  0.1015E+03  0.2240E+01  0.1014E+03  0.1014E+03
  0.9512E-01  0.9619E+02  0.2266E+01  0.9781E+02  0.9781E+02
  0.9605E-01  0.9003E+02  0.2301E+01  0.9431E+02  0.9431E+02
  0.9698E-01  0.8716E+02  0.2251E+01  0.9091E+02  0.9091E+02
  0.9791E-01  0.8529E+02  0.2232E+01  0.8762E+02  0.8762E+02
  0.9884E-01  0.8595E+02  0.2193E+01  0.8442E+02  0.8442E+02
  0.9977E-01  0.8248E+02  0.2219E+01  0.8133E+02  0.8133E+02
  0.1007E+00  0.7991E+02  0.2178E+01  0.7833E+02  0.7833E+02
  0.1016E+00  0.7228E+02  0.2131E+01  0.7543E+02  0.7543E+02
  0.1026E+00  0.6631E+02  0.2109E+01  0.7263E+02  0.7263E+02
  0.1035E+00  0.6607E+02  0.2052E+01  0.6991E+02  0.6991E+02
  0.1044E+00  0.6401E+02  0.2122E+01  0.6729E+02  0.6729E+02
  0.1053E+00  0.6688E+02  0.2037E+01  0.6475E+02  0.6475E+02
  0.1063E+00  0.6358E+02  0.2061E+01  0.6231E+02  0.6231E+02
  0.1072E+00  0.6197E+02  0.2070E+01  0.5994E+02  0.5994E+02
  0.1081E+00  0.6010E+02  0.2070E+01  0.5766E+02  0.5766E+02
  0.1091E+00  0.5473E+02  0.2064E+01  0.5547E+02  0.5547E+02
  0.1100E+00  0.5716E+02  0.2031E+01  0.5335E+02  0.5335E+02
  0.1109E+00  0.5098E+02  0.2096E+01  0.5131E+02  0.5131E+02
  0.1118E+00  0.4472E+02  0.2051E+01  0.4935E+02  0.4935E+02
  0.1128E+00  0.3982E+02  0.2019E+01  0.4747E+02  0.4747E+02
  0.1137E+00  0.4408E+02  0.2039E+01  0.4566E+02  0.4566E+02
  0.1146E+00  0.4147E+02  0.1986E+01  0.4392E+02  0.4392E+02
  0.1156E+00  0.4251E+02  0.1981E+01  0.4226E+02  0.4226E+02
  0.1165E+00  0.4359E+02  0.1919E+01  0.4066E+02  0.4066E+02
  0.1174E+00  0.3932E+02  0.1915E+01  0.3913E+02  0.3913E+02
  0.1184E+00  0.3237E+02  0.1952E+01  0.3766E+02  0.3766E+02
  0.1193E+00  0.3092E+02  0.1889E+01  0.3626E+02  0.3626E+02
  0.1202E+00  0.2904E+02  0.1934E+01  0.3492E+02  0.3492E+02
  0.1211E+00  0.2751E+02  0.1881E+01  0.3364E+02  0.3364E+02
  0.1221E+00  0.3111E+02  0.1890E+01  0.3242E+02  0.3242E+02
  0.1230E+00  0.2712E+02  0.1897E+01  0.3126E+02  0.3126E+02
  0.1239E+00  0.2780E+02  0.1884E+01  0.3015E+02  0.3015E+02
  0.1249E+00  0.2719E+02  0.1897E+01  0.2910E+02  0.2910E+02
  0.1258E+00  0.2481E+02  0.1880E+01  0.2810E+02  0.2810E+02
  0.1267E+00  0.2565E+02  0.1861E+01  0.2714E+02  0.2714E+02
  0.1276E+00  0.2422E+02  0.1861E+01  0.2624E+02  0.2624E+02
  0.1286E+00  0.2482E+02  0.1881E+01  0.2538E+02  0.2538E+02
  0.1295E+00  0.2199E+02  0.1882E+01  0.2456E+02  0.2456E+02
  0.1304E+00  0.1915E+02  0.1852E+01  0.2379E+02  0.2379E+02
  0.1314E+00  0.1959E+02  0.1855E+01  0.2306E+02  0.2306E+02
  0.1323E+00  0.1787E+02  0.1829E+01  0.2237E+02  0.2237E+02
  0.1332E+00  0.1871E+02  0.1863E+01  0.2171E+02  0.2171E+02
  0.1342E+00  0.1919E+02  0.1860E+01  0.2110E+02  0.2110E+02
  0.1351E+00  0.1850E+02  0.1826E+01  0.2051E+02  0.2051E+02
  0.1360E+00  0.1623E+02  0.1838E+01  0.1996E+02  0.1996E+02
  0.1369E+00  0.1946E+02  0.1807E+01  0.1943E+02  0.1943E+02
  0.1379E+00  0.1858E+02  0.1813E+01  0.1894E+02  0.1894E+02
  0.1388E+00  0.1621E+02  0.1780E+01  0.1848E+02  0.1848E+02
  0.1397E+00  0.1260E+02  0.1799E+01  0.1804E+02  0.1804E+02
  0.1407E+00  0.1496E+02  0.1790E+01  0.1762E+02  0.1762E+02
  0.1416E+00  0.1407E+02  0.1757E+01  0.1723E+02  0.1723E+02
  0.1425E+00  0.1210E+02  0.1786E+01  0.1686E+02  0.1686E+02
  0.1434E+00  0.1188E+02  0.1747E+01  0.1651E+02  0.1651E+02
  0.1444E+00  0.9907E+01  0.1789E+01  0.1618E+02  0.1618E+02
  0.1453E+00  0.1260E+02  0.1750E+01  0.1587E+02  0.1587E+02
  0.1462E+00  0.1194E+02  0.2163E+01  0.1557E+02  0.1557E+02
  0.1472E+00  0.9287E+01  0.1859E+01  0.1529E+02  0.1529E+02
  0.1481E+00  0.1443E+02  0.1740E+01  0.1503E+02  0.1503E+02
  0.1490E+00  0.1210E+02  0.1764E+01  0.1478E+02  0.1478E+02
  0.1499E+00  0.8482E+01  0.1757E+01  0.1454E+02  0.1454E+02
  0.1509E+00  0.8614E+01  0.1721E+01  0.1431E+02  0.1431E+02
  0.1518E+00  0.1131E+02  0.1782E+01  0.1410E+02  0.1410E+02
  0.1527E+00  0.1322E+02  0.1756E+01  0.1389E+02  0.1389E+02
  0.1537E+00  0.8482E+01  0.1771E+01  0.1370E+02  0.1370E+02
  0.1546E+00  0.1030E+02  0.1743E+01  0.1351E+02  0.1351E+02
  0.1555E+00  0.1204E+02  0.1740E+01  0.1334E+02  0.1334E+02
  0.1565E+00  0.1286E+02  0.1730E+01  0.1317E+02  0.1317E+02
  0.1574E+00  0.1497E+02  0.1697E+01  0.1301E+02  0.1301E+02
  0.1583E+00  0.1705E+02  0.1735E+01  0.1285E+02  0.1285E+02
  0.1592E+00  0.1412E+02  0.1697E+01  0.1270E+02  0.1270E+02
  0.1602E+00  0.1053E+02  0.1685E+01  0.1256E+02  0.1256E+02
  0.1611E+00  0.1329E+02  0.1678E+01  0.1242E+02  0.1242E+02
  0.1620E+00  0.1124E+02  0.1648E+01  0.1229E+02  0.1229E+02
  0.1630E+00  0.8711E+01  0.1654E+01  0.1216E+02  0.1216E+02
  0.1639E+00  0.8082E+01  0.1677E+01  0.1204E+02  0.1204E+02
  0.1648E+00  0.1031E+02  0.1673E+01  0.1192E+02  0.1192E+02
  0.1657E+00  0.1076E+02  0.1665E+01  0.1180E+02  0.1180E+02
  0.1667E+00  0.9676E+01  0.1654E+01  0.1169E+02  0.1169E+02
  0.1676E+00  0.8501E+01  0.1697E+01  0.1159E+02  0.1159E+02
  0.1685E+00  0.1119E+02  0.1671E+01  0.1148E+02  0.1148E+02
  0.1695E+00  0.1317E+02  0.1679E+01  0.1138E+02  0.1138E+02
  0.1704E+00  0.1166E+02  0.1677E+01  0.1128E+02  0.1128E+02
  0.1713E+00  0.1174E+02  0.1678E+01  0.1119E+02  0.1119E+02
  0.1723E+00  0.9746E+01  0.1684E+01  0.1110E+02  0.1110E+02
  0.1732E+00  0.1147E+02  0.1675E+01  0.1101E+02  0.1101E+02
  0.1741E+00  0.1001E+02  0.1664E+01  0.1092E+02  0.1092E+02
  0.1750E+00  0.1087E+02  0.1637E+01  0.1084E+02  0.1084E+02
  0.1760E+00  0.9804E+01  0.1670E+01  0.1076E+02  0.1076E+02
  0.1769E+00  0.9279E+01  0.1645E+01  0.1068E+02  0.1068E+02
  0.1778E+00  0.1022E+02  0.1588E+01  0.1060E+02  0.1060E+02
  0.1788E+00  0.8551E+01  0.1611E+01  0.1052E+02  0.1052E+02
  0.1797E+00  0.1042E+02  0.1593E+01  0.1045E+02  0.1045E+02
  0.1806E+00  0.1264E+02  0.1611E+01  0.1038E+02  0.1038E+02
  0.1815E+00  0.9569E+01  0.1564E+01  0.1031E+02  0.1031E+02
  0.1825E+00  0.1049E+02  0.1579E+01  0.1024E+02  0.1024E+02
  0.1834E+00  0.1439E+02  0.1609E+01  0.1017E+02  0.1017E+02
  0.1843E+00  0.1325E+02  0.1572E+01  0.1011E+02  0.1011E+02
  0.1853E+00  0.1423E+02  0.1599E+01  0.1004E+02  0.1004E+02
  0.1862E+00  0.1003E+02  0.1572E+01  0.9977E+01  0.9977E+01
  0.1871E+00  0.1257E+02  0.1571E+01  0.9915E+01  0.9915E+01
  0.1880E+00  0.1214E+02  0.1543E+01  0.9854E+01  0.9854E+01
  0.1890E+00  0.9866E+01  0.1574E+01  0.9793E+01  0.9793E+01
  0.1899E+00  0.1054E+02  0.1569E+01  0.9733E+01  0.9733E+01
  0.1908E+00  0.1173E+02  0.1556E+01  0.9674E+01  0.9674E+01
  0.1918E+00  0.7326E+01  0.1569E+01  0.9615E+01  0.9615E+01
  0.1927E+00  0.8254E+01  0.1564E+01  0.9557E+01  0.9557E+01
  0.1936E+00  0.1143E+02  0.1551E+01  0.9499E+01  0.9499E+01
  0.1946E+00  0.7989E+01  0.1562E+01  0.9442E+01  0.9442E+01
  0.1955E+00  0.9243E+01  0.1543E+01  0.9384E+01  0.9384E+01
  0.1964E+00  0.1155E+02  0.1565E+01  0.9328E+01  0.9328E+01
  0.1973E+00  0.1093E+02  0.1542E+01  0.9271E+01  0.9271E+01
  0.1983E+00  0.8878E+01  0.1578E+01  0.9214E+01  0.9214E+01
  0.1992E+00  0.6914E+01  0.1576E+01  0.9158E+01  0.9158E+01
  0.2001E+00  0.5352E+01  0.1540E+01  0.9102E+01  0.9102E+01
  0.2011E+00  0.2219E+01  0.1547E+01  0.9046E+01  0.9046E+01
  0.2020E+00  0.5971E+01  0.1490E+01  0.8988E+01  0.8988E+01
  0.2029E+00  0.9356E+01  0.1534E+01  0.8932E+01  0.8932E+01
  0.2038E+00  0.8557E+01  0.1523E+01  0.8875E+01  0.8875E+01
  0.2048E+00  0.9810E+01  0.1527E+01  0.8818E+01  0.8818E+01
  0.2057E+00  0.7383E+01  0.1523E+01  0.8762E+01  0.8762E+01
  0.2066E+00  0.7796E+01  0.1490E+01  0.8705E+01  0.8705E+01
  0.2076E+00  0.8339E+01  0.1505E+01  0.8649E+01  0.8649E+01
  0.2085E+00  0.4652E+01  0.1495E+01  0.8592E+01  0.8592E+01
  0.2094E+00  0.9952E+01  0.1489E+01  0.8536E+01  0.8536E+01
  0.2104E+00  0.1236E+02  0.1502E+01  0.8480E+01  0.8480E+01
  0.2113E+00  0.1064E+02  0.1484E+01  0.8423E+01  0.8423E+01
  0.2122E+00  0.9785E+01  0.1482E+01  0.8368E+01  0.8368E+01
  0.2131E+00  0.7917E+01  0.1454E+01  0.8312E+01  0.8312E+01
  0.2141E+00  0.1047E+02  0.1463E+01  0.8257E+01  0.8257E+01
  0.2150E+00  0.7371E+01  0.1466E+01  0.8202E+01  0.8202E+01
  0.2159E+00  0.6920E+01  0.1421E+01  0.8148E+01  0.8148E+01
  0.2169E+00  0.1016E+02  0.1445E+01  0.8094E+01  0.8094E+01
  0.2178E+00  0.9629E+01  0.1422E+01  0.8041E+01  0.8041E+01
  0.2187E+00  0.5576E+01  0.1424E+01  0.7989E+01  0.7989E+01
  0.2196E+00  0.6390E+01  0.1402E+01  0.7937E+01  0.7937E+01
  0.2206E+00  0.5212E+01  0.1420E+01  0.7886E+01  0.7886E+01
  0.2215E+00  0.7421E+01  0.1437E+01  0.7836E+01  0.7836E+01
  0.2224E+00  0.6384E+01  0.1425E+01  0.7787E+01  0.7787E+01
  0.2234E+00  0.8421E+01  0.1421E+01  0.7739E+01  0.7739E+01
  0.2243E+00  0.8629E+01  0.1416E+01  0.7692E+01  0.7692E+01
  0.2252E+00  0.9360E+01  0.1403E+01  0.7646E+01  0.7646E+01
  0.2262E+00  0.5747E+01  0.1396E+01  0.7601E+01  0.7601E+01
  0.2271E+00  0.6616E+01  0.1393E+01  0.7558E+01  0.7558E+01
  0.2280E+00  0.8432E+01  0.1417E+01  0.7515E+01  0.7515E+01
  0.2289E+00  0.9208E+01  0.1420E+01  0.7474E+01  0.7474E+01
  0.2299E+00  0.5219E+01  0.1465E+01  0.7434E+01  0.7434E+01
  0.2308E+00  0.7134E+01  0.1474E+01  0.7395E+01  0.7395E+01
  0.2317E+00  0.3595E+01  0.1456E+01  0.7358E+01  0.7358E+01
  0.2327E+00  0.4429E+01  0.1461E+01  0.7321E+01  0.7321E+01
  0.2336E+00  0.5232E+01  0.1454E+01  0.7286E+01  0.7286E+01
  0.2345E+00  0.8535E+01  0.1475E+01  0.7252E+01  0.7252E+01
  0.2354E+00  0.9328E+01  0.1437E+01  0.7220E+01  0.7220E+01
  0.2364E+00  0.6820E+01  0.1456E+01  0.7188E+01  0.7188E+01
  0.2373E+00  0.6226E+01  0.1446E+01  0.7158E+01  0.7158E+01
  0.2382E+00  0.8173E+01  0.1457E+01  0.7129E+01  0.7129E+01
  0.2392E+00  0.9427E+01  0.1461E+01  0.7100E+01  0.7100E+01
  0.2401E+00  0.9049E+01  0.1441E+01  0.7073E+01  0.7073E+01
  0.2410E+00  0.8886E+01  0.1449E+01  0.7047E+01  0.7047E+01
  0.2420E+00  0.4784E+01  0.1472E+01  0.7022E+01  0.7022E+01
  0.2429E+00  0.5566E+01  0.1448E+01  0.6997E+01  0.6997E+01
  0.2438E+00  0.6559E+01  0.1457E+01  0.6973E+01  0.6973E+01
  0.2447E+00  0.7685E+01  0.1436E+01  0.6950E+01  0.6950E+01
  0.2457E+00  0.8347E+01  0.1473E+01  0.6928E+01  0.6928E+01
  0.2466E+00  0.2977E+01  0.1437E+01  0.6906E+01  0.6906E+01
  0.2475E+00  0.7037E+01  0.1446E+01  0.6885E+01  0.6885E+01
  0.2485E+00  0.8391E+01  0.1445E+01  0.6864E+01  0.6864E+01
  0.2494E+00  0.8186E+01  0.1439E+01  0.6843E+01  0.6843E+01
  0.2503E+00  0.6001E+01  0.1451E+01  0.6823E+01  0.6823E+01
  0.2512E+00  0.6544E+01  0.1422E+01  0.6803E+01  0.6803E+01
  0.2522E+00  0.5271E+01  0.1449E+01  0.6783E+01  0.6783E+01
  0.2531E+00  0.6475E+01  0.1429E+01  0.6763E+01  0.6763E+01
  0.2540E+00  0.4364E+01  0.1448E+01  0.6743E+01  0.6743E+01
  0.2550E+00  0.4807E+01  0.1456E+01  0.6724E+01  0.6724E+01
  0.2559E+00  0.5283E+01  0.1447E+01  0.6704E+01  0.6704E+01
  0.2568E+00  0.7728E+01  0.1444E+01  0.6684E+01  0.6684E+01
  0.2577E+00  0.5969E+01  0.1441E+01  0.6663E+01  0.6663E+01
  0.2587E+00  0.5934E+01  0.1430E+01  0.6643E+01  0.6643E+01
  0.2596E+00  0.5476E+01  0.1430E+01  0.6622E+01  0.6622E+01
  0.2605E+00  0.9627E+01  0.1430E+01  0.6602E+01  0.6602E+01
  0.2615E+00  0.5758E+01  0.1427E+01  0.6580E+01  0.6580E+01
  0.2624E+00  0.5025E+01  0.1418E+01  0.6559E+01  0.6559E+01
  0.2633E+00  0.9638E+01  0.1440E+01  0.6537E+01  0.6537E+01
  0.2643E+00  0.1254E+02  0.1433E+01  0.6515E+01  0.6515E+01
  0.2652E+00  0.9440E+01  0.1402E+01  0.6492E+01  0.6492E+01
  0.2661E+00  0.8091E+01  0.1434E+01  0.6470E+01  0.6470E+01
  0.2670E+00  0.7506E+01  0.1411E+01  0.6446E+01  0.6446E+01
  0.2680E+00  0.4925E+01  0.1429E+01  0.6423E+01  0.6423E+01
  0.2689E+00  0.4321E+01  0.1417E+01  0.6399E+01  0.6399E+01
  0.2698E+00  0.3777E+01  0.1416E+01  0.6375E+01  0.6375E+01
  0.2708E+00  0.6731E+01  0.1429E+01  0.6351E+01  0.6351E+01
  0.2717E+00  0.5839E+01  0.1411E+01  0.6327E+01  0.6327E+01
  0.2726E+00  0.2458E+01  0.1425E+01  0.6302E+01  0.6302E+01
  0.2735E+00  0.2739E+01  0.1406E+01  0.6277E+01  0.6277E+01
  0.2745E+00  0.5857E+01  0.1427E+01  0.6251E+01  0.6251E+01
  0.2754E+00  0.6581E+01  0.1431E+01  0.6226E+01  0.6226E+01
  0.2763E+00  0.5308E+01  0.1433E+01  0.6201E+01  0.6201E+01
  0.2773E+00  0.6096E+01  0.1433E+01  0.6176E+01  0.6176E+01
  0.2782E+00  0.6494E+01  0.1434E+01  0.6150E+01  0.6150E+01
  0.2791E+00  0.6227E+01  0.1443E+01  0.6125E+01  0.6125E+01
  0.2801E+00  0.8025E+01  0.1416E+01  0.6099E+01  0.6099E+01
  0.2810E+00  0.8617E+01  0.1430E+01  0.6074E+01  0.6074E+01
  0.2819E+00  0.6203E+01  0.1468E+01  0.6049E+01  0.6049E+01
  0.2828E+00  0.5843E+01  0.1465E+01  0.6024E+01  0.6024E+01
  0.2838E+00  0.4653E+01  0.1480E+01  0.5999E+01  0.5999E+01
  0.2847E+00  0.4901E+01  0.1484E+01  0.5974E+01  0.5974E+01
  0.2856E+00  0.8773E+01  0.1497E+01  0.5949E+01  0.5949E+01
  0.2866E+00  0.1068E+02  0.1528E+01  0.5925E+01  0.5925E+01
  0.2875E+00  0.7271E+01  0.1524E+01  0.5901E+01  0.5901E+01
  0.2884E+00  0.8762E+01  0.1540E+01  0.5877E+01  0.5877E+01
  0.2893E+00  0.1117E+02  0.1533E+01  0.5854E+01  0.5854E+01
  0.2903E+00  0.7838E+01  0.1595E+01  0.5830E+01  0.5830E+01
  0.2912E+00  0.6197E+01  0.1570E+01  0.5807E+01  0.5807E+01
  0.2921E+00  0.6679E+01  0.1569E+01  0.5785E+01  0.5785E+01
  0.2931E+00  0.7259E+01  0.1610E+01  0.5762E+01  0.5762E+01
  0.2940E+00  0.2431E+01  0.1586E+01  0.5740E+01  0.5740E+01
  0.2949E+00  0.3892E+01  0.1617E+01  0.5718E+01  0.5718E+01
  0.2958E+00  0.8334E+01  0.1619E+01  0.5696E+01  0.5696E+01
  0.2968E+00  0.8746E+01  0.1640E+01  0.5675E+01  0.5675E+01
  0.2977E+00  0.7593E+01  0.1771E+01  0.5654E+01  0.5654E+01
  0.2986E+00  0.8489E+01  0.2260E+01  0.5633E+01  0.5633E+01
  0.2996E+00  0.6426E+01  0.1700E+01  0.5612E+01  0.5612E+01
  0.3005E+00  0.5925E+01  0.1648E+01  0.5591E+01  0.5591E+01
  0.3014E+00  0.4285E+01  0.1665E+01  0.5571E+01  0.5571E+01
  0.3024E+00  0.5662E+01  0.1666E+01  0.5551E+01  0.5551E+01
  0.3033E+00  0.7616E+01  0.1667E+01  0.5530E+01  0.5530E+01
  0.3042E+00  0.7160E+01  0.1693E+01  0.5510E+01  0.5510E+01
  0.3051E+00  0.5307E+01  0.1665E+01  0.5490E+01  0.5490E+01
  0.3061E+00  0.4633E+01  0.1688E+01  0.5470E+01  0.5470E+01
  0.3070E+00  0.4543E+01  0.1675E+01  0.5449E+01  0.5449E+01
  0.3079E+00  0.5536E+01  0.1684E+01  0.5429E+01  0.5429E+01
  0.3089E+00  0.5395E+01  0.1744E+01  0.5409E+01  0.5409E+01
  0.3098E+00  0.7145E+01  0.1724E+01  0.5389E+01  0.5389E+01
  0.3107E+00  0.7162E+01  0.1784E+01  0.5368E+01  0.5368E+01
  0.3116E+00  0.4945E+01  0.1754E+01  0.5348E+01  0.5348E+01
  0.3126E+00  0.6729E+01  0.1777E+01  0.5327E+01  0.5327E+01
  0.3135E+00  0.8654E+01  0.1785E+01  0.5306E+01  0.5306E+01
  0.3144E+00  0.8183E+01  0.1795E+01  0.5285E+01  0.5285E+01
  0.3154E+00  0.5706E+01  0.1813E+01  0.5264E+01  0.5264E+01
  0.3163E+00  0.7800E+00  0.1769E+01  0.5242E+01  0.5242E+01
  0.3172E+00  0.4280E+01  0.1800E+01  0.5221E+01  0.5221E+01
  0.3182E+00  0.3516E+01  0.1829E+01  0.5199E+01  0.5199E+01
  0.3191E+00  0.4483E+01  0.1808E+01  0.5177E+01  0.5177E+01
  0.3200E+00  0.5749E+01  0.1807E+01  0.5155E+01  0.5155E+01
  0.3209E+00  0.5996E+01  0.1791E+01  0.5133E+01  0.5133E+01
  0.3219E+00  0.2627E+01  0.1837E+01  0.5110E+01  0.5110E+01
  0.3228E+00  0.2871E+01  0.1829E+01  0.5087E+01  0.5087E+01
  0.3237E+00  0.4374E+01  0.1821E+01  0.5064E+01  0.5064E+01
  0.3247E+00  0.6464E+01  0.1840E+01  0.5041E+01  0.5041E+01
  0.3256E+00  0.4264E+01  0.1819E+01  0.5018E+01  0.5018E+01
  0.3265E+00  0.6108E+01  0.1922E+01  0.4995E+01  0.4995E+01
  0.3274E+00  0.5650E+01  0.1909E+01  0.4971E+01  0.4971E+01
  0.3284E+00  0.7925E+01  0.1909E+01  0.4947E+01  0.4947E+01
  0.3293E+00  0.5741E+01  0.1927E+01  0.4923E+01  0.4923E+01
  0.3302E+00  0.7443E+01  0.1915E+01  0.4900E+01  0.4900E+01
  0.3312E+00  0.1169E+02  0.1953E+01  0.4876E+01  0.4876E+01
  0.3321E+00  0.5899E+01  0.1918E+01  0.4852E+01  0.4852E+01
  0.3330E+00  0.6215E+01  0.1959E+01  0.4828E+01  0.4828E+01
  0.3340E+00  0.7171E+01  0.1966E+01  0.4804E+01  0.4804E+01
  0.3349E+00  0.5507E+01  0.1896E+01  0.4780E+01  0.4780E+01
  0.3358E+00  0.4475E+01  0.1917E+01  0.4756E+01  0.4756E+01
  0.3367E+00  0.7835E+01  0.1912E+01  0.4732E+01  0.4732E+01
  0.3377E+00  0.1094E+02  0.1946E+01  0.4709E+01  0.4709E+01
  0.3386E+00  0.6153E+01  0.1973E+01  0.4685E+01  0.4685E+01
  0.3395E+00  0.3890E+01  0.1972E+01  0.4661E+01  0.4661E+01
  0.3405E+00  0.4739E+01  0.2020E+01  0.4638E+01  0.4638E+01
  0.3414E+00  0.8601E+01  0.2015E+01  0.4615E+01  0.4615E+01
  0.3423E+00  0.5216E+01  0.2067E+01  0.4592E+01  0.4592E+01
  0.3432E+00  0.3766E+01  0.2032E+01  0.4569E+01  0.4569E+01
  0.3442E+00  0.8508E+01  0.2055E+01  0.4546E+01  0.4546E+01
  0.3451E+00  0.7428E+01  0.2099E+01  0.4524E+01  0.4524E+01
  0.3460E+00  0.7766E+01  0.2037E+01  0.4501E+01  0.4501E+01
  0.3470E+00  0.8572E+01  0.2080E+01  0.4479E+01  0.4479E+01
  0.3479E+00  0.9984E+01  0.2023E+01  0.4457E+01  0.4457E+01
  0.3488E+00  0.9666E+01  0.2081E+01  0.4435E+01  0.4435E+01
  0.3497E+00  0.8969E+01  0.2080E+01  0.4414E+01  0.4414E+01
  0.3507E+00  0.2738E+01  0.2047E+01  0.4393E+01  0.4393E+01
  0.3516E+00  0.3493E+01  0.2073E+01  0.4371E+01  0.4371E+01
  0.3525E+00  0.4405E+01  0.2077E+01  0.4350E+01  0.4350E+01
  0.3535E+00  0.3630E+01  0.2057E+01  0.4330E+01  0.4330E+01
  0.3544E+00  0.5409E+01  0.2099E+01  0.4309E+01  0.4309E+01
  0.3553E+00  0.8843E+01  0.2104E+01  0.4289E+01  0.4289E+01
  0.3563E+00  0.7829E+01  0.2184E+01  0.4268E+01  0.4268E+01
  0.3572E+00  0.5418E+01  0.2172E+01  0.4248E+01  0.4248E+01
  0.3581E+00  0.4888E+01  0.2183E+01  0.4228E+01  0.4228E+01

           Distance distribution  function of particle  


       R          P(R)      ERROR

  0.0000E+00  0.0000E+00  0.0000E+00
  0.1123E+01  0.4918E-01  0.7760E-03
  0.2246E+01  0.9850E-01  0.1204E-02
  0.3369E+01  0.1484E+00  0.1338E-02
  0.4492E+01  0.1996E+00  0.1268E-02
  0.5615E+01  0.2530E+00  0.1137E-02
  0.6738E+01  0.3094E+00  0.1135E-02
  0.7861E+01  0.3698E+00  0.1351E-02
  0.8984E+01  0.4349E+00  0.1685E-02
  0.1011E+02  0.5052E+00  0.2009E-02
  0.1123E+02  0.5808E+00  0.2250E-02
  0.1235E+02  0.6615E+00  0.2382E-02
  0.1348E+02  0.7468E+00  0.2416E-02
  0.1460E+02  0.8357E+00  0.2391E-02
  0.1572E+02  0.9270E+00  0.2365E-02
  0.1684E+02  0.1019E+01  0.2394E-02
  0.1797E+02  0.1111E+01  0.2505E-02
  0.1909E+02  0.1200E+01  0.2681E-02
  0.2021E+02  0.1286E+01  0.2884E-02
  0.2134E+02  0.1366E+01  0.3070E-02
  0.2246E+02  0.1440E+01  0.3212E-02
  0.2358E+02  0.1506E+01  0.3298E-02
  0.2471E+02  0.1564E+01  0.3330E-02
  0.2583E+02  0.1614E+01  0.3319E-02
  0.2695E+02  0.1655E+01  0.3283E-02
  0.2807E+02  0.1688E+01  0.3237E-02
  0.2920E+02  0.1713E+01  0.3193E-02
  0.3032E+02  0.1729E+01  0.3162E-02
  0.3144E+02  0.1738E+01  0.3151E-02
  0.3257E+02  0.1740E+01  0.3165E-02
  0.3369E+02  0.1735E+01  0.3204E-02
  0.3481E+02  0.1723E+01  0.3265E-02
  0.3594E+02  0.1705E+01  0.3339E-02
  0.3706E+02  0.1682E+01  0.3413E-02
  0.3818E+02  0.1653E+01  0.3476E-02
  0.3930E+02  0.1619E+01  0.3516E-02
  0.4043E+02  0.1579E+01  0.3532E-02
  0.4155E+02  0.1536E+01  0.3527E-02
  0.4267E+02  0.1488E+01  0.3513E-02
  0.4380E+02  0.1437E+01  0.3506E-02
  0.4492E+02  0.1383E+01  0.3521E-02
  0.4604E+02  0.1327E+01  0.3569E-02
  0.4717E+02  0.1269E+01  0.3656E-02
  0.4829E+02  0.1210E+01  0.3777E-02
  0.4941E+02  0.1152E+01  0.3926E-02
  0.5053E+02  0.1093E+01  0.4094E-02
  0.5166E+02  0.1036E+01  0.4271E-02
  0.5278E+02  0.9796E+00  0.4449E-02
  0.5390E+02  0.9254E+00  0.4620E-02
  0.5503E+02  0.8733E+00  0.4775E-02
  0.5615E+02  0.8235E+00  0.4907E-02
  0.5727E+02  0.7763E+00  0.5007E-02
  0.5840E+02  0.7316E+00  0.5072E-02
  0.5952E+02  0.6897E+00  0.5100E-02
  0.6064E+02  0.6505E+00  0.5095E-02
  0.6177E+02  0.6139E+00  0.5063E-02
  0.6289E+02  0.5799E+00  0.5017E-02
  0.6401E+02  0.5485E+00  0.4969E-02
  0.6513E+02  0.5195E+00  0.4932E-02
  0.6626E+02  0.4927E+00  0.4918E-02
  0.6738E+02  0.4681E+00  0.4930E-02
  0.6850E+02  0.4454E+00  0.4969E-02
  0.6963E+02  0.4244E+00  0.5029E-02
  0.7075E+02  0.4049E+00  0.5103E-02
  0.7187E+02  0.3866E+00  0.5181E-02
  0.7300E+02  0.3693E+00  0.5254E-02
  0.7412E+02  0.3528E+00  0.5317E-02
  0.7524E+02  0.3369E+00  0.5363E-02
  0.7636E+02  0.3215E+00  0.5391E-02
  0.7749E+02  0.3064E+00  0.5396E-02
  0.7861E+02  0.2916E+00  0.5379E-02
  0.7973E+02  0.2771E+00  0.5337E-02
  0.8086E+02  0.2628E+00  0.5272E-02
  0.8198E+02  0.2487E+00  0.5184E-02
  0.8310E+02  0.2351E+00  0.5079E-02
  0.8422E+02  0.2218E+00  0.4964E-02
  0.8535E+02  0.2089E+00  0.4850E-02
  0.8647E+02  0.1965E+00  0.4750E-02
  0.8759E+02  0.1845E+00  0.4677E-02
  0.8872E+02  0.1730E+00  0.4645E-02
  0.8984E+02  0.1620E+00  0.4660E-02
  0.9096E+02  0.1513E+00  0.4727E-02
  0.9209E+02  0.1410E+00  0.4842E-02
  0.9321E+02  0.1311E+00  0.4996E-02
  0.9433E+02  0.1214E+00  0.5176E-02
  0.9545E+02  0.1121E+00  0.5366E-02
  0.9658E+02  0.1030E+00  0.5547E-02
  0.9770E+02  0.9422E-01  0.5701E-02
  0.9882E+02  0.8577E-01  0.5809E-02
  0.9995E+02  0.7767E-01  0.5853E-02
  0.1011E+03  0.6992E-01  0.5818E-02
  0.1022E+03  0.6252E-01  0.5692E-02
  0.1033E+03  0.5546E-01  0.5466E-02
  0.1044E+03  0.4867E-01  0.5133E-02
  0.1056E+03  0.4208E-01  0.4695E-02
  0.1067E+03  0.3559E-01  0.4151E-02
  0.1078E+03  0.2907E-01  0.3506E-02
  0.1089E+03  0.2239E-01  0.2765E-02
  0.1101E+03  0.1540E-01  0.1932E-02
  0.1112E+03  0.7975E-02  0.1010E-02
  0.1123E+03  0.0000E+00  0.0000E+00
          Reciprocal space: Rg =   31.79     , I(0) =   0.9879E+03
     Real space: Rg =   31.83 +- 0.096  I(0) =   0.9879E+03 +-  0.2144E+01
