
           ####    G N O M   ---   Version 4.5a revised 09/02/02     ####

                                                  Sun Nov  5 12:16:43 2017
           ===    Run No   1   ===
 Run title:  0.000330941 0 0


  Number of points omitted at the end:         191
   *******   Working Directory :
   *******    Input file(s) : 24697_01E_S116_0_02.sub
           Condition P(rmin) = 0 is used. 
           Condition P(rmax) = 0 is used. 

          Experimental conditions for the first run
          -----------------------------------------

          Highest ALPHA is found to be   0.1554E+03

  The measure of inconsistency AN1 equals to    0.1052E+01

          Warning: using the chosen range in the real space 
             it is not possible to fit the data set within the
             given error band. 
     Alpha    Discrp  Oscill  Stabil  Sysdev  Positv  Valcen    Total   
  0.1554E+06 51.7566  1.1662  0.9399  0.0108  1.0000  0.8616  0.00001
  0.3107E+05 43.4226  1.1631  0.7825  0.1183  1.0000  0.8628  0.00001
  0.6215E+04 25.3336  1.1564  0.4333  0.1882  1.0000  0.8668  0.00001
  0.1243E+04 11.0224  1.1896  0.1524  0.2043  1.0000  0.8720  0.00001
  0.2486E+03  4.3615  1.3350  0.0865  0.3172  1.0000  0.8713  0.00001
  0.4972E+02  1.5009  1.4677  0.0358  0.5484  1.0000  0.8706  0.53530
  0.9943E+01  0.8072  1.5261  0.0115  0.7742  1.0000  0.8702  0.60058
  0.1989E+01  0.7276  1.5501  0.0075  0.7957  1.0000  0.8696  0.53995
  0.3977E+00  0.7067  1.5919  0.0155  0.7957  1.0000  0.8691  0.10000
  0.7955E-01  0.6899  1.7413  0.0246  0.7957  1.0000  0.8683  0.10000
  0.1591E-01  0.6776  2.2086  0.0495  0.7957  0.9994  0.8667  0.10000
  0.3182E-02  0.6710  2.9846  0.0445  0.8172  0.9982  0.8634  0.10000
  0.6364E-03  0.6696  3.6430  0.0808  0.8065  0.9977  0.8601  0.10000
  0.1273E-03  0.6687  5.2507  0.1811  0.8065  0.9968  0.8284  0.10000
  0.2545E-04  0.6670 10.5874  0.4805  0.8065  0.9692  0.6643  0.10000
  0.5091E-05  0.6639 15.5839  0.4631  0.8280  0.8614  0.4103  0.10000
  0.1018E-05  0.6621 17.0020  0.1705  0.7957  0.8053  0.3444  0.10000
  0.2036E-06  0.6618 19.4971  0.3143  0.7957  0.7815  0.3042  0.10000
  0.4073E-07  0.6615 25.4302  0.6589  0.7957  0.7397  0.2185  0.10000
  0.8146E-08  0.6606 27.2231  0.9795  0.7957  0.6992  0.3117  0.10000
  0.1629E-08  0.6569 26.6148  0.9298  0.7849  0.6833  0.3605  0.10000
  0.3258E-09  0.6423 28.7926  0.8092  0.7742  0.6826  0.3763  0.10000
  0.6516E-10  0.5959 33.6284  0.7099  0.8118  0.7023  0.3895  0.10000
  0.1303E-10  0.4876 39.5264  0.5846  0.7903  0.7162  0.3551  0.10000
  0.2607E-11  0.3068 45.3645  0.4408  0.7527  0.7027  0.3601  0.10000
  0.5213E-12  0.1249 48.8664  0.2206  0.7527  0.6894  0.4255  0.10000
  0.1043E-12  0.0341 50.2818  0.0753  0.7688  0.6897  0.4356  0.10000
  0.2085E-13  0.0075 50.6681  0.0180  0.7796  0.6909  0.4353  0.10000
  0.4171E-14  0.0015 50.7525  0.0038  0.7796  0.6913  0.4351  0.10000
  0.8341E-15  0.0003 50.7698  0.0008  0.7796  0.6913  0.4350  0.10000
  0.1668E-15  0.0001 50.7732  0.0002  0.7796  0.6914  0.4350  0.10000

          ***  Golden section search to maximize estimate ***
     Alpha    Discrp  Oscill  Stabil  Sysdev  Positv  Valcen    Total   
  0.5377E+01  0.7561  1.5370  0.0081  0.7849  1.0000  0.8699  0.58325
  0.1258E+02  0.8427  1.5208  0.0135  0.7097  1.0000  0.8703  0.57552
  0.7862E+01  0.7821  1.5307  0.0099  0.7849  1.0000  0.8701  0.59913
  0.1088E+02  0.8193  1.5242  0.0122  0.7742  1.0000  0.8702  0.60379
  0.1150E+02  0.8277  1.5229  0.0127  0.7527  1.0000  0.8702  0.59251
  0.1051E+02  0.8145  1.5249  0.0119  0.7742  1.0000  0.8702  0.60258
  0.1111E+02  0.8225  1.5237  0.0124  0.7634  1.0000  0.8702  0.59765
  0.1073E+02  0.8175  1.5245  0.0121  0.7742  1.0000  0.8702  0.60333
  0.1096E+02  0.8205  1.5240  0.0123  0.7742  1.0000  0.8702  0.60407
  0.1102E+02  0.8213  1.5239  0.0123  0.7634  1.0000  0.8702  0.59737
  0.1093E+02  0.8201  1.5241  0.0123  0.7742  1.0000  0.8702  0.60397
  0.1099E+02  0.8208  1.5240  0.0123  0.7742  1.0000  0.8702  0.60414
  0.1099E+02  0.8208  1.5240  0.0123  0.7742  1.0000  0.8702  0.60414



             ####            Final results            ####

 Parameter    DISCRP    OSCILL    STABIL    SYSDEV    POSITV    VALCEN
 Weight        1.000     3.000     3.000     4.000     1.000     1.000
 Sigma         0.500     0.600     0.120     0.200     0.120     0.120
 Ideal         1.000     1.100     0.000     1.000     1.000     0.950
 Current       0.821     1.524     0.012     0.774     1.000     0.870
                - - - - - - - - - - - - - - - - - - - - - - - - - 
 Estimate      0.879     0.607     0.990     0.280     1.000     0.643

  Angular   range    :     from    0.0078   to    0.3535
  Real space range   :     from      0.00   to    111.30

  Highest ALPHA (theor) :   0.155E+06                 JOB = 0
  Current ALPHA         :   0.110E+02   Rg :  0.317E+02   I(0) :   0.986E+03

           Total  estimate : 0.604  which is  A REASONABLE  solution

      S          J EXP       ERROR       J REG       I REG

  0.0000E+00                                      0.9859E+03
  0.9707E-03                                      0.9856E+03
  0.1941E-02                                      0.9847E+03
  0.2912E-02                                      0.9831E+03
  0.3883E-02                                      0.9809E+03
  0.4853E-02                                      0.9782E+03
  0.5824E-02                                      0.9748E+03
  0.6795E-02                                      0.9708E+03
  0.7765E-02  0.8365E+03  0.5924E+02  0.9662E+03  0.9662E+03
  0.8695E-02  0.9716E+03  0.8169E+02  0.9612E+03  0.9612E+03
  0.9624E-02  0.1002E+04  0.4350E+02  0.9558E+03  0.9558E+03
  0.1055E-01  0.9929E+03  0.2925E+02  0.9498E+03  0.9498E+03
  0.1148E-01  0.9865E+03  0.2155E+02  0.9434E+03  0.9434E+03
  0.1241E-01  0.9789E+03  0.1929E+02  0.9364E+03  0.9364E+03
  0.1334E-01  0.9443E+03  0.1342E+02  0.9290E+03  0.9290E+03
  0.1427E-01  0.9347E+03  0.1215E+02  0.9211E+03  0.9211E+03
  0.1520E-01  0.9144E+03  0.9968E+01  0.9128E+03  0.9128E+03
  0.1613E-01  0.9023E+03  0.8501E+01  0.9040E+03  0.9040E+03
  0.1706E-01  0.8953E+03  0.8049E+01  0.8949E+03  0.8949E+03
  0.1799E-01  0.8878E+03  0.7562E+01  0.8853E+03  0.8853E+03
  0.1892E-01  0.8783E+03  0.7503E+01  0.8754E+03  0.8754E+03
  0.1985E-01  0.8676E+03  0.7256E+01  0.8651E+03  0.8651E+03
  0.2078E-01  0.8594E+03  0.6625E+01  0.8544E+03  0.8544E+03
  0.2170E-01  0.8471E+03  0.6767E+01  0.8435E+03  0.8435E+03
  0.2263E-01  0.8363E+03  0.6120E+01  0.8323E+03  0.8323E+03
  0.2356E-01  0.8190E+03  0.6337E+01  0.8207E+03  0.8207E+03
  0.2449E-01  0.7976E+03  0.5906E+01  0.8089E+03  0.8089E+03
  0.2542E-01  0.8043E+03  0.5911E+01  0.7969E+03  0.7969E+03
  0.2635E-01  0.7841E+03  0.5710E+01  0.7847E+03  0.7847E+03
  0.2728E-01  0.7615E+03  0.5351E+01  0.7722E+03  0.7722E+03
  0.2821E-01  0.7523E+03  0.5341E+01  0.7596E+03  0.7596E+03
  0.2914E-01  0.7361E+03  0.5134E+01  0.7468E+03  0.7468E+03
  0.3007E-01  0.7322E+03  0.5029E+01  0.7339E+03  0.7339E+03
  0.3100E-01  0.7228E+03  0.5013E+01  0.7208E+03  0.7208E+03
  0.3193E-01  0.7029E+03  0.4898E+01  0.7077E+03  0.7077E+03
  0.3286E-01  0.6913E+03  0.4838E+01  0.6945E+03  0.6945E+03
  0.3379E-01  0.6833E+03  0.4580E+01  0.6812E+03  0.6812E+03
  0.3472E-01  0.6724E+03  0.4519E+01  0.6678E+03  0.6678E+03
  0.3564E-01  0.6553E+03  0.4480E+01  0.6545E+03  0.6545E+03
  0.3657E-01  0.6363E+03  0.4376E+01  0.6411E+03  0.6411E+03
  0.3750E-01  0.6316E+03  0.4350E+01  0.6277E+03  0.6277E+03
  0.3843E-01  0.6226E+03  0.4343E+01  0.6144E+03  0.6144E+03
  0.3936E-01  0.5966E+03  0.4318E+01  0.6011E+03  0.6011E+03
  0.4029E-01  0.5912E+03  0.4097E+01  0.5878E+03  0.5878E+03
  0.4122E-01  0.5770E+03  0.4304E+01  0.5746E+03  0.5746E+03
  0.4215E-01  0.5633E+03  0.4183E+01  0.5615E+03  0.5615E+03
  0.4308E-01  0.5467E+03  0.4019E+01  0.5485E+03  0.5485E+03
  0.4401E-01  0.5357E+03  0.3970E+01  0.5356E+03  0.5356E+03
  0.4494E-01  0.5265E+03  0.3787E+01  0.5228E+03  0.5228E+03
  0.4587E-01  0.5120E+03  0.3819E+01  0.5102E+03  0.5102E+03
  0.4680E-01  0.4975E+03  0.3742E+01  0.4976E+03  0.4976E+03
  0.4773E-01  0.4932E+03  0.3663E+01  0.4852E+03  0.4852E+03
  0.4865E-01  0.4817E+03  0.3554E+01  0.4730E+03  0.4730E+03
  0.4958E-01  0.4609E+03  0.3509E+01  0.4610E+03  0.4610E+03
  0.5051E-01  0.4476E+03  0.3585E+01  0.4491E+03  0.4491E+03
  0.5144E-01  0.4378E+03  0.3447E+01  0.4374E+03  0.4374E+03
  0.5237E-01  0.4341E+03  0.3424E+01  0.4259E+03  0.4259E+03
  0.5330E-01  0.4117E+03  0.3510E+01  0.4145E+03  0.4145E+03
  0.5423E-01  0.3983E+03  0.3436E+01  0.4034E+03  0.4034E+03
  0.5516E-01  0.3915E+03  0.3464E+01  0.3924E+03  0.3924E+03
  0.5609E-01  0.3791E+03  0.3349E+01  0.3817E+03  0.3817E+03
  0.5702E-01  0.3763E+03  0.3310E+01  0.3712E+03  0.3712E+03
  0.5795E-01  0.3661E+03  0.3260E+01  0.3608E+03  0.3608E+03
  0.5888E-01  0.3485E+03  0.3244E+01  0.3507E+03  0.3507E+03
  0.5981E-01  0.3422E+03  0.3166E+01  0.3408E+03  0.3408E+03
  0.6074E-01  0.3299E+03  0.3102E+01  0.3311E+03  0.3311E+03
  0.6166E-01  0.3180E+03  0.3099E+01  0.3216E+03  0.3216E+03
  0.6259E-01  0.3189E+03  0.3061E+01  0.3123E+03  0.3123E+03
  0.6352E-01  0.3127E+03  0.3012E+01  0.3032E+03  0.3032E+03
  0.6445E-01  0.2966E+03  0.3003E+01  0.2943E+03  0.2943E+03
  0.6538E-01  0.2846E+03  0.2947E+01  0.2856E+03  0.2856E+03
  0.6631E-01  0.2758E+03  0.2974E+01  0.2771E+03  0.2771E+03
  0.6724E-01  0.2756E+03  0.2902E+01  0.2689E+03  0.2689E+03
  0.6817E-01  0.2699E+03  0.2938E+01  0.2608E+03  0.2608E+03
  0.6910E-01  0.2577E+03  0.3004E+01  0.2529E+03  0.2529E+03
  0.7003E-01  0.2533E+03  0.2884E+01  0.2452E+03  0.2452E+03
  0.7096E-01  0.2425E+03  0.2872E+01  0.2377E+03  0.2377E+03
  0.7189E-01  0.2299E+03  0.2709E+01  0.2304E+03  0.2304E+03
  0.7282E-01  0.2228E+03  0.2898E+01  0.2233E+03  0.2233E+03
  0.7375E-01  0.2227E+03  0.2759E+01  0.2163E+03  0.2163E+03
  0.7468E-01  0.2189E+03  0.2664E+01  0.2096E+03  0.2096E+03
  0.7560E-01  0.2061E+03  0.2652E+01  0.2030E+03  0.2030E+03
  0.7653E-01  0.1934E+03  0.2649E+01  0.1965E+03  0.1965E+03
  0.7746E-01  0.1886E+03  0.2657E+01  0.1903E+03  0.1903E+03
  0.7839E-01  0.1840E+03  0.2609E+01  0.1841E+03  0.1841E+03
  0.7932E-01  0.1809E+03  0.2622E+01  0.1782E+03  0.1782E+03
  0.8025E-01  0.1694E+03  0.2584E+01  0.1724E+03  0.1724E+03
  0.8118E-01  0.1623E+03  0.2616E+01  0.1668E+03  0.1668E+03
  0.8211E-01  0.1611E+03  0.2580E+01  0.1613E+03  0.1613E+03
  0.8304E-01  0.1570E+03  0.2528E+01  0.1559E+03  0.1559E+03
  0.8397E-01  0.1513E+03  0.2555E+01  0.1507E+03  0.1507E+03
  0.8490E-01  0.1511E+03  0.2521E+01  0.1457E+03  0.1457E+03
  0.8583E-01  0.1422E+03  0.2459E+01  0.1407E+03  0.1407E+03
  0.8676E-01  0.1388E+03  0.2438E+01  0.1359E+03  0.1359E+03
  0.8769E-01  0.1365E+03  0.2378E+01  0.1313E+03  0.1313E+03
  0.8861E-01  0.1264E+03  0.2415E+01  0.1267E+03  0.1267E+03
  0.8954E-01  0.1200E+03  0.2390E+01  0.1223E+03  0.1223E+03
  0.9047E-01  0.1166E+03  0.2356E+01  0.1180E+03  0.1180E+03
  0.9140E-01  0.1134E+03  0.2332E+01  0.1138E+03  0.1138E+03
  0.9233E-01  0.1102E+03  0.2362E+01  0.1098E+03  0.1098E+03
  0.9326E-01  0.1080E+03  0.2342E+01  0.1058E+03  0.1058E+03
  0.9419E-01  0.1004E+03  0.2308E+01  0.1020E+03  0.1020E+03
  0.9512E-01  0.9502E+02  0.2325E+01  0.9826E+02  0.9826E+02
  0.9605E-01  0.8986E+02  0.2362E+01  0.9464E+02  0.9464E+02
  0.9698E-01  0.8719E+02  0.2319E+01  0.9114E+02  0.9114E+02
  0.9791E-01  0.8522E+02  0.2300E+01  0.8773E+02  0.8773E+02
  0.9884E-01  0.8637E+02  0.2256E+01  0.8443E+02  0.8443E+02
  0.9977E-01  0.8258E+02  0.2291E+01  0.8123E+02  0.8123E+02
  0.1007E+00  0.7947E+02  0.2246E+01  0.7813E+02  0.7813E+02
  0.1016E+00  0.7212E+02  0.2193E+01  0.7513E+02  0.7513E+02
  0.1026E+00  0.6655E+02  0.2173E+01  0.7222E+02  0.7222E+02
  0.1035E+00  0.6645E+02  0.2111E+01  0.6941E+02  0.6941E+02
  0.1044E+00  0.6389E+02  0.2179E+01  0.6669E+02  0.6669E+02
  0.1053E+00  0.6777E+02  0.2092E+01  0.6406E+02  0.6406E+02
  0.1063E+00  0.6311E+02  0.2114E+01  0.6153E+02  0.6153E+02
  0.1072E+00  0.6106E+02  0.2125E+01  0.5908E+02  0.5908E+02
  0.1081E+00  0.5965E+02  0.2133E+01  0.5672E+02  0.5672E+02
  0.1091E+00  0.5512E+02  0.2123E+01  0.5445E+02  0.5445E+02
  0.1100E+00  0.5729E+02  0.2094E+01  0.5226E+02  0.5226E+02
  0.1109E+00  0.5046E+02  0.2159E+01  0.5015E+02  0.5015E+02
  0.1118E+00  0.4480E+02  0.2106E+01  0.4813E+02  0.4813E+02
  0.1128E+00  0.3972E+02  0.2071E+01  0.4618E+02  0.4618E+02
  0.1137E+00  0.4433E+02  0.2095E+01  0.4432E+02  0.4432E+02
  0.1146E+00  0.4148E+02  0.2048E+01  0.4253E+02  0.4253E+02
  0.1156E+00  0.4308E+02  0.2037E+01  0.4081E+02  0.4081E+02
  0.1165E+00  0.4329E+02  0.1974E+01  0.3917E+02  0.3917E+02
  0.1174E+00  0.3926E+02  0.1967E+01  0.3760E+02  0.3760E+02
  0.1184E+00  0.3246E+02  0.2010E+01  0.3610E+02  0.3610E+02
  0.1193E+00  0.3143E+02  0.1943E+01  0.3467E+02  0.3467E+02
  0.1202E+00  0.2910E+02  0.1989E+01  0.3330E+02  0.3330E+02
  0.1211E+00  0.2778E+02  0.1937E+01  0.3201E+02  0.3201E+02
  0.1221E+00  0.3162E+02  0.1946E+01  0.3077E+02  0.3077E+02
  0.1230E+00  0.2775E+02  0.1945E+01  0.2959E+02  0.2959E+02
  0.1239E+00  0.2793E+02  0.1932E+01  0.2848E+02  0.2848E+02
  0.1249E+00  0.2724E+02  0.1952E+01  0.2742E+02  0.2742E+02
  0.1258E+00  0.2443E+02  0.1930E+01  0.2641E+02  0.2641E+02
  0.1267E+00  0.2563E+02  0.1911E+01  0.2546E+02  0.2546E+02
  0.1276E+00  0.2373E+02  0.1908E+01  0.2457E+02  0.2457E+02
  0.1286E+00  0.2398E+02  0.1934E+01  0.2372E+02  0.2372E+02
  0.1295E+00  0.2192E+02  0.1940E+01  0.2291E+02  0.2291E+02
  0.1304E+00  0.1923E+02  0.1897E+01  0.2216E+02  0.2216E+02
  0.1314E+00  0.1970E+02  0.1904E+01  0.2145E+02  0.2145E+02
  0.1323E+00  0.1764E+02  0.1880E+01  0.2078E+02  0.2078E+02
  0.1332E+00  0.1885E+02  0.1909E+01  0.2015E+02  0.2015E+02
  0.1342E+00  0.1936E+02  0.1911E+01  0.1956E+02  0.1956E+02
  0.1351E+00  0.1918E+02  0.1873E+01  0.1900E+02  0.1900E+02
  0.1360E+00  0.1691E+02  0.1886E+01  0.1848E+02  0.1848E+02
  0.1369E+00  0.1940E+02  0.1856E+01  0.1799E+02  0.1799E+02
  0.1379E+00  0.1836E+02  0.1864E+01  0.1753E+02  0.1753E+02
  0.1388E+00  0.1571E+02  0.1832E+01  0.1710E+02  0.1710E+02
  0.1397E+00  0.1287E+02  0.1851E+01  0.1670E+02  0.1670E+02
  0.1407E+00  0.1529E+02  0.1838E+01  0.1633E+02  0.1633E+02
  0.1416E+00  0.1479E+02  0.1807E+01  0.1598E+02  0.1598E+02
  0.1425E+00  0.1244E+02  0.1838E+01  0.1565E+02  0.1565E+02
  0.1434E+00  0.1283E+02  0.1798E+01  0.1534E+02  0.1534E+02
  0.1444E+00  0.1071E+02  0.1840E+01  0.1506E+02  0.1506E+02
  0.1453E+00  0.1344E+02  0.1802E+01  0.1479E+02  0.1479E+02
  0.1462E+00  0.1257E+02  0.2244E+01  0.1454E+02  0.1454E+02
  0.1472E+00  0.9754E+01  0.1920E+01  0.1430E+02  0.1430E+02
  0.1481E+00  0.1420E+02  0.1789E+01  0.1408E+02  0.1408E+02
  0.1490E+00  0.1247E+02  0.1811E+01  0.1387E+02  0.1387E+02
  0.1499E+00  0.9194E+01  0.1802E+01  0.1368E+02  0.1368E+02
  0.1509E+00  0.9684E+01  0.1766E+01  0.1350E+02  0.1350E+02
  0.1518E+00  0.1153E+02  0.1822E+01  0.1333E+02  0.1333E+02
  0.1527E+00  0.1354E+02  0.1794E+01  0.1316E+02  0.1316E+02
  0.1537E+00  0.8973E+01  0.1822E+01  0.1301E+02  0.1301E+02
  0.1546E+00  0.1115E+02  0.1790E+01  0.1287E+02  0.1287E+02
  0.1555E+00  0.1225E+02  0.1788E+01  0.1273E+02  0.1273E+02
  0.1565E+00  0.1299E+02  0.1776E+01  0.1260E+02  0.1260E+02
  0.1574E+00  0.1559E+02  0.1742E+01  0.1248E+02  0.1248E+02
  0.1583E+00  0.1678E+02  0.1787E+01  0.1236E+02  0.1236E+02
  0.1592E+00  0.1425E+02  0.1745E+01  0.1224E+02  0.1224E+02
  0.1602E+00  0.1062E+02  0.1732E+01  0.1214E+02  0.1214E+02
  0.1611E+00  0.1421E+02  0.1728E+01  0.1203E+02  0.1203E+02
  0.1620E+00  0.1180E+02  0.1695E+01  0.1193E+02  0.1193E+02
  0.1630E+00  0.8446E+01  0.1700E+01  0.1183E+02  0.1183E+02
  0.1639E+00  0.8211E+01  0.1729E+01  0.1174E+02  0.1174E+02
  0.1648E+00  0.1059E+02  0.1719E+01  0.1165E+02  0.1165E+02
  0.1657E+00  0.1157E+02  0.1713E+01  0.1156E+02  0.1156E+02
  0.1667E+00  0.1045E+02  0.1702E+01  0.1148E+02  0.1148E+02
  0.1676E+00  0.9128E+01  0.1745E+01  0.1140E+02  0.1140E+02
  0.1685E+00  0.1201E+02  0.1719E+01  0.1132E+02  0.1132E+02
  0.1695E+00  0.1357E+02  0.1721E+01  0.1124E+02  0.1124E+02
  0.1704E+00  0.1184E+02  0.1720E+01  0.1116E+02  0.1116E+02
  0.1713E+00  0.1085E+02  0.1723E+01  0.1109E+02  0.1109E+02
  0.1723E+00  0.9766E+01  0.1732E+01  0.1102E+02  0.1102E+02
  0.1732E+00  0.1158E+02  0.1725E+01  0.1094E+02  0.1094E+02
  0.1741E+00  0.1001E+02  0.1707E+01  0.1087E+02  0.1087E+02
  0.1750E+00  0.1195E+02  0.1681E+01  0.1081E+02  0.1081E+02
  0.1760E+00  0.1025E+02  0.1723E+01  0.1074E+02  0.1074E+02
  0.1769E+00  0.1015E+02  0.1699E+01  0.1067E+02  0.1067E+02
  0.1778E+00  0.1034E+02  0.1631E+01  0.1061E+02  0.1061E+02
  0.1788E+00  0.8083E+01  0.1660E+01  0.1054E+02  0.1054E+02
  0.1797E+00  0.1119E+02  0.1638E+01  0.1048E+02  0.1048E+02
  0.1806E+00  0.1280E+02  0.1655E+01  0.1042E+02  0.1042E+02
  0.1815E+00  0.8980E+01  0.1604E+01  0.1036E+02  0.1036E+02
  0.1825E+00  0.1018E+02  0.1622E+01  0.1030E+02  0.1030E+02
  0.1834E+00  0.1457E+02  0.1657E+01  0.1024E+02  0.1024E+02
  0.1843E+00  0.1340E+02  0.1618E+01  0.1018E+02  0.1018E+02
  0.1853E+00  0.1483E+02  0.1645E+01  0.1012E+02  0.1012E+02
  0.1862E+00  0.1038E+02  0.1613E+01  0.1006E+02  0.1006E+02
  0.1871E+00  0.1293E+02  0.1614E+01  0.1000E+02  0.1000E+02
  0.1880E+00  0.1291E+02  0.1585E+01  0.9945E+01  0.9945E+01
  0.1890E+00  0.1111E+02  0.1618E+01  0.9889E+01  0.9889E+01
  0.1899E+00  0.1090E+02  0.1614E+01  0.9832E+01  0.9832E+01
  0.1908E+00  0.1153E+02  0.1601E+01  0.9775E+01  0.9775E+01
  0.1918E+00  0.6403E+01  0.1611E+01  0.9719E+01  0.9719E+01
  0.1927E+00  0.7837E+01  0.1603E+01  0.9662E+01  0.9662E+01
  0.1936E+00  0.1077E+02  0.1590E+01  0.9606E+01  0.9606E+01
  0.1946E+00  0.7560E+01  0.1604E+01  0.9550E+01  0.9550E+01
  0.1955E+00  0.8866E+01  0.1586E+01  0.9493E+01  0.9493E+01
  0.1964E+00  0.1120E+02  0.1605E+01  0.9437E+01  0.9437E+01
  0.1973E+00  0.1079E+02  0.1580E+01  0.9380E+01  0.9380E+01
  0.1983E+00  0.9218E+01  0.1621E+01  0.9323E+01  0.9323E+01
  0.1992E+00  0.6533E+01  0.1619E+01  0.9266E+01  0.9266E+01
  0.2001E+00  0.4828E+01  0.1580E+01  0.9209E+01  0.9209E+01
  0.2011E+00  0.1746E+01  0.1589E+01  0.9152E+01  0.9152E+01
  0.2020E+00  0.6271E+01  0.1532E+01  0.9094E+01  0.9094E+01
  0.2029E+00  0.9698E+01  0.1575E+01  0.9036E+01  0.9036E+01
  0.2038E+00  0.8395E+01  0.1566E+01  0.8978E+01  0.8978E+01
  0.2048E+00  0.9738E+01  0.1573E+01  0.8920E+01  0.8920E+01
  0.2057E+00  0.7481E+01  0.1566E+01  0.8862E+01  0.8862E+01
  0.2066E+00  0.8670E+01  0.1531E+01  0.8803E+01  0.8803E+01
  0.2076E+00  0.8798E+01  0.1546E+01  0.8745E+01  0.8745E+01
  0.2085E+00  0.4435E+01  0.1538E+01  0.8687E+01  0.8687E+01
  0.2094E+00  0.1002E+02  0.1530E+01  0.8629E+01  0.8629E+01
  0.2104E+00  0.1264E+02  0.1544E+01  0.8571E+01  0.8571E+01
  0.2113E+00  0.1072E+02  0.1525E+01  0.8513E+01  0.8513E+01
  0.2122E+00  0.9520E+01  0.1524E+01  0.8455E+01  0.8455E+01
  0.2131E+00  0.8163E+01  0.1497E+01  0.8398E+01  0.8398E+01
  0.2141E+00  0.1119E+02  0.1506E+01  0.8341E+01  0.8341E+01
  0.2150E+00  0.8532E+01  0.1509E+01  0.8285E+01  0.8285E+01
  0.2159E+00  0.7507E+01  0.1460E+01  0.8229E+01  0.8229E+01
  0.2169E+00  0.1004E+02  0.1485E+01  0.8175E+01  0.8175E+01
  0.2178E+00  0.9759E+01  0.1460E+01  0.8121E+01  0.8121E+01
  0.2187E+00  0.5470E+01  0.1462E+01  0.8067E+01  0.8067E+01
  0.2196E+00  0.6902E+01  0.1442E+01  0.8015E+01  0.8015E+01
  0.2206E+00  0.6106E+01  0.1460E+01  0.7964E+01  0.7964E+01
  0.2215E+00  0.8165E+01  0.1477E+01  0.7914E+01  0.7914E+01
  0.2224E+00  0.6497E+01  0.1464E+01  0.7865E+01  0.7865E+01
  0.2234E+00  0.8746E+01  0.1464E+01  0.7818E+01  0.7818E+01
  0.2243E+00  0.9076E+01  0.1456E+01  0.7772E+01  0.7772E+01
  0.2252E+00  0.8702E+01  0.1441E+01  0.7727E+01  0.7727E+01
  0.2262E+00  0.5280E+01  0.1432E+01  0.7684E+01  0.7684E+01
  0.2271E+00  0.7865E+01  0.1431E+01  0.7642E+01  0.7642E+01
  0.2280E+00  0.8918E+01  0.1454E+01  0.7602E+01  0.7602E+01
  0.2289E+00  0.8704E+01  0.1459E+01  0.7563E+01  0.7563E+01
  0.2299E+00  0.4719E+01  0.1505E+01  0.7526E+01  0.7526E+01
  0.2308E+00  0.7101E+01  0.1507E+01  0.7491E+01  0.7491E+01
  0.2317E+00  0.3804E+01  0.1493E+01  0.7457E+01  0.7457E+01
  0.2327E+00  0.4592E+01  0.1504E+01  0.7425E+01  0.7425E+01
  0.2336E+00  0.4823E+01  0.1494E+01  0.7395E+01  0.7395E+01
  0.2345E+00  0.7985E+01  0.1516E+01  0.7366E+01  0.7366E+01
  0.2354E+00  0.9397E+01  0.1473E+01  0.7339E+01  0.7339E+01
  0.2364E+00  0.7097E+01  0.1494E+01  0.7313E+01  0.7313E+01
  0.2373E+00  0.6397E+01  0.1483E+01  0.7289E+01  0.7289E+01
  0.2382E+00  0.8449E+01  0.1494E+01  0.7267E+01  0.7267E+01
  0.2392E+00  0.1035E+02  0.1501E+01  0.7245E+01  0.7245E+01
  0.2401E+00  0.9798E+01  0.1484E+01  0.7226E+01  0.7226E+01
  0.2410E+00  0.9112E+01  0.1488E+01  0.7208E+01  0.7208E+01
  0.2420E+00  0.5099E+01  0.1512E+01  0.7190E+01  0.7190E+01
  0.2429E+00  0.5726E+01  0.1492E+01  0.7174E+01  0.7174E+01
  0.2438E+00  0.7094E+01  0.1498E+01  0.7159E+01  0.7159E+01
  0.2447E+00  0.7697E+01  0.1476E+01  0.7144E+01  0.7144E+01
  0.2457E+00  0.8655E+01  0.1515E+01  0.7131E+01  0.7131E+01
  0.2466E+00  0.2895E+01  0.1474E+01  0.7119E+01  0.7119E+01
  0.2475E+00  0.7560E+01  0.1485E+01  0.7107E+01  0.7107E+01
  0.2485E+00  0.8776E+01  0.1489E+01  0.7096E+01  0.7096E+01
  0.2494E+00  0.8408E+01  0.1480E+01  0.7085E+01  0.7085E+01
  0.2503E+00  0.5668E+01  0.1489E+01  0.7074E+01  0.7074E+01
  0.2512E+00  0.6316E+01  0.1461E+01  0.7064E+01  0.7064E+01
  0.2522E+00  0.5850E+01  0.1487E+01  0.7055E+01  0.7055E+01
  0.2531E+00  0.6768E+01  0.1466E+01  0.7045E+01  0.7045E+01
  0.2540E+00  0.4959E+01  0.1488E+01  0.7036E+01  0.7036E+01
  0.2550E+00  0.5174E+01  0.1499E+01  0.7026E+01  0.7026E+01
  0.2559E+00  0.5513E+01  0.1487E+01  0.7016E+01  0.7016E+01
  0.2568E+00  0.7482E+01  0.1483E+01  0.7006E+01  0.7006E+01
  0.2577E+00  0.5904E+01  0.1483E+01  0.6995E+01  0.6995E+01
  0.2587E+00  0.6426E+01  0.1473E+01  0.6985E+01  0.6985E+01
  0.2596E+00  0.5947E+01  0.1469E+01  0.6974E+01  0.6974E+01
  0.2605E+00  0.9540E+01  0.1469E+01  0.6962E+01  0.6962E+01
  0.2615E+00  0.5625E+01  0.1462E+01  0.6950E+01  0.6950E+01
  0.2624E+00  0.5470E+01  0.1456E+01  0.6938E+01  0.6938E+01
  0.2633E+00  0.1012E+02  0.1478E+01  0.6925E+01  0.6925E+01
  0.2643E+00  0.1353E+02  0.1471E+01  0.6911E+01  0.6911E+01
  0.2652E+00  0.1003E+02  0.1440E+01  0.6897E+01  0.6897E+01
  0.2661E+00  0.8483E+01  0.1476E+01  0.6883E+01  0.6883E+01
  0.2670E+00  0.8331E+01  0.1452E+01  0.6867E+01  0.6867E+01
  0.2680E+00  0.5533E+01  0.1467E+01  0.6851E+01  0.6851E+01
  0.2689E+00  0.3691E+01  0.1455E+01  0.6834E+01  0.6834E+01
  0.2698E+00  0.3461E+01  0.1456E+01  0.6817E+01  0.6817E+01
  0.2708E+00  0.7328E+01  0.1472E+01  0.6800E+01  0.6800E+01
  0.2717E+00  0.6111E+01  0.1452E+01  0.6781E+01  0.6781E+01
  0.2726E+00  0.1759E+01  0.1460E+01  0.6762E+01  0.6762E+01
  0.2735E+00  0.3116E+01  0.1444E+01  0.6743E+01  0.6743E+01
  0.2745E+00  0.7342E+01  0.1467E+01  0.6723E+01  0.6723E+01
  0.2754E+00  0.7297E+01  0.1471E+01  0.6703E+01  0.6703E+01
  0.2763E+00  0.5630E+01  0.1470E+01  0.6682E+01  0.6682E+01
  0.2773E+00  0.6492E+01  0.1475E+01  0.6661E+01  0.6661E+01
  0.2782E+00  0.7073E+01  0.1471E+01  0.6640E+01  0.6640E+01
  0.2791E+00  0.6112E+01  0.1482E+01  0.6619E+01  0.6619E+01
  0.2801E+00  0.8029E+01  0.1454E+01  0.6597E+01  0.6597E+01
  0.2810E+00  0.8802E+01  0.1471E+01  0.6575E+01  0.6575E+01
  0.2819E+00  0.6727E+01  0.1507E+01  0.6553E+01  0.6553E+01
  0.2828E+00  0.6442E+01  0.1504E+01  0.6531E+01  0.6531E+01
  0.2838E+00  0.6011E+01  0.1522E+01  0.6509E+01  0.6509E+01
  0.2847E+00  0.6264E+01  0.1526E+01  0.6487E+01  0.6487E+01
  0.2856E+00  0.9540E+01  0.1538E+01  0.6465E+01  0.6465E+01
  0.2866E+00  0.1056E+02  0.1575E+01  0.6443E+01  0.6443E+01
  0.2875E+00  0.7240E+01  0.1568E+01  0.6421E+01  0.6421E+01
  0.2884E+00  0.8617E+01  0.1584E+01  0.6399E+01  0.6399E+01
  0.2893E+00  0.1157E+02  0.1580E+01  0.6378E+01  0.6378E+01
  0.2903E+00  0.7984E+01  0.1621E+01  0.6356E+01  0.6356E+01
  0.2912E+00  0.6238E+01  0.1614E+01  0.6335E+01  0.6335E+01
  0.2921E+00  0.6389E+01  0.1614E+01  0.6314E+01  0.6314E+01
  0.2931E+00  0.7784E+01  0.1651E+01  0.6294E+01  0.6294E+01
  0.2940E+00  0.3225E+01  0.1635E+01  0.6273E+01  0.6273E+01
  0.2949E+00  0.4544E+01  0.1661E+01  0.6253E+01  0.6253E+01
  0.2958E+00  0.8440E+01  0.1661E+01  0.6233E+01  0.6233E+01
  0.2968E+00  0.8790E+01  0.1686E+01  0.6213E+01  0.6213E+01
  0.2977E+00  0.7480E+01  0.1819E+01  0.6195E+01  0.6195E+01
  0.2986E+00  0.8036E+01  0.2291E+01  0.6175E+01  0.6175E+01
  0.2996E+00  0.5837E+01  0.1744E+01  0.6156E+01  0.6156E+01
  0.3005E+00  0.6165E+01  0.1694E+01  0.6137E+01  0.6137E+01
  0.3014E+00  0.4653E+01  0.1712E+01  0.6119E+01  0.6119E+01
  0.3024E+00  0.5881E+01  0.1711E+01  0.6100E+01  0.6100E+01
  0.3033E+00  0.7336E+01  0.1712E+01  0.6082E+01  0.6082E+01
  0.3042E+00  0.7117E+01  0.1739E+01  0.6064E+01  0.6064E+01
  0.3051E+00  0.5833E+01  0.1705E+01  0.6046E+01  0.6046E+01
  0.3061E+00  0.4526E+01  0.1734E+01  0.6028E+01  0.6028E+01
  0.3070E+00  0.5323E+01  0.1724E+01  0.6010E+01  0.6010E+01
  0.3079E+00  0.5248E+01  0.1731E+01  0.5992E+01  0.5992E+01
  0.3089E+00  0.5378E+01  0.1793E+01  0.5974E+01  0.5974E+01
  0.3098E+00  0.6240E+01  0.1769E+01  0.5956E+01  0.5956E+01
  0.3107E+00  0.7410E+01  0.1832E+01  0.5938E+01  0.5938E+01
  0.3116E+00  0.5499E+01  0.1797E+01  0.5920E+01  0.5920E+01
  0.3126E+00  0.6776E+01  0.1823E+01  0.5902E+01  0.5902E+01
  0.3135E+00  0.8320E+01  0.1839E+01  0.5884E+01  0.5884E+01
  0.3144E+00  0.8152E+01  0.1846E+01  0.5865E+01  0.5865E+01
  0.3154E+00  0.5605E+01  0.1862E+01  0.5846E+01  0.5846E+01
  0.3163E+00  0.1120E+00  0.1818E+01  0.5827E+01  0.5827E+01
  0.3172E+00  0.4927E+01  0.1847E+01  0.5808E+01  0.5808E+01
  0.3182E+00  0.3546E+01  0.1886E+01  0.5788E+01  0.5788E+01
  0.3191E+00  0.5001E+01  0.1859E+01  0.5769E+01  0.5769E+01
  0.3200E+00  0.5508E+01  0.1857E+01  0.5748E+01  0.5748E+01
  0.3209E+00  0.6661E+01  0.1840E+01  0.5728E+01  0.5728E+01
  0.3219E+00  0.3010E+01  0.1885E+01  0.5707E+01  0.5707E+01
  0.3228E+00  0.3630E+01  0.1878E+01  0.5687E+01  0.5687E+01
  0.3237E+00  0.4288E+01  0.1871E+01  0.5665E+01  0.5665E+01
  0.3247E+00  0.6925E+01  0.1890E+01  0.5644E+01  0.5644E+01
  0.3256E+00  0.4438E+01  0.1864E+01  0.5622E+01  0.5622E+01
  0.3265E+00  0.5118E+01  0.1970E+01  0.5600E+01  0.5600E+01
  0.3274E+00  0.6030E+01  0.1962E+01  0.5577E+01  0.5577E+01
  0.3284E+00  0.9004E+01  0.1961E+01  0.5555E+01  0.5555E+01
  0.3293E+00  0.5997E+01  0.1980E+01  0.5532E+01  0.5532E+01
  0.3302E+00  0.7576E+01  0.1969E+01  0.5509E+01  0.5509E+01
  0.3312E+00  0.1136E+02  0.2009E+01  0.5486E+01  0.5486E+01
  0.3321E+00  0.5493E+01  0.1975E+01  0.5462E+01  0.5462E+01
  0.3330E+00  0.5892E+01  0.2017E+01  0.5438E+01  0.5438E+01
  0.3340E+00  0.7149E+01  0.2015E+01  0.5415E+01  0.5415E+01
  0.3349E+00  0.5570E+01  0.1950E+01  0.5391E+01  0.5391E+01
  0.3358E+00  0.5062E+01  0.1972E+01  0.5367E+01  0.5367E+01
  0.3367E+00  0.8253E+01  0.1965E+01  0.5342E+01  0.5342E+01
  0.3377E+00  0.1128E+02  0.2005E+01  0.5318E+01  0.5318E+01
  0.3386E+00  0.6637E+01  0.2028E+01  0.5294E+01  0.5294E+01
  0.3395E+00  0.4254E+01  0.2021E+01  0.5269E+01  0.5269E+01
  0.3405E+00  0.5829E+01  0.2070E+01  0.5245E+01  0.5245E+01
  0.3414E+00  0.8593E+01  0.2074E+01  0.5221E+01  0.5221E+01
  0.3423E+00  0.5614E+01  0.2121E+01  0.5197E+01  0.5197E+01
  0.3432E+00  0.4162E+01  0.2091E+01  0.5172E+01  0.5172E+01
  0.3442E+00  0.8503E+01  0.2112E+01  0.5148E+01  0.5148E+01
  0.3451E+00  0.8397E+01  0.2149E+01  0.5124E+01  0.5124E+01
  0.3460E+00  0.8551E+01  0.2092E+01  0.5100E+01  0.5100E+01
  0.3470E+00  0.9126E+01  0.2132E+01  0.5076E+01  0.5076E+01
  0.3479E+00  0.1082E+02  0.2080E+01  0.5052E+01  0.5052E+01
  0.3488E+00  0.1037E+02  0.2139E+01  0.5029E+01  0.5029E+01
  0.3497E+00  0.8711E+01  0.2133E+01  0.5005E+01  0.5005E+01
  0.3507E+00  0.3565E+01  0.2105E+01  0.4982E+01  0.4982E+01
  0.3516E+00  0.3768E+01  0.2134E+01  0.4958E+01  0.4958E+01
  0.3525E+00  0.4807E+01  0.2134E+01  0.4935E+01  0.4935E+01
  0.3535E+00  0.3798E+01  0.2112E+01  0.4912E+01  0.4912E+01

           Distance distribution  function of particle  


       R          P(R)      ERROR

  0.0000E+00  0.0000E+00  0.0000E+00
  0.1113E+01  0.5395E-01  0.1028E-02
  0.2226E+01  0.1055E+00  0.1557E-02
  0.3339E+01  0.1553E+00  0.1663E-02
  0.4452E+01  0.2044E+00  0.1476E-02
  0.5565E+01  0.2543E+00  0.1224E-02
  0.6678E+01  0.3062E+00  0.1248E-02
  0.7791E+01  0.3618E+00  0.1641E-02
  0.8904E+01  0.4223E+00  0.2152E-02
  0.1002E+02  0.4886E+00  0.2585E-02
  0.1113E+02  0.5612E+00  0.2854E-02
  0.1224E+02  0.6401E+00  0.2938E-02
  0.1336E+02  0.7250E+00  0.2871E-02
  0.1447E+02  0.8147E+00  0.2733E-02
  0.1558E+02  0.9080E+00  0.2635E-02
  0.1670E+02  0.1003E+01  0.2670E-02
  0.1781E+02  0.1098E+01  0.2859E-02
  0.1892E+02  0.1191E+01  0.3139E-02
  0.2003E+02  0.1281E+01  0.3426E-02
  0.2115E+02  0.1364E+01  0.3658E-02
  0.2226E+02  0.1441E+01  0.3813E-02
  0.2337E+02  0.1510E+01  0.3896E-02
  0.2449E+02  0.1571E+01  0.3932E-02
  0.2560E+02  0.1622E+01  0.3948E-02
  0.2671E+02  0.1665E+01  0.3961E-02
  0.2782E+02  0.1699E+01  0.3971E-02
  0.2894E+02  0.1725E+01  0.3970E-02
  0.3005E+02  0.1742E+01  0.3948E-02
  0.3116E+02  0.1753E+01  0.3911E-02
  0.3228E+02  0.1756E+01  0.3878E-02
  0.3339E+02  0.1753E+01  0.3879E-02
  0.3450E+02  0.1744E+01  0.3940E-02
  0.3562E+02  0.1729E+01  0.4062E-02
  0.3673E+02  0.1707E+01  0.4223E-02
  0.3784E+02  0.1681E+01  0.4384E-02
  0.3895E+02  0.1648E+01  0.4508E-02
  0.4007E+02  0.1610E+01  0.4571E-02
  0.4118E+02  0.1567E+01  0.4573E-02
  0.4229E+02  0.1520E+01  0.4533E-02
  0.4341E+02  0.1468E+01  0.4486E-02
  0.4452E+02  0.1412E+01  0.4473E-02
  0.4563E+02  0.1354E+01  0.4522E-02
  0.4675E+02  0.1293E+01  0.4641E-02
  0.4786E+02  0.1231E+01  0.4816E-02
  0.4897E+02  0.1169E+01  0.5025E-02
  0.5009E+02  0.1107E+01  0.5250E-02
  0.5120E+02  0.1045E+01  0.5477E-02
  0.5231E+02  0.9850E+00  0.5703E-02
  0.5342E+02  0.9269E+00  0.5930E-02
  0.5454E+02  0.8712E+00  0.6155E-02
  0.5565E+02  0.8180E+00  0.6368E-02
  0.5676E+02  0.7677E+00  0.6554E-02
  0.5788E+02  0.7204E+00  0.6695E-02
  0.5899E+02  0.6761E+00  0.6776E-02
  0.6010E+02  0.6350E+00  0.6790E-02
  0.6121E+02  0.5970E+00  0.6743E-02
  0.6233E+02  0.5622E+00  0.6650E-02
  0.6344E+02  0.5305E+00  0.6539E-02
  0.6455E+02  0.5018E+00  0.6441E-02
  0.6567E+02  0.4760E+00  0.6383E-02
  0.6678E+02  0.4528E+00  0.6383E-02
  0.6789E+02  0.4321E+00  0.6442E-02
  0.6901E+02  0.4136E+00  0.6550E-02
  0.7012E+02  0.3968E+00  0.6688E-02
  0.7123E+02  0.3814E+00  0.6833E-02
  0.7234E+02  0.3671E+00  0.6969E-02
  0.7346E+02  0.3536E+00  0.7085E-02
  0.7457E+02  0.3404E+00  0.7175E-02
  0.7568E+02  0.3274E+00  0.7238E-02
  0.7680E+02  0.3143E+00  0.7273E-02
  0.7791E+02  0.3010E+00  0.7279E-02
  0.7902E+02  0.2876E+00  0.7250E-02
  0.8014E+02  0.2741E+00  0.7184E-02
  0.8125E+02  0.2605E+00  0.7075E-02
  0.8236E+02  0.2470E+00  0.6923E-02
  0.8347E+02  0.2337E+00  0.6732E-02
  0.8459E+02  0.2209E+00  0.6517E-02
  0.8570E+02  0.2085E+00  0.6298E-02
  0.8681E+02  0.1966E+00  0.6102E-02
  0.8793E+02  0.1853E+00  0.5958E-02
  0.8904E+02  0.1745E+00  0.5893E-02
  0.9015E+02  0.1642E+00  0.5923E-02
  0.9127E+02  0.1542E+00  0.6054E-02
  0.9238E+02  0.1445E+00  0.6277E-02
  0.9349E+02  0.1349E+00  0.6576E-02
  0.9461E+02  0.1255E+00  0.6930E-02
  0.9572E+02  0.1162E+00  0.7314E-02
  0.9683E+02  0.1069E+00  0.7700E-02
  0.9794E+02  0.9781E-01  0.8055E-02
  0.9906E+02  0.8893E-01  0.8345E-02
  0.1002E+03  0.8035E-01  0.8536E-02
  0.1013E+03  0.7212E-01  0.8592E-02
  0.1024E+03  0.6430E-01  0.8484E-02
  0.1035E+03  0.5684E-01  0.8188E-02
  0.1046E+03  0.4968E-01  0.7687E-02
  0.1057E+03  0.4265E-01  0.6969E-02
  0.1068E+03  0.3553E-01  0.6029E-02
  0.1080E+03  0.2804E-01  0.4865E-02
  0.1091E+03  0.1984E-01  0.3476E-02
  0.1102E+03  0.1061E-01  0.1857E-02
  0.1113E+03  0.0000E+00  0.0000E+00
          Reciprocal space: Rg =   31.71     , I(0) =   0.9859E+03
     Real space: Rg =   31.75 +- 0.114  I(0) =   0.9859E+03 +-  0.2327E+01
