
           ####    G N O M   ---   Version 4.5a revised 09/02/02     ####

                                                  Sun Nov  5 12:16:50 2017
           ===    Run No   1   ===
 Run title:  0.000330941 0 0


  Number of points omitted at the end:         180
   *******   Working Directory :
   *******    Input file(s) : 24697_02D_S102_0_02.sub
           Condition P(rmin) = 0 is used. 
           Condition P(rmax) = 0 is used. 

          Experimental conditions for the first run
          -----------------------------------------

          Highest ALPHA is found to be   0.8211E+02

  The measure of inconsistency AN1 equals to    0.1140E+01

          Warning: using the chosen range in the real space 
             it is not possible to fit the data set within the
             given error band. 
     Alpha    Discrp  Oscill  Stabil  Sysdev  Positv  Valcen    Total   
  0.8211E+05 34.6590  1.1877  0.9485  0.0313  1.0000  0.8556  0.00001
  0.1642E+05 29.8957  1.1829  0.8136  0.1149  1.0000  0.8571  0.00001
  0.3284E+04 18.4943  1.1693  0.4859  0.2507  1.0000  0.8623  0.00001
  0.6568E+03  8.1883  1.1842  0.1789  0.3029  1.0000  0.8699  0.00001
  0.1314E+03  3.3085  1.3103  0.0854  0.3394  1.0000  0.8706  0.00001
  0.2627E+02  1.3103  1.4460  0.0378  0.5274  1.0000  0.8695  0.49137
  0.5255E+01  0.8261  1.5213  0.0168  0.6736  1.0000  0.8684  0.47344
  0.1051E+01  0.7480  1.5686  0.0099  0.7050  1.0000  0.8676  0.10000
  0.2102E+00  0.7332  1.6197  0.0169  0.7258  1.0000  0.8672  0.10000
  0.4204E-01  0.7188  1.8739  0.0359  0.7363  1.0000  0.8665  0.10000
  0.8408E-02  0.7092  2.4321  0.0298  0.7572  0.9998  0.8645  0.10000
  0.1682E-02  0.7065  3.0536  0.0516  0.7467  0.9991  0.8628  0.10000
  0.3363E-03  0.7055  3.9045  0.0370  0.7467  0.9977  0.8606  0.10000
  0.6726E-04  0.7053  4.5031  0.0619  0.7467  0.9978  0.8631  0.10000
  0.1345E-04  0.7052  7.2047  0.2964  0.7467  0.9975  0.8514  0.10000
  0.2690E-05  0.7045 16.0231  0.7450  0.7467  0.9135  0.4733  0.10000
  0.5381E-06  0.7026 18.8860  0.6120  0.7467  0.7858  0.3023  0.10000
  0.1076E-06  0.7009 20.6629  0.3532  0.7467  0.7481  0.2751  0.10000
  0.2152E-07  0.6997 24.7781  0.8175  0.7572  0.7335  0.2505  0.10000
  0.4305E-08  0.6969 25.0422  0.7330  0.7572  0.7032  0.2781  0.10000
  0.8609E-09  0.6901 29.6964  0.8189  0.7572  0.7297  0.3032  0.10000
  0.1722E-09  0.6659 32.9924  0.8356  0.7467  0.7497  0.3593  0.10000
  0.3444E-10  0.5957 35.8661  0.6757  0.7572  0.7283  0.3824  0.10000
  0.6888E-11  0.4646 40.4841  0.5331  0.7467  0.7127  0.3921  0.10000
  0.1378E-11  0.2864 45.5315  0.4206  0.7363  0.7277  0.3399  0.10000
  0.2755E-12  0.1316 47.3701  0.2704  0.7154  0.7297  0.2856  0.10000
  0.5510E-13  0.0459 47.8941  0.1467  0.7154  0.7295  0.2607  0.10000
  0.1102E-13  0.0116 48.1499  0.0456  0.7572  0.7341  0.2601  0.10000
  0.2204E-14  0.0025 48.2277  0.0102  0.7572  0.7360  0.2669  0.10000
  0.4408E-15  0.0005 48.2449  0.0021  0.7572  0.7364  0.2682  0.10000
  0.8816E-16  0.0001 48.2485  0.0004  0.7572  0.7365  0.2685  0.10000

          ***  Golden section search to maximize estimate ***
     Alpha    Discrp  Oscill  Stabil  Sysdev  Positv  Valcen    Total   
  0.9717E+01  0.9220  1.4975  0.0214  0.6527  1.0000  0.8688  0.49435
  0.1797E+02  1.1128  1.4682  0.0299  0.5587  1.0000  0.8692  0.50060
  0.2078E+02  1.1795  1.4602  0.0327  0.5379  1.0000  0.8693  0.49894
  0.1643E+02  1.0764  1.4730  0.0284  0.5587  1.0000  0.8692  0.50006
  0.1899E+02  1.1371  1.4652  0.0309  0.5587  1.0000  0.8693  0.50050
  0.1736E+02  1.0985  1.4701  0.0293  0.5587  1.0000  0.8692  0.50049
  0.1835E+02  1.1219  1.4671  0.0303  0.5587  1.0000  0.8692  0.50060
  0.1859E+02  1.1277  1.4664  0.0306  0.5587  1.0000  0.8693  0.50058
  0.1821E+02  1.1184  1.4675  0.0302  0.5587  1.0000  0.8692  0.50060
  0.1811E+02  1.1163  1.4678  0.0301  0.5587  1.0000  0.8692  0.50060
  0.1826E+02  1.1198  1.4674  0.0302  0.5587  1.0000  0.8692  0.50060
  0.1817E+02  1.1176  1.4676  0.0301  0.5587  1.0000  0.8692  0.50060
  0.1817E+02  1.1176  1.4676  0.0301  0.5587  1.0000  0.8692  0.50060



             ####            Final results            ####

 Parameter    DISCRP    OSCILL    STABIL    SYSDEV    POSITV    VALCEN
 Weight        1.000     3.000     3.000     4.000     1.000     1.000
 Sigma         0.500     0.600     0.120     0.200     0.120     0.120
 Ideal         1.000     1.100     0.000     1.000     1.000     0.950
 Current       1.118     1.468     0.030     0.559     1.000     0.869
                - - - - - - - - - - - - - - - - - - - - - - - - - 
 Estimate      0.946     0.687     0.939     0.008     1.000     0.636

  Angular   range    :     from    0.0078   to    0.3637
  Real space range   :     from      0.00   to    113.10

  Highest ALPHA (theor) :   0.821E+05                 JOB = 0
  Current ALPHA         :   0.182E+02   Rg :  0.335E+02   I(0) :   0.124E+04

           Total  estimate : 0.501  which is  A REASONABLE  solution

      S          J EXP       ERROR       J REG       I REG

  0.0000E+00                                      0.1237E+04
  0.9707E-03                                      0.1236E+04
  0.1941E-02                                      0.1235E+04
  0.2912E-02                                      0.1233E+04
  0.3883E-02                                      0.1230E+04
  0.4853E-02                                      0.1226E+04
  0.5824E-02                                      0.1221E+04
  0.6795E-02                                      0.1215E+04
  0.7765E-02  0.1132E+04  0.3035E+02  0.1209E+04  0.1209E+04
  0.8695E-02  0.1090E+04  0.8956E+02  0.1202E+04  0.1202E+04
  0.9624E-02  0.1183E+04  0.7340E+02  0.1194E+04  0.1194E+04
  0.1055E-01  0.1159E+04  0.5759E+02  0.1186E+04  0.1186E+04
  0.1148E-01  0.1138E+04  0.4452E+02  0.1177E+04  0.1177E+04
  0.1241E-01  0.1149E+04  0.3659E+02  0.1167E+04  0.1167E+04
  0.1334E-01  0.1147E+04  0.2804E+02  0.1157E+04  0.1157E+04
  0.1427E-01  0.1108E+04  0.2464E+02  0.1146E+04  0.1146E+04
  0.1520E-01  0.1177E+04  0.2073E+02  0.1134E+04  0.1134E+04
  0.1613E-01  0.1157E+04  0.1844E+02  0.1122E+04  0.1122E+04
  0.1706E-01  0.1126E+04  0.1506E+02  0.1110E+04  0.1110E+04
  0.1799E-01  0.1137E+04  0.1460E+02  0.1096E+04  0.1096E+04
  0.1892E-01  0.1097E+04  0.1409E+02  0.1083E+04  0.1083E+04
  0.1985E-01  0.1030E+04  0.1131E+02  0.1069E+04  0.1069E+04
  0.2078E-01  0.1046E+04  0.1212E+02  0.1054E+04  0.1054E+04
  0.2170E-01  0.1055E+04  0.1181E+02  0.1039E+04  0.1039E+04
  0.2263E-01  0.1048E+04  0.1007E+02  0.1024E+04  0.1024E+04
  0.2356E-01  0.1034E+04  0.1131E+02  0.1008E+04  0.1008E+04
  0.2449E-01  0.9989E+03  0.1039E+02  0.9918E+03  0.9918E+03
  0.2542E-01  0.9826E+03  0.1121E+02  0.9755E+03  0.9755E+03
  0.2635E-01  0.9526E+03  0.1134E+02  0.9589E+03  0.9589E+03
  0.2728E-01  0.9368E+03  0.1094E+02  0.9421E+03  0.9421E+03
  0.2821E-01  0.9214E+03  0.1025E+02  0.9251E+03  0.9251E+03
  0.2914E-01  0.9236E+03  0.9387E+01  0.9079E+03  0.9079E+03
  0.3007E-01  0.8808E+03  0.9296E+01  0.8905E+03  0.8905E+03
  0.3100E-01  0.8624E+03  0.7653E+01  0.8731E+03  0.8731E+03
  0.3193E-01  0.8513E+03  0.9018E+01  0.8556E+03  0.8556E+03
  0.3286E-01  0.8264E+03  0.7867E+01  0.8380E+03  0.8380E+03
  0.3379E-01  0.8332E+03  0.8763E+01  0.8204E+03  0.8204E+03
  0.3472E-01  0.8282E+03  0.1042E+02  0.8028E+03  0.8028E+03
  0.3564E-01  0.7817E+03  0.8947E+01  0.7853E+03  0.7853E+03
  0.3657E-01  0.7668E+03  0.8344E+01  0.7678E+03  0.7678E+03
  0.3750E-01  0.7525E+03  0.8148E+01  0.7503E+03  0.7503E+03
  0.3843E-01  0.7365E+03  0.7692E+01  0.7329E+03  0.7329E+03
  0.3936E-01  0.7322E+03  0.7638E+01  0.7157E+03  0.7157E+03
  0.4029E-01  0.7014E+03  0.7012E+01  0.6986E+03  0.6986E+03
  0.4122E-01  0.6869E+03  0.7682E+01  0.6816E+03  0.6816E+03
  0.4215E-01  0.6497E+03  0.7118E+01  0.6648E+03  0.6648E+03
  0.4308E-01  0.6330E+03  0.7224E+01  0.6482E+03  0.6482E+03
  0.4401E-01  0.6352E+03  0.7176E+01  0.6318E+03  0.6318E+03
  0.4494E-01  0.6182E+03  0.7170E+01  0.6157E+03  0.6157E+03
  0.4587E-01  0.5858E+03  0.7274E+01  0.5997E+03  0.5997E+03
  0.4680E-01  0.5869E+03  0.6684E+01  0.5840E+03  0.5840E+03
  0.4773E-01  0.5840E+03  0.6493E+01  0.5685E+03  0.5685E+03
  0.4865E-01  0.5617E+03  0.6685E+01  0.5533E+03  0.5533E+03
  0.4958E-01  0.5431E+03  0.5986E+01  0.5384E+03  0.5384E+03
  0.5051E-01  0.5310E+03  0.6435E+01  0.5237E+03  0.5237E+03
  0.5144E-01  0.5218E+03  0.6316E+01  0.5094E+03  0.5094E+03
  0.5237E-01  0.5103E+03  0.6364E+01  0.4953E+03  0.4953E+03
  0.5330E-01  0.4923E+03  0.6345E+01  0.4815E+03  0.4815E+03
  0.5423E-01  0.4779E+03  0.6343E+01  0.4680E+03  0.4680E+03
  0.5516E-01  0.4662E+03  0.6376E+01  0.4548E+03  0.4548E+03
  0.5609E-01  0.4619E+03  0.6107E+01  0.4418E+03  0.4418E+03
  0.5702E-01  0.4305E+03  0.5658E+01  0.4292E+03  0.4292E+03
  0.5795E-01  0.4309E+03  0.5710E+01  0.4169E+03  0.4169E+03
  0.5888E-01  0.4090E+03  0.5024E+01  0.4049E+03  0.4049E+03
  0.5981E-01  0.3945E+03  0.5464E+01  0.3932E+03  0.3932E+03
  0.6074E-01  0.3905E+03  0.5475E+01  0.3817E+03  0.3817E+03
  0.6166E-01  0.3871E+03  0.5178E+01  0.3706E+03  0.3706E+03
  0.6259E-01  0.3714E+03  0.5159E+01  0.3597E+03  0.3597E+03
  0.6352E-01  0.3576E+03  0.4885E+01  0.3491E+03  0.3491E+03
  0.6445E-01  0.3589E+03  0.5005E+01  0.3388E+03  0.3388E+03
  0.6538E-01  0.3431E+03  0.4584E+01  0.3287E+03  0.3287E+03
  0.6631E-01  0.3224E+03  0.5183E+01  0.3190E+03  0.3190E+03
  0.6724E-01  0.3171E+03  0.4717E+01  0.3094E+03  0.3094E+03
  0.6817E-01  0.3018E+03  0.4828E+01  0.3002E+03  0.3002E+03
  0.6910E-01  0.2986E+03  0.4741E+01  0.2911E+03  0.2911E+03
  0.7003E-01  0.2881E+03  0.4600E+01  0.2823E+03  0.2823E+03
  0.7096E-01  0.2861E+03  0.5100E+01  0.2738E+03  0.2738E+03
  0.7189E-01  0.2783E+03  0.4320E+01  0.2655E+03  0.2655E+03
  0.7282E-01  0.2617E+03  0.4777E+01  0.2574E+03  0.2574E+03
  0.7375E-01  0.2539E+03  0.4589E+01  0.2495E+03  0.2495E+03
  0.7468E-01  0.2503E+03  0.4421E+01  0.2418E+03  0.2418E+03
  0.7560E-01  0.2353E+03  0.4398E+01  0.2343E+03  0.2343E+03
  0.7653E-01  0.2405E+03  0.4790E+01  0.2271E+03  0.2271E+03
  0.7746E-01  0.2267E+03  0.4680E+01  0.2200E+03  0.2200E+03
  0.7839E-01  0.2191E+03  0.4607E+01  0.2131E+03  0.2131E+03
  0.7932E-01  0.2258E+03  0.4342E+01  0.2064E+03  0.2064E+03
  0.8025E-01  0.2138E+03  0.4246E+01  0.1998E+03  0.1998E+03
  0.8118E-01  0.1951E+03  0.4388E+01  0.1935E+03  0.1935E+03
  0.8211E-01  0.1921E+03  0.4322E+01  0.1873E+03  0.1873E+03
  0.8304E-01  0.1866E+03  0.3858E+01  0.1812E+03  0.1812E+03
  0.8397E-01  0.1716E+03  0.4373E+01  0.1753E+03  0.1753E+03
  0.8490E-01  0.1678E+03  0.4220E+01  0.1696E+03  0.1696E+03
  0.8583E-01  0.1649E+03  0.4219E+01  0.1640E+03  0.1640E+03
  0.8676E-01  0.1648E+03  0.4144E+01  0.1586E+03  0.1586E+03
  0.8769E-01  0.1549E+03  0.3882E+01  0.1533E+03  0.1533E+03
  0.8861E-01  0.1465E+03  0.4057E+01  0.1481E+03  0.1481E+03
  0.8954E-01  0.1460E+03  0.3985E+01  0.1431E+03  0.1431E+03
  0.9047E-01  0.1329E+03  0.3860E+01  0.1382E+03  0.1382E+03
  0.9140E-01  0.1267E+03  0.3994E+01  0.1334E+03  0.1334E+03
  0.9233E-01  0.1260E+03  0.3875E+01  0.1288E+03  0.1288E+03
  0.9326E-01  0.1253E+03  0.3901E+01  0.1243E+03  0.1243E+03
  0.9419E-01  0.1171E+03  0.3716E+01  0.1199E+03  0.1199E+03
  0.9512E-01  0.1044E+03  0.3956E+01  0.1156E+03  0.1156E+03
  0.9605E-01  0.1053E+03  0.3882E+01  0.1115E+03  0.1115E+03
  0.9698E-01  0.1065E+03  0.4046E+01  0.1075E+03  0.1075E+03
  0.9791E-01  0.1013E+03  0.3723E+01  0.1036E+03  0.1036E+03
  0.9884E-01  0.1028E+03  0.3485E+01  0.9977E+02  0.9977E+02
  0.9977E-01  0.9962E+02  0.3672E+01  0.9609E+02  0.9609E+02
  0.1007E+00  0.8703E+02  0.3550E+01  0.9253E+02  0.9253E+02
  0.1016E+00  0.8817E+02  0.3645E+01  0.8908E+02  0.8908E+02
  0.1026E+00  0.8651E+02  0.3641E+01  0.8574E+02  0.8574E+02
  0.1035E+00  0.7652E+02  0.3408E+01  0.8250E+02  0.8250E+02
  0.1044E+00  0.8296E+02  0.3568E+01  0.7938E+02  0.7938E+02
  0.1053E+00  0.7488E+02  0.3499E+01  0.7636E+02  0.7636E+02
  0.1063E+00  0.7250E+02  0.3473E+01  0.7345E+02  0.7345E+02
  0.1072E+00  0.6679E+02  0.3286E+01  0.7064E+02  0.7064E+02
  0.1081E+00  0.6672E+02  0.3368E+01  0.6793E+02  0.6793E+02
  0.1091E+00  0.5767E+02  0.3369E+01  0.6533E+02  0.6533E+02
  0.1100E+00  0.6076E+02  0.3465E+01  0.6282E+02  0.6282E+02
  0.1109E+00  0.6224E+02  0.3447E+01  0.6041E+02  0.6041E+02
  0.1118E+00  0.6011E+02  0.3361E+01  0.5811E+02  0.5811E+02
  0.1128E+00  0.6107E+02  0.3472E+01  0.5589E+02  0.5589E+02
  0.1137E+00  0.5465E+02  0.3463E+01  0.5377E+02  0.5377E+02
  0.1146E+00  0.5102E+02  0.3306E+01  0.5174E+02  0.5174E+02
  0.1156E+00  0.4811E+02  0.3321E+01  0.4979E+02  0.4979E+02
  0.1165E+00  0.4430E+02  0.3263E+01  0.4794E+02  0.4794E+02
  0.1174E+00  0.4223E+02  0.3294E+01  0.4617E+02  0.4617E+02
  0.1184E+00  0.3110E+02  0.3219E+01  0.4448E+02  0.4448E+02
  0.1193E+00  0.3615E+02  0.3135E+01  0.4287E+02  0.4287E+02
  0.1202E+00  0.3239E+02  0.3377E+01  0.4134E+02  0.4134E+02
  0.1211E+00  0.3316E+02  0.3150E+01  0.3989E+02  0.3989E+02
  0.1221E+00  0.3955E+02  0.3185E+01  0.3851E+02  0.3851E+02
  0.1230E+00  0.3506E+02  0.3287E+01  0.3720E+02  0.3720E+02
  0.1239E+00  0.3874E+02  0.3166E+01  0.3595E+02  0.3595E+02
  0.1249E+00  0.2731E+02  0.3185E+01  0.3478E+02  0.3478E+02
  0.1258E+00  0.2467E+02  0.3165E+01  0.3366E+02  0.3366E+02
  0.1267E+00  0.2601E+02  0.3141E+01  0.3261E+02  0.3261E+02
  0.1276E+00  0.2787E+02  0.3098E+01  0.3161E+02  0.3161E+02
  0.1286E+00  0.3056E+02  0.3185E+01  0.3067E+02  0.3067E+02
  0.1295E+00  0.3295E+02  0.3089E+01  0.2978E+02  0.2978E+02
  0.1304E+00  0.3314E+02  0.3018E+01  0.2894E+02  0.2894E+02
  0.1314E+00  0.2217E+02  0.3100E+01  0.2815E+02  0.2815E+02
  0.1323E+00  0.2239E+02  0.3082E+01  0.2740E+02  0.2740E+02
  0.1332E+00  0.2082E+02  0.3063E+01  0.2670E+02  0.2670E+02
  0.1342E+00  0.1376E+02  0.2985E+01  0.2603E+02  0.2603E+02
  0.1351E+00  0.8620E+01  0.3011E+01  0.2541E+02  0.2541E+02
  0.1360E+00  0.1318E+02  0.2997E+01  0.2482E+02  0.2482E+02
  0.1369E+00  0.1888E+02  0.3034E+01  0.2426E+02  0.2426E+02
  0.1379E+00  0.1962E+02  0.3192E+01  0.2373E+02  0.2373E+02
  0.1388E+00  0.2053E+02  0.2898E+01  0.2323E+02  0.2323E+02
  0.1397E+00  0.2229E+02  0.2951E+01  0.2276E+02  0.2276E+02
  0.1407E+00  0.2013E+02  0.2886E+01  0.2231E+02  0.2231E+02
  0.1416E+00  0.1774E+02  0.2928E+01  0.2189E+02  0.2189E+02
  0.1425E+00  0.1418E+02  0.3010E+01  0.2148E+02  0.2148E+02
  0.1434E+00  0.1357E+02  0.2868E+01  0.2110E+02  0.2110E+02
  0.1444E+00  0.2116E+02  0.2996E+01  0.2074E+02  0.2074E+02
  0.1453E+00  0.2532E+02  0.2973E+01  0.2039E+02  0.2039E+02
  0.1462E+00  0.1709E+02  0.3378E+01  0.2006E+02  0.2006E+02
  0.1472E+00  0.1038E+02  0.3136E+01  0.1975E+02  0.1975E+02
  0.1481E+00  0.1167E+02  0.2992E+01  0.1945E+02  0.1945E+02
  0.1490E+00  0.1528E+02  0.2948E+01  0.1916E+02  0.1916E+02
  0.1499E+00  0.2171E+02  0.2823E+01  0.1888E+02  0.1888E+02
  0.1509E+00  0.1756E+02  0.2826E+01  0.1862E+02  0.1862E+02
  0.1518E+00  0.1306E+02  0.3077E+01  0.1836E+02  0.1836E+02
  0.1527E+00  0.1328E+02  0.3000E+01  0.1812E+02  0.1812E+02
  0.1537E+00  0.8190E+01  0.2998E+01  0.1788E+02  0.1788E+02
  0.1546E+00  0.1513E+02  0.2890E+01  0.1766E+02  0.1766E+02
  0.1555E+00  0.1002E+02  0.2768E+01  0.1744E+02  0.1744E+02
  0.1565E+00  0.8222E+01  0.2992E+01  0.1723E+02  0.1723E+02
  0.1574E+00  0.1546E+02  0.2764E+01  0.1703E+02  0.1703E+02
  0.1583E+00  0.1521E+02  0.2992E+01  0.1683E+02  0.1683E+02
  0.1592E+00  0.1253E+02  0.3015E+01  0.1664E+02  0.1664E+02
  0.1602E+00  0.1147E+02  0.2807E+01  0.1646E+02  0.1646E+02
  0.1611E+00  0.1408E+02  0.2755E+01  0.1629E+02  0.1629E+02
  0.1620E+00  0.1505E+02  0.2724E+01  0.1612E+02  0.1612E+02
  0.1630E+00  0.1256E+02  0.2865E+01  0.1596E+02  0.1596E+02
  0.1639E+00  0.1164E+02  0.2780E+01  0.1580E+02  0.1580E+02
  0.1648E+00  0.1585E+02  0.2720E+01  0.1565E+02  0.1565E+02
  0.1657E+00  0.1450E+02  0.2693E+01  0.1551E+02  0.1551E+02
  0.1667E+00  0.1352E+02  0.2772E+01  0.1537E+02  0.1537E+02
  0.1676E+00  0.2010E+02  0.2798E+01  0.1524E+02  0.1524E+02
  0.1685E+00  0.1913E+02  0.2748E+01  0.1512E+02  0.1512E+02
  0.1695E+00  0.1173E+02  0.2828E+01  0.1500E+02  0.1500E+02
  0.1704E+00  0.1195E+02  0.2752E+01  0.1488E+02  0.1488E+02
  0.1713E+00  0.1126E+02  0.2746E+01  0.1477E+02  0.1477E+02
  0.1723E+00  0.9840E+01  0.2744E+01  0.1467E+02  0.1467E+02
  0.1732E+00  0.1914E+02  0.2785E+01  0.1457E+02  0.1457E+02
  0.1741E+00  0.1426E+02  0.2765E+01  0.1448E+02  0.1448E+02
  0.1750E+00  0.1536E+02  0.2741E+01  0.1439E+02  0.1439E+02
  0.1760E+00  0.1543E+02  0.2707E+01  0.1431E+02  0.1431E+02
  0.1769E+00  0.1931E+02  0.2802E+01  0.1423E+02  0.1423E+02
  0.1778E+00  0.1952E+02  0.2776E+01  0.1415E+02  0.1415E+02
  0.1788E+00  0.1538E+02  0.2644E+01  0.1408E+02  0.1408E+02
  0.1797E+00  0.1218E+02  0.2598E+01  0.1401E+02  0.1401E+02
  0.1806E+00  0.1401E+02  0.2661E+01  0.1394E+02  0.1394E+02
  0.1815E+00  0.1811E+02  0.2588E+01  0.1388E+02  0.1388E+02
  0.1825E+00  0.1579E+02  0.2632E+01  0.1381E+02  0.1381E+02
  0.1834E+00  0.1285E+02  0.2699E+01  0.1376E+02  0.1376E+02
  0.1843E+00  0.1177E+02  0.2605E+01  0.1370E+02  0.1370E+02
  0.1853E+00  0.8819E+01  0.2701E+01  0.1364E+02  0.1364E+02
  0.1862E+00  0.1241E+02  0.2632E+01  0.1358E+02  0.1358E+02
  0.1871E+00  0.1344E+02  0.2541E+01  0.1353E+02  0.1353E+02
  0.1880E+00  0.1968E+02  0.2630E+01  0.1347E+02  0.1347E+02
  0.1890E+00  0.1515E+02  0.2588E+01  0.1342E+02  0.1342E+02
  0.1899E+00  0.1401E+02  0.2567E+01  0.1336E+02  0.1336E+02
  0.1908E+00  0.1438E+02  0.2589E+01  0.1331E+02  0.1331E+02
  0.1918E+00  0.1400E+02  0.2561E+01  0.1325E+02  0.1325E+02
  0.1927E+00  0.1136E+02  0.2583E+01  0.1319E+02  0.1319E+02
  0.1936E+00  0.1456E+02  0.2581E+01  0.1313E+02  0.1313E+02
  0.1946E+00  0.1624E+02  0.2563E+01  0.1307E+02  0.1307E+02
  0.1955E+00  0.1701E+02  0.2485E+01  0.1301E+02  0.1301E+02
  0.1964E+00  0.2002E+02  0.2556E+01  0.1294E+02  0.1294E+02
  0.1973E+00  0.1919E+02  0.2562E+01  0.1288E+02  0.1288E+02
  0.1983E+00  0.1313E+02  0.2593E+01  0.1281E+02  0.1281E+02
  0.1992E+00  0.1143E+02  0.2608E+01  0.1273E+02  0.1273E+02
  0.2001E+00  0.1214E+02  0.2517E+01  0.1266E+02  0.1266E+02
  0.2011E+00  0.5335E+01  0.2566E+01  0.1258E+02  0.1258E+02
  0.2020E+00  0.1023E+02  0.2450E+01  0.1250E+02  0.1250E+02
  0.2029E+00  0.1596E+02  0.2638E+01  0.1242E+02  0.1242E+02
  0.2038E+00  0.1902E+02  0.2532E+01  0.1233E+02  0.1233E+02
  0.2048E+00  0.2388E+02  0.2643E+01  0.1224E+02  0.1224E+02
  0.2057E+00  0.1650E+02  0.2578E+01  0.1215E+02  0.1215E+02
  0.2066E+00  0.9025E+01  0.2597E+01  0.1206E+02  0.1206E+02
  0.2076E+00  0.7057E+01  0.2547E+01  0.1197E+02  0.1197E+02
  0.2085E+00  0.1138E+02  0.2525E+01  0.1187E+02  0.1187E+02
  0.2094E+00  0.1157E+02  0.2486E+01  0.1177E+02  0.1177E+02
  0.2104E+00  0.1129E+02  0.2512E+01  0.1167E+02  0.1167E+02
  0.2113E+00  0.8610E+01  0.2497E+01  0.1157E+02  0.1157E+02
  0.2122E+00  0.1007E+02  0.2457E+01  0.1147E+02  0.1147E+02
  0.2131E+00  0.1200E+02  0.2530E+01  0.1137E+02  0.1137E+02
  0.2141E+00  0.1257E+02  0.2475E+01  0.1127E+02  0.1127E+02
  0.2150E+00  0.8878E+01  0.2436E+01  0.1116E+02  0.1116E+02
  0.2159E+00  0.8154E+01  0.2372E+01  0.1106E+02  0.1106E+02
  0.2169E+00  0.9390E+01  0.2464E+01  0.1096E+02  0.1096E+02
  0.2178E+00  0.1240E+02  0.2404E+01  0.1086E+02  0.1086E+02
  0.2187E+00  0.7061E+01  0.2302E+01  0.1076E+02  0.1076E+02
  0.2196E+00  0.6577E+01  0.2352E+01  0.1066E+02  0.1066E+02
  0.2206E+00  0.1200E+02  0.2386E+01  0.1056E+02  0.1056E+02
  0.2215E+00  0.1077E+02  0.2373E+01  0.1046E+02  0.1046E+02
  0.2224E+00  0.1536E+02  0.2406E+01  0.1037E+02  0.1037E+02
  0.2234E+00  0.1478E+02  0.2290E+01  0.1028E+02  0.1028E+02
  0.2243E+00  0.1165E+02  0.2363E+01  0.1019E+02  0.1019E+02
  0.2252E+00  0.1277E+02  0.2334E+01  0.1010E+02  0.1010E+02
  0.2262E+00  0.1061E+02  0.2319E+01  0.1001E+02  0.1001E+02
  0.2271E+00  0.9706E+01  0.2484E+01  0.9932E+01  0.9932E+01
  0.2280E+00  0.1004E+02  0.2451E+01  0.9853E+01  0.9853E+01
  0.2289E+00  0.6707E+01  0.2364E+01  0.9778E+01  0.9778E+01
  0.2299E+00  0.5040E+01  0.2397E+01  0.9705E+01  0.9705E+01
  0.2308E+00  0.5518E+01  0.2347E+01  0.9636E+01  0.9636E+01
  0.2317E+00  0.4900E+01  0.2418E+01  0.9570E+01  0.9570E+01
  0.2327E+00  0.6683E+01  0.2490E+01  0.9507E+01  0.9507E+01
  0.2336E+00  0.1100E+02  0.2431E+01  0.9448E+01  0.9448E+01
  0.2345E+00  0.8948E+01  0.2394E+01  0.9392E+01  0.9392E+01
  0.2354E+00  0.6971E+01  0.2410E+01  0.9340E+01  0.9340E+01
  0.2364E+00  0.8932E+01  0.2394E+01  0.9290E+01  0.9290E+01
  0.2373E+00  0.6908E+01  0.2403E+01  0.9244E+01  0.9244E+01
  0.2382E+00  0.8574E+01  0.2405E+01  0.9200E+01  0.9200E+01
  0.2392E+00  0.4977E+01  0.2420E+01  0.9160E+01  0.9160E+01
  0.2401E+00  0.5725E+01  0.2420E+01  0.9122E+01  0.9122E+01
  0.2410E+00  0.7174E+01  0.2479E+01  0.9087E+01  0.9087E+01
  0.2420E+00  0.1002E+02  0.2476E+01  0.9055E+01  0.9055E+01
  0.2429E+00  0.8648E+01  0.2458E+01  0.9025E+01  0.9025E+01
  0.2438E+00  0.5238E+01  0.2383E+01  0.8997E+01  0.8997E+01
  0.2447E+00  0.1012E+02  0.3097E+01  0.8971E+01  0.8971E+01
  0.2457E+00  0.1036E+02  0.2503E+01  0.8946E+01  0.8946E+01
  0.2466E+00  0.4696E+01  0.2425E+01  0.8923E+01  0.8923E+01
  0.2475E+00  0.6580E+01  0.2324E+01  0.8902E+01  0.8902E+01
  0.2485E+00  0.8447E+01  0.2368E+01  0.8882E+01  0.8882E+01
  0.2494E+00  0.4795E+01  0.2357E+01  0.8863E+01  0.8863E+01
  0.2503E+00  0.1215E+02  0.2356E+01  0.8845E+01  0.8845E+01
  0.2512E+00  0.5196E+01  0.2338E+01  0.8827E+01  0.8827E+01
  0.2522E+00  0.4095E+01  0.2424E+01  0.8810E+01  0.8810E+01
  0.2531E+00  0.5122E+01  0.2443E+01  0.8793E+01  0.8793E+01
  0.2540E+00  0.1041E+02  0.2346E+01  0.8777E+01  0.8777E+01
  0.2550E+00  0.1257E+02  0.2429E+01  0.8760E+01  0.8760E+01
  0.2559E+00  0.8908E+01  0.2332E+01  0.8743E+01  0.8743E+01
  0.2568E+00  0.1195E+02  0.2363E+01  0.8726E+01  0.8726E+01
  0.2577E+00  0.1147E+02  0.2391E+01  0.8709E+01  0.8709E+01
  0.2587E+00  0.1137E+01  0.2369E+01  0.8692E+01  0.8692E+01
  0.2596E+00  0.3530E+01  0.2324E+01  0.8673E+01  0.8673E+01
  0.2605E+00  0.3419E+01  0.2373E+01  0.8655E+01  0.8655E+01
  0.2615E+00  0.7885E+01  0.2397E+01  0.8636E+01  0.8636E+01
  0.2624E+00  0.7972E+01  0.2358E+01  0.8615E+01  0.8615E+01
  0.2633E+00  0.5118E+01  0.2424E+01  0.8594E+01  0.8594E+01
  0.2643E+00  0.4817E+01  0.2319E+01  0.8573E+01  0.8573E+01
  0.2652E+00  0.4563E+01  0.2322E+01  0.8550E+01  0.8550E+01
  0.2661E+00  0.9090E+01  0.2305E+01  0.8527E+01  0.8527E+01
  0.2670E+00  0.1528E+02  0.2312E+01  0.8504E+01  0.8504E+01
  0.2680E+00  0.9216E+01  0.2371E+01  0.8479E+01  0.8479E+01
  0.2689E+00  0.6371E+01  0.2277E+01  0.8454E+01  0.8454E+01
  0.2698E+00  0.8775E+01  0.2363E+01  0.8428E+01  0.8428E+01
  0.2708E+00  0.6991E+01  0.2412E+01  0.8402E+01  0.8402E+01
  0.2717E+00  0.1068E+02  0.2444E+01  0.8375E+01  0.8375E+01
  0.2726E+00  0.8796E+01  0.2422E+01  0.8348E+01  0.8348E+01
  0.2735E+00  0.9531E+01  0.2331E+01  0.8320E+01  0.8320E+01
  0.2745E+00  0.7330E+01  0.2313E+01  0.8293E+01  0.8293E+01
  0.2754E+00  0.4795E+01  0.2384E+01  0.8264E+01  0.8264E+01
  0.2763E+00  0.4069E+01  0.2325E+01  0.8236E+01  0.8236E+01
  0.2773E+00  0.1362E+02  0.2474E+01  0.8208E+01  0.8208E+01
  0.2782E+00  0.1245E+02  0.2484E+01  0.8180E+01  0.8180E+01
  0.2791E+00  0.9263E+01  0.2439E+01  0.8151E+01  0.8151E+01
  0.2801E+00  0.9395E+01  0.2340E+01  0.8123E+01  0.8123E+01
  0.2810E+00  0.1113E+02  0.2433E+01  0.8095E+01  0.8095E+01
  0.2819E+00  0.8372E+01  0.2484E+01  0.8067E+01  0.8067E+01
  0.2828E+00  0.9135E+01  0.2525E+01  0.8040E+01  0.8040E+01
  0.2838E+00  0.9857E+01  0.2457E+01  0.8013E+01  0.8013E+01
  0.2847E+00  0.1189E+02  0.2424E+01  0.7986E+01  0.7986E+01
  0.2856E+00  0.8652E+01  0.2526E+01  0.7960E+01  0.7960E+01
  0.2866E+00  0.1405E+02  0.2558E+01  0.7934E+01  0.7934E+01
  0.2875E+00  0.1572E+02  0.2547E+01  0.7909E+01  0.7909E+01
  0.2884E+00  0.1293E+02  0.2579E+01  0.7884E+01  0.7884E+01
  0.2893E+00  0.1000E+02  0.2559E+01  0.7860E+01  0.7860E+01
  0.2903E+00  0.1490E+01  0.2562E+01  0.7836E+01  0.7836E+01
  0.2912E+00 -0.2450E+00  0.2510E+01  0.7812E+01  0.7812E+01
  0.2921E+00  0.5931E+01  0.2651E+01  0.7790E+01  0.7790E+01
  0.2931E+00  0.1162E+02  0.2712E+01  0.7767E+01  0.7767E+01
  0.2940E+00  0.1316E+02  0.2682E+01  0.7745E+01  0.7745E+01
  0.2949E+00  0.1390E+02  0.2661E+01  0.7723E+01  0.7723E+01
  0.2958E+00  0.1228E+02  0.2772E+01  0.7701E+01  0.7701E+01
  0.2968E+00  0.1216E+02  0.2693E+01  0.7680E+01  0.7680E+01
  0.2977E+00  0.1523E+02  0.2774E+01  0.7659E+01  0.7659E+01
  0.2986E+00  0.1238E+02  0.2764E+01  0.7638E+01  0.7638E+01
  0.2996E+00  0.1167E+02  0.2738E+01  0.7617E+01  0.7617E+01
  0.3005E+00  0.1439E+02  0.2783E+01  0.7596E+01  0.7596E+01
  0.3014E+00  0.1535E+02  0.2767E+01  0.7575E+01  0.7575E+01
  0.3024E+00  0.1044E+02  0.2800E+01  0.7554E+01  0.7554E+01
  0.3033E+00 -0.8600E-01  0.2731E+01  0.7532E+01  0.7532E+01
  0.3042E+00  0.9002E+01  0.2819E+01  0.7510E+01  0.7510E+01
  0.3051E+00  0.6734E+01  0.2711E+01  0.7488E+01  0.7488E+01
  0.3061E+00  0.3798E+01  0.2741E+01  0.7466E+01  0.7466E+01
  0.3070E+00  0.5494E+01  0.2794E+01  0.7443E+01  0.7443E+01
  0.3079E+00  0.5041E+01  0.2804E+01  0.7419E+01  0.7419E+01
  0.3089E+00  0.1828E+02  0.2866E+01  0.7395E+01  0.7395E+01
  0.3098E+00  0.1633E+02  0.2878E+01  0.7371E+01  0.7371E+01
  0.3107E+00  0.7765E+01  0.2912E+01  0.7345E+01  0.7345E+01
  0.3116E+00  0.7160E+01  0.3013E+01  0.7319E+01  0.7319E+01
  0.3126E+00  0.5243E+01  0.2825E+01  0.7292E+01  0.7292E+01
  0.3135E+00  0.7729E+01  0.2995E+01  0.7265E+01  0.7265E+01
  0.3144E+00  0.1260E+02  0.3070E+01  0.7236E+01  0.7236E+01
  0.3154E+00  0.1018E+02  0.3060E+01  0.7207E+01  0.7207E+01
  0.3163E+00  0.8665E+01  0.3059E+01  0.7177E+01  0.7177E+01
  0.3172E+00  0.9437E+01  0.3097E+01  0.7147E+01  0.7147E+01
  0.3182E+00  0.5259E+01  0.2885E+01  0.7115E+01  0.7115E+01
  0.3191E+00  0.8338E+01  0.2872E+01  0.7083E+01  0.7083E+01
  0.3200E+00  0.9104E+01  0.2846E+01  0.7050E+01  0.7050E+01
  0.3209E+00  0.1123E+02  0.3087E+01  0.7017E+01  0.7017E+01
  0.3219E+00  0.1114E+02  0.3145E+01  0.6982E+01  0.6982E+01
  0.3228E+00  0.1584E+02  0.3079E+01  0.6947E+01  0.6947E+01
  0.3237E+00  0.8418E+01  0.3077E+01  0.6912E+01  0.6912E+01
  0.3247E+00  0.4089E+01  0.3111E+01  0.6876E+01  0.6876E+01
  0.3256E+00  0.9349E+01  0.3206E+01  0.6840E+01  0.6840E+01
  0.3265E+00  0.1065E+02  0.3312E+01  0.6803E+01  0.6803E+01
  0.3274E+00  0.8963E+01  0.3316E+01  0.6766E+01  0.6766E+01
  0.3284E+00  0.1251E+02  0.3103E+01  0.6728E+01  0.6728E+01
  0.3293E+00  0.6585E+01  0.3115E+01  0.6691E+01  0.6691E+01
  0.3302E+00  0.1458E+02  0.3385E+01  0.6653E+01  0.6653E+01
  0.3312E+00  0.8340E+01  0.3455E+01  0.6615E+01  0.6615E+01
  0.3321E+00  0.8869E+01  0.3270E+01  0.6577E+01  0.6577E+01
  0.3330E+00  0.3599E+01  0.3251E+01  0.6539E+01  0.6539E+01
  0.3340E+00  0.1403E+02  0.3281E+01  0.6502E+01  0.6502E+01
  0.3349E+00  0.1292E+02  0.3406E+01  0.6464E+01  0.6464E+01
  0.3358E+00  0.1025E+02  0.3147E+01  0.6427E+01  0.6427E+01
  0.3367E+00  0.1041E+02  0.3088E+01  0.6390E+01  0.6390E+01
  0.3377E+00  0.1196E+02  0.3108E+01  0.6353E+01  0.6353E+01
  0.3386E+00  0.3985E+01  0.3132E+01  0.6317E+01  0.6317E+01
  0.3395E+00  0.5161E+01  0.3159E+01  0.6281E+01  0.6281E+01
  0.3405E+00  0.7139E+01  0.3480E+01  0.6246E+01  0.6246E+01
  0.3414E+00  0.8909E+01  0.3145E+01  0.6211E+01  0.6211E+01
  0.3423E+00  0.1363E+02  0.3399E+01  0.6177E+01  0.6177E+01
  0.3432E+00  0.2110E+02  0.3386E+01  0.6143E+01  0.6143E+01
  0.3442E+00  0.1460E+02  0.3309E+01  0.6110E+01  0.6110E+01
  0.3451E+00  0.1829E+02  0.3362E+01  0.6078E+01  0.6078E+01
  0.3460E+00 -0.9070E+00  0.3391E+01  0.6046E+01  0.6046E+01
  0.3470E+00 -0.5950E+00  0.3412E+01  0.6015E+01  0.6015E+01
  0.3479E+00  0.2341E+01  0.3392E+01  0.5984E+01  0.5984E+01
  0.3488E+00  0.7426E+01  0.3543E+01  0.5954E+01  0.5954E+01
  0.3497E+00  0.5463E+01  0.3420E+01  0.5924E+01  0.5924E+01
  0.3507E+00  0.1138E+02  0.3349E+01  0.5895E+01  0.5895E+01
  0.3516E+00  0.6726E+01  0.3330E+01  0.5866E+01  0.5866E+01
  0.3525E+00  0.3050E+01  0.3384E+01  0.5838E+01  0.5838E+01
  0.3535E+00  0.2467E+01  0.3584E+01  0.5811E+01  0.5811E+01
  0.3544E+00  0.7030E+01  0.3475E+01  0.5784E+01  0.5784E+01
  0.3553E+00  0.1226E+02  0.3408E+01  0.5757E+01  0.5757E+01
  0.3563E+00  0.7759E+01  0.3541E+01  0.5730E+01  0.5730E+01
  0.3572E+00  0.1756E+01  0.3553E+01  0.5704E+01  0.5704E+01
  0.3581E+00  0.2053E+01  0.3661E+01  0.5678E+01  0.5678E+01
  0.3590E+00  0.1154E+02  0.3589E+01  0.5653E+01  0.5653E+01
  0.3600E+00  0.8232E+01  0.3711E+01  0.5627E+01  0.5627E+01
  0.3609E+00  0.7380E+00  0.3745E+01  0.5602E+01  0.5602E+01
  0.3618E+00  0.2163E+01  0.3640E+01  0.5577E+01  0.5577E+01
  0.3628E+00  0.3504E+01  0.3782E+01  0.5551E+01  0.5551E+01
  0.3637E+00  0.9867E+01  0.3611E+01  0.5526E+01  0.5526E+01

           Distance distribution  function of particle  


       R          P(R)      ERROR

  0.0000E+00  0.0000E+00  0.0000E+00
  0.1131E+01  0.6542E-01  0.1182E-02
  0.2262E+01  0.1289E+00  0.1851E-02
  0.3393E+01  0.1911E+00  0.2088E-02
  0.4524E+01  0.2531E+00  0.2025E-02
  0.5655E+01  0.3162E+00  0.1864E-02
  0.6786E+01  0.3817E+00  0.1856E-02
  0.7917E+01  0.4512E+00  0.2134E-02
  0.9048E+01  0.5257E+00  0.2593E-02
  0.1018E+02  0.6063E+00  0.3063E-02
  0.1131E+02  0.6932E+00  0.3438E-02
  0.1244E+02  0.7866E+00  0.3678E-02
  0.1357E+02  0.8858E+00  0.3795E-02
  0.1470E+02  0.9898E+00  0.3838E-02
  0.1583E+02  0.1097E+01  0.3876E-02
  0.1696E+02  0.1206E+01  0.3972E-02
  0.1810E+02  0.1314E+01  0.4151E-02
  0.1923E+02  0.1420E+01  0.4400E-02
  0.2036E+02  0.1521E+01  0.4677E-02
  0.2149E+02  0.1616E+01  0.4938E-02
  0.2262E+02  0.1703E+01  0.5153E-02
  0.2375E+02  0.1780E+01  0.5309E-02
  0.2488E+02  0.1849E+01  0.5405E-02
  0.2601E+02  0.1907E+01  0.5450E-02
  0.2714E+02  0.1955E+01  0.5456E-02
  0.2827E+02  0.1993E+01  0.5435E-02
  0.2941E+02  0.2021E+01  0.5398E-02
  0.3054E+02  0.2041E+01  0.5357E-02
  0.3167E+02  0.2053E+01  0.5326E-02
  0.3280E+02  0.2057E+01  0.5317E-02
  0.3393E+02  0.2054E+01  0.5341E-02
  0.3506E+02  0.2044E+01  0.5399E-02
  0.3619E+02  0.2028E+01  0.5481E-02
  0.3732E+02  0.2005E+01  0.5572E-02
  0.3845E+02  0.1976E+01  0.5652E-02
  0.3959E+02  0.1941E+01  0.5710E-02
  0.4072E+02  0.1899E+01  0.5740E-02
  0.4185E+02  0.1852E+01  0.5751E-02
  0.4298E+02  0.1799E+01  0.5759E-02
  0.4411E+02  0.1740E+01  0.5785E-02
  0.4524E+02  0.1677E+01  0.5847E-02
  0.4637E+02  0.1611E+01  0.5958E-02
  0.4750E+02  0.1541E+01  0.6118E-02
  0.4863E+02  0.1470E+01  0.6321E-02
  0.4976E+02  0.1398E+01  0.6555E-02
  0.5090E+02  0.1327E+01  0.6807E-02
  0.5203E+02  0.1257E+01  0.7065E-02
  0.5316E+02  0.1190E+01  0.7318E-02
  0.5429E+02  0.1125E+01  0.7555E-02
  0.5542E+02  0.1065E+01  0.7765E-02
  0.5655E+02  0.1008E+01  0.7939E-02
  0.5768E+02  0.9552E+00  0.8069E-02
  0.5881E+02  0.9069E+00  0.8150E-02
  0.5994E+02  0.8627E+00  0.8183E-02
  0.6107E+02  0.8222E+00  0.8173E-02
  0.6220E+02  0.7853E+00  0.8134E-02
  0.6334E+02  0.7515E+00  0.8079E-02
  0.6447E+02  0.7203E+00  0.8028E-02
  0.6560E+02  0.6914E+00  0.7995E-02
  0.6673E+02  0.6644E+00  0.7993E-02
  0.6786E+02  0.6389E+00  0.8025E-02
  0.6899E+02  0.6147E+00  0.8089E-02
  0.7012E+02  0.5915E+00  0.8179E-02
  0.7125E+02  0.5691E+00  0.8283E-02
  0.7238E+02  0.5473E+00  0.8391E-02
  0.7352E+02  0.5261E+00  0.8492E-02
  0.7465E+02  0.5054E+00  0.8578E-02
  0.7578E+02  0.4852E+00  0.8642E-02
  0.7691E+02  0.4655E+00  0.8679E-02
  0.7804E+02  0.4462E+00  0.8685E-02
  0.7917E+02  0.4275E+00  0.8657E-02
  0.8030E+02  0.4093E+00  0.8594E-02
  0.8143E+02  0.3917E+00  0.8496E-02
  0.8256E+02  0.3748E+00  0.8369E-02
  0.8369E+02  0.3585E+00  0.8222E-02
  0.8483E+02  0.3429E+00  0.8069E-02
  0.8596E+02  0.3281E+00  0.7926E-02
  0.8709E+02  0.3139E+00  0.7813E-02
  0.8822E+02  0.3004E+00  0.7750E-02
  0.8935E+02  0.2874E+00  0.7748E-02
  0.9048E+02  0.2749E+00  0.7814E-02
  0.9161E+02  0.2627E+00  0.7946E-02
  0.9274E+02  0.2508E+00  0.8133E-02
  0.9387E+02  0.2391E+00  0.8357E-02
  0.9500E+02  0.2274E+00  0.8596E-02
  0.9614E+02  0.2156E+00  0.8824E-02
  0.9727E+02  0.2038E+00  0.9017E-02
  0.9840E+02  0.1917E+00  0.9149E-02
  0.9953E+02  0.1794E+00  0.9198E-02
  0.1007E+03  0.1669E+00  0.9142E-02
  0.1018E+03  0.1540E+00  0.8965E-02
  0.1029E+03  0.1409E+00  0.8655E-02
  0.1041E+03  0.1275E+00  0.8205E-02
  0.1052E+03  0.1136E+00  0.7612E-02
  0.1063E+03  0.9939E-01  0.6880E-02
  0.1074E+03  0.8464E-01  0.6015E-02
  0.1086E+03  0.6930E-01  0.5026E-02
  0.1097E+03  0.5328E-01  0.3923E-02
  0.1108E+03  0.3645E-01  0.2713E-02
  0.1120E+03  0.1873E-01  0.1405E-02
  0.1131E+03  0.0000E+00  0.0000E+00
          Reciprocal space: Rg =   33.55     , I(0) =   0.1237E+04
     Real space: Rg =   33.60 +- 0.122  I(0) =   0.1237E+04 +-  0.3900E+01
