
           ####    G N O M   ---   Version 4.5a revised 09/02/02     ####

                                                  Sun Nov  5 12:16:56 2017
           ===    Run No   1   ===
 Run title:  0.000330941 0 0


  Number of points omitted at the end:         241
   *******   Working Directory :
   *******    Input file(s) : 24697_02F_S106_0_03.sub
           Condition P(rmin) = 0 is used. 
           Condition P(rmax) = 0 is used. 

          Experimental conditions for the first run
          -----------------------------------------

          Highest ALPHA is found to be   0.1002E+04

  The measure of inconsistency AN1 equals to    0.1101E+01

          Warning: using the chosen range in the real space 
             it is not possible to fit the data set within the
             given error band. 
     Alpha    Discrp  Oscill  Stabil  Sysdev  Positv  Valcen    Total   
  0.1002E+07 81.6579  1.2527  0.9654  0.0000  1.0000  0.8386  0.00001
  0.2004E+06 74.5785  1.2434  0.8797  0.0000  1.0000  0.8408  0.00001
  0.4009E+05 53.5147  1.2103  0.6272  0.1118  1.0000  0.8493  0.00001
  0.8017E+04 26.0142  1.1713  0.2974  0.1118  1.0000  0.8658  0.00001
  0.1603E+04  9.5075  1.2202  0.0952  0.2733  1.0000  0.8747  0.00001
  0.3207E+03  2.9791  1.3098  0.0342  0.4472  1.0000  0.8759  0.00001
  0.6414E+02  1.0988  1.3613  0.0124  0.6832  1.0000  0.8763  0.58499
  0.1283E+02  0.7326  1.3879  0.0080  0.7764  1.0000  0.8761  0.64449
  0.2565E+01  0.6501  1.4138  0.0067  0.8261  1.0000  0.8758  0.75047
  0.5131E+00  0.6353  1.4342  0.0056  0.8137  1.0000  0.8757  0.78131
  0.1026E+00  0.6306  1.4773  0.0195  0.8012  1.0000  0.8760  0.56261
  0.2052E-01  0.6220  1.8147  0.0468  0.8012  0.9999  0.8768  0.10000
  0.4105E-02  0.6151  2.6603  0.0743  0.7888  0.9996  0.8769  0.10000
  0.8209E-03  0.6093  4.8519  0.1941  0.7888  0.9970  0.8709  0.10000
  0.1642E-03  0.6020  9.1220  0.2203  0.8012  0.9762  0.7790  0.10000
  0.3284E-04  0.5995 11.1483  0.1177  0.8012  0.9553  0.6256  0.10000
  0.6568E-05  0.5992 11.6498  0.2313  0.8137  0.9502  0.4854  0.10000
  0.1314E-05  0.5989 13.3793  0.5252  0.8199  0.9067  0.4547  0.10000
  0.2627E-06  0.5981 16.8245  0.8384  0.8199  0.7698  0.3292  0.10000
  0.5254E-07  0.5953 18.2523  0.7596  0.8075  0.6933  0.3040  0.10000
  0.1051E-07  0.5890 20.8258  0.6872  0.8199  0.6444  0.3729  0.10000
  0.2102E-08  0.5704 25.5975  0.7796  0.8323  0.6185  0.4325  0.10000
  0.4203E-09  0.5165 29.8226  0.6427  0.8199  0.6398  0.4412  0.10000
  0.8407E-10  0.4222 34.2029  0.5436  0.7578  0.6814  0.3987  0.10000
  0.1681E-10  0.2964 37.8787  0.4943  0.7826  0.7206  0.2625  0.10000
  0.3363E-11  0.1487 41.1323  0.2993  0.7950  0.7330  0.2150  0.10000
  0.6725E-12  0.0481 43.7354  0.1163  0.8571  0.7384  0.2075  0.10000
  0.1345E-12  0.0113 44.8152  0.0307  0.8323  0.7402  0.2103  0.10000
  0.2690E-13  0.0023 45.0852  0.0066  0.8323  0.7406  0.2111  0.10000
  0.5380E-14  0.0005 45.1420  0.0013  0.8323  0.7406  0.2113  0.10000
  0.1076E-14  0.0001 45.1535  0.0003  0.8323  0.7407  0.2113  0.10000

          ***  Golden section search to maximize estimate ***
     Alpha    Discrp  Oscill  Stabil  Sysdev  Positv  Valcen    Total   
  0.9488E+00  0.6380  1.4274  0.0050  0.8012  1.0000  0.8757  0.74202
  0.4057E+00  0.6346  1.4369  0.0064  0.8137  1.0000  0.8757  0.78685
  0.3509E+00  0.6342  1.4387  0.0071  0.8137  1.0000  0.8757  0.77152
  0.4438E+00  0.6349  1.4358  0.0060  0.8137  1.0000  0.8757  0.78444
  0.3838E+00  0.6345  1.4376  0.0066  0.8137  1.0000  0.8757  0.78251
  0.4199E+00  0.6347  1.4365  0.0063  0.8137  1.0000  0.8757  0.78588
  0.3972E+00  0.6346  1.4371  0.0065  0.8137  1.0000  0.8757  0.78648
  0.4111E+00  0.6347  1.4367  0.0063  0.8137  1.0000  0.8757  0.78647
  0.4024E+00  0.6346  1.4370  0.0064  0.8137  1.0000  0.8757  0.78708
  0.4004E+00  0.6346  1.4370  0.0065  0.8137  1.0000  0.8757  0.78723
  0.3992E+00  0.6346  1.4371  0.0065  0.8137  1.0000  0.8757  0.78705
  0.4012E+00  0.6346  1.4370  0.0064  0.8137  1.0000  0.8757  0.78717
  0.4000E+00  0.6346  1.4371  0.0065  0.8137  1.0000  0.8757  0.78726
  0.3997E+00  0.6346  1.4371  0.0065  0.8137  1.0000  0.8757  0.78718
  0.4000E+00  0.6346  1.4371  0.0065  0.8137  1.0000  0.8757  0.78726



             ####            Final results            ####

 Parameter    DISCRP    OSCILL    STABIL    SYSDEV    POSITV    VALCEN
 Weight        1.000     3.000     3.000     4.000     1.000     1.000
 Sigma         0.500     0.600     0.120     0.200     0.120     0.120
 Ideal         1.000     1.100     0.000     1.000     1.000     0.950
 Current       0.635     1.437     0.006     0.814     1.000     0.876
                - - - - - - - - - - - - - - - - - - - - - - - - - 
 Estimate      0.586     0.729     0.997     0.420     1.000     0.681

  Angular   range    :     from    0.0078   to    0.3070
  Real space range   :     from      0.00   to    122.40

  Highest ALPHA (theor) :   0.100E+07                 JOB = 0
  Current ALPHA         :   0.400E+00   Rg :  0.374E+02   I(0) :   0.419E+04

           Total  estimate : 0.787  which is    A GOOD      solution

      S          J EXP       ERROR       J REG       I REG

  0.0000E+00                                      0.4191E+04
  0.9707E-03                                      0.4189E+04
  0.1941E-02                                      0.4183E+04
  0.2912E-02                                      0.4174E+04
  0.3883E-02                                      0.4161E+04
  0.4853E-02                                      0.4145E+04
  0.5824E-02                                      0.4125E+04
  0.6795E-02                                      0.4101E+04
  0.7765E-02  0.4375E+04  0.9767E+02  0.4074E+04  0.4074E+04
  0.8695E-02  0.4131E+04  0.1058E+03  0.4046E+04  0.4046E+04
  0.9624E-02  0.4076E+04  0.9137E+02  0.4014E+04  0.4014E+04
  0.1055E-01  0.4088E+04  0.6406E+02  0.3979E+04  0.3979E+04
  0.1148E-01  0.4025E+04  0.5950E+02  0.3941E+04  0.3941E+04
  0.1241E-01  0.3956E+04  0.4618E+02  0.3901E+04  0.3901E+04
  0.1334E-01  0.3875E+04  0.3719E+02  0.3858E+04  0.3858E+04
  0.1427E-01  0.3785E+04  0.3229E+02  0.3812E+04  0.3812E+04
  0.1520E-01  0.3763E+04  0.2845E+02  0.3764E+04  0.3764E+04
  0.1613E-01  0.3708E+04  0.1988E+02  0.3714E+04  0.3714E+04
  0.1706E-01  0.3639E+04  0.2203E+02  0.3662E+04  0.3662E+04
  0.1799E-01  0.3625E+04  0.1850E+02  0.3608E+04  0.3608E+04
  0.1892E-01  0.3542E+04  0.2060E+02  0.3551E+04  0.3551E+04
  0.1985E-01  0.3483E+04  0.2252E+02  0.3493E+04  0.3493E+04
  0.2078E-01  0.3425E+04  0.1673E+02  0.3434E+04  0.3434E+04
  0.2170E-01  0.3384E+04  0.1923E+02  0.3373E+04  0.3373E+04
  0.2263E-01  0.3347E+04  0.1789E+02  0.3310E+04  0.3310E+04
  0.2356E-01  0.3252E+04  0.1685E+02  0.3247E+04  0.3247E+04
  0.2449E-01  0.3188E+04  0.1506E+02  0.3182E+04  0.3182E+04
  0.2542E-01  0.3094E+04  0.1518E+02  0.3117E+04  0.3117E+04
  0.2635E-01  0.3001E+04  0.1668E+02  0.3050E+04  0.3050E+04
  0.2728E-01  0.2977E+04  0.1545E+02  0.2983E+04  0.2983E+04
  0.2821E-01  0.2920E+04  0.1480E+02  0.2916E+04  0.2916E+04
  0.2914E-01  0.2858E+04  0.1496E+02  0.2848E+04  0.2848E+04
  0.3007E-01  0.2772E+04  0.1409E+02  0.2780E+04  0.2780E+04
  0.3100E-01  0.2694E+04  0.1375E+02  0.2711E+04  0.2711E+04
  0.3193E-01  0.2622E+04  0.1226E+02  0.2643E+04  0.2643E+04
  0.3286E-01  0.2578E+04  0.1301E+02  0.2575E+04  0.2575E+04
  0.3379E-01  0.2500E+04  0.1220E+02  0.2507E+04  0.2507E+04
  0.3472E-01  0.2473E+04  0.1216E+02  0.2440E+04  0.2440E+04
  0.3564E-01  0.2387E+04  0.1212E+02  0.2373E+04  0.2373E+04
  0.3657E-01  0.2302E+04  0.1232E+02  0.2306E+04  0.2306E+04
  0.3750E-01  0.2233E+04  0.1342E+02  0.2241E+04  0.2241E+04
  0.3843E-01  0.2190E+04  0.1100E+02  0.2176E+04  0.2176E+04
  0.3936E-01  0.2097E+04  0.1127E+02  0.2112E+04  0.2112E+04
  0.4029E-01  0.2062E+04  0.1059E+02  0.2048E+04  0.2048E+04
  0.4122E-01  0.1991E+04  0.1112E+02  0.1986E+04  0.1986E+04
  0.4215E-01  0.1917E+04  0.9115E+01  0.1925E+04  0.1925E+04
  0.4308E-01  0.1858E+04  0.9558E+01  0.1865E+04  0.1865E+04
  0.4401E-01  0.1805E+04  0.9518E+01  0.1806E+04  0.1806E+04
  0.4494E-01  0.1752E+04  0.8711E+01  0.1749E+04  0.1749E+04
  0.4587E-01  0.1688E+04  0.9078E+01  0.1692E+04  0.1692E+04
  0.4680E-01  0.1640E+04  0.9090E+01  0.1637E+04  0.1637E+04
  0.4773E-01  0.1571E+04  0.8951E+01  0.1584E+04  0.1584E+04
  0.4865E-01  0.1525E+04  0.8589E+01  0.1532E+04  0.1532E+04
  0.4958E-01  0.1500E+04  0.8163E+01  0.1481E+04  0.1481E+04
  0.5051E-01  0.1450E+04  0.8360E+01  0.1431E+04  0.1431E+04
  0.5144E-01  0.1406E+04  0.7571E+01  0.1383E+04  0.1383E+04
  0.5237E-01  0.1348E+04  0.8387E+01  0.1337E+04  0.1337E+04
  0.5330E-01  0.1298E+04  0.7599E+01  0.1291E+04  0.1291E+04
  0.5423E-01  0.1249E+04  0.7545E+01  0.1248E+04  0.1248E+04
  0.5516E-01  0.1202E+04  0.7471E+01  0.1205E+04  0.1205E+04
  0.5609E-01  0.1158E+04  0.7439E+01  0.1164E+04  0.1164E+04
  0.5702E-01  0.1117E+04  0.7193E+01  0.1125E+04  0.1125E+04
  0.5795E-01  0.1080E+04  0.6855E+01  0.1087E+04  0.1087E+04
  0.5888E-01  0.1055E+04  0.7140E+01  0.1050E+04  0.1050E+04
  0.5981E-01  0.1009E+04  0.6783E+01  0.1014E+04  0.1014E+04
  0.6074E-01  0.9544E+03  0.6535E+01  0.9798E+03  0.9798E+03
  0.6166E-01  0.9249E+03  0.6710E+01  0.9468E+03  0.9468E+03
  0.6259E-01  0.9022E+03  0.6635E+01  0.9150E+03  0.9150E+03
  0.6352E-01  0.8861E+03  0.6033E+01  0.8843E+03  0.8843E+03
  0.6445E-01  0.8570E+03  0.6215E+01  0.8549E+03  0.8549E+03
  0.6538E-01  0.8296E+03  0.6215E+01  0.8265E+03  0.8265E+03
  0.6631E-01  0.7926E+03  0.6029E+01  0.7992E+03  0.7992E+03
  0.6724E-01  0.7708E+03  0.5706E+01  0.7729E+03  0.7729E+03
  0.6817E-01  0.7491E+03  0.5627E+01  0.7476E+03  0.7476E+03
  0.6910E-01  0.7263E+03  0.5705E+01  0.7233E+03  0.7233E+03
  0.7003E-01  0.6992E+03  0.5975E+01  0.6999E+03  0.6999E+03
  0.7096E-01  0.6912E+03  0.5518E+01  0.6773E+03  0.6773E+03
  0.7189E-01  0.6641E+03  0.5641E+01  0.6556E+03  0.6556E+03
  0.7282E-01  0.6372E+03  0.5344E+01  0.6347E+03  0.6347E+03
  0.7375E-01  0.6249E+03  0.5448E+01  0.6145E+03  0.6145E+03
  0.7468E-01  0.5986E+03  0.4990E+01  0.5951E+03  0.5951E+03
  0.7560E-01  0.5850E+03  0.5280E+01  0.5763E+03  0.5763E+03
  0.7653E-01  0.5621E+03  0.5534E+01  0.5582E+03  0.5582E+03
  0.7746E-01  0.5397E+03  0.5300E+01  0.5408E+03  0.5408E+03
  0.7839E-01  0.5308E+03  0.5161E+01  0.5239E+03  0.5239E+03
  0.7932E-01  0.5140E+03  0.4979E+01  0.5075E+03  0.5075E+03
  0.8025E-01  0.4948E+03  0.4839E+01  0.4917E+03  0.4917E+03
  0.8118E-01  0.4819E+03  0.4811E+01  0.4764E+03  0.4764E+03
  0.8211E-01  0.4464E+03  0.4726E+01  0.4615E+03  0.4615E+03
  0.8304E-01  0.4374E+03  0.4694E+01  0.4471E+03  0.4471E+03
  0.8397E-01  0.4245E+03  0.4894E+01  0.4332E+03  0.4332E+03
  0.8490E-01  0.4179E+03  0.4652E+01  0.4196E+03  0.4196E+03
  0.8583E-01  0.4050E+03  0.4847E+01  0.4064E+03  0.4064E+03
  0.8676E-01  0.3935E+03  0.4422E+01  0.3936E+03  0.3936E+03
  0.8769E-01  0.3797E+03  0.4458E+01  0.3812E+03  0.3812E+03
  0.8861E-01  0.3614E+03  0.4491E+01  0.3691E+03  0.3691E+03
  0.8954E-01  0.3483E+03  0.4343E+01  0.3573E+03  0.3573E+03
  0.9047E-01  0.3476E+03  0.4399E+01  0.3458E+03  0.3458E+03
  0.9140E-01  0.3339E+03  0.4486E+01  0.3346E+03  0.3346E+03
  0.9233E-01  0.3210E+03  0.4206E+01  0.3237E+03  0.3237E+03
  0.9326E-01  0.3122E+03  0.4143E+01  0.3131E+03  0.3131E+03
  0.9419E-01  0.2984E+03  0.3972E+01  0.3027E+03  0.3027E+03
  0.9512E-01  0.3034E+03  0.3950E+01  0.2926E+03  0.2926E+03
  0.9605E-01  0.2884E+03  0.3906E+01  0.2828E+03  0.2828E+03
  0.9698E-01  0.2763E+03  0.4060E+01  0.2733E+03  0.2733E+03
  0.9791E-01  0.2657E+03  0.4142E+01  0.2639E+03  0.2639E+03
  0.9884E-01  0.2600E+03  0.4199E+01  0.2549E+03  0.2549E+03
  0.9977E-01  0.2429E+03  0.4145E+01  0.2460E+03  0.2460E+03
  0.1007E+00  0.2387E+03  0.3871E+01  0.2374E+03  0.2374E+03
  0.1016E+00  0.2302E+03  0.3773E+01  0.2291E+03  0.2291E+03
  0.1026E+00  0.2242E+03  0.3709E+01  0.2210E+03  0.2210E+03
  0.1035E+00  0.2098E+03  0.3783E+01  0.2131E+03  0.2131E+03
  0.1044E+00  0.2041E+03  0.4000E+01  0.2054E+03  0.2054E+03
  0.1053E+00  0.1998E+03  0.3592E+01  0.1979E+03  0.1979E+03
  0.1063E+00  0.1888E+03  0.3384E+01  0.1907E+03  0.1907E+03
  0.1072E+00  0.1778E+03  0.3620E+01  0.1837E+03  0.1837E+03
  0.1081E+00  0.1717E+03  0.3773E+01  0.1770E+03  0.1770E+03
  0.1091E+00  0.1642E+03  0.3697E+01  0.1704E+03  0.1704E+03
  0.1100E+00  0.1638E+03  0.3581E+01  0.1641E+03  0.1641E+03
  0.1109E+00  0.1671E+03  0.3648E+01  0.1579E+03  0.1579E+03
  0.1118E+00  0.1588E+03  0.3533E+01  0.1520E+03  0.1520E+03
  0.1128E+00  0.1497E+03  0.3533E+01  0.1463E+03  0.1463E+03
  0.1137E+00  0.1426E+03  0.3642E+01  0.1408E+03  0.1408E+03
  0.1146E+00  0.1375E+03  0.3465E+01  0.1355E+03  0.1355E+03
  0.1156E+00  0.1324E+03  0.3510E+01  0.1304E+03  0.1304E+03
  0.1165E+00  0.1260E+03  0.3511E+01  0.1254E+03  0.1254E+03
  0.1174E+00  0.1235E+03  0.3411E+01  0.1207E+03  0.1207E+03
  0.1184E+00  0.1152E+03  0.3282E+01  0.1162E+03  0.1162E+03
  0.1193E+00  0.1072E+03  0.3246E+01  0.1118E+03  0.1118E+03
  0.1202E+00  0.1004E+03  0.3266E+01  0.1076E+03  0.1076E+03
  0.1211E+00  0.1018E+03  0.3168E+01  0.1036E+03  0.1036E+03
  0.1221E+00  0.9819E+02  0.3281E+01  0.9979E+02  0.9979E+02
  0.1230E+00  0.9153E+02  0.3286E+01  0.9612E+02  0.9612E+02
  0.1239E+00  0.9635E+02  0.3311E+01  0.9261E+02  0.9261E+02
  0.1249E+00  0.9589E+02  0.3319E+01  0.8926E+02  0.8926E+02
  0.1258E+00  0.8731E+02  0.3217E+01  0.8605E+02  0.8605E+02
  0.1267E+00  0.8597E+02  0.3263E+01  0.8299E+02  0.8299E+02
  0.1276E+00  0.7383E+02  0.3186E+01  0.8008E+02  0.8008E+02
  0.1286E+00  0.7398E+02  0.3187E+01  0.7729E+02  0.7729E+02
  0.1295E+00  0.7013E+02  0.3189E+01  0.7465E+02  0.7465E+02
  0.1304E+00  0.6516E+02  0.3127E+01  0.7213E+02  0.7213E+02
  0.1314E+00  0.6602E+02  0.3257E+01  0.6972E+02  0.6972E+02
  0.1323E+00  0.6905E+02  0.3158E+01  0.6745E+02  0.6745E+02
  0.1332E+00  0.6949E+02  0.3099E+01  0.6528E+02  0.6528E+02
  0.1342E+00  0.6794E+02  0.3062E+01  0.6322E+02  0.6322E+02
  0.1351E+00  0.7057E+02  0.4695E+01  0.6127E+02  0.6127E+02
  0.1360E+00  0.6717E+02  0.3179E+01  0.5943E+02  0.5943E+02
  0.1369E+00  0.6105E+02  0.3054E+01  0.5768E+02  0.5768E+02
  0.1379E+00  0.6310E+02  0.3130E+01  0.5602E+02  0.5602E+02
  0.1388E+00  0.5431E+02  0.2926E+01  0.5446E+02  0.5446E+02
  0.1397E+00  0.5329E+02  0.2998E+01  0.5299E+02  0.5299E+02
  0.1407E+00  0.4643E+02  0.3034E+01  0.5160E+02  0.5160E+02
  0.1416E+00  0.4537E+02  0.3125E+01  0.5029E+02  0.5029E+02
  0.1425E+00  0.4384E+02  0.2993E+01  0.4906E+02  0.4906E+02
  0.1434E+00  0.5141E+02  0.2886E+01  0.4792E+02  0.4792E+02
  0.1444E+00  0.4967E+02  0.2864E+01  0.4684E+02  0.4684E+02
  0.1453E+00  0.4797E+02  0.2879E+01  0.4584E+02  0.4584E+02
  0.1462E+00  0.3614E+02  0.3372E+01  0.4491E+02  0.4491E+02
  0.1472E+00  0.4131E+02  0.3049E+01  0.4405E+02  0.4405E+02
  0.1481E+00  0.4071E+02  0.3078E+01  0.4325E+02  0.4325E+02
  0.1490E+00  0.4924E+02  0.3005E+01  0.4251E+02  0.4251E+02
  0.1499E+00  0.4312E+02  0.3016E+01  0.4184E+02  0.4184E+02
  0.1509E+00  0.3551E+02  0.2924E+01  0.4123E+02  0.4123E+02
  0.1518E+00  0.4000E+02  0.3031E+01  0.4067E+02  0.4067E+02
  0.1527E+00  0.3621E+02  0.2938E+01  0.4018E+02  0.4018E+02
  0.1537E+00  0.3935E+02  0.2939E+01  0.3973E+02  0.3973E+02
  0.1546E+00  0.4144E+02  0.3000E+01  0.3934E+02  0.3934E+02
  0.1555E+00  0.3852E+02  0.2960E+01  0.3900E+02  0.3900E+02
  0.1565E+00  0.3851E+02  0.2927E+01  0.3870E+02  0.3870E+02
  0.1574E+00  0.4088E+02  0.2853E+01  0.3846E+02  0.3846E+02
  0.1583E+00  0.3625E+02  0.2912E+01  0.3825E+02  0.3825E+02
  0.1592E+00  0.3833E+02  0.2765E+01  0.3809E+02  0.3809E+02
  0.1602E+00  0.4054E+02  0.2846E+01  0.3797E+02  0.3797E+02
  0.1611E+00  0.3612E+02  0.2844E+01  0.3789E+02  0.3789E+02
  0.1620E+00  0.4380E+02  0.2789E+01  0.3784E+02  0.3784E+02
  0.1630E+00  0.3757E+02  0.2838E+01  0.3783E+02  0.3783E+02
  0.1639E+00  0.3474E+02  0.2849E+01  0.3784E+02  0.3784E+02
  0.1648E+00  0.3258E+02  0.2777E+01  0.3789E+02  0.3789E+02
  0.1657E+00  0.3360E+02  0.2712E+01  0.3795E+02  0.3795E+02
  0.1667E+00  0.4049E+02  0.2846E+01  0.3805E+02  0.3805E+02
  0.1676E+00  0.4078E+02  0.2889E+01  0.3816E+02  0.3816E+02
  0.1685E+00  0.4170E+02  0.2885E+01  0.3829E+02  0.3829E+02
  0.1695E+00  0.3693E+02  0.2851E+01  0.3843E+02  0.3843E+02
  0.1704E+00  0.3958E+02  0.2789E+01  0.3859E+02  0.3859E+02
  0.1713E+00  0.3373E+02  0.2855E+01  0.3875E+02  0.3875E+02
  0.1723E+00  0.4002E+02  0.2908E+01  0.3892E+02  0.3892E+02
  0.1732E+00  0.4618E+02  0.2761E+01  0.3910E+02  0.3910E+02
  0.1741E+00  0.4075E+02  0.2619E+01  0.3928E+02  0.3928E+02
  0.1750E+00  0.3971E+02  0.2846E+01  0.3945E+02  0.3945E+02
  0.1760E+00  0.4375E+02  0.2656E+01  0.3962E+02  0.3962E+02
  0.1769E+00  0.3300E+02  0.2651E+01  0.3979E+02  0.3979E+02
  0.1778E+00  0.4064E+02  0.2724E+01  0.3995E+02  0.3995E+02
  0.1788E+00  0.4309E+02  0.2582E+01  0.4010E+02  0.4010E+02
  0.1797E+00  0.4636E+02  0.2624E+01  0.4023E+02  0.4023E+02
  0.1806E+00  0.4240E+02  0.2646E+01  0.4036E+02  0.4036E+02
  0.1815E+00  0.3469E+02  0.2696E+01  0.4046E+02  0.4046E+02
  0.1825E+00  0.3749E+02  0.2657E+01  0.4055E+02  0.4055E+02
  0.1834E+00  0.4042E+02  0.2691E+01  0.4062E+02  0.4062E+02
  0.1843E+00  0.4345E+02  0.2675E+01  0.4067E+02  0.4067E+02
  0.1853E+00  0.4042E+02  0.2662E+01  0.4070E+02  0.4070E+02
  0.1862E+00  0.4155E+02  0.2674E+01  0.4071E+02  0.4071E+02
  0.1871E+00  0.4255E+02  0.2773E+01  0.4069E+02  0.4069E+02
  0.1880E+00  0.4462E+02  0.2655E+01  0.4065E+02  0.4065E+02
  0.1890E+00  0.3697E+02  0.2634E+01  0.4059E+02  0.4059E+02
  0.1899E+00  0.3836E+02  0.2635E+01  0.4051E+02  0.4051E+02
  0.1908E+00  0.3520E+02  0.2590E+01  0.4040E+02  0.4040E+02
  0.1918E+00  0.3900E+02  0.2566E+01  0.4027E+02  0.4027E+02
  0.1927E+00  0.3569E+02  0.2503E+01  0.4012E+02  0.4012E+02
  0.1936E+00  0.4100E+02  0.2542E+01  0.3994E+02  0.3994E+02
  0.1946E+00  0.4127E+02  0.2642E+01  0.3975E+02  0.3975E+02
  0.1955E+00  0.4051E+02  0.2625E+01  0.3954E+02  0.3954E+02
  0.1964E+00  0.3482E+02  0.2543E+01  0.3930E+02  0.3930E+02
  0.1973E+00  0.3664E+02  0.2557E+01  0.3906E+02  0.3906E+02
  0.1983E+00  0.3812E+02  0.2769E+01  0.3879E+02  0.3879E+02
  0.1992E+00  0.3634E+02  0.2539E+01  0.3851E+02  0.3851E+02
  0.2001E+00  0.3790E+02  0.2601E+01  0.3822E+02  0.3822E+02
  0.2011E+00  0.3978E+02  0.2591E+01  0.3792E+02  0.3792E+02
  0.2020E+00  0.4153E+02  0.2493E+01  0.3761E+02  0.3761E+02
  0.2029E+00  0.3603E+02  0.2545E+01  0.3729E+02  0.3729E+02
  0.2038E+00  0.3614E+02  0.2496E+01  0.3697E+02  0.3697E+02
  0.2048E+00  0.3647E+02  0.2523E+01  0.3664E+02  0.3664E+02
  0.2057E+00  0.3635E+02  0.2549E+01  0.3631E+02  0.3631E+02
  0.2066E+00  0.3361E+02  0.2500E+01  0.3597E+02  0.3597E+02
  0.2076E+00  0.3863E+02  0.2636E+01  0.3564E+02  0.3564E+02
  0.2085E+00  0.3093E+02  0.2532E+01  0.3532E+02  0.3532E+02
  0.2094E+00  0.3615E+02  0.2506E+01  0.3499E+02  0.3499E+02
  0.2104E+00  0.4220E+02  0.2600E+01  0.3467E+02  0.3467E+02
  0.2113E+00  0.4378E+02  0.2504E+01  0.3436E+02  0.3436E+02
  0.2122E+00  0.3814E+02  0.2515E+01  0.3405E+02  0.3405E+02
  0.2131E+00  0.3352E+02  0.2485E+01  0.3375E+02  0.3375E+02
  0.2141E+00  0.3477E+02  0.2483E+01  0.3347E+02  0.3347E+02
  0.2150E+00  0.2999E+02  0.2534E+01  0.3319E+02  0.3319E+02
  0.2159E+00  0.3647E+02  0.2366E+01  0.3293E+02  0.3293E+02
  0.2169E+00  0.3016E+02  0.2342E+01  0.3267E+02  0.3267E+02
  0.2178E+00  0.3262E+02  0.2419E+01  0.3243E+02  0.3243E+02
  0.2187E+00  0.3468E+02  0.2527E+01  0.3220E+02  0.3220E+02
  0.2196E+00  0.2999E+02  0.2439E+01  0.3198E+02  0.3198E+02
  0.2206E+00  0.3375E+02  0.2446E+01  0.3177E+02  0.3177E+02
  0.2215E+00  0.3099E+02  0.2448E+01  0.3158E+02  0.3158E+02
  0.2224E+00  0.2923E+02  0.2381E+01  0.3140E+02  0.3140E+02
  0.2234E+00  0.2870E+02  0.2373E+01  0.3123E+02  0.3123E+02
  0.2243E+00  0.2850E+02  0.2406E+01  0.3107E+02  0.3107E+02
  0.2252E+00  0.3271E+02  0.2391E+01  0.3091E+02  0.3091E+02
  0.2262E+00  0.2962E+02  0.2329E+01  0.3077E+02  0.3077E+02
  0.2271E+00  0.2664E+02  0.2406E+01  0.3064E+02  0.3064E+02
  0.2280E+00  0.2921E+02  0.2417E+01  0.3051E+02  0.3051E+02
  0.2289E+00  0.2887E+02  0.2403E+01  0.3039E+02  0.3039E+02
  0.2299E+00  0.3217E+02  0.2434E+01  0.3027E+02  0.3027E+02
  0.2308E+00  0.3214E+02  0.2376E+01  0.3016E+02  0.3016E+02
  0.2317E+00  0.3058E+02  0.2426E+01  0.3005E+02  0.3005E+02
  0.2327E+00  0.2627E+02  0.2425E+01  0.2994E+02  0.2994E+02
  0.2336E+00  0.3034E+02  0.2434E+01  0.2983E+02  0.2983E+02
  0.2345E+00  0.2595E+02  0.2425E+01  0.2973E+02  0.2973E+02
  0.2354E+00  0.2583E+02  0.2356E+01  0.2962E+02  0.2962E+02
  0.2364E+00  0.2857E+02  0.2365E+01  0.2951E+02  0.2951E+02
  0.2373E+00  0.3312E+02  0.2427E+01  0.2939E+02  0.2939E+02
  0.2382E+00  0.2855E+02  0.2438E+01  0.2927E+02  0.2927E+02
  0.2392E+00  0.3532E+02  0.2467E+01  0.2915E+02  0.2915E+02
  0.2401E+00  0.2865E+02  0.2439E+01  0.2902E+02  0.2902E+02
  0.2410E+00  0.2789E+02  0.2692E+01  0.2889E+02  0.2889E+02
  0.2420E+00  0.3185E+02  0.3503E+01  0.2875E+02  0.2875E+02
  0.2429E+00  0.3184E+02  0.2492E+01  0.2860E+02  0.2860E+02
  0.2438E+00  0.2705E+02  0.2412E+01  0.2845E+02  0.2845E+02
  0.2447E+00  0.2630E+02  0.2439E+01  0.2828E+02  0.2828E+02
  0.2457E+00  0.2887E+02  0.2562E+01  0.2812E+02  0.2812E+02
  0.2466E+00  0.2993E+02  0.2581E+01  0.2794E+02  0.2794E+02
  0.2475E+00  0.2420E+02  0.2365E+01  0.2776E+02  0.2776E+02
  0.2485E+00  0.2314E+02  0.2348E+01  0.2757E+02  0.2757E+02
  0.2494E+00  0.2999E+02  0.2440E+01  0.2738E+02  0.2738E+02
  0.2503E+00  0.2933E+02  0.2515E+01  0.2719E+02  0.2719E+02
  0.2512E+00  0.3069E+02  0.2364E+01  0.2699E+02  0.2699E+02
  0.2522E+00  0.2676E+02  0.2429E+01  0.2678E+02  0.2678E+02
  0.2531E+00  0.3051E+02  0.2627E+01  0.2658E+02  0.2658E+02
  0.2540E+00  0.2646E+02  0.2543E+01  0.2637E+02  0.2637E+02
  0.2550E+00  0.2448E+02  0.2400E+01  0.2616E+02  0.2616E+02
  0.2559E+00  0.2091E+02  0.2426E+01  0.2596E+02  0.2596E+02
  0.2568E+00  0.2518E+02  0.2441E+01  0.2576E+02  0.2576E+02
  0.2577E+00  0.2115E+02  0.2403E+01  0.2556E+02  0.2556E+02
  0.2587E+00  0.2702E+02  0.2484E+01  0.2537E+02  0.2537E+02
  0.2596E+00  0.3350E+02  0.2390E+01  0.2518E+02  0.2518E+02
  0.2605E+00  0.2987E+02  0.2378E+01  0.2500E+02  0.2500E+02
  0.2615E+00  0.2327E+02  0.2449E+01  0.2483E+02  0.2483E+02
  0.2624E+00  0.2565E+02  0.2324E+01  0.2467E+02  0.2467E+02
  0.2633E+00  0.2633E+02  0.2432E+01  0.2453E+02  0.2453E+02
  0.2643E+00  0.2425E+02  0.2417E+01  0.2439E+02  0.2439E+02
  0.2652E+00  0.2144E+02  0.2354E+01  0.2427E+02  0.2427E+02
  0.2661E+00  0.2331E+02  0.2283E+01  0.2416E+02  0.2416E+02
  0.2670E+00  0.2463E+02  0.2404E+01  0.2407E+02  0.2407E+02
  0.2680E+00  0.2266E+02  0.2410E+01  0.2400E+02  0.2400E+02
  0.2689E+00  0.2741E+02  0.2362E+01  0.2394E+02  0.2394E+02
  0.2698E+00  0.2624E+02  0.2373E+01  0.2391E+02  0.2391E+02
  0.2708E+00  0.2216E+02  0.2499E+01  0.2389E+02  0.2389E+02
  0.2717E+00  0.1935E+02  0.2391E+01  0.2388E+02  0.2388E+02
  0.2726E+00  0.2095E+02  0.2376E+01  0.2390E+02  0.2390E+02
  0.2735E+00  0.2530E+02  0.2414E+01  0.2394E+02  0.2394E+02
  0.2745E+00  0.1980E+02  0.2411E+01  0.2399E+02  0.2399E+02
  0.2754E+00  0.2158E+02  0.2432E+01  0.2407E+02  0.2407E+02
  0.2763E+00  0.2596E+02  0.2303E+01  0.2416E+02  0.2416E+02
  0.2773E+00  0.2332E+02  0.2376E+01  0.2427E+02  0.2427E+02
  0.2782E+00  0.2600E+02  0.2464E+01  0.2440E+02  0.2440E+02
  0.2791E+00  0.2391E+02  0.2463E+01  0.2454E+02  0.2454E+02
  0.2801E+00  0.2304E+02  0.2288E+01  0.2470E+02  0.2470E+02
  0.2810E+00  0.2322E+02  0.2428E+01  0.2487E+02  0.2487E+02
  0.2819E+00  0.2416E+02  0.2441E+01  0.2506E+02  0.2506E+02
  0.2828E+00  0.2802E+02  0.2496E+01  0.2525E+02  0.2525E+02
  0.2838E+00  0.2233E+02  0.2573E+01  0.2546E+02  0.2546E+02
  0.2847E+00  0.2650E+02  0.2489E+01  0.2568E+02  0.2568E+02
  0.2856E+00  0.3155E+02  0.2467E+01  0.2590E+02  0.2590E+02
  0.2866E+00  0.2546E+02  0.2608E+01  0.2613E+02  0.2613E+02
  0.2875E+00  0.2267E+02  0.2586E+01  0.2637E+02  0.2637E+02
  0.2884E+00  0.2091E+02  0.2646E+01  0.2661E+02  0.2661E+02
  0.2893E+00  0.2819E+02  0.2487E+01  0.2685E+02  0.2685E+02
  0.2903E+00  0.3137E+02  0.2600E+01  0.2709E+02  0.2709E+02
  0.2912E+00  0.2829E+02  0.2664E+01  0.2732E+02  0.2732E+02
  0.2921E+00  0.2342E+02  0.2642E+01  0.2755E+02  0.2755E+02
  0.2931E+00  0.2583E+02  0.2690E+01  0.2778E+02  0.2778E+02
  0.2940E+00  0.3122E+02  0.2663E+01  0.2800E+02  0.2800E+02
  0.2949E+00  0.2788E+02  0.2774E+01  0.2821E+02  0.2821E+02
  0.2958E+00  0.2583E+02  0.2777E+01  0.2841E+02  0.2841E+02
  0.2968E+00  0.3503E+02  0.2666E+01  0.2860E+02  0.2860E+02
  0.2977E+00  0.3118E+02  0.2815E+01  0.2877E+02  0.2877E+02
  0.2986E+00  0.3262E+02  0.2800E+01  0.2893E+02  0.2893E+02
  0.2996E+00  0.3025E+02  0.2893E+01  0.2908E+02  0.2908E+02
  0.3005E+00  0.3259E+02  0.2701E+01  0.2921E+02  0.2921E+02
  0.3014E+00  0.3059E+02  0.2846E+01  0.2932E+02  0.2932E+02
  0.3024E+00  0.3610E+02  0.3646E+01  0.2941E+02  0.2941E+02
  0.3033E+00  0.3308E+02  0.3794E+01  0.2948E+02  0.2948E+02
  0.3042E+00  0.2606E+02  0.3247E+01  0.2954E+02  0.2954E+02
  0.3051E+00  0.2813E+02  0.2756E+01  0.2957E+02  0.2957E+02
  0.3061E+00  0.2355E+02  0.2847E+01  0.2959E+02  0.2959E+02
  0.3070E+00  0.2463E+02  0.2791E+01  0.2958E+02  0.2958E+02

           Distance distribution  function of particle  


       R          P(R)      ERROR

  0.0000E+00  0.0000E+00  0.0000E+00
  0.1224E+01  0.2460E+00  0.9867E-02
  0.2448E+01  0.4580E+00  0.1396E-01
  0.3672E+01  0.6414E+00  0.1310E-01
  0.4896E+01  0.8044E+00  0.8544E-02
  0.6120E+01  0.9575E+00  0.2564E-02
  0.7344E+01  0.1112E+01  0.6682E-02
  0.8568E+01  0.1279E+01  0.1334E-01
  0.9792E+01  0.1468E+01  0.1816E-01
  0.1102E+02  0.1686E+01  0.2024E-01
  0.1224E+02  0.1938E+01  0.1927E-01
  0.1346E+02  0.2224E+01  0.1549E-01
  0.1469E+02  0.2540E+01  0.9800E-02
  0.1591E+02  0.2881E+01  0.5255E-02
  0.1714E+02  0.3237E+01  0.8871E-02
  0.1836E+02  0.3598E+01  0.1500E-01
  0.1958E+02  0.3952E+01  0.1970E-01
  0.2081E+02  0.4289E+01  0.2192E-01
  0.2203E+02  0.4600E+01  0.2132E-01
  0.2326E+02  0.4878E+01  0.1813E-01
  0.2448E+02  0.5118E+01  0.1325E-01
  0.2570E+02  0.5318E+01  0.9122E-02
  0.2693E+02  0.5482E+01  0.1019E-01
  0.2815E+02  0.5611E+01  0.1505E-01
  0.2938E+02  0.5712E+01  0.1958E-01
  0.3060E+02  0.5788E+01  0.2208E-01
  0.3182E+02  0.5847E+01  0.2195E-01
  0.3305E+02  0.5892E+01  0.1926E-01
  0.3427E+02  0.5926E+01  0.1483E-01
  0.3550E+02  0.5950E+01  0.1082E-01
  0.3672E+02  0.5961E+01  0.1127E-01
  0.3794E+02  0.5958E+01  0.1592E-01
  0.3917E+02  0.5937E+01  0.2092E-01
  0.4039E+02  0.5892E+01  0.2424E-01
  0.4162E+02  0.5819E+01  0.2510E-01
  0.4284E+02  0.5716E+01  0.2341E-01
  0.4406E+02  0.5581E+01  0.1982E-01
  0.4529E+02  0.5417E+01  0.1594E-01
  0.4651E+02  0.5227E+01  0.1462E-01
  0.4774E+02  0.5017E+01  0.1733E-01
  0.4896E+02  0.4795E+01  0.2179E-01
  0.5018E+02  0.4572E+01  0.2549E-01
  0.5141E+02  0.4356E+01  0.2719E-01
  0.5263E+02  0.4157E+01  0.2653E-01
  0.5386E+02  0.3983E+01  0.2394E-01
  0.5508E+02  0.3837E+01  0.2075E-01
  0.5630E+02  0.3723E+01  0.1915E-01
  0.5753E+02  0.3639E+01  0.2074E-01
  0.5875E+02  0.3581E+01  0.2448E-01
  0.5998E+02  0.3542E+01  0.2818E-01
  0.6120E+02  0.3514E+01  0.3026E-01
  0.6242E+02  0.3490E+01  0.3001E-01
  0.6365E+02  0.3459E+01  0.2753E-01
  0.6487E+02  0.3416E+01  0.2369E-01
  0.6610E+02  0.3354E+01  0.2038E-01
  0.6732E+02  0.3273E+01  0.1998E-01
  0.6854E+02  0.3171E+01  0.2293E-01
  0.6977E+02  0.3054E+01  0.2711E-01
  0.7099E+02  0.2925E+01  0.3044E-01
  0.7222E+02  0.2792E+01  0.3185E-01
  0.7344E+02  0.2660E+01  0.3115E-01
  0.7466E+02  0.2538E+01  0.2895E-01
  0.7589E+02  0.2429E+01  0.2664E-01
  0.7711E+02  0.2336E+01  0.2588E-01
  0.7834E+02  0.2259E+01  0.2744E-01
  0.7956E+02  0.2196E+01  0.3034E-01
  0.8078E+02  0.2142E+01  0.3293E-01
  0.8201E+02  0.2091E+01  0.3397E-01
  0.8323E+02  0.2035E+01  0.3299E-01
  0.8446E+02  0.1969E+01  0.3034E-01
  0.8568E+02  0.1887E+01  0.2718E-01
  0.8690E+02  0.1786E+01  0.2528E-01
  0.8813E+02  0.1666E+01  0.2594E-01
  0.8935E+02  0.1530E+01  0.2862E-01
  0.9058E+02  0.1383E+01  0.3153E-01
  0.9180E+02  0.1232E+01  0.3326E-01
  0.9302E+02  0.1086E+01  0.3325E-01
  0.9425E+02  0.9529E+00  0.3196E-01
  0.9547E+02  0.8407E+00  0.3075E-01
  0.9670E+02  0.7545E+00  0.3135E-01
  0.9792E+02  0.6966E+00  0.3445E-01
  0.9914E+02  0.6659E+00  0.3896E-01
  0.1004E+03  0.6581E+00  0.4312E-01
  0.1016E+03  0.6662E+00  0.4553E-01
  0.1028E+03  0.6810E+00  0.4558E-01
  0.1040E+03  0.6930E+00  0.4358E-01
  0.1053E+03  0.6930E+00  0.4083E-01
  0.1065E+03  0.6739E+00  0.3930E-01
  0.1077E+03  0.6317E+00  0.4037E-01
  0.1089E+03  0.5659E+00  0.4353E-01
  0.1102E+03  0.4798E+00  0.4677E-01
  0.1114E+03  0.3803E+00  0.4819E-01
  0.1126E+03  0.2766E+00  0.4707E-01
  0.1138E+03  0.1791E+00  0.4444E-01
  0.1151E+03  0.9736E-01  0.4339E-01
  0.1163E+03  0.3862E-01  0.4703E-01
  0.1175E+03  0.5909E-02  0.5436E-01
  0.1187E+03 -0.3070E-02  0.6012E-01
  0.1200E+03  0.3340E-02  0.5768E-01
  0.1212E+03  0.1083E-01  0.4004E-01
  0.1224E+03  0.0000E+00  0.0000E+00
          Reciprocal space: Rg =   37.40     , I(0) =   0.4191E+04
     Real space: Rg =   37.44 +- 0.088  I(0) =   0.4191E+04 +-  0.7507E+01
