
           ####    G N O M   ---   Version 4.5a revised 09/02/02     ####

                                                  Sun Nov  5 12:16:58 2017
           ===    Run No   1   ===
 Run title:  0.000330941 0 0


  Number of points omitted at the end:         250
   *******   Working Directory :
   *******    Input file(s) : 24697_02F_S106_0_12.sub
           Condition P(rmin) = 0 is used. 
           Condition P(rmax) = 0 is used. 

          Experimental conditions for the first run
          -----------------------------------------

          Highest ALPHA is found to be   0.6689E+03

  The measure of inconsistency AN1 equals to    0.1095E+01

          Warning: using the chosen range in the real space 
             it is not possible to fit the data set within the
             given error band. 
     Alpha    Discrp  Oscill  Stabil  Sysdev  Positv  Valcen    Total   
  0.6689E+06 71.2202  1.2555  0.9647  0.0000  1.0000  0.8385  0.00001
  0.1338E+06 64.8048  1.2492  0.8762  0.0000  1.0000  0.8400  0.00001
  0.2676E+05 45.6805  1.2268  0.6120  0.0767  1.0000  0.8454  0.00001
  0.5351E+04 21.5135  1.2033  0.2683  0.1406  1.0000  0.8556  0.00001
  0.1070E+04  8.2648  1.2750  0.0915  0.2045  1.0000  0.8568  0.00001
  0.2140E+03  2.8069  1.3991  0.0403  0.3323  1.0000  0.8518  0.00001
  0.4281E+02  1.1239  1.4720  0.0140  0.6262  1.0000  0.8494  0.60679
  0.8562E+01  0.8580  1.5018  0.0062  0.6390  1.0000  0.8484  0.58791
  0.1712E+01  0.8251  1.5203  0.0079  0.6773  1.0000  0.8478  0.48173
  0.3425E+00  0.8121  1.5599  0.0091  0.6901  1.0000  0.8474  0.10000
  0.6849E-01  0.8065  1.6431  0.0174  0.6773  0.9999  0.8473  0.10000
  0.1370E-01  0.8027  1.8991  0.0254  0.6773  0.9997  0.8474  0.10000
  0.2740E-02  0.8002  2.6150  0.0833  0.6645  0.9988  0.8456  0.10000
  0.5480E-03  0.7968  5.1952  0.1656  0.6645  0.9938  0.8341  0.10000
  0.1096E-03  0.7947  8.0356  0.2184  0.6645  0.9843  0.8068  0.10000
  0.2192E-04  0.7933 11.2354  0.4885  0.6645  0.9532  0.5518  0.10000
  0.4384E-05  0.7912 13.8759  0.5702  0.6518  0.8515  0.4338  0.10000
  0.8767E-06  0.7877 15.5668  0.7572  0.6645  0.7624  0.3412  0.10000
  0.1753E-06  0.7776 17.1001  0.7155  0.6773  0.7181  0.2868  0.10000
  0.3507E-07  0.7629 17.7457  0.4220  0.6901  0.7018  0.2808  0.10000
  0.7014E-08  0.7526 20.5227  0.5463  0.7220  0.6811  0.2954  0.10000
  0.1403E-08  0.7270 26.3537  0.7652  0.7220  0.6905  0.2781  0.10000
  0.2806E-09  0.6561 30.1639  0.6636  0.7604  0.7296  0.3619  0.10000
  0.5611E-10  0.5290 34.0810  0.5200  0.7859  0.7484  0.4010  0.10000
  0.1122E-10  0.3649 39.5659  0.4217  0.8243  0.7440  0.3635  0.10000
  0.2244E-11  0.1958 45.1182  0.3149  0.8371  0.7271  0.3056  0.10000
  0.4489E-12  0.0728 48.8287  0.1705  0.8243  0.7440  0.2472  0.10000
  0.8978E-13  0.0184 50.2343  0.0507  0.8371  0.7594  0.2196  0.10000
  0.1796E-13  0.0039 50.5766  0.0113  0.8498  0.7639  0.2143  0.10000
  0.3591E-14  0.0008 50.6484  0.0023  0.8498  0.7649  0.2141  0.10000
  0.7182E-15  0.0002 50.6630  0.0005  0.8498  0.7651  0.2141  0.10000

          ***  Golden section search to maximize estimate ***
     Alpha    Discrp  Oscill  Stabil  Sysdev  Positv  Valcen    Total   
  0.2315E+02  0.9540  1.4864  0.0097  0.7157  1.0000  0.8489  0.63415
  0.1583E+02  0.9014  1.4932  0.0080  0.6773  1.0000  0.8487  0.61624
  0.2928E+02  1.0033  1.4815  0.0111  0.7029  1.0000  0.8491  0.62994
  0.2002E+02  0.9306  1.4891  0.0090  0.7029  1.0000  0.8488  0.62793
  0.2532E+02  0.9710  1.4846  0.0102  0.7284  1.0000  0.8490  0.64007
  0.2677E+02  0.9826  1.4834  0.0105  0.7157  1.0000  0.8490  0.63478
  0.2447E+02  0.9643  1.4853  0.0100  0.7284  1.0000  0.8490  0.63992
  0.2586E+02  0.9753  1.4842  0.0103  0.7157  1.0000  0.8490  0.63472
  0.2499E+02  0.9684  1.4849  0.0101  0.7284  1.0000  0.8490  0.64002
  0.2553E+02  0.9726  1.4844  0.0103  0.7284  1.0000  0.8490  0.64010
  0.2566E+02  0.9737  1.4843  0.0103  0.7157  1.0000  0.8490  0.63469
  0.2545E+02  0.9720  1.4845  0.0102  0.7284  1.0000  0.8490  0.64009
  0.2558E+02  0.9730  1.4844  0.0103  0.7157  1.0000  0.8490  0.63468
  0.2553E+02  0.9726  1.4844  0.0103  0.7284  1.0000  0.8490  0.64010



             ####            Final results            ####

 Parameter    DISCRP    OSCILL    STABIL    SYSDEV    POSITV    VALCEN
 Weight        1.000     3.000     3.000     4.000     1.000     1.000
 Sigma         0.500     0.600     0.120     0.200     0.120     0.120
 Ideal         1.000     1.100     0.000     1.000     1.000     0.950
 Current       0.973     1.484     0.010     0.728     1.000     0.849
                - - - - - - - - - - - - - - - - - - - - - - - - - 
 Estimate      0.997     0.663     0.993     0.158     1.000     0.492

  Angular   range    :     from    0.0078   to    0.2986
  Real space range   :     from      0.00   to    128.80

  Highest ALPHA (theor) :   0.669E+06                 JOB = 0
  Current ALPHA         :   0.255E+02   Rg :  0.374E+02   I(0) :   0.318E+04

           Total  estimate : 0.640  which is  A REASONABLE  solution

      S          J EXP       ERROR       J REG       I REG

  0.0000E+00                                      0.3184E+04
  0.9707E-03                                      0.3183E+04
  0.1941E-02                                      0.3179E+04
  0.2912E-02                                      0.3172E+04
  0.3883E-02                                      0.3162E+04
  0.4853E-02                                      0.3149E+04
  0.5824E-02                                      0.3134E+04
  0.6795E-02                                      0.3116E+04
  0.7765E-02  0.3473E+04  0.9294E+02  0.3096E+04  0.3096E+04
  0.8695E-02  0.3125E+04  0.1010E+03  0.3074E+04  0.3074E+04
  0.9624E-02  0.3155E+04  0.8619E+02  0.3050E+04  0.3050E+04
  0.1055E-01  0.3064E+04  0.7135E+02  0.3023E+04  0.3023E+04
  0.1148E-01  0.3056E+04  0.5718E+02  0.2995E+04  0.2995E+04
  0.1241E-01  0.2989E+04  0.4077E+02  0.2964E+04  0.2964E+04
  0.1334E-01  0.2912E+04  0.3362E+02  0.2932E+04  0.2932E+04
  0.1427E-01  0.2971E+04  0.3160E+02  0.2897E+04  0.2897E+04
  0.1520E-01  0.2908E+04  0.2100E+02  0.2861E+04  0.2861E+04
  0.1613E-01  0.2842E+04  0.1950E+02  0.2823E+04  0.2823E+04
  0.1706E-01  0.2768E+04  0.1948E+02  0.2784E+04  0.2784E+04
  0.1799E-01  0.2761E+04  0.2092E+02  0.2743E+04  0.2743E+04
  0.1892E-01  0.2729E+04  0.1935E+02  0.2700E+04  0.2700E+04
  0.1985E-01  0.2656E+04  0.1689E+02  0.2657E+04  0.2657E+04
  0.2078E-01  0.2594E+04  0.1597E+02  0.2612E+04  0.2612E+04
  0.2170E-01  0.2533E+04  0.1638E+02  0.2566E+04  0.2566E+04
  0.2263E-01  0.2474E+04  0.1380E+02  0.2519E+04  0.2519E+04
  0.2356E-01  0.2472E+04  0.1454E+02  0.2471E+04  0.2471E+04
  0.2449E-01  0.2438E+04  0.1423E+02  0.2422E+04  0.2422E+04
  0.2542E-01  0.2392E+04  0.1340E+02  0.2373E+04  0.2373E+04
  0.2635E-01  0.2371E+04  0.1370E+02  0.2323E+04  0.2323E+04
  0.2728E-01  0.2242E+04  0.1314E+02  0.2273E+04  0.2273E+04
  0.2821E-01  0.2199E+04  0.1322E+02  0.2223E+04  0.2223E+04
  0.2914E-01  0.2165E+04  0.1261E+02  0.2172E+04  0.2172E+04
  0.3007E-01  0.2138E+04  0.1250E+02  0.2121E+04  0.2121E+04
  0.3100E-01  0.2072E+04  0.1131E+02  0.2070E+04  0.2070E+04
  0.3193E-01  0.2000E+04  0.1072E+02  0.2019E+04  0.2019E+04
  0.3286E-01  0.1970E+04  0.1219E+02  0.1968E+04  0.1968E+04
  0.3379E-01  0.1920E+04  0.1070E+02  0.1917E+04  0.1917E+04
  0.3472E-01  0.1859E+04  0.1116E+02  0.1867E+04  0.1867E+04
  0.3564E-01  0.1808E+04  0.9930E+01  0.1817E+04  0.1817E+04
  0.3657E-01  0.1768E+04  0.9062E+01  0.1768E+04  0.1768E+04
  0.3750E-01  0.1720E+04  0.1006E+02  0.1719E+04  0.1719E+04
  0.3843E-01  0.1670E+04  0.1001E+02  0.1670E+04  0.1670E+04
  0.3936E-01  0.1620E+04  0.9195E+01  0.1623E+04  0.1623E+04
  0.4029E-01  0.1584E+04  0.9496E+01  0.1576E+04  0.1576E+04
  0.4122E-01  0.1535E+04  0.9315E+01  0.1530E+04  0.1530E+04
  0.4215E-01  0.1495E+04  0.9403E+01  0.1484E+04  0.1484E+04
  0.4308E-01  0.1451E+04  0.9670E+01  0.1440E+04  0.1440E+04
  0.4401E-01  0.1397E+04  0.8814E+01  0.1396E+04  0.1396E+04
  0.4494E-01  0.1360E+04  0.8399E+01  0.1353E+04  0.1353E+04
  0.4587E-01  0.1340E+04  0.8790E+01  0.1312E+04  0.1312E+04
  0.4680E-01  0.1305E+04  0.8105E+01  0.1271E+04  0.1271E+04
  0.4773E-01  0.1250E+04  0.7491E+01  0.1231E+04  0.1231E+04
  0.4865E-01  0.1189E+04  0.7577E+01  0.1192E+04  0.1192E+04
  0.4958E-01  0.1159E+04  0.7803E+01  0.1155E+04  0.1155E+04
  0.5051E-01  0.1129E+04  0.7631E+01  0.1118E+04  0.1118E+04
  0.5144E-01  0.1092E+04  0.7146E+01  0.1082E+04  0.1082E+04
  0.5237E-01  0.1060E+04  0.8038E+01  0.1048E+04  0.1048E+04
  0.5330E-01  0.1016E+04  0.6963E+01  0.1014E+04  0.1014E+04
  0.5423E-01  0.9875E+03  0.6382E+01  0.9813E+03  0.9813E+03
  0.5516E-01  0.9410E+03  0.6847E+01  0.9498E+03  0.9498E+03
  0.5609E-01  0.9304E+03  0.6871E+01  0.9192E+03  0.9192E+03
  0.5702E-01  0.8921E+03  0.6828E+01  0.8896E+03  0.8896E+03
  0.5795E-01  0.8582E+03  0.6147E+01  0.8610E+03  0.8610E+03
  0.5888E-01  0.8365E+03  0.6247E+01  0.8333E+03  0.8333E+03
  0.5981E-01  0.8171E+03  0.6248E+01  0.8066E+03  0.8066E+03
  0.6074E-01  0.7777E+03  0.6046E+01  0.7808E+03  0.7808E+03
  0.6166E-01  0.7667E+03  0.6049E+01  0.7558E+03  0.7558E+03
  0.6259E-01  0.7478E+03  0.7799E+01  0.7317E+03  0.7317E+03
  0.6352E-01  0.7471E+03  0.1603E+02  0.7085E+03  0.7085E+03
  0.6445E-01  0.6838E+03  0.6216E+01  0.6860E+03  0.6860E+03
  0.6538E-01  0.6679E+03  0.5836E+01  0.6644E+03  0.6644E+03
  0.6631E-01  0.6455E+03  0.5759E+01  0.6435E+03  0.6435E+03
  0.6724E-01  0.6296E+03  0.5374E+01  0.6233E+03  0.6233E+03
  0.6817E-01  0.6028E+03  0.5492E+01  0.6038E+03  0.6038E+03
  0.6910E-01  0.5943E+03  0.5738E+01  0.5850E+03  0.5850E+03
  0.7003E-01  0.5788E+03  0.5539E+01  0.5668E+03  0.5668E+03
  0.7096E-01  0.5430E+03  0.5432E+01  0.5492E+03  0.5492E+03
  0.7189E-01  0.5239E+03  0.5008E+01  0.5323E+03  0.5323E+03
  0.7282E-01  0.5107E+03  0.5201E+01  0.5159E+03  0.5159E+03
  0.7375E-01  0.5055E+03  0.5418E+01  0.5000E+03  0.5000E+03
  0.7468E-01  0.4831E+03  0.4824E+01  0.4846E+03  0.4846E+03
  0.7560E-01  0.4621E+03  0.4965E+01  0.4697E+03  0.4697E+03
  0.7653E-01  0.4479E+03  0.5206E+01  0.4553E+03  0.4553E+03
  0.7746E-01  0.4341E+03  0.5170E+01  0.4414E+03  0.4414E+03
  0.7839E-01  0.4293E+03  0.4867E+01  0.4278E+03  0.4278E+03
  0.7932E-01  0.4152E+03  0.4966E+01  0.4147E+03  0.4147E+03
  0.8025E-01  0.4153E+03  0.4728E+01  0.4019E+03  0.4019E+03
  0.8118E-01  0.3990E+03  0.4971E+01  0.3895E+03  0.3895E+03
  0.8211E-01  0.3709E+03  0.4756E+01  0.3775E+03  0.3775E+03
  0.8304E-01  0.3659E+03  0.4629E+01  0.3658E+03  0.3658E+03
  0.8397E-01  0.3532E+03  0.4659E+01  0.3544E+03  0.3544E+03
  0.8490E-01  0.3369E+03  0.4526E+01  0.3434E+03  0.3434E+03
  0.8583E-01  0.3267E+03  0.4373E+01  0.3326E+03  0.3326E+03
  0.8676E-01  0.3284E+03  0.4500E+01  0.3222E+03  0.3222E+03
  0.8769E-01  0.3240E+03  0.4171E+01  0.3120E+03  0.3120E+03
  0.8861E-01  0.3049E+03  0.4204E+01  0.3020E+03  0.3020E+03
  0.8954E-01  0.2932E+03  0.3987E+01  0.2924E+03  0.2924E+03
  0.9047E-01  0.3014E+03  0.4038E+01  0.2829E+03  0.2829E+03
  0.9140E-01  0.2848E+03  0.3919E+01  0.2738E+03  0.2738E+03
  0.9233E-01  0.2703E+03  0.4216E+01  0.2649E+03  0.2649E+03
  0.9326E-01  0.2540E+03  0.4042E+01  0.2562E+03  0.2562E+03
  0.9419E-01  0.2367E+03  0.3784E+01  0.2477E+03  0.2477E+03
  0.9512E-01  0.2361E+03  0.4096E+01  0.2395E+03  0.2395E+03
  0.9605E-01  0.2274E+03  0.4068E+01  0.2314E+03  0.2314E+03
  0.9698E-01  0.2192E+03  0.4148E+01  0.2236E+03  0.2236E+03
  0.9791E-01  0.2048E+03  0.3913E+01  0.2161E+03  0.2161E+03
  0.9884E-01  0.2055E+03  0.3723E+01  0.2087E+03  0.2087E+03
  0.9977E-01  0.2122E+03  0.3892E+01  0.2015E+03  0.2015E+03
  0.1007E+00  0.1996E+03  0.3596E+01  0.1946E+03  0.1946E+03
  0.1016E+00  0.1916E+03  0.3633E+01  0.1878E+03  0.1878E+03
  0.1026E+00  0.1876E+03  0.3764E+01  0.1812E+03  0.1812E+03
  0.1035E+00  0.1836E+03  0.3699E+01  0.1749E+03  0.1749E+03
  0.1044E+00  0.1689E+03  0.3930E+01  0.1687E+03  0.1687E+03
  0.1053E+00  0.1620E+03  0.3895E+01  0.1628E+03  0.1628E+03
  0.1063E+00  0.1477E+03  0.3696E+01  0.1570E+03  0.1570E+03
  0.1072E+00  0.1432E+03  0.3707E+01  0.1514E+03  0.1514E+03
  0.1081E+00  0.1394E+03  0.3496E+01  0.1460E+03  0.1460E+03
  0.1091E+00  0.1390E+03  0.3567E+01  0.1408E+03  0.1408E+03
  0.1100E+00  0.1325E+03  0.3522E+01  0.1357E+03  0.1357E+03
  0.1109E+00  0.1265E+03  0.3449E+01  0.1309E+03  0.1309E+03
  0.1118E+00  0.1258E+03  0.3480E+01  0.1262E+03  0.1262E+03
  0.1128E+00  0.1293E+03  0.3343E+01  0.1217E+03  0.1217E+03
  0.1137E+00  0.1277E+03  0.3409E+01  0.1173E+03  0.1173E+03
  0.1146E+00  0.1205E+03  0.3391E+01  0.1132E+03  0.1132E+03
  0.1156E+00  0.1118E+03  0.3572E+01  0.1092E+03  0.1092E+03
  0.1165E+00  0.1035E+03  0.3369E+01  0.1053E+03  0.1053E+03
  0.1174E+00  0.9975E+02  0.3482E+01  0.1016E+03  0.1016E+03
  0.1184E+00  0.9358E+02  0.3381E+01  0.9807E+02  0.9807E+02
  0.1193E+00  0.8853E+02  0.3218E+01  0.9467E+02  0.9467E+02
  0.1202E+00  0.8975E+02  0.3427E+01  0.9141E+02  0.9141E+02
  0.1211E+00  0.9344E+02  0.3065E+01  0.8830E+02  0.8830E+02
  0.1221E+00  0.8485E+02  0.3088E+01  0.8532E+02  0.8532E+02
  0.1230E+00  0.7620E+02  0.3125E+01  0.8248E+02  0.8248E+02
  0.1239E+00  0.7205E+02  0.3073E+01  0.7976E+02  0.7976E+02
  0.1249E+00  0.7034E+02  0.3253E+01  0.7717E+02  0.7717E+02
  0.1258E+00  0.7056E+02  0.3208E+01  0.7470E+02  0.7470E+02
  0.1267E+00  0.6686E+02  0.3259E+01  0.7235E+02  0.7235E+02
  0.1276E+00  0.6816E+02  0.3360E+01  0.7010E+02  0.7010E+02
  0.1286E+00  0.7222E+02  0.3109E+01  0.6797E+02  0.6797E+02
  0.1295E+00  0.6628E+02  0.3224E+01  0.6594E+02  0.6594E+02
  0.1304E+00  0.6153E+02  0.3144E+01  0.6402E+02  0.6402E+02
  0.1314E+00  0.5622E+02  0.3066E+01  0.6218E+02  0.6218E+02
  0.1323E+00  0.5447E+02  0.3158E+01  0.6045E+02  0.6045E+02
  0.1332E+00  0.4988E+02  0.3012E+01  0.5881E+02  0.5881E+02
  0.1342E+00  0.5219E+02  0.3039E+01  0.5725E+02  0.5725E+02
  0.1351E+00  0.5975E+02  0.3144E+01  0.5577E+02  0.5577E+02
  0.1360E+00  0.5497E+02  0.3113E+01  0.5438E+02  0.5438E+02
  0.1369E+00  0.5058E+02  0.3017E+01  0.5306E+02  0.5306E+02
  0.1379E+00  0.4617E+02  0.3069E+01  0.5182E+02  0.5182E+02
  0.1388E+00  0.4383E+02  0.2993E+01  0.5065E+02  0.5065E+02
  0.1397E+00  0.4536E+02  0.3159E+01  0.4955E+02  0.4955E+02
  0.1407E+00  0.4455E+02  0.3099E+01  0.4851E+02  0.4851E+02
  0.1416E+00  0.3848E+02  0.3133E+01  0.4754E+02  0.4754E+02
  0.1425E+00  0.4211E+02  0.2936E+01  0.4663E+02  0.4663E+02
  0.1434E+00  0.4625E+02  0.2922E+01  0.4577E+02  0.4577E+02
  0.1444E+00  0.3920E+02  0.2864E+01  0.4498E+02  0.4498E+02
  0.1453E+00  0.3488E+02  0.2878E+01  0.4424E+02  0.4424E+02
  0.1462E+00  0.3805E+02  0.3340E+01  0.4354E+02  0.4354E+02
  0.1472E+00  0.4493E+02  0.2996E+01  0.4290E+02  0.4290E+02
  0.1481E+00  0.4549E+02  0.2900E+01  0.4230E+02  0.4230E+02
  0.1490E+00  0.4273E+02  0.2977E+01  0.4175E+02  0.4175E+02
  0.1499E+00  0.4066E+02  0.3076E+01  0.4124E+02  0.4124E+02
  0.1509E+00  0.5114E+02  0.2898E+01  0.4078E+02  0.4078E+02
  0.1518E+00  0.4325E+02  0.2873E+01  0.4035E+02  0.4035E+02
  0.1527E+00  0.4245E+02  0.2932E+01  0.3996E+02  0.3996E+02
  0.1537E+00  0.4121E+02  0.3056E+01  0.3960E+02  0.3960E+02
  0.1546E+00  0.4383E+02  0.2872E+01  0.3928E+02  0.3928E+02
  0.1555E+00  0.4108E+02  0.3013E+01  0.3899E+02  0.3899E+02
  0.1565E+00  0.3021E+02  0.2870E+01  0.3873E+02  0.3873E+02
  0.1574E+00  0.3559E+02  0.2929E+01  0.3850E+02  0.3850E+02
  0.1583E+00  0.3924E+02  0.2905E+01  0.3829E+02  0.3829E+02
  0.1592E+00  0.3446E+02  0.2808E+01  0.3811E+02  0.3811E+02
  0.1602E+00  0.3451E+02  0.2763E+01  0.3796E+02  0.3796E+02
  0.1611E+00  0.3455E+02  0.2831E+01  0.3782E+02  0.3782E+02
  0.1620E+00  0.3521E+02  0.2920E+01  0.3771E+02  0.3771E+02
  0.1630E+00  0.3226E+02  0.2847E+01  0.3761E+02  0.3761E+02
  0.1639E+00  0.2962E+02  0.2819E+01  0.3753E+02  0.3753E+02
  0.1648E+00  0.3397E+02  0.2823E+01  0.3747E+02  0.3747E+02
  0.1657E+00  0.3409E+02  0.2770E+01  0.3742E+02  0.3742E+02
  0.1667E+00  0.3020E+02  0.2798E+01  0.3738E+02  0.3738E+02
  0.1676E+00  0.3499E+02  0.2783E+01  0.3736E+02  0.3736E+02
  0.1685E+00  0.4037E+02  0.2793E+01  0.3734E+02  0.3734E+02
  0.1695E+00  0.4459E+02  0.2833E+01  0.3733E+02  0.3733E+02
  0.1704E+00  0.3976E+02  0.2761E+01  0.3733E+02  0.3733E+02
  0.1713E+00  0.3840E+02  0.2799E+01  0.3733E+02  0.3733E+02
  0.1723E+00  0.3547E+02  0.2810E+01  0.3734E+02  0.3734E+02
  0.1732E+00  0.2899E+02  0.2656E+01  0.3735E+02  0.3735E+02
  0.1741E+00  0.3409E+02  0.3038E+01  0.3737E+02  0.3737E+02
  0.1750E+00  0.3577E+02  0.2753E+01  0.3738E+02  0.3738E+02
  0.1760E+00  0.3702E+02  0.2833E+01  0.3740E+02  0.3740E+02
  0.1769E+00  0.4121E+02  0.2708E+01  0.3741E+02  0.3741E+02
  0.1778E+00  0.3919E+02  0.2598E+01  0.3743E+02  0.3743E+02
  0.1788E+00  0.3647E+02  0.2652E+01  0.3744E+02  0.3744E+02
  0.1797E+00  0.3546E+02  0.2760E+01  0.3745E+02  0.3745E+02
  0.1806E+00  0.3588E+02  0.2672E+01  0.3745E+02  0.3745E+02
  0.1815E+00  0.3779E+02  0.2609E+01  0.3745E+02  0.3745E+02
  0.1825E+00  0.3965E+02  0.2742E+01  0.3744E+02  0.3744E+02
  0.1834E+00  0.3720E+02  0.2737E+01  0.3743E+02  0.3743E+02
  0.1843E+00  0.3800E+02  0.2693E+01  0.3741E+02  0.3741E+02
  0.1853E+00  0.3807E+02  0.2617E+01  0.3739E+02  0.3739E+02
  0.1862E+00  0.3224E+02  0.2580E+01  0.3735E+02  0.3735E+02
  0.1871E+00  0.3668E+02  0.2696E+01  0.3732E+02  0.3732E+02
  0.1880E+00  0.4279E+02  0.2548E+01  0.3727E+02  0.3727E+02
  0.1890E+00  0.3949E+02  0.2637E+01  0.3722E+02  0.3722E+02
  0.1899E+00  0.3637E+02  0.2628E+01  0.3716E+02  0.3716E+02
  0.1908E+00  0.3754E+02  0.2614E+01  0.3709E+02  0.3709E+02
  0.1918E+00  0.3674E+02  0.2624E+01  0.3701E+02  0.3701E+02
  0.1927E+00  0.3747E+02  0.2528E+01  0.3693E+02  0.3693E+02
  0.1936E+00  0.3684E+02  0.2689E+01  0.3684E+02  0.3684E+02
  0.1946E+00  0.3870E+02  0.2635E+01  0.3675E+02  0.3675E+02
  0.1955E+00  0.4190E+02  0.2676E+01  0.3664E+02  0.3664E+02
  0.1964E+00  0.3671E+02  0.2610E+01  0.3653E+02  0.3653E+02
  0.1973E+00  0.4221E+02  0.2581E+01  0.3642E+02  0.3642E+02
  0.1983E+00  0.4085E+02  0.2628E+01  0.3630E+02  0.3630E+02
  0.1992E+00  0.3513E+02  0.2549E+01  0.3617E+02  0.3617E+02
  0.2001E+00  0.3819E+02  0.2612E+01  0.3603E+02  0.3603E+02
  0.2011E+00  0.4209E+02  0.2670E+01  0.3589E+02  0.3589E+02
  0.2020E+00  0.4152E+02  0.2608E+01  0.3575E+02  0.3575E+02
  0.2029E+00  0.3815E+02  0.2556E+01  0.3560E+02  0.3560E+02
  0.2038E+00  0.3624E+02  0.2577E+01  0.3544E+02  0.3544E+02
  0.2048E+00  0.3415E+02  0.2439E+01  0.3529E+02  0.3529E+02
  0.2057E+00  0.3327E+02  0.2584E+01  0.3513E+02  0.3513E+02
  0.2066E+00  0.3648E+02  0.2519E+01  0.3496E+02  0.3496E+02
  0.2076E+00  0.3032E+02  0.2534E+01  0.3479E+02  0.3479E+02
  0.2085E+00  0.2904E+02  0.2551E+01  0.3462E+02  0.3462E+02
  0.2094E+00  0.3349E+02  0.2425E+01  0.3445E+02  0.3445E+02
  0.2104E+00  0.3824E+02  0.2558E+01  0.3427E+02  0.3427E+02
  0.2113E+00  0.3725E+02  0.2526E+01  0.3410E+02  0.3410E+02
  0.2122E+00  0.3543E+02  0.2559E+01  0.3392E+02  0.3392E+02
  0.2131E+00  0.3634E+02  0.3155E+01  0.3374E+02  0.3374E+02
  0.2141E+00  0.3561E+02  0.3063E+01  0.3356E+02  0.3356E+02
  0.2150E+00  0.3681E+02  0.2473E+01  0.3338E+02  0.3338E+02
  0.2159E+00  0.3406E+02  0.2396E+01  0.3320E+02  0.3320E+02
  0.2169E+00  0.3543E+02  0.2426E+01  0.3302E+02  0.3302E+02
  0.2178E+00  0.3640E+02  0.2365E+01  0.3284E+02  0.3284E+02
  0.2187E+00  0.3165E+02  0.2413E+01  0.3266E+02  0.3266E+02
  0.2196E+00  0.3038E+02  0.2376E+01  0.3248E+02  0.3248E+02
  0.2206E+00  0.3252E+02  0.2460E+01  0.3231E+02  0.3231E+02
  0.2215E+00  0.3368E+02  0.2407E+01  0.3213E+02  0.3213E+02
  0.2224E+00  0.3122E+02  0.2404E+01  0.3196E+02  0.3196E+02
  0.2234E+00  0.2840E+02  0.2352E+01  0.3178E+02  0.3178E+02
  0.2243E+00  0.2826E+02  0.2336E+01  0.3161E+02  0.3161E+02
  0.2252E+00  0.3093E+02  0.2319E+01  0.3144E+02  0.3144E+02
  0.2262E+00  0.3014E+02  0.2352E+01  0.3128E+02  0.3128E+02
  0.2271E+00  0.2871E+02  0.2379E+01  0.3111E+02  0.3111E+02
  0.2280E+00  0.3187E+02  0.2366E+01  0.3095E+02  0.3095E+02
  0.2289E+00  0.2769E+02  0.2407E+01  0.3079E+02  0.3079E+02
  0.2299E+00  0.3327E+02  0.2538E+01  0.3064E+02  0.3064E+02
  0.2308E+00  0.3124E+02  0.2472E+01  0.3049E+02  0.3049E+02
  0.2317E+00  0.3220E+02  0.2508E+01  0.3034E+02  0.3034E+02
  0.2327E+00  0.3022E+02  0.2483E+01  0.3019E+02  0.3019E+02
  0.2336E+00  0.2534E+02  0.2465E+01  0.3005E+02  0.3005E+02
  0.2345E+00  0.2086E+02  0.2458E+01  0.2991E+02  0.2991E+02
  0.2354E+00  0.2785E+02  0.2463E+01  0.2977E+02  0.2977E+02
  0.2364E+00  0.2877E+02  0.2465E+01  0.2964E+02  0.2964E+02
  0.2373E+00  0.3017E+02  0.2406E+01  0.2951E+02  0.2951E+02
  0.2382E+00  0.2587E+02  0.2441E+01  0.2938E+02  0.2938E+02
  0.2392E+00  0.3021E+02  0.2430E+01  0.2926E+02  0.2926E+02
  0.2401E+00  0.3135E+02  0.2476E+01  0.2914E+02  0.2914E+02
  0.2410E+00  0.2699E+02  0.2389E+01  0.2903E+02  0.2903E+02
  0.2420E+00  0.2577E+02  0.2465E+01  0.2892E+02  0.2892E+02
  0.2429E+00  0.3171E+02  0.2484E+01  0.2881E+02  0.2881E+02
  0.2438E+00  0.3039E+02  0.2520E+01  0.2870E+02  0.2870E+02
  0.2447E+00  0.3122E+02  0.2415E+01  0.2860E+02  0.2860E+02
  0.2457E+00  0.2955E+02  0.2485E+01  0.2850E+02  0.2850E+02
  0.2466E+00  0.2808E+02  0.2523E+01  0.2841E+02  0.2841E+02
  0.2475E+00  0.2299E+02  0.2444E+01  0.2831E+02  0.2831E+02
  0.2485E+00  0.2287E+02  0.2374E+01  0.2823E+02  0.2823E+02
  0.2494E+00  0.2877E+02  0.2438E+01  0.2814E+02  0.2814E+02
  0.2503E+00  0.3226E+02  0.2529E+01  0.2805E+02  0.2805E+02
  0.2512E+00  0.2488E+02  0.2408E+01  0.2797E+02  0.2797E+02
  0.2522E+00  0.3091E+02  0.2393E+01  0.2789E+02  0.2789E+02
  0.2531E+00  0.2756E+02  0.2485E+01  0.2781E+02  0.2781E+02
  0.2540E+00  0.3179E+02  0.2438E+01  0.2773E+02  0.2773E+02
  0.2550E+00  0.3091E+02  0.2530E+01  0.2766E+02  0.2766E+02
  0.2559E+00  0.3013E+02  0.2524E+01  0.2759E+02  0.2759E+02
  0.2568E+00  0.3020E+02  0.2520E+01  0.2751E+02  0.2751E+02
  0.2577E+00  0.2987E+02  0.2414E+01  0.2744E+02  0.2744E+02
  0.2587E+00  0.2575E+02  0.2408E+01  0.2737E+02  0.2737E+02
  0.2596E+00  0.2738E+02  0.2465E+01  0.2730E+02  0.2730E+02
  0.2605E+00  0.3207E+02  0.2278E+01  0.2722E+02  0.2722E+02
  0.2615E+00  0.2668E+02  0.2345E+01  0.2715E+02  0.2715E+02
  0.2624E+00  0.2663E+02  0.2361E+01  0.2708E+02  0.2708E+02
  0.2633E+00  0.2476E+02  0.2395E+01  0.2701E+02  0.2701E+02
  0.2643E+00  0.2612E+02  0.2398E+01  0.2693E+02  0.2693E+02
  0.2652E+00  0.2630E+02  0.2394E+01  0.2686E+02  0.2686E+02
  0.2661E+00  0.2723E+02  0.2418E+01  0.2678E+02  0.2678E+02
  0.2670E+00  0.2166E+02  0.2306E+01  0.2671E+02  0.2671E+02
  0.2680E+00  0.2585E+02  0.2377E+01  0.2663E+02  0.2663E+02
  0.2689E+00  0.2681E+02  0.2359E+01  0.2655E+02  0.2655E+02
  0.2698E+00  0.2566E+02  0.2365E+01  0.2646E+02  0.2646E+02
  0.2708E+00  0.2589E+02  0.2415E+01  0.2638E+02  0.2638E+02
  0.2717E+00  0.2913E+02  0.2317E+01  0.2629E+02  0.2629E+02
  0.2726E+00  0.2339E+02  0.2391E+01  0.2620E+02  0.2620E+02
  0.2735E+00  0.2932E+02  0.2407E+01  0.2611E+02  0.2611E+02
  0.2745E+00  0.2675E+02  0.2434E+01  0.2602E+02  0.2602E+02
  0.2754E+00  0.2481E+02  0.2390E+01  0.2592E+02  0.2592E+02
  0.2763E+00  0.2620E+02  0.2428E+01  0.2582E+02  0.2582E+02
  0.2773E+00  0.2652E+02  0.2452E+01  0.2572E+02  0.2572E+02
  0.2782E+00  0.2465E+02  0.2398E+01  0.2562E+02  0.2562E+02
  0.2791E+00  0.2804E+02  0.2401E+01  0.2551E+02  0.2551E+02
  0.2801E+00  0.2687E+02  0.2378E+01  0.2541E+02  0.2541E+02
  0.2810E+00  0.2641E+02  0.2446E+01  0.2530E+02  0.2530E+02
  0.2819E+00  0.2856E+02  0.2458E+01  0.2518E+02  0.2518E+02
  0.2828E+00  0.3387E+02  0.2472E+01  0.2507E+02  0.2507E+02
  0.2838E+00  0.3165E+02  0.2553E+01  0.2495E+02  0.2495E+02
  0.2847E+00  0.2762E+02  0.2511E+01  0.2483E+02  0.2483E+02
  0.2856E+00  0.2877E+02  0.2603E+01  0.2471E+02  0.2471E+02
  0.2866E+00  0.3230E+02  0.2581E+01  0.2459E+02  0.2459E+02
  0.2875E+00  0.2221E+02  0.2542E+01  0.2446E+02  0.2446E+02
  0.2884E+00  0.2481E+02  0.2580E+01  0.2434E+02  0.2434E+02
  0.2893E+00  0.2359E+02  0.2617E+01  0.2421E+02  0.2421E+02
  0.2903E+00  0.2438E+02  0.2649E+01  0.2408E+02  0.2408E+02
  0.2912E+00  0.2379E+02  0.2599E+01  0.2395E+02  0.2395E+02
  0.2921E+00  0.2622E+02  0.2708E+01  0.2382E+02  0.2382E+02
  0.2931E+00  0.2906E+02  0.2871E+01  0.2369E+02  0.2369E+02
  0.2940E+00  0.2516E+02  0.2661E+01  0.2356E+02  0.2356E+02
  0.2949E+00  0.2232E+02  0.2722E+01  0.2343E+02  0.2343E+02
  0.2958E+00  0.2229E+02  0.2661E+01  0.2330E+02  0.2330E+02
  0.2968E+00  0.3128E+02  0.2823E+01  0.2316E+02  0.2316E+02
  0.2977E+00  0.3175E+02  0.2810E+01  0.2303E+02  0.2303E+02
  0.2986E+00  0.3291E+02  0.2659E+01  0.2290E+02  0.2290E+02

           Distance distribution  function of particle  


       R          P(R)      ERROR

  0.0000E+00  0.0000E+00  0.0000E+00
  0.1288E+01  0.2028E+00  0.2065E-02
  0.2576E+01  0.3869E+00  0.3080E-02
  0.3864E+01  0.5551E+00  0.3200E-02
  0.5152E+01  0.7116E+00  0.2700E-02
  0.6440E+01  0.8618E+00  0.2083E-02
  0.7728E+01  0.1012E+01  0.2186E-02
  0.9016E+01  0.1167E+01  0.3102E-02
  0.1030E+02  0.1333E+01  0.4149E-02
  0.1159E+02  0.1514E+01  0.4941E-02
  0.1288E+02  0.1713E+01  0.5333E-02
  0.1417E+02  0.1930E+01  0.5326E-02
  0.1546E+02  0.2164E+01  0.5055E-02
  0.1674E+02  0.2414E+01  0.4780E-02
  0.1803E+02  0.2674E+01  0.4809E-02
  0.1932E+02  0.2938E+01  0.5277E-02
  0.2061E+02  0.3201E+01  0.6029E-02
  0.2190E+02  0.3456E+01  0.6796E-02
  0.2318E+02  0.3696E+01  0.7368E-02
  0.2447E+02  0.3916E+01  0.7637E-02
  0.2576E+02  0.4112E+01  0.7597E-02
  0.2705E+02  0.4279E+01  0.7327E-02
  0.2834E+02  0.4416E+01  0.6978E-02
  0.2962E+02  0.4522E+01  0.6720E-02
  0.3091E+02  0.4598E+01  0.6675E-02
  0.3220E+02  0.4644E+01  0.6847E-02
  0.3349E+02  0.4663E+01  0.7140E-02
  0.3478E+02  0.4658E+01  0.7434E-02
  0.3606E+02  0.4631E+01  0.7655E-02
  0.3735E+02  0.4585E+01  0.7792E-02
  0.3864E+02  0.4521E+01  0.7894E-02
  0.3993E+02  0.4443E+01  0.8026E-02
  0.4122E+02  0.4351E+01  0.8234E-02
  0.4250E+02  0.4247E+01  0.8514E-02
  0.4379E+02  0.4133E+01  0.8823E-02
  0.4508E+02  0.4010E+01  0.9105E-02
  0.4637E+02  0.3879E+01  0.9330E-02
  0.4766E+02  0.3743E+01  0.9508E-02
  0.4894E+02  0.3602E+01  0.9687E-02
  0.5023E+02  0.3460E+01  0.9934E-02
  0.5152E+02  0.3319E+01  0.1029E-01
  0.5281E+02  0.3181E+01  0.1076E-01
  0.5410E+02  0.3049E+01  0.1129E-01
  0.5538E+02  0.2925E+01  0.1178E-01
  0.5667E+02  0.2810E+01  0.1218E-01
  0.5796E+02  0.2707E+01  0.1243E-01
  0.5925E+02  0.2614E+01  0.1251E-01
  0.6054E+02  0.2534E+01  0.1247E-01
  0.6182E+02  0.2463E+01  0.1234E-01
  0.6311E+02  0.2401E+01  0.1222E-01
  0.6440E+02  0.2346E+01  0.1215E-01
  0.6569E+02  0.2295E+01  0.1217E-01
  0.6698E+02  0.2247E+01  0.1229E-01
  0.6826E+02  0.2198E+01  0.1251E-01
  0.6955E+02  0.2147E+01  0.1280E-01
  0.7084E+02  0.2093E+01  0.1314E-01
  0.7213E+02  0.2034E+01  0.1350E-01
  0.7342E+02  0.1970E+01  0.1385E-01
  0.7470E+02  0.1901E+01  0.1416E-01
  0.7599E+02  0.1828E+01  0.1438E-01
  0.7728E+02  0.1752E+01  0.1446E-01
  0.7857E+02  0.1674E+01  0.1440E-01
  0.7986E+02  0.1596E+01  0.1418E-01
  0.8114E+02  0.1518E+01  0.1383E-01
  0.8243E+02  0.1442E+01  0.1340E-01
  0.8372E+02  0.1368E+01  0.1293E-01
  0.8501E+02  0.1297E+01  0.1252E-01
  0.8630E+02  0.1229E+01  0.1220E-01
  0.8758E+02  0.1165E+01  0.1204E-01
  0.8887E+02  0.1103E+01  0.1204E-01
  0.9016E+02  0.1043E+01  0.1224E-01
  0.9145E+02  0.9861E+00  0.1262E-01
  0.9274E+02  0.9302E+00  0.1320E-01
  0.9402E+02  0.8754E+00  0.1393E-01
  0.9531E+02  0.8215E+00  0.1477E-01
  0.9660E+02  0.7683E+00  0.1564E-01
  0.9789E+02  0.7158E+00  0.1646E-01
  0.9918E+02  0.6641E+00  0.1715E-01
  0.1005E+03  0.6136E+00  0.1762E-01
  0.1018E+03  0.5643E+00  0.1785E-01
  0.1030E+03  0.5166E+00  0.1782E-01
  0.1043E+03  0.4708E+00  0.1758E-01
  0.1056E+03  0.4270E+00  0.1719E-01
  0.1069E+03  0.3854E+00  0.1677E-01
  0.1082E+03  0.3461E+00  0.1642E-01
  0.1095E+03  0.3092E+00  0.1623E-01
  0.1108E+03  0.2747E+00  0.1625E-01
  0.1121E+03  0.2426E+00  0.1645E-01
  0.1133E+03  0.2130E+00  0.1678E-01
  0.1146E+03  0.1858E+00  0.1712E-01
  0.1159E+03  0.1611E+00  0.1736E-01
  0.1172E+03  0.1389E+00  0.1741E-01
  0.1185E+03  0.1190E+00  0.1718E-01
  0.1198E+03  0.1013E+00  0.1660E-01
  0.1211E+03  0.8555E-01  0.1562E-01
  0.1224E+03  0.7130E-01  0.1420E-01
  0.1236E+03  0.5803E-01  0.1233E-01
  0.1249E+03  0.4508E-01  0.9987E-02
  0.1262E+03  0.3166E-01  0.7157E-02
  0.1275E+03  0.1692E-01  0.3832E-02
  0.1288E+03  0.0000E+00  0.0000E+00
          Reciprocal space: Rg =   37.37     , I(0) =   0.3184E+04
     Real space: Rg =   37.43 +- 0.098  I(0) =   0.3184E+04 +-  0.6533E+01
