
           ####    G N O M   ---   Version 4.5a revised 09/02/02     ####

                                                  Sun Nov  5 12:16:23 2017
           ===    Run No   1   ===
 Run title:  0.000356363 0 0


  Number of points omitted at the end:         291
   *******   Working Directory :
   *******    Input file(s) : 24697_01C_S059_0_01.sub
           Condition P(rmin) = 0 is used. 
           Condition P(rmax) = 0 is used. 

          Experimental conditions for the first run
          -----------------------------------------

          Highest ALPHA is found to be   0.4227E+02

  The measure of inconsistency AN1 equals to    0.1094E+01

          Warning: using the chosen range in the real space 
             it is not possible to fit the data set within the
             given error band. 
     Alpha    Discrp  Oscill  Stabil  Sysdev  Positv  Valcen    Total   
  0.4227E+05 27.0323  1.1803  0.9276  0.1818  1.0000  0.8584  0.00001
  0.8453E+04 21.8409  1.1795  0.7410  0.3636  1.0000  0.8591  0.00001
  0.1691E+04 11.9092  1.1822  0.3723  0.3182  1.0000  0.8611  0.00001
  0.3381E+03  5.2095  1.2400  0.1327  0.2841  1.0000  0.8616  0.00001
  0.6763E+02  2.1395  1.4137  0.0867  0.4773  1.0000  0.8565  0.47577
  0.1353E+02  0.9270  1.5525  0.0355  0.7045  1.0000  0.8558  0.62987
  0.2705E+01  0.7054  1.6143  0.0130  0.7841  1.0000  0.8573  0.71097
  0.5410E+00  0.6835  1.6427  0.0103  0.7727  1.0000  0.8575  0.55053
  0.1082E+00  0.6793  1.6748  0.0124  0.7727  0.9999  0.8569  0.49138
  0.2164E-01  0.6777  1.7364  0.0139  0.7614  0.9998  0.8561  0.49062
  0.4328E-02  0.6772  1.8152  0.0092  0.7727  0.9997  0.8554  0.46141
  0.8656E-03  0.6771  1.9617  0.0384  0.7614  0.9994  0.8551  0.10000
  0.1731E-03  0.6767  3.5067  0.1625  0.7614  0.9972  0.8505  0.10000
  0.3463E-04  0.6756  9.0228  0.3387  0.7614  0.9693  0.7613  0.10000
  0.6925E-05  0.6748 12.8850  0.1993  0.7727  0.9117  0.5427  0.10000
  0.1385E-05  0.6747 13.6838  0.0931  0.7727  0.8890  0.5005  0.10000
  0.2770E-06  0.6747 14.2432  0.2326  0.7727  0.8776  0.4791  0.10000
  0.5540E-07  0.6746 20.4951  0.7070  0.7727  0.8324  0.3581  0.10000
  0.1108E-07  0.6744 25.3497  0.9612  0.7727  0.7695  0.2588  0.10000
  0.2216E-08  0.6732 25.9228  0.9788  0.7727  0.7460  0.2625  0.10000
  0.4432E-09  0.6674 26.1246  0.9538  0.7727  0.7411  0.2668  0.10000
  0.8864E-10  0.6432 26.6736  0.8584  0.7841  0.7419  0.2894  0.10000
  0.1773E-10  0.5697 28.4286  0.6926  0.7841  0.7432  0.3422  0.10000
  0.3546E-11  0.4277 31.4808  0.5077  0.8182  0.7392  0.3761  0.10000
  0.7091E-12  0.2644 34.9400  0.3498  0.8636  0.7294  0.3459  0.10000
  0.1418E-12  0.1281 39.6421  0.2275  0.7841  0.7223  0.3262  0.10000
  0.2837E-13  0.0428 43.5923  0.1080  0.8068  0.7208  0.3231  0.10000
  0.5673E-14  0.0104 45.2152  0.0323  0.8068  0.7208  0.3179  0.10000
  0.1135E-14  0.0022 45.6346  0.0072  0.8068  0.7207  0.3163  0.10000
  0.2269E-15  0.0004 45.7240  0.0015  0.8068  0.7207  0.3159  0.10000
  0.4538E-16  0.0001 45.7422  0.0003  0.8068  0.7207  0.3159  0.10000

          ***  Golden section search to maximize estimate ***
     Alpha    Discrp  Oscill  Stabil  Sysdev  Positv  Valcen    Total   
  0.1463E+01  0.6916  1.6265  0.0105  0.7727  1.0000  0.8576  0.64426
  0.3421E+01  0.7151  1.6085  0.0148  0.7614  1.0000  0.8572  0.69980
  0.2139E+01  0.6987  1.6194  0.0117  0.7841  1.0000  0.8574  0.68944
  0.2959E+01  0.7087  1.6121  0.0136  0.7841  1.0000  0.8573  0.71878
  0.3128E+01  0.7110  1.6108  0.0140  0.7727  1.0000  0.8572  0.71174
  0.2859E+01  0.7074  1.6130  0.0134  0.7841  1.0000  0.8573  0.71583
  0.3022E+01  0.7095  1.6116  0.0138  0.7841  1.0000  0.8573  0.72059
  0.3062E+01  0.7101  1.6113  0.0139  0.7727  1.0000  0.8572  0.71290
  0.2998E+01  0.7092  1.6118  0.0137  0.7841  1.0000  0.8573  0.71990
  0.3037E+01  0.7097  1.6115  0.0138  0.7727  1.0000  0.8573  0.71325
  0.3013E+01  0.7094  1.6117  0.0138  0.7841  1.0000  0.8573  0.72033
  0.3028E+01  0.7096  1.6116  0.0138  0.7841  1.0000  0.8573  0.72076
  0.3032E+01  0.7097  1.6116  0.0138  0.7841  1.0000  0.8573  0.72086
  0.3034E+01  0.7097  1.6115  0.0138  0.7727  1.0000  0.8573  0.71315
  0.3032E+01  0.7097  1.6116  0.0138  0.7841  1.0000  0.8573  0.72086



             ####            Final results            ####

 Parameter    DISCRP    OSCILL    STABIL    SYSDEV    POSITV    VALCEN
 Weight        1.000     3.000     3.000     4.000     1.000     1.000
 Sigma         0.500     0.600     0.120     0.200     0.120     0.120
 Ideal         1.000     1.100     0.000     1.000     1.000     0.950
 Current       0.710     1.612     0.014     0.784     1.000     0.857
                - - - - - - - - - - - - - - - - - - - - - - - - - 
 Estimate      0.714     0.483     0.987     0.312     1.000     0.550

  Angular   range    :     from    0.0078   to    0.3350
  Real space range   :     from      0.00   to    114.50

  Highest ALPHA (theor) :   0.423E+05                 JOB = 0
  Current ALPHA         :   0.303E+01   Rg :  0.309E+02   I(0) :   0.570E+03

           Total  estimate : 0.721  which is  A REASONABLE  solution

      S          J EXP       ERROR       J REG       I REG

  0.0000E+00                                      0.5696E+03
  0.9742E-03                                      0.5694E+03
  0.1948E-02                                      0.5689E+03
  0.2923E-02                                      0.5681E+03
  0.3897E-02                                      0.5669E+03
  0.4871E-02                                      0.5653E+03
  0.5845E-02                                      0.5634E+03
  0.6819E-02                                      0.5612E+03
  0.7793E-02  0.6795E+03  0.1184E+03  0.5587E+03  0.5587E+03
  0.8723E-02  0.6979E+03  0.1169E+03  0.5560E+03  0.5560E+03
  0.9653E-02  0.6206E+03  0.9450E+02  0.5530E+03  0.5530E+03
  0.1058E-01  0.5993E+03  0.7344E+02  0.5497E+03  0.5497E+03
  0.1151E-01  0.5766E+03  0.4442E+02  0.5461E+03  0.5461E+03
  0.1244E-01  0.5474E+03  0.2786E+02  0.5423E+03  0.5423E+03
  0.1337E-01  0.5517E+03  0.2076E+02  0.5382E+03  0.5382E+03
  0.1430E-01  0.5198E+03  0.1621E+02  0.5339E+03  0.5339E+03
  0.1523E-01  0.5123E+03  0.1355E+02  0.5293E+03  0.5293E+03
  0.1616E-01  0.5376E+03  0.1154E+02  0.5244E+03  0.5244E+03
  0.1709E-01  0.5273E+03  0.1063E+02  0.5194E+03  0.5194E+03
  0.1802E-01  0.5115E+03  0.9540E+01  0.5141E+03  0.5141E+03
  0.1895E-01  0.5078E+03  0.9355E+01  0.5086E+03  0.5086E+03
  0.1988E-01  0.5037E+03  0.8527E+01  0.5029E+03  0.5029E+03
  0.2081E-01  0.4863E+03  0.8005E+01  0.4971E+03  0.4971E+03
  0.2174E-01  0.4845E+03  0.7633E+01  0.4910E+03  0.4910E+03
  0.2267E-01  0.4853E+03  0.7175E+01  0.4848E+03  0.4848E+03
  0.2360E-01  0.4981E+03  0.6811E+01  0.4784E+03  0.4784E+03
  0.2453E-01  0.4725E+03  0.6343E+01  0.4718E+03  0.4718E+03
  0.2546E-01  0.4591E+03  0.6373E+01  0.4652E+03  0.4652E+03
  0.2639E-01  0.4561E+03  0.6245E+01  0.4584E+03  0.4584E+03
  0.2732E-01  0.4399E+03  0.6192E+01  0.4514E+03  0.4514E+03
  0.2825E-01  0.4338E+03  0.6336E+01  0.4444E+03  0.4444E+03
  0.2918E-01  0.4309E+03  0.6226E+01  0.4373E+03  0.4373E+03
  0.3010E-01  0.4323E+03  0.5949E+01  0.4301E+03  0.4301E+03
  0.3103E-01  0.4236E+03  0.5917E+01  0.4228E+03  0.4228E+03
  0.3196E-01  0.4270E+03  0.5592E+01  0.4155E+03  0.4155E+03
  0.3289E-01  0.4090E+03  0.5360E+01  0.4080E+03  0.4080E+03
  0.3382E-01  0.4059E+03  0.5135E+01  0.4006E+03  0.4006E+03
  0.3475E-01  0.3951E+03  0.5169E+01  0.3931E+03  0.3931E+03
  0.3568E-01  0.3787E+03  0.4962E+01  0.3856E+03  0.3856E+03
  0.3661E-01  0.3763E+03  0.4903E+01  0.3781E+03  0.3781E+03
  0.3754E-01  0.3655E+03  0.4897E+01  0.3706E+03  0.3706E+03
  0.3847E-01  0.3730E+03  0.4633E+01  0.3630E+03  0.3630E+03
  0.3940E-01  0.3652E+03  0.4638E+01  0.3555E+03  0.3555E+03
  0.4033E-01  0.3518E+03  0.4551E+01  0.3480E+03  0.3480E+03
  0.4126E-01  0.3389E+03  0.4585E+01  0.3406E+03  0.3406E+03
  0.4219E-01  0.3322E+03  0.4499E+01  0.3331E+03  0.3331E+03
  0.4312E-01  0.3251E+03  0.4410E+01  0.3258E+03  0.3258E+03
  0.4405E-01  0.3211E+03  0.4617E+01  0.3184E+03  0.3184E+03
  0.4498E-01  0.3089E+03  0.4525E+01  0.3111E+03  0.3111E+03
  0.4591E-01  0.3067E+03  0.4467E+01  0.3039E+03  0.3039E+03
  0.4684E-01  0.2967E+03  0.4400E+01  0.2967E+03  0.2967E+03
  0.4777E-01  0.2842E+03  0.4303E+01  0.2897E+03  0.2897E+03
  0.4870E-01  0.2845E+03  0.4204E+01  0.2827E+03  0.2827E+03
  0.4963E-01  0.2775E+03  0.4126E+01  0.2757E+03  0.2757E+03
  0.5056E-01  0.2707E+03  0.4069E+01  0.2689E+03  0.2689E+03
  0.5149E-01  0.2673E+03  0.4023E+01  0.2622E+03  0.2622E+03
  0.5242E-01  0.2585E+03  0.3986E+01  0.2555E+03  0.2555E+03
  0.5335E-01  0.2499E+03  0.4069E+01  0.2489E+03  0.2489E+03
  0.5428E-01  0.2391E+03  0.4138E+01  0.2425E+03  0.2425E+03
  0.5521E-01  0.2407E+03  0.3803E+01  0.2361E+03  0.2361E+03
  0.5613E-01  0.2281E+03  0.3751E+01  0.2299E+03  0.2299E+03
  0.5706E-01  0.2246E+03  0.3774E+01  0.2237E+03  0.2237E+03
  0.5799E-01  0.2105E+03  0.3659E+01  0.2177E+03  0.2177E+03
  0.5892E-01  0.2063E+03  0.3703E+01  0.2118E+03  0.2118E+03
  0.5985E-01  0.2092E+03  0.3707E+01  0.2060E+03  0.2060E+03
  0.6078E-01  0.2000E+03  0.3663E+01  0.2003E+03  0.2003E+03
  0.6171E-01  0.1984E+03  0.3793E+01  0.1947E+03  0.1947E+03
  0.6264E-01  0.1939E+03  0.3687E+01  0.1892E+03  0.1892E+03
  0.6357E-01  0.1847E+03  0.3665E+01  0.1838E+03  0.1838E+03
  0.6450E-01  0.1849E+03  0.3482E+01  0.1786E+03  0.1786E+03
  0.6543E-01  0.1683E+03  0.3441E+01  0.1734E+03  0.1734E+03
  0.6636E-01  0.1612E+03  0.3525E+01  0.1684E+03  0.1684E+03
  0.6729E-01  0.1681E+03  0.3348E+01  0.1635E+03  0.1635E+03
  0.6822E-01  0.1594E+03  0.3366E+01  0.1587E+03  0.1587E+03
  0.6915E-01  0.1579E+03  0.3268E+01  0.1540E+03  0.1540E+03
  0.7008E-01  0.1579E+03  0.3179E+01  0.1494E+03  0.1494E+03
  0.7101E-01  0.1540E+03  0.3207E+01  0.1449E+03  0.1449E+03
  0.7194E-01  0.1426E+03  0.3193E+01  0.1405E+03  0.1405E+03
  0.7287E-01  0.1329E+03  0.3177E+01  0.1362E+03  0.1362E+03
  0.7380E-01  0.1377E+03  0.3137E+01  0.1320E+03  0.1320E+03
  0.7473E-01  0.1331E+03  0.3164E+01  0.1279E+03  0.1279E+03
  0.7566E-01  0.1282E+03  0.3283E+01  0.1239E+03  0.1239E+03
  0.7659E-01  0.1151E+03  0.3199E+01  0.1201E+03  0.1201E+03
  0.7752E-01  0.1150E+03  0.3300E+01  0.1163E+03  0.1163E+03
  0.7845E-01  0.1103E+03  0.3097E+01  0.1126E+03  0.1126E+03
  0.7938E-01  0.1029E+03  0.3068E+01  0.1089E+03  0.1089E+03
  0.8031E-01  0.9789E+02  0.3056E+01  0.1054E+03  0.1054E+03
  0.8123E-01  0.9841E+02  0.2926E+01  0.1020E+03  0.1020E+03
  0.8216E-01  0.1016E+03  0.2981E+01  0.9863E+02  0.9863E+02
  0.8309E-01  0.9765E+02  0.2927E+01  0.9537E+02  0.9537E+02
  0.8402E-01  0.8984E+02  0.2858E+01  0.9219E+02  0.9219E+02
  0.8495E-01  0.9150E+02  0.2801E+01  0.8909E+02  0.8909E+02
  0.8588E-01  0.9064E+02  0.2818E+01  0.8607E+02  0.8607E+02
  0.8681E-01  0.8264E+02  0.2868E+01  0.8313E+02  0.8313E+02
  0.8774E-01  0.7896E+02  0.2772E+01  0.8027E+02  0.8027E+02
  0.8867E-01  0.7971E+02  0.2887E+01  0.7748E+02  0.7748E+02
  0.8960E-01  0.7916E+02  0.2871E+01  0.7477E+02  0.7477E+02
  0.9053E-01  0.6761E+02  0.2758E+01  0.7213E+02  0.7213E+02
  0.9146E-01  0.6568E+02  0.2812E+01  0.6956E+02  0.6956E+02
  0.9239E-01  0.6695E+02  0.2768E+01  0.6706E+02  0.6706E+02
  0.9332E-01  0.6349E+02  0.2811E+01  0.6464E+02  0.6464E+02
  0.9425E-01  0.6567E+02  0.2722E+01  0.6228E+02  0.6228E+02
  0.9518E-01  0.6140E+02  0.2739E+01  0.5998E+02  0.5998E+02
  0.9611E-01  0.5585E+02  0.2727E+01  0.5776E+02  0.5776E+02
  0.9704E-01  0.5545E+02  0.2606E+01  0.5559E+02  0.5559E+02
  0.9797E-01  0.5575E+02  0.2620E+01  0.5350E+02  0.5350E+02
  0.9890E-01  0.5502E+02  0.2636E+01  0.5146E+02  0.5146E+02
  0.9983E-01  0.4973E+02  0.2624E+01  0.4949E+02  0.4949E+02
  0.1008E+00  0.5200E+02  0.2541E+01  0.4758E+02  0.4758E+02
  0.1017E+00  0.4909E+02  0.2531E+01  0.4573E+02  0.4573E+02
  0.1026E+00  0.4227E+02  0.2567E+01  0.4393E+02  0.4393E+02
  0.1035E+00  0.4430E+02  0.2473E+01  0.4220E+02  0.4220E+02
  0.1045E+00  0.4094E+02  0.2500E+01  0.4053E+02  0.4053E+02
  0.1054E+00  0.3824E+02  0.2513E+01  0.3891E+02  0.3891E+02
  0.1063E+00  0.3595E+02  0.2529E+01  0.3734E+02  0.3734E+02
  0.1073E+00  0.3667E+02  0.2547E+01  0.3583E+02  0.3583E+02
  0.1082E+00  0.3144E+02  0.2519E+01  0.3438E+02  0.3438E+02
  0.1091E+00  0.3570E+02  0.2548E+01  0.3298E+02  0.3298E+02
  0.1101E+00  0.3075E+02  0.2474E+01  0.3163E+02  0.3163E+02
  0.1110E+00  0.3457E+02  0.2493E+01  0.3034E+02  0.3034E+02
  0.1119E+00  0.2319E+02  0.2456E+01  0.2909E+02  0.2909E+02
  0.1128E+00  0.2609E+02  0.2370E+01  0.2790E+02  0.2790E+02
  0.1138E+00  0.2949E+02  0.2422E+01  0.2675E+02  0.2675E+02
  0.1147E+00  0.2080E+02  0.2357E+01  0.2565E+02  0.2565E+02
  0.1156E+00  0.1661E+02  0.2377E+01  0.2460E+02  0.2460E+02
  0.1166E+00  0.2218E+02  0.2427E+01  0.2359E+02  0.2359E+02
  0.1175E+00  0.2365E+02  0.2457E+01  0.2263E+02  0.2263E+02
  0.1184E+00  0.2371E+02  0.2508E+01  0.2171E+02  0.2171E+02
  0.1193E+00  0.1857E+02  0.2472E+01  0.2084E+02  0.2084E+02
  0.1203E+00  0.1577E+02  0.2498E+01  0.2000E+02  0.2000E+02
  0.1212E+00  0.1546E+02  0.2395E+01  0.1921E+02  0.1921E+02
  0.1221E+00  0.1846E+02  0.2516E+01  0.1846E+02  0.1846E+02
  0.1231E+00  0.1570E+02  0.2418E+01  0.1774E+02  0.1774E+02
  0.1240E+00  0.1334E+02  0.2378E+01  0.1707E+02  0.1707E+02
  0.1249E+00  0.1335E+02  0.2404E+01  0.1643E+02  0.1643E+02
  0.1259E+00  0.1717E+02  0.2350E+01  0.1582E+02  0.1582E+02
  0.1268E+00  0.1716E+02  0.2382E+01  0.1525E+02  0.1525E+02
  0.1277E+00  0.1423E+02  0.2414E+01  0.1471E+02  0.1471E+02
  0.1286E+00  0.1750E+02  0.2384E+01  0.1420E+02  0.1420E+02
  0.1296E+00  0.1863E+02  0.2463E+01  0.1372E+02  0.1372E+02
  0.1305E+00  0.2072E+02  0.2396E+01  0.1327E+02  0.1327E+02
  0.1314E+00  0.1768E+02  0.2436E+01  0.1285E+02  0.1285E+02
  0.1324E+00  0.1233E+02  0.2352E+01  0.1245E+02  0.1245E+02
  0.1333E+00  0.1175E+02  0.2415E+01  0.1208E+02  0.1208E+02
  0.1342E+00  0.8820E+01  0.2387E+01  0.1174E+02  0.1174E+02
  0.1352E+00  0.5050E+01  0.2387E+01  0.1141E+02  0.1141E+02
  0.1361E+00  0.5270E+01  0.2401E+01  0.1111E+02  0.1111E+02
  0.1370E+00  0.2310E+01  0.2318E+01  0.1083E+02  0.1083E+02
  0.1379E+00  0.3090E+01  0.2341E+01  0.1057E+02  0.1057E+02
  0.1389E+00  0.9940E+01  0.2352E+01  0.1033E+02  0.1033E+02
  0.1398E+00  0.1295E+02  0.2334E+01  0.1011E+02  0.1011E+02
  0.1407E+00  0.1048E+02  0.2319E+01  0.9900E+01  0.9900E+01
  0.1417E+00  0.8920E+01  0.2347E+01  0.9709E+01  0.9709E+01
  0.1426E+00  0.8300E+01  0.2356E+01  0.9531E+01  0.9531E+01
  0.1435E+00  0.1051E+02  0.2260E+01  0.9368E+01  0.9368E+01
  0.1445E+00  0.8200E+01  0.2273E+01  0.9217E+01  0.9217E+01
  0.1454E+00  0.5240E+01  0.2286E+01  0.9078E+01  0.9078E+01
  0.1463E+00  0.2600E+01  0.2286E+01  0.8950E+01  0.8950E+01
  0.1472E+00  0.5840E+01  0.2299E+01  0.8833E+01  0.8833E+01
  0.1482E+00  0.6160E+01  0.2186E+01  0.8724E+01  0.8724E+01
  0.1491E+00  0.1264E+02  0.2285E+01  0.8625E+01  0.8625E+01
  0.1500E+00  0.1468E+02  0.2298E+01  0.8533E+01  0.8533E+01
  0.1510E+00  0.1222E+02  0.2280E+01  0.8449E+01  0.8449E+01
  0.1519E+00  0.7040E+01  0.2321E+01  0.8372E+01  0.8372E+01
  0.1528E+00  0.7870E+01  0.2289E+01  0.8302E+01  0.8302E+01
  0.1537E+00  0.1177E+02  0.2372E+01  0.8237E+01  0.8237E+01
  0.1547E+00  0.8220E+01  0.2244E+01  0.8177E+01  0.8177E+01
  0.1556E+00  0.6970E+01  0.2274E+01  0.8122E+01  0.8122E+01
  0.1565E+00  0.4670E+01  0.2224E+01  0.8071E+01  0.8071E+01
  0.1575E+00  0.4550E+01  0.2193E+01  0.8024E+01  0.8024E+01
  0.1584E+00  0.1047E+02  0.2265E+01  0.7980E+01  0.7980E+01
  0.1593E+00  0.8790E+01  0.2195E+01  0.7940E+01  0.7940E+01
  0.1603E+00  0.6440E+01  0.2202E+01  0.7903E+01  0.7903E+01
  0.1612E+00  0.1218E+02  0.2190E+01  0.7869E+01  0.7869E+01
  0.1621E+00  0.7900E+01  0.2174E+01  0.7836E+01  0.7836E+01
  0.1630E+00  0.2040E+01  0.2165E+01  0.7806E+01  0.7806E+01
  0.1640E+00  0.7890E+01  0.2132E+01  0.7777E+01  0.7777E+01
  0.1649E+00  0.9760E+01  0.2208E+01  0.7751E+01  0.7751E+01
  0.1658E+00  0.8230E+01  0.2251E+01  0.7726E+01  0.7726E+01
  0.1668E+00  0.1145E+02  0.2284E+01  0.7702E+01  0.7702E+01
  0.1677E+00  0.9170E+01  0.2294E+01  0.7680E+01  0.7680E+01
  0.1686E+00  0.7010E+01  0.2222E+01  0.7658E+01  0.7658E+01
  0.1696E+00  0.1340E+01  0.2255E+01  0.7638E+01  0.7638E+01
  0.1705E+00  0.4500E+01  0.2238E+01  0.7618E+01  0.7618E+01
  0.1714E+00  0.7940E+01  0.2214E+01  0.7599E+01  0.7599E+01
  0.1723E+00  0.8030E+01  0.2221E+01  0.7581E+01  0.7581E+01
  0.1733E+00  0.3480E+01  0.2203E+01  0.7564E+01  0.7564E+01
  0.1742E+00  0.7730E+01  0.2244E+01  0.7547E+01  0.7547E+01
  0.1751E+00  0.5510E+01  0.2209E+01  0.7531E+01  0.7531E+01
  0.1761E+00  0.5180E+01  0.2192E+01  0.7515E+01  0.7515E+01
  0.1770E+00  0.7880E+01  0.2206E+01  0.7499E+01  0.7499E+01
  0.1779E+00  0.7200E+01  0.2190E+01  0.7484E+01  0.7484E+01
  0.1788E+00  0.1108E+02  0.2220E+01  0.7469E+01  0.7469E+01
  0.1798E+00  0.5170E+01  0.2134E+01  0.7454E+01  0.7454E+01
  0.1807E+00  0.4700E+01  0.2206E+01  0.7439E+01  0.7439E+01
  0.1816E+00  0.8150E+01  0.2193E+01  0.7424E+01  0.7424E+01
  0.1826E+00  0.1266E+02  0.2203E+01  0.7409E+01  0.7409E+01
  0.1835E+00  0.8150E+01  0.2178E+01  0.7394E+01  0.7394E+01
  0.1844E+00  0.7370E+01  0.2195E+01  0.7379E+01  0.7379E+01
  0.1854E+00  0.1049E+02  0.2243E+01  0.7363E+01  0.7363E+01
  0.1863E+00  0.8820E+01  0.2189E+01  0.7347E+01  0.7347E+01
  0.1872E+00  0.8280E+01  0.2180E+01  0.7331E+01  0.7331E+01
  0.1881E+00  0.7200E+01  0.2215E+01  0.7315E+01  0.7315E+01
  0.1891E+00  0.5330E+01  0.2215E+01  0.7297E+01  0.7297E+01
  0.1900E+00  0.9300E+01  0.2230E+01  0.7279E+01  0.7279E+01
  0.1909E+00  0.1302E+02  0.2230E+01  0.7261E+01  0.7261E+01
  0.1919E+00  0.9100E+01  0.2167E+01  0.7241E+01  0.7241E+01
  0.1928E+00  0.7270E+01  0.2174E+01  0.7221E+01  0.7221E+01
  0.1937E+00  0.6370E+01  0.2143E+01  0.7200E+01  0.7200E+01
  0.1947E+00  0.9280E+01  0.2199E+01  0.7178E+01  0.7178E+01
  0.1956E+00  0.4760E+01  0.2136E+01  0.7155E+01  0.7155E+01
  0.1965E+00  0.4100E+01  0.2162E+01  0.7131E+01  0.7131E+01
  0.1974E+00  0.2320E+01  0.2191E+01  0.7105E+01  0.7105E+01
  0.1984E+00  0.8140E+01  0.2175E+01  0.7078E+01  0.7078E+01
  0.1993E+00  0.1290E+02  0.2192E+01  0.7050E+01  0.7050E+01
  0.2002E+00  0.1173E+02  0.2232E+01  0.7021E+01  0.7021E+01
  0.2012E+00  0.2070E+01  0.2223E+01  0.6990E+01  0.6990E+01
  0.2021E+00  0.1740E+01  0.2199E+01  0.6958E+01  0.6958E+01
  0.2030E+00  0.4490E+01  0.2193E+01  0.6925E+01  0.6925E+01
  0.2039E+00  0.7710E+01  0.2157E+01  0.6890E+01  0.6890E+01
  0.2049E+00  0.6500E+01  0.2168E+01  0.6853E+01  0.6853E+01
  0.2058E+00  0.2420E+01  0.2152E+01  0.6815E+01  0.6815E+01
  0.2067E+00  0.8200E+01  0.2163E+01  0.6776E+01  0.6776E+01
  0.2077E+00  0.6990E+01  0.2153E+01  0.6735E+01  0.6735E+01
  0.2086E+00  0.4350E+01  0.2162E+01  0.6693E+01  0.6693E+01
  0.2095E+00  0.5860E+01  0.2168E+01  0.6649E+01  0.6649E+01
  0.2105E+00  0.1061E+02  0.2165E+01  0.6604E+01  0.6604E+01
  0.2114E+00  0.1287E+02  0.2148E+01  0.6558E+01  0.6558E+01
  0.2123E+00  0.4430E+01  0.2219E+01  0.6510E+01  0.6510E+01
  0.2132E+00  0.6160E+01  0.2207E+01  0.6461E+01  0.6461E+01
  0.2142E+00  0.8510E+01  0.2254E+01  0.6411E+01  0.6411E+01
  0.2151E+00  0.1089E+02  0.2320E+01  0.6360E+01  0.6360E+01
  0.2160E+00  0.1408E+02  0.2256E+01  0.6308E+01  0.6308E+01
  0.2170E+00  0.1192E+02  0.2278E+01  0.6255E+01  0.6255E+01
  0.2179E+00  0.1052E+02  0.2256E+01  0.6201E+01  0.6201E+01
  0.2188E+00  0.9780E+01  0.2258E+01  0.6146E+01  0.6146E+01
  0.2198E+00  0.9940E+01  0.2259E+01  0.6091E+01  0.6091E+01
  0.2207E+00  0.6690E+01  0.2266E+01  0.6035E+01  0.6035E+01
  0.2216E+00  0.5620E+01  0.2353E+01  0.5979E+01  0.5979E+01
  0.2225E+00  0.5110E+01  0.2350E+01  0.5923E+01  0.5923E+01
  0.2235E+00  0.3710E+01  0.2388E+01  0.5866E+01  0.5866E+01
  0.2244E+00  0.6920E+01  0.2372E+01  0.5809E+01  0.5809E+01
  0.2253E+00  0.5980E+01  0.2416E+01  0.5752E+01  0.5752E+01
  0.2263E+00 -0.6200E+00  0.2379E+01  0.5695E+01  0.5695E+01
  0.2272E+00  0.2500E+01  0.2337E+01  0.5638E+01  0.5638E+01
  0.2281E+00  0.5390E+01  0.2386E+01  0.5582E+01  0.5582E+01
  0.2290E+00 -0.1240E+01  0.2371E+01  0.5526E+01  0.5526E+01
  0.2300E+00  0.5740E+01  0.2404E+01  0.5471E+01  0.5471E+01
  0.2309E+00  0.3710E+01  0.2418E+01  0.5416E+01  0.5416E+01
  0.2318E+00  0.3850E+01  0.2339E+01  0.5362E+01  0.5362E+01
  0.2328E+00  0.6910E+01  0.2402E+01  0.5308E+01  0.5308E+01
  0.2337E+00  0.4670E+01  0.2388E+01  0.5255E+01  0.5255E+01
  0.2346E+00  0.7070E+01  0.2351E+01  0.5204E+01  0.5204E+01
  0.2356E+00  0.7820E+01  0.2400E+01  0.5153E+01  0.5153E+01
  0.2365E+00  0.1430E+01  0.2443E+01  0.5103E+01  0.5103E+01
  0.2374E+00  0.5300E+00  0.2420E+01  0.5054E+01  0.5054E+01
  0.2383E+00  0.8800E+00  0.2484E+01  0.5007E+01  0.5007E+01
  0.2393E+00  0.4990E+01  0.2501E+01  0.4960E+01  0.4960E+01
  0.2402E+00  0.8560E+01  0.2455E+01  0.4915E+01  0.4915E+01
  0.2411E+00  0.6700E+01  0.2482E+01  0.4871E+01  0.4871E+01
  0.2421E+00  0.3060E+01  0.2524E+01  0.4828E+01  0.4828E+01
  0.2430E+00  0.3500E+01  0.2488E+01  0.4786E+01  0.4786E+01
  0.2439E+00  0.9780E+01  0.2548E+01  0.4746E+01  0.4746E+01
  0.2449E+00  0.7780E+01  0.2474E+01  0.4707E+01  0.4707E+01
  0.2458E+00  0.5760E+01  0.2544E+01  0.4669E+01  0.4669E+01
  0.2467E+00  0.3620E+01  0.2471E+01  0.4632E+01  0.4632E+01
  0.2476E+00  0.5801E+00  0.2528E+01  0.4596E+01  0.4596E+01
  0.2486E+00 -0.5994E-01  0.2561E+01  0.4562E+01  0.4562E+01
  0.2495E+00  0.5100E+00  0.2559E+01  0.4528E+01  0.4528E+01
  0.2504E+00  0.1580E+01  0.2596E+01  0.4496E+01  0.4496E+01
  0.2514E+00  0.1699E+00  0.2496E+01  0.4465E+01  0.4465E+01
  0.2523E+00  0.4010E+01  0.2740E+01  0.4434E+01  0.4434E+01
  0.2532E+00  0.4810E+01  0.2618E+01  0.4405E+01  0.4405E+01
  0.2541E+00  0.6090E+01  0.2560E+01  0.4377E+01  0.4377E+01
  0.2551E+00  0.8540E+01  0.2688E+01  0.4349E+01  0.4349E+01
  0.2560E+00  0.9100E+01  0.2659E+01  0.4322E+01  0.4322E+01
  0.2569E+00  0.9510E+01  0.2797E+01  0.4296E+01  0.4296E+01
  0.2579E+00  0.1770E+01  0.2823E+01  0.4271E+01  0.4271E+01
  0.2588E+00  0.2850E+01  0.2743E+01  0.4246E+01  0.4246E+01
  0.2597E+00  0.3580E+01  0.2858E+01  0.4222E+01  0.4222E+01
  0.2607E+00  0.9950E+01  0.2793E+01  0.4198E+01  0.4198E+01
  0.2616E+00  0.6950E+01  0.2821E+01  0.4174E+01  0.4174E+01
  0.2625E+00  0.6850E+01  0.2709E+01  0.4151E+01  0.4151E+01
  0.2634E+00 -0.7300E+00  0.2773E+01  0.4129E+01  0.4129E+01
  0.2644E+00  0.3770E+01  0.2813E+01  0.4106E+01  0.4106E+01
  0.2653E+00  0.8150E+01  0.2729E+01  0.4084E+01  0.4084E+01
  0.2662E+00  0.1350E+01  0.2839E+01  0.4062E+01  0.4062E+01
  0.2672E+00  0.1490E+01  0.2681E+01  0.4040E+01  0.4040E+01
  0.2681E+00  0.1350E+01  0.2772E+01  0.4019E+01  0.4019E+01
  0.2690E+00 -0.1250E+01  0.2823E+01  0.3997E+01  0.3997E+01
  0.2700E+00  0.3350E+01  0.2794E+01  0.3975E+01  0.3975E+01
  0.2709E+00  0.3240E+01  0.2814E+01  0.3954E+01  0.3954E+01
  0.2718E+00 -0.4301E+00  0.2733E+01  0.3932E+01  0.3932E+01
  0.2727E+00  0.2530E+01  0.2785E+01  0.3910E+01  0.3910E+01
  0.2737E+00  0.8680E+01  0.2855E+01  0.3889E+01  0.3889E+01
  0.2746E+00  0.4750E+01  0.2817E+01  0.3867E+01  0.3867E+01
  0.2755E+00  0.9950E+01  0.2884E+01  0.3845E+01  0.3845E+01
  0.2765E+00  0.6960E+01  0.2870E+01  0.3823E+01  0.3823E+01
  0.2774E+00  0.8550E+01  0.2966E+01  0.3801E+01  0.3801E+01
  0.2783E+00  0.6700E+01  0.2963E+01  0.3779E+01  0.3779E+01
  0.2792E+00 -0.2670E+01  0.2986E+01  0.3757E+01  0.3757E+01
  0.2802E+00  0.1000E+01  0.2987E+01  0.3735E+01  0.3735E+01
  0.2811E+00  0.1240E+01  0.2862E+01  0.3712E+01  0.3712E+01
  0.2820E+00  0.1970E+01  0.2933E+01  0.3690E+01  0.3690E+01
  0.2830E+00 -0.3930E+01  0.2879E+01  0.3668E+01  0.3668E+01
  0.2839E+00 -0.1510E+01  0.2844E+01  0.3646E+01  0.3646E+01
  0.2848E+00  0.9870E+01  0.2933E+01  0.3623E+01  0.3623E+01
  0.2858E+00  0.8120E+01  0.2939E+01  0.3601E+01  0.3601E+01
  0.2867E+00  0.9410E+01  0.2861E+01  0.3579E+01  0.3579E+01
  0.2876E+00  0.1012E+02  0.2826E+01  0.3557E+01  0.3557E+01
  0.2885E+00  0.4540E+01  0.2859E+01  0.3535E+01  0.3535E+01
  0.2895E+00  0.3870E+01  0.2831E+01  0.3513E+01  0.3513E+01
  0.2904E+00  0.4490E+01  0.2817E+01  0.3491E+01  0.3491E+01
  0.2913E+00  0.1810E+01  0.2852E+01  0.3470E+01  0.3470E+01
  0.2923E+00  0.2050E+01  0.2834E+01  0.3448E+01  0.3448E+01
  0.2932E+00  0.5850E+01  0.2894E+01  0.3427E+01  0.3427E+01
  0.2941E+00 -0.5994E-01  0.2837E+01  0.3406E+01  0.3406E+01
  0.2951E+00 -0.3900E+00  0.2870E+01  0.3385E+01  0.3385E+01
  0.2960E+00  0.1960E+01  0.2864E+01  0.3365E+01  0.3365E+01
  0.2969E+00  0.1120E+01  0.2834E+01  0.3345E+01  0.3345E+01
  0.2978E+00 -0.2991E-01  0.2795E+01  0.3325E+01  0.3325E+01
  0.2988E+00  0.6640E+01  0.2893E+01  0.3306E+01  0.3306E+01
  0.2997E+00  0.6510E+01  0.2901E+01  0.3287E+01  0.3287E+01
  0.3006E+00  0.2920E+01  0.2949E+01  0.3268E+01  0.3268E+01
  0.3016E+00  0.8700E+00  0.2940E+01  0.3250E+01  0.3250E+01
  0.3025E+00  0.3310E+01  0.2951E+01  0.3232E+01  0.3232E+01
  0.3034E+00  0.4150E+01  0.2938E+01  0.3214E+01  0.3214E+01
  0.3043E+00  0.8800E+00  0.3009E+01  0.3196E+01  0.3196E+01
  0.3053E+00  0.1500E+01  0.3000E+01  0.3179E+01  0.3179E+01
  0.3062E+00  0.4220E+01  0.2964E+01  0.3163E+01  0.3163E+01
  0.3071E+00  0.5510E+01  0.2997E+01  0.3146E+01  0.3146E+01
  0.3081E+00 -0.1010E+01  0.2943E+01  0.3130E+01  0.3130E+01
  0.3090E+00 -0.2440E+01  0.2964E+01  0.3115E+01  0.3115E+01
  0.3099E+00  0.4020E+01  0.2914E+01  0.3099E+01  0.3099E+01
  0.3109E+00  0.6520E+01  0.2918E+01  0.3084E+01  0.3084E+01
  0.3118E+00  0.7280E+01  0.2965E+01  0.3069E+01  0.3069E+01
  0.3127E+00  0.6340E+01  0.3015E+01  0.3054E+01  0.3054E+01
  0.3136E+00  0.2790E+01  0.2961E+01  0.3040E+01  0.3040E+01
  0.3146E+00  0.3100E+01  0.2963E+01  0.3026E+01  0.3026E+01
  0.3155E+00  0.3770E+01  0.2913E+01  0.3012E+01  0.3012E+01
  0.3164E+00  0.2850E+01  0.2826E+01  0.2998E+01  0.2998E+01
  0.3174E+00 -0.5601E+00  0.2914E+01  0.2984E+01  0.2984E+01
  0.3183E+00 -0.3130E+01  0.2969E+01  0.2971E+01  0.2971E+01
  0.3192E+00  0.7101E+00  0.2896E+01  0.2957E+01  0.2957E+01
  0.3202E+00  0.8700E+00  0.2928E+01  0.2944E+01  0.2944E+01
  0.3211E+00  0.2760E+01  0.2924E+01  0.2931E+01  0.2931E+01
  0.3220E+00  0.7610E+01  0.2817E+01  0.2917E+01  0.2917E+01
  0.3229E+00  0.5710E+01  0.2877E+01  0.2904E+01  0.2904E+01
  0.3239E+00  0.6580E+01  0.2837E+01  0.2891E+01  0.2891E+01
  0.3248E+00  0.8080E+01  0.2920E+01  0.2878E+01  0.2878E+01
  0.3257E+00  0.5150E+01  0.2822E+01  0.2864E+01  0.2864E+01
  0.3267E+00 -0.1310E+01  0.2928E+01  0.2851E+01  0.2851E+01
  0.3276E+00 -0.3450E+01  0.2867E+01  0.2838E+01  0.2838E+01
  0.3285E+00  0.5100E+01  0.2876E+01  0.2825E+01  0.2825E+01
  0.3294E+00  0.1300E+01  0.2972E+01  0.2811E+01  0.2811E+01
  0.3304E+00  0.2910E+01  0.2894E+01  0.2798E+01  0.2798E+01
  0.3313E+00  0.4630E+01  0.2908E+01  0.2784E+01  0.2784E+01
  0.3322E+00  0.9590E+01  0.2955E+01  0.2771E+01  0.2771E+01
  0.3332E+00  0.9600E+00  0.2853E+01  0.2757E+01  0.2757E+01
  0.3341E+00  0.4620E+01  0.2919E+01  0.2743E+01  0.2743E+01
  0.3350E+00  0.8580E+01  0.2913E+01  0.2729E+01  0.2729E+01

           Distance distribution  function of particle  


       R          P(R)      ERROR

  0.0000E+00  0.0000E+00  0.0000E+00
  0.1145E+01  0.2896E-01  0.1532E-02
  0.2290E+01  0.5942E-01  0.2368E-02
  0.3435E+01  0.9144E-01  0.2600E-02
  0.4580E+01  0.1252E+00  0.2382E-02
  0.5725E+01  0.1607E+00  0.1960E-02
  0.6870E+01  0.1983E+00  0.1740E-02
  0.8015E+01  0.2380E+00  0.2056E-02
  0.9160E+01  0.2798E+00  0.2699E-02
  0.1030E+02  0.3239E+00  0.3336E-02
  0.1145E+02  0.3700E+00  0.3796E-02
  0.1260E+02  0.4180E+00  0.4016E-02
  0.1374E+02  0.4675E+00  0.4014E-02
  0.1488E+02  0.5183E+00  0.3869E-02
  0.1603E+02  0.5698E+00  0.3716E-02
  0.1718E+02  0.6214E+00  0.3693E-02
  0.1832E+02  0.6727E+00  0.3874E-02
  0.1946E+02  0.7229E+00  0.4216E-02
  0.2061E+02  0.7715E+00  0.4605E-02
  0.2175E+02  0.8178E+00  0.4938E-02
  0.2290E+02  0.8614E+00  0.5148E-02
  0.2405E+02  0.9017E+00  0.5218E-02
  0.2519E+02  0.9383E+00  0.5169E-02
  0.2634E+02  0.9708E+00  0.5049E-02
  0.2748E+02  0.9989E+00  0.4918E-02
  0.2863E+02  0.1022E+01  0.4826E-02
  0.2977E+02  0.1041E+01  0.4799E-02
  0.3091E+02  0.1054E+01  0.4834E-02
  0.3206E+02  0.1062E+01  0.4908E-02
  0.3320E+02  0.1064E+01  0.4998E-02
  0.3435E+02  0.1061E+01  0.5089E-02
  0.3549E+02  0.1053E+01  0.5176E-02
  0.3664E+02  0.1039E+01  0.5259E-02
  0.3779E+02  0.1020E+01  0.5337E-02
  0.3893E+02  0.9968E+00  0.5404E-02
  0.4008E+02  0.9687E+00  0.5450E-02
  0.4122E+02  0.9365E+00  0.5471E-02
  0.4237E+02  0.9008E+00  0.5471E-02
  0.4351E+02  0.8621E+00  0.5468E-02
  0.4466E+02  0.8212E+00  0.5490E-02
  0.4580E+02  0.7788E+00  0.5566E-02
  0.4695E+02  0.7354E+00  0.5716E-02
  0.4809E+02  0.6918E+00  0.5941E-02
  0.4923E+02  0.6488E+00  0.6224E-02
  0.5038E+02  0.6067E+00  0.6539E-02
  0.5152E+02  0.5662E+00  0.6856E-02
  0.5267E+02  0.5277E+00  0.7156E-02
  0.5381E+02  0.4914E+00  0.7425E-02
  0.5496E+02  0.4576E+00  0.7656E-02
  0.5611E+02  0.4264E+00  0.7846E-02
  0.5725E+02  0.3978E+00  0.7989E-02
  0.5840E+02  0.3718E+00  0.8084E-02
  0.5954E+02  0.3482E+00  0.8126E-02
  0.6069E+02  0.3268E+00  0.8115E-02
  0.6183E+02  0.3076E+00  0.8060E-02
  0.6298E+02  0.2902E+00  0.7975E-02
  0.6412E+02  0.2744E+00  0.7882E-02
  0.6527E+02  0.2601E+00  0.7807E-02
  0.6641E+02  0.2470E+00  0.7771E-02
  0.6756E+02  0.2350E+00  0.7787E-02
  0.6870E+02  0.2238E+00  0.7859E-02
  0.6984E+02  0.2133E+00  0.7978E-02
  0.7099E+02  0.2034E+00  0.8129E-02
  0.7214E+02  0.1939E+00  0.8298E-02
  0.7328E+02  0.1848E+00  0.8467E-02
  0.7442E+02  0.1760E+00  0.8622E-02
  0.7557E+02  0.1674E+00  0.8751E-02
  0.7672E+02  0.1591E+00  0.8841E-02
  0.7786E+02  0.1510E+00  0.8878E-02
  0.7900E+02  0.1431E+00  0.8852E-02
  0.8015E+02  0.1355E+00  0.8756E-02
  0.8130E+02  0.1282E+00  0.8594E-02
  0.8244E+02  0.1214E+00  0.8374E-02
  0.8359E+02  0.1149E+00  0.8119E-02
  0.8473E+02  0.1088E+00  0.7857E-02
  0.8588E+02  0.1032E+00  0.7622E-02
  0.8702E+02  0.9806E-01  0.7446E-02
  0.8817E+02  0.9327E-01  0.7357E-02
  0.8931E+02  0.8879E-01  0.7371E-02
  0.9045E+02  0.8452E-01  0.7493E-02
  0.9160E+02  0.8037E-01  0.7718E-02
  0.9275E+02  0.7620E-01  0.8031E-02
  0.9389E+02  0.7191E-01  0.8415E-02
  0.9503E+02  0.6740E-01  0.8843E-02
  0.9618E+02  0.6258E-01  0.9287E-02
  0.9733E+02  0.5741E-01  0.9714E-02
  0.9847E+02  0.5191E-01  0.1009E-01
  0.9961E+02  0.4610E-01  0.1039E-01
  0.1008E+03  0.4007E-01  0.1058E-01
  0.1019E+03  0.3395E-01  0.1064E-01
  0.1030E+03  0.2789E-01  0.1057E-01
  0.1042E+03  0.2205E-01  0.1035E-01
  0.1053E+03  0.1660E-01  0.9992E-02
  0.1065E+03  0.1170E-01  0.9487E-02
  0.1076E+03  0.7503E-02  0.8827E-02
  0.1088E+03  0.4109E-02  0.7997E-02
  0.1099E+03  0.1586E-02  0.6969E-02
  0.1111E+03 -0.4287E-04  0.5703E-02
  0.1122E+03 -0.8012E-03  0.4153E-02
  0.1134E+03 -0.7535E-03  0.2268E-02
  0.1145E+03  0.0000E+00  0.0000E+00
          Reciprocal space: Rg =   30.89     , I(0) =   0.5696E+03
     Real space: Rg =   30.93 +- 0.276  I(0) =   0.5696E+03 +-  0.2916E+01
