
           ####    G N O M   ---   Version 4.5a revised 09/02/02     ####

                                                  Sun Nov  5 12:16:53 2017
           ===    Run No   1   ===
 Run title:  0.000330941 0 0


  Number of points omitted at the end:         213
   *******   Working Directory :
   *******    Input file(s) : 24697_02E_S104_0_02.sub
           Condition P(rmin) = 0 is used. 
           Condition P(rmax) = 0 is used. 

          Experimental conditions for the first run
          -----------------------------------------

          Highest ALPHA is found to be   0.2443E+03

  The measure of inconsistency AN1 equals to    0.1023E+01

          Warning: using the chosen range in the real space 
             it is not possible to fit the data set within the
             given error band. 
     Alpha    Discrp  Oscill  Stabil  Sysdev  Positv  Valcen    Total   
  0.2443E+06 54.2401  1.2125  0.9536  0.0000  1.0000  0.8491  0.00001
  0.4886E+05 47.5928  1.2096  0.8318  0.0000  1.0000  0.8499  0.00001
  0.9772E+04 30.5366  1.2021  0.5138  0.2286  1.0000  0.8526  0.00001
  0.1954E+04 13.8227  1.2248  0.1899  0.1714  1.0000  0.8548  0.00001
  0.3909E+03  5.6465  1.3704  0.0969  0.3086  1.0000  0.8474  0.00001
  0.7818E+02  1.9486  1.5319  0.0429  0.5257  1.0000  0.8408  0.49429
  0.1564E+02  0.9115  1.6090  0.0131  0.7886  1.0000  0.8388  0.63622
  0.3127E+01  0.7872  1.6371  0.0076  0.7943  1.0000  0.8382  0.68146
  0.6254E+00  0.7681  1.6625  0.0121  0.7943  1.0000  0.8380  0.68106
  0.1251E+00  0.7531  1.7782  0.0284  0.7771  1.0000  0.8380  0.41614
  0.2502E-01  0.7365  2.2611  0.0395  0.7886  0.9994  0.8370  0.10000
  0.5004E-02  0.7253  3.4251  0.1103  0.8000  0.9965  0.8331  0.10000
  0.1001E-02  0.7136  6.3317  0.1717  0.7771  0.9854  0.8050  0.10000
  0.2001E-03  0.7081  8.8819  0.2589  0.8000  0.9699  0.7390  0.10000
  0.4003E-04  0.7037 12.1011  0.4592  0.8057  0.9219  0.5279  0.10000
  0.8006E-05  0.6988 14.1815  0.5276  0.7943  0.8400  0.4240  0.10000
  0.1601E-05  0.6907 16.5357  0.7103  0.7943  0.7602  0.3213  0.10000
  0.3202E-06  0.6740 18.2928  0.5027  0.8057  0.7235  0.2805  0.10000
  0.6405E-07  0.6621 20.4867  0.4288  0.8057  0.7113  0.2821  0.10000
  0.1281E-07  0.6517 21.9903  0.8525  0.8171  0.7160  0.2616  0.10000
  0.2562E-08  0.6305 20.4947  0.5992  0.8514  0.7189  0.2818  0.10000
  0.5124E-09  0.6076 22.5199  0.5162  0.8400  0.7123  0.3549  0.10000
  0.1025E-09  0.5670 30.0201  0.6365  0.8514  0.6775  0.3639  0.10000
  0.2049E-10  0.4740 37.9773  0.5714  0.8286  0.6770  0.2861  0.10000
  0.4099E-11  0.3251 45.0759  0.4489  0.8400  0.7047  0.3338  0.10000
  0.8198E-12  0.1637 49.9830  0.3231  0.8743  0.7134  0.3701  0.10000
  0.1640E-12  0.0525 51.6589  0.1349  0.8743  0.7070  0.4137  0.10000
  0.3279E-13  0.0122 51.9776  0.0345  0.8629  0.7038  0.4285  0.10000
  0.6558E-14  0.0025 52.0362  0.0073  0.8629  0.7029  0.4320  0.10000
  0.1312E-14  0.0005 52.0476  0.0015  0.8629  0.7028  0.4327  0.10000
  0.2623E-15  0.0001 52.0499  0.0003  0.8629  0.7027  0.4328  0.10000

          ***  Golden section search to maximize estimate ***
     Alpha    Discrp  Oscill  Stabil  Sysdev  Positv  Valcen    Total   
  0.1157E+01  0.7734  1.6505  0.0094  0.8171  1.0000  0.8380  0.73647
  0.9145E+00  0.7713  1.6544  0.0103  0.8057  1.0000  0.8380  0.71507
  0.1337E+01  0.7748  1.6483  0.0090  0.8171  1.0000  0.8381  0.74456
  0.1463E+01  0.7758  1.6470  0.0088  0.8171  1.0000  0.8381  0.74336
  0.1265E+01  0.7743  1.6491  0.0092  0.8171  1.0000  0.8381  0.74138
  0.1384E+01  0.7752  1.6478  0.0089  0.8171  1.0000  0.8381  0.74658
  0.1413E+01  0.7754  1.6475  0.0089  0.8171  1.0000  0.8381  0.74552
  0.1366E+01  0.7751  1.6480  0.0090  0.8171  1.0000  0.8381  0.74580
  0.1395E+01  0.7753  1.6477  0.0089  0.8171  1.0000  0.8381  0.74634
  0.1377E+01  0.7752  1.6478  0.0089  0.8171  1.0000  0.8381  0.74628
  0.1388E+01  0.7752  1.6477  0.0089  0.8171  1.0000  0.8381  0.74666
  0.1391E+01  0.7753  1.6477  0.0089  0.8171  1.0000  0.8381  0.74654
  0.1386E+01  0.7752  1.6477  0.0089  0.8171  1.0000  0.8381  0.74669
  0.1385E+01  0.7752  1.6478  0.0089  0.8171  1.0000  0.8381  0.74665
  0.1387E+01  0.7752  1.6477  0.0089  0.8171  1.0000  0.8381  0.74670
  0.1387E+01  0.7752  1.6477  0.0089  0.8171  1.0000  0.8381  0.74668
  0.1387E+01  0.7752  1.6477  0.0089  0.8171  1.0000  0.8381  0.74670



             ####            Final results            ####

 Parameter    DISCRP    OSCILL    STABIL    SYSDEV    POSITV    VALCEN
 Weight        1.000     3.000     3.000     4.000     1.000     1.000
 Sigma         0.500     0.600     0.120     0.200     0.120     0.120
 Ideal         1.000     1.100     0.000     1.000     1.000     0.950
 Current       0.775     1.648     0.009     0.817     1.000     0.838
                - - - - - - - - - - - - - - - - - - - - - - - - - 
 Estimate      0.817     0.435     0.994     0.433     1.000     0.419

  Angular   range    :     from    0.0078   to    0.3330
  Real space range   :     from      0.00   to    120.80

  Highest ALPHA (theor) :   0.244E+06                 JOB = 0
  Current ALPHA         :   0.139E+01   Rg :  0.333E+02   I(0) :   0.136E+04

           Total  estimate : 0.747  which is  A REASONABLE  solution

      S          J EXP       ERROR       J REG       I REG

  0.0000E+00                                      0.1358E+04
  0.9707E-03                                      0.1357E+04
  0.1941E-02                                      0.1356E+04
  0.2912E-02                                      0.1353E+04
  0.3883E-02                                      0.1350E+04
  0.4853E-02                                      0.1346E+04
  0.5824E-02                                      0.1341E+04
  0.6795E-02                                      0.1335E+04
  0.7765E-02  0.1487E+04  0.5600E+02  0.1328E+04  0.1328E+04
  0.8695E-02  0.1322E+04  0.9138E+02  0.1320E+04  0.1320E+04
  0.9624E-02  0.1364E+04  0.6809E+02  0.1312E+04  0.1312E+04
  0.1055E-01  0.1328E+04  0.4431E+02  0.1303E+04  0.1303E+04
  0.1148E-01  0.1271E+04  0.3281E+02  0.1293E+04  0.1293E+04
  0.1241E-01  0.1276E+04  0.2724E+02  0.1283E+04  0.1283E+04
  0.1334E-01  0.1292E+04  0.1866E+02  0.1272E+04  0.1272E+04
  0.1427E-01  0.1291E+04  0.1727E+02  0.1260E+04  0.1260E+04
  0.1520E-01  0.1256E+04  0.1340E+02  0.1247E+04  0.1247E+04
  0.1613E-01  0.1239E+04  0.1108E+02  0.1234E+04  0.1234E+04
  0.1706E-01  0.1224E+04  0.1077E+02  0.1220E+04  0.1220E+04
  0.1799E-01  0.1215E+04  0.1091E+02  0.1206E+04  0.1206E+04
  0.1892E-01  0.1184E+04  0.1016E+02  0.1191E+04  0.1191E+04
  0.1985E-01  0.1190E+04  0.9756E+01  0.1176E+04  0.1176E+04
  0.2078E-01  0.1151E+04  0.8441E+01  0.1160E+04  0.1160E+04
  0.2170E-01  0.1129E+04  0.8653E+01  0.1144E+04  0.1144E+04
  0.2263E-01  0.1135E+04  0.8316E+01  0.1128E+04  0.1128E+04
  0.2356E-01  0.1117E+04  0.8922E+01  0.1111E+04  0.1111E+04
  0.2449E-01  0.1090E+04  0.8180E+01  0.1093E+04  0.1093E+04
  0.2542E-01  0.1083E+04  0.7477E+01  0.1076E+04  0.1076E+04
  0.2635E-01  0.1053E+04  0.8342E+01  0.1058E+04  0.1058E+04
  0.2728E-01  0.1044E+04  0.8025E+01  0.1040E+04  0.1040E+04
  0.2821E-01  0.1015E+04  0.7187E+01  0.1021E+04  0.1021E+04
  0.2914E-01  0.1004E+04  0.6649E+01  0.1003E+04  0.1003E+04
  0.3007E-01  0.9767E+03  0.6732E+01  0.9842E+03  0.9842E+03
  0.3100E-01  0.9568E+03  0.6874E+01  0.9654E+03  0.9654E+03
  0.3193E-01  0.9537E+03  0.7067E+01  0.9466E+03  0.9466E+03
  0.3286E-01  0.9364E+03  0.6358E+01  0.9277E+03  0.9277E+03
  0.3379E-01  0.9145E+03  0.5849E+01  0.9088E+03  0.9088E+03
  0.3472E-01  0.8878E+03  0.6769E+01  0.8899E+03  0.8899E+03
  0.3564E-01  0.8762E+03  0.6600E+01  0.8710E+03  0.8710E+03
  0.3657E-01  0.8414E+03  0.6073E+01  0.8521E+03  0.8521E+03
  0.3750E-01  0.8356E+03  0.6189E+01  0.8334E+03  0.8334E+03
  0.3843E-01  0.8117E+03  0.5996E+01  0.8147E+03  0.8147E+03
  0.3936E-01  0.7967E+03  0.6063E+01  0.7962E+03  0.7962E+03
  0.4029E-01  0.7780E+03  0.5422E+01  0.7777E+03  0.7777E+03
  0.4122E-01  0.7554E+03  0.5375E+01  0.7595E+03  0.7595E+03
  0.4215E-01  0.7332E+03  0.5686E+01  0.7415E+03  0.7415E+03
  0.4308E-01  0.7128E+03  0.5340E+01  0.7236E+03  0.7236E+03
  0.4401E-01  0.7025E+03  0.5387E+01  0.7059E+03  0.7059E+03
  0.4494E-01  0.6736E+03  0.5121E+01  0.6885E+03  0.6885E+03
  0.4587E-01  0.6672E+03  0.5223E+01  0.6713E+03  0.6713E+03
  0.4680E-01  0.6464E+03  0.5029E+01  0.6544E+03  0.6544E+03
  0.4773E-01  0.6345E+03  0.4639E+01  0.6377E+03  0.6377E+03
  0.4865E-01  0.6230E+03  0.4781E+01  0.6213E+03  0.6213E+03
  0.4958E-01  0.6060E+03  0.4879E+01  0.6051E+03  0.6051E+03
  0.5051E-01  0.5956E+03  0.4979E+01  0.5893E+03  0.5893E+03
  0.5144E-01  0.5753E+03  0.4637E+01  0.5737E+03  0.5737E+03
  0.5237E-01  0.5506E+03  0.4357E+01  0.5585E+03  0.5585E+03
  0.5330E-01  0.5490E+03  0.4613E+01  0.5435E+03  0.5435E+03
  0.5423E-01  0.5412E+03  0.4502E+01  0.5288E+03  0.5288E+03
  0.5516E-01  0.5307E+03  0.4401E+01  0.5145E+03  0.5145E+03
  0.5609E-01  0.5077E+03  0.4312E+01  0.5004E+03  0.5004E+03
  0.5702E-01  0.4978E+03  0.4477E+01  0.4866E+03  0.4866E+03
  0.5795E-01  0.4758E+03  0.4195E+01  0.4732E+03  0.4732E+03
  0.5888E-01  0.4609E+03  0.4267E+01  0.4600E+03  0.4600E+03
  0.5981E-01  0.4438E+03  0.3995E+01  0.4471E+03  0.4471E+03
  0.6074E-01  0.4359E+03  0.3769E+01  0.4345E+03  0.4345E+03
  0.6166E-01  0.4276E+03  0.3957E+01  0.4223E+03  0.4223E+03
  0.6259E-01  0.4135E+03  0.3904E+01  0.4103E+03  0.4103E+03
  0.6352E-01  0.4034E+03  0.3721E+01  0.3985E+03  0.3985E+03
  0.6445E-01  0.3845E+03  0.3974E+01  0.3871E+03  0.3871E+03
  0.6538E-01  0.3736E+03  0.3909E+01  0.3759E+03  0.3759E+03
  0.6631E-01  0.3687E+03  0.3787E+01  0.3650E+03  0.3650E+03
  0.6724E-01  0.3634E+03  0.3726E+01  0.3544E+03  0.3544E+03
  0.6817E-01  0.3421E+03  0.3695E+01  0.3440E+03  0.3440E+03
  0.6910E-01  0.3288E+03  0.3684E+01  0.3339E+03  0.3339E+03
  0.7003E-01  0.3245E+03  0.3572E+01  0.3240E+03  0.3240E+03
  0.7096E-01  0.3282E+03  0.3638E+01  0.3143E+03  0.3143E+03
  0.7189E-01  0.3104E+03  0.3494E+01  0.3049E+03  0.3049E+03
  0.7282E-01  0.2908E+03  0.3474E+01  0.2957E+03  0.2957E+03
  0.7375E-01  0.2803E+03  0.3540E+01  0.2867E+03  0.2867E+03
  0.7468E-01  0.2689E+03  0.3424E+01  0.2779E+03  0.2779E+03
  0.7560E-01  0.2595E+03  0.3273E+01  0.2694E+03  0.2694E+03
  0.7653E-01  0.2602E+03  0.3237E+01  0.2610E+03  0.2610E+03
  0.7746E-01  0.2530E+03  0.3321E+01  0.2529E+03  0.2529E+03
  0.7839E-01  0.2440E+03  0.3280E+01  0.2449E+03  0.2449E+03
  0.7932E-01  0.2331E+03  0.3207E+01  0.2372E+03  0.2372E+03
  0.8025E-01  0.2235E+03  0.3219E+01  0.2296E+03  0.2296E+03
  0.8118E-01  0.2212E+03  0.3323E+01  0.2222E+03  0.2222E+03
  0.8211E-01  0.2146E+03  0.3278E+01  0.2150E+03  0.2150E+03
  0.8304E-01  0.2083E+03  0.3152E+01  0.2079E+03  0.2079E+03
  0.8397E-01  0.2033E+03  0.3069E+01  0.2011E+03  0.2011E+03
  0.8490E-01  0.1987E+03  0.3086E+01  0.1944E+03  0.1944E+03
  0.8583E-01  0.1837E+03  0.3051E+01  0.1878E+03  0.1878E+03
  0.8676E-01  0.1775E+03  0.3049E+01  0.1814E+03  0.1814E+03
  0.8769E-01  0.1765E+03  0.2961E+01  0.1752E+03  0.1752E+03
  0.8861E-01  0.1665E+03  0.3019E+01  0.1691E+03  0.1691E+03
  0.8954E-01  0.1632E+03  0.2987E+01  0.1632E+03  0.1632E+03
  0.9047E-01  0.1575E+03  0.2891E+01  0.1575E+03  0.1575E+03
  0.9140E-01  0.1472E+03  0.3043E+01  0.1518E+03  0.1518E+03
  0.9233E-01  0.1464E+03  0.2967E+01  0.1464E+03  0.1464E+03
  0.9326E-01  0.1425E+03  0.2875E+01  0.1411E+03  0.1411E+03
  0.9419E-01  0.1399E+03  0.2796E+01  0.1359E+03  0.1359E+03
  0.9512E-01  0.1335E+03  0.2895E+01  0.1309E+03  0.1309E+03
  0.9605E-01  0.1282E+03  0.2890E+01  0.1260E+03  0.1260E+03
  0.9698E-01  0.1252E+03  0.2836E+01  0.1212E+03  0.1212E+03
  0.9791E-01  0.1188E+03  0.2874E+01  0.1166E+03  0.1166E+03
  0.9884E-01  0.1128E+03  0.2741E+01  0.1122E+03  0.1122E+03
  0.9977E-01  0.1028E+03  0.2738E+01  0.1078E+03  0.1078E+03
  0.1007E+00  0.1021E+03  0.2794E+01  0.1037E+03  0.1037E+03
  0.1016E+00  0.1013E+03  0.2678E+01  0.9960E+02  0.9960E+02
  0.1026E+00  0.9534E+02  0.2608E+01  0.9568E+02  0.9568E+02
  0.1035E+00  0.9539E+02  0.2616E+01  0.9188E+02  0.9188E+02
  0.1044E+00  0.9502E+02  0.2577E+01  0.8822E+02  0.8822E+02
  0.1053E+00  0.8133E+02  0.2561E+01  0.8469E+02  0.8469E+02
  0.1063E+00  0.7636E+02  0.2584E+01  0.8129E+02  0.8129E+02
  0.1072E+00  0.7636E+02  0.2532E+01  0.7801E+02  0.7801E+02
  0.1081E+00  0.7885E+02  0.2553E+01  0.7485E+02  0.7485E+02
  0.1091E+00  0.7280E+02  0.2564E+01  0.7182E+02  0.7182E+02
  0.1100E+00  0.7242E+02  0.2496E+01  0.6890E+02  0.6890E+02
  0.1109E+00  0.6669E+02  0.2533E+01  0.6610E+02  0.6610E+02
  0.1118E+00  0.6972E+02  0.2530E+01  0.6342E+02  0.6342E+02
  0.1128E+00  0.6132E+02  0.2465E+01  0.6085E+02  0.6085E+02
  0.1137E+00  0.6028E+02  0.2416E+01  0.5839E+02  0.5839E+02
  0.1146E+00  0.5541E+02  0.2359E+01  0.5604E+02  0.5604E+02
  0.1156E+00  0.5141E+02  0.2356E+01  0.5379E+02  0.5379E+02
  0.1165E+00  0.5755E+02  0.2465E+01  0.5164E+02  0.5164E+02
  0.1174E+00  0.5194E+02  0.2336E+01  0.4960E+02  0.4960E+02
  0.1184E+00  0.4390E+02  0.2298E+01  0.4765E+02  0.4765E+02
  0.1193E+00  0.4532E+02  0.2277E+01  0.4580E+02  0.4580E+02
  0.1202E+00  0.4172E+02  0.2303E+01  0.4403E+02  0.4403E+02
  0.1211E+00  0.4137E+02  0.2259E+01  0.4236E+02  0.4236E+02
  0.1221E+00  0.3733E+02  0.2326E+01  0.4076E+02  0.4076E+02
  0.1230E+00  0.4139E+02  0.2418E+01  0.3926E+02  0.3926E+02
  0.1239E+00  0.3382E+02  0.2315E+01  0.3783E+02  0.3783E+02
  0.1249E+00  0.3281E+02  0.2363E+01  0.3647E+02  0.3647E+02
  0.1258E+00  0.3220E+02  0.2318E+01  0.3519E+02  0.3519E+02
  0.1267E+00  0.3210E+02  0.2274E+01  0.3398E+02  0.3398E+02
  0.1276E+00  0.3105E+02  0.2304E+01  0.3283E+02  0.3283E+02
  0.1286E+00  0.2621E+02  0.2241E+01  0.3175E+02  0.3175E+02
  0.1295E+00  0.3089E+02  0.2273E+01  0.3073E+02  0.3073E+02
  0.1304E+00  0.2818E+02  0.2282E+01  0.2977E+02  0.2977E+02
  0.1314E+00  0.2857E+02  0.2399E+01  0.2886E+02  0.2886E+02
  0.1323E+00  0.2793E+02  0.2256E+01  0.2801E+02  0.2801E+02
  0.1332E+00  0.2813E+02  0.2319E+01  0.2720E+02  0.2720E+02
  0.1342E+00  0.2390E+02  0.2237E+01  0.2645E+02  0.2645E+02
  0.1351E+00  0.2085E+02  0.2243E+01  0.2574E+02  0.2574E+02
  0.1360E+00  0.2663E+02  0.2320E+01  0.2507E+02  0.2507E+02
  0.1369E+00  0.2497E+02  0.2214E+01  0.2444E+02  0.2444E+02
  0.1379E+00  0.2199E+02  0.2326E+01  0.2385E+02  0.2385E+02
  0.1388E+00  0.2601E+02  0.2186E+01  0.2329E+02  0.2329E+02
  0.1397E+00  0.2303E+02  0.2228E+01  0.2278E+02  0.2278E+02
  0.1407E+00  0.2520E+02  0.2188E+01  0.2229E+02  0.2229E+02
  0.1416E+00  0.2474E+02  0.2138E+01  0.2183E+02  0.2183E+02
  0.1425E+00  0.2402E+02  0.2270E+01  0.2140E+02  0.2140E+02
  0.1434E+00  0.2080E+02  0.2191E+01  0.2100E+02  0.2100E+02
  0.1444E+00  0.1837E+02  0.2166E+01  0.2063E+02  0.2063E+02
  0.1453E+00  0.2174E+02  0.2179E+01  0.2028E+02  0.2028E+02
  0.1462E+00  0.2517E+02  0.2437E+01  0.1995E+02  0.1995E+02
  0.1472E+00  0.2186E+02  0.2233E+01  0.1965E+02  0.1965E+02
  0.1481E+00  0.1834E+02  0.2120E+01  0.1936E+02  0.1936E+02
  0.1490E+00  0.2116E+02  0.2175E+01  0.1910E+02  0.1910E+02
  0.1499E+00  0.1873E+02  0.2182E+01  0.1886E+02  0.1886E+02
  0.1509E+00  0.1791E+02  0.2148E+01  0.1863E+02  0.1863E+02
  0.1518E+00  0.1739E+02  0.2144E+01  0.1842E+02  0.1842E+02
  0.1527E+00  0.1981E+02  0.2155E+01  0.1823E+02  0.1823E+02
  0.1537E+00  0.2098E+02  0.2159E+01  0.1805E+02  0.1805E+02
  0.1546E+00  0.1938E+02  0.2075E+01  0.1788E+02  0.1788E+02
  0.1555E+00  0.2028E+02  0.2197E+01  0.1774E+02  0.1774E+02
  0.1565E+00  0.1376E+02  0.2154E+01  0.1760E+02  0.1760E+02
  0.1574E+00  0.1642E+02  0.2110E+01  0.1748E+02  0.1748E+02
  0.1583E+00  0.1509E+02  0.2107E+01  0.1736E+02  0.1736E+02
  0.1592E+00  0.1281E+02  0.2060E+01  0.1726E+02  0.1726E+02
  0.1602E+00  0.1578E+02  0.2024E+01  0.1718E+02  0.1718E+02
  0.1611E+00  0.1752E+02  0.2022E+01  0.1710E+02  0.1710E+02
  0.1620E+00  0.1820E+02  0.2037E+01  0.1703E+02  0.1703E+02
  0.1630E+00  0.1690E+02  0.2061E+01  0.1697E+02  0.1697E+02
  0.1639E+00  0.1997E+02  0.2017E+01  0.1691E+02  0.1691E+02
  0.1648E+00  0.1510E+02  0.2057E+01  0.1687E+02  0.1687E+02
  0.1657E+00  0.1584E+02  0.2054E+01  0.1683E+02  0.1683E+02
  0.1667E+00  0.1523E+02  0.2028E+01  0.1680E+02  0.1680E+02
  0.1676E+00  0.1636E+02  0.2077E+01  0.1678E+02  0.1678E+02
  0.1685E+00  0.1495E+02  0.2097E+01  0.1676E+02  0.1676E+02
  0.1695E+00  0.1686E+02  0.2079E+01  0.1674E+02  0.1674E+02
  0.1704E+00  0.1254E+02  0.2058E+01  0.1673E+02  0.1673E+02
  0.1713E+00  0.1491E+02  0.2097E+01  0.1672E+02  0.1672E+02
  0.1723E+00  0.2106E+02  0.2123E+01  0.1672E+02  0.1672E+02
  0.1732E+00  0.2080E+02  0.2045E+01  0.1671E+02  0.1671E+02
  0.1741E+00  0.1943E+02  0.2058E+01  0.1671E+02  0.1671E+02
  0.1750E+00  0.1281E+02  0.2020E+01  0.1671E+02  0.1671E+02
  0.1760E+00  0.1474E+02  0.2003E+01  0.1671E+02  0.1671E+02
  0.1769E+00  0.1269E+02  0.1976E+01  0.1671E+02  0.1671E+02
  0.1778E+00  0.1395E+02  0.1940E+01  0.1671E+02  0.1671E+02
  0.1788E+00  0.1666E+02  0.1949E+01  0.1671E+02  0.1671E+02
  0.1797E+00  0.1782E+02  0.1937E+01  0.1670E+02  0.1670E+02
  0.1806E+00  0.1887E+02  0.1952E+01  0.1670E+02  0.1670E+02
  0.1815E+00  0.1680E+02  0.1920E+01  0.1669E+02  0.1669E+02
  0.1825E+00  0.1653E+02  0.1917E+01  0.1667E+02  0.1667E+02
  0.1834E+00  0.1949E+02  0.1897E+01  0.1666E+02  0.1666E+02
  0.1843E+00  0.1909E+02  0.1892E+01  0.1663E+02  0.1663E+02
  0.1853E+00  0.2065E+02  0.1976E+01  0.1661E+02  0.1661E+02
  0.1862E+00  0.1885E+02  0.1952E+01  0.1658E+02  0.1658E+02
  0.1871E+00  0.1638E+02  0.2003E+01  0.1654E+02  0.1654E+02
  0.1880E+00  0.1138E+02  0.1908E+01  0.1650E+02  0.1650E+02
  0.1890E+00  0.1593E+02  0.1854E+01  0.1646E+02  0.1646E+02
  0.1899E+00  0.1803E+02  0.1863E+01  0.1641E+02  0.1641E+02
  0.1908E+00  0.1260E+02  0.1968E+01  0.1635E+02  0.1635E+02
  0.1918E+00  0.1944E+02  0.2352E+01  0.1629E+02  0.1629E+02
  0.1927E+00  0.2336E+02  0.1895E+01  0.1622E+02  0.1622E+02
  0.1936E+00  0.1510E+02  0.1873E+01  0.1615E+02  0.1615E+02
  0.1946E+00  0.1319E+02  0.1926E+01  0.1607E+02  0.1607E+02
  0.1955E+00  0.1501E+02  0.1881E+01  0.1599E+02  0.1599E+02
  0.1964E+00  0.1761E+02  0.1910E+01  0.1590E+02  0.1590E+02
  0.1973E+00  0.1551E+02  0.1918E+01  0.1581E+02  0.1581E+02
  0.1983E+00  0.1593E+02  0.1895E+01  0.1572E+02  0.1572E+02
  0.1992E+00  0.1538E+02  0.1923E+01  0.1562E+02  0.1562E+02
  0.2001E+00  0.1621E+02  0.1850E+01  0.1552E+02  0.1552E+02
  0.2011E+00  0.1393E+02  0.1919E+01  0.1542E+02  0.1542E+02
  0.2020E+00  0.1505E+02  0.1847E+01  0.1531E+02  0.1531E+02
  0.2029E+00  0.1287E+02  0.1875E+01  0.1520E+02  0.1520E+02
  0.2038E+00  0.1302E+02  0.1842E+01  0.1509E+02  0.1509E+02
  0.2048E+00  0.1516E+02  0.1820E+01  0.1498E+02  0.1498E+02
  0.2057E+00  0.1668E+02  0.1828E+01  0.1487E+02  0.1487E+02
  0.2066E+00  0.1439E+02  0.1836E+01  0.1476E+02  0.1476E+02
  0.2076E+00  0.1263E+02  0.1856E+01  0.1466E+02  0.1466E+02
  0.2085E+00  0.1543E+02  0.1792E+01  0.1455E+02  0.1455E+02
  0.2094E+00  0.1451E+02  0.1828E+01  0.1444E+02  0.1444E+02
  0.2104E+00  0.1576E+02  0.1859E+01  0.1434E+02  0.1434E+02
  0.2113E+00  0.1281E+02  0.1817E+01  0.1424E+02  0.1424E+02
  0.2122E+00  0.1191E+02  0.1775E+01  0.1414E+02  0.1414E+02
  0.2131E+00  0.1029E+02  0.1841E+01  0.1404E+02  0.1404E+02
  0.2141E+00  0.1368E+02  0.1791E+01  0.1395E+02  0.1395E+02
  0.2150E+00  0.1548E+02  0.1788E+01  0.1386E+02  0.1386E+02
  0.2159E+00  0.1517E+02  0.1766E+01  0.1378E+02  0.1378E+02
  0.2169E+00  0.1434E+02  0.1775E+01  0.1370E+02  0.1370E+02
  0.2178E+00  0.1630E+02  0.1748E+01  0.1363E+02  0.1363E+02
  0.2187E+00  0.1693E+02  0.1791E+01  0.1356E+02  0.1356E+02
  0.2196E+00  0.1294E+02  0.1749E+01  0.1349E+02  0.1349E+02
  0.2206E+00  0.1302E+02  0.1798E+01  0.1343E+02  0.1343E+02
  0.2215E+00  0.1502E+02  0.1922E+01  0.1338E+02  0.1338E+02
  0.2224E+00  0.1471E+02  0.1699E+01  0.1333E+02  0.1333E+02
  0.2234E+00  0.1246E+02  0.1714E+01  0.1329E+02  0.1329E+02
  0.2243E+00  0.1328E+02  0.1723E+01  0.1325E+02  0.1325E+02
  0.2252E+00  0.1515E+02  0.1715E+01  0.1321E+02  0.1321E+02
  0.2262E+00  0.1367E+02  0.1731E+01  0.1318E+02  0.1318E+02
  0.2271E+00  0.1366E+02  0.1701E+01  0.1316E+02  0.1316E+02
  0.2280E+00  0.1357E+02  0.1740E+01  0.1314E+02  0.1314E+02
  0.2289E+00  0.1169E+02  0.1740E+01  0.1312E+02  0.1312E+02
  0.2299E+00  0.1064E+02  0.1758E+01  0.1311E+02  0.1311E+02
  0.2308E+00  0.1530E+02  0.1765E+01  0.1310E+02  0.1310E+02
  0.2317E+00  0.1163E+02  0.1762E+01  0.1309E+02  0.1309E+02
  0.2327E+00  0.7845E+01  0.1819E+01  0.1308E+02  0.1308E+02
  0.2336E+00  0.1326E+02  0.1766E+01  0.1308E+02  0.1308E+02
  0.2345E+00  0.1603E+02  0.1805E+01  0.1308E+02  0.1308E+02
  0.2354E+00  0.1346E+02  0.1740E+01  0.1307E+02  0.1307E+02
  0.2364E+00  0.1286E+02  0.1782E+01  0.1307E+02  0.1307E+02
  0.2373E+00  0.1328E+02  0.1777E+01  0.1307E+02  0.1307E+02
  0.2382E+00  0.1086E+02  0.1787E+01  0.1307E+02  0.1307E+02
  0.2392E+00  0.1011E+02  0.1749E+01  0.1307E+02  0.1307E+02
  0.2401E+00  0.1249E+02  0.1756E+01  0.1307E+02  0.1307E+02
  0.2410E+00  0.1425E+02  0.1751E+01  0.1306E+02  0.1306E+02
  0.2420E+00  0.1430E+02  0.1799E+01  0.1306E+02  0.1306E+02
  0.2429E+00  0.1068E+02  0.1762E+01  0.1305E+02  0.1305E+02
  0.2438E+00  0.1094E+02  0.1810E+01  0.1304E+02  0.1304E+02
  0.2447E+00  0.1141E+02  0.1776E+01  0.1302E+02  0.1302E+02
  0.2457E+00  0.1202E+02  0.1823E+01  0.1301E+02  0.1301E+02
  0.2466E+00  0.1192E+02  0.1778E+01  0.1299E+02  0.1299E+02
  0.2475E+00  0.1042E+02  0.1776E+01  0.1296E+02  0.1296E+02
  0.2485E+00  0.1418E+02  0.1753E+01  0.1294E+02  0.1294E+02
  0.2494E+00  0.1553E+02  0.1766E+01  0.1291E+02  0.1291E+02
  0.2503E+00  0.1250E+02  0.1759E+01  0.1287E+02  0.1287E+02
  0.2512E+00  0.1450E+02  0.1827E+01  0.1283E+02  0.1283E+02
  0.2522E+00  0.1480E+02  0.1757E+01  0.1279E+02  0.1279E+02
  0.2531E+00  0.1257E+02  0.1728E+01  0.1275E+02  0.1275E+02
  0.2540E+00  0.1684E+02  0.1819E+01  0.1270E+02  0.1270E+02
  0.2550E+00  0.1500E+02  0.1874E+01  0.1264E+02  0.1264E+02
  0.2559E+00  0.1182E+02  0.1745E+01  0.1259E+02  0.1259E+02
  0.2568E+00  0.1132E+02  0.1780E+01  0.1253E+02  0.1253E+02
  0.2577E+00  0.1244E+02  0.1794E+01  0.1246E+02  0.1246E+02
  0.2587E+00  0.1277E+02  0.1769E+01  0.1240E+02  0.1240E+02
  0.2596E+00  0.1151E+02  0.1737E+01  0.1233E+02  0.1233E+02
  0.2605E+00  0.1137E+02  0.1732E+01  0.1226E+02  0.1226E+02
  0.2615E+00  0.1617E+02  0.1731E+01  0.1219E+02  0.1219E+02
  0.2624E+00  0.1730E+02  0.1714E+01  0.1211E+02  0.1211E+02
  0.2633E+00  0.1382E+02  0.1750E+01  0.1204E+02  0.1204E+02
  0.2643E+00  0.1213E+02  0.1794E+01  0.1196E+02  0.1196E+02
  0.2652E+00  0.1151E+02  0.1725E+01  0.1189E+02  0.1189E+02
  0.2661E+00  0.1006E+02  0.1765E+01  0.1181E+02  0.1181E+02
  0.2670E+00  0.1356E+02  0.1746E+01  0.1174E+02  0.1174E+02
  0.2680E+00  0.1098E+02  0.1704E+01  0.1166E+02  0.1166E+02
  0.2689E+00  0.9342E+01  0.1728E+01  0.1159E+02  0.1159E+02
  0.2698E+00  0.1070E+02  0.1763E+01  0.1152E+02  0.1152E+02
  0.2708E+00  0.9275E+01  0.1802E+01  0.1145E+02  0.1145E+02
  0.2717E+00  0.9254E+01  0.1748E+01  0.1138E+02  0.1138E+02
  0.2726E+00  0.1096E+02  0.1741E+01  0.1131E+02  0.1131E+02
  0.2735E+00  0.1249E+02  0.1721E+01  0.1125E+02  0.1125E+02
  0.2745E+00  0.1392E+02  0.1758E+01  0.1119E+02  0.1119E+02
  0.2754E+00  0.1215E+02  0.1786E+01  0.1113E+02  0.1113E+02
  0.2763E+00  0.1302E+02  0.1752E+01  0.1108E+02  0.1108E+02
  0.2773E+00  0.1277E+02  0.1759E+01  0.1103E+02  0.1103E+02
  0.2782E+00  0.1276E+02  0.1786E+01  0.1098E+02  0.1098E+02
  0.2791E+00  0.7293E+01  0.1754E+01  0.1094E+02  0.1094E+02
  0.2801E+00  0.8435E+01  0.1754E+01  0.1090E+02  0.1090E+02
  0.2810E+00  0.1020E+02  0.1789E+01  0.1086E+02  0.1086E+02
  0.2819E+00  0.7540E+01  0.1792E+01  0.1083E+02  0.1083E+02
  0.2828E+00  0.7026E+01  0.1770E+01  0.1081E+02  0.1081E+02
  0.2838E+00  0.1091E+02  0.1821E+01  0.1078E+02  0.1078E+02
  0.2847E+00  0.8462E+01  0.1829E+01  0.1076E+02  0.1076E+02
  0.2856E+00  0.1067E+02  0.1809E+01  0.1075E+02  0.1075E+02
  0.2866E+00  0.1056E+02  0.1894E+01  0.1074E+02  0.1074E+02
  0.2875E+00  0.1456E+02  0.1880E+01  0.1073E+02  0.1073E+02
  0.2884E+00  0.1397E+02  0.1861E+01  0.1072E+02  0.1072E+02
  0.2893E+00  0.9917E+01  0.1900E+01  0.1072E+02  0.1072E+02
  0.2903E+00  0.1312E+02  0.1981E+01  0.1072E+02  0.1072E+02
  0.2912E+00  0.8543E+01  0.2014E+01  0.1072E+02  0.1072E+02
  0.2921E+00  0.5893E+01  0.1922E+01  0.1073E+02  0.1073E+02
  0.2931E+00  0.6344E+01  0.1983E+01  0.1073E+02  0.1073E+02
  0.2940E+00  0.5403E+01  0.1925E+01  0.1074E+02  0.1074E+02
  0.2949E+00  0.8655E+01  0.1986E+01  0.1075E+02  0.1075E+02
  0.2958E+00  0.1141E+02  0.1994E+01  0.1076E+02  0.1076E+02
  0.2968E+00  0.8350E+01  0.1978E+01  0.1077E+02  0.1077E+02
  0.2977E+00  0.9312E+01  0.2066E+01  0.1078E+02  0.1078E+02
  0.2986E+00  0.6598E+01  0.2020E+01  0.1079E+02  0.1079E+02
  0.2996E+00  0.9462E+01  0.2097E+01  0.1080E+02  0.1080E+02
  0.3005E+00  0.1435E+02  0.2030E+01  0.1081E+02  0.1081E+02
  0.3014E+00  0.1172E+02  0.2154E+01  0.1081E+02  0.1081E+02
  0.3024E+00  0.8346E+01  0.2098E+01  0.1082E+02  0.1082E+02
  0.3033E+00  0.1318E+02  0.1983E+01  0.1082E+02  0.1082E+02
  0.3042E+00  0.1646E+02  0.2045E+01  0.1082E+02  0.1082E+02
  0.3051E+00  0.1885E+02  0.2058E+01  0.1082E+02  0.1082E+02
  0.3061E+00  0.1448E+02  0.2055E+01  0.1081E+02  0.1081E+02
  0.3070E+00  0.1422E+02  0.2082E+01  0.1080E+02  0.1080E+02
  0.3079E+00  0.1319E+02  0.2070E+01  0.1079E+02  0.1079E+02
  0.3089E+00  0.1063E+02  0.2109E+01  0.1078E+02  0.1078E+02
  0.3098E+00  0.1262E+02  0.2143E+01  0.1076E+02  0.1076E+02
  0.3107E+00  0.1926E+02  0.2209E+01  0.1074E+02  0.1074E+02
  0.3116E+00  0.1423E+02  0.2156E+01  0.1072E+02  0.1072E+02
  0.3126E+00  0.9935E+01  0.2111E+01  0.1069E+02  0.1069E+02
  0.3135E+00  0.1429E+02  0.2207E+01  0.1065E+02  0.1065E+02
  0.3144E+00  0.1555E+02  0.2234E+01  0.1062E+02  0.1062E+02
  0.3154E+00  0.1468E+02  0.2234E+01  0.1058E+02  0.1058E+02
  0.3163E+00  0.1050E+02  0.2134E+01  0.1053E+02  0.1053E+02
  0.3172E+00  0.8557E+01  0.2199E+01  0.1049E+02  0.1049E+02
  0.3182E+00  0.9433E+01  0.2199E+01  0.1044E+02  0.1044E+02
  0.3191E+00  0.1068E+02  0.2186E+01  0.1038E+02  0.1038E+02
  0.3200E+00  0.5394E+01  0.2239E+01  0.1032E+02  0.1032E+02
  0.3209E+00  0.7606E+01  0.2244E+01  0.1026E+02  0.1026E+02
  0.3219E+00  0.6796E+01  0.2270E+01  0.1020E+02  0.1020E+02
  0.3228E+00  0.8785E+01  0.2183E+01  0.1014E+02  0.1014E+02
  0.3237E+00  0.1164E+02  0.2199E+01  0.1007E+02  0.1007E+02
  0.3247E+00  0.7379E+01  0.2245E+01  0.9998E+01  0.9998E+01
  0.3256E+00  0.7654E+01  0.2268E+01  0.9926E+01  0.9926E+01
  0.3265E+00  0.1171E+02  0.2341E+01  0.9852E+01  0.9852E+01
  0.3274E+00  0.3871E+01  0.2388E+01  0.9777E+01  0.9777E+01
  0.3284E+00  0.3993E+01  0.2291E+01  0.9701E+01  0.9701E+01
  0.3293E+00  0.1146E+02  0.2320E+01  0.9623E+01  0.9623E+01
  0.3302E+00  0.1100E+02  0.2362E+01  0.9546E+01  0.9546E+01
  0.3312E+00  0.1438E+02  0.2385E+01  0.9468E+01  0.9468E+01
  0.3321E+00  0.8229E+01  0.2358E+01  0.9389E+01  0.9389E+01
  0.3330E+00  0.9145E+01  0.2402E+01  0.9312E+01  0.9312E+01

           Distance distribution  function of particle  


       R          P(R)      ERROR

  0.0000E+00  0.0000E+00  0.0000E+00
  0.1208E+01  0.9400E-01  0.2710E-02
  0.2416E+01  0.1792E+00  0.3838E-02
  0.3624E+01  0.2569E+00  0.3632E-02
  0.4832E+01  0.3294E+00  0.2520E-02
  0.6040E+01  0.3996E+00  0.1495E-02
  0.7248E+01  0.4705E+00  0.2443E-02
  0.8456E+01  0.5451E+00  0.4062E-02
  0.9664E+01  0.6263E+00  0.5289E-02
  0.1087E+02  0.7162E+00  0.5828E-02
  0.1208E+02  0.8161E+00  0.5623E-02
  0.1329E+02  0.9264E+00  0.4833E-02
  0.1450E+02  0.1046E+01  0.3891E-02
  0.1570E+02  0.1175E+01  0.3579E-02
  0.1691E+02  0.1309E+01  0.4316E-02
  0.1812E+02  0.1445E+01  0.5483E-02
  0.1933E+02  0.1582E+01  0.6440E-02
  0.2054E+02  0.1713E+01  0.6894E-02
  0.2174E+02  0.1838E+01  0.6803E-02
  0.2295E+02  0.1951E+01  0.6344E-02
  0.2416E+02  0.2052E+01  0.5891E-02
  0.2537E+02  0.2139E+01  0.5877E-02
  0.2658E+02  0.2210E+01  0.6420E-02
  0.2778E+02  0.2265E+01  0.7207E-02
  0.2899E+02  0.2306E+01  0.7826E-02
  0.3020E+02  0.2333E+01  0.8010E-02
  0.3141E+02  0.2347E+01  0.7695E-02
  0.3262E+02  0.2349E+01  0.7021E-02
  0.3382E+02  0.2341E+01  0.6341E-02
  0.3503E+02  0.2323E+01  0.6117E-02
  0.3624E+02  0.2297E+01  0.6564E-02
  0.3745E+02  0.2262E+01  0.7406E-02
  0.3866E+02  0.2220E+01  0.8198E-02
  0.3986E+02  0.2169E+01  0.8635E-02
  0.4107E+02  0.2110E+01  0.8623E-02
  0.4228E+02  0.2043E+01  0.8269E-02
  0.4349E+02  0.1968E+01  0.7865E-02
  0.4470E+02  0.1886E+01  0.7777E-02
  0.4590E+02  0.1798E+01  0.8207E-02
  0.4711E+02  0.1705E+01  0.9021E-02
  0.4832E+02  0.1610E+01  0.9898E-02
  0.4953E+02  0.1514E+01  0.1056E-01
  0.5074E+02  0.1419E+01  0.1090E-01
  0.5194E+02  0.1327E+01  0.1096E-01
  0.5315E+02  0.1240E+01  0.1092E-01
  0.5436E+02  0.1160E+01  0.1100E-01
  0.5557E+02  0.1086E+01  0.1133E-01
  0.5678E+02  0.1020E+01  0.1186E-01
  0.5798E+02  0.9613E+00  0.1241E-01
  0.5919E+02  0.9086E+00  0.1279E-01
  0.6040E+02  0.8614E+00  0.1287E-01
  0.6161E+02  0.8183E+00  0.1268E-01
  0.6282E+02  0.7784E+00  0.1234E-01
  0.6402E+02  0.7407E+00  0.1207E-01
  0.6523E+02  0.7044E+00  0.1204E-01
  0.6644E+02  0.6694E+00  0.1230E-01
  0.6765E+02  0.6358E+00  0.1273E-01
  0.6886E+02  0.6039E+00  0.1316E-01
  0.7006E+02  0.5744E+00  0.1346E-01
  0.7127E+02  0.5481E+00  0.1361E-01
  0.7248E+02  0.5254E+00  0.1369E-01
  0.7369E+02  0.5069E+00  0.1386E-01
  0.7490E+02  0.4925E+00  0.1420E-01
  0.7610E+02  0.4817E+00  0.1470E-01
  0.7731E+02  0.4737E+00  0.1523E-01
  0.7852E+02  0.4672E+00  0.1561E-01
  0.7973E+02  0.4608E+00  0.1568E-01
  0.8094E+02  0.4529E+00  0.1538E-01
  0.8214E+02  0.4420E+00  0.1477E-01
  0.8335E+02  0.4272E+00  0.1401E-01
  0.8456E+02  0.4077E+00  0.1334E-01
  0.8577E+02  0.3836E+00  0.1294E-01
  0.8698E+02  0.3555E+00  0.1288E-01
  0.8818E+02  0.3247E+00  0.1307E-01
  0.8939E+02  0.2928E+00  0.1332E-01
  0.9060E+02  0.2617E+00  0.1349E-01
  0.9181E+02  0.2335E+00  0.1358E-01
  0.9302E+02  0.2098E+00  0.1370E-01
  0.9422E+02  0.1919E+00  0.1407E-01
  0.9543E+02  0.1803E+00  0.1486E-01
  0.9664E+02  0.1750E+00  0.1609E-01
  0.9785E+02  0.1749E+00  0.1759E-01
  0.9906E+02  0.1786E+00  0.1911E-01
  0.1003E+03  0.1841E+00  0.2037E-01
  0.1015E+03  0.1889E+00  0.2118E-01
  0.1027E+03  0.1911E+00  0.2140E-01
  0.1039E+03  0.1889E+00  0.2103E-01
  0.1051E+03  0.1809E+00  0.2015E-01
  0.1063E+03  0.1668E+00  0.1898E-01
  0.1075E+03  0.1472E+00  0.1784E-01
  0.1087E+03  0.1231E+00  0.1713E-01
  0.1099E+03  0.9662E-01  0.1718E-01
  0.1111E+03  0.6998E-01  0.1804E-01
  0.1123E+03  0.4554E-01  0.1940E-01
  0.1136E+03  0.2536E-01  0.2078E-01
  0.1148E+03  0.1084E-01  0.2160E-01
  0.1160E+03  0.2464E-02  0.2135E-01
  0.1172E+03 -0.4245E-03  0.1951E-01
  0.1184E+03  0.3351E-03  0.1561E-01
  0.1196E+03  0.1776E-02  0.9239E-02
  0.1208E+03  0.0000E+00  0.0000E+00
          Reciprocal space: Rg =   33.31     , I(0) =   0.1358E+04
     Real space: Rg =   33.37 +- 0.158  I(0) =   0.1358E+04 +-  0.3668E+01
