
           ####    G N O M   ---   Version 4.5a revised 09/02/02     ####

                                                  Sun Nov  5 12:16:51 2017
           ===    Run No   1   ===
 Run title:  0.000330941 0 0


  Number of points omitted at the end:           5

          To optimize the performance, some input data points 
           have been joined. New number of points equals to 280

   *******   Working Directory :
   *******    Input file(s) : 24697_02D_S102_0_03.sub
           Condition P(rmin) = 0 is used. 
           Condition P(rmax) = 0 is used. 

          Experimental conditions for the first run
          -----------------------------------------

          Highest ALPHA is found to be   0.9566E+02

  The measure of inconsistency AN1 equals to    0.1294E+01

          Warning: using the chosen range in the real space 
             it is not possible to fit the data set within the
             given error band. 
     Alpha    Discrp  Oscill  Stabil  Sysdev  Positv  Valcen    Total   
  0.9566E+05 40.5434  1.1948  0.9215  0.0215  1.0000  0.8537  0.00001
  0.1913E+05 32.2520  1.1888  0.7243  0.2222  1.0000  0.8556  0.00001
  0.3826E+04 17.4432  1.1803  0.3615  0.2796  1.0000  0.8606  0.00001
  0.7653E+03  7.5963  1.2409  0.1296  0.3297  1.0000  0.8629  0.00001
  0.1531E+03  3.0774  1.4079  0.0735  0.4014  1.0000  0.8580  0.00001
  0.3061E+02  1.3953  1.5434  0.0281  0.6165  1.0000  0.8555  0.52939
  0.6122E+01  0.9531  1.6430  0.0149  0.8602  1.0000  0.8559  0.66275
  0.1224E+01  0.8349  1.7470  0.0132  0.8315  1.0000  0.8573  0.62841
  0.2449E+00  0.8029  1.8759  0.0189  0.8172  1.0000  0.8570  0.59283
  0.4898E-01  0.7851  2.2276  0.0412  0.8315  1.0000  0.8540  0.46707
  0.9795E-02  0.7672  3.4397  0.0720  0.8172  0.9996  0.8469  0.10000
  0.1959E-02  0.7574  5.1670  0.0646  0.8889  0.9973  0.8309  0.10000
  0.3918E-03  0.7545  7.0309  0.1478  0.8889  0.9908  0.8188  0.10000
  0.7836E-04  0.7498 13.8152  0.4511  0.8746  0.9448  0.6865  0.10000
  0.1567E-04  0.7419 19.9644  0.4667  0.8602  0.8591  0.3309  0.10000
  0.3135E-05  0.7367 20.5360  0.4763  0.8746  0.8064  0.2905  0.10000
  0.6269E-06  0.7315 22.1243  0.4773  0.8746  0.7587  0.2523  0.10000
  0.1254E-06  0.7277 24.1377  0.3206  0.8889  0.7384  0.2448  0.10000
  0.2508E-07  0.7252 27.9247  0.7233  0.9032  0.6942  0.2235  0.10000
  0.5015E-08  0.7177 30.3862  0.8643  0.9032  0.6562  0.2141  0.10000
  0.1003E-08  0.6900 32.4746  0.8209  0.9319  0.6527  0.2341  0.10000
  0.2006E-09  0.6138 34.4388  0.6857  0.9462  0.6783  0.2813  0.10000
  0.4012E-10  0.4815 36.3905  0.5467  0.9319  0.7146  0.3149  0.10000
  0.8024E-11  0.3152 40.0168  0.3970  0.9176  0.7068  0.3172  0.10000
  0.1605E-11  0.1545 45.2815  0.2669  0.9462  0.6622  0.2929  0.10000
  0.3210E-12  0.0503 48.6811  0.1194  0.9606  0.6391  0.2637  0.10000
  0.6420E-13  0.0118 49.7893  0.0320  0.9606  0.6332  0.2511  0.10000
  0.1284E-13  0.0025 50.0439  0.0069  0.9606  0.6320  0.2480  0.10000
  0.2568E-14  0.0005 50.0964  0.0014  0.9606  0.6318  0.2473  0.10000
  0.5136E-15  0.0001 50.1070  0.0003  0.9749  0.6317  0.2472  0.10000
  0.1027E-15  0.0000 50.1091  0.0001  0.9749  0.6317  0.2472  0.10000

          ***  Golden section search to maximize estimate ***
     Alpha    Discrp  Oscill  Stabil  Sysdev  Positv  Valcen    Total   
  0.3311E+01  0.8889  1.6816  0.0138  0.8459  1.0000  0.8565  0.64359
  0.7742E+01  0.9874  1.6287  0.0157  0.8172  1.0000  0.8558  0.62767
  0.4841E+01  0.9248  1.6576  0.0144  0.8315  1.0000  0.8562  0.63444
  0.6697E+01  0.9655  1.6375  0.0152  0.8459  1.0000  0.8559  0.65091
  0.5597E+01  0.9416  1.6486  0.0147  0.8315  1.0000  0.8560  0.63609
  0.6335E+01  0.9577  1.6409  0.0150  0.8602  1.0000  0.8559  0.66316
  0.6471E+01  0.9606  1.6396  0.0151  0.8602  1.0000  0.8559  0.66342
  0.6556E+01  0.9625  1.6388  0.0151  0.8459  1.0000  0.8559  0.65066
  0.6419E+01  0.9595  1.6401  0.0151  0.8602  1.0000  0.8559  0.66332
  0.6503E+01  0.9613  1.6393  0.0151  0.8459  1.0000  0.8559  0.65056
  0.6451E+01  0.9602  1.6398  0.0151  0.8602  1.0000  0.8559  0.66338
  0.6483E+01  0.9609  1.6395  0.0151  0.8602  1.0000  0.8559  0.66344
  0.6491E+01  0.9611  1.6394  0.0151  0.8602  1.0000  0.8559  0.66345
  0.6491E+01  0.9611  1.6394  0.0151  0.8602  1.0000  0.8559  0.66345



             ####            Final results            ####

 Parameter    DISCRP    OSCILL    STABIL    SYSDEV    POSITV    VALCEN
 Weight        1.000     3.000     3.000     4.000     1.000     1.000
 Sigma         0.500     0.600     0.120     0.200     0.120     0.120
 Ideal         1.000     1.100     0.000     1.000     1.000     0.950
 Current       0.961     1.639     0.015     0.860     1.000     0.856
                - - - - - - - - - - - - - - - - - - - - - - - - - 
 Estimate      0.994     0.446     0.984     0.614     1.000     0.541

  Angular   range    :     from    0.0082   to    0.5263
  Real space range   :     from      0.00   to    115.90

  Highest ALPHA (theor) :   0.957E+05                 JOB = 0
  Current ALPHA         :   0.649E+01   Rg :  0.327E+02   I(0) :   0.126E+04

           Total  estimate : 0.663  which is  A REASONABLE  solution

      S          J EXP       ERROR       J REG       I REG

  0.0000E+00                                      0.1257E+04
  0.2058E-02                                      0.1255E+04
  0.4115E-02                                      0.1249E+04
  0.6173E-02                                      0.1240E+04
  0.8230E-02  0.1152E+04  0.6067E+02  0.1227E+04  0.1227E+04
  0.1009E-01  0.1210E+04  0.4786E+02  0.1212E+04  0.1212E+04
  0.1195E-01  0.1137E+04  0.2424E+02  0.1195E+04  0.1195E+04
  0.1381E-01  0.1144E+04  0.1748E+02  0.1174E+04  0.1174E+04
  0.1566E-01  0.1167E+04  0.1307E+02  0.1152E+04  0.1152E+04
  0.1752E-01  0.1138E+04  0.9495E+01  0.1127E+04  0.1127E+04
  0.1938E-01  0.1115E+04  0.9688E+01  0.1101E+04  0.1101E+04
  0.2124E-01  0.1083E+04  0.8058E+01  0.1072E+04  0.1072E+04
  0.2310E-01  0.1048E+04  0.8146E+01  0.1042E+04  0.1042E+04
  0.2496E-01  0.1013E+04  0.7567E+01  0.1011E+04  0.1011E+04
  0.2682E-01  0.9592E+03  0.6792E+01  0.9784E+03  0.9784E+03
  0.2867E-01  0.9363E+03  0.7118E+01  0.9451E+03  0.9451E+03
  0.3053E-01  0.9014E+03  0.7221E+01  0.9111E+03  0.9111E+03
  0.3239E-01  0.8826E+03  0.6475E+01  0.8766E+03  0.8766E+03
  0.3425E-01  0.8398E+03  0.6063E+01  0.8419E+03  0.8419E+03
  0.3611E-01  0.8114E+03  0.5520E+01  0.8072E+03  0.8072E+03
  0.3797E-01  0.7736E+03  0.5899E+01  0.7726E+03  0.7726E+03
  0.3983E-01  0.7405E+03  0.5761E+01  0.7383E+03  0.7383E+03
  0.4168E-01  0.7109E+03  0.5238E+01  0.7045E+03  0.7045E+03
  0.4354E-01  0.6833E+03  0.5456E+01  0.6713E+03  0.6713E+03
  0.4540E-01  0.6368E+03  0.4840E+01  0.6388E+03  0.6388E+03
  0.4726E-01  0.6109E+03  0.4649E+01  0.6071E+03  0.6071E+03
  0.4912E-01  0.5775E+03  0.4533E+01  0.5764E+03  0.5764E+03
  0.5098E-01  0.5374E+03  0.4469E+01  0.5466E+03  0.5466E+03
  0.5284E-01  0.5119E+03  0.4735E+01  0.5179E+03  0.5179E+03
  0.5470E-01  0.4906E+03  0.4214E+01  0.4902E+03  0.4902E+03
  0.5655E-01  0.4650E+03  0.4149E+01  0.4636E+03  0.4636E+03
  0.5841E-01  0.4436E+03  0.3913E+01  0.4381E+03  0.4381E+03
  0.6027E-01  0.4211E+03  0.4012E+01  0.4138E+03  0.4138E+03
  0.6213E-01  0.3863E+03  0.3831E+01  0.3905E+03  0.3905E+03
  0.6399E-01  0.3782E+03  0.3733E+01  0.3683E+03  0.3683E+03
  0.6585E-01  0.3497E+03  0.3643E+01  0.3471E+03  0.3471E+03
  0.6771E-01  0.3335E+03  0.3548E+01  0.3269E+03  0.3269E+03
  0.6956E-01  0.3085E+03  0.3559E+01  0.3078E+03  0.3078E+03
  0.7142E-01  0.2947E+03  0.3459E+01  0.2895E+03  0.2895E+03
  0.7328E-01  0.2673E+03  0.3362E+01  0.2722E+03  0.2722E+03
  0.7514E-01  0.2581E+03  0.3225E+01  0.2557E+03  0.2557E+03
  0.7700E-01  0.2418E+03  0.3079E+01  0.2400E+03  0.2400E+03
  0.7886E-01  0.2217E+03  0.3127E+01  0.2251E+03  0.2251E+03
  0.8072E-01  0.2144E+03  0.3031E+01  0.2109E+03  0.2109E+03
  0.8257E-01  0.1894E+03  0.3213E+01  0.1975E+03  0.1975E+03
  0.8443E-01  0.1802E+03  0.2968E+01  0.1847E+03  0.1847E+03
  0.8629E-01  0.1715E+03  0.3019E+01  0.1726E+03  0.1726E+03
  0.8815E-01  0.1653E+03  0.2847E+01  0.1611E+03  0.1611E+03
  0.9001E-01  0.1612E+03  0.3019E+01  0.1501E+03  0.1501E+03
  0.9187E-01  0.1394E+03  0.2844E+01  0.1398E+03  0.1398E+03
  0.9373E-01  0.1319E+03  0.2777E+01  0.1300E+03  0.1300E+03
  0.9558E-01  0.1207E+03  0.2807E+01  0.1208E+03  0.1208E+03
  0.9744E-01  0.1118E+03  0.2628E+01  0.1120E+03  0.1120E+03
  0.9930E-01  0.1034E+03  0.2662E+01  0.1038E+03  0.1038E+03
  0.1012E+00  0.9302E+02  0.2555E+01  0.9606E+02  0.9606E+02
  0.1030E+00  0.8704E+02  0.2591E+01  0.8881E+02  0.8881E+02
  0.1049E+00  0.8062E+02  0.2499E+01  0.8202E+02  0.8202E+02
  0.1067E+00  0.7690E+02  0.2447E+01  0.7569E+02  0.7569E+02
  0.1086E+00  0.7046E+02  0.2469E+01  0.6980E+02  0.6980E+02
  0.1105E+00  0.6171E+02  0.2485E+01  0.6433E+02  0.6433E+02
  0.1123E+00  0.6116E+02  0.2466E+01  0.5928E+02  0.5928E+02
  0.1142E+00  0.5053E+02  0.2356E+01  0.5462E+02  0.5462E+02
  0.1160E+00  0.5231E+02  0.2335E+01  0.5035E+02  0.5035E+02
  0.1179E+00  0.5097E+02  0.2355E+01  0.4643E+02  0.4643E+02
  0.1197E+00  0.4133E+02  0.2344E+01  0.4285E+02  0.4285E+02
  0.1216E+00  0.4020E+02  0.2338E+01  0.3960E+02  0.3960E+02
  0.1235E+00  0.3630E+02  0.2302E+01  0.3666E+02  0.3666E+02
  0.1253E+00  0.3256E+02  0.2220E+01  0.3399E+02  0.3399E+02
  0.1272E+00  0.2614E+02  0.2204E+01  0.3160E+02  0.3160E+02
  0.1290E+00  0.3131E+02  0.2215E+01  0.2945E+02  0.2945E+02
  0.1309E+00  0.2470E+02  0.2203E+01  0.2753E+02  0.2753E+02
  0.1328E+00  0.2380E+02  0.2249E+01  0.2581E+02  0.2581E+02
  0.1346E+00  0.2365E+02  0.2119E+01  0.2429E+02  0.2429E+02
  0.1365E+00  0.2311E+02  0.2183E+01  0.2294E+02  0.2294E+02
  0.1383E+00  0.2060E+02  0.2101E+01  0.2174E+02  0.2174E+02
  0.1402E+00  0.1619E+02  0.2091E+01  0.2069E+02  0.2069E+02
  0.1420E+00  0.1255E+02  0.2040E+01  0.1976E+02  0.1976E+02
  0.1439E+00  0.1654E+02  0.2027E+01  0.1895E+02  0.1895E+02
  0.1458E+00  0.1549E+02  0.2220E+01  0.1825E+02  0.1825E+02
  0.1476E+00  0.1674E+02  0.2163E+01  0.1763E+02  0.1763E+02
  0.1495E+00  0.1921E+02  0.2129E+01  0.1710E+02  0.1710E+02
  0.1513E+00  0.1812E+02  0.2064E+01  0.1665E+02  0.1665E+02
  0.1532E+00  0.1896E+02  0.2096E+01  0.1626E+02  0.1626E+02
  0.1551E+00  0.1814E+02  0.2058E+01  0.1593E+02  0.1593E+02
  0.1569E+00  0.1816E+02  0.1971E+01  0.1566E+02  0.1566E+02
  0.1588E+00  0.1882E+02  0.1987E+01  0.1544E+02  0.1544E+02
  0.1606E+00  0.1753E+02  0.1950E+01  0.1525E+02  0.1525E+02
  0.1625E+00  0.1532E+02  0.2026E+01  0.1511E+02  0.1511E+02
  0.1644E+00  0.1516E+02  0.1972E+01  0.1499E+02  0.1499E+02
  0.1662E+00  0.7796E+01  0.1931E+01  0.1491E+02  0.1491E+02
  0.1681E+00  0.8744E+01  0.1938E+01  0.1485E+02  0.1485E+02
  0.1699E+00  0.1433E+02  0.1969E+01  0.1481E+02  0.1481E+02
  0.1718E+00  0.1061E+02  0.1984E+01  0.1478E+02  0.1478E+02
  0.1736E+00  0.1108E+02  0.1889E+01  0.1476E+02  0.1476E+02
  0.1755E+00  0.1385E+02  0.1882E+01  0.1474E+02  0.1474E+02
  0.1774E+00  0.1802E+02  0.1920E+01  0.1473E+02  0.1473E+02
  0.1792E+00  0.1957E+02  0.1910E+01  0.1472E+02  0.1472E+02
  0.1811E+00  0.1355E+02  0.1891E+01  0.1469E+02  0.1469E+02
  0.1829E+00  0.1412E+02  0.1812E+01  0.1466E+02  0.1466E+02
  0.1848E+00  0.1382E+02  0.1896E+01  0.1462E+02  0.1462E+02
  0.1867E+00  0.1763E+02  0.1820E+01  0.1455E+02  0.1455E+02
  0.1885E+00  0.1673E+02  0.1814E+01  0.1447E+02  0.1447E+02
  0.1904E+00  0.1211E+02  0.1832E+01  0.1437E+02  0.1437E+02
  0.1922E+00  0.1624E+02  0.1790E+01  0.1425E+02  0.1425E+02
  0.1941E+00  0.1345E+02  0.1818E+01  0.1410E+02  0.1410E+02
  0.1959E+00  0.1507E+02  0.1857E+01  0.1393E+02  0.1393E+02
  0.1978E+00  0.1791E+02  0.1780E+01  0.1374E+02  0.1374E+02
  0.1997E+00  0.1920E+02  0.1796E+01  0.1353E+02  0.1353E+02
  0.2015E+00  0.1403E+02  0.1829E+01  0.1330E+02  0.1330E+02
  0.2034E+00  0.1695E+02  0.1828E+01  0.1306E+02  0.1306E+02
  0.2052E+00  0.1237E+02  0.1761E+01  0.1280E+02  0.1280E+02
  0.2071E+00  0.1187E+02  0.1786E+01  0.1253E+02  0.1253E+02
  0.2090E+00  0.1027E+02  0.1724E+01  0.1225E+02  0.1225E+02
  0.2108E+00  0.6800E+01  0.1744E+01  0.1196E+02  0.1196E+02
  0.2127E+00  0.1107E+02  0.1707E+01  0.1168E+02  0.1168E+02
  0.2145E+00  0.8392E+01  0.1722E+01  0.1140E+02  0.1140E+02
  0.2164E+00  0.1113E+02  0.1660E+01  0.1112E+02  0.1112E+02
  0.2183E+00  0.1389E+02  0.1666E+01  0.1086E+02  0.1086E+02
  0.2201E+00  0.9598E+01  0.1652E+01  0.1060E+02  0.1060E+02
  0.2220E+00  0.7246E+01  0.1619E+01  0.1036E+02  0.1036E+02
  0.2238E+00  0.1081E+02  0.1671E+01  0.1013E+02  0.1013E+02
  0.2257E+00  0.1377E+02  0.1672E+01  0.9923E+01  0.9923E+01
  0.2275E+00  0.1216E+02  0.1672E+01  0.9733E+01  0.9733E+01
  0.2294E+00  0.9252E+01  0.1747E+01  0.9562E+01  0.9562E+01
  0.2313E+00  0.7588E+01  0.1682E+01  0.9412E+01  0.9412E+01
  0.2331E+00  0.7313E+01  0.1723E+01  0.9280E+01  0.9280E+01
  0.2350E+00  0.9640E+01  0.1693E+01  0.9168E+01  0.9168E+01
  0.2368E+00  0.7548E+01  0.1721E+01  0.9074E+01  0.9074E+01
  0.2387E+00  0.5217E+01  0.1680E+01  0.8997E+01  0.8997E+01
  0.2406E+00  0.7425E+01  0.1761E+01  0.8936E+01  0.8936E+01
  0.2424E+00  0.8889E+01  0.1709E+01  0.8889E+01  0.8889E+01
  0.2443E+00  0.6832E+01  0.1697E+01  0.8853E+01  0.8853E+01
  0.2461E+00  0.4121E+01  0.1735E+01  0.8829E+01  0.8829E+01
  0.2480E+00  0.1261E+02  0.1718E+01  0.8813E+01  0.8813E+01
  0.2498E+00  0.8713E+01  0.1684E+01  0.8804E+01  0.8804E+01
  0.2517E+00  0.7247E+01  0.1668E+01  0.8800E+01  0.8800E+01
  0.2536E+00  0.1283E+02  0.1654E+01  0.8802E+01  0.8802E+01
  0.2554E+00  0.7304E+01  0.1754E+01  0.8803E+01  0.8803E+01
  0.2573E+00  0.1053E+02  0.1748E+01  0.8806E+01  0.8806E+01
  0.2591E+00  0.1135E+02  0.1689E+01  0.8811E+01  0.8811E+01
  0.2610E+00  0.6491E+01  0.1662E+01  0.8815E+01  0.8815E+01
  0.2629E+00  0.5361E+01  0.1615E+01  0.8819E+01  0.8819E+01
  0.2647E+00  0.6464E+01  0.1662E+01  0.8820E+01  0.8820E+01
  0.2666E+00  0.6252E+01  0.1667E+01  0.8821E+01  0.8821E+01
  0.2684E+00  0.1172E+02  0.1682E+01  0.8821E+01  0.8821E+01
  0.2703E+00  0.9533E+01  0.1666E+01  0.8820E+01  0.8820E+01
  0.2722E+00  0.8807E+01  0.1653E+01  0.8817E+01  0.8817E+01
  0.2740E+00  0.1132E+02  0.1694E+01  0.8814E+01  0.8814E+01
  0.2759E+00  0.9408E+01  0.1695E+01  0.8811E+01  0.8811E+01
  0.2777E+00  0.6813E+01  0.1664E+01  0.8808E+01  0.8808E+01
  0.2796E+00  0.8619E+01  0.1707E+01  0.8805E+01  0.8805E+01
  0.2814E+00  0.3848E+01  0.1713E+01  0.8803E+01  0.8803E+01
  0.2833E+00  0.8191E+01  0.1756E+01  0.8801E+01  0.8801E+01
  0.2852E+00  0.1490E+02  0.1740E+01  0.8800E+01  0.8800E+01
  0.2870E+00  0.1010E+02  0.1781E+01  0.8800E+01  0.8800E+01
  0.2889E+00  0.8222E+01  0.1756E+01  0.8800E+01  0.8800E+01
  0.2907E+00  0.7302E+01  0.1850E+01  0.8801E+01  0.8801E+01
  0.2926E+00  0.6405E+01  0.1862E+01  0.8803E+01  0.8803E+01
  0.2945E+00  0.8667E+01  0.1901E+01  0.8804E+01  0.8804E+01
  0.2963E+00  0.1253E+02  0.1900E+01  0.8805E+01  0.8805E+01
  0.2982E+00  0.1068E+02  0.1934E+01  0.8806E+01  0.8806E+01
  0.3000E+00  0.1118E+02  0.1990E+01  0.8806E+01  0.8806E+01
  0.3019E+00  0.5143E+01  0.1993E+01  0.8805E+01  0.8805E+01
  0.3037E+00  0.7333E+01  0.1999E+01  0.8802E+01  0.8802E+01
  0.3056E+00  0.1048E+02  0.1923E+01  0.8797E+01  0.8797E+01
  0.3075E+00  0.7457E+01  0.1998E+01  0.8790E+01  0.8790E+01
  0.3093E+00  0.1182E+02  0.2122E+01  0.8781E+01  0.8781E+01
  0.3112E+00  0.1094E+02  0.2116E+01  0.8769E+01  0.8769E+01
  0.3130E+00  0.3541E+01  0.2108E+01  0.8756E+01  0.8756E+01
  0.3149E+00  0.9624E+01  0.2093E+01  0.8741E+01  0.8741E+01
  0.3168E+00  0.8995E+01  0.2065E+01  0.8722E+01  0.8722E+01
  0.3186E+00  0.6816E+01  0.2124E+01  0.8703E+01  0.8703E+01
  0.3205E+00  0.8407E+01  0.2109E+01  0.8682E+01  0.8682E+01
  0.3223E+00  0.7780E+01  0.2224E+01  0.8661E+01  0.8661E+01
  0.3242E+00  0.1088E+02  0.2216E+01  0.8639E+01  0.8639E+01
  0.3261E+00  0.1390E+02  0.2159E+01  0.8617E+01  0.8617E+01
  0.3279E+00  0.8709E+01  0.2274E+01  0.8595E+01  0.8595E+01
  0.3298E+00  0.4256E+01  0.2322E+01  0.8575E+01  0.8575E+01
  0.3316E+00  0.4561E+01  0.2224E+01  0.8555E+01  0.8555E+01
  0.3335E+00  0.1469E+01  0.2349E+01  0.8538E+01  0.8538E+01
  0.3353E+00  0.2446E+01  0.2335E+01  0.8522E+01  0.8522E+01
  0.3372E+00  0.1628E+02  0.2241E+01  0.8509E+01  0.8509E+01
  0.3391E+00  0.1332E+02  0.2306E+01  0.8499E+01  0.8499E+01
  0.3409E+00  0.9145E+01  0.2464E+01  0.8491E+01  0.8491E+01
  0.3428E+00  0.9786E+01  0.2328E+01  0.8487E+01  0.8487E+01
  0.3446E+00  0.2448E+01  0.2445E+01  0.8485E+01  0.8485E+01
  0.3465E+00  0.7940E+01  0.2421E+01  0.8486E+01  0.8486E+01
  0.3484E+00  0.9469E+01  0.2449E+01  0.8489E+01  0.8489E+01
  0.3502E+00  0.5364E+01  0.2387E+01  0.8495E+01  0.8495E+01
  0.3521E+00  0.5134E+01  0.2547E+01  0.8503E+01  0.8503E+01
  0.3539E+00  0.5393E+01  0.2483E+01  0.8513E+01  0.8513E+01
  0.3558E+00  0.1124E+01  0.2499E+01  0.8525E+01  0.8525E+01
  0.3576E+00  0.6482E+01  0.2633E+01  0.8537E+01  0.8537E+01
  0.3595E+00  0.3814E+01  0.2555E+01  0.8551E+01  0.8551E+01
  0.3614E+00  0.1432E+02  0.2555E+01  0.8565E+01  0.8565E+01
  0.3632E+00  0.1636E+02  0.2427E+01  0.8580E+01  0.8580E+01
  0.3651E+00  0.9857E+01  0.2531E+01  0.8594E+01  0.8594E+01
  0.3669E+00  0.7969E+01  0.2535E+01  0.8608E+01  0.8608E+01
  0.3688E+00 -0.9000E+00  0.2632E+01  0.8622E+01  0.8622E+01
  0.3707E+00  0.1053E+01  0.2586E+01  0.8635E+01  0.8635E+01
  0.3725E+00  0.7495E+01  0.2636E+01  0.8647E+01  0.8647E+01
  0.3744E+00  0.1412E+02  0.2605E+01  0.8657E+01  0.8657E+01
  0.3762E+00  0.1501E+02  0.2565E+01  0.8667E+01  0.8667E+01
  0.3781E+00  0.3339E+01  0.2544E+01  0.8675E+01  0.8675E+01
  0.3800E+00  0.7091E+01  0.2565E+01  0.8682E+01  0.8682E+01
  0.3818E+00  0.1038E+02  0.2549E+01  0.8688E+01  0.8688E+01
  0.3837E+00  0.3004E+01  0.2508E+01  0.8693E+01  0.8693E+01
  0.3855E+00  0.1285E+02  0.2642E+01  0.8696E+01  0.8696E+01
  0.3874E+00  0.1480E+02  0.2700E+01  0.8698E+01  0.8698E+01
  0.3892E+00  0.7305E+01  0.2672E+01  0.8699E+01  0.8699E+01
  0.3911E+00  0.8247E+01  0.2417E+01  0.8699E+01  0.8699E+01
  0.3930E+00  0.1757E+02  0.2514E+01  0.8698E+01  0.8698E+01
  0.3948E+00  0.2028E+02  0.2591E+01  0.8696E+01  0.8696E+01
  0.3967E+00  0.1061E+02  0.2664E+01  0.8692E+01  0.8692E+01
  0.3985E+00  0.6501E+01  0.2627E+01  0.8687E+01  0.8687E+01
  0.4004E+00  0.1437E+02  0.2802E+01  0.8682E+01  0.8682E+01
  0.4023E+00  0.1104E+02  0.3329E+01  0.8675E+01  0.8675E+01
  0.4041E+00  0.7116E+01  0.2625E+01  0.8667E+01  0.8667E+01
  0.4060E+00  0.5085E+01  0.2526E+01  0.8658E+01  0.8658E+01
  0.4078E+00  0.6529E+01  0.2599E+01  0.8648E+01  0.8648E+01
  0.4097E+00  0.1003E+02  0.2697E+01  0.8636E+01  0.8636E+01
  0.4115E+00  0.7870E+01  0.2698E+01  0.8623E+01  0.8623E+01
  0.4134E+00  0.4846E+01  0.2722E+01  0.8609E+01  0.8609E+01
  0.4153E+00  0.6408E+01  0.2637E+01  0.8593E+01  0.8593E+01
  0.4171E+00  0.1299E+02  0.2586E+01  0.8576E+01  0.8576E+01
  0.4190E+00  0.1083E+02  0.2663E+01  0.8558E+01  0.8558E+01
  0.4208E+00  0.4141E+01  0.2728E+01  0.8539E+01  0.8539E+01
  0.4227E+00  0.1272E+02  0.2629E+01  0.8519E+01  0.8519E+01
  0.4246E+00  0.1367E+02  0.2768E+01  0.8497E+01  0.8497E+01
  0.4264E+00  0.1559E+02  0.2675E+01  0.8474E+01  0.8474E+01
  0.4283E+00  0.1222E+02  0.2649E+01  0.8450E+01  0.8450E+01
  0.4301E+00  0.7474E+01  0.2581E+01  0.8426E+01  0.8426E+01
  0.4320E+00  0.1208E+02  0.2676E+01  0.8401E+01  0.8401E+01
  0.4339E+00  0.1564E+02  0.2747E+01  0.8375E+01  0.8375E+01
  0.4357E+00  0.1706E+02  0.2712E+01  0.8348E+01  0.8348E+01
  0.4376E+00  0.4271E+01  0.2711E+01  0.8321E+01  0.8321E+01
  0.4394E+00  0.9749E+01  0.2717E+01  0.8294E+01  0.8294E+01
  0.4413E+00  0.7615E+01  0.2626E+01  0.8266E+01  0.8266E+01
  0.4431E+00  0.8365E+01  0.2724E+01  0.8237E+01  0.8237E+01
  0.4450E+00  0.1748E+01  0.2717E+01  0.8208E+01  0.8208E+01
  0.4469E+00  0.6130E+01  0.2648E+01  0.8179E+01  0.8179E+01
  0.4487E+00  0.1232E+02  0.2647E+01  0.8149E+01  0.8149E+01
  0.4506E+00  0.1116E+02  0.2576E+01  0.8118E+01  0.8118E+01
  0.4524E+00  0.1139E+02  0.2700E+01  0.8087E+01  0.8087E+01
  0.4543E+00  0.4899E+01  0.2659E+01  0.8055E+01  0.8055E+01
  0.4562E+00  0.5723E+01  0.2699E+01  0.8022E+01  0.8022E+01
  0.4580E+00  0.1032E+02  0.2769E+01  0.7988E+01  0.7988E+01
  0.4599E+00  0.1256E+02  0.2724E+01  0.7953E+01  0.7953E+01
  0.4617E+00  0.1555E+02  0.2630E+01  0.7918E+01  0.7918E+01
  0.4636E+00  0.1921E+02  0.2711E+01  0.7880E+01  0.7880E+01
  0.4654E+00  0.1574E+02  0.2708E+01  0.7841E+01  0.7841E+01
  0.4673E+00  0.1810E+02  0.2729E+01  0.7802E+01  0.7802E+01
  0.4692E+00  0.1302E+02  0.2761E+01  0.7762E+01  0.7762E+01
  0.4710E+00  0.7592E+01  0.2703E+01  0.7720E+01  0.7720E+01
  0.4729E+00  0.1354E+02  0.2636E+01  0.7677E+01  0.7677E+01
  0.4747E+00  0.7620E+01  0.2870E+01  0.7633E+01  0.7633E+01
  0.4766E+00  0.6539E+01  0.2952E+01  0.7587E+01  0.7587E+01
  0.4785E+00  0.1307E+02  0.3007E+01  0.7541E+01  0.7541E+01
  0.4803E+00  0.1314E+02  0.3272E+01  0.7494E+01  0.7494E+01
  0.4822E+00  0.6444E+01  0.3218E+01  0.7446E+01  0.7446E+01
  0.4840E+00  0.4033E+01  0.3468E+01  0.7398E+01  0.7398E+01
  0.4859E+00  0.8368E+01  0.4191E+01  0.7350E+01  0.7350E+01
  0.4878E+00  0.3996E+01  0.3489E+01  0.7300E+01  0.7300E+01
  0.4896E+00  0.1578E+02  0.3638E+01  0.7251E+01  0.7251E+01
  0.4915E+00  0.4676E+01  0.3701E+01  0.7202E+01  0.7202E+01
  0.4933E+00  0.1022E+02  0.4135E+01  0.7153E+01  0.7153E+01
  0.4952E+00  0.9700E+01  0.4160E+01  0.7104E+01  0.7104E+01
  0.4970E+00  0.4866E+01  0.4371E+01  0.7056E+01  0.7056E+01
  0.4989E+00  0.1496E+02  0.4909E+01  0.7008E+01  0.7008E+01
  0.5008E+00  0.9579E+01  0.4916E+01  0.6960E+01  0.6960E+01
  0.5026E+00  0.3892E+01  0.4768E+01  0.6913E+01  0.6913E+01
  0.5045E+00  0.2889E+02  0.5301E+01  0.6866E+01  0.6866E+01
  0.5063E+00  0.2357E+02  0.5759E+01  0.6820E+01  0.6820E+01
  0.5082E+00  0.1980E+02  0.5459E+01  0.6774E+01  0.6774E+01
  0.5101E+00  0.7943E+01  0.5998E+01  0.6729E+01  0.6729E+01
  0.5119E+00  0.2552E+02  0.6394E+01  0.6683E+01  0.6683E+01
  0.5138E+00  0.2435E+02  0.6078E+01  0.6638E+01  0.6638E+01
  0.5156E+00  0.1737E+02  0.7220E+01  0.6593E+01  0.6593E+01
  0.5175E+00  0.2447E+02  0.6896E+01  0.6549E+01  0.6549E+01
  0.5193E+00  0.2853E+02  0.1029E+02  0.6504E+01  0.6504E+01
  0.5212E+00  0.3071E+01  0.9405E+01  0.6459E+01  0.6459E+01
  0.5231E+00  0.3240E+02  0.1374E+02  0.6414E+01  0.6414E+01
  0.5249E+00  0.9972E+01  0.1406E+02  0.6370E+01  0.6370E+01
  0.5263E+00 -0.7379E+01  0.2300E+02  0.6336E+01  0.6336E+01

           Distance distribution  function of particle  


       R          P(R)      ERROR

  0.0000E+00  0.0000E+00  0.0000E+00
  0.1159E+01  0.1389E+00  0.3251E-02
  0.2318E+01  0.2260E+00  0.4305E-02
  0.3477E+01  0.2720E+00  0.3754E-02
  0.4636E+01  0.2929E+00  0.2740E-02
  0.5795E+01  0.3067E+00  0.3097E-02
  0.6954E+01  0.3302E+00  0.4571E-02
  0.8113E+01  0.3763E+00  0.5793E-02
  0.9272E+01  0.4520E+00  0.6307E-02
  0.1043E+02  0.5580E+00  0.6170E-02
  0.1159E+02  0.6894E+00  0.5731E-02
  0.1275E+02  0.8370E+00  0.5439E-02
  0.1391E+02  0.9902E+00  0.5528E-02
  0.1507E+02  0.1139E+01  0.5865E-02
  0.1623E+02  0.1275E+01  0.6209E-02
  0.1739E+02  0.1396E+01  0.6449E-02
  0.1854E+02  0.1499E+01  0.6600E-02
  0.1970E+02  0.1588E+01  0.6704E-02
  0.2086E+02  0.1667E+01  0.6779E-02
  0.2202E+02  0.1740E+01  0.6842E-02
  0.2318E+02  0.1811E+01  0.6962E-02
  0.2434E+02  0.1882E+01  0.7241E-02
  0.2550E+02  0.1950E+01  0.7730E-02
  0.2666E+02  0.2016E+01  0.8356E-02
  0.2782E+02  0.2075E+01  0.8963E-02
  0.2898E+02  0.2125E+01  0.9406E-02
  0.3013E+02  0.2162E+01  0.9607E-02
  0.3129E+02  0.2186E+01  0.9580E-02
  0.3245E+02  0.2196E+01  0.9419E-02
  0.3361E+02  0.2194E+01  0.9256E-02
  0.3477E+02  0.2181E+01  0.9218E-02
  0.3593E+02  0.2158E+01  0.9363E-02
  0.3709E+02  0.2128E+01  0.9645E-02
  0.3825E+02  0.2091E+01  0.9938E-02
  0.3941E+02  0.2048E+01  0.1009E-01
  0.4056E+02  0.1999E+01  0.1001E-01
  0.4172E+02  0.1943E+01  0.9669E-02
  0.4288E+02  0.1881E+01  0.9185E-02
  0.4404E+02  0.1812E+01  0.8793E-02
  0.4520E+02  0.1737E+01  0.8761E-02
  0.4636E+02  0.1657E+01  0.9213E-02
  0.4752E+02  0.1573E+01  0.1002E-01
  0.4868E+02  0.1486E+01  0.1089E-01
  0.4984E+02  0.1399E+01  0.1156E-01
  0.5100E+02  0.1311E+01  0.1186E-01
  0.5216E+02  0.1226E+01  0.1177E-01
  0.5331E+02  0.1144E+01  0.1140E-01
  0.5447E+02  0.1066E+01  0.1095E-01
  0.5563E+02  0.9940E+00  0.1068E-01
  0.5679E+02  0.9283E+00  0.1075E-01
  0.5795E+02  0.8697E+00  0.1113E-01
  0.5911E+02  0.8187E+00  0.1163E-01
  0.6027E+02  0.7753E+00  0.1205E-01
  0.6143E+02  0.7389E+00  0.1224E-01
  0.6259E+02  0.7089E+00  0.1215E-01
  0.6375E+02  0.6840E+00  0.1188E-01
  0.6490E+02  0.6629E+00  0.1156E-01
  0.6606E+02  0.6443E+00  0.1138E-01
  0.6722E+02  0.6267E+00  0.1140E-01
  0.6838E+02  0.6092E+00  0.1165E-01
  0.6954E+02  0.5910E+00  0.1204E-01
  0.7070E+02  0.5715E+00  0.1251E-01
  0.7186E+02  0.5507E+00  0.1302E-01
  0.7302E+02  0.5286E+00  0.1357E-01
  0.7418E+02  0.5057E+00  0.1413E-01
  0.7534E+02  0.4822E+00  0.1470E-01
  0.7649E+02  0.4587E+00  0.1521E-01
  0.7765E+02  0.4355E+00  0.1562E-01
  0.7881E+02  0.4129E+00  0.1591E-01
  0.7997E+02  0.3910E+00  0.1608E-01
  0.8113E+02  0.3698E+00  0.1614E-01
  0.8229E+02  0.3492E+00  0.1613E-01
  0.8345E+02  0.3291E+00  0.1606E-01
  0.8461E+02  0.3095E+00  0.1596E-01
  0.8577E+02  0.2904E+00  0.1584E-01
  0.8692E+02  0.2719E+00  0.1571E-01
  0.8808E+02  0.2543E+00  0.1553E-01
  0.8924E+02  0.2379E+00  0.1529E-01
  0.9040E+02  0.2231E+00  0.1497E-01
  0.9156E+02  0.2102E+00  0.1454E-01
  0.9272E+02  0.1992E+00  0.1402E-01
  0.9388E+02  0.1900E+00  0.1343E-01
  0.9504E+02  0.1823E+00  0.1283E-01
  0.9620E+02  0.1754E+00  0.1231E-01
  0.9736E+02  0.1689E+00  0.1195E-01
  0.9852E+02  0.1621E+00  0.1181E-01
  0.9967E+02  0.1544E+00  0.1192E-01
  0.1008E+03  0.1457E+00  0.1223E-01
  0.1020E+03  0.1358E+00  0.1265E-01
  0.1032E+03  0.1250E+00  0.1307E-01
  0.1043E+03  0.1135E+00  0.1339E-01
  0.1055E+03  0.1017E+00  0.1355E-01
  0.1066E+03  0.8975E-01  0.1352E-01
  0.1078E+03  0.7796E-01  0.1328E-01
  0.1089E+03  0.6638E-01  0.1279E-01
  0.1101E+03  0.5496E-01  0.1201E-01
  0.1113E+03  0.4365E-01  0.1085E-01
  0.1124E+03  0.3241E-01  0.9189E-02
  0.1136E+03  0.2129E-01  0.6903E-02
  0.1147E+03  0.1042E-01  0.3873E-02
  0.1159E+03  0.0000E+00  0.0000E+00
          Reciprocal space: Rg =   32.71     , I(0) =   0.1257E+04
     Real space: Rg =   32.80 +- 0.178  I(0) =   0.1257E+04 +-  0.4827E+01
