
           ####    G N O M   ---   Version 4.5a revised 09/02/02     ####

                                                  Sun Nov  5 12:16:45 2017
           ===    Run No   1   ===
 Run title:  0.000330941 0 0


  Number of points omitted at the end:         227
   *******   Working Directory :
   *******    Input file(s) : 24697_01F_S118_0_01.sub
           Condition P(rmin) = 0 is used. 
           Condition P(rmax) = 0 is used. 

          Experimental conditions for the first run
          -----------------------------------------

          Highest ALPHA is found to be   0.1171E+04

  The measure of inconsistency AN1 equals to    0.1109E+01

          Warning: using the chosen range in the real space 
             it is not possible to fit the data set within the
             given error band. 
     Alpha    Discrp  Oscill  Stabil  Sysdev  Positv  Valcen    Total   
  0.1171E+07111.0634  1.2347  0.9629  0.0000  1.0000  0.8432  0.00001
  0.2342E+06100.5348  1.2307  0.8682  0.0000  1.0000  0.8441  0.00001
  0.4685E+05 69.8528  1.2177  0.5898  0.1667  1.0000  0.8475  0.00001
  0.9369E+04 32.9083  1.2196  0.2422  0.0893  1.0000  0.8521  0.00001
  0.1874E+04 12.8607  1.3356  0.0954  0.1845  1.0000  0.8447  0.00001
  0.3748E+03  4.1039  1.4834  0.0431  0.3393  1.0000  0.8337  0.00001
  0.7496E+02  1.3219  1.5571  0.0143  0.5357  1.0000  0.8296  0.56815
  0.1499E+02  0.7836  1.5851  0.0055  0.7857  1.0000  0.8286  0.61558
  0.2998E+01  0.7231  1.5969  0.0028  0.8095  1.0000  0.8285  0.59122
  0.5996E+00  0.7175  1.6026  0.0033  0.7857  1.0000  0.8285  0.54515
  0.1199E+00  0.7156  1.6151  0.0087  0.7738  1.0000  0.8289  0.47844
  0.2399E-01  0.7139  1.6661  0.0111  0.7619  1.0000  0.8295  0.10000
  0.4797E-02  0.7133  1.7474  0.0170  0.7500  1.0000  0.8304  0.10000
  0.9594E-03  0.7130  1.9970  0.0261  0.7500  0.9999  0.8313  0.10000
  0.1919E-03  0.7128  2.5174  0.0552  0.7619  0.9993  0.8285  0.10000
  0.3838E-04  0.7126  4.5722  0.1903  0.7619  0.9956  0.8008  0.10000
  0.7675E-05  0.7122 10.2782  0.4639  0.7738  0.9699  0.6712  0.10000
  0.1535E-05  0.7110 16.4632  0.7724  0.7738  0.8503  0.3770  0.10000
  0.3070E-06  0.7080 18.1395  0.6328  0.7619  0.7531  0.2829  0.10000
  0.6140E-07  0.7050 18.6062  0.4176  0.7857  0.7194  0.2918  0.10000
  0.1228E-07  0.7020 22.4104  0.6781  0.7857  0.6877  0.3381  0.10000
  0.2456E-08  0.6913 28.8670  0.7813  0.7738  0.6942  0.3476  0.10000
  0.4912E-09  0.6548 34.4443  0.7786  0.7857  0.7186  0.3581  0.10000
  0.9825E-10  0.5554 38.8622  0.6288  0.7738  0.7245  0.3358  0.10000
  0.1965E-10  0.3779 45.2528  0.4533  0.7619  0.7238  0.2697  0.10000
  0.3930E-11  0.1866 50.4771  0.2978  0.7738  0.7208  0.2481  0.10000
  0.7860E-12  0.0637 52.8914  0.1456  0.7857  0.7144  0.2788  0.10000
  0.1572E-12  0.0156 53.6991  0.0428  0.8095  0.7093  0.2993  0.10000
  0.3144E-13  0.0033 53.8923  0.0094  0.8095  0.7076  0.3073  0.10000
  0.6288E-14  0.0007 53.9326  0.0019  0.8095  0.7073  0.3091  0.10000
  0.1258E-14  0.0001 53.9407  0.0004  0.8095  0.7072  0.3094  0.10000

          ***  Golden section search to maximize estimate ***
     Alpha    Discrp  Oscill  Stabil  Sysdev  Positv  Valcen    Total   
  0.2772E+02  0.8780  1.5773  0.0077  0.7262  1.0000  0.8288  0.60104
  0.1185E+02  0.7642  1.5874  0.0049  0.8095  1.0000  0.8286  0.62640
  0.1025E+02  0.7551  1.5888  0.0046  0.7857  1.0000  0.8286  0.60378
  0.1297E+02  0.7708  1.5866  0.0051  0.8095  1.0000  0.8286  0.62918
  0.1371E+02  0.7754  1.5860  0.0053  0.8095  1.0000  0.8286  0.63093
  0.1418E+02  0.7784  1.5857  0.0054  0.8095  1.0000  0.8286  0.63201
  0.1449E+02  0.7803  1.5854  0.0054  0.7857  1.0000  0.8286  0.61449
  0.1400E+02  0.7772  1.5858  0.0053  0.8095  1.0000  0.8286  0.63160
  0.1430E+02  0.7791  1.5856  0.0054  0.7976  1.0000  0.8286  0.62289
  0.1411E+02  0.7780  1.5857  0.0054  0.8095  1.0000  0.8286  0.63185
  0.1423E+02  0.7787  1.5856  0.0054  0.8095  1.0000  0.8286  0.63211
  0.1425E+02  0.7788  1.5856  0.0054  0.8095  1.0000  0.8286  0.63217
  0.1425E+02  0.7788  1.5856  0.0054  0.8095  1.0000  0.8286  0.63217



             ####            Final results            ####

 Parameter    DISCRP    OSCILL    STABIL    SYSDEV    POSITV    VALCEN
 Weight        1.000     3.000     3.000     4.000     1.000     1.000
 Sigma         0.500     0.600     0.120     0.200     0.120     0.120
 Ideal         1.000     1.100     0.000     1.000     1.000     0.950
 Current       0.779     1.586     0.005     0.810     1.000     0.829
                - - - - - - - - - - - - - - - - - - - - - - - - - 
 Estimate      0.822     0.519     0.998     0.404     1.000     0.359

  Angular   range    :     from    0.0078   to    0.3200
  Real space range   :     from      0.00   to    131.40

  Highest ALPHA (theor) :   0.117E+07                 JOB = 0
  Current ALPHA         :   0.143E+02   Rg :  0.363E+02   I(0) :   0.293E+04

           Total  estimate : 0.632  which is  A REASONABLE  solution

      S          J EXP       ERROR       J REG       I REG

  0.0000E+00                                      0.2925E+04
  0.9707E-03                                      0.2924E+04
  0.1941E-02                                      0.2921E+04
  0.2912E-02                                      0.2914E+04
  0.3883E-02                                      0.2906E+04
  0.4853E-02                                      0.2895E+04
  0.5824E-02                                      0.2882E+04
  0.6795E-02                                      0.2866E+04
  0.7765E-02  0.2793E+04  0.6306E+02  0.2849E+04  0.2849E+04
  0.8695E-02  0.2867E+04  0.1004E+03  0.2830E+04  0.2830E+04
  0.9624E-02  0.2804E+04  0.5395E+02  0.2809E+04  0.2809E+04
  0.1055E-01  0.2728E+04  0.3373E+02  0.2786E+04  0.2786E+04
  0.1148E-01  0.2761E+04  0.2515E+02  0.2761E+04  0.2761E+04
  0.1241E-01  0.2773E+04  0.2199E+02  0.2734E+04  0.2734E+04
  0.1334E-01  0.2761E+04  0.1640E+02  0.2706E+04  0.2706E+04
  0.1427E-01  0.2717E+04  0.1592E+02  0.2676E+04  0.2676E+04
  0.1520E-01  0.2636E+04  0.1359E+02  0.2644E+04  0.2644E+04
  0.1613E-01  0.2614E+04  0.1196E+02  0.2611E+04  0.2611E+04
  0.1706E-01  0.2569E+04  0.1149E+02  0.2577E+04  0.2577E+04
  0.1799E-01  0.2554E+04  0.1022E+02  0.2541E+04  0.2541E+04
  0.1892E-01  0.2509E+04  0.9984E+01  0.2504E+04  0.2504E+04
  0.1985E-01  0.2456E+04  0.9527E+01  0.2465E+04  0.2465E+04
  0.2078E-01  0.2415E+04  0.8547E+01  0.2426E+04  0.2426E+04
  0.2170E-01  0.2371E+04  0.8728E+01  0.2386E+04  0.2386E+04
  0.2263E-01  0.2345E+04  0.8352E+01  0.2344E+04  0.2344E+04
  0.2356E-01  0.2293E+04  0.8906E+01  0.2302E+04  0.2302E+04
  0.2449E-01  0.2259E+04  0.8168E+01  0.2260E+04  0.2260E+04
  0.2542E-01  0.2227E+04  0.7878E+01  0.2216E+04  0.2216E+04
  0.2635E-01  0.2174E+04  0.7324E+01  0.2173E+04  0.2173E+04
  0.2728E-01  0.2111E+04  0.7052E+01  0.2128E+04  0.2128E+04
  0.2821E-01  0.2083E+04  0.7312E+01  0.2084E+04  0.2084E+04
  0.2914E-01  0.2046E+04  0.6966E+01  0.2039E+04  0.2039E+04
  0.3007E-01  0.1993E+04  0.6870E+01  0.1993E+04  0.1993E+04
  0.3100E-01  0.1939E+04  0.6884E+01  0.1948E+04  0.1948E+04
  0.3193E-01  0.1888E+04  0.6465E+01  0.1903E+04  0.1903E+04
  0.3286E-01  0.1860E+04  0.6457E+01  0.1858E+04  0.1858E+04
  0.3379E-01  0.1823E+04  0.6242E+01  0.1813E+04  0.1813E+04
  0.3472E-01  0.1763E+04  0.6164E+01  0.1768E+04  0.1768E+04
  0.3564E-01  0.1724E+04  0.6117E+01  0.1723E+04  0.1723E+04
  0.3657E-01  0.1678E+04  0.5936E+01  0.1679E+04  0.1679E+04
  0.3750E-01  0.1642E+04  0.5791E+01  0.1635E+04  0.1635E+04
  0.3843E-01  0.1591E+04  0.5562E+01  0.1591E+04  0.1591E+04
  0.3936E-01  0.1555E+04  0.5688E+01  0.1548E+04  0.1548E+04
  0.4029E-01  0.1511E+04  0.5393E+01  0.1506E+04  0.1506E+04
  0.4122E-01  0.1472E+04  0.5508E+01  0.1464E+04  0.1464E+04
  0.4215E-01  0.1422E+04  0.5389E+01  0.1423E+04  0.1423E+04
  0.4308E-01  0.1390E+04  0.5248E+01  0.1382E+04  0.1382E+04
  0.4401E-01  0.1358E+04  0.5159E+01  0.1342E+04  0.1342E+04
  0.4494E-01  0.1304E+04  0.4930E+01  0.1303E+04  0.1303E+04
  0.4587E-01  0.1259E+04  0.4849E+01  0.1265E+04  0.1265E+04
  0.4680E-01  0.1224E+04  0.4767E+01  0.1227E+04  0.1227E+04
  0.4773E-01  0.1202E+04  0.4566E+01  0.1191E+04  0.1191E+04
  0.4865E-01  0.1160E+04  0.4522E+01  0.1155E+04  0.1155E+04
  0.4958E-01  0.1126E+04  0.4402E+01  0.1120E+04  0.1120E+04
  0.5051E-01  0.1085E+04  0.4537E+01  0.1085E+04  0.1085E+04
  0.5144E-01  0.1044E+04  0.4257E+01  0.1052E+04  0.1052E+04
  0.5237E-01  0.1010E+04  0.4272E+01  0.1019E+04  0.1019E+04
  0.5330E-01  0.9896E+03  0.4404E+01  0.9876E+03  0.9876E+03
  0.5423E-01  0.9642E+03  0.4234E+01  0.9568E+03  0.9568E+03
  0.5516E-01  0.9306E+03  0.4238E+01  0.9268E+03  0.9268E+03
  0.5609E-01  0.8985E+03  0.4009E+01  0.8976E+03  0.8976E+03
  0.5702E-01  0.8769E+03  0.4090E+01  0.8693E+03  0.8693E+03
  0.5795E-01  0.8487E+03  0.3927E+01  0.8418E+03  0.8418E+03
  0.5888E-01  0.8237E+03  0.3704E+01  0.8152E+03  0.8152E+03
  0.5981E-01  0.7848E+03  0.3723E+01  0.7893E+03  0.7893E+03
  0.6074E-01  0.7592E+03  0.3710E+01  0.7642E+03  0.7642E+03
  0.6166E-01  0.7362E+03  0.3746E+01  0.7399E+03  0.7399E+03
  0.6259E-01  0.7208E+03  0.3766E+01  0.7164E+03  0.7164E+03
  0.6352E-01  0.6945E+03  0.3703E+01  0.6935E+03  0.6935E+03
  0.6445E-01  0.6629E+03  0.3653E+01  0.6714E+03  0.6714E+03
  0.6538E-01  0.6475E+03  0.3526E+01  0.6501E+03  0.6501E+03
  0.6631E-01  0.6348E+03  0.3551E+01  0.6293E+03  0.6293E+03
  0.6724E-01  0.6082E+03  0.3464E+01  0.6093E+03  0.6093E+03
  0.6817E-01  0.5812E+03  0.3420E+01  0.5899E+03  0.5899E+03
  0.6910E-01  0.5657E+03  0.3469E+01  0.5711E+03  0.5711E+03
  0.7003E-01  0.5495E+03  0.3246E+01  0.5529E+03  0.5529E+03
  0.7096E-01  0.5420E+03  0.3328E+01  0.5353E+03  0.5353E+03
  0.7189E-01  0.5298E+03  0.3219E+01  0.5182E+03  0.5182E+03
  0.7282E-01  0.5066E+03  0.3261E+01  0.5017E+03  0.5017E+03
  0.7375E-01  0.4915E+03  0.3160E+01  0.4857E+03  0.4857E+03
  0.7468E-01  0.4709E+03  0.3104E+01  0.4702E+03  0.4702E+03
  0.7560E-01  0.4581E+03  0.3101E+01  0.4551E+03  0.4551E+03
  0.7653E-01  0.4496E+03  0.3017E+01  0.4406E+03  0.4406E+03
  0.7746E-01  0.4282E+03  0.2996E+01  0.4265E+03  0.4265E+03
  0.7839E-01  0.4084E+03  0.2955E+01  0.4128E+03  0.4128E+03
  0.7932E-01  0.3981E+03  0.2981E+01  0.3995E+03  0.3995E+03
  0.8025E-01  0.3853E+03  0.2985E+01  0.3867E+03  0.3867E+03
  0.8118E-01  0.3703E+03  0.3005E+01  0.3742E+03  0.3742E+03
  0.8211E-01  0.3619E+03  0.3034E+01  0.3621E+03  0.3621E+03
  0.8304E-01  0.3499E+03  0.2923E+01  0.3503E+03  0.3503E+03
  0.8397E-01  0.3347E+03  0.2833E+01  0.3389E+03  0.3389E+03
  0.8490E-01  0.3291E+03  0.2822E+01  0.3278E+03  0.3278E+03
  0.8583E-01  0.3191E+03  0.2771E+01  0.3171E+03  0.3171E+03
  0.8676E-01  0.3093E+03  0.2756E+01  0.3066E+03  0.3066E+03
  0.8769E-01  0.2957E+03  0.2701E+01  0.2965E+03  0.2965E+03
  0.8861E-01  0.2877E+03  0.2727E+01  0.2866E+03  0.2866E+03
  0.8954E-01  0.2752E+03  0.2643E+01  0.2770E+03  0.2770E+03
  0.9047E-01  0.2628E+03  0.2612E+01  0.2677E+03  0.2677E+03
  0.9140E-01  0.2603E+03  0.2677E+01  0.2586E+03  0.2586E+03
  0.9233E-01  0.2509E+03  0.2610E+01  0.2498E+03  0.2498E+03
  0.9326E-01  0.2386E+03  0.2688E+01  0.2413E+03  0.2413E+03
  0.9419E-01  0.2319E+03  0.2577E+01  0.2329E+03  0.2329E+03
  0.9512E-01  0.2252E+03  0.2628E+01  0.2249E+03  0.2249E+03
  0.9605E-01  0.2169E+03  0.2577E+01  0.2170E+03  0.2170E+03
  0.9698E-01  0.2195E+03  0.2579E+01  0.2094E+03  0.2094E+03
  0.9791E-01  0.2032E+03  0.2524E+01  0.2020E+03  0.2020E+03
  0.9884E-01  0.1957E+03  0.2484E+01  0.1948E+03  0.1948E+03
  0.9977E-01  0.1911E+03  0.2485E+01  0.1878E+03  0.1878E+03
  0.1007E+00  0.1814E+03  0.2465E+01  0.1810E+03  0.1810E+03
  0.1016E+00  0.1693E+03  0.2428E+01  0.1744E+03  0.1744E+03
  0.1026E+00  0.1648E+03  0.2404E+01  0.1680E+03  0.1680E+03
  0.1035E+00  0.1625E+03  0.2331E+01  0.1618E+03  0.1618E+03
  0.1044E+00  0.1550E+03  0.2381E+01  0.1557E+03  0.1557E+03
  0.1053E+00  0.1523E+03  0.2309E+01  0.1499E+03  0.1499E+03
  0.1063E+00  0.1450E+03  0.2322E+01  0.1442E+03  0.1442E+03
  0.1072E+00  0.1372E+03  0.2348E+01  0.1388E+03  0.1388E+03
  0.1081E+00  0.1309E+03  0.2324E+01  0.1334E+03  0.1334E+03
  0.1091E+00  0.1342E+03  0.2348E+01  0.1283E+03  0.1283E+03
  0.1100E+00  0.1274E+03  0.2285E+01  0.1233E+03  0.1233E+03
  0.1109E+00  0.1182E+03  0.2338E+01  0.1185E+03  0.1185E+03
  0.1118E+00  0.1100E+03  0.2292E+01  0.1138E+03  0.1138E+03
  0.1128E+00  0.1037E+03  0.2255E+01  0.1093E+03  0.1093E+03
  0.1137E+00  0.1075E+03  0.2272E+01  0.1050E+03  0.1050E+03
  0.1146E+00  0.9982E+02  0.2217E+01  0.1008E+03  0.1008E+03
  0.1156E+00  0.9919E+02  0.2221E+01  0.9675E+02  0.9675E+02
  0.1165E+00  0.9577E+02  0.2195E+01  0.9284E+02  0.9284E+02
  0.1174E+00  0.8679E+02  0.2142E+01  0.8908E+02  0.8908E+02
  0.1184E+00  0.8089E+02  0.2135E+01  0.8546E+02  0.8546E+02
  0.1193E+00  0.8235E+02  0.2103E+01  0.8198E+02  0.8198E+02
  0.1202E+00  0.7804E+02  0.2141E+01  0.7863E+02  0.7863E+02
  0.1211E+00  0.7668E+02  0.2087E+01  0.7542E+02  0.7542E+02
  0.1221E+00  0.7043E+02  0.2111E+01  0.7233E+02  0.7233E+02
  0.1230E+00  0.7067E+02  0.2136E+01  0.6937E+02  0.6937E+02
  0.1239E+00  0.6777E+02  0.2104E+01  0.6654E+02  0.6654E+02
  0.1249E+00  0.6119E+02  0.2101E+01  0.6383E+02  0.6383E+02
  0.1258E+00  0.6036E+02  0.2080E+01  0.6124E+02  0.6124E+02
  0.1267E+00  0.5907E+02  0.2096E+01  0.5876E+02  0.5876E+02
  0.1276E+00  0.5754E+02  0.2102E+01  0.5640E+02  0.5640E+02
  0.1286E+00  0.5281E+02  0.2124E+01  0.5415E+02  0.5415E+02
  0.1295E+00  0.4769E+02  0.2150E+01  0.5201E+02  0.5201E+02
  0.1304E+00  0.4858E+02  0.2063E+01  0.4998E+02  0.4998E+02
  0.1314E+00  0.4191E+02  0.2060E+01  0.4806E+02  0.4806E+02
  0.1323E+00  0.4089E+02  0.2020E+01  0.4623E+02  0.4623E+02
  0.1332E+00  0.4002E+02  0.2010E+01  0.4451E+02  0.4451E+02
  0.1342E+00  0.4233E+02  0.2053E+01  0.4287E+02  0.4287E+02
  0.1351E+00  0.4012E+02  0.1999E+01  0.4134E+02  0.4134E+02
  0.1360E+00  0.4147E+02  0.2032E+01  0.3990E+02  0.3990E+02
  0.1369E+00  0.4134E+02  0.1965E+01  0.3854E+02  0.3854E+02
  0.1379E+00  0.3847E+02  0.1991E+01  0.3727E+02  0.3727E+02
  0.1388E+00  0.3497E+02  0.1961E+01  0.3608E+02  0.3608E+02
  0.1397E+00  0.3540E+02  0.2048E+01  0.3498E+02  0.3498E+02
  0.1407E+00  0.3411E+02  0.2003E+01  0.3395E+02  0.3395E+02
  0.1416E+00  0.3438E+02  0.2014E+01  0.3299E+02  0.3299E+02
  0.1425E+00  0.3146E+02  0.1969E+01  0.3211E+02  0.3211E+02
  0.1434E+00  0.3219E+02  0.1935E+01  0.3130E+02  0.3130E+02
  0.1444E+00  0.3027E+02  0.1925E+01  0.3055E+02  0.3055E+02
  0.1453E+00  0.2988E+02  0.1942E+01  0.2986E+02  0.2986E+02
  0.1462E+00  0.2666E+02  0.2368E+01  0.2924E+02  0.2924E+02
  0.1472E+00  0.2346E+02  0.2073E+01  0.2867E+02  0.2867E+02
  0.1481E+00  0.2219E+02  0.1934E+01  0.2816E+02  0.2816E+02
  0.1490E+00  0.2759E+02  0.1953E+01  0.2770E+02  0.2770E+02
  0.1499E+00  0.2723E+02  0.1937E+01  0.2728E+02  0.2728E+02
  0.1509E+00  0.2885E+02  0.1915E+01  0.2691E+02  0.2691E+02
  0.1518E+00  0.2525E+02  0.1948E+01  0.2659E+02  0.2659E+02
  0.1527E+00  0.2577E+02  0.1873E+01  0.2630E+02  0.2630E+02
  0.1537E+00  0.2024E+02  0.1934E+01  0.2605E+02  0.2605E+02
  0.1546E+00  0.2512E+02  0.1900E+01  0.2584E+02  0.2584E+02
  0.1555E+00  0.2378E+02  0.1920E+01  0.2565E+02  0.2565E+02
  0.1565E+00  0.2141E+02  0.1914E+01  0.2549E+02  0.2549E+02
  0.1574E+00  0.2102E+02  0.1871E+01  0.2536E+02  0.2536E+02
  0.1583E+00  0.2391E+02  0.1882E+01  0.2526E+02  0.2526E+02
  0.1592E+00  0.2596E+02  0.1870E+01  0.2517E+02  0.2517E+02
  0.1602E+00  0.3044E+02  0.1858E+01  0.2510E+02  0.2510E+02
  0.1611E+00  0.2466E+02  0.1946E+01  0.2505E+02  0.2505E+02
  0.1620E+00  0.2461E+02  0.1832E+01  0.2501E+02  0.2501E+02
  0.1630E+00  0.2746E+02  0.1830E+01  0.2499E+02  0.2499E+02
  0.1639E+00  0.2919E+02  0.1834E+01  0.2497E+02  0.2497E+02
  0.1648E+00  0.2807E+02  0.1830E+01  0.2497E+02  0.2497E+02
  0.1657E+00  0.2596E+02  0.1839E+01  0.2497E+02  0.2497E+02
  0.1667E+00  0.2214E+02  0.1832E+01  0.2497E+02  0.2497E+02
  0.1676E+00  0.2483E+02  0.1872E+01  0.2498E+02  0.2498E+02
  0.1685E+00  0.2549E+02  0.1846E+01  0.2499E+02  0.2499E+02
  0.1695E+00  0.2332E+02  0.1851E+01  0.2499E+02  0.2499E+02
  0.1704E+00  0.2242E+02  0.1910E+01  0.2500E+02  0.2500E+02
  0.1713E+00  0.2340E+02  0.1856E+01  0.2501E+02  0.2501E+02
  0.1723E+00  0.2749E+02  0.1876E+01  0.2502E+02  0.2502E+02
  0.1732E+00  0.2743E+02  0.1832E+01  0.2502E+02  0.2502E+02
  0.1741E+00  0.2308E+02  0.1824E+01  0.2501E+02  0.2501E+02
  0.1750E+00  0.2291E+02  0.1799E+01  0.2501E+02  0.2501E+02
  0.1760E+00  0.2259E+02  0.1783E+01  0.2499E+02  0.2499E+02
  0.1769E+00  0.2326E+02  0.1804E+01  0.2498E+02  0.2498E+02
  0.1778E+00  0.2441E+02  0.1754E+01  0.2495E+02  0.2495E+02
  0.1788E+00  0.2634E+02  0.1770E+01  0.2492E+02  0.2492E+02
  0.1797E+00  0.2302E+02  0.1737E+01  0.2489E+02  0.2489E+02
  0.1806E+00  0.2762E+02  0.1760E+01  0.2485E+02  0.2485E+02
  0.1815E+00  0.2496E+02  0.1750E+01  0.2480E+02  0.2480E+02
  0.1825E+00  0.2212E+02  0.1732E+01  0.2474E+02  0.2474E+02
  0.1834E+00  0.2258E+02  0.1766E+01  0.2468E+02  0.2468E+02
  0.1843E+00  0.2634E+02  0.1734E+01  0.2462E+02  0.2462E+02
  0.1853E+00  0.2794E+02  0.1758E+01  0.2454E+02  0.2454E+02
  0.1862E+00  0.2674E+02  0.1703E+01  0.2447E+02  0.2447E+02
  0.1871E+00  0.2781E+02  0.1755E+01  0.2439E+02  0.2439E+02
  0.1880E+00  0.2489E+02  0.1751E+01  0.2430E+02  0.2430E+02
  0.1890E+00  0.2380E+02  0.1756E+01  0.2421E+02  0.2421E+02
  0.1899E+00  0.2061E+02  0.1704E+01  0.2411E+02  0.2411E+02
  0.1908E+00  0.2108E+02  0.1717E+01  0.2401E+02  0.2401E+02
  0.1918E+00  0.2732E+02  0.1713E+01  0.2391E+02  0.2391E+02
  0.1927E+00  0.2565E+02  0.1704E+01  0.2380E+02  0.2380E+02
  0.1936E+00  0.2438E+02  0.1702E+01  0.2369E+02  0.2369E+02
  0.1946E+00  0.2322E+02  0.1710E+01  0.2358E+02  0.2358E+02
  0.1955E+00  0.2442E+02  0.1693E+01  0.2346E+02  0.2346E+02
  0.1964E+00  0.2594E+02  0.1733E+01  0.2335E+02  0.2335E+02
  0.1973E+00  0.2444E+02  0.1702E+01  0.2323E+02  0.2323E+02
  0.1983E+00  0.2228E+02  0.1737E+01  0.2311E+02  0.2311E+02
  0.1992E+00  0.2186E+02  0.1724E+01  0.2298E+02  0.2298E+02
  0.2001E+00  0.2106E+02  0.1684E+01  0.2286E+02  0.2286E+02
  0.2011E+00  0.2099E+02  0.1696E+01  0.2273E+02  0.2273E+02
  0.2020E+00  0.2240E+02  0.1660E+01  0.2261E+02  0.2261E+02
  0.2029E+00  0.2280E+02  0.1724E+01  0.2248E+02  0.2248E+02
  0.2038E+00  0.2414E+02  0.1680E+01  0.2235E+02  0.2235E+02
  0.2048E+00  0.2285E+02  0.1661E+01  0.2222E+02  0.2222E+02
  0.2057E+00  0.2176E+02  0.1651E+01  0.2209E+02  0.2209E+02
  0.2066E+00  0.2111E+02  0.1665E+01  0.2196E+02  0.2196E+02
  0.2076E+00  0.2201E+02  0.1679E+01  0.2183E+02  0.2183E+02
  0.2085E+00  0.2169E+02  0.1633E+01  0.2169E+02  0.2169E+02
  0.2094E+00  0.2455E+02  0.1642E+01  0.2156E+02  0.2156E+02
  0.2104E+00  0.1991E+02  0.1662E+01  0.2143E+02  0.2143E+02
  0.2113E+00  0.1918E+02  0.1623E+01  0.2129E+02  0.2129E+02
  0.2122E+00  0.2370E+02  0.1628E+01  0.2115E+02  0.2115E+02
  0.2131E+00  0.2306E+02  0.1609E+01  0.2102E+02  0.2102E+02
  0.2141E+00  0.2268E+02  0.1606E+01  0.2088E+02  0.2088E+02
  0.2150E+00  0.2466E+02  0.1602E+01  0.2074E+02  0.2074E+02
  0.2159E+00  0.2106E+02  0.1574E+01  0.2060E+02  0.2060E+02
  0.2169E+00  0.2047E+02  0.1575E+01  0.2046E+02  0.2046E+02
  0.2178E+00  0.1832E+02  0.1583E+01  0.2032E+02  0.2032E+02
  0.2187E+00  0.2013E+02  0.1584E+01  0.2018E+02  0.2018E+02
  0.2196E+00  0.2044E+02  0.1571E+01  0.2004E+02  0.2004E+02
  0.2206E+00  0.2043E+02  0.1558E+01  0.1990E+02  0.1990E+02
  0.2215E+00  0.1757E+02  0.1567E+01  0.1976E+02  0.1976E+02
  0.2224E+00  0.1643E+02  0.1565E+01  0.1962E+02  0.1962E+02
  0.2234E+00  0.2137E+02  0.1555E+01  0.1948E+02  0.1948E+02
  0.2243E+00  0.2251E+02  0.1554E+01  0.1934E+02  0.1934E+02
  0.2252E+00  0.1921E+02  0.1546E+01  0.1920E+02  0.1920E+02
  0.2262E+00  0.1800E+02  0.1539E+01  0.1906E+02  0.1906E+02
  0.2271E+00  0.1616E+02  0.1550E+01  0.1893E+02  0.1893E+02
  0.2280E+00  0.1503E+02  0.1585E+01  0.1879E+02  0.1879E+02
  0.2289E+00  0.1891E+02  0.1583E+01  0.1866E+02  0.1866E+02
  0.2299E+00  0.1562E+02  0.1601E+01  0.1852E+02  0.1852E+02
  0.2308E+00  0.1643E+02  0.1599E+01  0.1839E+02  0.1839E+02
  0.2317E+00  0.1861E+02  0.1607E+01  0.1826E+02  0.1826E+02
  0.2327E+00  0.2004E+02  0.1601E+01  0.1813E+02  0.1813E+02
  0.2336E+00  0.2247E+02  0.1596E+01  0.1801E+02  0.1801E+02
  0.2345E+00  0.2182E+02  0.1629E+01  0.1789E+02  0.1789E+02
  0.2354E+00  0.1417E+02  0.1600E+01  0.1777E+02  0.1777E+02
  0.2364E+00  0.1539E+02  0.1618E+01  0.1765E+02  0.1765E+02
  0.2373E+00  0.1734E+02  0.1623E+01  0.1754E+02  0.1754E+02
  0.2382E+00  0.1672E+02  0.1579E+01  0.1743E+02  0.1743E+02
  0.2392E+00  0.1673E+02  0.1606E+01  0.1732E+02  0.1732E+02
  0.2401E+00  0.1946E+02  0.1608E+01  0.1722E+02  0.1722E+02
  0.2410E+00  0.1810E+02  0.1610E+01  0.1712E+02  0.1712E+02
  0.2420E+00  0.1492E+02  0.1610E+01  0.1702E+02  0.1702E+02
  0.2429E+00  0.1306E+02  0.1599E+01  0.1693E+02  0.1693E+02
  0.2438E+00  0.1935E+02  0.1625E+01  0.1685E+02  0.1685E+02
  0.2447E+00  0.1570E+02  0.1598E+01  0.1676E+02  0.1676E+02
  0.2457E+00  0.1977E+02  0.1603E+01  0.1668E+02  0.1668E+02
  0.2466E+00  0.1968E+02  0.1585E+01  0.1661E+02  0.1661E+02
  0.2475E+00  0.1527E+02  0.1596E+01  0.1653E+02  0.1653E+02
  0.2485E+00  0.1277E+02  0.1585E+01  0.1647E+02  0.1647E+02
  0.2494E+00  0.1532E+02  0.1599E+01  0.1640E+02  0.1640E+02
  0.2503E+00  0.1829E+02  0.1584E+01  0.1634E+02  0.1634E+02
  0.2512E+00  0.1697E+02  0.1562E+01  0.1628E+02  0.1628E+02
  0.2522E+00  0.1782E+02  0.1593E+01  0.1623E+02  0.1623E+02
  0.2531E+00  0.1634E+02  0.1582E+01  0.1618E+02  0.1618E+02
  0.2540E+00  0.1518E+02  0.1588E+01  0.1613E+02  0.1613E+02
  0.2550E+00  0.1566E+02  0.1608E+01  0.1609E+02  0.1609E+02
  0.2559E+00  0.1474E+02  0.1592E+01  0.1604E+02  0.1604E+02
  0.2568E+00  0.1470E+02  0.1602E+01  0.1600E+02  0.1600E+02
  0.2577E+00  0.1401E+02  0.1582E+01  0.1597E+02  0.1597E+02
  0.2587E+00  0.1530E+02  0.1574E+01  0.1593E+02  0.1593E+02
  0.2596E+00  0.1303E+02  0.1596E+01  0.1590E+02  0.1590E+02
  0.2605E+00  0.1486E+02  0.1548E+01  0.1587E+02  0.1587E+02
  0.2615E+00  0.1690E+02  0.1567E+01  0.1584E+02  0.1584E+02
  0.2624E+00  0.1389E+02  0.1571E+01  0.1581E+02  0.1581E+02
  0.2633E+00  0.1373E+02  0.1566E+01  0.1579E+02  0.1579E+02
  0.2643E+00  0.1369E+02  0.1571E+01  0.1576E+02  0.1576E+02
  0.2652E+00  0.1887E+02  0.1552E+01  0.1574E+02  0.1574E+02
  0.2661E+00  0.1767E+02  0.1587E+01  0.1572E+02  0.1572E+02
  0.2670E+00  0.1632E+02  0.1551E+01  0.1569E+02  0.1569E+02
  0.2680E+00  0.1565E+02  0.1582E+01  0.1567E+02  0.1567E+02
  0.2689E+00  0.1824E+02  0.1551E+01  0.1565E+02  0.1565E+02
  0.2698E+00  0.1456E+02  0.1570E+01  0.1563E+02  0.1563E+02
  0.2708E+00  0.1495E+02  0.1594E+01  0.1561E+02  0.1561E+02
  0.2717E+00  0.1906E+02  0.1566E+01  0.1560E+02  0.1560E+02
  0.2726E+00  0.1993E+02  0.1576E+01  0.1558E+02  0.1558E+02
  0.2735E+00  0.1700E+02  0.1548E+01  0.1556E+02  0.1556E+02
  0.2745E+00  0.1225E+02  0.1567E+01  0.1554E+02  0.1554E+02
  0.2754E+00  0.1181E+02  0.1578E+01  0.1552E+02  0.1552E+02
  0.2763E+00  0.1374E+02  0.1562E+01  0.1550E+02  0.1550E+02
  0.2773E+00  0.1521E+02  0.1575E+01  0.1549E+02  0.1549E+02
  0.2782E+00  0.1269E+02  0.1580E+01  0.1547E+02  0.1547E+02
  0.2791E+00  0.1442E+02  0.1591E+01  0.1545E+02  0.1545E+02
  0.2801E+00  0.1075E+02  0.1576E+01  0.1543E+02  0.1543E+02
  0.2810E+00  0.1446E+02  0.1599E+01  0.1542E+02  0.1542E+02
  0.2819E+00  0.1479E+02  0.1612E+01  0.1540E+02  0.1540E+02
  0.2828E+00  0.1511E+02  0.1621E+01  0.1538E+02  0.1538E+02
  0.2838E+00  0.1490E+02  0.1616E+01  0.1536E+02  0.1536E+02
  0.2847E+00  0.1521E+02  0.1653E+01  0.1535E+02  0.1535E+02
  0.2856E+00  0.1334E+02  0.1667E+01  0.1533E+02  0.1533E+02
  0.2866E+00  0.1744E+02  0.1682E+01  0.1531E+02  0.1531E+02
  0.2875E+00  0.1887E+02  0.1675E+01  0.1529E+02  0.1529E+02
  0.2884E+00  0.1807E+02  0.1702E+01  0.1528E+02  0.1528E+02
  0.2893E+00  0.1711E+02  0.1700E+01  0.1526E+02  0.1526E+02
  0.2903E+00  0.1447E+02  0.1724E+01  0.1524E+02  0.1524E+02
  0.2912E+00  0.1756E+02  0.1723E+01  0.1522E+02  0.1522E+02
  0.2921E+00  0.2098E+02  0.1719E+01  0.1520E+02  0.1520E+02
  0.2931E+00  0.1846E+02  0.1787E+01  0.1518E+02  0.1518E+02
  0.2940E+00  0.1611E+02  0.1768E+01  0.1516E+02  0.1516E+02
  0.2949E+00  0.1573E+02  0.1804E+01  0.1514E+02  0.1514E+02
  0.2958E+00  0.1261E+02  0.1779E+01  0.1512E+02  0.1512E+02
  0.2968E+00  0.1297E+02  0.1787E+01  0.1510E+02  0.1510E+02
  0.2977E+00  0.1381E+02  0.1827E+01  0.1507E+02  0.1507E+02
  0.2986E+00  0.1461E+02  0.1794E+01  0.1505E+02  0.1505E+02
  0.2996E+00  0.1656E+02  0.1845E+01  0.1502E+02  0.1502E+02
  0.3005E+00  0.1688E+02  0.1799E+01  0.1499E+02  0.1499E+02
  0.3014E+00  0.1398E+02  0.1835E+01  0.1496E+02  0.1496E+02
  0.3024E+00  0.1716E+02  0.1857E+01  0.1493E+02  0.1493E+02
  0.3033E+00  0.1573E+02  0.1841E+01  0.1490E+02  0.1490E+02
  0.3042E+00  0.1267E+02  0.1871E+01  0.1487E+02  0.1487E+02
  0.3051E+00  0.1289E+02  0.1842E+01  0.1483E+02  0.1483E+02
  0.3061E+00  0.1108E+02  0.1852E+01  0.1480E+02  0.1480E+02
  0.3070E+00  0.1354E+02  0.1860E+01  0.1476E+02  0.1476E+02
  0.3079E+00  0.1914E+02  0.1871E+01  0.1471E+02  0.1471E+02
  0.3089E+00  0.1854E+02  0.1901E+01  0.1467E+02  0.1467E+02
  0.3098E+00  0.1738E+02  0.1907E+01  0.1462E+02  0.1462E+02
  0.3107E+00  0.1425E+02  0.1957E+01  0.1458E+02  0.1458E+02
  0.3116E+00  0.1735E+02  0.1947E+01  0.1452E+02  0.1452E+02
  0.3126E+00  0.1744E+02  0.1944E+01  0.1447E+02  0.1447E+02
  0.3135E+00  0.1792E+02  0.1988E+01  0.1442E+02  0.1442E+02
  0.3144E+00  0.1774E+02  0.1995E+01  0.1436E+02  0.1436E+02
  0.3154E+00  0.1392E+02  0.1978E+01  0.1430E+02  0.1430E+02
  0.3163E+00  0.1338E+02  0.1958E+01  0.1424E+02  0.1424E+02
  0.3172E+00  0.1629E+02  0.1990E+01  0.1417E+02  0.1417E+02
  0.3182E+00  0.1962E+02  0.1988E+01  0.1411E+02  0.1411E+02
  0.3191E+00  0.1858E+02  0.2028E+01  0.1404E+02  0.1404E+02
  0.3200E+00  0.1140E+02  0.2082E+01  0.1397E+02  0.1397E+02

           Distance distribution  function of particle  


       R          P(R)      ERROR

  0.0000E+00  0.0000E+00  0.0000E+00
  0.1314E+01  0.1481E+00  0.1823E-02
  0.2628E+01  0.2904E+00  0.2554E-02
  0.3942E+01  0.4297E+00  0.2387E-02
  0.5256E+01  0.5700E+00  0.1692E-02
  0.6570E+01  0.7164E+00  0.1342E-02
  0.7884E+01  0.8740E+00  0.2146E-02
  0.9198E+01  0.1047E+01  0.3211E-02
  0.1051E+02  0.1240E+01  0.3981E-02
  0.1183E+02  0.1454E+01  0.4276E-02
  0.1314E+02  0.1688E+01  0.4092E-02
  0.1445E+02  0.1940E+01  0.3592E-02
  0.1577E+02  0.2206E+01  0.3144E-02
  0.1708E+02  0.2480E+01  0.3212E-02
  0.1840E+02  0.2755E+01  0.3849E-02
  0.1971E+02  0.3024E+01  0.4658E-02
  0.2102E+02  0.3280E+01  0.5296E-02
  0.2234E+02  0.3516E+01  0.5606E-02
  0.2365E+02  0.3729E+01  0.5579E-02
  0.2497E+02  0.3915E+01  0.5327E-02
  0.2628E+02  0.4072E+01  0.5043E-02
  0.2759E+02  0.4200E+01  0.4912E-02
  0.2891E+02  0.4301E+01  0.4996E-02
  0.3022E+02  0.4375E+01  0.5194E-02
  0.3154E+02  0.4426E+01  0.5356E-02
  0.3285E+02  0.4454E+01  0.5393E-02
  0.3416E+02  0.4462E+01  0.5329E-02
  0.3548E+02  0.4451E+01  0.5275E-02
  0.3679E+02  0.4421E+01  0.5359E-02
  0.3811E+02  0.4373E+01  0.5623E-02
  0.3942E+02  0.4306E+01  0.5986E-02
  0.4073E+02  0.4220E+01  0.6312E-02
  0.4205E+02  0.4116E+01  0.6501E-02
  0.4336E+02  0.3995E+01  0.6540E-02
  0.4468E+02  0.3858E+01  0.6512E-02
  0.4599E+02  0.3708E+01  0.6558E-02
  0.4730E+02  0.3549E+01  0.6800E-02
  0.4862E+02  0.3385E+01  0.7250E-02
  0.4993E+02  0.3220E+01  0.7813E-02
  0.5125E+02  0.3059E+01  0.8350E-02
  0.5256E+02  0.2907E+01  0.8761E-02
  0.5387E+02  0.2765E+01  0.9012E-02
  0.5519E+02  0.2637E+01  0.9139E-02
  0.5650E+02  0.2523E+01  0.9214E-02
  0.5782E+02  0.2424E+01  0.9308E-02
  0.5913E+02  0.2339E+01  0.9446E-02
  0.6044E+02  0.2265E+01  0.9604E-02
  0.6176E+02  0.2199E+01  0.9725E-02
  0.6307E+02  0.2140E+01  0.9766E-02
  0.6439E+02  0.2085E+01  0.9724E-02
  0.6570E+02  0.2030E+01  0.9645E-02
  0.6701E+02  0.1975E+01  0.9602E-02
  0.6833E+02  0.1918E+01  0.9665E-02
  0.6964E+02  0.1858E+01  0.9857E-02
  0.7096E+02  0.1796E+01  0.1015E-01
  0.7227E+02  0.1732E+01  0.1050E-01
  0.7358E+02  0.1666E+01  0.1082E-01
  0.7490E+02  0.1600E+01  0.1109E-01
  0.7621E+02  0.1534E+01  0.1127E-01
  0.7753E+02  0.1468E+01  0.1136E-01
  0.7884E+02  0.1402E+01  0.1136E-01
  0.8015E+02  0.1337E+01  0.1125E-01
  0.8147E+02  0.1272E+01  0.1104E-01
  0.8278E+02  0.1207E+01  0.1073E-01
  0.8410E+02  0.1142E+01  0.1037E-01
  0.8541E+02  0.1075E+01  0.9995E-02
  0.8672E+02  0.1008E+01  0.9682E-02
  0.8804E+02  0.9406E+00  0.9481E-02
  0.8935E+02  0.8733E+00  0.9426E-02
  0.9067E+02  0.8070E+00  0.9533E-02
  0.9198E+02  0.7425E+00  0.9813E-02
  0.9329E+02  0.6809E+00  0.1028E-01
  0.9461E+02  0.6228E+00  0.1096E-01
  0.9592E+02  0.5690E+00  0.1181E-01
  0.9724E+02  0.5197E+00  0.1276E-01
  0.9855E+02  0.4751E+00  0.1370E-01
  0.9986E+02  0.4349E+00  0.1449E-01
  0.1012E+03  0.3986E+00  0.1500E-01
  0.1025E+03  0.3658E+00  0.1515E-01
  0.1038E+03  0.3357E+00  0.1494E-01
  0.1051E+03  0.3079E+00  0.1442E-01
  0.1064E+03  0.2817E+00  0.1373E-01
  0.1077E+03  0.2570E+00  0.1308E-01
  0.1091E+03  0.2337E+00  0.1266E-01
  0.1104E+03  0.2117E+00  0.1261E-01
  0.1117E+03  0.1912E+00  0.1293E-01
  0.1130E+03  0.1726E+00  0.1348E-01
  0.1143E+03  0.1560E+00  0.1409E-01
  0.1156E+03  0.1415E+00  0.1462E-01
  0.1169E+03  0.1291E+00  0.1496E-01
  0.1183E+03  0.1185E+00  0.1506E-01
  0.1196E+03  0.1095E+00  0.1492E-01
  0.1209E+03  0.1015E+00  0.1456E-01
  0.1222E+03  0.9373E-01  0.1399E-01
  0.1235E+03  0.8563E-01  0.1322E-01
  0.1248E+03  0.7649E-01  0.1222E-01
  0.1261E+03  0.6574E-01  0.1094E-01
  0.1275E+03  0.5292E-01  0.9257E-02
  0.1288E+03  0.3775E-01  0.7004E-02
  0.1301E+03  0.2010E-01  0.3989E-02
  0.1314E+03  0.0000E+00  0.0000E+00
          Reciprocal space: Rg =   36.34     , I(0) =   0.2925E+04
     Real space: Rg =   36.40 +- 0.083  I(0) =   0.2925E+04 +-  0.4160E+01
