
           ####    G N O M   ---   Version 4.5a revised 09/02/02     ####

                                                  Sun Nov  5 12:16:49 2017
           ===    Run No   1   ===
 Run title:  0.000330941 0 0


  Number of points omitted at the end:         186
   *******   Working Directory :
   *******    Input file(s) : 24697_02D_S102_0_01.sub
           Condition P(rmin) = 0 is used. 
           Condition P(rmax) = 0 is used. 

          Experimental conditions for the first run
          -----------------------------------------

          Highest ALPHA is found to be   0.1575E+03

  The measure of inconsistency AN1 equals to    0.1164E+01

          Warning: using the chosen range in the real space 
             it is not possible to fit the data set within the
             given error band. 
     Alpha    Discrp  Oscill  Stabil  Sysdev  Positv  Valcen    Total   
  0.1575E+06 47.3838  1.1856  0.9475  0.0000  1.0000  0.8564  0.00001
  0.3150E+05 40.7263  1.1806  0.8098  0.0743  1.0000  0.8579  0.00001
  0.6301E+04 24.9918  1.1669  0.4798  0.2122  1.0000  0.8633  0.00001
  0.1260E+04 10.9782  1.1823  0.1758  0.2122  1.0000  0.8713  0.00001
  0.2520E+03  4.3478  1.3076  0.0844  0.3183  1.0000  0.8724  0.00001
  0.5040E+02  1.5753  1.4392  0.0365  0.5623  1.0000  0.8717  0.49407
  0.1008E+02  0.8569  1.5078  0.0144  0.6897  1.0000  0.8707  0.51541
  0.2016E+01  0.7462  1.5444  0.0072  0.7639  1.0000  0.8698  0.48359
  0.4032E+00  0.7288  1.5769  0.0121  0.7427  1.0000  0.8694  0.10000
  0.8065E-01  0.7122  1.7507  0.0340  0.7427  1.0000  0.8690  0.10000
  0.1613E-01  0.6942  2.3881  0.0383  0.7639  0.9996  0.8671  0.10000
  0.3226E-02  0.6876  3.1776  0.0579  0.7639  0.9984  0.8640  0.10000
  0.6452E-03  0.6842  4.6670  0.0798  0.7745  0.9952  0.8562  0.10000
  0.1290E-03  0.6827  6.7469  0.1380  0.7639  0.9894  0.8398  0.10000
  0.2581E-04  0.6813 12.1556  0.3467  0.7533  0.9638  0.7781  0.10000
  0.5161E-05  0.6796 19.3094  0.7047  0.7533  0.8722  0.5298  0.10000
  0.1032E-05  0.6758 19.4284  0.8843  0.7639  0.7796  0.2865  0.10000
  0.2065E-06  0.6682 18.2172  0.5565  0.7639  0.7322  0.2736  0.10000
  0.4129E-07  0.6634 17.5773  0.3479  0.7533  0.7222  0.2928  0.10000
  0.8258E-08  0.6604 18.7323  0.6415  0.7586  0.7274  0.3187  0.10000
  0.1652E-08  0.6514 22.6372  0.7789  0.7374  0.7296  0.2947  0.10000
  0.3303E-09  0.6230 26.1490  0.7700  0.7374  0.7244  0.2935  0.10000
  0.6607E-10  0.5481 29.6150  0.6550  0.7692  0.7174  0.3495  0.00000

          ***  Golden section search to maximize estimate ***
     Alpha    Discrp  Oscill  Stabil  Sysdev  Positv  Valcen    Total   
  0.1864E+02  1.0014  1.4871  0.0196  0.6472  1.0000  0.8711  0.52730
  0.2726E+02  1.1556  1.4714  0.0245  0.6048  1.0000  0.8714  0.52499
  0.1474E+02  0.9340  1.4956  0.0173  0.6684  1.0000  0.8710  0.52449
  0.2155E+02  1.0529  1.4814  0.0213  0.6260  1.0000  0.8712  0.52697
  0.1704E+02  0.9735  1.4904  0.0186  0.6472  1.0000  0.8711  0.52497
  0.1970E+02  1.0201  1.4849  0.0202  0.6472  1.0000  0.8712  0.52851
  0.2039E+02  1.0323  1.4836  0.0206  0.6260  1.0000  0.8712  0.52614
  0.1929E+02  1.0129  1.4858  0.0199  0.6472  1.0000  0.8711  0.52807
  0.1996E+02  1.0247  1.4844  0.0203  0.6366  1.0000  0.8712  0.52714
  0.1955E+02  1.0173  1.4853  0.0201  0.6472  1.0000  0.8712  0.52834
  0.1980E+02  1.0219  1.4847  0.0202  0.6472  1.0000  0.8712  0.52860
  0.1986E+02  1.0230  1.4846  0.0203  0.6472  1.0000  0.8712  0.52866
  0.1990E+02  1.0236  1.4845  0.0203  0.6472  1.0000  0.8712  0.52870
  0.1990E+02  1.0236  1.4845  0.0203  0.6472  1.0000  0.8712  0.52870



             ####            Final results            ####

 Parameter    DISCRP    OSCILL    STABIL    SYSDEV    POSITV    VALCEN
 Weight        1.000     3.000     3.000     4.000     1.000     1.000
 Sigma         0.500     0.600     0.120     0.200     0.120     0.120
 Ideal         1.000     1.100     0.000     1.000     1.000     0.950
 Current       1.024     1.485     0.020     0.647     1.000     0.871
                - - - - - - - - - - - - - - - - - - - - - - - - - 
 Estimate      0.998     0.663     0.972     0.045     1.000     0.649

  Angular   range    :     from    0.0078   to    0.3581
  Real space range   :     from      0.00   to    112.50

  Highest ALPHA (theor) :   0.158E+06                 JOB = 0
  Current ALPHA         :   0.199E+02   Rg :  0.331E+02   I(0) :   0.122E+04

           Total  estimate : 0.529  which is  A REASONABLE  solution

      S          J EXP       ERROR       J REG       I REG

  0.0000E+00                                      0.1216E+04
  0.9707E-03                                      0.1216E+04
  0.1941E-02                                      0.1215E+04
  0.2912E-02                                      0.1213E+04
  0.3883E-02                                      0.1210E+04
  0.4853E-02                                      0.1206E+04
  0.5824E-02                                      0.1201E+04
  0.6795E-02                                      0.1196E+04
  0.7765E-02  0.1207E+04  0.2897E+02  0.1190E+04  0.1190E+04
  0.8695E-02  0.1120E+04  0.8973E+02  0.1183E+04  0.1183E+04
  0.9624E-02  0.1164E+04  0.7327E+02  0.1176E+04  0.1176E+04
  0.1055E-01  0.1175E+04  0.4533E+02  0.1168E+04  0.1168E+04
  0.1148E-01  0.1153E+04  0.3170E+02  0.1159E+04  0.1159E+04
  0.1241E-01  0.1145E+04  0.2710E+02  0.1150E+04  0.1150E+04
  0.1334E-01  0.1111E+04  0.1993E+02  0.1140E+04  0.1140E+04
  0.1427E-01  0.1066E+04  0.1741E+02  0.1129E+04  0.1129E+04
  0.1520E-01  0.1145E+04  0.1451E+02  0.1118E+04  0.1118E+04
  0.1613E-01  0.1112E+04  0.1237E+02  0.1107E+04  0.1107E+04
  0.1706E-01  0.1105E+04  0.1115E+02  0.1095E+04  0.1095E+04
  0.1799E-01  0.1105E+04  0.1062E+02  0.1082E+04  0.1082E+04
  0.1892E-01  0.1079E+04  0.9801E+01  0.1069E+04  0.1069E+04
  0.1985E-01  0.1032E+04  0.8776E+01  0.1055E+04  0.1055E+04
  0.2078E-01  0.1034E+04  0.8525E+01  0.1041E+04  0.1041E+04
  0.2170E-01  0.1026E+04  0.8698E+01  0.1026E+04  0.1026E+04
  0.2263E-01  0.1023E+04  0.7779E+01  0.1012E+04  0.1012E+04
  0.2356E-01  0.1014E+04  0.8534E+01  0.9964E+03  0.9964E+03
  0.2449E-01  0.9880E+03  0.8240E+01  0.9809E+03  0.9809E+03
  0.2542E-01  0.9770E+03  0.8113E+01  0.9651E+03  0.9651E+03
  0.2635E-01  0.9473E+03  0.7942E+01  0.9491E+03  0.9491E+03
  0.2728E-01  0.9376E+03  0.7405E+01  0.9328E+03  0.9328E+03
  0.2821E-01  0.9142E+03  0.7358E+01  0.9163E+03  0.9163E+03
  0.2914E-01  0.9084E+03  0.6740E+01  0.8997E+03  0.8997E+03
  0.3007E-01  0.8788E+03  0.6818E+01  0.8829E+03  0.8829E+03
  0.3100E-01  0.8626E+03  0.6340E+01  0.8660E+03  0.8660E+03
  0.3193E-01  0.8536E+03  0.6258E+01  0.8490E+03  0.8490E+03
  0.3286E-01  0.8234E+03  0.6004E+01  0.8319E+03  0.8319E+03
  0.3379E-01  0.8242E+03  0.6383E+01  0.8148E+03  0.8148E+03
  0.3472E-01  0.8093E+03  0.6892E+01  0.7976E+03  0.7976E+03
  0.3564E-01  0.7814E+03  0.6351E+01  0.7805E+03  0.7805E+03
  0.3657E-01  0.7619E+03  0.6033E+01  0.7634E+03  0.7634E+03
  0.3750E-01  0.7522E+03  0.5695E+01  0.7464E+03  0.7464E+03
  0.3843E-01  0.7376E+03  0.5600E+01  0.7294E+03  0.7294E+03
  0.3936E-01  0.7192E+03  0.5815E+01  0.7125E+03  0.7125E+03
  0.4029E-01  0.6933E+03  0.5068E+01  0.6958E+03  0.6958E+03
  0.4122E-01  0.6757E+03  0.5365E+01  0.6792E+03  0.6792E+03
  0.4215E-01  0.6456E+03  0.5337E+01  0.6627E+03  0.6627E+03
  0.4308E-01  0.6367E+03  0.5190E+01  0.6464E+03  0.6464E+03
  0.4401E-01  0.6409E+03  0.5110E+01  0.6302E+03  0.6302E+03
  0.4494E-01  0.6182E+03  0.5165E+01  0.6143E+03  0.6143E+03
  0.4587E-01  0.5909E+03  0.5318E+01  0.5986E+03  0.5986E+03
  0.4680E-01  0.5795E+03  0.4961E+01  0.5831E+03  0.5831E+03
  0.4773E-01  0.5748E+03  0.4552E+01  0.5678E+03  0.5678E+03
  0.4865E-01  0.5611E+03  0.4630E+01  0.5528E+03  0.5528E+03
  0.4958E-01  0.5403E+03  0.4454E+01  0.5380E+03  0.5380E+03
  0.5051E-01  0.5170E+03  0.4584E+01  0.5235E+03  0.5235E+03
  0.5144E-01  0.5115E+03  0.4445E+01  0.5092E+03  0.5092E+03
  0.5237E-01  0.4992E+03  0.4582E+01  0.4952E+03  0.4952E+03
  0.5330E-01  0.4824E+03  0.4422E+01  0.4815E+03  0.4815E+03
  0.5423E-01  0.4702E+03  0.4491E+01  0.4681E+03  0.4681E+03
  0.5516E-01  0.4598E+03  0.4404E+01  0.4549E+03  0.4549E+03
  0.5609E-01  0.4581E+03  0.4424E+01  0.4421E+03  0.4421E+03
  0.5702E-01  0.4303E+03  0.4172E+01  0.4295E+03  0.4295E+03
  0.5795E-01  0.4201E+03  0.4117E+01  0.4172E+03  0.4172E+03
  0.5888E-01  0.4037E+03  0.3732E+01  0.4052E+03  0.4052E+03
  0.5981E-01  0.3947E+03  0.3972E+01  0.3934E+03  0.3934E+03
  0.6074E-01  0.3906E+03  0.3979E+01  0.3820E+03  0.3820E+03
  0.6166E-01  0.3824E+03  0.3861E+01  0.3708E+03  0.3708E+03
  0.6259E-01  0.3710E+03  0.3805E+01  0.3599E+03  0.3599E+03
  0.6352E-01  0.3614E+03  0.3630E+01  0.3493E+03  0.3493E+03
  0.6445E-01  0.3551E+03  0.3595E+01  0.3389E+03  0.3389E+03
  0.6538E-01  0.3391E+03  0.3624E+01  0.3288E+03  0.3288E+03
  0.6631E-01  0.3192E+03  0.4004E+01  0.3190E+03  0.3190E+03
  0.6724E-01  0.3112E+03  0.3568E+01  0.3094E+03  0.3094E+03
  0.6817E-01  0.2990E+03  0.3627E+01  0.3001E+03  0.3001E+03
  0.6910E-01  0.2979E+03  0.3644E+01  0.2910E+03  0.2910E+03
  0.7003E-01  0.2857E+03  0.3490E+01  0.2821E+03  0.2821E+03
  0.7096E-01  0.2816E+03  0.3654E+01  0.2735E+03  0.2735E+03
  0.7189E-01  0.2738E+03  0.3318E+01  0.2652E+03  0.2652E+03
  0.7282E-01  0.2631E+03  0.3488E+01  0.2570E+03  0.2570E+03
  0.7375E-01  0.2548E+03  0.3361E+01  0.2491E+03  0.2491E+03
  0.7468E-01  0.2441E+03  0.3293E+01  0.2413E+03  0.2413E+03
  0.7560E-01  0.2364E+03  0.3172E+01  0.2338E+03  0.2338E+03
  0.7653E-01  0.2360E+03  0.3312E+01  0.2265E+03  0.2265E+03
  0.7746E-01  0.2251E+03  0.3276E+01  0.2193E+03  0.2193E+03
  0.7839E-01  0.2161E+03  0.3227E+01  0.2124E+03  0.2124E+03
  0.7932E-01  0.2135E+03  0.3142E+01  0.2056E+03  0.2056E+03
  0.8025E-01  0.2090E+03  0.3172E+01  0.1990E+03  0.1990E+03
  0.8118E-01  0.1979E+03  0.3229E+01  0.1926E+03  0.1926E+03
  0.8211E-01  0.1883E+03  0.3121E+01  0.1864E+03  0.1864E+03
  0.8304E-01  0.1785E+03  0.2935E+01  0.1803E+03  0.1803E+03
  0.8397E-01  0.1706E+03  0.3144E+01  0.1744E+03  0.1744E+03
  0.8490E-01  0.1701E+03  0.3083E+01  0.1686E+03  0.1686E+03
  0.8583E-01  0.1637E+03  0.3094E+01  0.1630E+03  0.1630E+03
  0.8676E-01  0.1613E+03  0.2957E+01  0.1576E+03  0.1576E+03
  0.8769E-01  0.1471E+03  0.2917E+01  0.1522E+03  0.1522E+03
  0.8861E-01  0.1414E+03  0.2946E+01  0.1471E+03  0.1471E+03
  0.8954E-01  0.1440E+03  0.2834E+01  0.1420E+03  0.1420E+03
  0.9047E-01  0.1367E+03  0.2872E+01  0.1371E+03  0.1371E+03
  0.9140E-01  0.1301E+03  0.2869E+01  0.1323E+03  0.1323E+03
  0.9233E-01  0.1264E+03  0.2867E+01  0.1277E+03  0.1277E+03
  0.9326E-01  0.1221E+03  0.2859E+01  0.1232E+03  0.1232E+03
  0.9419E-01  0.1125E+03  0.2858E+01  0.1188E+03  0.1188E+03
  0.9512E-01  0.1019E+03  0.2818E+01  0.1145E+03  0.1145E+03
  0.9605E-01  0.1069E+03  0.2811E+01  0.1103E+03  0.1103E+03
  0.9698E-01  0.1013E+03  0.2832E+01  0.1063E+03  0.1063E+03
  0.9791E-01  0.9829E+02  0.2719E+01  0.1024E+03  0.1024E+03
  0.9884E-01  0.1018E+03  0.2655E+01  0.9859E+02  0.9859E+02
  0.9977E-01  0.1017E+03  0.2764E+01  0.9491E+02  0.9491E+02
  0.1007E+00  0.9277E+02  0.2656E+01  0.9133E+02  0.9133E+02
  0.1016E+00  0.8733E+02  0.2611E+01  0.8787E+02  0.8787E+02
  0.1026E+00  0.8383E+02  0.2693E+01  0.8452E+02  0.8452E+02
  0.1035E+00  0.7536E+02  0.2488E+01  0.8127E+02  0.8127E+02
  0.1044E+00  0.7741E+02  0.2661E+01  0.7813E+02  0.7813E+02
  0.1053E+00  0.7548E+02  0.2560E+01  0.7510E+02  0.7510E+02
  0.1063E+00  0.7275E+02  0.2563E+01  0.7217E+02  0.7217E+02
  0.1072E+00  0.6930E+02  0.2554E+01  0.6935E+02  0.6935E+02
  0.1081E+00  0.6738E+02  0.2500E+01  0.6662E+02  0.6662E+02
  0.1091E+00  0.6137E+02  0.2534E+01  0.6400E+02  0.6400E+02
  0.1100E+00  0.6086E+02  0.2521E+01  0.6147E+02  0.6147E+02
  0.1109E+00  0.6188E+02  0.2516E+01  0.5905E+02  0.5905E+02
  0.1118E+00  0.5960E+02  0.2469E+01  0.5671E+02  0.5671E+02
  0.1128E+00  0.5852E+02  0.2463E+01  0.5447E+02  0.5447E+02
  0.1137E+00  0.5294E+02  0.2494E+01  0.5233E+02  0.5233E+02
  0.1146E+00  0.4947E+02  0.2402E+01  0.5027E+02  0.5027E+02
  0.1156E+00  0.4638E+02  0.2485E+01  0.4830E+02  0.4830E+02
  0.1165E+00  0.4557E+02  0.2426E+01  0.4642E+02  0.4642E+02
  0.1174E+00  0.4529E+02  0.2420E+01  0.4462E+02  0.4462E+02
  0.1184E+00  0.3722E+02  0.2357E+01  0.4291E+02  0.4291E+02
  0.1193E+00  0.3995E+02  0.2351E+01  0.4128E+02  0.4128E+02
  0.1202E+00  0.3621E+02  0.2428E+01  0.3972E+02  0.3972E+02
  0.1211E+00  0.3489E+02  0.2315E+01  0.3824E+02  0.3824E+02
  0.1221E+00  0.3993E+02  0.2293E+01  0.3684E+02  0.3684E+02
  0.1230E+00  0.3355E+02  0.2350E+01  0.3550E+02  0.3550E+02
  0.1239E+00  0.3360E+02  0.2337E+01  0.3424E+02  0.3424E+02
  0.1249E+00  0.2726E+02  0.2354E+01  0.3304E+02  0.3304E+02
  0.1258E+00  0.2325E+02  0.2299E+01  0.3191E+02  0.3191E+02
  0.1267E+00  0.2613E+02  0.2279E+01  0.3083E+02  0.3083E+02
  0.1276E+00  0.2743E+02  0.2322E+01  0.2982E+02  0.2982E+02
  0.1286E+00  0.2594E+02  0.2298E+01  0.2887E+02  0.2887E+02
  0.1295E+00  0.3177E+02  0.2271E+01  0.2797E+02  0.2797E+02
  0.1304E+00  0.2951E+02  0.2170E+01  0.2712E+02  0.2712E+02
  0.1314E+00  0.2334E+02  0.2271E+01  0.2632E+02  0.2632E+02
  0.1323E+00  0.1938E+02  0.2240E+01  0.2557E+02  0.2557E+02
  0.1332E+00  0.2142E+02  0.2246E+01  0.2486E+02  0.2486E+02
  0.1342E+00  0.1603E+02  0.2218E+01  0.2420E+02  0.2420E+02
  0.1351E+00  0.1356E+02  0.2216E+01  0.2357E+02  0.2357E+02
  0.1360E+00  0.1589E+02  0.2242E+01  0.2299E+02  0.2299E+02
  0.1369E+00  0.1804E+02  0.2231E+01  0.2244E+02  0.2244E+02
  0.1379E+00  0.1904E+02  0.2297E+01  0.2192E+02  0.2192E+02
  0.1388E+00  0.1852E+02  0.2176E+01  0.2143E+02  0.2143E+02
  0.1397E+00  0.1832E+02  0.2187E+01  0.2098E+02  0.2098E+02
  0.1407E+00  0.1898E+02  0.2179E+01  0.2055E+02  0.2055E+02
  0.1416E+00  0.1765E+02  0.2183E+01  0.2015E+02  0.2015E+02
  0.1425E+00  0.1505E+02  0.2207E+01  0.1977E+02  0.1977E+02
  0.1434E+00  0.1619E+02  0.2085E+01  0.1942E+02  0.1942E+02
  0.1444E+00  0.2130E+02  0.2211E+01  0.1908E+02  0.1908E+02
  0.1453E+00  0.2241E+02  0.2135E+01  0.1877E+02  0.1877E+02
  0.1462E+00  0.1281E+02  0.2298E+01  0.1847E+02  0.1847E+02
  0.1472E+00  0.1106E+02  0.2208E+01  0.1819E+02  0.1819E+02
  0.1481E+00  0.1608E+02  0.2144E+01  0.1793E+02  0.1793E+02
  0.1490E+00  0.1531E+02  0.2173E+01  0.1768E+02  0.1768E+02
  0.1499E+00  0.1844E+02  0.2144E+01  0.1744E+02  0.1744E+02
  0.1509E+00  0.1634E+02  0.2124E+01  0.1721E+02  0.1721E+02
  0.1518E+00  0.1335E+02  0.2259E+01  0.1700E+02  0.1700E+02
  0.1527E+00  0.1595E+02  0.2133E+01  0.1680E+02  0.1680E+02
  0.1537E+00  0.1115E+02  0.2152E+01  0.1660E+02  0.1660E+02
  0.1546E+00  0.1642E+02  0.2133E+01  0.1642E+02  0.1642E+02
  0.1555E+00  0.1374E+02  0.2064E+01  0.1624E+02  0.1624E+02
  0.1565E+00  0.7542E+01  0.2159E+01  0.1608E+02  0.1608E+02
  0.1574E+00  0.1390E+02  0.2024E+01  0.1591E+02  0.1591E+02
  0.1583E+00  0.1694E+02  0.2130E+01  0.1576E+02  0.1576E+02
  0.1592E+00  0.1285E+02  0.2132E+01  0.1561E+02  0.1561E+02
  0.1602E+00  0.1489E+02  0.2235E+01  0.1547E+02  0.1547E+02
  0.1611E+00  0.1472E+02  0.2014E+01  0.1534E+02  0.1534E+02
  0.1620E+00  0.1260E+02  0.2029E+01  0.1521E+02  0.1521E+02
  0.1630E+00  0.8438E+01  0.2057E+01  0.1508E+02  0.1508E+02
  0.1639E+00  0.1269E+02  0.2045E+01  0.1496E+02  0.1496E+02
  0.1648E+00  0.1588E+02  0.2075E+01  0.1485E+02  0.1485E+02
  0.1657E+00  0.1820E+02  0.2042E+01  0.1474E+02  0.1474E+02
  0.1667E+00  0.1400E+02  0.2029E+01  0.1463E+02  0.1463E+02
  0.1676E+00  0.1794E+02  0.2076E+01  0.1453E+02  0.1453E+02
  0.1685E+00  0.1618E+02  0.2014E+01  0.1444E+02  0.1444E+02
  0.1695E+00  0.1104E+02  0.2055E+01  0.1434E+02  0.1434E+02
  0.1704E+00  0.1095E+02  0.2006E+01  0.1425E+02  0.1425E+02
  0.1713E+00  0.1058E+02  0.2043E+01  0.1417E+02  0.1417E+02
  0.1723E+00  0.1307E+02  0.2053E+01  0.1409E+02  0.1409E+02
  0.1732E+00  0.1813E+02  0.2012E+01  0.1401E+02  0.1401E+02
  0.1741E+00  0.1430E+02  0.2039E+01  0.1394E+02  0.1394E+02
  0.1750E+00  0.1490E+02  0.1990E+01  0.1386E+02  0.1386E+02
  0.1760E+00  0.1438E+02  0.1993E+01  0.1379E+02  0.1379E+02
  0.1769E+00  0.1836E+02  0.1969E+01  0.1373E+02  0.1373E+02
  0.1778E+00  0.1748E+02  0.1949E+01  0.1366E+02  0.1366E+02
  0.1788E+00  0.1430E+02  0.1979E+01  0.1360E+02  0.1360E+02
  0.1797E+00  0.1318E+02  0.1933E+01  0.1354E+02  0.1354E+02
  0.1806E+00  0.1549E+02  0.1970E+01  0.1349E+02  0.1349E+02
  0.1815E+00  0.1642E+02  0.1937E+01  0.1343E+02  0.1343E+02
  0.1825E+00  0.1682E+02  0.1953E+01  0.1337E+02  0.1337E+02
  0.1834E+00  0.1417E+02  0.1961E+01  0.1332E+02  0.1332E+02
  0.1843E+00  0.1238E+02  0.1924E+01  0.1327E+02  0.1327E+02
  0.1853E+00  0.1108E+02  0.1924E+01  0.1322E+02  0.1322E+02
  0.1862E+00  0.1088E+02  0.1892E+01  0.1316E+02  0.1316E+02
  0.1871E+00  0.1356E+02  0.1915E+01  0.1311E+02  0.1311E+02
  0.1880E+00  0.1542E+02  0.1940E+01  0.1306E+02  0.1306E+02
  0.1890E+00  0.1460E+02  0.1899E+01  0.1301E+02  0.1301E+02
  0.1899E+00  0.1295E+02  0.1892E+01  0.1296E+02  0.1296E+02
  0.1908E+00  0.1419E+02  0.1881E+01  0.1290E+02  0.1290E+02
  0.1918E+00  0.1546E+02  0.1884E+01  0.1285E+02  0.1285E+02
  0.1927E+00  0.1048E+02  0.1900E+01  0.1279E+02  0.1279E+02
  0.1936E+00  0.1209E+02  0.1872E+01  0.1273E+02  0.1273E+02
  0.1946E+00  0.1238E+02  0.1878E+01  0.1268E+02  0.1268E+02
  0.1955E+00  0.1241E+02  0.1863E+01  0.1261E+02  0.1261E+02
  0.1964E+00  0.1497E+02  0.1861E+01  0.1255E+02  0.1255E+02
  0.1973E+00  0.1588E+02  0.1830E+01  0.1249E+02  0.1249E+02
  0.1983E+00  0.1235E+02  0.1890E+01  0.1242E+02  0.1242E+02
  0.1992E+00  0.1079E+02  0.1895E+01  0.1235E+02  0.1235E+02
  0.2001E+00  0.1218E+02  0.1857E+01  0.1228E+02  0.1228E+02
  0.2011E+00  0.9288E+01  0.1888E+01  0.1221E+02  0.1221E+02
  0.2020E+00  0.1092E+02  0.1837E+01  0.1213E+02  0.1213E+02
  0.2029E+00  0.1214E+02  0.1900E+01  0.1206E+02  0.1206E+02
  0.2038E+00  0.1531E+02  0.1849E+01  0.1198E+02  0.1198E+02
  0.2048E+00  0.1839E+02  0.1913E+01  0.1189E+02  0.1189E+02
  0.2057E+00  0.1281E+02  0.1884E+01  0.1181E+02  0.1181E+02
  0.2066E+00  0.8472E+01  0.1860E+01  0.1172E+02  0.1172E+02
  0.2076E+00  0.9160E+01  0.1870E+01  0.1164E+02  0.1164E+02
  0.2085E+00  0.1191E+02  0.1851E+01  0.1155E+02  0.1155E+02
  0.2094E+00  0.1168E+02  0.1829E+01  0.1146E+02  0.1146E+02
  0.2104E+00  0.1317E+02  0.1817E+01  0.1136E+02  0.1136E+02
  0.2113E+00  0.8977E+01  0.1835E+01  0.1127E+02  0.1127E+02
  0.2122E+00  0.1146E+02  0.1782E+01  0.1118E+02  0.1118E+02
  0.2131E+00  0.1304E+02  0.1801E+01  0.1108E+02  0.1108E+02
  0.2141E+00  0.1274E+02  0.1958E+01  0.1099E+02  0.1099E+02
  0.2150E+00  0.9514E+01  0.1806E+01  0.1089E+02  0.1089E+02
  0.2159E+00  0.9747E+01  0.1768E+01  0.1080E+02  0.1080E+02
  0.2169E+00  0.1060E+02  0.1791E+01  0.1070E+02  0.1070E+02
  0.2178E+00  0.9773E+01  0.1722E+01  0.1061E+02  0.1061E+02
  0.2187E+00  0.7599E+01  0.1717E+01  0.1051E+02  0.1051E+02
  0.2196E+00  0.8204E+01  0.1753E+01  0.1042E+02  0.1042E+02
  0.2206E+00  0.1321E+02  0.1737E+01  0.1033E+02  0.1033E+02
  0.2215E+00  0.9456E+01  0.1732E+01  0.1024E+02  0.1024E+02
  0.2224E+00  0.1192E+02  0.1760E+01  0.1015E+02  0.1015E+02
  0.2234E+00  0.1224E+02  0.1712E+01  0.1007E+02  0.1007E+02
  0.2243E+00  0.1212E+02  0.1736E+01  0.9981E+01  0.9981E+01
  0.2252E+00  0.1218E+02  0.1709E+01  0.9899E+01  0.9899E+01
  0.2262E+00  0.1058E+02  0.1703E+01  0.9819E+01  0.9819E+01
  0.2271E+00  0.8953E+01  0.1740E+01  0.9742E+01  0.9742E+01
  0.2280E+00  0.9292E+01  0.1789E+01  0.9667E+01  0.9667E+01
  0.2289E+00  0.7194E+01  0.1747E+01  0.9595E+01  0.9595E+01
  0.2299E+00  0.9145E+01  0.1725E+01  0.9526E+01  0.9526E+01
  0.2308E+00  0.6399E+01  0.1742E+01  0.9460E+01  0.9460E+01
  0.2317E+00  0.6636E+01  0.1774E+01  0.9397E+01  0.9397E+01
  0.2327E+00  0.6632E+01  0.1792E+01  0.9337E+01  0.9337E+01
  0.2336E+00  0.1072E+02  0.1800E+01  0.9280E+01  0.9280E+01
  0.2345E+00  0.9228E+01  0.1792E+01  0.9226E+01  0.9226E+01
  0.2354E+00  0.7998E+01  0.1773E+01  0.9175E+01  0.9175E+01
  0.2364E+00  0.1027E+02  0.1759E+01  0.9127E+01  0.9127E+01
  0.2373E+00  0.8828E+01  0.1775E+01  0.9083E+01  0.9083E+01
  0.2382E+00  0.1074E+02  0.1751E+01  0.9041E+01  0.9041E+01
  0.2392E+00  0.5095E+01  0.1787E+01  0.9002E+01  0.9002E+01
  0.2401E+00  0.5533E+01  0.1853E+01  0.8966E+01  0.8966E+01
  0.2410E+00  0.8799E+01  0.2047E+01  0.8933E+01  0.8933E+01
  0.2420E+00  0.1005E+02  0.1795E+01  0.8902E+01  0.8902E+01
  0.2429E+00  0.9759E+01  0.1798E+01  0.8873E+01  0.8873E+01
  0.2438E+00  0.6206E+01  0.1796E+01  0.8847E+01  0.8847E+01
  0.2447E+00  0.7642E+01  0.2019E+01  0.8823E+01  0.8823E+01
  0.2457E+00  0.8126E+01  0.1836E+01  0.8801E+01  0.8801E+01
  0.2466E+00  0.4416E+01  0.1753E+01  0.8781E+01  0.8781E+01
  0.2475E+00  0.7018E+01  0.1713E+01  0.8763E+01  0.8763E+01
  0.2485E+00  0.8195E+01  0.1755E+01  0.8746E+01  0.8746E+01
  0.2494E+00  0.6321E+01  0.1711E+01  0.8730E+01  0.8730E+01
  0.2503E+00  0.8775E+01  0.1745E+01  0.8716E+01  0.8716E+01
  0.2512E+00  0.5395E+01  0.1708E+01  0.8703E+01  0.8703E+01
  0.2522E+00  0.6320E+01  0.1769E+01  0.8690E+01  0.8690E+01
  0.2531E+00  0.3592E+01  0.1785E+01  0.8678E+01  0.8678E+01
  0.2540E+00  0.7348E+01  0.1709E+01  0.8667E+01  0.8667E+01
  0.2550E+00  0.1003E+02  0.1766E+01  0.8657E+01  0.8657E+01
  0.2559E+00  0.8379E+01  0.1751E+01  0.8646E+01  0.8646E+01
  0.2568E+00  0.9935E+01  0.1763E+01  0.8636E+01  0.8636E+01
  0.2577E+00  0.1135E+02  0.1755E+01  0.8626E+01  0.8626E+01
  0.2587E+00  0.5362E+01  0.1757E+01  0.8616E+01  0.8616E+01
  0.2596E+00  0.3310E+01  0.1728E+01  0.8606E+01  0.8606E+01
  0.2605E+00  0.4154E+01  0.1716E+01  0.8595E+01  0.8595E+01
  0.2615E+00  0.7296E+01  0.1757E+01  0.8584E+01  0.8584E+01
  0.2624E+00  0.9883E+01  0.1731E+01  0.8573E+01  0.8573E+01
  0.2633E+00  0.7669E+01  0.1739E+01  0.8561E+01  0.8561E+01
  0.2643E+00  0.7759E+01  0.1722E+01  0.8549E+01  0.8549E+01
  0.2652E+00  0.7354E+01  0.1714E+01  0.8537E+01  0.8537E+01
  0.2661E+00  0.8701E+01  0.1707E+01  0.8524E+01  0.8524E+01
  0.2670E+00  0.1283E+02  0.1704E+01  0.8510E+01  0.8510E+01
  0.2680E+00  0.8433E+01  0.1710E+01  0.8496E+01  0.8496E+01
  0.2689E+00  0.7289E+01  0.1728E+01  0.8481E+01  0.8481E+01
  0.2698E+00  0.6928E+01  0.1746E+01  0.8466E+01  0.8466E+01
  0.2708E+00  0.8545E+01  0.1749E+01  0.8450E+01  0.8450E+01
  0.2717E+00  0.1017E+02  0.1757E+01  0.8435E+01  0.8435E+01
  0.2726E+00  0.1155E+02  0.1746E+01  0.8417E+01  0.8417E+01
  0.2735E+00  0.1080E+02  0.1737E+01  0.8400E+01  0.8400E+01
  0.2745E+00  0.7924E+01  0.1730E+01  0.8382E+01  0.8382E+01
  0.2754E+00  0.4137E+01  0.1727E+01  0.8364E+01  0.8364E+01
  0.2763E+00  0.4736E+01  0.1733E+01  0.8346E+01  0.8346E+01
  0.2773E+00  0.1197E+02  0.1801E+01  0.8328E+01  0.8328E+01
  0.2782E+00  0.8855E+01  0.1776E+01  0.8309E+01  0.8309E+01
  0.2791E+00  0.9145E+01  0.1752E+01  0.8291E+01  0.8291E+01
  0.2801E+00  0.1030E+02  0.1740E+01  0.8272E+01  0.8272E+01
  0.2810E+00  0.1121E+02  0.1794E+01  0.8253E+01  0.8253E+01
  0.2819E+00  0.7875E+01  0.1783E+01  0.8234E+01  0.8234E+01
  0.2828E+00  0.7607E+01  0.1788E+01  0.8215E+01  0.8215E+01
  0.2838E+00  0.5874E+01  0.1800E+01  0.8196E+01  0.8196E+01
  0.2847E+00  0.1011E+02  0.1749E+01  0.8177E+01  0.8177E+01
  0.2856E+00  0.9663E+01  0.1838E+01  0.8159E+01  0.8159E+01
  0.2866E+00  0.1143E+02  0.1876E+01  0.8140E+01  0.8140E+01
  0.2875E+00  0.1119E+02  0.1861E+01  0.8122E+01  0.8122E+01
  0.2884E+00  0.1001E+02  0.1888E+01  0.8104E+01  0.8104E+01
  0.2893E+00  0.1085E+02  0.1864E+01  0.8086E+01  0.8086E+01
  0.2903E+00  0.3441E+01  0.1902E+01  0.8068E+01  0.8068E+01
  0.2912E+00  0.2869E+01  0.1883E+01  0.8051E+01  0.8051E+01
  0.2921E+00  0.4982E+01  0.1906E+01  0.8033E+01  0.8033E+01
  0.2931E+00  0.1028E+02  0.1965E+01  0.8016E+01  0.8016E+01
  0.2940E+00  0.1268E+02  0.1968E+01  0.7999E+01  0.7999E+01
  0.2949E+00  0.1370E+02  0.1978E+01  0.7982E+01  0.7982E+01
  0.2958E+00  0.1130E+02  0.2016E+01  0.7965E+01  0.7965E+01
  0.2968E+00  0.1336E+02  0.2009E+01  0.7948E+01  0.7948E+01
  0.2977E+00  0.1519E+02  0.2004E+01  0.7931E+01  0.7931E+01
  0.2986E+00  0.1035E+02  0.2034E+01  0.7914E+01  0.7914E+01
  0.2996E+00  0.1191E+02  0.2022E+01  0.7897E+01  0.7897E+01
  0.3005E+00  0.1284E+02  0.2033E+01  0.7880E+01  0.7880E+01
  0.3014E+00  0.1009E+02  0.2041E+01  0.7863E+01  0.7863E+01
  0.3024E+00  0.8353E+01  0.2057E+01  0.7845E+01  0.7845E+01
  0.3033E+00  0.3765E+01  0.2037E+01  0.7828E+01  0.7828E+01
  0.3042E+00  0.7591E+01  0.2037E+01  0.7809E+01  0.7809E+01
  0.3051E+00  0.5971E+01  0.1995E+01  0.7791E+01  0.7791E+01
  0.3061E+00  0.6327E+01  0.2058E+01  0.7772E+01  0.7772E+01
  0.3070E+00  0.5877E+01  0.2035E+01  0.7752E+01  0.7752E+01
  0.3079E+00  0.5553E+01  0.2056E+01  0.7732E+01  0.7732E+01
  0.3089E+00  0.1160E+02  0.2115E+01  0.7712E+01  0.7712E+01
  0.3098E+00  0.1522E+02  0.2109E+01  0.7690E+01  0.7690E+01
  0.3107E+00  0.1197E+02  0.2184E+01  0.7669E+01  0.7669E+01
  0.3116E+00  0.8604E+01  0.2156E+01  0.7646E+01  0.7646E+01
  0.3126E+00  0.3298E+01  0.2144E+01  0.7623E+01  0.7623E+01
  0.3135E+00  0.8070E+01  0.2183E+01  0.7599E+01  0.7599E+01
  0.3144E+00  0.1199E+02  0.2189E+01  0.7574E+01  0.7574E+01
  0.3154E+00  0.1356E+02  0.2197E+01  0.7548E+01  0.7548E+01
  0.3163E+00  0.1021E+02  0.2152E+01  0.7522E+01  0.7522E+01
  0.3172E+00  0.7292E+01  0.2237E+01  0.7495E+01  0.7495E+01
  0.3182E+00  0.4978E+01  0.2163E+01  0.7467E+01  0.7467E+01
  0.3191E+00  0.5368E+01  0.2171E+01  0.7438E+01  0.7438E+01
  0.3200E+00  0.6960E+01  0.2097E+01  0.7408E+01  0.7408E+01
  0.3209E+00  0.9997E+01  0.2202E+01  0.7378E+01  0.7378E+01
  0.3219E+00  0.1020E+02  0.2268E+01  0.7347E+01  0.7347E+01
  0.3228E+00  0.1438E+02  0.2243E+01  0.7316E+01  0.7316E+01
  0.3237E+00  0.8915E+01  0.2268E+01  0.7284E+01  0.7284E+01
  0.3247E+00  0.3829E+01  0.2295E+01  0.7251E+01  0.7251E+01
  0.3256E+00  0.9420E+01  0.2324E+01  0.7217E+01  0.7217E+01
  0.3265E+00  0.1166E+02  0.2434E+01  0.7184E+01  0.7184E+01
  0.3274E+00  0.1098E+02  0.2356E+01  0.7149E+01  0.7149E+01
  0.3284E+00  0.9682E+01  0.2306E+01  0.7114E+01  0.7114E+01
  0.3293E+00  0.5756E+01  0.2335E+01  0.7079E+01  0.7079E+01
  0.3302E+00  0.1079E+02  0.2396E+01  0.7044E+01  0.7044E+01
  0.3312E+00  0.7522E+01  0.2469E+01  0.7008E+01  0.7008E+01
  0.3321E+00  0.2727E+01  0.2374E+01  0.6972E+01  0.6972E+01
  0.3330E+00  0.8067E+01  0.2399E+01  0.6936E+01  0.6936E+01
  0.3340E+00  0.1560E+02  0.2451E+01  0.6900E+01  0.6900E+01
  0.3349E+00  0.1004E+02  0.2411E+01  0.6864E+01  0.6864E+01
  0.3358E+00  0.8231E+01  0.2370E+01  0.6828E+01  0.6828E+01
  0.3367E+00  0.9876E+01  0.2276E+01  0.6792E+01  0.6792E+01
  0.3377E+00  0.1461E+02  0.2350E+01  0.6756E+01  0.6756E+01
  0.3386E+00  0.5283E+01  0.2339E+01  0.6721E+01  0.6721E+01
  0.3395E+00  0.7508E+01  0.2369E+01  0.6685E+01  0.6685E+01
  0.3405E+00  0.9725E+01  0.2476E+01  0.6650E+01  0.6650E+01
  0.3414E+00  0.8821E+01  0.2334E+01  0.6615E+01  0.6615E+01
  0.3423E+00  0.1468E+02  0.2473E+01  0.6581E+01  0.6581E+01
  0.3432E+00  0.1494E+02  0.2492E+01  0.6547E+01  0.6547E+01
  0.3442E+00  0.1212E+02  0.2546E+01  0.6512E+01  0.6512E+01
  0.3451E+00  0.1592E+02  0.2541E+01  0.6479E+01  0.6479E+01
  0.3460E+00  0.5437E+01  0.2499E+01  0.6446E+01  0.6446E+01
  0.3470E+00  0.5101E+01  0.2489E+01  0.6413E+01  0.6413E+01
  0.3479E+00  0.5997E+01  0.2439E+01  0.6381E+01  0.6381E+01
  0.3488E+00  0.6487E+01  0.2529E+01  0.6349E+01  0.6349E+01
  0.3497E+00  0.5305E+01  0.2498E+01  0.6318E+01  0.6318E+01
  0.3507E+00  0.8461E+01  0.2509E+01  0.6287E+01  0.6287E+01
  0.3516E+00  0.6530E+01  0.2455E+01  0.6257E+01  0.6257E+01
  0.3525E+00  0.1529E+01  0.2526E+01  0.6227E+01  0.6227E+01
  0.3535E+00  0.4225E+01  0.2567E+01  0.6197E+01  0.6197E+01
  0.3544E+00  0.8588E+01  0.2563E+01  0.6167E+01  0.6167E+01
  0.3553E+00  0.7277E+01  0.2519E+01  0.6138E+01  0.6138E+01
  0.3563E+00  0.9857E+01  0.2656E+01  0.6110E+01  0.6110E+01
  0.3572E+00  0.7217E+01  0.2588E+01  0.6081E+01  0.6081E+01
  0.3581E+00  0.8319E+01  0.2667E+01  0.6053E+01  0.6053E+01

           Distance distribution  function of particle  


       R          P(R)      ERROR

  0.0000E+00  0.0000E+00  0.0000E+00
  0.1125E+01  0.6832E-01  0.1058E-02
  0.2250E+01  0.1325E+00  0.1621E-02
  0.3375E+01  0.1935E+00  0.1766E-02
  0.4500E+01  0.2526E+00  0.1624E-02
  0.5625E+01  0.3118E+00  0.1415E-02
  0.6750E+01  0.3727E+00  0.1435E-02
  0.7875E+01  0.4375E+00  0.1788E-02
  0.9000E+01  0.5078E+00  0.2278E-02
  0.1013E+02  0.5848E+00  0.2720E-02
  0.1125E+02  0.6694E+00  0.3020E-02
  0.1238E+02  0.7615E+00  0.3154E-02
  0.1350E+02  0.8608E+00  0.3149E-02
  0.1463E+02  0.9659E+00  0.3076E-02
  0.1575E+02  0.1075E+01  0.3032E-02
  0.1688E+02  0.1187E+01  0.3097E-02
  0.1800E+02  0.1298E+01  0.3293E-02
  0.1913E+02  0.1407E+01  0.3575E-02
  0.2025E+02  0.1511E+01  0.3871E-02
  0.2138E+02  0.1609E+01  0.4123E-02
  0.2250E+02  0.1697E+01  0.4297E-02
  0.2363E+02  0.1777E+01  0.4389E-02
  0.2475E+02  0.1846E+01  0.4411E-02
  0.2588E+02  0.1904E+01  0.4386E-02
  0.2700E+02  0.1952E+01  0.4337E-02
  0.2813E+02  0.1990E+01  0.4283E-02
  0.2925E+02  0.2019E+01  0.4235E-02
  0.3038E+02  0.2039E+01  0.4202E-02
  0.3150E+02  0.2051E+01  0.4191E-02
  0.3263E+02  0.2057E+01  0.4212E-02
  0.3375E+02  0.2055E+01  0.4271E-02
  0.3488E+02  0.2047E+01  0.4366E-02
  0.3600E+02  0.2033E+01  0.4486E-02
  0.3713E+02  0.2012E+01  0.4610E-02
  0.3825E+02  0.1985E+01  0.4715E-02
  0.3938E+02  0.1951E+01  0.4785E-02
  0.4050E+02  0.1910E+01  0.4813E-02
  0.4163E+02  0.1863E+01  0.4809E-02
  0.4275E+02  0.1810E+01  0.4792E-02
  0.4388E+02  0.1750E+01  0.4787E-02
  0.4500E+02  0.1686E+01  0.4818E-02
  0.4613E+02  0.1617E+01  0.4900E-02
  0.4725E+02  0.1545E+01  0.5036E-02
  0.4838E+02  0.1471E+01  0.5218E-02
  0.4950E+02  0.1396E+01  0.5433E-02
  0.5063E+02  0.1322E+01  0.5668E-02
  0.5175E+02  0.1249E+01  0.5912E-02
  0.5288E+02  0.1179E+01  0.6156E-02
  0.5400E+02  0.1112E+01  0.6391E-02
  0.5513E+02  0.1049E+01  0.6606E-02
  0.5625E+02  0.9909E+00  0.6791E-02
  0.5738E+02  0.9372E+00  0.6933E-02
  0.5850E+02  0.8880E+00  0.7024E-02
  0.5963E+02  0.8433E+00  0.7062E-02
  0.6075E+02  0.8026E+00  0.7050E-02
  0.6188E+02  0.7657E+00  0.7000E-02
  0.6300E+02  0.7320E+00  0.6928E-02
  0.6413E+02  0.7012E+00  0.6856E-02
  0.6525E+02  0.6728E+00  0.6802E-02
  0.6638E+02  0.6465E+00  0.6783E-02
  0.6750E+02  0.6218E+00  0.6806E-02
  0.6863E+02  0.5984E+00  0.6869E-02
  0.6975E+02  0.5760E+00  0.6965E-02
  0.7088E+02  0.5545E+00  0.7080E-02
  0.7200E+02  0.5336E+00  0.7200E-02
  0.7313E+02  0.5132E+00  0.7312E-02
  0.7425E+02  0.4933E+00  0.7407E-02
  0.7538E+02  0.4737E+00  0.7478E-02
  0.7650E+02  0.4544E+00  0.7519E-02
  0.7763E+02  0.4354E+00  0.7526E-02
  0.7875E+02  0.4168E+00  0.7498E-02
  0.7988E+02  0.3986E+00  0.7432E-02
  0.8100E+02  0.3808E+00  0.7328E-02
  0.8213E+02  0.3636E+00  0.7188E-02
  0.8325E+02  0.3469E+00  0.7021E-02
  0.8438E+02  0.3308E+00  0.6839E-02
  0.8550E+02  0.3154E+00  0.6661E-02
  0.8663E+02  0.3006E+00  0.6508E-02
  0.8775E+02  0.2864E+00  0.6404E-02
  0.8888E+02  0.2728E+00  0.6368E-02
  0.9000E+02  0.2596E+00  0.6414E-02
  0.9113E+02  0.2467E+00  0.6544E-02
  0.9225E+02  0.2342E+00  0.6752E-02
  0.9338E+02  0.2218E+00  0.7022E-02
  0.9450E+02  0.2094E+00  0.7332E-02
  0.9563E+02  0.1971E+00  0.7658E-02
  0.9675E+02  0.1848E+00  0.7970E-02
  0.9788E+02  0.1724E+00  0.8240E-02
  0.9900E+02  0.1600E+00  0.8440E-02
  0.1001E+03  0.1476E+00  0.8541E-02
  0.1013E+03  0.1352E+00  0.8521E-02
  0.1024E+03  0.1228E+00  0.8359E-02
  0.1035E+03  0.1105E+00  0.8043E-02
  0.1046E+03  0.9811E-01  0.7567E-02
  0.1058E+03  0.8566E-01  0.6929E-02
  0.1069E+03  0.7300E-01  0.6134E-02
  0.1080E+03  0.5998E-01  0.5187E-02
  0.1091E+03  0.4638E-01  0.4097E-02
  0.1103E+03  0.3201E-01  0.2869E-02
  0.1114E+03  0.1662E-01  0.1504E-02
  0.1125E+03  0.0000E+00  0.0000E+00
          Reciprocal space: Rg =   33.10     , I(0) =   0.1216E+04
     Real space: Rg =   33.15 +- 0.103  I(0) =   0.1216E+04 +-  0.2973E+01
