
           ####    G N O M   ---   Version 4.5a revised 09/02/02     ####

                                                  Sun Nov  5 12:16:47 2017
           ===    Run No   1   ===
 Run title:  0.000330941 0 0


  Number of points omitted at the end:         301
   *******   Working Directory :
   *******    Input file(s) : 24697_02B_S098_0_01.sub
           Condition P(rmin) = 0 is used. 
           Condition P(rmax) = 0 is used. 

          Experimental conditions for the first run
          -----------------------------------------

          Highest ALPHA is found to be   0.1450E+02

  The measure of inconsistency AN1 equals to    0.1006E+01

          Warning: using the chosen range in the real space 
             it is not possible to fit the data set within the
             given error band. 
     Alpha    Discrp  Oscill  Stabil  Sysdev  Positv  Valcen    Total   
  0.1450E+05 19.1197  1.2159  0.9393  0.2137  1.0000  0.8485  0.00001
  0.2900E+04 16.1144  1.2198  0.7786  0.3206  1.0000  0.8475  0.00001
  0.5800E+03  9.5771  1.2402  0.4148  0.2519  1.0000  0.8430  0.00001
  0.1160E+03  4.5190  1.3405  0.1526  0.1832  1.0000  0.8256  0.00001
  0.2320E+02  2.0436  1.5909  0.1115  0.4122  1.0000  0.7948  0.41920
  0.4640E+01  0.9944  1.8016  0.0497  0.6870  1.0000  0.7799  0.56548
  0.9280E+00  0.7931  1.9035  0.0194  0.7328  1.0000  0.7778  0.53249
  0.1856E+00  0.7726  1.9517  0.0153  0.7023  0.9999  0.7787  0.35826
  0.3712E-01  0.7668  2.0398  0.0255  0.6870  0.9993  0.7810  0.10000
  0.7424E-02  0.7638  2.2351  0.0260  0.6870  0.9981  0.7815  0.10000
  0.1485E-02  0.7624  2.6688  0.0589  0.6870  0.9958  0.7756  0.10000
  0.2970E-03  0.7613  3.9270  0.1521  0.6870  0.9899  0.7691  0.10000
  0.5939E-04  0.7596  8.0778  0.4874  0.6718  0.9578  0.7454  0.10000
  0.1188E-04  0.7560 11.6294  0.6462  0.6718  0.8619  0.5074  0.10000
  0.2376E-05  0.7482 13.2132  0.7944  0.6947  0.7658  0.3680  0.10000
  0.4751E-06  0.7248 14.2666  0.6998  0.7252  0.7251  0.3017  0.10000
  0.9502E-07  0.6950 14.4688  0.3543  0.7710  0.7161  0.3017  0.10000
  0.1900E-07  0.6863 14.1471  0.1657  0.8015  0.7148  0.2998  0.10000
  0.3801E-08  0.6850 13.3069  0.2968  0.7863  0.7167  0.3190  0.10000
  0.7602E-09  0.6837 14.2042  0.3921  0.7863  0.7228  0.3479  0.10000
  0.1520E-09  0.6812 20.4652  0.7216  0.7863  0.7183  0.3521  0.10000
  0.3041E-10  0.6711 25.3897  0.8624  0.8015  0.6881  0.2927  0.10000
  0.6082E-11  0.6360 28.2204  0.7323  0.8015  0.6746  0.2539  0.10000
  0.1216E-11  0.5565 32.8290  0.5712  0.8168  0.6791  0.2521  0.10000
  0.2433E-12  0.4319 39.7488  0.4959  0.8168  0.6789  0.2334  0.10000
  0.4865E-13  0.2701 45.9361  0.4146  0.8626  0.6600  0.2929  0.10000
  0.9731E-14  0.1161 49.6682  0.2383  0.8626  0.6615  0.3168  0.10000
  0.1946E-14  0.0324 51.2578  0.0807  0.8779  0.6734  0.3335  0.10000
  0.3892E-15  0.0071 51.6796  0.0190  0.8931  0.6779  0.3393  0.10000
  0.7784E-16  0.0015 51.7703  0.0039  0.8931  0.6789  0.3406  0.10000
  0.1557E-16  0.0003 51.7888  0.0008  0.8931  0.6791  0.3409  0.10000

          ***  Golden section search to maximize estimate ***
     Alpha    Discrp  Oscill  Stabil  Sysdev  Positv  Valcen    Total   
  0.1716E+01  0.8254  1.8748  0.0271  0.7481  1.0000  0.7781  0.61290
  0.3173E+01  0.9038  1.8341  0.0396  0.7328  1.0000  0.7789  0.60001
  0.2170E+01  0.8478  1.8609  0.0313  0.7481  1.0000  0.7783  0.62904
  0.1984E+01  0.8384  1.8664  0.0296  0.7481  1.0000  0.7782  0.62763
  0.2294E+01  0.8543  1.8573  0.0324  0.7481  1.0000  0.7783  0.62558
  0.2097E+01  0.8441  1.8630  0.0306  0.7481  1.0000  0.7782  0.63125
  0.2053E+01  0.8418  1.8643  0.0302  0.7481  1.0000  0.7782  0.63093
  0.2125E+01  0.8455  1.8622  0.0309  0.7481  1.0000  0.7783  0.63040
  0.2080E+01  0.8432  1.8635  0.0305  0.7481  1.0000  0.7782  0.63178
  0.2070E+01  0.8427  1.8638  0.0304  0.7481  1.0000  0.7782  0.63170
  0.2087E+01  0.8435  1.8633  0.0305  0.7481  1.0000  0.7782  0.63158
  0.2076E+01  0.8430  1.8636  0.0304  0.7481  1.0000  0.7782  0.63191
  0.2074E+01  0.8429  1.8637  0.0304  0.7481  1.0000  0.7782  0.63188
  0.2078E+01  0.8431  1.8636  0.0304  0.7481  1.0000  0.7782  0.63186
  0.2075E+01  0.8430  1.8637  0.0304  0.7481  1.0000  0.7782  0.63194
  0.2075E+01  0.8430  1.8637  0.0304  0.7481  1.0000  0.7782  0.63194



             ####            Final results            ####

 Parameter    DISCRP    OSCILL    STABIL    SYSDEV    POSITV    VALCEN
 Weight        1.000     3.000     3.000     4.000     1.000     1.000
 Sigma         0.500     0.600     0.120     0.200     0.120     0.120
 Ideal         1.000     1.100     0.000     1.000     1.000     0.950
 Current       0.843     1.864     0.030     0.748     1.000     0.778
                - - - - - - - - - - - - - - - - - - - - - - - - - 
 Estimate      0.906     0.198     0.938     0.205     1.000     0.129

  Angular   range    :     from    0.0078   to    0.2512
  Real space range   :     from      0.00   to    128.00

  Highest ALPHA (theor) :   0.145E+05                 JOB = 0
  Current ALPHA         :   0.208E+01   Rg :  0.318E+02   I(0) :   0.243E+03

           Total  estimate : 0.632  which is  A REASONABLE  solution

      S          J EXP       ERROR       J REG       I REG

  0.0000E+00                                      0.2434E+03
  0.9707E-03                                      0.2434E+03
  0.1941E-02                                      0.2431E+03
  0.2912E-02                                      0.2427E+03
  0.3883E-02                                      0.2422E+03
  0.4853E-02                                      0.2415E+03
  0.5824E-02                                      0.2407E+03
  0.6795E-02                                      0.2397E+03
  0.7765E-02  0.1950E+03  0.4171E+02  0.2385E+03  0.2385E+03
  0.8695E-02  0.2832E+03  0.8539E+02  0.2373E+03  0.2373E+03
  0.9624E-02  0.2571E+03  0.5209E+02  0.2360E+03  0.2360E+03
  0.1055E-01  0.2446E+03  0.3461E+02  0.2345E+03  0.2345E+03
  0.1148E-01  0.2297E+03  0.2314E+02  0.2329E+03  0.2329E+03
  0.1241E-01  0.2166E+03  0.1785E+02  0.2312E+03  0.2312E+03
  0.1334E-01  0.2492E+03  0.1204E+02  0.2294E+03  0.2294E+03
  0.1427E-01  0.2510E+03  0.1087E+02  0.2275E+03  0.2275E+03
  0.1520E-01  0.2319E+03  0.9342E+01  0.2254E+03  0.2254E+03
  0.1613E-01  0.2423E+03  0.7268E+01  0.2233E+03  0.2233E+03
  0.1706E-01  0.2249E+03  0.6697E+01  0.2210E+03  0.2210E+03
  0.1799E-01  0.2105E+03  0.6377E+01  0.2187E+03  0.2187E+03
  0.1892E-01  0.2095E+03  0.6185E+01  0.2163E+03  0.2163E+03
  0.1985E-01  0.1997E+03  0.5871E+01  0.2138E+03  0.2138E+03
  0.2078E-01  0.2061E+03  0.5354E+01  0.2112E+03  0.2112E+03
  0.2170E-01  0.2029E+03  0.5553E+01  0.2086E+03  0.2086E+03
  0.2263E-01  0.2072E+03  0.5137E+01  0.2059E+03  0.2059E+03
  0.2356E-01  0.1977E+03  0.5116E+01  0.2031E+03  0.2031E+03
  0.2449E-01  0.2009E+03  0.4782E+01  0.2003E+03  0.2003E+03
  0.2542E-01  0.1978E+03  0.4642E+01  0.1974E+03  0.1974E+03
  0.2635E-01  0.1948E+03  0.4413E+01  0.1945E+03  0.1945E+03
  0.2728E-01  0.1863E+03  0.4197E+01  0.1915E+03  0.1915E+03
  0.2821E-01  0.1800E+03  0.4249E+01  0.1885E+03  0.1885E+03
  0.2914E-01  0.1881E+03  0.4287E+01  0.1855E+03  0.1855E+03
  0.3007E-01  0.1756E+03  0.4164E+01  0.1824E+03  0.1824E+03
  0.3100E-01  0.1762E+03  0.4020E+01  0.1794E+03  0.1794E+03
  0.3193E-01  0.1774E+03  0.3989E+01  0.1763E+03  0.1763E+03
  0.3286E-01  0.1831E+03  0.4001E+01  0.1732E+03  0.1732E+03
  0.3379E-01  0.1719E+03  0.3795E+01  0.1701E+03  0.1701E+03
  0.3472E-01  0.1714E+03  0.3740E+01  0.1669E+03  0.1669E+03
  0.3564E-01  0.1697E+03  0.3672E+01  0.1638E+03  0.1638E+03
  0.3657E-01  0.1664E+03  0.3549E+01  0.1607E+03  0.1607E+03
  0.3750E-01  0.1640E+03  0.3703E+01  0.1576E+03  0.1576E+03
  0.3843E-01  0.1532E+03  0.3555E+01  0.1545E+03  0.1545E+03
  0.3936E-01  0.1533E+03  0.3460E+01  0.1514E+03  0.1514E+03
  0.4029E-01  0.1524E+03  0.3287E+01  0.1484E+03  0.1484E+03
  0.4122E-01  0.1467E+03  0.3516E+01  0.1453E+03  0.1453E+03
  0.4215E-01  0.1438E+03  0.3478E+01  0.1423E+03  0.1423E+03
  0.4308E-01  0.1417E+03  0.3235E+01  0.1393E+03  0.1393E+03
  0.4401E-01  0.1338E+03  0.3262E+01  0.1363E+03  0.1363E+03
  0.4494E-01  0.1261E+03  0.3058E+01  0.1334E+03  0.1334E+03
  0.4587E-01  0.1327E+03  0.3184E+01  0.1305E+03  0.1305E+03
  0.4680E-01  0.1256E+03  0.3070E+01  0.1276E+03  0.1276E+03
  0.4773E-01  0.1232E+03  0.2946E+01  0.1248E+03  0.1248E+03
  0.4865E-01  0.1205E+03  0.3016E+01  0.1220E+03  0.1220E+03
  0.4958E-01  0.1166E+03  0.3048E+01  0.1192E+03  0.1192E+03
  0.5051E-01  0.1167E+03  0.3481E+01  0.1164E+03  0.1164E+03
  0.5144E-01  0.1195E+03  0.3312E+01  0.1137E+03  0.1137E+03
  0.5237E-01  0.1147E+03  0.3009E+01  0.1111E+03  0.1111E+03
  0.5330E-01  0.1105E+03  0.2963E+01  0.1085E+03  0.1085E+03
  0.5423E-01  0.1117E+03  0.2900E+01  0.1059E+03  0.1059E+03
  0.5516E-01  0.1035E+03  0.2983E+01  0.1033E+03  0.1033E+03
  0.5609E-01  0.1041E+03  0.2830E+01  0.1008E+03  0.1008E+03
  0.5702E-01  0.9477E+02  0.2768E+01  0.9835E+02  0.9835E+02
  0.5795E-01  0.9751E+02  0.2729E+01  0.9592E+02  0.9592E+02
  0.5888E-01  0.9251E+02  0.2614E+01  0.9353E+02  0.9353E+02
  0.5981E-01  0.9199E+02  0.2647E+01  0.9117E+02  0.9117E+02
  0.6074E-01  0.9185E+02  0.2612E+01  0.8886E+02  0.8886E+02
  0.6166E-01  0.9721E+02  0.2601E+01  0.8658E+02  0.8658E+02
  0.6259E-01  0.9197E+02  0.2559E+01  0.8434E+02  0.8434E+02
  0.6352E-01  0.7824E+02  0.2508E+01  0.8214E+02  0.8214E+02
  0.6445E-01  0.7648E+02  0.2506E+01  0.7998E+02  0.7998E+02
  0.6538E-01  0.7863E+02  0.2527E+01  0.7785E+02  0.7785E+02
  0.6631E-01  0.7551E+02  0.2500E+01  0.7576E+02  0.7576E+02
  0.6724E-01  0.7566E+02  0.2475E+01  0.7370E+02  0.7370E+02
  0.6817E-01  0.7269E+02  0.2581E+01  0.7168E+02  0.7168E+02
  0.6910E-01  0.6884E+02  0.2543E+01  0.6969E+02  0.6969E+02
  0.7003E-01  0.6328E+02  0.2429E+01  0.6774E+02  0.6774E+02
  0.7096E-01  0.6414E+02  0.2406E+01  0.6582E+02  0.6582E+02
  0.7189E-01  0.6494E+02  0.2384E+01  0.6393E+02  0.6393E+02
  0.7282E-01  0.6106E+02  0.2325E+01  0.6208E+02  0.6208E+02
  0.7375E-01  0.6069E+02  0.2377E+01  0.6026E+02  0.6026E+02
  0.7468E-01  0.6219E+02  0.2283E+01  0.5847E+02  0.5847E+02
  0.7560E-01  0.5915E+02  0.2292E+01  0.5672E+02  0.5672E+02
  0.7653E-01  0.5715E+02  0.2253E+01  0.5500E+02  0.5500E+02
  0.7746E-01  0.5908E+02  0.2305E+01  0.5331E+02  0.5331E+02
  0.7839E-01  0.5619E+02  0.2271E+01  0.5165E+02  0.5165E+02
  0.7932E-01  0.5294E+02  0.2254E+01  0.5002E+02  0.5002E+02
  0.8025E-01  0.5031E+02  0.2250E+01  0.4843E+02  0.4843E+02
  0.8118E-01  0.4944E+02  0.2233E+01  0.4687E+02  0.4687E+02
  0.8211E-01  0.3932E+02  0.2248E+01  0.4534E+02  0.4534E+02
  0.8304E-01  0.4229E+02  0.2215E+01  0.4384E+02  0.4384E+02
  0.8397E-01  0.4134E+02  0.2243E+01  0.4237E+02  0.4237E+02
  0.8490E-01  0.3976E+02  0.2228E+01  0.4094E+02  0.4094E+02
  0.8583E-01  0.4208E+02  0.2153E+01  0.3953E+02  0.3953E+02
  0.8676E-01  0.4164E+02  0.2140E+01  0.3816E+02  0.3816E+02
  0.8769E-01  0.3820E+02  0.2100E+01  0.3682E+02  0.3682E+02
  0.8861E-01  0.3387E+02  0.2155E+01  0.3551E+02  0.3551E+02
  0.8954E-01  0.3806E+02  0.2066E+01  0.3424E+02  0.3424E+02
  0.9047E-01  0.3256E+02  0.2112E+01  0.3299E+02  0.3299E+02
  0.9140E-01  0.3237E+02  0.2049E+01  0.3178E+02  0.3178E+02
  0.9233E-01  0.3665E+02  0.2073E+01  0.3060E+02  0.3060E+02
  0.9326E-01  0.3136E+02  0.2021E+01  0.2946E+02  0.2946E+02
  0.9419E-01  0.3037E+02  0.1985E+01  0.2834E+02  0.2834E+02
  0.9512E-01  0.2580E+02  0.2075E+01  0.2726E+02  0.2726E+02
  0.9605E-01  0.2264E+02  0.2040E+01  0.2621E+02  0.2621E+02
  0.9698E-01  0.2916E+02  0.2037E+01  0.2519E+02  0.2519E+02
  0.9791E-01  0.2576E+02  0.2048E+01  0.2421E+02  0.2421E+02
  0.9884E-01  0.2303E+02  0.2036E+01  0.2325E+02  0.2325E+02
  0.9977E-01  0.2489E+02  0.2022E+01  0.2233E+02  0.2233E+02
  0.1007E+00  0.2308E+02  0.1975E+01  0.2144E+02  0.2144E+02
  0.1016E+00  0.1883E+02  0.1951E+01  0.2058E+02  0.2058E+02
  0.1026E+00  0.1886E+02  0.1939E+01  0.1975E+02  0.1975E+02
  0.1035E+00  0.1614E+02  0.1843E+01  0.1895E+02  0.1895E+02
  0.1044E+00  0.1604E+02  0.1895E+01  0.1818E+02  0.1818E+02
  0.1053E+00  0.1506E+02  0.1854E+01  0.1744E+02  0.1744E+02
  0.1063E+00  0.1482E+02  0.1894E+01  0.1673E+02  0.1673E+02
  0.1072E+00  0.1334E+02  0.1893E+01  0.1605E+02  0.1605E+02
  0.1081E+00  0.1778E+02  0.1859E+01  0.1539E+02  0.1539E+02
  0.1091E+00  0.1657E+02  0.1901E+01  0.1477E+02  0.1477E+02
  0.1100E+00  0.1585E+02  0.1869E+01  0.1417E+02  0.1417E+02
  0.1109E+00  0.1279E+02  0.1897E+01  0.1360E+02  0.1360E+02
  0.1118E+00  0.1260E+02  0.1844E+01  0.1305E+02  0.1305E+02
  0.1128E+00  0.8664E+01  0.1832E+01  0.1252E+02  0.1252E+02
  0.1137E+00  0.8105E+01  0.1836E+01  0.1203E+02  0.1203E+02
  0.1146E+00  0.7573E+01  0.1769E+01  0.1155E+02  0.1155E+02
  0.1156E+00  0.9113E+01  0.1778E+01  0.1110E+02  0.1110E+02
  0.1165E+00  0.7781E+01  0.1789E+01  0.1067E+02  0.1067E+02
  0.1174E+00  0.5715E+01  0.1774E+01  0.1026E+02  0.1026E+02
  0.1184E+00  0.7026E+01  0.1803E+01  0.9869E+01  0.9869E+01
  0.1193E+00  0.1013E+02  0.1720E+01  0.9498E+01  0.9498E+01
  0.1202E+00  0.8457E+01  0.1747E+01  0.9147E+01  0.9147E+01
  0.1211E+00  0.7436E+01  0.1697E+01  0.8814E+01  0.8814E+01
  0.1221E+00  0.8686E+01  0.1745E+01  0.8497E+01  0.8497E+01
  0.1230E+00  0.7784E+01  0.1742E+01  0.8197E+01  0.8197E+01
  0.1239E+00  0.6492E+01  0.1773E+01  0.7913E+01  0.7913E+01
  0.1249E+00  0.4500E+01  0.1738E+01  0.7643E+01  0.7643E+01
  0.1258E+00  0.8614E+01  0.1713E+01  0.7387E+01  0.7387E+01
  0.1267E+00  0.7651E+01  0.1716E+01  0.7144E+01  0.7144E+01
  0.1276E+00  0.8886E+01  0.1733E+01  0.6914E+01  0.6914E+01
  0.1286E+00  0.7912E+01  0.1763E+01  0.6696E+01  0.6696E+01
  0.1295E+00  0.5996E+01  0.1745E+01  0.6489E+01  0.6489E+01
  0.1304E+00  0.6747E+01  0.1712E+01  0.6292E+01  0.6292E+01
  0.1314E+00  0.6688E+01  0.1711E+01  0.6105E+01  0.6105E+01
  0.1323E+00  0.2501E+01  0.1691E+01  0.5928E+01  0.5928E+01
  0.1332E+00  0.6749E+01  0.1705E+01  0.5760E+01  0.5760E+01
  0.1342E+00  0.6729E+01  0.1706E+01  0.5599E+01  0.5599E+01
  0.1351E+00  0.8785E+01  0.1669E+01  0.5447E+01  0.5447E+01
  0.1360E+00  0.3952E+01  0.1723E+01  0.5301E+01  0.5301E+01
  0.1369E+00 -0.1009E+01  0.1652E+01  0.5163E+01  0.5163E+01
  0.1379E+00  0.3322E+01  0.1652E+01  0.5031E+01  0.5031E+01
  0.1388E+00  0.7559E+01  0.1635E+01  0.4905E+01  0.4905E+01
  0.1397E+00  0.8347E+01  0.1654E+01  0.4784E+01  0.4784E+01
  0.1407E+00  0.2009E+01  0.1638E+01  0.4669E+01  0.4669E+01
  0.1416E+00  0.2950E+01  0.1633E+01  0.4560E+01  0.4560E+01
  0.1425E+00  0.1984E+01  0.1682E+01  0.4455E+01  0.4455E+01
  0.1434E+00  0.2049E+01  0.1623E+01  0.4354E+01  0.4354E+01
  0.1444E+00  0.5139E+01  0.1632E+01  0.4258E+01  0.4258E+01
  0.1453E+00  0.4670E+01  0.1590E+01  0.4166E+01  0.4166E+01
  0.1462E+00  0.1578E+01  0.1801E+01  0.4078E+01  0.4078E+01
  0.1472E+00  0.6241E+01  0.1646E+01  0.3994E+01  0.3994E+01
  0.1481E+00  0.5760E+01  0.1582E+01  0.3913E+01  0.3913E+01
  0.1490E+00  0.1731E+01  0.1617E+01  0.3836E+01  0.3836E+01
  0.1499E+00  0.2870E+01  0.1596E+01  0.3762E+01  0.3762E+01
  0.1509E+00  0.3481E+01  0.1589E+01  0.3692E+01  0.3692E+01
  0.1518E+00  0.4805E+01  0.1663E+01  0.3625E+01  0.3625E+01
  0.1527E+00  0.1818E+01  0.1629E+01  0.3561E+01  0.3561E+01
  0.1537E+00  0.1170E+00  0.1635E+01  0.3500E+01  0.3500E+01
  0.1546E+00  0.1925E+01  0.1583E+01  0.3443E+01  0.3443E+01
  0.1555E+00 -0.1073E+01  0.1605E+01  0.3388E+01  0.3388E+01
  0.1565E+00  0.1131E+01  0.1572E+01  0.3336E+01  0.3336E+01
  0.1574E+00  0.2128E+01  0.1567E+01  0.3287E+01  0.3287E+01
  0.1583E+00  0.1508E+01  0.1591E+01  0.3241E+01  0.3241E+01
  0.1592E+00  0.4694E+01  0.1533E+01  0.3197E+01  0.3197E+01
  0.1602E+00  0.3002E+01  0.1540E+01  0.3157E+01  0.3157E+01
  0.1611E+00  0.3873E+01  0.1539E+01  0.3119E+01  0.3119E+01
  0.1620E+00  0.1472E+01  0.1500E+01  0.3083E+01  0.3083E+01
  0.1630E+00 -0.3100E+00  0.1530E+01  0.3050E+01  0.3050E+01
  0.1639E+00 -0.2300E+00  0.1521E+01  0.3020E+01  0.3020E+01
  0.1648E+00  0.1220E+00  0.1543E+01  0.2992E+01  0.2992E+01
  0.1657E+00  0.2677E+01  0.1529E+01  0.2966E+01  0.2966E+01
  0.1667E+00  0.4791E+01  0.1524E+01  0.2943E+01  0.2943E+01
  0.1676E+00  0.7003E+01  0.1563E+01  0.2921E+01  0.2921E+01
  0.1685E+00  0.2265E+01  0.1548E+01  0.2902E+01  0.2902E+01
  0.1695E+00  0.2203E-01  0.1542E+01  0.2885E+01  0.2885E+01
  0.1704E+00  0.1353E+01  0.1662E+01  0.2870E+01  0.2870E+01
  0.1713E+00  0.4897E+01  0.1555E+01  0.2856E+01  0.2856E+01
  0.1723E+00  0.2880E+01  0.1573E+01  0.2844E+01  0.2844E+01
  0.1732E+00  0.3637E+01  0.1547E+01  0.2834E+01  0.2834E+01
  0.1741E+00  0.2033E+01  0.1509E+01  0.2825E+01  0.2825E+01
  0.1750E+00  0.3546E+01  0.1494E+01  0.2818E+01  0.2818E+01
  0.1760E+00  0.3561E+01  0.1482E+01  0.2812E+01  0.2812E+01
  0.1769E+00  0.4514E+01  0.1500E+01  0.2807E+01  0.2807E+01
  0.1778E+00  0.3400E+01  0.1474E+01  0.2803E+01  0.2803E+01
  0.1788E+00  0.5300E+00  0.1466E+01  0.2800E+01  0.2800E+01
  0.1797E+00  0.3370E+00  0.1482E+01  0.2798E+01  0.2798E+01
  0.1806E+00  0.3785E+01  0.1471E+01  0.2796E+01  0.2796E+01
  0.1815E+00  0.5446E+01  0.1461E+01  0.2795E+01  0.2795E+01
  0.1825E+00  0.5335E+01  0.1461E+01  0.2795E+01  0.2795E+01
  0.1834E+00  0.7820E+00  0.1453E+01  0.2795E+01  0.2795E+01
  0.1843E+00 -0.1712E+01  0.1527E+01  0.2795E+01  0.2795E+01
  0.1853E+00  0.4169E+01  0.1489E+01  0.2795E+01  0.2795E+01
  0.1862E+00  0.2713E+01  0.1469E+01  0.2795E+01  0.2795E+01
  0.1871E+00  0.2535E+01  0.1583E+01  0.2795E+01  0.2795E+01
  0.1880E+00  0.5189E+01  0.1449E+01  0.2796E+01  0.2796E+01
  0.1890E+00  0.7390E+00  0.1458E+01  0.2796E+01  0.2796E+01
  0.1899E+00 -0.3990E+00  0.1459E+01  0.2795E+01  0.2795E+01
  0.1908E+00  0.3486E+01  0.1433E+01  0.2795E+01  0.2795E+01
  0.1918E+00  0.3500E+01  0.1434E+01  0.2794E+01  0.2794E+01
  0.1927E+00  0.1807E+01  0.1422E+01  0.2793E+01  0.2793E+01
  0.1936E+00  0.3873E+01  0.1436E+01  0.2791E+01  0.2791E+01
  0.1946E+00  0.3669E+01  0.1440E+01  0.2788E+01  0.2788E+01
  0.1955E+00  0.3274E+01  0.1438E+01  0.2785E+01  0.2785E+01
  0.1964E+00  0.2313E+01  0.1445E+01  0.2782E+01  0.2782E+01
  0.1973E+00  0.4581E+01  0.1416E+01  0.2778E+01  0.2778E+01
  0.1983E+00  0.3267E+01  0.1451E+01  0.2773E+01  0.2773E+01
  0.1992E+00  0.4152E+01  0.1438E+01  0.2768E+01  0.2768E+01
  0.2001E+00  0.3176E+01  0.1403E+01  0.2762E+01  0.2762E+01
  0.2011E+00  0.3431E+01  0.1432E+01  0.2755E+01  0.2755E+01
  0.2020E+00  0.1979E+01  0.1416E+01  0.2748E+01  0.2748E+01
  0.2029E+00 -0.6400E+00  0.1433E+01  0.2740E+01  0.2740E+01
  0.2038E+00  0.2832E+01  0.1388E+01  0.2732E+01  0.2732E+01
  0.2048E+00  0.2769E+01  0.1376E+01  0.2722E+01  0.2722E+01
  0.2057E+00  0.2304E+01  0.1387E+01  0.2713E+01  0.2713E+01
  0.2066E+00  0.4026E+01  0.1383E+01  0.2703E+01  0.2703E+01
  0.2076E+00  0.3678E+01  0.1407E+01  0.2692E+01  0.2692E+01
  0.2085E+00  0.6380E+00  0.1383E+01  0.2680E+01  0.2680E+01
  0.2094E+00  0.3867E+01  0.1376E+01  0.2669E+01  0.2669E+01
  0.2104E+00  0.2940E+01  0.1389E+01  0.2656E+01  0.2656E+01
  0.2113E+00  0.1878E+01  0.1370E+01  0.2644E+01  0.2644E+01
  0.2122E+00  0.1026E+01  0.1379E+01  0.2630E+01  0.2630E+01
  0.2131E+00 -0.6200E+00  0.1358E+01  0.2617E+01  0.2617E+01
  0.2141E+00  0.3230E+01  0.1348E+01  0.2603E+01  0.2603E+01
  0.2150E+00  0.3482E+01  0.1358E+01  0.2589E+01  0.2589E+01
  0.2159E+00  0.3058E+01  0.1313E+01  0.2574E+01  0.2574E+01
  0.2169E+00  0.4788E+01  0.1327E+01  0.2559E+01  0.2559E+01
  0.2178E+00  0.4358E+01  0.1299E+01  0.2544E+01  0.2544E+01
  0.2187E+00  0.5811E+01  0.1311E+01  0.2529E+01  0.2529E+01
  0.2196E+00  0.3550E+01  0.1291E+01  0.2514E+01  0.2514E+01
  0.2206E+00  0.4866E+01  0.1294E+01  0.2498E+01  0.2498E+01
  0.2215E+00  0.6194E+01  0.1301E+01  0.2482E+01  0.2482E+01
  0.2224E+00  0.3488E+01  0.1294E+01  0.2466E+01  0.2466E+01
  0.2234E+00  0.3527E+01  0.1297E+01  0.2450E+01  0.2450E+01
  0.2243E+00  0.3948E+01  0.1306E+01  0.2434E+01  0.2434E+01
  0.2252E+00  0.3170E+01  0.1306E+01  0.2417E+01  0.2417E+01
  0.2262E+00  0.1950E+01  0.1288E+01  0.2401E+01  0.2401E+01
  0.2271E+00  0.5229E+01  0.1316E+01  0.2384E+01  0.2384E+01
  0.2280E+00  0.2133E+01  0.1329E+01  0.2368E+01  0.2368E+01
  0.2289E+00  0.4120E+00  0.1302E+01  0.2351E+01  0.2351E+01
  0.2299E+00  0.7350E+00  0.1353E+01  0.2334E+01  0.2334E+01
  0.2308E+00  0.1491E+01  0.1310E+01  0.2317E+01  0.2317E+01
  0.2317E+00  0.2150E+00  0.1349E+01  0.2301E+01  0.2301E+01
  0.2327E+00  0.3302E+01  0.1353E+01  0.2284E+01  0.2284E+01
  0.2336E+00  0.1450E+00  0.1337E+01  0.2267E+01  0.2267E+01
  0.2345E+00 -0.6780E+00  0.1360E+01  0.2250E+01  0.2250E+01
  0.2354E+00  0.2018E+01  0.1373E+01  0.2233E+01  0.2233E+01
  0.2364E+00  0.9600E+00  0.1341E+01  0.2216E+01  0.2216E+01
  0.2373E+00  0.1841E+01  0.1333E+01  0.2199E+01  0.2199E+01
  0.2382E+00  0.4308E+01  0.1340E+01  0.2182E+01  0.2182E+01
  0.2392E+00 -0.1697E-01  0.1324E+01  0.2165E+01  0.2165E+01
  0.2401E+00  0.2363E+01  0.1332E+01  0.2149E+01  0.2149E+01
  0.2410E+00  0.2925E+01  0.1356E+01  0.2132E+01  0.2132E+01
  0.2420E+00  0.4784E+01  0.1367E+01  0.2115E+01  0.2115E+01
  0.2429E+00  0.4782E+01  0.1332E+01  0.2098E+01  0.2098E+01
  0.2438E+00  0.4280E+01  0.1352E+01  0.2082E+01  0.2082E+01
  0.2447E+00  0.2648E+01  0.1329E+01  0.2065E+01  0.2065E+01
  0.2457E+00  0.2249E+01  0.1343E+01  0.2048E+01  0.2048E+01
  0.2466E+00  0.5622E+01  0.1341E+01  0.2032E+01  0.2032E+01
  0.2475E+00  0.1085E+01  0.1331E+01  0.2016E+01  0.2016E+01
  0.2485E+00  0.6820E+00  0.1358E+01  0.1999E+01  0.1999E+01
  0.2494E+00  0.8290E+00  0.1339E+01  0.1983E+01  0.1983E+01
  0.2503E+00 -0.1703E+01  0.1324E+01  0.1967E+01  0.1967E+01
  0.2512E+00  0.1176E+01  0.1331E+01  0.1951E+01  0.1951E+01

           Distance distribution  function of particle  


       R          P(R)      ERROR

  0.0000E+00  0.0000E+00  0.0000E+00
  0.1280E+01  0.1324E-01  0.6798E-03
  0.2560E+01  0.2780E-01  0.1108E-02
  0.3840E+01  0.4368E-01  0.1310E-02
  0.5120E+01  0.6088E-01  0.1328E-02
  0.6400E+01  0.7938E-01  0.1226E-02
  0.7680E+01  0.9915E-01  0.1098E-02
  0.8960E+01  0.1201E+00  0.1065E-02
  0.1024E+02  0.1423E+00  0.1203E-02
  0.1152E+02  0.1655E+00  0.1465E-02
  0.1280E+02  0.1896E+00  0.1761E-02
  0.1408E+02  0.2144E+00  0.2025E-02
  0.1536E+02  0.2397E+00  0.2224E-02
  0.1664E+02  0.2652E+00  0.2345E-02
  0.1792E+02  0.2906E+00  0.2392E-02
  0.1920E+02  0.3156E+00  0.2386E-02
  0.2048E+02  0.3397E+00  0.2354E-02
  0.2176E+02  0.3627E+00  0.2331E-02
  0.2304E+02  0.3841E+00  0.2341E-02
  0.2432E+02  0.4036E+00  0.2395E-02
  0.2560E+02  0.4207E+00  0.2486E-02
  0.2688E+02  0.4352E+00  0.2592E-02
  0.2816E+02  0.4468E+00  0.2695E-02
  0.2944E+02  0.4552E+00  0.2778E-02
  0.3072E+02  0.4604E+00  0.2835E-02
  0.3200E+02  0.4622E+00  0.2871E-02
  0.3328E+02  0.4607E+00  0.2893E-02
  0.3456E+02  0.4559E+00  0.2912E-02
  0.3584E+02  0.4480E+00  0.2939E-02
  0.3712E+02  0.4372E+00  0.2974E-02
  0.3840E+02  0.4239E+00  0.3015E-02
  0.3968E+02  0.4084E+00  0.3054E-02
  0.4096E+02  0.3910E+00  0.3081E-02
  0.4224E+02  0.3722E+00  0.3095E-02
  0.4352E+02  0.3523E+00  0.3097E-02
  0.4480E+02  0.3318E+00  0.3099E-02
  0.4608E+02  0.3110E+00  0.3115E-02
  0.4736E+02  0.2904E+00  0.3164E-02
  0.4864E+02  0.2701E+00  0.3257E-02
  0.4992E+02  0.2505E+00  0.3394E-02
  0.5120E+02  0.2317E+00  0.3567E-02
  0.5248E+02  0.2140E+00  0.3758E-02
  0.5376E+02  0.1973E+00  0.3946E-02
  0.5504E+02  0.1818E+00  0.4114E-02
  0.5632E+02  0.1675E+00  0.4249E-02
  0.5760E+02  0.1542E+00  0.4345E-02
  0.5888E+02  0.1421E+00  0.4401E-02
  0.6016E+02  0.1310E+00  0.4423E-02
  0.6144E+02  0.1207E+00  0.4421E-02
  0.6272E+02  0.1113E+00  0.4406E-02
  0.6400E+02  0.1027E+00  0.4389E-02
  0.6528E+02  0.9473E-01  0.4381E-02
  0.6656E+02  0.8740E-01  0.4387E-02
  0.6784E+02  0.8066E-01  0.4409E-02
  0.6912E+02  0.7448E-01  0.4447E-02
  0.7040E+02  0.6884E-01  0.4496E-02
  0.7168E+02  0.6375E-01  0.4551E-02
  0.7296E+02  0.5921E-01  0.4604E-02
  0.7424E+02  0.5522E-01  0.4649E-02
  0.7552E+02  0.5178E-01  0.4680E-02
  0.7680E+02  0.4890E-01  0.4689E-02
  0.7808E+02  0.4656E-01  0.4674E-02
  0.7936E+02  0.4474E-01  0.4632E-02
  0.8064E+02  0.4340E-01  0.4565E-02
  0.8192E+02  0.4250E-01  0.4478E-02
  0.8320E+02  0.4196E-01  0.4380E-02
  0.8448E+02  0.4173E-01  0.4286E-02
  0.8576E+02  0.4172E-01  0.4213E-02
  0.8704E+02  0.4185E-01  0.4176E-02
  0.8832E+02  0.4204E-01  0.4189E-02
  0.8960E+02  0.4221E-01  0.4256E-02
  0.9088E+02  0.4229E-01  0.4375E-02
  0.9216E+02  0.4223E-01  0.4533E-02
  0.9344E+02  0.4196E-01  0.4713E-02
  0.9472E+02  0.4147E-01  0.4900E-02
  0.9600E+02  0.4072E-01  0.5075E-02
  0.9728E+02  0.3971E-01  0.5228E-02
  0.9856E+02  0.3845E-01  0.5348E-02
  0.9984E+02  0.3695E-01  0.5432E-02
  0.1011E+03  0.3522E-01  0.5478E-02
  0.1024E+03  0.3331E-01  0.5491E-02
  0.1037E+03  0.3124E-01  0.5475E-02
  0.1050E+03  0.2905E-01  0.5440E-02
  0.1062E+03  0.2677E-01  0.5393E-02
  0.1075E+03  0.2442E-01  0.5346E-02
  0.1088E+03  0.2205E-01  0.5304E-02
  0.1101E+03  0.1967E-01  0.5273E-02
  0.1114E+03  0.1731E-01  0.5250E-02
  0.1126E+03  0.1499E-01  0.5230E-02
  0.1139E+03  0.1272E-01  0.5202E-02
  0.1152E+03  0.1055E-01  0.5149E-02
  0.1165E+03  0.8475E-02  0.5054E-02
  0.1178E+03  0.6537E-02  0.4898E-02
  0.1190E+03  0.4762E-02  0.4664E-02
  0.1203E+03  0.3184E-02  0.4337E-02
  0.1216E+03  0.1840E-02  0.3904E-02
  0.1229E+03  0.7695E-03  0.3359E-02
  0.1242E+03  0.1270E-04  0.2695E-02
  0.1254E+03 -0.3911E-03  0.1913E-02
  0.1267E+03 -0.4056E-03  0.1013E-02
  0.1280E+03  0.0000E+00  0.0000E+00
          Reciprocal space: Rg =   31.76     , I(0) =   0.2434E+03
     Real space: Rg =   31.84 +- 0.562  I(0) =   0.2434E+03 +-  0.2266E+01
