
           ####    G N O M   ---   Version 4.5a revised 09/02/02     ####

                                                  Sun Nov  5 12:16:37 2017
           ===    Run No   1   ===
 Run title:  0.000357376 0 0


  Number of points omitted at the end:         426
   *******   Working Directory :
   *******    Input file(s) : 24697_01C_S118_0_01.sub
           Condition P(rmin) = 0 is used. 
           Condition P(rmax) = 0 is used. 

          Experimental conditions for the first run
          -----------------------------------------

          Highest ALPHA is found to be   0.2724E+03

  The measure of inconsistency AN1 equals to    0.7244E+00
     Alpha    Discrp  Oscill  Stabil  Sysdev  Positv  Valcen    Total   
  0.2724E+06 23.3408  1.5866  0.9847  0.0000  1.0000  0.7719  0.00001
  0.5447E+05 22.8277  1.5849  0.9637  0.0000  1.0000  0.7722  0.00001
  0.1089E+05 20.5781  1.5767  0.8720  0.0000  1.0000  0.7740  0.00001
  0.2179E+04 13.9173  1.5418  0.6036  0.0000  1.0000  0.7815  0.00001
  0.4358E+03  5.7864  1.4462  0.2864  0.3942  1.0000  0.8033  0.00001
  0.8716E+02  2.1332  1.3336  0.1234  0.6569  1.0000  0.8319  0.37098
  0.1743E+02  1.3970  1.2746  0.0448  0.6861  1.0000  0.8481  0.50427
  0.3486E+01  1.3215  1.2653  0.0132  0.6861  1.0000  0.8535  0.54880
  0.6972E+00  1.3099  1.2846  0.0099  0.7153  1.0000  0.8547  0.63151
  0.1394E+00  1.3058  1.3335  0.0151  0.7153  1.0000  0.8551  0.66919
  0.2789E-01  1.3007  1.6709  0.0579  0.7445  0.9999  0.8556  0.10000
  0.5578E-02  1.2864  3.9479  0.1559  0.7445  0.9965  0.8486  0.10000
  0.1116E-02  1.2693  8.1252  0.1822  0.7737  0.9769  0.8031  0.10000
  0.2231E-03  1.2571 13.7629  0.5016  0.7445  0.9228  0.6502  0.10000
  0.4462E-04  1.2390 18.6557  0.4958  0.7445  0.8403  0.2894  0.10000
  0.8925E-05  1.2238 21.9543  0.7370  0.7445  0.7705  0.2253  0.10000
  0.1785E-05  1.1975 20.4519  0.8088  0.8029  0.7414  0.2537  0.10000
  0.3570E-06  1.1587 20.1487  0.4351  0.8613  0.7243  0.2595  0.10000
  0.7140E-07  1.1330 22.7870  0.7809  0.8467  0.7171  0.2519  0.10000
  0.1428E-07  1.0846 20.4915  0.7971  0.8613  0.7125  0.2668  0.10000
  0.2856E-08  1.0152 19.8234  0.4113  0.8321  0.7108  0.2678  0.10000
  0.5712E-09  0.9758 22.3945  0.5528  0.8321  0.7067  0.2472  0.10000
  0.1142E-09  0.9180 25.7678  0.6531  0.8321  0.6848  0.2696  0.10000
  0.2285E-10  0.8174 30.1047  0.5844  0.8321  0.6829  0.3075  0.10000
  0.4569E-11  0.6734 33.8466  0.5628  0.8905  0.7020  0.3039  0.10000
  0.9139E-12  0.4864 36.0081  0.4861  0.8613  0.7037  0.3136  0.10000
  0.1828E-12  0.3144 37.8272  0.3374  0.8321  0.7011  0.2667  0.10000
  0.3656E-13  0.1721 42.8127  0.3068  0.7445  0.7133  0.2139  0.10000
  0.7311E-14  0.0605 46.4825  0.1489  0.8029  0.7165  0.2658  0.10000
  0.1462E-14  0.0146 47.6275  0.0411  0.8613  0.7177  0.2735  0.10000
  0.2924E-15  0.0031 47.8875  0.0089  0.8613  0.7180  0.2742  0.10000

          ***  Golden section search to maximize estimate ***
     Alpha    Discrp  Oscill  Stabil  Sysdev  Positv  Valcen    Total   
  0.2579E+00  1.3070  1.3096  0.0111  0.7153  1.0000  0.8550  0.71526
  0.3771E+00  1.3079  1.2988  0.0104  0.7153  1.0000  0.8549  0.69439
  0.2039E+00  1.3065  1.3174  0.0121  0.7153  1.0000  0.8550  0.70846
  0.2981E+00  1.3073  1.3053  0.0107  0.7153  1.0000  0.8549  0.71408
  0.2357E+00  1.3068  1.3125  0.0115  0.7153  1.0000  0.8550  0.71404
  0.2726E+00  1.3071  1.3079  0.0110  0.7153  1.0000  0.8550  0.71524
  0.2492E+00  1.3069  1.3107  0.0112  0.7153  1.0000  0.8550  0.71498
  0.2634E+00  1.3071  1.3090  0.0111  0.7153  1.0000  0.8550  0.71532
  0.2669E+00  1.3071  1.3086  0.0110  0.7153  1.0000  0.8550  0.71532
  0.2613E+00  1.3070  1.3092  0.0111  0.7153  1.0000  0.8550  0.71531
  0.2647E+00  1.3071  1.3088  0.0111  0.7153  1.0000  0.8550  0.71532
  0.2655E+00  1.3071  1.3087  0.0110  0.7153  1.0000  0.8550  0.71532
  0.2642E+00  1.3071  1.3089  0.0111  0.7153  1.0000  0.8550  0.71532
  0.2650E+00  1.3071  1.3088  0.0110  0.7153  1.0000  0.8550  0.71532
  0.2647E+00  1.3071  1.3088  0.0111  0.7153  1.0000  0.8550  0.71532



             ####            Final results            ####

 Parameter    DISCRP    OSCILL    STABIL    SYSDEV    POSITV    VALCEN
 Weight        1.000     3.000     3.000     4.000     1.000     1.000
 Sigma         0.500     0.600     0.120     0.200     0.120     0.120
 Ideal         1.000     1.100     0.000     1.000     1.000     0.950
 Current       1.307     1.309     0.011     0.715     1.000     0.855
                - - - - - - - - - - - - - - - - - - - - - - - - - 
 Estimate      0.686     0.886     0.992     0.132     1.000     0.534

  Angular   range    :     from    0.0087   to    0.1361
  Real space range   :     from      0.00   to    281.60

  Highest ALPHA (theor) :   0.272E+06                 JOB = 0
  Current ALPHA         :   0.265E+00   Rg :  0.891E+02   I(0) :   0.714E+02

           Total  estimate : 0.715  which is  A REASONABLE  solution

      S          J EXP       ERROR       J REG       I REG

  0.0000E+00                                      0.7138E+02
  0.9696E-03                                      0.7120E+02
  0.1939E-02                                      0.7067E+02
  0.2909E-02                                      0.6979E+02
  0.3878E-02                                      0.6858E+02
  0.4848E-02                                      0.6706E+02
  0.5818E-02                                      0.6526E+02
  0.6787E-02                                      0.6319E+02
  0.7757E-02                                      0.6091E+02
  0.8726E-02  0.7490E+02  0.8769E+01  0.5843E+02  0.5843E+02
  0.9656E-02  0.7401E+02  0.4710E+01  0.5591E+02  0.5591E+02
  0.1059E-01  0.6694E+02  0.3131E+01  0.5328E+02  0.5328E+02
  0.1152E-01  0.5967E+02  0.2279E+01  0.5058E+02  0.5058E+02
  0.1245E-01  0.5224E+02  0.1794E+01  0.4784E+02  0.4784E+02
  0.1338E-01  0.4693E+02  0.1421E+01  0.4509E+02  0.4509E+02
  0.1431E-01  0.4293E+02  0.1113E+01  0.4236E+02  0.4236E+02
  0.1524E-01  0.3871E+02  0.8884E+00  0.3967E+02  0.3967E+02
  0.1617E-01  0.3514E+02  0.7634E+00  0.3706E+02  0.3706E+02
  0.1710E-01  0.3239E+02  0.6917E+00  0.3454E+02  0.3454E+02
  0.1803E-01  0.3085E+02  0.6136E+00  0.3213E+02  0.3213E+02
  0.1896E-01  0.2855E+02  0.5850E+00  0.2984E+02  0.2984E+02
  0.1989E-01  0.2655E+02  0.5458E+00  0.2769E+02  0.2769E+02
  0.2081E-01  0.2556E+02  0.5146E+00  0.2569E+02  0.2569E+02
  0.2174E-01  0.2333E+02  0.4819E+00  0.2383E+02  0.2383E+02
  0.2267E-01  0.2308E+02  0.4560E+00  0.2212E+02  0.2212E+02
  0.2360E-01  0.2227E+02  0.4280E+00  0.2056E+02  0.2056E+02
  0.2453E-01  0.1956E+02  0.4051E+00  0.1914E+02  0.1914E+02
  0.2546E-01  0.1863E+02  0.3934E+00  0.1786E+02  0.1786E+02
  0.2639E-01  0.1736E+02  0.3821E+00  0.1670E+02  0.1670E+02
  0.2732E-01  0.1548E+02  0.3440E+00  0.1567E+02  0.1567E+02
  0.2825E-01  0.1483E+02  0.3340E+00  0.1474E+02  0.1474E+02
  0.2918E-01  0.1400E+02  0.3267E+00  0.1391E+02  0.1391E+02
  0.3011E-01  0.1360E+02  0.3091E+00  0.1317E+02  0.1317E+02
  0.3104E-01  0.1261E+02  0.3067E+00  0.1250E+02  0.1250E+02
  0.3197E-01  0.1204E+02  0.3023E+00  0.1190E+02  0.1190E+02
  0.3290E-01  0.1074E+02  0.2964E+00  0.1135E+02  0.1135E+02
  0.3383E-01  0.9992E+01  0.3040E+00  0.1085E+02  0.1085E+02
  0.3476E-01  0.1016E+02  0.2868E+00  0.1038E+02  0.1038E+02
  0.3569E-01  0.9864E+01  0.2838E+00  0.9947E+01  0.9947E+01
  0.3662E-01  0.9152E+01  0.2794E+00  0.9539E+01  0.9539E+01
  0.3755E-01  0.8710E+01  0.2746E+00  0.9150E+01  0.9150E+01
  0.3848E-01  0.8593E+01  0.2803E+00  0.8778E+01  0.8778E+01
  0.3941E-01  0.8130E+01  0.2670E+00  0.8420E+01  0.8420E+01
  0.4034E-01  0.7673E+01  0.2583E+00  0.8075E+01  0.8075E+01
  0.4127E-01  0.8366E+01  0.2547E+00  0.7740E+01  0.7740E+01
  0.4220E-01  0.8129E+01  0.2571E+00  0.7415E+01  0.7415E+01
  0.4313E-01  0.7661E+01  0.2482E+00  0.7101E+01  0.7101E+01
  0.4406E-01  0.6876E+01  0.2401E+00  0.6798E+01  0.6798E+01
  0.4499E-01  0.6595E+01  0.2370E+00  0.6505E+01  0.6505E+01
  0.4592E-01  0.6321E+01  0.2444E+00  0.6224E+01  0.6224E+01
  0.4685E-01  0.5955E+01  0.2438E+00  0.5954E+01  0.5954E+01
  0.4778E-01  0.5711E+01  0.2340E+00  0.5697E+01  0.5697E+01
  0.4871E-01  0.5501E+01  0.2315E+00  0.5453E+01  0.5453E+01
  0.4964E-01  0.5671E+01  0.2313E+00  0.5222E+01  0.5222E+01
  0.5057E-01  0.5347E+01  0.2260E+00  0.5004E+01  0.5004E+01
  0.5150E-01  0.4713E+01  0.2186E+00  0.4798E+01  0.4798E+01
  0.5243E-01  0.4323E+01  0.2220E+00  0.4605E+01  0.4605E+01
  0.5336E-01  0.3801E+01  0.2295E+00  0.4423E+01  0.4423E+01
  0.5429E-01  0.3891E+01  0.2203E+00  0.4252E+01  0.4252E+01
  0.5522E-01  0.3745E+01  0.2218E+00  0.4091E+01  0.4091E+01
  0.5615E-01  0.3717E+01  0.2196E+00  0.3940E+01  0.3940E+01
  0.5708E-01  0.3867E+01  0.2145E+00  0.3798E+01  0.3798E+01
  0.5801E-01  0.3480E+01  0.2075E+00  0.3663E+01  0.3663E+01
  0.5894E-01  0.3599E+01  0.2063E+00  0.3536E+01  0.3536E+01
  0.5987E-01  0.3446E+01  0.2030E+00  0.3415E+01  0.3415E+01
  0.6080E-01  0.3163E+01  0.2034E+00  0.3301E+01  0.3301E+01
  0.6173E-01  0.3599E+01  0.2045E+00  0.3193E+01  0.3193E+01
  0.6266E-01  0.3650E+01  0.2026E+00  0.3090E+01  0.3090E+01
  0.6359E-01  0.2866E+01  0.1988E+00  0.2992E+01  0.2992E+01
  0.6452E-01  0.2851E+01  0.1950E+00  0.2900E+01  0.2900E+01
  0.6545E-01  0.2988E+01  0.1931E+00  0.2813E+01  0.2813E+01
  0.6638E-01  0.2812E+01  0.1888E+00  0.2732E+01  0.2732E+01
  0.6731E-01  0.2696E+01  0.1867E+00  0.2655E+01  0.2655E+01
  0.6824E-01  0.2541E+01  0.1894E+00  0.2584E+01  0.2584E+01
  0.6917E-01  0.2389E+01  0.1917E+00  0.2518E+01  0.2518E+01
  0.7010E-01  0.2724E+01  0.1885E+00  0.2457E+01  0.2457E+01
  0.7103E-01  0.2343E+01  0.1868E+00  0.2401E+01  0.2401E+01
  0.7196E-01  0.2381E+01  0.1863E+00  0.2349E+01  0.2349E+01
  0.7289E-01  0.2235E+01  0.1799E+00  0.2302E+01  0.2302E+01
  0.7382E-01  0.2154E+01  0.1820E+00  0.2259E+01  0.2259E+01
  0.7475E-01  0.2035E+01  0.1835E+00  0.2218E+01  0.2218E+01
  0.7568E-01  0.2107E+01  0.1794E+00  0.2181E+01  0.2181E+01
  0.7661E-01  0.2354E+01  0.1808E+00  0.2146E+01  0.2146E+01
  0.7754E-01  0.1886E+01  0.1801E+00  0.2113E+01  0.2113E+01
  0.7847E-01  0.1657E+01  0.1742E+00  0.2081E+01  0.2081E+01
  0.7940E-01  0.1860E+01  0.1700E+00  0.2049E+01  0.2049E+01
  0.8033E-01  0.2205E+01  0.1742E+00  0.2018E+01  0.2018E+01
  0.8126E-01  0.2033E+01  0.1749E+00  0.1986E+01  0.1986E+01
  0.8219E-01  0.2183E+01  0.1731E+00  0.1954E+01  0.1954E+01
  0.8312E-01  0.1844E+01  0.1722E+00  0.1921E+01  0.1921E+01
  0.8405E-01  0.1840E+01  0.1705E+00  0.1887E+01  0.1887E+01
  0.8498E-01  0.1984E+01  0.1689E+00  0.1852E+01  0.1852E+01
  0.8591E-01  0.1871E+01  0.1678E+00  0.1817E+01  0.1817E+01
  0.8684E-01  0.2097E+01  0.1642E+00  0.1780E+01  0.1780E+01
  0.8777E-01  0.2263E+01  0.1680E+00  0.1744E+01  0.1744E+01
  0.8870E-01  0.1860E+01  0.1660E+00  0.1707E+01  0.1707E+01
  0.8963E-01  0.1435E+01  0.1619E+00  0.1670E+01  0.1670E+01
  0.9056E-01  0.1614E+01  0.1613E+00  0.1633E+01  0.1633E+01
  0.9149E-01  0.1299E+01  0.1602E+00  0.1598E+01  0.1598E+01
  0.9242E-01  0.1400E+01  0.1603E+00  0.1563E+01  0.1563E+01
  0.9335E-01  0.1365E+01  0.1589E+00  0.1530E+01  0.1530E+01
  0.9428E-01  0.1585E+01  0.1583E+00  0.1498E+01  0.1498E+01
  0.9521E-01  0.1251E+01  0.1557E+00  0.1468E+01  0.1468E+01
  0.9614E-01  0.1406E+01  0.1581E+00  0.1440E+01  0.1440E+01
  0.9707E-01  0.1556E+01  0.1570E+00  0.1413E+01  0.1413E+01
  0.9800E-01  0.1436E+01  0.1552E+00  0.1388E+01  0.1388E+01
  0.9893E-01  0.1031E+01  0.1545E+00  0.1364E+01  0.1364E+01
  0.9986E-01  0.1448E+01  0.1548E+00  0.1342E+01  0.1342E+01
  0.1008E+00  0.1709E+01  0.1523E+00  0.1321E+01  0.1321E+01
  0.1017E+00  0.1386E+01  0.1518E+00  0.1300E+01  0.1300E+01
  0.1026E+00  0.1059E+01  0.1509E+00  0.1280E+01  0.1280E+01
  0.1036E+00  0.1212E+01  0.1500E+00  0.1260E+01  0.1260E+01
  0.1045E+00  0.1250E+01  0.1467E+00  0.1241E+01  0.1241E+01
  0.1054E+00  0.1342E+01  0.1469E+00  0.1221E+01  0.1221E+01
  0.1064E+00  0.1086E+01  0.1481E+00  0.1201E+01  0.1201E+01
  0.1073E+00  0.1445E+01  0.1458E+00  0.1180E+01  0.1180E+01
  0.1082E+00  0.1199E+01  0.1447E+00  0.1159E+01  0.1159E+01
  0.1092E+00  0.8268E+00  0.1455E+00  0.1137E+01  0.1137E+01
  0.1101E+00  0.1335E+01  0.1433E+00  0.1116E+01  0.1116E+01
  0.1110E+00  0.1193E+01  0.1441E+00  0.1094E+01  0.1094E+01
  0.1119E+00  0.7936E+00  0.1438E+00  0.1072E+01  0.1072E+01
  0.1129E+00  0.8960E+00  0.1428E+00  0.1050E+01  0.1050E+01
  0.1138E+00  0.1041E+01  0.1441E+00  0.1029E+01  0.1029E+01
  0.1147E+00  0.1034E+01  0.1416E+00  0.1009E+01  0.1009E+01
  0.1157E+00  0.1220E+01  0.1420E+00  0.9895E+00  0.9895E+00
  0.1166E+00  0.1169E+01  0.1411E+00  0.9717E+00  0.9717E+00
  0.1175E+00  0.9173E+00  0.1460E+00  0.9555E+00  0.9555E+00
  0.1185E+00  0.9934E+00  0.1376E+00  0.9411E+00  0.9411E+00
  0.1194E+00  0.7614E+00  0.1370E+00  0.9285E+00  0.9285E+00
  0.1203E+00  0.1015E+01  0.1368E+00  0.9179E+00  0.9179E+00
  0.1212E+00  0.7947E+00  0.1403E+00  0.9092E+00  0.9092E+00
  0.1222E+00  0.5021E+00  0.1370E+00  0.9023E+00  0.9023E+00
  0.1231E+00  0.6686E+00  0.1372E+00  0.8970E+00  0.8970E+00
  0.1240E+00  0.1002E+01  0.1345E+00  0.8933E+00  0.8933E+00
  0.1250E+00  0.9608E+00  0.1349E+00  0.8907E+00  0.8907E+00
  0.1259E+00  0.9911E+00  0.1353E+00  0.8891E+00  0.8891E+00
  0.1268E+00  0.8895E+00  0.1340E+00  0.8880E+00  0.8880E+00
  0.1278E+00  0.8821E+00  0.1338E+00  0.8873E+00  0.8873E+00
  0.1287E+00  0.8743E+00  0.1351E+00  0.8864E+00  0.8864E+00
  0.1296E+00  0.1023E+01  0.1323E+00  0.8851E+00  0.8851E+00
  0.1305E+00  0.9584E+00  0.1327E+00  0.8831E+00  0.8831E+00
  0.1315E+00  0.1136E+01  0.1311E+00  0.8803E+00  0.8803E+00
  0.1324E+00  0.9898E+00  0.1327E+00  0.8762E+00  0.8762E+00
  0.1333E+00  0.6415E+00  0.1320E+00  0.8710E+00  0.8710E+00
  0.1343E+00  0.7408E+00  0.1315E+00  0.8643E+00  0.8643E+00
  0.1352E+00  0.9974E+00  0.1315E+00  0.8563E+00  0.8563E+00
  0.1361E+00  0.6218E+00  0.1318E+00  0.8470E+00  0.8470E+00

           Distance distribution  function of particle  


       R          P(R)      ERROR

  0.0000E+00  0.0000E+00  0.0000E+00
  0.3129E+01  0.3614E-02  0.1355E-03
  0.6258E+01  0.6777E-02  0.1847E-03
  0.9387E+01  0.9529E-02  0.1650E-03
  0.1252E+02  0.1193E-01  0.1107E-03
  0.1564E+02  0.1405E-01  0.1028E-03
  0.1877E+02  0.1598E-01  0.1725E-03
  0.2190E+02  0.1778E-01  0.2432E-03
  0.2503E+02  0.1952E-01  0.2826E-03
  0.2816E+02  0.2123E-01  0.2827E-03
  0.3129E+02  0.2295E-01  0.2503E-03
  0.3442E+02  0.2466E-01  0.2089E-03
  0.3755E+02  0.2635E-01  0.1977E-03
  0.4068E+02  0.2797E-01  0.2334E-03
  0.4380E+02  0.2948E-01  0.2853E-03
  0.4693E+02  0.3085E-01  0.3228E-03
  0.5006E+02  0.3202E-01  0.3345E-03
  0.5319E+02  0.3299E-01  0.3259E-03
  0.5632E+02  0.3374E-01  0.3172E-03
  0.5945E+02  0.3429E-01  0.3329E-03
  0.6258E+02  0.3467E-01  0.3785E-03
  0.6571E+02  0.3491E-01  0.4358E-03
  0.6884E+02  0.3505E-01  0.4821E-03
  0.7196E+02  0.3514E-01  0.5036E-03
  0.7509E+02  0.3521E-01  0.4988E-03
  0.7822E+02  0.3527E-01  0.4782E-03
  0.8135E+02  0.3531E-01  0.4609E-03
  0.8448E+02  0.3534E-01  0.4648E-03
  0.8761E+02  0.3530E-01  0.4923E-03
  0.9074E+02  0.3519E-01  0.5296E-03
  0.9387E+02  0.3495E-01  0.5603E-03
  0.9700E+02  0.3456E-01  0.5770E-03
  0.1001E+03  0.3402E-01  0.5841E-03
  0.1033E+03  0.3332E-01  0.5948E-03
  0.1064E+03  0.3249E-01  0.6219E-03
  0.1095E+03  0.3158E-01  0.6673E-03
  0.1126E+03  0.3065E-01  0.7206E-03
  0.1158E+03  0.2974E-01  0.7668E-03
  0.1189E+03  0.2894E-01  0.7957E-03
  0.1220E+03  0.2828E-01  0.8061E-03
  0.1252E+03  0.2779E-01  0.8072E-03
  0.1283E+03  0.2749E-01  0.8137E-03
  0.1314E+03  0.2736E-01  0.8384E-03
  0.1345E+03  0.2736E-01  0.8834E-03
  0.1377E+03  0.2743E-01  0.9400E-03
  0.1408E+03  0.2750E-01  0.9951E-03
  0.1439E+03  0.2750E-01  0.1039E-02
  0.1471E+03  0.2738E-01  0.1069E-02
  0.1502E+03  0.2710E-01  0.1088E-02
  0.1533E+03  0.2662E-01  0.1102E-02
  0.1564E+03  0.2597E-01  0.1117E-02
  0.1596E+03  0.2516E-01  0.1133E-02
  0.1627E+03  0.2426E-01  0.1144E-02
  0.1658E+03  0.2331E-01  0.1145E-02
  0.1690E+03  0.2238E-01  0.1131E-02
  0.1721E+03  0.2151E-01  0.1101E-02
  0.1752E+03  0.2074E-01  0.1059E-02
  0.1783E+03  0.2008E-01  0.1011E-02
  0.1815E+03  0.1951E-01  0.9649E-03
  0.1846E+03  0.1900E-01  0.9279E-03
  0.1877E+03  0.1849E-01  0.9078E-03
  0.1909E+03  0.1793E-01  0.9109E-03
  0.1940E+03  0.1727E-01  0.9395E-03
  0.1971E+03  0.1648E-01  0.9899E-03
  0.2002E+03  0.1553E-01  0.1052E-02
  0.2034E+03  0.1443E-01  0.1112E-02
  0.2065E+03  0.1324E-01  0.1157E-02
  0.2096E+03  0.1200E-01  0.1180E-02
  0.2128E+03  0.1079E-01  0.1181E-02
  0.2159E+03  0.9684E-02  0.1167E-02
  0.2190E+03  0.8748E-02  0.1152E-02
  0.2222E+03  0.8024E-02  0.1147E-02
  0.2253E+03  0.7525E-02  0.1161E-02
  0.2284E+03  0.7231E-02  0.1191E-02
  0.2315E+03  0.7088E-02  0.1232E-02
  0.2347E+03  0.7022E-02  0.1277E-02
  0.2378E+03  0.6944E-02  0.1324E-02
  0.2409E+03  0.6767E-02  0.1375E-02
  0.2441E+03  0.6421E-02  0.1429E-02
  0.2472E+03  0.5866E-02  0.1484E-02
  0.2503E+03  0.5102E-02  0.1532E-02
  0.2534E+03  0.4169E-02  0.1564E-02
  0.2566E+03  0.3145E-02  0.1576E-02
  0.2597E+03  0.2133E-02  0.1569E-02
  0.2628E+03  0.1244E-02  0.1549E-02
  0.2660E+03  0.5724E-03  0.1517E-02
  0.2691E+03  0.1747E-03  0.1458E-02
  0.2722E+03  0.4634E-04  0.1335E-02
  0.2753E+03  0.1041E-03  0.1095E-02
  0.2785E+03  0.1761E-03  0.6715E-03
  0.2816E+03  0.0000E+00  0.0000E+00
          Reciprocal space: Rg =   89.09     , I(0) =   0.7137E+02
     Real space: Rg =   89.43 +- 1.630  I(0) =   0.7138E+02 +-  0.1759E+01
