
           ####    G N O M   ---   Version 4.5a revised 09/02/02     ####

                                                  Sun Nov  5 12:16:38 2017
           ===    Run No   1   ===
 Run title:  0.000356363 0 0


  Number of points omitted at the end:         149
   *******   Working Directory :
   *******    Input file(s) : 24697_01D_S061_0_01.sub
           Condition P(rmin) = 0 is used. 
           Condition P(rmax) = 0 is used. 

          Experimental conditions for the first run
          -----------------------------------------

          Highest ALPHA is found to be   0.5261E+02

  The measure of inconsistency AN1 equals to    0.1057E+01

          Warning: using the chosen range in the real space 
             it is not possible to fit the data set within the
             given error band. 
     Alpha    Discrp  Oscill  Stabil  Sysdev  Positv  Valcen    Total   
  0.5261E+05 30.0803  1.1113  0.9007  0.0729  1.0000  0.8764  0.00001
  0.1052E+05 22.4092  1.1003  0.6679  0.3158  1.0000  0.8804  0.00001
  0.2104E+04 10.8816  1.0755  0.3168  0.3563  1.0000  0.8928  0.00001
  0.4208E+03  4.2976  1.0855  0.1087  0.4008  1.0000  0.9102  0.00001
  0.8417E+02  1.8009  1.1626  0.0504  0.4818  1.0000  0.9223  0.44362
  0.1683E+02  0.9482  1.2497  0.0291  0.6275  1.0000  0.9254  0.10000
  0.3367E+01  0.7192  1.3258  0.0178  0.6599  1.0000  0.9229  0.10000
  0.6733E+00  0.6634  1.4073  0.0166  0.7409  1.0000  0.9210  0.10000
  0.1347E+00  0.6444  1.5354  0.0175  0.7490  1.0000  0.9200  0.10000
  0.2693E-01  0.6361  1.8075  0.0398  0.7652  1.0000  0.9199  0.10000
  0.5387E-02  0.6226  3.3488  0.1279  0.7652  1.0000  0.9174  0.10000
  0.1077E-02  0.6054  6.8717  0.1433  0.7652  0.9951  0.8912  0.10000
  0.2155E-03  0.5999  9.1720  0.0761  0.7814  0.9845  0.8359  0.10000
  0.4309E-04  0.5989 11.2057  0.1522  0.7814  0.9751  0.8127  0.10000
  0.8619E-05  0.5981 16.3096  0.5149  0.7895  0.9513  0.7724  0.10000
  0.1724E-05  0.5965 20.7895  0.7318  0.7814  0.8508  0.3389  0.10000
  0.3448E-06  0.5942 21.9031  0.4848  0.7652  0.7694  0.2736  0.10000
  0.6895E-07  0.5922 22.8637  0.8889  0.7652  0.7341  0.2789  0.10000
  0.1379E-07  0.5877 20.2337  0.7195  0.7652  0.7197  0.2686  0.10000
  0.2758E-08  0.5825 20.1095  0.4496  0.7652  0.7232  0.2984  0.10000
  0.5516E-09  0.5761 25.0309  0.7148  0.7814  0.7411  0.3399  0.10000
  0.1103E-09  0.5533 30.7186  0.7891  0.7814  0.7372  0.3153  0.10000
  0.2206E-10  0.4864 35.8129  0.6357  0.7490  0.7390  0.2866  0.10000
  0.4413E-11  0.3673 41.8533  0.4984  0.7490  0.7501  0.2564  0.10000
  0.8826E-12  0.2193 47.5722  0.3982  0.7409  0.7470  0.2160  0.10000
  0.1765E-12  0.0858 50.8824  0.2063  0.7004  0.7325  0.2000  0.10000
  0.3530E-13  0.0220 51.9488  0.0596  0.7166  0.7295  0.1891  0.10000
  0.7061E-14  0.0047 52.1944  0.0131  0.7166  0.7294  0.1887  0.10000
  0.1412E-14  0.0009 52.2451  0.0027  0.7166  0.7294  0.1888  0.10000
  0.2824E-15  0.0002 52.2553  0.0005  0.7166  0.7294  0.1888  0.10000
  0.5648E-16  0.0000 52.2574  0.0001  0.7166  0.7294  0.1888  0.10000

          ***  Golden section search to maximize estimate ***
     Alpha    Discrp  Oscill  Stabil  Sysdev  Positv  Valcen    Total   
  0.1556E+03  2.4739  1.1289  0.0642  0.4089  1.0000  0.9186  0.42579
  0.1878E+00  0.6469  1.5037  0.0176  0.7490  1.0000  0.9202  0.10000
  0.1064E+03  2.0270  1.1495  0.0552  0.4656  1.0000  0.9211  0.43657
  0.8173E+01  0.8048  1.2850  0.0235  0.6356  1.0000  0.9245  0.10000
  0.9207E+02  1.8832  1.1576  0.0521  0.4737  1.0000  0.9218  0.44065
  0.3454E+02  1.2087  1.2121  0.0362  0.5870  1.0000  0.9251  0.10000
  0.8710E+02  1.8317  1.1607  0.0510  0.4818  1.0000  0.9221  0.44245
  0.5989E+02  1.5303  1.1818  0.0442  0.5223  1.0000  0.9237  0.45943
  0.4854E+02  1.3922  1.1935  0.0408  0.5709  1.0000  0.9244  0.10000
  0.6821E+02  1.6263  1.1745  0.0464  0.5142  1.0000  0.9232  0.45270
  0.5527E+02  1.4751  1.1863  0.0428  0.5385  1.0000  0.9240  0.46407
  0.5260E+02  1.4425  1.1890  0.0420  0.5628  1.0000  0.9242  0.46747
  0.5101E+02  1.4229  1.1907  0.0416  0.5709  1.0000  0.9243  0.46944
  0.5005E+02  1.4111  1.1918  0.0413  0.5709  1.0000  0.9243  0.10000
  0.5161E+02  1.4304  1.1901  0.0417  0.5709  1.0000  0.9242  0.46882
  0.5064E+02  1.4184  1.1911  0.0414  0.5709  1.0000  0.9243  0.46982
  0.5041E+02  1.4156  1.1914  0.0414  0.5709  1.0000  0.9243  0.10000
  0.5078E+02  1.4201  1.1910  0.0415  0.5709  1.0000  0.9243  0.46967
  0.5064E+02  1.4184  1.1911  0.0414  0.5709  1.0000  0.9243  0.46982



             ####            Final results            ####

 Parameter    DISCRP    OSCILL    STABIL    SYSDEV    POSITV    VALCEN
 Weight        1.000     3.000     3.000     4.000     1.000     1.000
 Sigma         0.500     0.600     0.120     0.200     0.120     0.120
 Ideal         1.000     1.100     0.000     1.000     1.000     0.950
 Current       1.418     1.191     0.041     0.571     1.000     0.924
                - - - - - - - - - - - - - - - - - - - - - - - - - 
 Estimate      0.496     0.977     0.888     0.010     1.000     0.955

  Angular   range    :     from    0.0078   to    0.4670
  Real space range   :     from      0.00   to     89.88

  Highest ALPHA (theor) :   0.526E+05                 JOB = 0
  Current ALPHA         :   0.506E+02   Rg :  0.305E+02   I(0) :   0.876E+03

           Total  estimate : 0.470  which is  A SUSPICIOUS  solution

      S          J EXP       ERROR       J REG       I REG

  0.0000E+00                                      0.8765E+03
  0.9742E-03                                      0.8762E+03
  0.1948E-02                                      0.8754E+03
  0.2923E-02                                      0.8741E+03
  0.3897E-02                                      0.8723E+03
  0.4871E-02                                      0.8700E+03
  0.5845E-02                                      0.8672E+03
  0.6819E-02                                      0.8639E+03
  0.7793E-02  0.7650E+03  0.1247E+03  0.8601E+03  0.8601E+03
  0.8723E-02  0.7865E+03  0.1184E+03  0.8560E+03  0.8560E+03
  0.9653E-02  0.9059E+03  0.9632E+02  0.8515E+03  0.8515E+03
  0.1058E-01  0.8753E+03  0.7807E+02  0.8466E+03  0.8466E+03
  0.1151E-01  0.8657E+03  0.4976E+02  0.8412E+03  0.8412E+03
  0.1244E-01  0.8503E+03  0.3289E+02  0.8355E+03  0.8355E+03
  0.1337E-01  0.8427E+03  0.2191E+02  0.8293E+03  0.8293E+03
  0.1430E-01  0.8387E+03  0.1730E+02  0.8227E+03  0.8227E+03
  0.1523E-01  0.8086E+03  0.1575E+02  0.8158E+03  0.8158E+03
  0.1616E-01  0.8341E+03  0.1299E+02  0.8085E+03  0.8085E+03
  0.1709E-01  0.7956E+03  0.1234E+02  0.8008E+03  0.8008E+03
  0.1802E-01  0.8297E+03  0.1030E+02  0.7928E+03  0.7928E+03
  0.1895E-01  0.8217E+03  0.1064E+02  0.7844E+03  0.7844E+03
  0.1988E-01  0.8034E+03  0.1001E+02  0.7758E+03  0.7758E+03
  0.2081E-01  0.7858E+03  0.9011E+01  0.7668E+03  0.7668E+03
  0.2174E-01  0.7746E+03  0.8648E+01  0.7575E+03  0.7575E+03
  0.2267E-01  0.7722E+03  0.7956E+01  0.7480E+03  0.7480E+03
  0.2360E-01  0.7564E+03  0.7746E+01  0.7382E+03  0.7382E+03
  0.2453E-01  0.7447E+03  0.7321E+01  0.7281E+03  0.7281E+03
  0.2546E-01  0.7310E+03  0.7412E+01  0.7178E+03  0.7178E+03
  0.2639E-01  0.7166E+03  0.7182E+01  0.7073E+03  0.7073E+03
  0.2732E-01  0.7173E+03  0.7047E+01  0.6966E+03  0.6966E+03
  0.2825E-01  0.6970E+03  0.6926E+01  0.6857E+03  0.6857E+03
  0.2918E-01  0.6807E+03  0.6947E+01  0.6746E+03  0.6746E+03
  0.3010E-01  0.6549E+03  0.6944E+01  0.6634E+03  0.6634E+03
  0.3103E-01  0.6480E+03  0.6532E+01  0.6520E+03  0.6520E+03
  0.3196E-01  0.6603E+03  0.6551E+01  0.6405E+03  0.6405E+03
  0.3289E-01  0.6519E+03  0.6291E+01  0.6289E+03  0.6289E+03
  0.3382E-01  0.6390E+03  0.6042E+01  0.6172E+03  0.6172E+03
  0.3475E-01  0.5986E+03  0.6130E+01  0.6054E+03  0.6054E+03
  0.3568E-01  0.5877E+03  0.5554E+01  0.5935E+03  0.5935E+03
  0.3661E-01  0.5746E+03  0.5397E+01  0.5816E+03  0.5816E+03
  0.3754E-01  0.5580E+03  0.5603E+01  0.5697E+03  0.5697E+03
  0.3847E-01  0.5442E+03  0.5366E+01  0.5577E+03  0.5577E+03
  0.3940E-01  0.5392E+03  0.5503E+01  0.5458E+03  0.5458E+03
  0.4033E-01  0.5252E+03  0.5283E+01  0.5338E+03  0.5338E+03
  0.4126E-01  0.5255E+03  0.5123E+01  0.5219E+03  0.5219E+03
  0.4219E-01  0.5165E+03  0.5252E+01  0.5100E+03  0.5100E+03
  0.4312E-01  0.4994E+03  0.5233E+01  0.4981E+03  0.4981E+03
  0.4405E-01  0.4909E+03  0.5391E+01  0.4863E+03  0.4863E+03
  0.4498E-01  0.4740E+03  0.5048E+01  0.4746E+03  0.4746E+03
  0.4591E-01  0.4691E+03  0.4942E+01  0.4629E+03  0.4629E+03
  0.4684E-01  0.4620E+03  0.4929E+01  0.4514E+03  0.4514E+03
  0.4777E-01  0.4406E+03  0.4739E+01  0.4399E+03  0.4399E+03
  0.4870E-01  0.4281E+03  0.4757E+01  0.4286E+03  0.4286E+03
  0.4963E-01  0.4193E+03  0.4520E+01  0.4174E+03  0.4174E+03
  0.5056E-01  0.4029E+03  0.4529E+01  0.4063E+03  0.4063E+03
  0.5149E-01  0.3994E+03  0.4573E+01  0.3954E+03  0.3954E+03
  0.5242E-01  0.3920E+03  0.4584E+01  0.3846E+03  0.3846E+03
  0.5335E-01  0.3884E+03  0.5289E+01  0.3739E+03  0.3739E+03
  0.5428E-01  0.3741E+03  0.4430E+01  0.3635E+03  0.3635E+03
  0.5521E-01  0.3580E+03  0.4263E+01  0.3532E+03  0.3532E+03
  0.5613E-01  0.3428E+03  0.4190E+01  0.3430E+03  0.3430E+03
  0.5706E-01  0.3414E+03  0.4194E+01  0.3331E+03  0.3331E+03
  0.5799E-01  0.3337E+03  0.4109E+01  0.3233E+03  0.3233E+03
  0.5892E-01  0.3231E+03  0.3940E+01  0.3138E+03  0.3138E+03
  0.5985E-01  0.3162E+03  0.3996E+01  0.3044E+03  0.3044E+03
  0.6078E-01  0.3101E+03  0.3977E+01  0.2952E+03  0.2952E+03
  0.6171E-01  0.2842E+03  0.4191E+01  0.2863E+03  0.2863E+03
  0.6264E-01  0.2749E+03  0.4109E+01  0.2775E+03  0.2775E+03
  0.6357E-01  0.2780E+03  0.3988E+01  0.2689E+03  0.2689E+03
  0.6450E-01  0.2743E+03  0.3973E+01  0.2606E+03  0.2606E+03
  0.6543E-01  0.2586E+03  0.3913E+01  0.2524E+03  0.2524E+03
  0.6636E-01  0.2468E+03  0.3856E+01  0.2445E+03  0.2445E+03
  0.6729E-01  0.2317E+03  0.3627E+01  0.2367E+03  0.2367E+03
  0.6822E-01  0.2300E+03  0.3668E+01  0.2292E+03  0.2292E+03
  0.6915E-01  0.2312E+03  0.3555E+01  0.2219E+03  0.2219E+03
  0.7008E-01  0.2245E+03  0.3603E+01  0.2148E+03  0.2148E+03
  0.7101E-01  0.2140E+03  0.3568E+01  0.2078E+03  0.2078E+03
  0.7194E-01  0.2105E+03  0.3453E+01  0.2011E+03  0.2011E+03
  0.7287E-01  0.2061E+03  0.3533E+01  0.1946E+03  0.1946E+03
  0.7380E-01  0.1972E+03  0.3580E+01  0.1883E+03  0.1883E+03
  0.7473E-01  0.1947E+03  0.3594E+01  0.1822E+03  0.1822E+03
  0.7566E-01  0.1891E+03  0.3599E+01  0.1762E+03  0.1762E+03
  0.7659E-01  0.1791E+03  0.3539E+01  0.1705E+03  0.1705E+03
  0.7752E-01  0.1744E+03  0.3524E+01  0.1649E+03  0.1649E+03
  0.7845E-01  0.1725E+03  0.3459E+01  0.1595E+03  0.1595E+03
  0.7938E-01  0.1613E+03  0.3449E+01  0.1543E+03  0.1543E+03
  0.8031E-01  0.1569E+03  0.3336E+01  0.1493E+03  0.1493E+03
  0.8123E-01  0.1569E+03  0.3179E+01  0.1445E+03  0.1445E+03
  0.8216E-01  0.1554E+03  0.3348E+01  0.1398E+03  0.1398E+03
  0.8309E-01  0.1434E+03  0.3166E+01  0.1352E+03  0.1352E+03
  0.8402E-01  0.1381E+03  0.3170E+01  0.1308E+03  0.1308E+03
  0.8495E-01  0.1376E+03  0.3078E+01  0.1266E+03  0.1266E+03
  0.8588E-01  0.1285E+03  0.3094E+01  0.1225E+03  0.1225E+03
  0.8681E-01  0.1298E+03  0.3203E+01  0.1186E+03  0.1186E+03
  0.8774E-01  0.1258E+03  0.3098E+01  0.1148E+03  0.1148E+03
  0.8867E-01  0.1153E+03  0.3161E+01  0.1111E+03  0.1111E+03
  0.8960E-01  0.1108E+03  0.3122E+01  0.1076E+03  0.1076E+03
  0.9053E-01  0.1127E+03  0.3085E+01  0.1041E+03  0.1041E+03
  0.9146E-01  0.1068E+03  0.3090E+01  0.1008E+03  0.1008E+03
  0.9239E-01  0.1034E+03  0.3107E+01  0.9767E+02  0.9767E+02
  0.9332E-01  0.1019E+03  0.3048E+01  0.9459E+02  0.9459E+02
  0.9425E-01  0.9867E+02  0.2937E+01  0.9162E+02  0.9162E+02
  0.9518E-01  0.9133E+02  0.2967E+01  0.8876E+02  0.8876E+02
  0.9611E-01  0.8538E+02  0.2930E+01  0.8599E+02  0.8599E+02
  0.9704E-01  0.8260E+02  0.2894E+01  0.8332E+02  0.8332E+02
  0.9797E-01  0.8173E+02  0.2928E+01  0.8073E+02  0.8073E+02
  0.9890E-01  0.7818E+02  0.2950E+01  0.7823E+02  0.7823E+02
  0.9983E-01  0.7750E+02  0.2862E+01  0.7582E+02  0.7582E+02
  0.1008E+00  0.7230E+02  0.2788E+01  0.7348E+02  0.7348E+02
  0.1017E+00  0.6773E+02  0.2817E+01  0.7122E+02  0.7122E+02
  0.1026E+00  0.6263E+02  0.2846E+01  0.6903E+02  0.6903E+02
  0.1035E+00  0.6582E+02  0.2727E+01  0.6692E+02  0.6692E+02
  0.1045E+00  0.6509E+02  0.2738E+01  0.6486E+02  0.6486E+02
  0.1054E+00  0.6453E+02  0.2650E+01  0.6287E+02  0.6287E+02
  0.1063E+00  0.6263E+02  0.2745E+01  0.6095E+02  0.6095E+02
  0.1073E+00  0.5379E+02  0.2762E+01  0.5908E+02  0.5908E+02
  0.1082E+00  0.5311E+02  0.2698E+01  0.5727E+02  0.5727E+02
  0.1091E+00  0.4361E+02  0.2707E+01  0.5551E+02  0.5551E+02
  0.1101E+00  0.4696E+02  0.2743E+01  0.5380E+02  0.5380E+02
  0.1110E+00  0.5323E+02  0.2650E+01  0.5215E+02  0.5215E+02
  0.1119E+00  0.4034E+02  0.2599E+01  0.5054E+02  0.5054E+02
  0.1128E+00  0.4334E+02  0.2551E+01  0.4897E+02  0.4897E+02
  0.1138E+00  0.4474E+02  0.2607E+01  0.4746E+02  0.4746E+02
  0.1147E+00  0.4199E+02  0.2596E+01  0.4599E+02  0.4599E+02
  0.1156E+00  0.3514E+02  0.2613E+01  0.4455E+02  0.4455E+02
  0.1166E+00  0.3674E+02  0.2626E+01  0.4317E+02  0.4317E+02
  0.1175E+00  0.2902E+02  0.2709E+01  0.4182E+02  0.4182E+02
  0.1184E+00  0.3024E+02  0.2655E+01  0.4051E+02  0.4051E+02
  0.1193E+00  0.3322E+02  0.2678E+01  0.3923E+02  0.3923E+02
  0.1203E+00  0.3315E+02  0.2713E+01  0.3800E+02  0.3800E+02
  0.1212E+00  0.3266E+02  0.2637E+01  0.3680E+02  0.3680E+02
  0.1221E+00  0.2980E+02  0.2639E+01  0.3564E+02  0.3564E+02
  0.1231E+00  0.3339E+02  0.2598E+01  0.3451E+02  0.3451E+02
  0.1240E+00  0.2958E+02  0.2568E+01  0.3342E+02  0.3342E+02
  0.1249E+00  0.2327E+02  0.2633E+01  0.3236E+02  0.3236E+02
  0.1259E+00  0.1787E+02  0.2620E+01  0.3133E+02  0.3133E+02
  0.1268E+00  0.2095E+02  0.2599E+01  0.3034E+02  0.3034E+02
  0.1277E+00  0.2598E+02  0.2587E+01  0.2938E+02  0.2938E+02
  0.1286E+00  0.1900E+02  0.2623E+01  0.2845E+02  0.2845E+02
  0.1296E+00  0.2031E+02  0.2688E+01  0.2756E+02  0.2756E+02
  0.1305E+00  0.1742E+02  0.2628E+01  0.2670E+02  0.2670E+02
  0.1314E+00  0.1632E+02  0.2735E+01  0.2587E+02  0.2587E+02
  0.1324E+00  0.1297E+02  0.2593E+01  0.2507E+02  0.2507E+02
  0.1333E+00  0.1369E+02  0.2608E+01  0.2430E+02  0.2430E+02
  0.1342E+00  0.1778E+02  0.2601E+01  0.2356E+02  0.2356E+02
  0.1352E+00  0.1737E+02  0.2553E+01  0.2285E+02  0.2285E+02
  0.1361E+00  0.1554E+02  0.2561E+01  0.2217E+02  0.2217E+02
  0.1370E+00  0.1449E+02  0.2484E+01  0.2152E+02  0.2152E+02
  0.1379E+00  0.1027E+02  0.2530E+01  0.2090E+02  0.2090E+02
  0.1389E+00  0.7870E+01  0.2489E+01  0.2030E+02  0.2030E+02
  0.1398E+00  0.1237E+02  0.2515E+01  0.1974E+02  0.1974E+02
  0.1407E+00  0.1447E+02  0.2520E+01  0.1920E+02  0.1920E+02
  0.1417E+00  0.1099E+02  0.2577E+01  0.1869E+02  0.1869E+02
  0.1426E+00  0.1244E+02  0.2551E+01  0.1821E+02  0.1821E+02
  0.1435E+00  0.1006E+02  0.2481E+01  0.1775E+02  0.1775E+02
  0.1445E+00  0.1291E+02  0.2509E+01  0.1732E+02  0.1732E+02
  0.1454E+00  0.1251E+02  0.2486E+01  0.1691E+02  0.1691E+02
  0.1463E+00  0.9720E+01  0.2450E+01  0.1653E+02  0.1653E+02
  0.1472E+00  0.1073E+02  0.2518E+01  0.1617E+02  0.1617E+02
  0.1482E+00  0.1393E+02  0.2412E+01  0.1583E+02  0.1583E+02
  0.1491E+00  0.1402E+02  0.2443E+01  0.1551E+02  0.1551E+02
  0.1500E+00  0.1054E+02  0.2510E+01  0.1522E+02  0.1522E+02
  0.1510E+00  0.3870E+01  0.2502E+01  0.1495E+02  0.1495E+02
  0.1519E+00  0.8820E+01  0.2537E+01  0.1469E+02  0.1469E+02
  0.1528E+00  0.1210E+02  0.2503E+01  0.1446E+02  0.1446E+02
  0.1537E+00  0.9280E+01  0.2502E+01  0.1424E+02  0.1424E+02
  0.1547E+00  0.8330E+01  0.2402E+01  0.1404E+02  0.1404E+02
  0.1556E+00  0.9600E+01  0.2504E+01  0.1386E+02  0.1386E+02
  0.1565E+00  0.9050E+01  0.2477E+01  0.1369E+02  0.1369E+02
  0.1575E+00  0.9990E+01  0.2410E+01  0.1354E+02  0.1354E+02
  0.1584E+00  0.1135E+02  0.2440E+01  0.1340E+02  0.1340E+02
  0.1593E+00  0.6230E+01  0.2352E+01  0.1327E+02  0.1327E+02
  0.1603E+00  0.5780E+01  0.2390E+01  0.1316E+02  0.1316E+02
  0.1612E+00  0.1627E+02  0.2376E+01  0.1305E+02  0.1305E+02
  0.1621E+00  0.1577E+02  0.2351E+01  0.1296E+02  0.1296E+02
  0.1630E+00  0.1554E+02  0.2395E+01  0.1287E+02  0.1287E+02
  0.1640E+00  0.1201E+02  0.2359E+01  0.1280E+02  0.1280E+02
  0.1649E+00  0.8910E+01  0.2436E+01  0.1273E+02  0.1273E+02
  0.1658E+00  0.1307E+02  0.2439E+01  0.1267E+02  0.1267E+02
  0.1668E+00  0.1411E+02  0.2401E+01  0.1261E+02  0.1261E+02
  0.1677E+00  0.1231E+02  0.2463E+01  0.1256E+02  0.1256E+02
  0.1686E+00  0.1326E+02  0.2368E+01  0.1251E+02  0.1251E+02
  0.1696E+00  0.1413E+02  0.2433E+01  0.1247E+02  0.1247E+02
  0.1705E+00  0.1509E+02  0.2371E+01  0.1242E+02  0.1242E+02
  0.1714E+00  0.1492E+02  0.2424E+01  0.1239E+02  0.1239E+02
  0.1723E+00  0.1745E+02  0.2453E+01  0.1235E+02  0.1235E+02
  0.1733E+00  0.1499E+02  0.2388E+01  0.1231E+02  0.1231E+02
  0.1742E+00  0.1392E+02  0.2391E+01  0.1228E+02  0.1228E+02
  0.1751E+00  0.8480E+01  0.2354E+01  0.1224E+02  0.1224E+02
  0.1761E+00  0.1408E+02  0.2441E+01  0.1220E+02  0.1220E+02
  0.1770E+00  0.9440E+01  0.2455E+01  0.1216E+02  0.1216E+02
  0.1779E+00  0.1025E+02  0.2382E+01  0.1212E+02  0.1212E+02
  0.1788E+00  0.9660E+01  0.2433E+01  0.1208E+02  0.1208E+02
  0.1798E+00  0.4710E+01  0.2330E+01  0.1204E+02  0.1204E+02
  0.1807E+00  0.4560E+01  0.2358E+01  0.1199E+02  0.1199E+02
  0.1816E+00  0.6370E+01  0.2410E+01  0.1194E+02  0.1194E+02
  0.1826E+00  0.9980E+01  0.2396E+01  0.1189E+02  0.1189E+02
  0.1835E+00  0.8430E+01  0.2413E+01  0.1184E+02  0.1184E+02
  0.1844E+00  0.8880E+01  0.2369E+01  0.1178E+02  0.1178E+02
  0.1854E+00  0.1539E+02  0.2409E+01  0.1172E+02  0.1172E+02
  0.1863E+00  0.1496E+02  0.2376E+01  0.1165E+02  0.1165E+02
  0.1872E+00  0.7400E+01  0.2375E+01  0.1158E+02  0.1158E+02
  0.1881E+00  0.8530E+01  0.2361E+01  0.1151E+02  0.1151E+02
  0.1891E+00  0.9210E+01  0.2390E+01  0.1144E+02  0.1144E+02
  0.1900E+00  0.1508E+02  0.2450E+01  0.1136E+02  0.1136E+02
  0.1909E+00  0.1552E+02  0.2411E+01  0.1128E+02  0.1128E+02
  0.1919E+00  0.1287E+02  0.2367E+01  0.1119E+02  0.1119E+02
  0.1928E+00  0.9460E+01  0.2359E+01  0.1110E+02  0.1110E+02
  0.1937E+00  0.9750E+01  0.2359E+01  0.1101E+02  0.1101E+02
  0.1947E+00  0.9360E+01  0.2412E+01  0.1092E+02  0.1092E+02
  0.1956E+00  0.1057E+02  0.2314E+01  0.1083E+02  0.1083E+02
  0.1965E+00  0.7020E+01  0.2274E+01  0.1073E+02  0.1073E+02
  0.1974E+00  0.7530E+01  0.2322E+01  0.1063E+02  0.1063E+02
  0.1984E+00  0.7670E+01  0.2327E+01  0.1053E+02  0.1053E+02
  0.1993E+00  0.6450E+01  0.2397E+01  0.1043E+02  0.1043E+02
  0.2002E+00  0.9500E+01  0.2368E+01  0.1033E+02  0.1033E+02
  0.2012E+00  0.8000E+01  0.2445E+01  0.1023E+02  0.1023E+02
  0.2021E+00  0.6310E+01  0.2426E+01  0.1012E+02  0.1012E+02
  0.2030E+00  0.6720E+01  0.2337E+01  0.1002E+02  0.1002E+02
  0.2039E+00  0.1266E+02  0.2366E+01  0.9916E+01  0.9916E+01
  0.2049E+00  0.1171E+02  0.2321E+01  0.9814E+01  0.9814E+01
  0.2058E+00  0.1431E+02  0.2354E+01  0.9713E+01  0.9713E+01
  0.2067E+00  0.1104E+02  0.2314E+01  0.9612E+01  0.9612E+01
  0.2077E+00  0.1534E+02  0.2334E+01  0.9513E+01  0.9513E+01
  0.2086E+00  0.1396E+02  0.2320E+01  0.9416E+01  0.9416E+01
  0.2095E+00  0.1055E+02  0.2371E+01  0.9321E+01  0.9321E+01
  0.2105E+00  0.6460E+01  0.2401E+01  0.9227E+01  0.9227E+01
  0.2114E+00  0.8800E+01  0.2301E+01  0.9136E+01  0.9136E+01
  0.2123E+00  0.6590E+01  0.2375E+01  0.9047E+01  0.9047E+01
  0.2132E+00  0.6730E+01  0.2412E+01  0.8961E+01  0.8961E+01
  0.2142E+00  0.8460E+01  0.2435E+01  0.8878E+01  0.8878E+01
  0.2151E+00  0.9410E+01  0.2429E+01  0.8798E+01  0.8798E+01
  0.2160E+00  0.8090E+01  0.2422E+01  0.8721E+01  0.8721E+01
  0.2170E+00  0.1150E+02  0.2486E+01  0.8647E+01  0.8647E+01
  0.2179E+00  0.1013E+02  0.2422E+01  0.8576E+01  0.8576E+01
  0.2188E+00  0.6780E+01  0.2440E+01  0.8509E+01  0.8509E+01
  0.2198E+00  0.5900E+00  0.2414E+01  0.8445E+01  0.8445E+01
  0.2207E+00  0.8340E+01  0.2488E+01  0.8385E+01  0.8385E+01
  0.2216E+00  0.5140E+01  0.2529E+01  0.8328E+01  0.8328E+01
  0.2225E+00  0.4250E+01  0.2530E+01  0.8274E+01  0.8274E+01
  0.2235E+00  0.1400E+01  0.2548E+01  0.8224E+01  0.8224E+01
  0.2244E+00  0.7750E+01  0.2547E+01  0.8177E+01  0.8177E+01
  0.2253E+00  0.1225E+02  0.2561E+01  0.8134E+01  0.8134E+01
  0.2263E+00  0.1047E+02  0.2626E+01  0.8093E+01  0.8093E+01
  0.2272E+00  0.8420E+01  0.2540E+01  0.8056E+01  0.8056E+01
  0.2281E+00  0.8330E+01  0.2568E+01  0.8022E+01  0.8022E+01
  0.2290E+00  0.9730E+01  0.2727E+01  0.7991E+01  0.7991E+01
  0.2300E+00  0.8770E+01  0.2596E+01  0.7962E+01  0.7962E+01
  0.2309E+00  0.9790E+01  0.2567E+01  0.7936E+01  0.7936E+01
  0.2318E+00  0.1119E+02  0.2539E+01  0.7913E+01  0.7913E+01
  0.2328E+00  0.9460E+01  0.2604E+01  0.7891E+01  0.7891E+01
  0.2337E+00  0.5870E+01  0.2624E+01  0.7872E+01  0.7872E+01
  0.2346E+00  0.6300E+01  0.2549E+01  0.7855E+01  0.7855E+01
  0.2356E+00  0.8660E+01  0.2645E+01  0.7839E+01  0.7839E+01
  0.2365E+00  0.5920E+01  0.2589E+01  0.7825E+01  0.7825E+01
  0.2374E+00  0.3630E+01  0.2628E+01  0.7812E+01  0.7812E+01
  0.2383E+00  0.4870E+01  0.2607E+01  0.7801E+01  0.7801E+01
  0.2393E+00  0.6220E+01  0.2693E+01  0.7790E+01  0.7790E+01
  0.2402E+00  0.3690E+01  0.2596E+01  0.7780E+01  0.7780E+01
  0.2411E+00  0.4020E+01  0.2655E+01  0.7770E+01  0.7770E+01
  0.2421E+00  0.3320E+01  0.2661E+01  0.7761E+01  0.7761E+01
  0.2430E+00  0.1800E+01  0.2693E+01  0.7752E+01  0.7752E+01
  0.2439E+00  0.7950E+01  0.2721E+01  0.7743E+01  0.7743E+01
  0.2449E+00  0.7970E+01  0.2732E+01  0.7734E+01  0.7734E+01
  0.2458E+00  0.1465E+02  0.2710E+01  0.7725E+01  0.7725E+01
  0.2467E+00  0.6990E+01  0.2654E+01  0.7715E+01  0.7715E+01
  0.2476E+00  0.6840E+01  0.2735E+01  0.7704E+01  0.7704E+01
  0.2486E+00  0.6700E+01  0.2723E+01  0.7693E+01  0.7693E+01
  0.2495E+00  0.5290E+01  0.2757E+01  0.7680E+01  0.7680E+01
  0.2504E+00  0.1009E+02  0.2792E+01  0.7667E+01  0.7667E+01
  0.2514E+00  0.9500E+01  0.2786E+01  0.7652E+01  0.7652E+01
  0.2523E+00  0.5740E+01  0.2841E+01  0.7636E+01  0.7636E+01
  0.2532E+00  0.6250E+01  0.2889E+01  0.7619E+01  0.7619E+01
  0.2541E+00  0.1164E+02  0.2846E+01  0.7601E+01  0.7601E+01
  0.2551E+00  0.1227E+02  0.2911E+01  0.7581E+01  0.7581E+01
  0.2560E+00  0.9660E+01  0.2876E+01  0.7559E+01  0.7559E+01
  0.2569E+00  0.1018E+02  0.2935E+01  0.7537E+01  0.7537E+01
  0.2579E+00  0.6260E+01  0.3029E+01  0.7512E+01  0.7512E+01
  0.2588E+00  0.8460E+01  0.2994E+01  0.7486E+01  0.7486E+01
  0.2597E+00  0.2530E+01  0.3057E+01  0.7459E+01  0.7459E+01
  0.2607E+00  0.5890E+01  0.2919E+01  0.7430E+01  0.7430E+01
  0.2616E+00  0.1221E+02  0.3066E+01  0.7399E+01  0.7399E+01
  0.2625E+00  0.7570E+01  0.3071E+01  0.7367E+01  0.7367E+01
  0.2634E+00  0.4310E+01  0.3046E+01  0.7334E+01  0.7334E+01
  0.2644E+00  0.2240E+01  0.3012E+01  0.7300E+01  0.7300E+01
  0.2653E+00  0.6250E+01  0.2948E+01  0.7264E+01  0.7264E+01
  0.2662E+00  0.1152E+02  0.2992E+01  0.7227E+01  0.7227E+01
  0.2672E+00  0.7400E+01  0.2915E+01  0.7189E+01  0.7189E+01
  0.2681E+00  0.8260E+01  0.3026E+01  0.7150E+01  0.7150E+01
  0.2690E+00  0.6980E+01  0.3053E+01  0.7110E+01  0.7110E+01
  0.2700E+00  0.1005E+02  0.2969E+01  0.7070E+01  0.7070E+01
  0.2709E+00  0.1067E+02  0.2993E+01  0.7028E+01  0.7028E+01
  0.2718E+00  0.5700E+01  0.2968E+01  0.6986E+01  0.6986E+01
  0.2727E+00  0.9210E+01  0.3074E+01  0.6944E+01  0.6944E+01
  0.2737E+00  0.1095E+02  0.3066E+01  0.6901E+01  0.6901E+01
  0.2746E+00  0.5220E+01  0.3072E+01  0.6859E+01  0.6859E+01
  0.2755E+00  0.1910E+01  0.3138E+01  0.6816E+01  0.6816E+01
  0.2765E+00  0.8160E+01  0.3159E+01  0.6773E+01  0.6773E+01
  0.2774E+00  0.1043E+02  0.3175E+01  0.6730E+01  0.6730E+01
  0.2783E+00  0.1537E+02  0.3179E+01  0.6687E+01  0.6687E+01
  0.2792E+00  0.4970E+01  0.3183E+01  0.6645E+01  0.6645E+01
  0.2802E+00  0.8520E+01  0.3142E+01  0.6603E+01  0.6603E+01
  0.2811E+00  0.6850E+01  0.3231E+01  0.6562E+01  0.6562E+01
  0.2820E+00  0.7680E+01  0.3118E+01  0.6521E+01  0.6521E+01
  0.2830E+00  0.6780E+01  0.3154E+01  0.6481E+01  0.6481E+01
  0.2839E+00  0.4420E+01  0.3153E+01  0.6442E+01  0.6442E+01
  0.2848E+00  0.5860E+01  0.3155E+01  0.6404E+01  0.6404E+01
  0.2858E+00  0.8530E+01  0.3067E+01  0.6367E+01  0.6367E+01
  0.2867E+00  0.9830E+01  0.3070E+01  0.6331E+01  0.6331E+01
  0.2876E+00  0.3120E+01  0.3059E+01  0.6296E+01  0.6296E+01
  0.2885E+00  0.7180E+01  0.3117E+01  0.6262E+01  0.6262E+01
  0.2895E+00  0.1084E+02  0.3066E+01  0.6230E+01  0.6230E+01
  0.2904E+00  0.1500E+02  0.3053E+01  0.6198E+01  0.6198E+01
  0.2913E+00  0.1186E+02  0.3096E+01  0.6168E+01  0.6168E+01
  0.2923E+00  0.6520E+01  0.3076E+01  0.6139E+01  0.6139E+01
  0.2932E+00  0.6330E+01  0.3135E+01  0.6112E+01  0.6112E+01
  0.2941E+00  0.5990E+01  0.2939E+01  0.6085E+01  0.6085E+01
  0.2951E+00  0.8720E+01  0.3072E+01  0.6060E+01  0.6060E+01
  0.2960E+00  0.6180E+01  0.3025E+01  0.6036E+01  0.6036E+01
  0.2969E+00  0.3550E+01  0.3154E+01  0.6014E+01  0.6014E+01
  0.2978E+00  0.6380E+01  0.3087E+01  0.5992E+01  0.5992E+01
  0.2988E+00  0.4990E+01  0.3143E+01  0.5972E+01  0.5972E+01
  0.2997E+00  0.8730E+01  0.3249E+01  0.5954E+01  0.5954E+01
  0.3006E+00  0.9780E+01  0.3189E+01  0.5935E+01  0.5935E+01
  0.3016E+00  0.1025E+02  0.3167E+01  0.5918E+01  0.5918E+01
  0.3025E+00  0.8550E+01  0.3161E+01  0.5902E+01  0.5902E+01
  0.3034E+00  0.3610E+01  0.3213E+01  0.5887E+01  0.5887E+01
  0.3043E+00  0.5350E+01  0.3244E+01  0.5872E+01  0.5872E+01
  0.3053E+00  0.6530E+01  0.3219E+01  0.5859E+01  0.5859E+01
  0.3062E+00  0.5460E+01  0.3137E+01  0.5846E+01  0.5846E+01
  0.3071E+00  0.9090E+01  0.3275E+01  0.5833E+01  0.5833E+01
  0.3081E+00  0.8760E+01  0.3258E+01  0.5821E+01  0.5821E+01
  0.3090E+00  0.2880E+01  0.3156E+01  0.5810E+01  0.5810E+01
  0.3099E+00  0.1850E+01  0.3117E+01  0.5799E+01  0.5799E+01
  0.3109E+00  0.3720E+01  0.3122E+01  0.5788E+01  0.5788E+01
  0.3118E+00  0.7020E+01  0.3117E+01  0.5777E+01  0.5777E+01
  0.3127E+00  0.7910E+01  0.3232E+01  0.5767E+01  0.5767E+01
  0.3136E+00  0.5720E+01  0.3209E+01  0.5756E+01  0.5756E+01
  0.3146E+00  0.9620E+01  0.3222E+01  0.5746E+01  0.5746E+01
  0.3155E+00  0.5010E+01  0.3205E+01  0.5735E+01  0.5735E+01
  0.3164E+00  0.1055E+02  0.3113E+01  0.5724E+01  0.5724E+01
  0.3174E+00  0.1025E+02  0.3130E+01  0.5713E+01  0.5713E+01
  0.3183E+00  0.1504E+02  0.3204E+01  0.5701E+01  0.5701E+01
  0.3192E+00  0.1282E+02  0.3082E+01  0.5689E+01  0.5689E+01
  0.3202E+00  0.3450E+01  0.3164E+01  0.5677E+01  0.5677E+01
  0.3211E+00  0.1001E+00  0.3173E+01  0.5664E+01  0.5664E+01
  0.3220E+00  0.5040E+01  0.3199E+01  0.5650E+01  0.5650E+01
  0.3229E+00  0.7670E+01  0.3147E+01  0.5636E+01  0.5636E+01
  0.3239E+00  0.8210E+01  0.3044E+01  0.5621E+01  0.5621E+01
  0.3248E+00  0.8450E+01  0.3135E+01  0.5606E+01  0.5606E+01
  0.3257E+00  0.6220E+01  0.3077E+01  0.5590E+01  0.5590E+01
  0.3267E+00  0.5050E+01  0.3227E+01  0.5573E+01  0.5573E+01
  0.3276E+00  0.5430E+01  0.3145E+01  0.5556E+01  0.5556E+01
  0.3285E+00  0.8310E+01  0.3126E+01  0.5537E+01  0.5537E+01
  0.3294E+00  0.1135E+02  0.3109E+01  0.5518E+01  0.5518E+01
  0.3304E+00  0.6960E+01  0.3070E+01  0.5499E+01  0.5499E+01
  0.3313E+00  0.3560E+01  0.3141E+01  0.5478E+01  0.5478E+01
  0.3322E+00  0.4910E+01  0.3178E+01  0.5457E+01  0.5457E+01
  0.3332E+00  0.4350E+01  0.3170E+01  0.5435E+01  0.5435E+01
  0.3341E+00  0.3830E+01  0.3136E+01  0.5413E+01  0.5413E+01
  0.3350E+00  0.9300E+01  0.3194E+01  0.5390E+01  0.5390E+01
  0.3360E+00  0.1208E+02  0.3090E+01  0.5366E+01  0.5366E+01
  0.3369E+00  0.4540E+01  0.3163E+01  0.5341E+01  0.5341E+01
  0.3378E+00  0.6310E+01  0.3142E+01  0.5317E+01  0.5317E+01
  0.3387E+00  0.8520E+01  0.3126E+01  0.5292E+01  0.5292E+01
  0.3397E+00  0.4340E+01  0.3148E+01  0.5266E+01  0.5266E+01
  0.3406E+00  0.2830E+01  0.3135E+01  0.5240E+01  0.5240E+01
  0.3415E+00  0.4630E+01  0.3151E+01  0.5213E+01  0.5213E+01
  0.3425E+00  0.6370E+01  0.3200E+01  0.5187E+01  0.5187E+01
  0.3434E+00  0.2950E+01  0.3144E+01  0.5160E+01  0.5160E+01
  0.3443E+00  0.7930E+01  0.3133E+01  0.5133E+01  0.5133E+01
  0.3453E+00  0.1188E+02  0.3103E+01  0.5106E+01  0.5106E+01
  0.3462E+00  0.7760E+01  0.3135E+01  0.5079E+01  0.5079E+01
  0.3471E+00  0.4920E+01  0.3128E+01  0.5052E+01  0.5052E+01
  0.3480E+00  0.6250E+01  0.3152E+01  0.5025E+01  0.5025E+01
  0.3490E+00  0.9890E+01  0.3186E+01  0.4998E+01  0.4998E+01
  0.3499E+00  0.1435E+02  0.3131E+01  0.4972E+01  0.4972E+01
  0.3508E+00  0.1141E+02  0.3144E+01  0.4945E+01  0.4945E+01
  0.3518E+00  0.6110E+01  0.3115E+01  0.4919E+01  0.4919E+01
  0.3527E+00  0.3520E+01  0.3183E+01  0.4894E+01  0.4894E+01
  0.3536E+00  0.8390E+01  0.3239E+01  0.4868E+01  0.4868E+01
  0.3545E+00  0.6840E+01  0.3161E+01  0.4844E+01  0.4844E+01
  0.3555E+00  0.8410E+01  0.3156E+01  0.4819E+01  0.4819E+01
  0.3564E+00 -0.1090E+01  0.3266E+01  0.4796E+01  0.4796E+01
  0.3573E+00 -0.3150E+01  0.3162E+01  0.4772E+01  0.4772E+01
  0.3583E+00  0.4840E+01  0.3142E+01  0.4750E+01  0.4750E+01
  0.3592E+00  0.7420E+01  0.3112E+01  0.4728E+01  0.4728E+01
  0.3601E+00  0.6300E+00  0.3133E+01  0.4706E+01  0.4706E+01
  0.3611E+00  0.1800E+01  0.3181E+01  0.4686E+01  0.4686E+01
  0.3620E+00  0.1028E+02  0.3186E+01  0.4665E+01  0.4665E+01
  0.3629E+00  0.7960E+01  0.3027E+01  0.4646E+01  0.4646E+01
  0.3638E+00  0.6760E+01  0.3110E+01  0.4627E+01  0.4627E+01
  0.3648E+00  0.6030E+01  0.3053E+01  0.4609E+01  0.4609E+01
  0.3657E+00  0.3380E+01  0.3000E+01  0.4592E+01  0.4592E+01
  0.3666E+00  0.7710E+01  0.2979E+01  0.4575E+01  0.4575E+01
  0.3676E+00  0.8060E+01  0.3003E+01  0.4559E+01  0.4559E+01
  0.3685E+00  0.3350E+01  0.3022E+01  0.4544E+01  0.4544E+01
  0.3694E+00  0.9120E+01  0.2949E+01  0.4529E+01  0.4529E+01
  0.3704E+00  0.1099E+02  0.3026E+01  0.4515E+01  0.4515E+01
  0.3713E+00  0.9220E+01  0.3041E+01  0.4501E+01  0.4501E+01
  0.3722E+00  0.8310E+01  0.3021E+01  0.4488E+01  0.4488E+01
  0.3731E+00  0.7960E+01  0.3049E+01  0.4475E+01  0.4475E+01
  0.3741E+00  0.8370E+01  0.3040E+01  0.4463E+01  0.4463E+01
  0.3750E+00  0.1240E+01  0.3045E+01  0.4451E+01  0.4451E+01
  0.3759E+00  0.4570E+01  0.3065E+01  0.4440E+01  0.4440E+01
  0.3769E+00  0.5680E+01  0.2974E+01  0.4429E+01  0.4429E+01
  0.3778E+00  0.6420E+01  0.3044E+01  0.4418E+01  0.4418E+01
  0.3787E+00  0.1750E+01  0.3095E+01  0.4408E+01  0.4408E+01
  0.3796E+00  0.1010E+02  0.3145E+01  0.4398E+01  0.4398E+01
  0.3806E+00  0.1432E+02  0.3007E+01  0.4388E+01  0.4388E+01
  0.3815E+00  0.9540E+01  0.2894E+01  0.4378E+01  0.4378E+01
  0.3824E+00  0.5960E+01  0.2922E+01  0.4368E+01  0.4368E+01
  0.3834E+00  0.1008E+02  0.2873E+01  0.4358E+01  0.4358E+01
  0.3843E+00  0.8270E+01  0.3062E+01  0.4348E+01  0.4348E+01
  0.3852E+00  0.1226E+02  0.3012E+01  0.4339E+01  0.4339E+01
  0.3862E+00  0.9910E+01  0.2981E+01  0.4329E+01  0.4329E+01
  0.3871E+00  0.4990E+01  0.3006E+01  0.4319E+01  0.4319E+01
  0.3880E+00  0.4270E+01  0.3000E+01  0.4308E+01  0.4308E+01
  0.3889E+00  0.1750E+01  0.3031E+01  0.4298E+01  0.4298E+01
  0.3899E+00  0.9240E+01  0.3077E+01  0.4287E+01  0.4287E+01
  0.3908E+00  0.8120E+01  0.3145E+01  0.4276E+01  0.4276E+01
  0.3917E+00  0.7830E+01  0.3146E+01  0.4265E+01  0.4265E+01
  0.3927E+00  0.7800E+01  0.3114E+01  0.4254E+01  0.4254E+01
  0.3936E+00  0.2860E+01  0.3185E+01  0.4241E+01  0.4241E+01
  0.3945E+00  0.3950E+01  0.3211E+01  0.4229E+01  0.4229E+01
  0.3955E+00  0.4570E+01  0.3266E+01  0.4217E+01  0.4217E+01
  0.3964E+00  0.9310E+01  0.3133E+01  0.4204E+01  0.4204E+01
  0.3973E+00  0.7660E+01  0.3212E+01  0.4190E+01  0.4190E+01
  0.3982E+00  0.5050E+01  0.3136E+01  0.4176E+01  0.4176E+01
  0.3992E+00  0.4220E+01  0.3045E+01  0.4162E+01  0.4162E+01
  0.4001E+00  0.6600E+01  0.2990E+01  0.4147E+01  0.4147E+01
  0.4010E+00  0.8880E+01  0.2994E+01  0.4132E+01  0.4132E+01
  0.4020E+00  0.6870E+01  0.3000E+01  0.4117E+01  0.4117E+01
  0.4029E+00  0.6340E+01  0.3152E+01  0.4101E+01  0.4101E+01
  0.4038E+00  0.5120E+01  0.3106E+01  0.4084E+01  0.4084E+01
  0.4047E+00  0.5005E-01  0.3137E+01  0.4068E+01  0.4068E+01
  0.4057E+00  0.1198E+02  0.3181E+01  0.4051E+01  0.4051E+01
  0.4066E+00  0.1346E+02  0.3257E+01  0.4033E+01  0.4033E+01
  0.4075E+00  0.3390E+01  0.3260E+01  0.4016E+01  0.4016E+01
  0.4085E+00  0.2740E+01  0.3175E+01  0.3997E+01  0.3997E+01
  0.4094E+00  0.9270E+01  0.3140E+01  0.3979E+01  0.3979E+01
  0.4103E+00  0.1076E+02  0.3239E+01  0.3961E+01  0.3961E+01
  0.4113E+00  0.8370E+01  0.3150E+01  0.3942E+01  0.3942E+01
  0.4122E+00  0.8060E+01  0.3092E+01  0.3923E+01  0.3923E+01
  0.4131E+00  0.5070E+01  0.3068E+01  0.3904E+01  0.3904E+01
  0.4140E+00  0.3600E+01  0.3086E+01  0.3885E+01  0.3885E+01
  0.4150E+00  0.9860E+01  0.3103E+01  0.3866E+01  0.3866E+01
  0.4159E+00  0.1039E+02  0.3150E+01  0.3846E+01  0.3846E+01
  0.4168E+00  0.6630E+01  0.3231E+01  0.3827E+01  0.3827E+01
  0.4178E+00  0.6610E+01  0.3197E+01  0.3808E+01  0.3808E+01
  0.4187E+00  0.7300E+01  0.3320E+01  0.3788E+01  0.3788E+01
  0.4196E+00  0.9560E+01  0.3338E+01  0.3769E+01  0.3769E+01
  0.4206E+00  0.7360E+01  0.3180E+01  0.3750E+01  0.3750E+01
  0.4215E+00  0.1630E+01  0.3279E+01  0.3731E+01  0.3731E+01
  0.4224E+00  0.1236E+02  0.3209E+01  0.3713E+01  0.3713E+01
  0.4233E+00  0.1562E+02  0.3304E+01  0.3694E+01  0.3694E+01
  0.4243E+00  0.1258E+02  0.3312E+01  0.3676E+01  0.3676E+01
  0.4252E+00  0.9800E+01  0.3312E+01  0.3658E+01  0.3658E+01
  0.4261E+00  0.1434E+02  0.3279E+01  0.3640E+01  0.3640E+01
  0.4271E+00  0.1108E+02  0.3357E+01  0.3623E+01  0.3623E+01
  0.4280E+00 -0.2200E+01  0.3280E+01  0.3606E+01  0.3606E+01
  0.4289E+00 -0.1970E+01  0.3279E+01  0.3589E+01  0.3589E+01
  0.4298E+00  0.5180E+01  0.3156E+01  0.3573E+01  0.3573E+01
  0.4308E+00  0.7720E+01  0.3336E+01  0.3557E+01  0.3557E+01
  0.4317E+00  0.5970E+01  0.3260E+01  0.3541E+01  0.3541E+01
  0.4326E+00  0.1259E+02  0.3215E+01  0.3526E+01  0.3526E+01
  0.4336E+00  0.1061E+02  0.3219E+01  0.3511E+01  0.3511E+01
  0.4345E+00  0.1151E+02  0.3230E+01  0.3497E+01  0.3497E+01
  0.4354E+00  0.6010E+01  0.3240E+01  0.3483E+01  0.3483E+01
  0.4364E+00  0.6110E+01  0.3288E+01  0.3469E+01  0.3469E+01
  0.4373E+00  0.1267E+02  0.3264E+01  0.3456E+01  0.3456E+01
  0.4382E+00  0.1307E+02  0.3392E+01  0.3443E+01  0.3443E+01
  0.4391E+00  0.5500E+01  0.3440E+01  0.3430E+01  0.3430E+01
  0.4401E+00  0.7860E+01  0.3362E+01  0.3418E+01  0.3418E+01
  0.4410E+00  0.8130E+01  0.3429E+01  0.3407E+01  0.3407E+01
  0.4419E+00  0.6130E+01  0.3437E+01  0.3395E+01  0.3395E+01
  0.4429E+00  0.7580E+01  0.3366E+01  0.3384E+01  0.3384E+01
  0.4438E+00  0.1800E+01  0.3275E+01  0.3373E+01  0.3373E+01
  0.4447E+00  0.2410E+01  0.3284E+01  0.3363E+01  0.3363E+01
  0.4457E+00  0.3410E+01  0.3242E+01  0.3352E+01  0.3352E+01
  0.4466E+00  0.4390E+01  0.3288E+01  0.3342E+01  0.3342E+01
  0.4475E+00  0.2440E+01  0.3285E+01  0.3333E+01  0.3333E+01
  0.4484E+00  0.4240E+01  0.3332E+01  0.3323E+01  0.3323E+01
  0.4494E+00  0.1580E+01  0.3330E+01  0.3313E+01  0.3313E+01
  0.4503E+00  0.4200E+01  0.3372E+01  0.3304E+01  0.3304E+01
  0.4512E+00  0.4980E+01  0.3410E+01  0.3295E+01  0.3295E+01
  0.4522E+00 -0.7100E+00  0.3307E+01  0.3285E+01  0.3285E+01
  0.4531E+00  0.1151E+02  0.3467E+01  0.3276E+01  0.3276E+01
  0.4540E+00  0.1532E+02  0.3472E+01  0.3267E+01  0.3267E+01
  0.4550E+00  0.1900E+02  0.3490E+01  0.3258E+01  0.3258E+01
  0.4559E+00  0.6330E+01  0.3437E+01  0.3249E+01  0.3249E+01
  0.4568E+00  0.6490E+01  0.3543E+01  0.3240E+01  0.3240E+01
  0.4577E+00  0.1285E+02  0.3465E+01  0.3230E+01  0.3230E+01
  0.4587E+00  0.1784E+02  0.3472E+01  0.3221E+01  0.3221E+01
  0.4596E+00  0.1499E+02  0.3399E+01  0.3211E+01  0.3211E+01
  0.4605E+00  0.6000E+01  0.3395E+01  0.3202E+01  0.3202E+01
  0.4615E+00  0.5990E+01  0.3337E+01  0.3192E+01  0.3192E+01
  0.4624E+00  0.8860E+01  0.3414E+01  0.3182E+01  0.3182E+01
  0.4633E+00  0.1034E+02  0.3381E+01  0.3172E+01  0.3172E+01
  0.4642E+00  0.9140E+01  0.3426E+01  0.3161E+01  0.3161E+01
  0.4652E+00  0.5750E+01  0.3299E+01  0.3151E+01  0.3151E+01
  0.4661E+00  0.1529E+02  0.3308E+01  0.3141E+01  0.3141E+01
  0.4670E+00  0.1493E+02  0.3421E+01  0.3129E+01  0.3129E+01

           Distance distribution  function of particle  


       R          P(R)      ERROR

  0.0000E+00  0.0000E+00  0.0000E+00
  0.8988E+00  0.4698E-01  0.8683E-03
  0.1798E+01  0.9019E-01  0.1424E-02
  0.2696E+01  0.1302E+00  0.1706E-02
  0.3595E+01  0.1677E+00  0.1777E-02
  0.4494E+01  0.2038E+00  0.1719E-02
  0.5393E+01  0.2396E+00  0.1633E-02
  0.6292E+01  0.2764E+00  0.1616E-02
  0.7190E+01  0.3151E+00  0.1712E-02
  0.8089E+01  0.3568E+00  0.1893E-02
  0.8988E+01  0.4021E+00  0.2095E-02
  0.9887E+01  0.4514E+00  0.2270E-02
  0.1079E+02  0.5048E+00  0.2394E-02
  0.1168E+02  0.5620E+00  0.2469E-02
  0.1258E+02  0.6226E+00  0.2513E-02
  0.1348E+02  0.6859E+00  0.2553E-02
  0.1438E+02  0.7510E+00  0.2614E-02
  0.1528E+02  0.8170E+00  0.2707E-02
  0.1618E+02  0.8829E+00  0.2833E-02
  0.1708E+02  0.9478E+00  0.2980E-02
  0.1798E+02  0.1011E+01  0.3132E-02
  0.1887E+02  0.1072E+01  0.3273E-02
  0.1977E+02  0.1130E+01  0.3394E-02
  0.2067E+02  0.1184E+01  0.3489E-02
  0.2157E+02  0.1236E+01  0.3557E-02
  0.2247E+02  0.1283E+01  0.3599E-02
  0.2337E+02  0.1327E+01  0.3618E-02
  0.2427E+02  0.1367E+01  0.3621E-02
  0.2517E+02  0.1402E+01  0.3611E-02
  0.2607E+02  0.1434E+01  0.3596E-02
  0.2696E+02  0.1462E+01  0.3582E-02
  0.2786E+02  0.1486E+01  0.3571E-02
  0.2876E+02  0.1506E+01  0.3569E-02
  0.2966E+02  0.1521E+01  0.3573E-02
  0.3056E+02  0.1532E+01  0.3585E-02
  0.3146E+02  0.1539E+01  0.3601E-02
  0.3236E+02  0.1541E+01  0.3619E-02
  0.3326E+02  0.1539E+01  0.3638E-02
  0.3415E+02  0.1533E+01  0.3655E-02
  0.3505E+02  0.1524E+01  0.3670E-02
  0.3595E+02  0.1510E+01  0.3683E-02
  0.3685E+02  0.1493E+01  0.3692E-02
  0.3775E+02  0.1474E+01  0.3697E-02
  0.3865E+02  0.1451E+01  0.3699E-02
  0.3955E+02  0.1426E+01  0.3698E-02
  0.4045E+02  0.1399E+01  0.3696E-02
  0.4134E+02  0.1369E+01  0.3694E-02
  0.4224E+02  0.1338E+01  0.3696E-02
  0.4314E+02  0.1306E+01  0.3704E-02
  0.4404E+02  0.1272E+01  0.3724E-02
  0.4494E+02  0.1237E+01  0.3757E-02
  0.4584E+02  0.1201E+01  0.3805E-02
  0.4674E+02  0.1164E+01  0.3871E-02
  0.4764E+02  0.1127E+01  0.3953E-02
  0.4854E+02  0.1089E+01  0.4051E-02
  0.4943E+02  0.1051E+01  0.4161E-02
  0.5033E+02  0.1014E+01  0.4281E-02
  0.5123E+02  0.9765E+00  0.4405E-02
  0.5213E+02  0.9399E+00  0.4528E-02
  0.5303E+02  0.9039E+00  0.4647E-02
  0.5393E+02  0.8689E+00  0.4757E-02
  0.5483E+02  0.8348E+00  0.4854E-02
  0.5573E+02  0.8019E+00  0.4937E-02
  0.5662E+02  0.7701E+00  0.5004E-02
  0.5752E+02  0.7395E+00  0.5054E-02
  0.5842E+02  0.7102E+00  0.5088E-02
  0.5932E+02  0.6821E+00  0.5110E-02
  0.6022E+02  0.6552E+00  0.5120E-02
  0.6112E+02  0.6296E+00  0.5124E-02
  0.6202E+02  0.6051E+00  0.5124E-02
  0.6292E+02  0.5819E+00  0.5123E-02
  0.6381E+02  0.5597E+00  0.5125E-02
  0.6471E+02  0.5386E+00  0.5132E-02
  0.6561E+02  0.5185E+00  0.5143E-02
  0.6651E+02  0.4993E+00  0.5159E-02
  0.6741E+02  0.4809E+00  0.5178E-02
  0.6831E+02  0.4631E+00  0.5198E-02
  0.6921E+02  0.4460E+00  0.5216E-02
  0.7011E+02  0.4293E+00  0.5230E-02
  0.7101E+02  0.4130E+00  0.5237E-02
  0.7190E+02  0.3969E+00  0.5234E-02
  0.7280E+02  0.3809E+00  0.5219E-02
  0.7370E+02  0.3649E+00  0.5190E-02
  0.7460E+02  0.3488E+00  0.5146E-02
  0.7550E+02  0.3326E+00  0.5083E-02
  0.7640E+02  0.3160E+00  0.5001E-02
  0.7730E+02  0.2992E+00  0.4898E-02
  0.7820E+02  0.2820E+00  0.4769E-02
  0.7909E+02  0.2643E+00  0.4613E-02
  0.7999E+02  0.2461E+00  0.4427E-02
  0.8089E+02  0.2274E+00  0.4208E-02
  0.8179E+02  0.2080E+00  0.3954E-02
  0.8269E+02  0.1880E+00  0.3663E-02
  0.8359E+02  0.1673E+00  0.3333E-02
  0.8449E+02  0.1458E+00  0.2966E-02
  0.8539E+02  0.1236E+00  0.2560E-02
  0.8628E+02  0.1005E+00  0.2117E-02
  0.8718E+02  0.7664E-01  0.1638E-02
  0.8808E+02  0.5192E-01  0.1124E-02
  0.8898E+02  0.2637E-01  0.5781E-03
  0.8988E+02  0.0000E+00  0.0000E+00
          Reciprocal space: Rg =   30.47     , I(0) =   0.8764E+03
     Real space: Rg =   30.48 +- 0.050  I(0) =   0.8765E+03 +-  0.2108E+01
