
           ####    G N O M   ---   Version 4.5a revised 09/02/02     ####

                                                  Sun Nov  5 12:16:21 2017
           ===    Run No   1   ===
 Run title:  0.000330941 0 0


  Number of points omitted at the end:         104
   *******   Working Directory :
   *******    Input file(s) : 24697_01B_S110_0_01.sub
           Condition P(rmin) = 0 is used. 
           Condition P(rmax) = 0 is used. 

          Experimental conditions for the first run
          -----------------------------------------

          Highest ALPHA is found to be   0.6571E+00

  The measure of inconsistency AN1 equals to    0.1777E+01

          Warning: using the chosen range in the real space 
             it is not possible to fit the data set within the
             given error band. 
     Alpha    Discrp  Oscill  Stabil  Sysdev  Positv  Valcen    Total   
  0.6571E+03  7.8747  1.0794  0.3958  0.2745  1.0000  0.8784  0.00001
  0.1314E+03  7.4394  1.3888  0.3793  0.2702  0.9998  0.8064  0.00001
  0.2629E+02  7.0903  1.7893  0.3194  0.1220  0.9991  0.6668  0.00001
  0.5257E+01  6.7460  2.6057  0.4942  0.1961  0.9859  0.3985  0.00001
  0.1051E+01  6.4262  3.1284  0.2907  0.1612  0.9323  0.3617  0.00001
  0.2103E+00  6.2742  3.9809  0.6007  0.1438  0.9262  0.3770  0.00001
  0.4206E-01  5.9681  4.4948  0.7689  0.1874  0.8036  0.5261  0.00001
  0.8411E-02  5.5442  4.4040  0.3732  0.2004  0.7505  0.5409  0.00001
  0.1682E-02  5.3920  4.7773  0.2856  0.1307  0.7416  0.5177  0.00001
  0.3365E-03  5.2902  5.9187  0.8995  0.1656  0.7239  0.4631  0.00001
  0.6729E-04  4.9767  5.4453  0.7849  0.1743  0.6972  0.5403  0.00001
  0.1346E-04  4.5262  5.2803  0.3742  0.2048  0.6929  0.5512  0.00001
  0.2692E-05  4.3725  5.5352  0.1773  0.1699  0.6932  0.5527  0.00001
  0.5383E-06  4.3237  6.9086  0.7478  0.1612  0.6964  0.5624  0.00001
  0.1077E-06  4.1688  6.6195  0.9388  0.1786  0.7096  0.4942  0.00001
  0.2153E-07  3.7679  6.1840  0.6052  0.2658  0.7145  0.5101  0.00001
  0.4307E-08  3.4509  6.1927  0.2183  0.2440  0.7148  0.5124  0.00001
  0.8613E-09  3.3895  6.7662  0.2606  0.1830  0.7114  0.4989  0.00001
  0.1723E-09  3.3462  8.3664  0.9528  0.1656  0.7037  0.4791  0.00001
  0.3445E-10  3.1745  7.3658  0.9217  0.1917  0.6985  0.4664  0.00001
  0.6891E-11  2.7220  7.0216  0.5920  0.3007  0.6969  0.4814  0.00001
  0.1378E-11  2.3555  7.0520  0.2122  0.3007  0.6963  0.4790  0.10000
  0.2756E-12  2.2857  7.6139  0.2222  0.2832  0.6929  0.4864  0.10000
  0.5512E-13  2.2476  9.6455  0.8030  0.2745  0.7000  0.5586  0.10000
  0.1102E-13  2.1401  9.6823  0.7258  0.3181  0.7286  0.5544  0.10000
  0.2205E-14  1.9438 11.5714  0.4499  0.3791  0.7589  0.6022  0.10000
  0.4410E-15  1.6580 17.8801  0.3356  0.4052  0.7944  0.6622  0.10000
  0.8820E-16  1.1771 30.5138  0.3685  0.5185  0.8739  0.8014  0.10000
  0.1764E-16  0.5341 40.7403  0.2393  0.5098  0.9389  0.9106  0.10000
  0.3528E-17  0.1462 44.1233  0.0735  0.5011  0.9559  0.9387  0.10000
  0.7056E-18  0.0316 44.8862  0.0163  0.4924  0.9585  0.9435  0.30212
     Alpha    Discrp  Oscill  Stabil  Sysdev  Positv  Valcen    Total   
  0.7056E-18  0.0316 44.8862  0.0163  0.4924  0.9585  0.9435  0.30212



             ####            Final results            ####

 Parameter    DISCRP    OSCILL    STABIL    SYSDEV    POSITV    VALCEN
 Weight        1.000     3.000     3.000     4.000     1.000     1.000
 Sigma         0.500     0.600     0.120     0.200     0.120     0.120
 Ideal         1.000     1.100     0.000     1.000     1.000     0.950
 Current       0.032    44.886     0.016     0.492     0.959     0.943
                - - - - - - - - - - - - - - - - - - - - - - - - - 
 Estimate      0.023     0.000     0.982     0.002     0.888     0.997

  Angular   range    :     from    0.0078   to    0.4343
  Real space range   :     from      0.00   to     16.46

  Highest ALPHA (theor) :   0.657E+03                 JOB = 0
  Current ALPHA         :   0.706E-18   Rg :  0.377E+02   I(0) :   0.104E+03

           Total  estimate : 0.302  which is  A SUSPICIOUS  solution

      S          J EXP       ERROR       J REG       I REG

  0.0000E+00                                      0.1062E+03
  0.9707E-03                                      0.1157E+03
  0.1941E-02                                      0.1095E+03
  0.2912E-02                                      0.9671E+02
  0.3883E-02                                      0.8937E+02
  0.4853E-02                                      0.9589E+02
  0.5824E-02                                      0.1050E+03
  0.6795E-02                                      0.1172E+03
  0.7765E-02  0.1665E+03  0.4463E+02  0.1236E+03  0.1236E+03
  0.8695E-02  0.1242E+03  0.8098E+02  0.1214E+03  0.1214E+03
  0.9624E-02  0.8969E+02  0.4265E+02  0.1261E+03  0.1261E+03
  0.1055E-01  0.9121E+02  0.2800E+02  0.1286E+03  0.1286E+03
  0.1148E-01  0.1107E+03  0.1973E+02  0.1270E+03  0.1270E+03
  0.1241E-01  0.1433E+03  0.1597E+02  0.1269E+03  0.1269E+03
  0.1334E-01  0.1413E+03  0.1242E+02  0.1282E+03  0.1282E+03
  0.1427E-01  0.1340E+03  0.1030E+02  0.1223E+03  0.1223E+03
  0.1520E-01  0.1363E+03  0.8281E+01  0.1221E+03  0.1221E+03
  0.1613E-01  0.1353E+03  0.7352E+01  0.1235E+03  0.1235E+03
  0.1706E-01  0.1501E+03  0.7033E+01  0.1086E+03  0.1086E+03
  0.1799E-01  0.1450E+03  0.6380E+01  0.1315E+03  0.1315E+03
  0.1892E-01  0.1283E+03  0.6294E+01  0.1176E+03  0.1176E+03
  0.1985E-01  0.1370E+03  0.6067E+01  0.1208E+03  0.1208E+03
  0.2078E-01  0.1370E+03  0.5584E+01  0.1196E+03  0.1196E+03
  0.2170E-01  0.1275E+03  0.5601E+01  0.1166E+03  0.1166E+03
  0.2263E-01  0.1223E+03  0.5121E+01  0.1168E+03  0.1168E+03
  0.2356E-01  0.1396E+03  0.5318E+01  0.1180E+03  0.1180E+03
  0.2449E-01  0.1230E+03  0.4977E+01  0.1099E+03  0.1099E+03
  0.2542E-01  0.1198E+03  0.5027E+01  0.1077E+03  0.1077E+03
  0.2635E-01  0.1195E+03  0.4731E+01  0.1096E+03  0.1096E+03
  0.2728E-01  0.1230E+03  0.4563E+01  0.1072E+03  0.1072E+03
  0.2821E-01  0.1099E+03  0.4604E+01  0.1064E+03  0.1064E+03
  0.2914E-01  0.1119E+03  0.4351E+01  0.1094E+03  0.1094E+03
  0.3007E-01  0.1192E+03  0.4287E+01  0.1021E+03  0.1021E+03
  0.3100E-01  0.1205E+03  0.4158E+01  0.1051E+03  0.1051E+03
  0.3193E-01  0.1088E+03  0.3999E+01  0.1048E+03  0.1048E+03
  0.3286E-01  0.1090E+03  0.3961E+01  0.1030E+03  0.1030E+03
  0.3379E-01  0.1097E+03  0.3939E+01  0.1008E+03  0.1008E+03
  0.3472E-01  0.1120E+03  0.4013E+01  0.9102E+02  0.9102E+02
  0.3564E-01  0.1045E+03  0.3892E+01  0.9530E+02  0.9530E+02
  0.3657E-01  0.1016E+03  0.3802E+01  0.9225E+02  0.9225E+02
  0.3750E-01  0.9769E+02  0.3800E+01  0.8961E+02  0.8961E+02
  0.3843E-01  0.9105E+02  0.3752E+01  0.9064E+02  0.9064E+02
  0.3936E-01  0.8641E+02  0.3774E+01  0.8842E+02  0.8842E+02
  0.4029E-01  0.8213E+02  0.3543E+01  0.8951E+02  0.8951E+02
  0.4122E-01  0.8928E+02  0.3612E+01  0.8735E+02  0.8735E+02
  0.4215E-01  0.9349E+02  0.3561E+01  0.8808E+02  0.8808E+02
  0.4308E-01  0.8717E+02  0.3437E+01  0.8416E+02  0.8416E+02
  0.4401E-01  0.8566E+02  0.3412E+01  0.8391E+02  0.8391E+02
  0.4494E-01  0.8456E+02  0.3312E+01  0.8268E+02  0.8268E+02
  0.4587E-01  0.8255E+02  0.3269E+01  0.8010E+02  0.8010E+02
  0.4680E-01  0.8617E+02  0.3196E+01  0.7723E+02  0.7723E+02
  0.4773E-01  0.8195E+02  0.3188E+01  0.8062E+02  0.8062E+02
  0.4865E-01  0.7887E+02  0.3202E+01  0.7796E+02  0.7796E+02
  0.4958E-01  0.7681E+02  0.3047E+01  0.7492E+02  0.7492E+02
  0.5051E-01  0.7863E+02  0.3210E+01  0.7313E+02  0.7313E+02
  0.5144E-01  0.7977E+02  0.3113E+01  0.7143E+02  0.7143E+02
  0.5237E-01  0.7479E+02  0.3085E+01  0.7067E+02  0.7067E+02
  0.5330E-01  0.7175E+02  0.3079E+01  0.7051E+02  0.7051E+02
  0.5423E-01  0.7116E+02  0.2990E+01  0.6930E+02  0.6930E+02
  0.5516E-01  0.6483E+02  0.3157E+01  0.6907E+02  0.6907E+02
  0.5609E-01  0.6616E+02  0.2974E+01  0.6492E+02  0.6492E+02
  0.5702E-01  0.6324E+02  0.2973E+01  0.6520E+02  0.6520E+02
  0.5795E-01  0.6455E+02  0.2961E+01  0.6296E+02  0.6296E+02
  0.5888E-01  0.5836E+02  0.2866E+01  0.6164E+02  0.6164E+02
  0.5981E-01  0.5948E+02  0.2795E+01  0.5896E+02  0.5896E+02
  0.6074E-01  0.6072E+02  0.2793E+01  0.5997E+02  0.5997E+02
  0.6166E-01  0.5951E+02  0.2759E+01  0.5649E+02  0.5649E+02
  0.6259E-01  0.6096E+02  0.2794E+01  0.5887E+02  0.5887E+02
  0.6352E-01  0.5476E+02  0.2739E+01  0.5580E+02  0.5580E+02
  0.6445E-01  0.4764E+02  0.2707E+01  0.5341E+02  0.5341E+02
  0.6538E-01  0.4703E+02  0.2747E+01  0.5220E+02  0.5220E+02
  0.6631E-01  0.5202E+02  0.2711E+01  0.5366E+02  0.5366E+02
  0.6724E-01  0.4894E+02  0.2665E+01  0.5483E+02  0.5483E+02
  0.6817E-01  0.4638E+02  0.2690E+01  0.5276E+02  0.5276E+02
  0.6910E-01  0.4612E+02  0.2708E+01  0.4623E+02  0.4623E+02
  0.7003E-01  0.4346E+02  0.2595E+01  0.4693E+02  0.4693E+02
  0.7096E-01  0.4070E+02  0.2653E+01  0.4730E+02  0.4730E+02
  0.7189E-01  0.4077E+02  0.2552E+01  0.4310E+02  0.4310E+02
  0.7282E-01  0.3401E+02  0.2561E+01  0.4252E+02  0.4252E+02
  0.7375E-01  0.3238E+02  0.2492E+01  0.4196E+02  0.4196E+02
  0.7468E-01  0.3320E+02  0.2465E+01  0.3944E+02  0.3944E+02
  0.7560E-01  0.3713E+02  0.2496E+01  0.3977E+02  0.3977E+02
  0.7653E-01  0.3459E+02  0.2480E+01  0.3929E+02  0.3929E+02
  0.7746E-01  0.3140E+02  0.2469E+01  0.3703E+02  0.3703E+02
  0.7839E-01  0.2969E+02  0.2407E+01  0.3407E+02  0.3407E+02
  0.7932E-01  0.3482E+02  0.2449E+01  0.3674E+02  0.3674E+02
  0.8025E-01  0.2951E+02  0.2428E+01  0.3474E+02  0.3474E+02
  0.8118E-01  0.2751E+02  0.2439E+01  0.3149E+02  0.3149E+02
  0.8211E-01  0.2266E+02  0.2453E+01  0.3208E+02  0.3208E+02
  0.8304E-01  0.2255E+02  0.2387E+01  0.2892E+02  0.2892E+02
  0.8397E-01  0.2443E+02  0.2351E+01  0.3035E+02  0.3035E+02
  0.8490E-01  0.2335E+02  0.2368E+01  0.2999E+02  0.2999E+02
  0.8583E-01  0.2322E+02  0.2309E+01  0.2763E+02  0.2763E+02
  0.8676E-01  0.2677E+02  0.2282E+01  0.3546E+02  0.3546E+02
  0.8769E-01  0.2583E+02  0.2267E+01  0.2591E+02  0.2591E+02
  0.8861E-01  0.2788E+02  0.2280E+01  0.2491E+02  0.2491E+02
  0.8954E-01  0.2029E+02  0.2268E+01  0.2362E+02  0.2362E+02
  0.9047E-01  0.1669E+02  0.2230E+01  0.2334E+02  0.2334E+02
  0.9140E-01  0.1618E+02  0.2216E+01  0.2363E+02  0.2363E+02
  0.9233E-01  0.1500E+02  0.2223E+01  0.2170E+02  0.2170E+02
  0.9326E-01  0.1371E+02  0.2202E+01  0.1892E+02  0.1892E+02
  0.9419E-01  0.1551E+02  0.2187E+01  0.1857E+02  0.1857E+02
  0.9512E-01  0.1458E+02  0.2226E+01  0.1924E+02  0.1924E+02
  0.9605E-01  0.1478E+02  0.2229E+01  0.1837E+02  0.1837E+02
  0.9698E-01  0.1042E+02  0.2195E+01  0.1601E+02  0.1601E+02
  0.9791E-01  0.8012E+01  0.2194E+01  0.1503E+02  0.1503E+02
  0.9884E-01  0.1347E+02  0.2156E+01  0.1626E+02  0.1626E+02
  0.9977E-01  0.1251E+02  0.2178E+01  0.1578E+02  0.1578E+02
  0.1007E+00  0.1402E+02  0.2127E+01  0.1395E+02  0.1395E+02
  0.1016E+00  0.9494E+01  0.2088E+01  0.1218E+02  0.1218E+02
  0.1026E+00  0.9992E+01  0.2059E+01  0.1251E+02  0.1251E+02
  0.1035E+00  0.1397E+02  0.2012E+01  0.1161E+02  0.1161E+02
  0.1044E+00  0.9335E+01  0.2025E+01  0.1831E+02  0.1831E+02
  0.1053E+00  0.8180E+01  0.2016E+01  0.1033E+02  0.1033E+02
  0.1063E+00  0.1433E+02  0.2045E+01  0.1124E+02  0.1124E+02
  0.1072E+00  0.9710E+01  0.2048E+01  0.9792E+01  0.9792E+01
  0.1081E+00  0.7842E+01  0.2060E+01  0.6542E+01  0.6542E+01
  0.1091E+00  0.6257E+01  0.2055E+01  0.7519E+01  0.7519E+01
  0.1100E+00  0.3210E+01  0.1977E+01  0.5702E+01  0.5702E+01
  0.1109E+00  0.8698E+01  0.2029E+01  0.7124E+01  0.7124E+01
  0.1118E+00  0.1171E+02  0.2009E+01  0.7700E+01  0.7700E+01
  0.1128E+00  0.3669E+01  0.1999E+01  0.3574E+01  0.3574E+01
  0.1137E+00  0.2469E+01  0.2005E+01  0.4484E+01  0.4484E+01
  0.1146E+00  0.6582E+01  0.1920E+01  0.4697E+01  0.4697E+01
  0.1156E+00  0.7456E+01  0.1965E+01  0.4591E+01  0.4591E+01
  0.1165E+00  0.2625E+01  0.1932E+01  0.2684E+01  0.2684E+01
  0.1174E+00  0.2622E+01  0.1884E+01  0.2421E+01  0.2421E+01
  0.1184E+00  0.6397E+01  0.1931E+01  0.2925E+01  0.2925E+01
  0.1193E+00  0.2248E+01  0.1904E+01  0.1775E+01  0.1775E+01
  0.1202E+00  0.4938E+01  0.1918E+01  0.2906E+01  0.2906E+01
  0.1211E+00  0.7703E-01  0.1865E+01  0.2791E+01  0.2791E+01
  0.1221E+00 -0.1860E+00  0.1894E+01 -0.3587E+01 -0.3587E+01
  0.1230E+00  0.2764E+01  0.1902E+01  0.2770E+01  0.2770E+01
  0.1239E+00  0.1798E+01  0.1898E+01  0.2463E+01  0.2463E+01
  0.1249E+00 -0.9390E+00  0.1887E+01  0.1737E+00  0.1737E+00
  0.1258E+00 -0.6610E+00  0.1882E+01 -0.5532E+00 -0.5532E+00
  0.1267E+00  0.3103E+01  0.1881E+01 -0.1260E+01 -0.1260E+01
  0.1276E+00  0.2143E+01  0.1874E+01 -0.9735E+00 -0.9735E+00
  0.1286E+00  0.4882E+01  0.1863E+01  0.7938E+00  0.7938E+00
  0.1295E+00  0.3012E+01  0.1897E+01 -0.1555E+01 -0.1555E+01
  0.1304E+00  0.1430E+01  0.1852E+01 -0.6836E+00 -0.6836E+00
  0.1314E+00  0.9520E+00  0.1846E+01 -0.1859E+01 -0.1859E+01
  0.1323E+00  0.3029E+01  0.1833E+01 -0.1726E+01 -0.1726E+01
  0.1332E+00 -0.2710E+00  0.1811E+01 -0.2227E+01 -0.2227E+01
  0.1342E+00 -0.8980E+00  0.1811E+01 -0.1537E+01 -0.1537E+01
  0.1351E+00 -0.1730E+00  0.1797E+01 -0.2853E+01 -0.2853E+01
  0.1360E+00  0.8730E+00  0.1835E+01 -0.1926E+01 -0.1926E+01
  0.1369E+00 -0.1380E+00  0.1804E+01 -0.2924E+01 -0.2924E+01
  0.1379E+00  0.1694E+01  0.1807E+01 -0.2748E+01 -0.2748E+01
  0.1388E+00  0.1391E+01  0.1794E+01 -0.3461E+01 -0.3461E+01
  0.1397E+00  0.1740E+00  0.1788E+01 -0.9572E+00 -0.9572E+00
  0.1407E+00 -0.3134E+01  0.1766E+01 -0.3157E+01 -0.3157E+01
  0.1416E+00 -0.2301E-01  0.1737E+01 -0.1504E+01 -0.1504E+01
  0.1425E+00 -0.1330E+00  0.1777E+01 -0.5051E+00 -0.5051E+00
  0.1434E+00 -0.4180E+00  0.1757E+01 -0.2078E+00 -0.2078E+00
  0.1444E+00 -0.1829E+01  0.1777E+01 -0.2460E+01 -0.2460E+01
  0.1453E+00 -0.3010E+00  0.1748E+01 -0.9411E+00 -0.9411E+00
  0.1462E+00  0.1083E+01  0.2152E+01 -0.3025E+01 -0.3025E+01
  0.1472E+00 -0.1050E+01  0.1853E+01 -0.1302E+01 -0.1302E+01
  0.1481E+00  0.1371E+01  0.1731E+01 -0.8515E+00 -0.8515E+00
  0.1490E+00  0.1474E+01  0.1794E+01 -0.8143E+00 -0.8143E+00
  0.1499E+00  0.4410E+00  0.1768E+01 -0.1567E+01 -0.1567E+01
  0.1509E+00  0.2742E+01  0.1743E+01  0.5255E+00  0.5255E+00
  0.1518E+00  0.1402E+01  0.1789E+01 -0.3079E+01 -0.3079E+01
  0.1527E+00  0.2161E+01  0.1742E+01 -0.1772E+01 -0.1772E+01
  0.1537E+00  0.4490E+00  0.1756E+01 -0.1277E+01 -0.1277E+01
  0.1546E+00 -0.8450E+00  0.1733E+01 -0.4216E+00 -0.4216E+00
  0.1555E+00 -0.2550E+01  0.1717E+01 -0.7703E+00 -0.7703E+00
  0.1565E+00 -0.9950E+00  0.1709E+01 -0.4744E+01 -0.4744E+01
  0.1574E+00 -0.9560E+00  0.1694E+01 -0.1511E+00 -0.1511E+00
  0.1583E+00  0.1616E+01  0.1699E+01  0.6192E+00  0.6192E+00
  0.1592E+00  0.2003E+01  0.1670E+01 -0.6016E+00 -0.6016E+00
  0.1602E+00  0.5230E+00  0.1669E+01  0.3584E+00  0.3584E+00
  0.1611E+00 -0.3643E+01  0.1662E+01 -0.1335E+01 -0.1335E+01
  0.1620E+00  0.4728E+01  0.1652E+01  0.1946E+01  0.1946E+01
  0.1630E+00  0.3077E+01  0.1662E+01  0.5790E+00  0.5790E+00
  0.1639E+00  0.1199E+01  0.1647E+01  0.2584E+01  0.2584E+01
  0.1648E+00  0.6890E+00  0.1663E+01  0.2365E+01  0.2365E+01
  0.1657E+00  0.7480E+00  0.1669E+01  0.1633E+01  0.1633E+01
  0.1667E+00  0.2483E+01  0.1658E+01  0.8536E+00  0.8536E+00
  0.1676E+00  0.9180E+00  0.1688E+01  0.2907E+01  0.2907E+01
  0.1685E+00  0.2772E+01  0.1651E+01  0.6498E+00  0.6498E+00
  0.1695E+00  0.1041E+01  0.1684E+01  0.3252E+01  0.3252E+01
  0.1704E+00 -0.8250E+00  0.1669E+01  0.2173E+01  0.2173E+01
  0.1713E+00 -0.1370E+01  0.1706E+01  0.1465E+01  0.1465E+01
  0.1723E+00 -0.6040E+00  0.1677E+01  0.1024E-01  0.1024E-01
  0.1732E+00 -0.8240E+00  0.1650E+01  0.4978E+01  0.4978E+01
  0.1741E+00 -0.2991E+01  0.1654E+01 -0.3567E+01 -0.3567E+01
  0.1750E+00 -0.2682E+01  0.1655E+01  0.2484E+01  0.2484E+01
  0.1760E+00 -0.3490E+00  0.1624E+01  0.4076E+01  0.4076E+01
  0.1769E+00  0.6990E+00  0.1612E+01  0.4195E+01  0.4195E+01
  0.1778E+00 -0.1687E+01  0.1604E+01  0.2246E+01  0.2246E+01
  0.1788E+00  0.8250E+00  0.1593E+01  0.2916E+01  0.2916E+01
  0.1797E+00  0.1937E+01  0.1583E+01  0.2475E+01  0.2475E+01
  0.1806E+00  0.3325E+01  0.1584E+01  0.2607E+01  0.2607E+01
  0.1815E+00 -0.3329E+00  0.1564E+01  0.3558E+00  0.3558E+00
  0.1825E+00 -0.2340E+01  0.1594E+01 -0.1061E+01 -0.1061E+01
  0.1834E+00 -0.8280E+00  0.1597E+01  0.5563E+00  0.5563E+00
  0.1843E+00  0.1090E+01  0.1561E+01  0.2053E+01  0.2053E+01
  0.1853E+00  0.4915E+01  0.1576E+01  0.1343E+01  0.1343E+01
  0.1862E+00  0.2927E+01  0.1566E+01  0.1333E+01  0.1333E+01
  0.1871E+00  0.2862E+01  0.1580E+01  0.1891E+00  0.1891E+00
  0.1880E+00  0.2852E+01  0.1569E+01  0.1497E+01  0.1497E+01
  0.1890E+00  0.2123E+01  0.1558E+01  0.3081E+01  0.3081E+01
  0.1899E+00  0.2590E+01  0.1575E+01  0.2219E+01  0.2219E+01
  0.1908E+00  0.3407E+01  0.1527E+01 -0.6466E+01 -0.6466E+01
  0.1918E+00  0.2583E+01  0.1559E+01  0.1447E+01  0.1447E+01
  0.1927E+00  0.9900E-01  0.1528E+01 -0.2670E+00 -0.2670E+00
  0.1936E+00 -0.1384E+01  0.1538E+01 -0.7841E+00 -0.7841E+00
  0.1946E+00  0.4910E+00  0.1541E+01 -0.1497E+00 -0.1497E+00
  0.1955E+00  0.2649E+01  0.1537E+01  0.1118E+01  0.1118E+01
  0.1964E+00  0.6450E+00  0.1548E+01 -0.1113E+01 -0.1113E+01
  0.1973E+00 -0.1801E+01  0.1531E+01  0.4829E+00  0.4829E+00
  0.1983E+00 -0.7890E+00  0.1583E+01 -0.5318E+00 -0.5318E+00
  0.1992E+00  0.1040E+00  0.1545E+01  0.5388E+00  0.5388E+00
  0.2001E+00  0.2920E+00  0.1521E+01  0.3343E+00  0.3343E+00
  0.2011E+00  0.2990E+00  0.1566E+01  0.1203E+01  0.1203E+01
  0.2020E+00 -0.1135E+01  0.1509E+01 -0.1667E+01 -0.1667E+01
  0.2029E+00 -0.1640E+01  0.1543E+01 -0.8676E+00 -0.8676E+00
  0.2038E+00 -0.3580E+01  0.1502E+01 -0.2584E+01 -0.2584E+01
  0.2048E+00 -0.1611E+01  0.1505E+01 -0.1993E+01 -0.1993E+01
  0.2057E+00 -0.2426E+01  0.1512E+01 -0.2082E+01 -0.2082E+01
  0.2066E+00 -0.2795E+01  0.1501E+01 -0.2254E+01 -0.2254E+01
  0.2076E+00 -0.8340E+00  0.1506E+01 -0.2849E+01 -0.2849E+01
  0.2085E+00 -0.2350E+00  0.1499E+01 -0.1375E+01 -0.1375E+01
  0.2094E+00  0.1310E+00  0.1483E+01 -0.2494E+01 -0.2494E+01
  0.2104E+00  0.1101E+01  0.1483E+01 -0.1618E+01 -0.1618E+01
  0.2113E+00 -0.1223E+01  0.1477E+01 -0.7663E+00 -0.7663E+00
  0.2122E+00 -0.1071E+01  0.1494E+01 -0.2311E+00 -0.2311E+00
  0.2131E+00 -0.7930E+00  0.1474E+01 -0.1397E+01 -0.1397E+01
  0.2141E+00  0.7300E+00  0.1454E+01  0.4516E+00  0.4516E+00
  0.2150E+00  0.6280E+00  0.1446E+01 -0.1113E+01 -0.1113E+01
  0.2159E+00 -0.2000E+00  0.1426E+01 -0.1974E+01 -0.1974E+01
  0.2169E+00  0.9900E+00  0.1426E+01 -0.2229E+00 -0.2229E+00
  0.2178E+00  0.1781E+01  0.1430E+01  0.7278E+00  0.7278E+00
  0.2187E+00  0.1730E+00  0.1427E+01 -0.7648E+00 -0.7648E+00
  0.2196E+00  0.3856E+01  0.1399E+01  0.1761E+01  0.1761E+01
  0.2206E+00  0.1588E+01  0.1411E+01  0.1600E+01  0.1600E+01
  0.2215E+00  0.7520E+00  0.1428E+01  0.1035E+01  0.1035E+01
  0.2224E+00  0.2302E+01  0.1430E+01  0.1217E+01  0.1217E+01
  0.2234E+00  0.4199E-01  0.1420E+01  0.1395E+01  0.1395E+01
  0.2243E+00 -0.1005E+01  0.1405E+01  0.1179E+01  0.1179E+01
  0.2252E+00 -0.3180E+01  0.1395E+01  0.3956E+01  0.3956E+01
  0.2262E+00 -0.1331E+01  0.1402E+01 -0.1872E+01 -0.1872E+01
  0.2271E+00 -0.2200E+00  0.1416E+01  0.6239E+00  0.6239E+00
  0.2280E+00  0.8420E+00  0.1412E+01  0.6154E+00  0.6154E+00
  0.2289E+00  0.5260E+00  0.1417E+01 -0.8518E+00 -0.8518E+00
  0.2299E+00  0.6830E+00  0.1456E+01 -0.1316E+00 -0.1316E+00
  0.2308E+00  0.1459E+01  0.1453E+01  0.9059E+00  0.9059E+00
  0.2317E+00 -0.8610E+00  0.1460E+01 -0.1128E+01 -0.1128E+01
  0.2327E+00  0.1364E+01  0.1454E+01  0.7825E+00  0.7825E+00
  0.2336E+00  0.1677E+01  0.1448E+01  0.1459E+01  0.1459E+01
  0.2345E+00  0.1703E-01  0.1468E+01 -0.2902E+00 -0.2902E+00
  0.2354E+00 -0.1477E+01  0.1442E+01  0.9681E-01  0.9681E-01
  0.2364E+00 -0.7670E+00  0.1447E+01  0.1175E+01  0.1175E+01
  0.2373E+00 -0.1962E+01  0.1444E+01  0.1670E+00  0.1670E+00
  0.2382E+00 -0.1302E+01  0.1442E+01 -0.1641E+01 -0.1641E+01
  0.2392E+00  0.4050E+00  0.1443E+01  0.2956E+00  0.2956E+00
  0.2401E+00 -0.4820E+00  0.1452E+01 -0.1398E+01 -0.1398E+01
  0.2410E+00 -0.1086E+01  0.1452E+01 -0.2147E+01 -0.2147E+01
  0.2420E+00  0.8630E+00  0.1449E+01 -0.1481E+01 -0.1481E+01
  0.2429E+00  0.1340E+00  0.1465E+01 -0.5693E+01 -0.5693E+01
  0.2438E+00  0.2420E+00  0.1460E+01  0.2030E+01  0.2030E+01
  0.2447E+00 -0.1019E+01  0.1458E+01 -0.1275E+01 -0.1275E+01
  0.2457E+00  0.2670E+00  0.1466E+01  0.1147E+01  0.1147E+01
  0.2466E+00  0.2823E+01  0.1448E+01  0.1639E+01  0.1639E+01
  0.2475E+00  0.2732E+01  0.1449E+01 -0.4221E+00 -0.4221E+00
  0.2485E+00 -0.7100E+00  0.1438E+01  0.5683E+00  0.5683E+00
  0.2494E+00 -0.1813E+01  0.1421E+01  0.1348E+01  0.1348E+01
  0.2503E+00 -0.2361E+01  0.1453E+01  0.6699E-01  0.6699E-01
  0.2512E+00 -0.1812E+01  0.1422E+01 -0.1217E+01 -0.1217E+01
  0.2522E+00 -0.4373E+01  0.1444E+01 -0.7825E+00 -0.7825E+00
  0.2531E+00 -0.2044E+01  0.1427E+01  0.1106E+01  0.1106E+01
  0.2540E+00 -0.3000E+00  0.1438E+01  0.6057E+00  0.6057E+00
  0.2550E+00 -0.4330E+00  0.1440E+01  0.2112E+01  0.2112E+01
  0.2559E+00 -0.3228E+01  0.1449E+01  0.7535E+00  0.7535E+00
  0.2568E+00  0.4290E+00  0.1446E+01  0.6019E+00  0.6019E+00
  0.2577E+00  0.3007E+01  0.1457E+01  0.2543E+01  0.2543E+01
  0.2587E+00  0.3024E+01  0.1417E+01  0.3677E+01  0.3677E+01
  0.2596E+00 -0.1007E+01  0.1433E+01  0.3537E+01  0.3537E+01
  0.2605E+00 -0.1500E+01  0.1405E+01 -0.3050E+01 -0.3050E+01
  0.2615E+00 -0.4978E+01  0.1419E+01  0.5414E+00  0.5414E+00
  0.2624E+00 -0.3445E+01  0.1410E+01  0.6895E+00  0.6895E+00
  0.2633E+00 -0.2212E+01  0.1406E+01 -0.1290E+01 -0.1290E+01
  0.2643E+00 -0.1103E+01  0.1419E+01  0.4459E-01  0.4459E-01
  0.2652E+00  0.1613E+01  0.1404E+01  0.1660E+01  0.1660E+01
  0.2661E+00 -0.1410E+01  0.1428E+01  0.9002E+00  0.9002E+00
  0.2670E+00 -0.2087E+01  0.1414E+01  0.1346E+00  0.1346E+00
  0.2680E+00 -0.2780E+00  0.1415E+01  0.9924E+00  0.9924E+00
  0.2689E+00  0.5710E+00  0.1420E+01  0.1827E+01  0.1827E+01
  0.2698E+00  0.1706E+01  0.1429E+01  0.1618E+01  0.1618E+01
  0.2708E+00  0.1520E+01  0.1435E+01  0.1180E+01  0.1180E+01
  0.2717E+00  0.1352E+01  0.1416E+01 -0.1483E+01 -0.1483E+01
  0.2726E+00  0.2672E+01  0.1430E+01 -0.9507E+00 -0.9507E+00
  0.2735E+00  0.1627E+01  0.1443E+01  0.5357E+00  0.5357E+00
  0.2745E+00  0.1732E+01  0.1451E+01 -0.5581E+00 -0.5581E+00
  0.2754E+00  0.1862E+01  0.1444E+01 -0.1111E+01 -0.1111E+01
  0.2763E+00 -0.1190E+01  0.1409E+01 -0.2612E+01 -0.2612E+01
  0.2773E+00 -0.3300E+01  0.1432E+01 -0.4466E+01 -0.4466E+01
  0.2782E+00  0.1000E+00  0.1422E+01 -0.3394E+01 -0.3394E+01
  0.2791E+00  0.1378E+01  0.1430E+01 -0.2461E+01 -0.2461E+01
  0.2801E+00 -0.2010E+00  0.1427E+01 -0.4715E+00 -0.4715E+00
  0.2810E+00 -0.1090E+00  0.1443E+01  0.1060E+01  0.1060E+01
  0.2819E+00 -0.1704E+01  0.1460E+01 -0.3359E+00 -0.3359E+00
  0.2828E+00 -0.1619E+01  0.1455E+01 -0.9466E+00 -0.9466E+00
  0.2838E+00 -0.5099E+00  0.1493E+01  0.1587E+01  0.1587E+01
  0.2847E+00 -0.2932E+01  0.1489E+01 -0.2002E-01 -0.2002E-01
  0.2856E+00 -0.1417E+01  0.1527E+01 -0.6061E+00 -0.6061E+00
  0.2866E+00 -0.4130E+00  0.1524E+01 -0.2495E+01 -0.2495E+01
  0.2875E+00 -0.3360E+00  0.1510E+01  0.2733E+00  0.2733E+00
  0.2884E+00 -0.5990E+00  0.1532E+01  0.1144E+01  0.1144E+01
  0.2893E+00  0.1482E+01  0.1503E+01  0.2447E+01  0.2447E+01
  0.2903E+00  0.3740E+00  0.1561E+01  0.1423E+01  0.1423E+01
  0.2912E+00 -0.1782E+01  0.1571E+01  0.2892E+00  0.2892E+00
  0.2921E+00  0.2587E+01  0.1552E+01  0.2496E+01  0.2496E+01
  0.2931E+00  0.5755E+01  0.1618E+01  0.3815E+01  0.3815E+01
  0.2940E+00  0.1764E+01  0.1604E+01  0.4160E+01  0.4160E+01
  0.2949E+00  0.5910E+00  0.1626E+01  0.2885E+01  0.2885E+01
  0.2958E+00 -0.1623E+01  0.1612E+01 -0.7430E+01 -0.7430E+01
  0.2968E+00 -0.1213E+01  0.1609E+01  0.2515E+01  0.2515E+01
  0.2977E+00  0.1663E+01  0.1689E+01  0.7843E+00  0.7843E+00
  0.2986E+00  0.8480E+00  0.1625E+01 -0.6266E+00 -0.6266E+00
  0.2996E+00  0.2903E+01  0.1663E+01  0.1499E+01  0.1499E+01
  0.3005E+00 -0.1770E+00  0.1646E+01  0.1663E+00  0.1663E+00
  0.3014E+00  0.1501E-01  0.1673E+01  0.6812E+00  0.6812E+00
  0.3024E+00  0.8500E+00  0.1669E+01  0.1531E+01  0.1531E+01
  0.3033E+00  0.3441E+01  0.1666E+01  0.5068E+00  0.5068E+00
  0.3042E+00  0.2953E+01  0.1666E+01 -0.1439E+01 -0.1439E+01
  0.3051E+00 -0.1230E+00  0.1663E+01  0.6091E+00  0.6091E+00
  0.3061E+00 -0.1331E+01  0.1715E+01  0.9214E+00  0.9214E+00
  0.3070E+00 -0.5950E+00  0.1688E+01 -0.1075E+01 -0.1075E+01
  0.3079E+00  0.2164E+01  0.1699E+01 -0.4427E-01 -0.4427E-01
  0.3089E+00 -0.1401E+01  0.1731E+01 -0.1314E+01 -0.1314E+01
  0.3098E+00 -0.2082E+01  0.1743E+01  0.3884E+00  0.3884E+00
  0.3107E+00  0.2785E+01  0.1806E+01 -0.3180E+00 -0.3180E+00
  0.3116E+00  0.2211E+01  0.1756E+01 -0.1220E+01 -0.1220E+01
  0.3126E+00 -0.4140E+00  0.1770E+01  0.2350E+01  0.2350E+01
  0.3135E+00  0.4690E+00  0.1790E+01  0.2732E+01  0.2732E+01
  0.3144E+00 -0.3392E+01  0.1782E+01 -0.2874E+01 -0.2874E+01
  0.3154E+00 -0.1877E+01  0.1811E+01 -0.1060E+01 -0.1060E+01
  0.3163E+00 -0.1687E+01  0.1790E+01  0.8077E+00  0.8077E+00
  0.3172E+00  0.3699E-01  0.1807E+01  0.4247E+00  0.4247E+00
  0.3182E+00  0.5060E+00  0.1804E+01  0.3698E+00  0.3698E+00
  0.3191E+00  0.2300E+00  0.1814E+01  0.1128E+01  0.1128E+01
  0.3200E+00 -0.1662E+01  0.1814E+01 -0.1213E+01 -0.1213E+01
  0.3209E+00 -0.1606E+01  0.1826E+01 -0.1194E+00 -0.1194E+00
  0.3219E+00  0.5110E+00  0.1822E+01  0.2161E+01  0.2161E+01
  0.3228E+00 -0.2010E+01  0.1799E+01 -0.1238E-01 -0.1238E-01
  0.3237E+00  0.4430E+00  0.1788E+01 -0.2419E-01 -0.2419E-01
  0.3247E+00  0.2525E+01  0.1860E+01  0.1687E+01  0.1687E+01
  0.3256E+00  0.4044E+01  0.1845E+01  0.2006E+00  0.2006E+00
  0.3265E+00  0.1817E+01  0.1930E+01 -0.3485E+00 -0.3485E+00
  0.3274E+00  0.1098E+01  0.1896E+01  0.1083E+00  0.1083E+00
  0.3284E+00 -0.1732E+01  0.1931E+01  0.1398E+01  0.1398E+01
  0.3293E+00 -0.1600E+01  0.1951E+01  0.1146E+01  0.1146E+01
  0.3302E+00 -0.6267E+01  0.1874E+01  0.5915E+01  0.5915E+01
  0.3312E+00 -0.1108E+01  0.1985E+01 -0.7628E+00 -0.7628E+00
  0.3321E+00 -0.9450E+00  0.1910E+01 -0.1447E+01 -0.1447E+01
  0.3330E+00  0.5410E+00  0.1984E+01 -0.3338E+01 -0.3338E+01
  0.3340E+00 -0.5637E+01  0.1983E+01 -0.3669E+01 -0.3669E+01
  0.3349E+00  0.2760E+00  0.1958E+01 -0.2752E+01 -0.2752E+01
  0.3358E+00  0.1708E+01  0.1990E+01 -0.4066E+01 -0.4066E+01
  0.3367E+00  0.1562E+01  0.1949E+01 -0.3102E+01 -0.3102E+01
  0.3377E+00 -0.4670E+00  0.1961E+01 -0.2935E+01 -0.2935E+01
  0.3386E+00 -0.1265E+01  0.1962E+01 -0.4407E+01 -0.4407E+01
  0.3395E+00  0.3396E+01  0.1936E+01 -0.3955E+01 -0.3955E+01
  0.3405E+00  0.4160E+00  0.1982E+01 -0.5414E+01 -0.5414E+01
  0.3414E+00 -0.1742E+01  0.1986E+01 -0.6516E+01 -0.6516E+01
  0.3423E+00 -0.2530E+01  0.2067E+01 -0.6905E+01 -0.6905E+01
  0.3432E+00  0.2303E+01  0.2048E+01 -0.3604E+01 -0.3604E+01
  0.3442E+00  0.1786E+01  0.2053E+01 -0.4404E+01 -0.4404E+01
  0.3451E+00 -0.1409E+01  0.2076E+01 -0.4721E+01 -0.4721E+01
  0.3460E+00  0.2898E+01  0.2029E+01 -0.4268E+01 -0.4268E+01
  0.3470E+00  0.3641E+01  0.2106E+01 -0.5126E+01 -0.5126E+01
  0.3479E+00  0.4790E+01  0.2048E+01  0.7353E+00  0.7353E+00
  0.3488E+00  0.3950E+01  0.2097E+01 -0.1759E+01 -0.1759E+01
  0.3497E+00  0.3567E+01  0.2074E+01 -0.5810E+00 -0.5810E+00
  0.3507E+00  0.3921E+01  0.2034E+01 -0.6947E+00 -0.6947E+00
  0.3516E+00  0.3227E+01  0.2041E+01 -0.2514E+01 -0.2514E+01
  0.3525E+00  0.3988E+01  0.2056E+01 -0.7293E+00 -0.7293E+00
  0.3535E+00  0.2160E+01  0.2104E+01 -0.1174E+01 -0.1174E+01
  0.3544E+00  0.1302E+01  0.2106E+01  0.1133E+01  0.1133E+01
  0.3553E+00  0.1720E+01  0.2104E+01  0.1947E+00  0.1947E+00
  0.3563E+00 -0.3723E+01  0.2168E+01  0.6252E+00  0.6252E+00
  0.3572E+00  0.1244E+01  0.2188E+01  0.1692E+01  0.1692E+01
  0.3581E+00  0.1710E+01  0.2208E+01  0.3177E+01  0.3177E+01
  0.3590E+00  0.3199E+01  0.2159E+01  0.1280E+01  0.1280E+01
  0.3600E+00  0.3364E+01  0.2179E+01  0.2117E+01  0.2117E+01
  0.3609E+00 -0.1990E+01  0.2199E+01  0.2077E+01  0.2077E+01
  0.3618E+00  0.2698E-01  0.2172E+01  0.3949E+01  0.3949E+01
  0.3628E+00  0.1868E+01  0.2183E+01  0.4158E+01  0.4158E+01
  0.3637E+00  0.4901E-01  0.2144E+01  0.4993E+01  0.4993E+01
  0.3646E+00 -0.3265E+01  0.2161E+01  0.4866E+01  0.4866E+01
  0.3655E+00  0.6799E-01  0.2148E+01  0.1661E+01  0.1661E+01
  0.3665E+00  0.4605E+01  0.2146E+01  0.6394E+01  0.6394E+01
  0.3674E+00  0.4481E+01  0.2184E+01  0.6303E+01  0.6303E+01
  0.3683E+00  0.3149E+01  0.2224E+01  0.5550E+01  0.5550E+01
  0.3693E+00  0.2280E+01  0.2175E+01  0.5083E+01  0.5083E+01
  0.3702E+00 -0.4743E+01  0.2206E+01  0.3025E+01  0.3025E+01
  0.3711E+00 -0.2372E+01  0.2257E+01  0.3878E+01  0.3878E+01
  0.3721E+00  0.1081E+01  0.2274E+01  0.5310E+01  0.5310E+01
  0.3730E+00 -0.1955E+01  0.2214E+01  0.4984E+01  0.4984E+01
  0.3739E+00  0.2713E+01  0.2253E+01  0.4581E+01  0.4581E+01
  0.3748E+00  0.2105E+01  0.2170E+01  0.5309E+01  0.5309E+01
  0.3758E+00  0.7740E+00  0.2232E+01  0.4901E+01  0.4901E+01
  0.3767E+00  0.8790E+00  0.2191E+01  0.4884E+01  0.4884E+01
  0.3776E+00  0.5319E+01  0.2189E+01  0.3513E+01  0.3513E+01
  0.3786E+00  0.2677E+01  0.2189E+01  0.3054E+01  0.3054E+01
  0.3795E+00  0.1865E+01  0.2137E+01  0.4003E+01  0.4003E+01
  0.3804E+00 -0.6170E+00  0.2208E+01  0.4369E+01  0.4369E+01
  0.3813E+00 -0.7240E+00  0.2164E+01  0.3468E+01  0.3468E+01
  0.3823E+00  0.1541E+00  0.2163E+01  0.1836E+01  0.1836E+01
  0.3832E+00 -0.1380E+00  0.2202E+01  0.2570E+01  0.2570E+01
  0.3841E+00 -0.4308E+01  0.2212E+01  0.4808E+01  0.4808E+01
  0.3851E+00 -0.1723E+01  0.2281E+01  0.4771E+01  0.4771E+01
  0.3860E+00  0.1400E+00  0.2253E+01  0.3951E+01  0.3951E+01
  0.3869E+00  0.2782E+01  0.2270E+01  0.4223E+01  0.4223E+01
  0.3879E+00 -0.2026E+01  0.2255E+01  0.2816E+01  0.2816E+01
  0.3888E+00 -0.2007E+01  0.2224E+01  0.2050E+01  0.2050E+01
  0.3897E+00 -0.2860E+01  0.2286E+01  0.2788E+01  0.2788E+01
  0.3906E+00  0.2447E+01  0.2215E+01  0.2916E+01  0.2916E+01
  0.3916E+00 -0.1122E+01  0.2197E+01  0.1952E+01  0.1952E+01
  0.3925E+00 -0.6190E+00  0.2220E+01  0.1282E+01  0.1282E+01
  0.3934E+00  0.6460E+00  0.2200E+01  0.2372E+01  0.2372E+01
  0.3944E+00 -0.4490E+00  0.2216E+01  0.1897E+01  0.1897E+01
  0.3953E+00 -0.3374E+01  0.2203E+01 -0.6046E+00 -0.6046E+00
  0.3962E+00 -0.5113E+01  0.2271E+01  0.1667E+00  0.1667E+00
  0.3971E+00 -0.6050E+01  0.2235E+01 -0.1969E+01 -0.1969E+01
  0.3981E+00  0.1152E+01  0.2247E+01 -0.2447E+01 -0.2447E+01
  0.3990E+00  0.3919E+01  0.2279E+01  0.2676E+01  0.2676E+01
  0.3999E+00  0.4650E+01  0.2244E+01 -0.9264E+01 -0.9264E+01
  0.4009E+00 -0.2750E+00  0.2310E+01 -0.1570E+01 -0.1570E+01
  0.4018E+00  0.9820E+00  0.2331E+01 -0.9655E+00 -0.9655E+00
  0.4027E+00 -0.9003E-01  0.2231E+01 -0.1220E+01 -0.1220E+01
  0.4036E+00 -0.1093E+01  0.2251E+01 -0.2008E+01 -0.2008E+01
  0.4046E+00 -0.7730E+00  0.2213E+01 -0.3564E+01 -0.3564E+01
  0.4055E+00 -0.6480E+00  0.2303E+01 -0.1706E+01 -0.1706E+01
  0.4064E+00 -0.5094E+01  0.2254E+01 -0.3105E+01 -0.3105E+01
  0.4074E+00 -0.1947E+01  0.2205E+01 -0.2956E+01 -0.2956E+01
  0.4083E+00 -0.2100E-01  0.2240E+01 -0.3790E+01 -0.3790E+01
  0.4092E+00  0.2352E+01  0.2278E+01 -0.4733E+01 -0.4733E+01
  0.4102E+00 -0.6320E+00  0.2286E+01 -0.3871E+01 -0.3871E+01
  0.4111E+00  0.4901E+01  0.2328E+01 -0.1339E+01 -0.1339E+01
  0.4120E+00  0.7670E+00  0.2323E+01 -0.2799E+01 -0.2799E+01
  0.4129E+00  0.4740E+00  0.2326E+01 -0.2768E+01 -0.2768E+01
  0.4139E+00 -0.1192E+01  0.2286E+01 -0.3961E+01 -0.3961E+01
  0.4148E+00  0.1637E+01  0.2236E+01 -0.3351E+01 -0.3351E+01
  0.4157E+00  0.1941E+01  0.2302E+01 -0.4038E+01 -0.4038E+01
  0.4167E+00 -0.6960E+00  0.2266E+01 -0.6297E+01 -0.6297E+01
  0.4176E+00  0.7530E+00  0.2230E+01 -0.6156E+01 -0.6156E+01
  0.4185E+00  0.4197E+01  0.2221E+01 -0.3210E+01 -0.3210E+01
  0.4194E+00 -0.1464E+01  0.2222E+01 -0.2399E+01 -0.2399E+01
  0.4204E+00 -0.1198E+01  0.2241E+01 -0.2740E+01 -0.2740E+01
  0.4213E+00 -0.3306E+01  0.2323E+01 -0.1161E+01 -0.1161E+01
  0.4222E+00 -0.1081E+01  0.2345E+01 -0.1724E+01 -0.1724E+01
  0.4232E+00  0.1223E+01  0.2295E+01  0.2782E+00  0.2782E+00
  0.4241E+00  0.1191E+01  0.2339E+01 -0.9050E+00 -0.9050E+00
  0.4250E+00  0.5440E+00  0.2363E+01 -0.2384E+00 -0.2384E+00
  0.4260E+00 -0.5800E+00  0.2272E+01  0.1354E+01  0.1354E+01
  0.4269E+00  0.7300E-01  0.2275E+01  0.1960E+01  0.1960E+01
  0.4278E+00  0.4313E+01  0.2269E+01  0.2199E+01  0.2199E+01
  0.4287E+00  0.1770E+01  0.2258E+01  0.3328E+01  0.3328E+01
  0.4297E+00  0.6030E+00  0.2266E+01  0.3439E+01  0.3439E+01
  0.4306E+00  0.1072E+01  0.2258E+01  0.7069E+01  0.7069E+01
  0.4315E+00  0.1238E+01  0.2260E+01  0.6719E+01  0.6719E+01
  0.4325E+00  0.6439E+01  0.2284E+01  0.7922E+01  0.7922E+01
  0.4334E+00  0.2784E+01  0.2298E+01  0.9078E+01  0.9078E+01
  0.4343E+00 -0.1287E+01  0.2293E+01  0.2832E+01  0.2832E+01

           Distance distribution  function of particle  


       R          P(R)      ERROR

  0.0000E+00  0.0000E+00  0.0000E+00
  0.1646E+00 -0.3896E+06  0.5271E+06
  0.3292E+00 -0.3827E+06  0.3982E+06
  0.4938E+00 -0.5676E+06  0.3957E+06
  0.6584E+00 -0.1041E+07  0.4840E+06
  0.8230E+00 -0.3884E+06  0.4355E+06
  0.9876E+00 -0.2538E+06  0.4455E+06
  0.1152E+01 -0.5478E+06  0.4577E+06
  0.1317E+01 -0.2613E+06  0.4988E+06
  0.1481E+01 -0.2093E+06  0.3905E+06
  0.1646E+01 -0.4375E+06  0.4338E+06
  0.1811E+01 -0.3962E+06  0.3965E+06
  0.1975E+01 -0.1067E+05  0.4644E+06
  0.2140E+01 -0.5561E+06  0.4773E+06
  0.2304E+01 -0.7228E+06  0.4302E+06
  0.2469E+01  0.8264E+06  0.4085E+06
  0.2634E+01  0.8679E+06  0.5930E+06
  0.2798E+01  0.5810E+06  0.5775E+06
  0.2963E+01 -0.8484E+06  0.4450E+06
  0.3127E+01  0.8365E+06  0.4750E+06
  0.3292E+01  0.3281E+06  0.5940E+06
  0.3457E+01  0.7583E+06  0.5745E+06
  0.3621E+01 -0.3185E+06  0.5889E+06
  0.3786E+01  0.1767E+07  0.5418E+06
  0.3950E+01  0.7253E+06  0.5222E+06
  0.4115E+01  0.2636E+07  0.5020E+06
  0.4280E+01  0.9792E+06  0.4725E+06
  0.4444E+01  0.7080E+06  0.5232E+06
  0.4609E+01  0.3014E+07  0.6014E+06
  0.4773E+01  0.8185E+06  0.6462E+06
  0.4938E+01  0.5533E+06  0.5870E+06
  0.5103E+01  0.1077E+07  0.5958E+06
  0.5267E+01  0.2139E+06  0.6984E+06
  0.5432E+01 -0.9602E+06  0.6650E+06
  0.5596E+01 -0.2392E+06  0.7617E+06
  0.5761E+01  0.1072E+07  0.7007E+06
  0.5926E+01  0.6286E+06  0.6628E+06
  0.6090E+01  0.2061E+06  0.7233E+06
  0.6255E+01 -0.1516E+07  0.6634E+06
  0.6419E+01 -0.7028E+06  0.7234E+06
  0.6584E+01 -0.8834E+06  0.9084E+06
  0.6749E+01 -0.2870E+07  0.7449E+06
  0.6913E+01 -0.1808E+07  0.9020E+06
  0.7078E+01 -0.2294E+07  0.8415E+06
  0.7242E+01 -0.2766E+07  0.8548E+06
  0.7407E+01 -0.3764E+07  0.7443E+06
  0.7572E+01 -0.3057E+07  0.8879E+06
  0.7736E+01 -0.1360E+07  0.8488E+06
  0.7901E+01 -0.2488E+07  0.9136E+06
  0.8065E+01 -0.3808E+07  0.7462E+06
  0.8230E+01 -0.2016E+07  0.8920E+06
  0.8395E+01 -0.1618E+07  0.8315E+06
  0.8559E+01 -0.2711E+07  0.7508E+06
  0.8724E+01 -0.8170E+06  0.8718E+06
  0.8888E+01 -0.1341E+07  0.8954E+06
  0.9053E+01 -0.1206E+07  0.8027E+06
  0.9218E+01  0.4877E+08  0.1065E+07
  0.9382E+01 -0.2693E+07  0.9411E+06
  0.9547E+01 -0.3744E+07  0.7858E+06
  0.9711E+01 -0.9977E+06  0.8965E+06
  0.9876E+01 -0.3444E+06  0.7487E+06
  0.1004E+02 -0.9999E+06  0.7648E+06
  0.1021E+02  0.7989E+05  0.7255E+06
  0.1037E+02 -0.1050E+07  0.8990E+06
  0.1053E+02 -0.1494E+07  0.7734E+06
  0.1070E+02 -0.6749E+06  0.6781E+06
  0.1086E+02 -0.1375E+07  0.7636E+06
  0.1103E+02 -0.2194E+07  0.6365E+06
  0.1119E+02 -0.1202E+07  0.8137E+06
  0.1136E+02 -0.1553E+07  0.7348E+06
  0.1152E+02 -0.6200E+06  0.6877E+06
  0.1169E+02 -0.2227E+07  0.7766E+06
  0.1185E+02 -0.2497E+07  0.8035E+06
  0.1202E+02 -0.6451E+06  0.6883E+06
  0.1218E+02 -0.7157E+06  0.9118E+06
  0.1234E+02 -0.2546E+07  0.7097E+06
  0.1251E+02 -0.4268E+06  0.7056E+06
  0.1267E+02 -0.5645E+06  0.6458E+06
  0.1284E+02 -0.6030E+06  0.7142E+06
  0.1300E+02 -0.4128E+06  0.7282E+06
  0.1317E+02 -0.1524E+06  0.6304E+06
  0.1333E+02  0.6368E+05  0.7160E+06
  0.1350E+02  0.1418E+07  0.7203E+06
  0.1366E+02  0.1405E+07  0.7182E+06
  0.1383E+02  0.9436E+06  0.6882E+06
  0.1399E+02  0.1344E+07  0.8784E+06
  0.1416E+02  0.2197E+07  0.7594E+06
  0.1432E+02  0.3169E+07  0.6944E+06
  0.1448E+02  0.1772E+07  0.7843E+06
  0.1465E+02  0.1543E+07  0.6571E+06
  0.1481E+02  0.2738E+07  0.8535E+06
  0.1498E+02 -0.3680E+06  0.6803E+06
  0.1514E+02  0.1286E+07  0.7568E+06
  0.1531E+02 -0.3610E+07  0.8311E+06
  0.1547E+02 -0.5741E+07  0.8309E+06
  0.1564E+02 -0.3757E+07  0.8950E+06
  0.1580E+02 -0.1257E+07  0.8551E+06
  0.1597E+02 -0.2744E+05  0.8561E+06
  0.1613E+02  0.1595E+07  0.6089E+06
  0.1630E+02  0.3132E+07  0.4889E+06
  0.1646E+02  0.0000E+00  0.0000E+00
          Reciprocal space: Rg =   37.67     , I(0) =   0.1041E+03
     Real space: Rg =   19.22 +- 0.038  I(0) =   0.1062E+03 +-  0.6191E+00
