
           ####    G N O M   ---   Version 4.5a revised 09/02/02     ####

                                                  Sun Nov  5 12:16:57 2017
           ===    Run No   1   ===
 Run title:  0.000330941 0 0


  Number of points omitted at the end:         474
   *******   Working Directory :
   *******    Input file(s) : 24697_02F_S106_0_04.sub
           Condition P(rmin) = 0 is used. 
           Condition P(rmax) = 0 is used. 

 Warning: Dmax*Smin =  5.261   is greater than Pi !


          Experimental conditions for the first run
          -----------------------------------------

          Highest ALPHA is found to be   0.1059E+06

  The measure of inconsistency AN1 equals to    0.1008E+01

          Warning: using the chosen range in the real space 
             it is not possible to fit the data set within the
             given error band. 
     Alpha    Discrp  Oscill  Stabil  Sysdev  Positv  Valcen    Total   
  0.1059E+09109.8677  3.0500  0.9900  0.0000  1.0000  0.6717  0.00001
  0.2119E+08109.8234  3.0500  0.9896  0.0000  1.0000  0.6717  0.00001
  0.4238E+07109.6027  3.0495  0.9876  0.0000  1.0000  0.6718  0.00001
  0.8475E+06108.5133  3.0475  0.9779  0.0000  1.0000  0.6719  0.00001
  0.1695E+06103.4052  3.0373  0.9326  0.0000  1.0000  0.6723  0.00001
  0.3390E+05 84.1953  2.9898  0.7631  0.0000  1.0000  0.6745  0.00001
  0.6780E+04 47.1580  2.8126  0.4497  0.0674  1.0000  0.6842  0.00001
  0.1356E+04 21.8881  2.4468  0.2809  0.0225  1.0000  0.7187  0.00001
  0.2712E+03 11.4726  2.0196  0.2774  0.0674  1.0000  0.7940  0.00001
  0.5424E+02  5.6356  1.6856  0.2416  0.3371  1.0000  0.8710  0.00001
  0.1085E+02  2.2525  1.5038  0.1573  0.7416  1.0000  0.9138  0.44686
  0.2170E+01  1.0248  1.4071  0.0718  1.0337  1.0000  0.9294  0.76251
  0.4339E+00  0.8512  1.3708  0.0203  1.0787  1.0000  0.9333  0.83098
  0.8678E-01  0.8408  1.3617  0.0054  1.0787  1.0000  0.9340  0.86788
  0.1736E-01  0.8398  1.3628  0.0032  1.0787  1.0000  0.9342  0.93023
  0.3471E-02  0.8389  1.4009  0.0105  1.0787  1.0000  0.9343  0.81968
  0.6943E-03  0.8363  1.8840  0.0466  1.0787  0.9997  0.9340  0.10000
  0.1389E-03  0.8278  5.2564  0.1615  1.0787  0.9955  0.9244  0.10000
  0.2777E-04  0.8138 12.5196  0.2138  1.1236  0.9673  0.8510  0.10000
  0.5554E-05  0.8069 18.3398  0.2880  1.1011  0.9190  0.7443  0.10000
  0.1111E-05  0.8012 25.7158  0.6211  1.1011  0.8537  0.4547  0.10000
  0.2222E-06  0.7915 29.6753  0.7119  1.0787  0.7782  0.2656  0.10000
  0.4443E-07  0.7687 31.6483  0.8136  1.0787  0.6937  0.2522  0.10000
  0.8887E-08  0.7138 31.7610  0.7166  1.0787  0.6902  0.3104  0.10000
  0.1777E-08  0.6268 31.2438  0.6134  0.9888  0.6971  0.3658  0.10000
  0.3555E-09  0.5145 32.6103  0.5214  0.9438  0.7201  0.3737  0.10000
  0.7109E-10  0.3850 36.1584  0.4817  1.0337  0.7489  0.4059  0.10000
  0.1422E-10  0.2314 39.6612  0.4238  1.0337  0.7531  0.3781  0.10000
  0.2844E-11  0.0908 40.9612  0.2210  1.1236  0.7391  0.3259  0.10000
  0.5688E-12  0.0234 41.2615  0.0646  1.1461  0.7299  0.3029  0.10000
  0.1138E-12  0.0050 41.3226  0.0142  1.1461  0.7272  0.2971  0.10000

          ***  Golden section search to maximize estimate ***
     Alpha    Discrp  Oscill  Stabil  Sysdev  Positv  Valcen    Total   
  0.6419E-02  0.8394  1.3749  0.0063  1.0787  1.0000  0.9342  0.91253
  0.1187E-01  0.8397  1.3653  0.0039  1.0787  1.0000  0.9342  0.95539
  0.1372E-01  0.8397  1.3642  0.0036  1.0787  1.0000  0.9342  0.94516
  0.1085E-01  0.8396  1.3662  0.0042  1.0787  1.0000  0.9342  0.95637
  0.1027E-01  0.8396  1.3668  0.0043  1.0787  1.0000  0.9342  0.95702
  0.9921E-02  0.8396  1.3672  0.0045  1.0787  1.0000  0.9342  0.95578
  0.1049E-01  0.8396  1.3666  0.0043  1.0787  1.0000  0.9342  0.95677
  0.1013E-01  0.8396  1.3669  0.0044  1.0787  1.0000  0.9342  0.95718
  0.1005E-01  0.8396  1.3670  0.0044  1.0787  1.0000  0.9342  0.95686
  0.1018E-01  0.8396  1.3669  0.0044  1.0787  1.0000  0.9342  0.95712
  0.1010E-01  0.8396  1.3670  0.0044  1.0787  1.0000  0.9342  0.95722
  0.1010E-01  0.8396  1.3670  0.0044  1.0787  1.0000  0.9342  0.95722



             ####            Final results            ####

 Parameter    DISCRP    OSCILL    STABIL    SYSDEV    POSITV    VALCEN
 Weight        1.000     3.000     3.000     4.000     1.000     1.000
 Sigma         0.500     0.600     0.120     0.200     0.120     0.120
 Ideal         1.000     1.100     0.000     1.000     1.000     0.950
 Current       0.840     1.367     0.004     1.079     1.000     0.934
                - - - - - - - - - - - - - - - - - - - - - - - - - 
 Estimate      0.902     0.820     0.999     1.000     1.000     0.983

  Angular   range    :     from    0.0078   to    0.0905
  Real space range   :     from      0.00   to    677.50

  Highest ALPHA (theor) :   0.106E+09                 JOB = 0
  Current ALPHA         :   0.101E-01   Rg :  0.213E+03   I(0) :   0.615E+05

           Total  estimate : 0.957  which is  AN EXCELLENT  solution

      S          J EXP       ERROR       J REG       I REG

  0.0000E+00                                      0.6149E+05
  0.9707E-03                                      0.6063E+05
  0.1941E-02                                      0.5810E+05
  0.2912E-02                                      0.5412E+05
  0.3883E-02                                      0.4899E+05
  0.4853E-02                                      0.4312E+05
  0.5824E-02                                      0.3691E+05
  0.6795E-02                                      0.3075E+05
  0.7765E-02  0.2360E+05  0.1696E+03  0.2498E+05  0.2498E+05
  0.8695E-02  0.2106E+05  0.1677E+03  0.2006E+05  0.2006E+05
  0.9624E-02  0.1611E+05  0.1428E+03  0.1586E+05  0.1586E+05
  0.1055E-01  0.1240E+05  0.1248E+03  0.1243E+05  0.1243E+05
  0.1148E-01  0.9397E+04  0.1095E+03  0.9765E+04  0.9765E+04
  0.1241E-01  0.7626E+04  0.9924E+02  0.7775E+04  0.7775E+04
  0.1334E-01  0.6392E+04  0.9111E+02  0.6353E+04  0.6353E+04
  0.1427E-01  0.5461E+04  0.8461E+02  0.5373E+04  0.5373E+04
  0.1520E-01  0.4824E+04  0.7976E+02  0.4712E+04  0.4712E+04
  0.1613E-01  0.4273E+04  0.7549E+02  0.4263E+04  0.4263E+04
  0.1706E-01  0.3918E+04  0.7247E+02  0.3943E+04  0.3943E+04
  0.1799E-01  0.3702E+04  0.6677E+02  0.3694E+04  0.3694E+04
  0.1892E-01  0.3504E+04  0.5788E+02  0.3480E+04  0.3480E+04
  0.1985E-01  0.3249E+04  0.4701E+02  0.3286E+04  0.3286E+04
  0.2078E-01  0.3090E+04  0.3848E+02  0.3107E+04  0.3107E+04
  0.2170E-01  0.2924E+04  0.3731E+02  0.2944E+04  0.2944E+04
  0.2263E-01  0.2798E+04  0.3011E+02  0.2799E+04  0.2799E+04
  0.2356E-01  0.2699E+04  0.2932E+02  0.2673E+04  0.2673E+04
  0.2449E-01  0.2573E+04  0.2411E+02  0.2565E+04  0.2565E+04
  0.2542E-01  0.2474E+04  0.2006E+02  0.2471E+04  0.2471E+04
  0.2635E-01  0.2388E+04  0.1845E+02  0.2387E+04  0.2387E+04
  0.2728E-01  0.2308E+04  0.1669E+02  0.2309E+04  0.2309E+04
  0.2821E-01  0.2220E+04  0.1594E+02  0.2234E+04  0.2234E+04
  0.2914E-01  0.2150E+04  0.1307E+02  0.2160E+04  0.2160E+04
  0.3007E-01  0.2110E+04  0.1312E+02  0.2087E+04  0.2087E+04
  0.3100E-01  0.2015E+04  0.1235E+02  0.2016E+04  0.2016E+04
  0.3193E-01  0.1934E+04  0.1247E+02  0.1948E+04  0.1948E+04
  0.3286E-01  0.1886E+04  0.1190E+02  0.1883E+04  0.1883E+04
  0.3379E-01  0.1819E+04  0.1188E+02  0.1822E+04  0.1822E+04
  0.3472E-01  0.1775E+04  0.1111E+02  0.1763E+04  0.1763E+04
  0.3564E-01  0.1707E+04  0.1124E+02  0.1706E+04  0.1706E+04
  0.3657E-01  0.1647E+04  0.9979E+01  0.1650E+04  0.1650E+04
  0.3750E-01  0.1588E+04  0.1052E+02  0.1594E+04  0.1594E+04
  0.3843E-01  0.1536E+04  0.1044E+02  0.1539E+04  0.1539E+04
  0.3936E-01  0.1493E+04  0.9199E+01  0.1486E+04  0.1486E+04
  0.4029E-01  0.1429E+04  0.8431E+01  0.1434E+04  0.1434E+04
  0.4122E-01  0.1392E+04  0.9896E+01  0.1384E+04  0.1384E+04
  0.4215E-01  0.1334E+04  0.9102E+01  0.1337E+04  0.1337E+04
  0.4308E-01  0.1289E+04  0.8615E+01  0.1292E+04  0.1292E+04
  0.4401E-01  0.1257E+04  0.8316E+01  0.1250E+04  0.1250E+04
  0.4494E-01  0.1214E+04  0.8358E+01  0.1208E+04  0.1208E+04
  0.4587E-01  0.1155E+04  0.7266E+01  0.1167E+04  0.1167E+04
  0.4680E-01  0.1126E+04  0.7575E+01  0.1125E+04  0.1125E+04
  0.4773E-01  0.1088E+04  0.7443E+01  0.1082E+04  0.1082E+04
  0.4865E-01  0.1037E+04  0.7479E+01  0.1039E+04  0.1039E+04
  0.4958E-01  0.9964E+03  0.6974E+01  0.9962E+03  0.9962E+03
  0.5051E-01  0.9475E+03  0.7132E+01  0.9540E+03  0.9540E+03
  0.5144E-01  0.9117E+03  0.7256E+01  0.9131E+03  0.9131E+03
  0.5237E-01  0.8903E+03  0.6589E+01  0.8745E+03  0.8745E+03
  0.5330E-01  0.8343E+03  0.6629E+01  0.8385E+03  0.8385E+03
  0.5423E-01  0.7972E+03  0.6668E+01  0.8051E+03  0.8051E+03
  0.5516E-01  0.7729E+03  0.6659E+01  0.7743E+03  0.7743E+03
  0.5609E-01  0.7438E+03  0.6021E+01  0.7456E+03  0.7456E+03
  0.5702E-01  0.7309E+03  0.6172E+01  0.7183E+03  0.7183E+03
  0.5795E-01  0.6859E+03  0.5986E+01  0.6920E+03  0.6920E+03
  0.5888E-01  0.6588E+03  0.6095E+01  0.6660E+03  0.6660E+03
  0.5981E-01  0.6438E+03  0.6085E+01  0.6401E+03  0.6401E+03
  0.6074E-01  0.6126E+03  0.5497E+01  0.6141E+03  0.6141E+03
  0.6166E-01  0.5965E+03  0.5390E+01  0.5880E+03  0.5880E+03
  0.6259E-01  0.5658E+03  0.5473E+01  0.5622E+03  0.5622E+03
  0.6352E-01  0.5278E+03  0.5556E+01  0.5368E+03  0.5368E+03
  0.6445E-01  0.5082E+03  0.5234E+01  0.5124E+03  0.5124E+03
  0.6538E-01  0.4888E+03  0.5324E+01  0.4894E+03  0.4894E+03
  0.6631E-01  0.4724E+03  0.5067E+01  0.4680E+03  0.4680E+03
  0.6724E-01  0.4473E+03  0.5185E+01  0.4481E+03  0.4481E+03
  0.6817E-01  0.4279E+03  0.4998E+01  0.4297E+03  0.4297E+03
  0.6910E-01  0.4163E+03  0.5285E+01  0.4121E+03  0.4121E+03
  0.7003E-01  0.4013E+03  0.4683E+01  0.3948E+03  0.3948E+03
  0.7096E-01  0.3756E+03  0.4871E+01  0.3774E+03  0.3774E+03
  0.7189E-01  0.3469E+03  0.4654E+01  0.3595E+03  0.3595E+03
  0.7282E-01  0.3425E+03  0.4724E+01  0.3410E+03  0.3410E+03
  0.7375E-01  0.3276E+03  0.4666E+01  0.3221E+03  0.3221E+03
  0.7468E-01  0.3020E+03  0.4358E+01  0.3034E+03  0.3034E+03
  0.7560E-01  0.2878E+03  0.4533E+01  0.2856E+03  0.2856E+03
  0.7653E-01  0.2717E+03  0.4234E+01  0.2696E+03  0.2696E+03
  0.7746E-01  0.2522E+03  0.4200E+01  0.2557E+03  0.2557E+03
  0.7839E-01  0.2483E+03  0.4015E+01  0.2442E+03  0.2442E+03
  0.7932E-01  0.2309E+03  0.4282E+01  0.2348E+03  0.2348E+03
  0.8025E-01  0.2196E+03  0.4225E+01  0.2269E+03  0.2269E+03
  0.8118E-01  0.2264E+03  0.4262E+01  0.2195E+03  0.2195E+03
  0.8211E-01  0.2166E+03  0.4177E+01  0.2118E+03  0.2118E+03
  0.8304E-01  0.1958E+03  0.4228E+01  0.2028E+03  0.2028E+03
  0.8397E-01  0.1941E+03  0.4016E+01  0.1923E+03  0.1923E+03
  0.8490E-01  0.1828E+03  0.3977E+01  0.1803E+03  0.1803E+03
  0.8583E-01  0.1663E+03  0.3516E+01  0.1674E+03  0.1674E+03
  0.8676E-01  0.1540E+03  0.4001E+01  0.1546E+03  0.1546E+03
  0.8769E-01  0.1419E+03  0.3663E+01  0.1430E+03  0.1430E+03
  0.8861E-01  0.1336E+03  0.3673E+01  0.1334E+03  0.1334E+03
  0.8954E-01  0.1282E+03  0.3667E+01  0.1265E+03  0.1265E+03
  0.9047E-01  0.1205E+03  0.3811E+01  0.1224E+03  0.1224E+03

           Distance distribution  function of particle  


       R          P(R)      ERROR

  0.0000E+00  0.0000E+00  0.0000E+00
  0.9679E+01  0.1132E+01  0.7577E-01
  0.1936E+02  0.2635E+01  0.2005E-01
  0.2904E+02  0.4169E+01  0.6903E-01
  0.3871E+02  0.5357E+01  0.9905E-01
  0.4839E+02  0.5977E+01  0.4516E-01
  0.5807E+02  0.6051E+01  0.5224E-01
  0.6775E+02  0.5829E+01  0.1065E+00
  0.7743E+02  0.5631E+01  0.8254E-01
  0.8711E+02  0.5721E+01  0.3579E-01
  0.9679E+02  0.6186E+01  0.9900E-01
  0.1065E+03  0.6927E+01  0.1119E+00
  0.1161E+03  0.7765E+01  0.6599E-01
  0.1258E+03  0.8534E+01  0.8778E-01
  0.1355E+03  0.9179E+01  0.1302E+00
  0.1452E+03  0.9740E+01  0.1110E+00
  0.1549E+03  0.1031E+02  0.9254E-01
  0.1645E+03  0.1095E+02  0.1346E+00
  0.1742E+03  0.1164E+02  0.1442E+00
  0.1839E+03  0.1231E+02  0.1201E+00
  0.1936E+03  0.1287E+02  0.1429E+00
  0.2033E+03  0.1327E+02  0.1731E+00
  0.2129E+03  0.1354E+02  0.1593E+00
  0.2226E+03  0.1374E+02  0.1567E+00
  0.2323E+03  0.1393E+02  0.1934E+00
  0.2420E+03  0.1412E+02  0.2016E+00
  0.2516E+03  0.1428E+02  0.1840E+00
  0.2613E+03  0.1437E+02  0.2002E+00
  0.2710E+03  0.1434E+02  0.2230E+00
  0.2807E+03  0.1421E+02  0.2155E+00
  0.2904E+03  0.1403E+02  0.2211E+00
  0.3000E+03  0.1384E+02  0.2526E+00
  0.3097E+03  0.1366E+02  0.2585E+00
  0.3194E+03  0.1345E+02  0.2474E+00
  0.3291E+03  0.1314E+02  0.2651E+00
  0.3388E+03  0.1269E+02  0.2853E+00
  0.3484E+03  0.1213E+02  0.2808E+00
  0.3581E+03  0.1154E+02  0.2888E+00
  0.3678E+03  0.1100E+02  0.3164E+00
  0.3775E+03  0.1055E+02  0.3234E+00
  0.3871E+03  0.1016E+02  0.3196E+00
  0.3968E+03  0.9741E+01  0.3354E+00
  0.4065E+03  0.9210E+01  0.3464E+00
  0.4162E+03  0.8555E+01  0.3389E+00
  0.4259E+03  0.7843E+01  0.3447E+00
  0.4355E+03  0.7189E+01  0.3602E+00
  0.4452E+03  0.6667E+01  0.3568E+00
  0.4549E+03  0.6259E+01  0.3569E+00
  0.4646E+03  0.5857E+01  0.3786E+00
  0.4743E+03  0.5336E+01  0.3865E+00
  0.4839E+03  0.4650E+01  0.3735E+00
  0.4936E+03  0.3880E+01  0.3690E+00
  0.5033E+03  0.3193E+01  0.3661E+00
  0.5130E+03  0.2737E+01  0.3564E+00
  0.5226E+03  0.2537E+01  0.3684E+00
  0.5323E+03  0.2463E+01  0.3845E+00
  0.5420E+03  0.2319E+01  0.3658E+00
  0.5517E+03  0.1971E+01  0.3387E+00
  0.5614E+03  0.1444E+01  0.3267E+00
  0.5710E+03  0.9090E+00  0.2987E+00
  0.5807E+03  0.5533E+00  0.2845E+00
  0.5904E+03  0.4397E+00  0.3120E+00
  0.6001E+03  0.4605E+00  0.3136E+00
  0.6098E+03  0.4330E+00  0.3041E+00
  0.6194E+03  0.2622E+00  0.3083E+00
  0.6291E+03  0.3261E-01  0.2452E+00
  0.6388E+03 -0.8325E-01  0.2385E+00
  0.6485E+03 -0.3260E-01  0.3065E+00
  0.6581E+03  0.4503E-02  0.2481E+00
  0.6678E+03 -0.1461E+00  0.4550E+00
  0.6775E+03  0.0000E+00  0.0000E+00
          Reciprocal space: Rg =  212.64     , I(0) =   0.6149E+05
     Real space: Rg =  212.58 +- 3.347  I(0) =   0.6149E+05 +-  0.1575E+04
