
           ####    G N O M   ---   Version 4.5a revised 09/02/02     ####

                                                  Sun Nov  5 12:16:53 2017
           ===    Run No   1   ===
 Run title:  0.000330941 0 0


  Number of points omitted at the end:         258
   *******   Working Directory :
   *******    Input file(s) : 24697_02E_S104_0_03.sub
           Condition P(rmin) = 0 is used. 
           Condition P(rmax) = 0 is used. 

          Experimental conditions for the first run
          -----------------------------------------

          Highest ALPHA is found to be   0.1005E+03

  The measure of inconsistency AN1 equals to    0.9893E+00
     Alpha    Discrp  Oscill  Stabil  Sysdev  Positv  Valcen    Total   
  0.1005E+06 41.9720  1.2022  0.9480  0.0000  1.0000  0.8517  0.00001
  0.2011E+05 36.1510  1.1982  0.8115  0.0262  1.0000  0.8529  0.00001
  0.4022E+04 22.2849  1.1874  0.4804  0.2492  1.0000  0.8570  0.00001
  0.8044E+03  9.9022  1.2101  0.1744  0.1705  1.0000  0.8618  0.00001
  0.1609E+03  4.0008  1.3515  0.0885  0.2951  1.0000  0.8584  0.00001
  0.3218E+02  1.4833  1.4975  0.0379  0.5049  1.0000  0.8556  0.49289
  0.6435E+01  0.8945  1.5653  0.0118  0.6361  1.0000  0.8551  0.51221
  0.1287E+01  0.8408  1.5876  0.0051  0.6492  1.0000  0.8547  0.48810
  0.2574E+00  0.8358  1.6009  0.0110  0.6164  1.0000  0.8538  0.49081
  0.5148E-01  0.8313  1.6729  0.0284  0.6164  1.0000  0.8513  0.58530
  0.1030E-01  0.8245  2.1527  0.0808  0.6295  0.9999  0.8451  0.10000
  0.2059E-02  0.8106  4.5912  0.1775  0.6426  0.9949  0.8218  0.10000
  0.4119E-03  0.7990  7.9582  0.1382  0.6689  0.9717  0.7366  0.10000
  0.8237E-04  0.7945 11.5013  0.3650  0.7082  0.9299  0.6716  0.10000
  0.1647E-04  0.7895 16.7061  0.4471  0.7213  0.8449  0.4841  0.10000
  0.3295E-05  0.7854 20.7085  0.7586  0.7213  0.7721  0.3082  0.10000
  0.6590E-06  0.7777 18.9529  0.8601  0.7082  0.7425  0.2672  0.10000
  0.1318E-06  0.7645 18.2488  0.4673  0.6951  0.7183  0.2874  0.10000
  0.2636E-07  0.7563 20.6967  0.6557  0.6820  0.7104  0.2764  0.10000
  0.5272E-08  0.7437 19.3991  0.8904  0.7082  0.7109  0.2772  0.10000
  0.1054E-08  0.7184 18.2067  0.5538  0.7213  0.7103  0.2779  0.10000
  0.2109E-09  0.6931 20.8847  0.5269  0.7082  0.7262  0.2633  0.10000
  0.4217E-10  0.6469 27.3868  0.6344  0.7082  0.7229  0.2861  0.10000
  0.8435E-11  0.5565 33.2611  0.5584  0.7475  0.7093  0.3314  0.10000
  0.1687E-11  0.4181 39.4565  0.5007  0.7082  0.7165  0.3877  0.10000
  0.3374E-12  0.2404 44.8051  0.3748  0.7344  0.7275  0.4288  0.10000
  0.6748E-13  0.0907 47.7503  0.1900  0.8131  0.7110  0.4190  0.10000
  0.1350E-13  0.0232 48.6301  0.0571  0.8131  0.7000  0.4078  0.00000

          ***  Golden section search to maximize estimate ***
     Alpha    Discrp  Oscill  Stabil  Sysdev  Positv  Valcen    Total   
  0.3255E+00  0.8363  1.5980  0.0094  0.6295  1.0000  0.8540  0.48858
  0.2432E-02  0.8123  4.2273  0.1717  0.6426  0.9962  0.8257  0.10000
  0.1041E+00  0.8335  1.6249  0.0196  0.6164  1.0000  0.8527  0.52407
  0.1604E-01  0.8269  1.9163  0.0589  0.6295  1.0000  0.8476  0.37251
  0.6738E-01  0.8322  1.6500  0.0247  0.6164  1.0000  0.8519  0.55707
  0.3298E-01  0.8298  1.7294  0.0365  0.6164  1.0000  0.8502  0.58301
  0.5705E-01  0.8316  1.6633  0.0269  0.6164  1.0000  0.8516  0.57377
  0.4343E-01  0.8308  1.6912  0.0312  0.6164  1.0000  0.8509  0.60633
  0.3909E-01  0.8304  1.7044  0.0330  0.6164  1.0000  0.8507  0.60616
  0.4634E-01  0.8310  1.6838  0.0301  0.6164  1.0000  0.8511  0.59803
  0.4172E-01  0.8306  1.6961  0.0319  0.6164  1.0000  0.8508  0.61163
  0.4070E-01  0.8305  1.6992  0.0323  0.6164  1.0000  0.8508  0.60977
  0.4236E-01  0.8307  1.6942  0.0316  0.6164  1.0000  0.8509  0.60959
  0.4133E-01  0.8306  1.6973  0.0320  0.6164  1.0000  0.8508  0.61098
  0.4196E-01  0.8306  1.6954  0.0318  0.6164  1.0000  0.8508  0.61085
  0.4157E-01  0.8306  1.6965  0.0319  0.6164  1.0000  0.8508  0.61141
  0.4181E-01  0.8306  1.6958  0.0318  0.6164  1.0000  0.8508  0.61133
  0.4172E-01  0.8306  1.6961  0.0319  0.6164  1.0000  0.8508  0.61163



             ####            Final results            ####

 Parameter    DISCRP    OSCILL    STABIL    SYSDEV    POSITV    VALCEN
 Weight        1.000     3.000     3.000     4.000     1.000     1.000
 Sigma         0.500     0.600     0.120     0.200     0.120     0.120
 Ideal         1.000     1.100     0.000     1.000     1.000     0.950
 Current       0.831     1.696     0.032     0.616     1.000     0.851
                - - - - - - - - - - - - - - - - - - - - - - - - - 
 Estimate      0.892     0.373     0.932     0.025     1.000     0.505

  Angular   range    :     from    0.0078   to    0.2912
  Real space range   :     from      0.00   to    116.70

  Highest ALPHA (theor) :   0.101E+06                 JOB = 0
  Current ALPHA         :   0.417E-01   Rg :  0.335E+02   I(0) :   0.136E+04

           Total  estimate : 0.612  which is  A REASONABLE  solution

      S          J EXP       ERROR       J REG       I REG

  0.0000E+00                                      0.1359E+04
  0.9707E-03                                      0.1359E+04
  0.1941E-02                                      0.1357E+04
  0.2912E-02                                      0.1355E+04
  0.3883E-02                                      0.1351E+04
  0.4853E-02                                      0.1347E+04
  0.5824E-02                                      0.1342E+04
  0.6795E-02                                      0.1336E+04
  0.7765E-02  0.1311E+04  0.6284E+02  0.1329E+04  0.1329E+04
  0.8695E-02  0.1336E+04  0.9146E+02  0.1321E+04  0.1321E+04
  0.9624E-02  0.1378E+04  0.7492E+02  0.1313E+04  0.1313E+04
  0.1055E-01  0.1328E+04  0.6570E+02  0.1304E+04  0.1304E+04
  0.1148E-01  0.1281E+04  0.4469E+02  0.1294E+04  0.1294E+04
  0.1241E-01  0.1294E+04  0.4003E+02  0.1283E+04  0.1283E+04
  0.1334E-01  0.1323E+04  0.2572E+02  0.1272E+04  0.1272E+04
  0.1427E-01  0.1311E+04  0.2072E+02  0.1260E+04  0.1260E+04
  0.1520E-01  0.1275E+04  0.1724E+02  0.1248E+04  0.1248E+04
  0.1613E-01  0.1269E+04  0.1489E+02  0.1234E+04  0.1234E+04
  0.1706E-01  0.1268E+04  0.1658E+02  0.1220E+04  0.1220E+04
  0.1799E-01  0.1239E+04  0.1591E+02  0.1206E+04  0.1206E+04
  0.1892E-01  0.1175E+04  0.1498E+02  0.1191E+04  0.1191E+04
  0.1985E-01  0.1167E+04  0.1280E+02  0.1176E+04  0.1176E+04
  0.2078E-01  0.1128E+04  0.1083E+02  0.1160E+04  0.1160E+04
  0.2170E-01  0.1102E+04  0.1266E+02  0.1144E+04  0.1144E+04
  0.2263E-01  0.1136E+04  0.1145E+02  0.1127E+04  0.1127E+04
  0.2356E-01  0.1122E+04  0.1364E+02  0.1110E+04  0.1110E+04
  0.2449E-01  0.1097E+04  0.1148E+02  0.1092E+04  0.1092E+04
  0.2542E-01  0.1082E+04  0.1018E+02  0.1075E+04  0.1075E+04
  0.2635E-01  0.1038E+04  0.1111E+02  0.1057E+04  0.1057E+04
  0.2728E-01  0.1029E+04  0.1039E+02  0.1039E+04  0.1039E+04
  0.2821E-01  0.1015E+04  0.9928E+01  0.1020E+04  0.1020E+04
  0.2914E-01  0.1020E+04  0.9635E+01  0.1002E+04  0.1002E+04
  0.3007E-01  0.9772E+03  0.8976E+01  0.9828E+03  0.9828E+03
  0.3100E-01  0.9486E+03  0.9402E+01  0.9640E+03  0.9640E+03
  0.3193E-01  0.9382E+03  0.1014E+02  0.9451E+03  0.9451E+03
  0.3286E-01  0.9349E+03  0.9046E+01  0.9261E+03  0.9261E+03
  0.3379E-01  0.9084E+03  0.8186E+01  0.9071E+03  0.9071E+03
  0.3472E-01  0.8892E+03  0.8914E+01  0.8882E+03  0.8882E+03
  0.3564E-01  0.8852E+03  0.9105E+01  0.8693E+03  0.8693E+03
  0.3657E-01  0.8474E+03  0.8590E+01  0.8504E+03  0.8504E+03
  0.3750E-01  0.8369E+03  0.8513E+01  0.8316E+03  0.8316E+03
  0.3843E-01  0.7971E+03  0.8551E+01  0.8129E+03  0.8129E+03
  0.3936E-01  0.7805E+03  0.8170E+01  0.7944E+03  0.7944E+03
  0.4029E-01  0.7666E+03  0.7109E+01  0.7760E+03  0.7760E+03
  0.4122E-01  0.7550E+03  0.7786E+01  0.7577E+03  0.7577E+03
  0.4215E-01  0.7310E+03  0.8252E+01  0.7397E+03  0.7397E+03
  0.4308E-01  0.7093E+03  0.7059E+01  0.7219E+03  0.7219E+03
  0.4401E-01  0.6955E+03  0.7100E+01  0.7042E+03  0.7042E+03
  0.4494E-01  0.6698E+03  0.7089E+01  0.6869E+03  0.6869E+03
  0.4587E-01  0.6644E+03  0.7295E+01  0.6697E+03  0.6697E+03
  0.4680E-01  0.6498E+03  0.6756E+01  0.6528E+03  0.6528E+03
  0.4773E-01  0.6363E+03  0.6486E+01  0.6362E+03  0.6362E+03
  0.4865E-01  0.6242E+03  0.6559E+01  0.6199E+03  0.6199E+03
  0.4958E-01  0.6066E+03  0.6631E+01  0.6038E+03  0.6038E+03
  0.5051E-01  0.5999E+03  0.6928E+01  0.5880E+03  0.5880E+03
  0.5144E-01  0.5761E+03  0.6446E+01  0.5725E+03  0.5725E+03
  0.5237E-01  0.5465E+03  0.5914E+01  0.5573E+03  0.5573E+03
  0.5330E-01  0.5577E+03  0.6458E+01  0.5425E+03  0.5425E+03
  0.5423E-01  0.5372E+03  0.6283E+01  0.5279E+03  0.5279E+03
  0.5516E-01  0.5265E+03  0.5770E+01  0.5136E+03  0.5136E+03
  0.5609E-01  0.5099E+03  0.5977E+01  0.4996E+03  0.4996E+03
  0.5702E-01  0.5021E+03  0.5959E+01  0.4859E+03  0.4859E+03
  0.5795E-01  0.4746E+03  0.5795E+01  0.4726E+03  0.4726E+03
  0.5888E-01  0.4600E+03  0.5787E+01  0.4595E+03  0.4595E+03
  0.5981E-01  0.4452E+03  0.5509E+01  0.4467E+03  0.4467E+03
  0.6074E-01  0.4402E+03  0.5326E+01  0.4342E+03  0.4342E+03
  0.6166E-01  0.4282E+03  0.5300E+01  0.4220E+03  0.4220E+03
  0.6259E-01  0.4126E+03  0.5489E+01  0.4101E+03  0.4101E+03
  0.6352E-01  0.4016E+03  0.5172E+01  0.3985E+03  0.3985E+03
  0.6445E-01  0.3811E+03  0.5383E+01  0.3871E+03  0.3871E+03
  0.6538E-01  0.3735E+03  0.5278E+01  0.3761E+03  0.3761E+03
  0.6631E-01  0.3651E+03  0.5152E+01  0.3652E+03  0.3652E+03
  0.6724E-01  0.3557E+03  0.5249E+01  0.3547E+03  0.3547E+03
  0.6817E-01  0.3383E+03  0.4963E+01  0.3443E+03  0.3443E+03
  0.6910E-01  0.3287E+03  0.4994E+01  0.3343E+03  0.3343E+03
  0.7003E-01  0.3300E+03  0.4723E+01  0.3244E+03  0.3244E+03
  0.7096E-01  0.3350E+03  0.5005E+01  0.3148E+03  0.3148E+03
  0.7189E-01  0.3160E+03  0.4685E+01  0.3055E+03  0.3055E+03
  0.7282E-01  0.2974E+03  0.4693E+01  0.2963E+03  0.2963E+03
  0.7375E-01  0.2838E+03  0.4939E+01  0.2874E+03  0.2874E+03
  0.7468E-01  0.2693E+03  0.4751E+01  0.2787E+03  0.2787E+03
  0.7560E-01  0.2557E+03  0.4559E+01  0.2701E+03  0.2701E+03
  0.7653E-01  0.2618E+03  0.4370E+01  0.2618E+03  0.2618E+03
  0.7746E-01  0.2493E+03  0.4543E+01  0.2537E+03  0.2537E+03
  0.7839E-01  0.2453E+03  0.4510E+01  0.2458E+03  0.2458E+03
  0.7932E-01  0.2359E+03  0.4375E+01  0.2380E+03  0.2380E+03
  0.8025E-01  0.2229E+03  0.4288E+01  0.2304E+03  0.2304E+03
  0.8118E-01  0.2196E+03  0.4477E+01  0.2230E+03  0.2230E+03
  0.8211E-01  0.2121E+03  0.4401E+01  0.2158E+03  0.2158E+03
  0.8304E-01  0.2038E+03  0.4225E+01  0.2088E+03  0.2088E+03
  0.8397E-01  0.1964E+03  0.4136E+01  0.2019E+03  0.2019E+03
  0.8490E-01  0.1987E+03  0.4221E+01  0.1952E+03  0.1952E+03
  0.8583E-01  0.1831E+03  0.4102E+01  0.1886E+03  0.1886E+03
  0.8676E-01  0.1774E+03  0.4059E+01  0.1822E+03  0.1822E+03
  0.8769E-01  0.1790E+03  0.4004E+01  0.1759E+03  0.1759E+03
  0.8861E-01  0.1683E+03  0.4069E+01  0.1698E+03  0.1698E+03
  0.8954E-01  0.1635E+03  0.3995E+01  0.1639E+03  0.1639E+03
  0.9047E-01  0.1576E+03  0.4013E+01  0.1581E+03  0.1581E+03
  0.9140E-01  0.1474E+03  0.4162E+01  0.1525E+03  0.1525E+03
  0.9233E-01  0.1490E+03  0.4208E+01  0.1470E+03  0.1470E+03
  0.9326E-01  0.1408E+03  0.3976E+01  0.1416E+03  0.1416E+03
  0.9419E-01  0.1377E+03  0.3797E+01  0.1364E+03  0.1364E+03
  0.9512E-01  0.1314E+03  0.3933E+01  0.1313E+03  0.1313E+03
  0.9605E-01  0.1286E+03  0.3876E+01  0.1264E+03  0.1264E+03
  0.9698E-01  0.1337E+03  0.4135E+01  0.1216E+03  0.1216E+03
  0.9791E-01  0.1254E+03  0.3885E+01  0.1170E+03  0.1170E+03
  0.9884E-01  0.1134E+03  0.3723E+01  0.1125E+03  0.1125E+03
  0.9977E-01  0.9872E+02  0.3716E+01  0.1081E+03  0.1081E+03
  0.1007E+00  0.9892E+02  0.3889E+01  0.1039E+03  0.1039E+03
  0.1016E+00  0.9903E+02  0.3745E+01  0.9978E+02  0.9978E+02
  0.1026E+00  0.9578E+02  0.3533E+01  0.9582E+02  0.9582E+02
  0.1035E+00  0.9730E+02  0.3413E+01  0.9199E+02  0.9199E+02
  0.1044E+00  0.1014E+03  0.3394E+01  0.8829E+02  0.8829E+02
  0.1053E+00  0.8740E+02  0.3456E+01  0.8473E+02  0.8473E+02
  0.1063E+00  0.7927E+02  0.3541E+01  0.8129E+02  0.8129E+02
  0.1072E+00  0.7685E+02  0.3398E+01  0.7797E+02  0.7797E+02
  0.1081E+00  0.7861E+02  0.3608E+01  0.7478E+02  0.7478E+02
  0.1091E+00  0.7051E+02  0.3558E+01  0.7171E+02  0.7171E+02
  0.1100E+00  0.6775E+02  0.3424E+01  0.6876E+02  0.6876E+02
  0.1109E+00  0.6558E+02  0.3463E+01  0.6593E+02  0.6593E+02
  0.1118E+00  0.6877E+02  0.3447E+01  0.6322E+02  0.6322E+02
  0.1128E+00  0.6107E+02  0.3383E+01  0.6062E+02  0.6062E+02
  0.1137E+00  0.5934E+02  0.3337E+01  0.5813E+02  0.5813E+02
  0.1146E+00  0.5376E+02  0.3220E+01  0.5575E+02  0.5575E+02
  0.1156E+00  0.5643E+02  0.3206E+01  0.5348E+02  0.5348E+02
  0.1165E+00  0.6071E+02  0.3394E+01  0.5131E+02  0.5131E+02
  0.1174E+00  0.5304E+02  0.3062E+01  0.4924E+02  0.4924E+02
  0.1184E+00  0.4809E+02  0.3134E+01  0.4726E+02  0.4726E+02
  0.1193E+00  0.4228E+02  0.3205E+01  0.4538E+02  0.4538E+02
  0.1202E+00  0.4063E+02  0.3209E+01  0.4359E+02  0.4359E+02
  0.1211E+00  0.4054E+02  0.3019E+01  0.4189E+02  0.4189E+02
  0.1221E+00  0.3487E+02  0.3174E+01  0.4027E+02  0.4027E+02
  0.1230E+00  0.4088E+02  0.3234E+01  0.3874E+02  0.3874E+02
  0.1239E+00  0.3802E+02  0.3241E+01  0.3728E+02  0.3728E+02
  0.1249E+00  0.3709E+02  0.3260E+01  0.3590E+02  0.3590E+02
  0.1258E+00  0.3096E+02  0.3173E+01  0.3459E+02  0.3459E+02
  0.1267E+00  0.2961E+02  0.3127E+01  0.3335E+02  0.3335E+02
  0.1276E+00  0.2888E+02  0.3177E+01  0.3218E+02  0.3218E+02
  0.1286E+00  0.2434E+02  0.3104E+01  0.3107E+02  0.3107E+02
  0.1295E+00  0.2467E+02  0.3101E+01  0.3002E+02  0.3002E+02
  0.1304E+00  0.2165E+02  0.3192E+01  0.2902E+02  0.2902E+02
  0.1314E+00  0.2480E+02  0.3320E+01  0.2808E+02  0.2808E+02
  0.1323E+00  0.2361E+02  0.3036E+01  0.2720E+02  0.2720E+02
  0.1332E+00  0.2514E+02  0.3077E+01  0.2636E+02  0.2636E+02
  0.1342E+00  0.2166E+02  0.3062E+01  0.2557E+02  0.2557E+02
  0.1351E+00  0.1951E+02  0.3121E+01  0.2482E+02  0.2482E+02
  0.1360E+00  0.2656E+02  0.3193E+01  0.2412E+02  0.2412E+02
  0.1369E+00  0.2199E+02  0.3068E+01  0.2346E+02  0.2346E+02
  0.1379E+00  0.2291E+02  0.3292E+01  0.2283E+02  0.2283E+02
  0.1388E+00  0.2312E+02  0.2857E+01  0.2224E+02  0.2224E+02
  0.1397E+00  0.2447E+02  0.2963E+01  0.2169E+02  0.2169E+02
  0.1407E+00  0.2475E+02  0.2895E+01  0.2116E+02  0.2116E+02
  0.1416E+00  0.2522E+02  0.2814E+01  0.2067E+02  0.2067E+02
  0.1425E+00  0.2833E+02  0.3137E+01  0.2021E+02  0.2021E+02
  0.1434E+00  0.2508E+02  0.3014E+01  0.1978E+02  0.1978E+02
  0.1444E+00  0.1960E+02  0.2948E+01  0.1937E+02  0.1937E+02
  0.1453E+00  0.1799E+02  0.3043E+01  0.1900E+02  0.1900E+02
  0.1462E+00  0.2298E+02  0.3363E+01  0.1864E+02  0.1864E+02
  0.1472E+00  0.2304E+02  0.3050E+01  0.1831E+02  0.1831E+02
  0.1481E+00  0.1985E+02  0.2849E+01  0.1800E+02  0.1800E+02
  0.1490E+00  0.2032E+02  0.2984E+01  0.1772E+02  0.1772E+02
  0.1499E+00  0.1767E+02  0.2953E+01  0.1745E+02  0.1745E+02
  0.1509E+00  0.1876E+02  0.2863E+01  0.1721E+02  0.1721E+02
  0.1518E+00  0.1666E+02  0.2965E+01  0.1699E+02  0.1699E+02
  0.1527E+00  0.1756E+02  0.2969E+01  0.1678E+02  0.1678E+02
  0.1537E+00  0.1849E+02  0.2910E+01  0.1660E+02  0.1660E+02
  0.1546E+00  0.1840E+02  0.2785E+01  0.1643E+02  0.1643E+02
  0.1555E+00  0.1840E+02  0.3020E+01  0.1628E+02  0.1628E+02
  0.1565E+00  0.6918E+01  0.2963E+01  0.1615E+02  0.1615E+02
  0.1574E+00  0.1402E+02  0.2923E+01  0.1603E+02  0.1603E+02
  0.1583E+00  0.9789E+01  0.2870E+01  0.1593E+02  0.1593E+02
  0.1592E+00  0.9884E+01  0.2789E+01  0.1585E+02  0.1585E+02
  0.1602E+00  0.1463E+02  0.2765E+01  0.1578E+02  0.1578E+02
  0.1611E+00  0.1830E+02  0.2754E+01  0.1572E+02  0.1572E+02
  0.1620E+00  0.2080E+02  0.2823E+01  0.1568E+02  0.1568E+02
  0.1630E+00  0.1883E+02  0.2923E+01  0.1565E+02  0.1565E+02
  0.1639E+00  0.2199E+02  0.2804E+01  0.1563E+02  0.1563E+02
  0.1648E+00  0.1699E+02  0.2779E+01  0.1562E+02  0.1562E+02
  0.1657E+00  0.1259E+02  0.2744E+01  0.1563E+02  0.1563E+02
  0.1667E+00  0.1404E+02  0.2753E+01  0.1564E+02  0.1564E+02
  0.1676E+00  0.1618E+02  0.2836E+01  0.1567E+02  0.1567E+02
  0.1685E+00  0.1315E+02  0.2853E+01  0.1570E+02  0.1570E+02
  0.1695E+00  0.1413E+02  0.2884E+01  0.1574E+02  0.1574E+02
  0.1704E+00  0.9886E+01  0.2835E+01  0.1578E+02  0.1578E+02
  0.1713E+00  0.1763E+02  0.2944E+01  0.1583E+02  0.1583E+02
  0.1723E+00  0.2095E+02  0.2962E+01  0.1589E+02  0.1589E+02
  0.1732E+00  0.1975E+02  0.2849E+01  0.1595E+02  0.1595E+02
  0.1741E+00  0.1672E+02  0.2875E+01  0.1601E+02  0.1601E+02
  0.1750E+00  0.1039E+02  0.2787E+01  0.1607E+02  0.1607E+02
  0.1760E+00  0.1479E+02  0.2726E+01  0.1614E+02  0.1614E+02
  0.1769E+00  0.1316E+02  0.2744E+01  0.1620E+02  0.1620E+02
  0.1778E+00  0.9021E+01  0.2650E+01  0.1627E+02  0.1627E+02
  0.1788E+00  0.1319E+02  0.2690E+01  0.1633E+02  0.1633E+02
  0.1797E+00  0.1552E+02  0.2686E+01  0.1639E+02  0.1639E+02
  0.1806E+00  0.1778E+02  0.2679E+01  0.1645E+02  0.1645E+02
  0.1815E+00  0.1432E+02  0.2642E+01  0.1650E+02  0.1650E+02
  0.1825E+00  0.1766E+02  0.2655E+01  0.1655E+02  0.1655E+02
  0.1834E+00  0.2273E+02  0.2581E+01  0.1659E+02  0.1659E+02
  0.1843E+00  0.2152E+02  0.2595E+01  0.1663E+02  0.1663E+02
  0.1853E+00  0.1964E+02  0.2707E+01  0.1666E+02  0.1666E+02
  0.1862E+00  0.1874E+02  0.2706E+01  0.1668E+02  0.1668E+02
  0.1871E+00  0.1817E+02  0.2774E+01  0.1669E+02  0.1669E+02
  0.1880E+00  0.1246E+02  0.2680E+01  0.1670E+02  0.1670E+02
  0.1890E+00  0.1622E+02  0.2591E+01  0.1670E+02  0.1670E+02
  0.1899E+00  0.1617E+02  0.2574E+01  0.1668E+02  0.1668E+02
  0.1908E+00  0.9271E+01  0.2564E+01  0.1666E+02  0.1666E+02
  0.1918E+00  0.1355E+02  0.2604E+01  0.1663E+02  0.1663E+02
  0.1927E+00  0.2413E+02  0.2628E+01  0.1660E+02  0.1660E+02
  0.1936E+00  0.1373E+02  0.2628E+01  0.1655E+02  0.1655E+02
  0.1946E+00  0.1498E+02  0.2681E+01  0.1649E+02  0.1649E+02
  0.1955E+00  0.1954E+02  0.2593E+01  0.1643E+02  0.1643E+02
  0.1964E+00  0.2032E+02  0.2631E+01  0.1635E+02  0.1635E+02
  0.1973E+00  0.1673E+02  0.2683E+01  0.1627E+02  0.1627E+02
  0.1983E+00  0.1558E+02  0.2553E+01  0.1618E+02  0.1618E+02
  0.1992E+00  0.1514E+02  0.2629E+01  0.1608E+02  0.1608E+02
  0.2001E+00  0.2103E+02  0.2561E+01  0.1598E+02  0.1598E+02
  0.2011E+00  0.1744E+02  0.2720E+01  0.1587E+02  0.1587E+02
  0.2020E+00  0.1402E+02  0.2507E+01  0.1576E+02  0.1576E+02
  0.2029E+00  0.1305E+02  0.2520E+01  0.1564E+02  0.1564E+02
  0.2038E+00  0.1645E+02  0.2510E+01  0.1551E+02  0.1551E+02
  0.2048E+00  0.1713E+02  0.2495E+01  0.1539E+02  0.1539E+02
  0.2057E+00  0.1973E+02  0.2504E+01  0.1526E+02  0.1526E+02
  0.2066E+00  0.1709E+02  0.2525E+01  0.1513E+02  0.1513E+02
  0.2076E+00  0.1487E+02  0.2565E+01  0.1500E+02  0.1500E+02
  0.2085E+00  0.1477E+02  0.2453E+01  0.1486E+02  0.1486E+02
  0.2094E+00  0.1038E+02  0.2499E+01  0.1473E+02  0.1473E+02
  0.2104E+00  0.1313E+02  0.2531E+01  0.1460E+02  0.1460E+02
  0.2113E+00  0.1418E+02  0.2467E+01  0.1447E+02  0.1447E+02
  0.2122E+00  0.1468E+02  0.2374E+01  0.1435E+02  0.1435E+02
  0.2131E+00  0.9053E+01  0.2525E+01  0.1423E+02  0.1423E+02
  0.2141E+00  0.1196E+02  0.2472E+01  0.1411E+02  0.1411E+02
  0.2150E+00  0.1368E+02  0.2456E+01  0.1400E+02  0.1400E+02
  0.2159E+00  0.1441E+02  0.2418E+01  0.1389E+02  0.1389E+02
  0.2169E+00  0.1442E+02  0.2346E+01  0.1379E+02  0.1379E+02
  0.2178E+00  0.1860E+02  0.2399E+01  0.1369E+02  0.1369E+02
  0.2187E+00  0.1702E+02  0.2402E+01  0.1360E+02  0.1360E+02
  0.2196E+00  0.1073E+02  0.2354E+01  0.1352E+02  0.1352E+02
  0.2206E+00  0.9926E+01  0.2457E+01  0.1344E+02  0.1344E+02
  0.2215E+00  0.1166E+02  0.2441E+01  0.1337E+02  0.1337E+02
  0.2224E+00  0.1202E+02  0.2315E+01  0.1331E+02  0.1331E+02
  0.2234E+00  0.1258E+02  0.2353E+01  0.1326E+02  0.1326E+02
  0.2243E+00  0.1695E+02  0.2373E+01  0.1321E+02  0.1321E+02
  0.2252E+00  0.1630E+02  0.2336E+01  0.1317E+02  0.1317E+02
  0.2262E+00  0.1316E+02  0.2354E+01  0.1314E+02  0.1314E+02
  0.2271E+00  0.1274E+02  0.2324E+01  0.1311E+02  0.1311E+02
  0.2280E+00  0.1104E+02  0.2276E+01  0.1309E+02  0.1309E+02
  0.2289E+00  0.1170E+02  0.2344E+01  0.1308E+02  0.1308E+02
  0.2299E+00  0.1290E+02  0.2402E+01  0.1307E+02  0.1307E+02
  0.2308E+00  0.1608E+02  0.2398E+01  0.1307E+02  0.1307E+02
  0.2317E+00  0.8424E+01  0.2394E+01  0.1307E+02  0.1307E+02
  0.2327E+00  0.1035E+02  0.2576E+01  0.1308E+02  0.1308E+02
  0.2336E+00  0.1951E+02  0.2441E+01  0.1309E+02  0.1309E+02
  0.2345E+00  0.1790E+02  0.2419E+01  0.1310E+02  0.1310E+02
  0.2354E+00  0.1364E+02  0.2353E+01  0.1311E+02  0.1311E+02
  0.2364E+00  0.1328E+02  0.2398E+01  0.1313E+02  0.1313E+02
  0.2373E+00  0.1497E+02  0.2470E+01  0.1315E+02  0.1315E+02
  0.2382E+00  0.9404E+01  0.2428E+01  0.1317E+02  0.1317E+02
  0.2392E+00  0.1270E+02  0.2375E+01  0.1319E+02  0.1319E+02
  0.2401E+00  0.1211E+02  0.2414E+01  0.1321E+02  0.1321E+02
  0.2410E+00  0.1128E+02  0.2364E+01  0.1322E+02  0.1322E+02
  0.2420E+00  0.1142E+02  0.2468E+01  0.1324E+02  0.1324E+02
  0.2429E+00  0.9068E+01  0.2450E+01  0.1325E+02  0.1325E+02
  0.2438E+00  0.1157E+02  0.2507E+01  0.1326E+02  0.1326E+02
  0.2447E+00  0.1183E+02  0.2451E+01  0.1326E+02  0.1326E+02
  0.2457E+00  0.1438E+02  0.2491E+01  0.1327E+02  0.1327E+02
  0.2466E+00  0.1296E+02  0.2466E+01  0.1326E+02  0.1326E+02
  0.2475E+00  0.1007E+02  0.2467E+01  0.1326E+02  0.1326E+02
  0.2485E+00  0.1333E+02  0.2413E+01  0.1325E+02  0.1325E+02
  0.2494E+00  0.1686E+02  0.2432E+01  0.1323E+02  0.1323E+02
  0.2503E+00  0.1339E+02  0.2381E+01  0.1321E+02  0.1321E+02
  0.2512E+00  0.1410E+02  0.2558E+01  0.1318E+02  0.1318E+02
  0.2522E+00  0.1419E+02  0.2420E+01  0.1314E+02  0.1314E+02
  0.2531E+00  0.1369E+02  0.2367E+01  0.1311E+02  0.1311E+02
  0.2540E+00  0.1578E+02  0.2424E+01  0.1306E+02  0.1306E+02
  0.2550E+00  0.1687E+02  0.2574E+01  0.1301E+02  0.1301E+02
  0.2559E+00  0.9730E+01  0.2357E+01  0.1296E+02  0.1296E+02
  0.2568E+00  0.1193E+02  0.2429E+01  0.1290E+02  0.1290E+02
  0.2577E+00  0.1409E+02  0.2466E+01  0.1284E+02  0.1284E+02
  0.2587E+00  0.1644E+02  0.2419E+01  0.1277E+02  0.1277E+02
  0.2596E+00  0.1151E+02  0.2391E+01  0.1270E+02  0.1270E+02
  0.2605E+00  0.1136E+02  0.2391E+01  0.1262E+02  0.1262E+02
  0.2615E+00  0.1557E+02  0.2321E+01  0.1255E+02  0.1255E+02
  0.2624E+00  0.1743E+02  0.2356E+01  0.1247E+02  0.1247E+02
  0.2633E+00  0.1362E+02  0.2372E+01  0.1239E+02  0.1239E+02
  0.2643E+00  0.1284E+02  0.2502E+01  0.1231E+02  0.1231E+02
  0.2652E+00  0.1313E+02  0.2355E+01  0.1223E+02  0.1223E+02
  0.2661E+00  0.1185E+02  0.2418E+01  0.1215E+02  0.1215E+02
  0.2670E+00  0.1192E+02  0.2383E+01  0.1207E+02  0.1207E+02
  0.2680E+00  0.1408E+02  0.2321E+01  0.1199E+02  0.1199E+02
  0.2689E+00  0.1254E+02  0.2383E+01  0.1192E+02  0.1192E+02
  0.2698E+00  0.8324E+01  0.2347E+01  0.1185E+02  0.1185E+02
  0.2708E+00  0.7772E+01  0.2372E+01  0.1178E+02  0.1178E+02
  0.2717E+00  0.5744E+01  0.2346E+01  0.1172E+02  0.1172E+02
  0.2726E+00  0.7987E+01  0.2380E+01  0.1166E+02  0.1166E+02
  0.2735E+00  0.1513E+02  0.2374E+01  0.1161E+02  0.1161E+02
  0.2745E+00  0.1100E+02  0.2415E+01  0.1156E+02  0.1156E+02
  0.2754E+00  0.8791E+01  0.2469E+01  0.1153E+02  0.1153E+02
  0.2763E+00  0.1226E+02  0.2489E+01  0.1149E+02  0.1149E+02
  0.2773E+00  0.1394E+02  0.2436E+01  0.1147E+02  0.1147E+02
  0.2782E+00  0.1454E+02  0.2495E+01  0.1145E+02  0.1145E+02
  0.2791E+00  0.7387E+01  0.2406E+01  0.1145E+02  0.1145E+02
  0.2801E+00  0.8837E+01  0.2373E+01  0.1145E+02  0.1145E+02
  0.2810E+00  0.1397E+02  0.2434E+01  0.1146E+02  0.1146E+02
  0.2819E+00  0.1154E+02  0.2470E+01  0.1147E+02  0.1147E+02
  0.2828E+00  0.8418E+01  0.2439E+01  0.1150E+02  0.1150E+02
  0.2838E+00  0.8852E+01  0.2423E+01  0.1154E+02  0.1154E+02
  0.2847E+00  0.8055E+01  0.2432E+01  0.1158E+02  0.1158E+02
  0.2856E+00  0.9383E+01  0.2528E+01  0.1163E+02  0.1163E+02
  0.2866E+00  0.1152E+02  0.2577E+01  0.1169E+02  0.1169E+02
  0.2875E+00  0.1909E+02  0.2572E+01  0.1176E+02  0.1176E+02
  0.2884E+00  0.1661E+02  0.2545E+01  0.1183E+02  0.1183E+02
  0.2893E+00  0.1255E+02  0.2641E+01  0.1192E+02  0.1192E+02
  0.2903E+00  0.1601E+02  0.2694E+01  0.1200E+02  0.1200E+02
  0.2912E+00  0.1079E+02  0.2814E+01  0.1210E+02  0.1210E+02

           Distance distribution  function of particle  


       R          P(R)      ERROR

  0.0000E+00  0.0000E+00  0.0000E+00
  0.1167E+01  0.1186E+00  0.1169E-01
  0.2334E+01  0.2140E+00  0.1724E-01
  0.3501E+01  0.2895E+00  0.1735E-01
  0.4668E+01  0.3494E+00  0.1315E-01
  0.5835E+01  0.3997E+00  0.6168E-02
  0.7002E+01  0.4467E+00  0.3638E-02
  0.8169E+01  0.4969E+00  0.1171E-01
  0.9336E+01  0.5560E+00  0.1884E-01
  0.1050E+02  0.6285E+00  0.2360E-01
  0.1167E+02  0.7176E+00  0.2530E-01
  0.1284E+02  0.8242E+00  0.2374E-01
  0.1400E+02  0.9476E+00  0.1919E-01
  0.1517E+02  0.1085E+01  0.1246E-01
  0.1634E+02  0.1233E+01  0.5917E-02
  0.1750E+02  0.1386E+01  0.8585E-02
  0.1867E+02  0.1538E+01  0.1613E-01
  0.1984E+02  0.1684E+01  0.2262E-01
  0.2101E+02  0.1819E+01  0.2670E-01
  0.2217E+02  0.1939E+01  0.2780E-01
  0.2334E+02  0.2041E+01  0.2579E-01
  0.2451E+02  0.2124E+01  0.2103E-01
  0.2567E+02  0.2189E+01  0.1456E-01
  0.2684E+02  0.2236E+01  0.9268E-02
  0.2801E+02  0.2268E+01  0.1133E-01
  0.2918E+02  0.2288E+01  0.1806E-01
  0.3034E+02  0.2299E+01  0.2437E-01
  0.3151E+02  0.2304E+01  0.2851E-01
  0.3268E+02  0.2304E+01  0.2975E-01
  0.3384E+02  0.2301E+01  0.2791E-01
  0.3501E+02  0.2295E+01  0.2330E-01
  0.3618E+02  0.2285E+01  0.1690E-01
  0.3734E+02  0.2269E+01  0.1117E-01
  0.3851E+02  0.2246E+01  0.1160E-01
  0.3968E+02  0.2212E+01  0.1765E-01
  0.4084E+02  0.2166E+01  0.2401E-01
  0.4201E+02  0.2107E+01  0.2845E-01
  0.4318E+02  0.2034E+01  0.3010E-01
  0.4435E+02  0.1947E+01  0.2871E-01
  0.4551E+02  0.1849E+01  0.2461E-01
  0.4668E+02  0.1741E+01  0.1883E-01
  0.4785E+02  0.1628E+01  0.1389E-01
  0.4901E+02  0.1514E+01  0.1427E-01
  0.5018E+02  0.1403E+01  0.1979E-01
  0.5135E+02  0.1299E+01  0.2610E-01
  0.5252E+02  0.1205E+01  0.3082E-01
  0.5368E+02  0.1123E+01  0.3292E-01
  0.5485E+02  0.1055E+01  0.3207E-01
  0.5602E+02  0.1000E+01  0.2860E-01
  0.5718E+02  0.9574E+00  0.2357E-01
  0.5835E+02  0.9238E+00  0.1921E-01
  0.5952E+02  0.8966E+00  0.1877E-01
  0.6068E+02  0.8723E+00  0.2283E-01
  0.6185E+02  0.8478E+00  0.2837E-01
  0.6302E+02  0.8205E+00  0.3286E-01
  0.6419E+02  0.7886E+00  0.3497E-01
  0.6535E+02  0.7516E+00  0.3427E-01
  0.6652E+02  0.7097E+00  0.3101E-01
  0.6769E+02  0.6645E+00  0.2631E-01
  0.6885E+02  0.6184E+00  0.2246E-01
  0.7002E+02  0.5740E+00  0.2243E-01
  0.7119E+02  0.5342E+00  0.2665E-01
  0.7235E+02  0.5016E+00  0.3243E-01
  0.7352E+02  0.4779E+00  0.3729E-01
  0.7469E+02  0.4639E+00  0.3984E-01
  0.7586E+02  0.4593E+00  0.3954E-01
  0.7702E+02  0.4623E+00  0.3663E-01
  0.7819E+02  0.4705E+00  0.3217E-01
  0.7936E+02  0.4803E+00  0.2814E-01
  0.8052E+02  0.4882E+00  0.2708E-01
  0.8169E+02  0.4906E+00  0.2980E-01
  0.8286E+02  0.4843E+00  0.3437E-01
  0.8402E+02  0.4677E+00  0.3829E-01
  0.8519E+02  0.4398E+00  0.3996E-01
  0.8636E+02  0.4017E+00  0.3870E-01
  0.8753E+02  0.3556E+00  0.3478E-01
  0.8869E+02  0.3049E+00  0.2952E-01
  0.8986E+02  0.2540E+00  0.2569E-01
  0.9103E+02  0.2073E+00  0.2646E-01
  0.9219E+02  0.1692E+00  0.3166E-01
  0.9336E+02  0.1431E+00  0.3803E-01
  0.9453E+02  0.1310E+00  0.4288E-01
  0.9569E+02  0.1333E+00  0.4482E-01
  0.9686E+02  0.1486E+00  0.4366E-01
  0.9803E+02  0.1736E+00  0.4051E-01
  0.9920E+02  0.2038E+00  0.3806E-01
  0.1004E+03  0.2337E+00  0.3959E-01
  0.1015E+03  0.2579E+00  0.4589E-01
  0.1027E+03  0.2713E+00  0.5426E-01
  0.1039E+03  0.2706E+00  0.6124E-01
  0.1050E+03  0.2543E+00  0.6420E-01
  0.1062E+03  0.2233E+00  0.6168E-01
  0.1074E+03  0.1810E+00  0.5373E-01
  0.1085E+03  0.1327E+00  0.4300E-01
  0.1097E+03  0.8501E-01  0.3722E-01
  0.1109E+03  0.4485E-01  0.4480E-01
  0.1120E+03  0.1758E-01  0.5983E-01
  0.1132E+03  0.5538E-02  0.7131E-01
  0.1144E+03  0.6119E-02  0.7047E-01
  0.1155E+03  0.1008E-01  0.4933E-01
  0.1167E+03  0.0000E+00  0.0000E+00
          Reciprocal space: Rg =   33.46     , I(0) =   0.1359E+04
     Real space: Rg =   33.52 +- 0.213  I(0) =   0.1359E+04 +-  0.5019E+01
