
           ####    G N O M   ---   Version 4.5a revised 09/02/02     ####

                                                  Sun Nov  5 12:16:40 2017
           ===    Run No   1   ===
 Run title:  0.000357376 0 0


  Number of points omitted at the end:         431
   *******   Working Directory :
   *******    Input file(s) : 24697_01D_S120_0_01.sub
           Condition P(rmin) = 0 is used. 
           Condition P(rmax) = 0 is used. 

          Experimental conditions for the first run
          -----------------------------------------

          Highest ALPHA is found to be   0.8168E+03

  The measure of inconsistency AN1 equals to    0.6744E+00
     Alpha    Discrp  Oscill  Stabil  Sysdev  Positv  Valcen    Total   
  0.8168E+06 35.8929  1.6717  0.9862  0.0000  1.0000  0.7512  0.00001
  0.1634E+06 35.3283  1.6701  0.9711  0.0000  1.0000  0.7515  0.00001
  0.3267E+05 32.7674  1.6623  0.9028  0.0000  1.0000  0.7529  0.00001
  0.6535E+04 24.2568  1.6282  0.6784  0.0303  1.0000  0.7592  0.00001
  0.1307E+04 11.4172  1.5282  0.3543  0.2424  1.0000  0.7794  0.00001
  0.2614E+03  3.9751  1.3985  0.1677  0.4242  1.0000  0.8110  0.00001
  0.5228E+02  1.6247  1.3059  0.0828  0.6970  1.0000  0.8348  0.41323
  0.1046E+02  1.2261  1.2596  0.0386  0.6970  1.0000  0.8444  0.10000
  0.2091E+01  1.1677  1.2544  0.0181  0.7576  1.0000  0.8468  0.10000
  0.4182E+00  1.1486  1.2963  0.0165  0.7879  1.0000  0.8474  0.10000
  0.8364E-01  1.1300  1.5466  0.0353  0.7576  1.0000  0.8474  0.10000
  0.1673E-01  1.1011  2.8332  0.0993  0.7273  1.0000  0.8438  0.10000
  0.3346E-02  1.0709  5.4591  0.0949  0.7576  0.9979  0.8274  0.10000
  0.6691E-03  1.0624  7.3257  0.0886  0.7576  0.9939  0.8082  0.10000
  0.1338E-03  1.0590 10.4940  0.2530  0.7576  0.9838  0.7785  0.10000
  0.2677E-04  1.0535 17.5433  0.7702  0.7576  0.9415  0.5520  0.10000
  0.5353E-05  1.0386 18.8036  0.7368  0.7879  0.8059  0.2933  0.10000
  0.1071E-05  1.0206 18.3689  0.3542  0.7727  0.7513  0.2780  0.10000
  0.2141E-06  1.0156 17.9326  0.1633  0.7727  0.7380  0.2805  0.10000
  0.4283E-07  1.0146 18.0901  0.3809  0.7727  0.7297  0.3135  0.10000
  0.8565E-08  1.0118 23.2473  0.8112  0.7727  0.7103  0.3081  0.10000
  0.1713E-08  0.9995 26.2067  0.8986  0.7424  0.6914  0.3513  0.10000
  0.3426E-09  0.9536 28.5344  0.7710  0.7424  0.6950  0.3524  0.10000
  0.6852E-10  0.8349 32.1885  0.6573  0.7727  0.7011  0.3328  0.10000
  0.1370E-10  0.6321 34.6396  0.5219  0.7727  0.6943  0.3509  0.10000
  0.2741E-11  0.4195 36.6864  0.3747  0.8333  0.6765  0.3628  0.10000
  0.5482E-12  0.2497 40.7735  0.3256  0.9848  0.6712  0.3348  0.10000
  0.1096E-12  0.1149 45.3090  0.2381  0.9242  0.7079  0.3124  0.10000
  0.2193E-13  0.0368 47.8609  0.1126  0.9848  0.7243  0.3488  0.10000
  0.4385E-14  0.0086 48.6980  0.0304  1.0455  0.7264  0.3511  0.10000
  0.8771E-15  0.0018 48.8896  0.0065  1.0455  0.7268  0.3509  0.10000

          ***  Golden section search to maximize estimate ***
     Alpha    Discrp  Oscill  Stabil  Sysdev  Positv  Valcen    Total   
  0.1788E+03  3.0898  1.3727  0.1416  0.4242  1.0000  0.8179  0.00001
  0.1866E+00  1.1397  1.3723  0.0218  0.7879  1.0000  0.8475  0.10000
  0.8361E+02  1.9865  1.3283  0.1018  0.5758  1.0000  0.8294  0.36839
  0.6074E+01  1.1954  1.2539  0.0296  0.6970  1.0000  0.8457  0.10000
  0.6255E+02  1.7409  1.3139  0.0896  0.6364  1.0000  0.8329  0.38916
  0.2297E+02  1.3264  1.2764  0.0565  0.7273  1.0000  0.8412  0.46297
  0.1382E+02  1.2510  1.2643  0.0442  0.7273  1.0000  0.8435  0.10000
  0.3145E+02  1.4054  1.2862  0.0656  0.7576  1.0000  0.8392  0.46765
  0.3819E+02  1.4731  1.2931  0.0718  0.7576  1.0000  0.8377  0.45841
  0.2789E+02  1.3713  1.2822  0.0620  0.7576  1.0000  0.8400  0.47241
  0.2590E+02  1.3528  1.2799  0.0598  0.7576  1.0000  0.8405  0.47499
  0.2474E+02  1.3422  1.2785  0.0585  0.7576  1.0000  0.8407  0.47645
  0.2405E+02  1.3360  1.2777  0.0577  0.7576  1.0000  0.8409  0.47731
  0.2363E+02  1.3323  1.2772  0.0573  0.7273  1.0000  0.8410  0.46217
  0.2431E+02  1.3384  1.2780  0.0580  0.7576  1.0000  0.8409  0.47699
  0.2389E+02  1.3346  1.2775  0.0576  0.7576  1.0000  0.8410  0.47751
  0.2379E+02  1.3337  1.2774  0.0574  0.7273  1.0000  0.8410  0.46197
  0.2395E+02  1.3351  1.2776  0.0576  0.7576  1.0000  0.8409  0.47743
  0.2389E+02  1.3346  1.2775  0.0576  0.7576  1.0000  0.8410  0.47751



             ####            Final results            ####

 Parameter    DISCRP    OSCILL    STABIL    SYSDEV    POSITV    VALCEN
 Weight        1.000     3.000     3.000     4.000     1.000     1.000
 Sigma         0.500     0.600     0.120     0.200     0.120     0.120
 Ideal         1.000     1.100     0.000     1.000     1.000     0.950
 Current       1.335     1.278     0.058     0.758     1.000     0.841
                - - - - - - - - - - - - - - - - - - - - - - - - - 
 Estimate      0.639     0.916     0.795     0.230     1.000     0.438

  Angular   range    :     from    0.0087   to    0.1315
  Real space range   :     from      0.00   to    317.70

  Highest ALPHA (theor) :   0.817E+06                 JOB = 0
  Current ALPHA         :   0.239E+02   Rg :  0.102E+03   I(0) :   0.134E+03

           Total  estimate : 0.478  which is  A SUSPICIOUS  solution

      S          J EXP       ERROR       J REG       I REG

  0.0000E+00                                      0.1338E+03
  0.9696E-03                                      0.1334E+03
  0.1939E-02                                      0.1321E+03
  0.2909E-02                                      0.1300E+03
  0.3878E-02                                      0.1270E+03
  0.4848E-02                                      0.1234E+03
  0.5818E-02                                      0.1191E+03
  0.6787E-02                                      0.1143E+03
  0.7757E-02                                      0.1090E+03
  0.8726E-02  0.1260E+03  0.8096E+01  0.1033E+03  0.1033E+03
  0.9656E-02  0.1169E+03  0.4794E+01  0.9769E+02  0.9769E+02
  0.1059E-01  0.1061E+03  0.3220E+01  0.9192E+02  0.9192E+02
  0.1152E-01  0.9431E+02  0.2292E+01  0.8611E+02  0.8611E+02
  0.1245E-01  0.8662E+02  0.1807E+01  0.8034E+02  0.8034E+02
  0.1338E-01  0.7941E+02  0.1455E+01  0.7469E+02  0.7469E+02
  0.1431E-01  0.7168E+02  0.1120E+01  0.6923E+02  0.6923E+02
  0.1524E-01  0.6428E+02  0.9161E+00  0.6401E+02  0.6401E+02
  0.1617E-01  0.5872E+02  0.7801E+00  0.5907E+02  0.5907E+02
  0.1710E-01  0.5348E+02  0.6942E+00  0.5445E+02  0.5445E+02
  0.1803E-01  0.4956E+02  0.6398E+00  0.5016E+02  0.5016E+02
  0.1896E-01  0.4705E+02  0.5831E+00  0.4623E+02  0.4623E+02
  0.1989E-01  0.4372E+02  0.5575E+00  0.4264E+02  0.4264E+02
  0.2081E-01  0.3961E+02  0.5116E+00  0.3940E+02  0.3940E+02
  0.2174E-01  0.3631E+02  0.4933E+00  0.3649E+02  0.3649E+02
  0.2267E-01  0.3403E+02  0.4601E+00  0.3388E+02  0.3388E+02
  0.2360E-01  0.3180E+02  0.4304E+00  0.3155E+02  0.3155E+02
  0.2453E-01  0.2986E+02  0.4182E+00  0.2947E+02  0.2947E+02
  0.2546E-01  0.2868E+02  0.4134E+00  0.2762E+02  0.2762E+02
  0.2639E-01  0.2695E+02  0.3836E+00  0.2596E+02  0.2596E+02
  0.2732E-01  0.2544E+02  0.3523E+00  0.2447E+02  0.2447E+02
  0.2825E-01  0.2328E+02  0.3343E+00  0.2311E+02  0.2311E+02
  0.2918E-01  0.2148E+02  0.3258E+00  0.2188E+02  0.2188E+02
  0.3011E-01  0.2067E+02  0.3231E+00  0.2074E+02  0.2074E+02
  0.3104E-01  0.1976E+02  0.3145E+00  0.1968E+02  0.1968E+02
  0.3197E-01  0.1831E+02  0.3012E+00  0.1868E+02  0.1868E+02
  0.3290E-01  0.1742E+02  0.3025E+00  0.1774E+02  0.1774E+02
  0.3383E-01  0.1639E+02  0.3185E+00  0.1686E+02  0.1686E+02
  0.3476E-01  0.1598E+02  0.3067E+00  0.1601E+02  0.1601E+02
  0.3569E-01  0.1559E+02  0.3101E+00  0.1521E+02  0.1521E+02
  0.3662E-01  0.1449E+02  0.2860E+00  0.1445E+02  0.1445E+02
  0.3755E-01  0.1337E+02  0.2780E+00  0.1373E+02  0.1373E+02
  0.3848E-01  0.1310E+02  0.2774E+00  0.1306E+02  0.1306E+02
  0.3941E-01  0.1311E+02  0.2615E+00  0.1242E+02  0.1242E+02
  0.4034E-01  0.1243E+02  0.2632E+00  0.1183E+02  0.1183E+02
  0.4127E-01  0.1169E+02  0.2603E+00  0.1128E+02  0.1128E+02
  0.4220E-01  0.1021E+02  0.2584E+00  0.1077E+02  0.1077E+02
  0.4313E-01  0.9706E+01  0.2561E+00  0.1029E+02  0.1029E+02
  0.4406E-01  0.1006E+02  0.2495E+00  0.9858E+01  0.9858E+01
  0.4499E-01  0.9919E+01  0.2437E+00  0.9455E+01  0.9455E+01
  0.4592E-01  0.8881E+01  0.2440E+00  0.9082E+01  0.9082E+01
  0.4685E-01  0.8558E+01  0.2372E+00  0.8735E+01  0.8735E+01
  0.4778E-01  0.8497E+01  0.2350E+00  0.8411E+01  0.8411E+01
  0.4871E-01  0.8272E+01  0.2322E+00  0.8105E+01  0.8105E+01
  0.4964E-01  0.8314E+01  0.2286E+00  0.7814E+01  0.7814E+01
  0.5057E-01  0.8092E+01  0.2269E+00  0.7536E+01  0.7536E+01
  0.5150E-01  0.6943E+01  0.2204E+00  0.7268E+01  0.7268E+01
  0.5243E-01  0.6945E+01  0.2274E+00  0.7007E+01  0.7007E+01
  0.5336E-01  0.6839E+01  0.2246E+00  0.6754E+01  0.6754E+01
  0.5429E-01  0.6118E+01  0.2235E+00  0.6508E+01  0.6508E+01
  0.5522E-01  0.6554E+01  0.2172E+00  0.6268E+01  0.6268E+01
  0.5615E-01  0.6215E+01  0.2131E+00  0.6034E+01  0.6034E+01
  0.5708E-01  0.5751E+01  0.2130E+00  0.5808E+01  0.5808E+01
  0.5801E-01  0.5591E+01  0.2087E+00  0.5591E+01  0.5591E+01
  0.5894E-01  0.5285E+01  0.2109E+00  0.5382E+01  0.5382E+01
  0.5987E-01  0.4659E+01  0.2081E+00  0.5184E+01  0.5184E+01
  0.6080E-01  0.4710E+01  0.1994E+00  0.4996E+01  0.4996E+01
  0.6173E-01  0.4755E+01  0.2048E+00  0.4818E+01  0.4818E+01
  0.6266E-01  0.4797E+01  0.2022E+00  0.4651E+01  0.4651E+01
  0.6359E-01  0.5101E+01  0.1996E+00  0.4495E+01  0.4495E+01
  0.6452E-01  0.4737E+01  0.1953E+00  0.4348E+01  0.4348E+01
  0.6545E-01  0.4258E+01  0.1926E+00  0.4210E+01  0.4210E+01
  0.6638E-01  0.4285E+01  0.1908E+00  0.4080E+01  0.4080E+01
  0.6731E-01  0.4055E+01  0.1885E+00  0.3957E+01  0.3957E+01
  0.6824E-01  0.3999E+01  0.1917E+00  0.3839E+01  0.3839E+01
  0.6917E-01  0.3989E+01  0.1983E+00  0.3726E+01  0.3726E+01
  0.7010E-01  0.3532E+01  0.1876E+00  0.3616E+01  0.3616E+01
  0.7103E-01  0.3367E+01  0.1867E+00  0.3508E+01  0.3508E+01
  0.7196E-01  0.3364E+01  0.1877E+00  0.3401E+01  0.3401E+01
  0.7289E-01  0.3417E+01  0.1832E+00  0.3296E+01  0.3296E+01
  0.7382E-01  0.3162E+01  0.1829E+00  0.3191E+01  0.3191E+01
  0.7475E-01  0.3090E+01  0.1810E+00  0.3088E+01  0.3088E+01
  0.7568E-01  0.3051E+01  0.1806E+00  0.2985E+01  0.2985E+01
  0.7661E-01  0.2798E+01  0.1769E+00  0.2885E+01  0.2885E+01
  0.7754E-01  0.2724E+01  0.1767E+00  0.2786E+01  0.2786E+01
  0.7847E-01  0.2787E+01  0.1756E+00  0.2691E+01  0.2691E+01
  0.7940E-01  0.2572E+01  0.1738E+00  0.2599E+01  0.2599E+01
  0.8033E-01  0.2404E+01  0.1757E+00  0.2511E+01  0.2511E+01
  0.8126E-01  0.2353E+01  0.1767E+00  0.2428E+01  0.2428E+01
  0.8219E-01  0.2159E+01  0.1783E+00  0.2349E+01  0.2349E+01
  0.8312E-01  0.2454E+01  0.1691E+00  0.2276E+01  0.2276E+01
  0.8405E-01  0.2323E+01  0.1699E+00  0.2207E+01  0.2207E+01
  0.8498E-01  0.2271E+01  0.1707E+00  0.2144E+01  0.2144E+01
  0.8591E-01  0.2002E+01  0.1710E+00  0.2085E+01  0.2085E+01
  0.8684E-01  0.2090E+01  0.1656E+00  0.2030E+01  0.2030E+01
  0.8777E-01  0.1529E+01  0.1636E+00  0.1979E+01  0.1979E+01
  0.8870E-01  0.1693E+01  0.1640E+00  0.1931E+01  0.1931E+01
  0.8963E-01  0.1679E+01  0.1630E+00  0.1886E+01  0.1886E+01
  0.9056E-01  0.1483E+01  0.1664E+00  0.1843E+01  0.1843E+01
  0.9149E-01  0.1563E+01  0.1618E+00  0.1801E+01  0.1801E+01
  0.9242E-01  0.1381E+01  0.1622E+00  0.1760E+01  0.1760E+01
  0.9335E-01  0.1619E+01  0.1582E+00  0.1720E+01  0.1720E+01
  0.9428E-01  0.1783E+01  0.1555E+00  0.1681E+01  0.1681E+01
  0.9521E-01  0.1302E+01  0.1571E+00  0.1642E+01  0.1642E+01
  0.9614E-01  0.1612E+01  0.1560E+00  0.1604E+01  0.1604E+01
  0.9707E-01  0.1859E+01  0.1576E+00  0.1567E+01  0.1567E+01
  0.9800E-01  0.1620E+01  0.1586E+00  0.1530E+01  0.1530E+01
  0.9893E-01  0.1617E+01  0.1590E+00  0.1494E+01  0.1494E+01
  0.9986E-01  0.1668E+01  0.1536E+00  0.1459E+01  0.1459E+01
  0.1008E+00  0.1484E+01  0.1521E+00  0.1426E+01  0.1426E+01
  0.1017E+00  0.1257E+01  0.1521E+00  0.1394E+01  0.1394E+01
  0.1026E+00  0.1148E+01  0.1538E+00  0.1364E+01  0.1364E+01
  0.1036E+00  0.1368E+01  0.1502E+00  0.1336E+01  0.1336E+01
  0.1045E+00  0.1395E+01  0.1491E+00  0.1308E+01  0.1308E+01
  0.1054E+00  0.1523E+01  0.1477E+00  0.1283E+01  0.1283E+01
  0.1064E+00  0.1258E+01  0.1469E+00  0.1258E+01  0.1258E+01
  0.1073E+00  0.9274E+00  0.1468E+00  0.1235E+01  0.1235E+01
  0.1082E+00  0.1133E+01  0.1477E+00  0.1212E+01  0.1212E+01
  0.1092E+00  0.1247E+01  0.1464E+00  0.1191E+01  0.1191E+01
  0.1101E+00  0.1134E+01  0.1442E+00  0.1169E+01  0.1169E+01
  0.1110E+00  0.1024E+01  0.1441E+00  0.1148E+01  0.1148E+01
  0.1119E+00  0.1178E+01  0.1480E+00  0.1127E+01  0.1127E+01
  0.1129E+00  0.1437E+01  0.1476E+00  0.1106E+01  0.1106E+01
  0.1138E+00  0.1210E+01  0.1421E+00  0.1085E+01  0.1085E+01
  0.1147E+00  0.7944E+00  0.1421E+00  0.1064E+01  0.1064E+01
  0.1157E+00  0.7298E+00  0.1407E+00  0.1043E+01  0.1043E+01
  0.1166E+00  0.1017E+01  0.1382E+00  0.1022E+01  0.1022E+01
  0.1175E+00  0.1044E+01  0.1381E+00  0.1002E+01  0.1002E+01
  0.1185E+00  0.7664E+00  0.1362E+00  0.9821E+00  0.9821E+00
  0.1194E+00  0.8722E+00  0.1367E+00  0.9629E+00  0.9629E+00
  0.1203E+00  0.9844E+00  0.1389E+00  0.9445E+00  0.9445E+00
  0.1212E+00  0.9967E+00  0.1390E+00  0.9271E+00  0.9271E+00
  0.1222E+00  0.7580E+00  0.1377E+00  0.9106E+00  0.9106E+00
  0.1231E+00  0.8384E+00  0.1366E+00  0.8952E+00  0.8952E+00
  0.1240E+00  0.1065E+01  0.1345E+00  0.8808E+00  0.8808E+00
  0.1250E+00  0.1050E+01  0.1348E+00  0.8674E+00  0.8674E+00
  0.1259E+00  0.8908E+00  0.1346E+00  0.8547E+00  0.8547E+00
  0.1268E+00  0.4691E+00  0.1325E+00  0.8428E+00  0.8428E+00
  0.1278E+00  0.5367E+00  0.1335E+00  0.8315E+00  0.8315E+00
  0.1287E+00  0.7496E+00  0.1348E+00  0.8206E+00  0.8206E+00
  0.1296E+00  0.5245E+00  0.1333E+00  0.8099E+00  0.8099E+00
  0.1305E+00  0.1062E+01  0.1343E+00  0.7993E+00  0.7993E+00
  0.1315E+00  0.9749E+00  0.1323E+00  0.7888E+00  0.7888E+00

           Distance distribution  function of particle  


       R          P(R)      ERROR

  0.0000E+00  0.0000E+00  0.0000E+00
  0.3530E+01  0.4019E-02  0.6918E-04
  0.7060E+01  0.8299E-02  0.1013E-03
  0.1059E+02  0.1279E-01  0.1045E-03
  0.1412E+02  0.1741E-01  0.9363E-04
  0.1765E+02  0.2208E-01  0.9020E-04
  0.2118E+02  0.2668E-01  0.1078E-03
  0.2471E+02  0.3110E-01  0.1356E-03
  0.2824E+02  0.3525E-01  0.1593E-03
  0.3177E+02  0.3905E-01  0.1722E-03
  0.3530E+02  0.4243E-01  0.1743E-03
  0.3883E+02  0.4537E-01  0.1714E-03
  0.4236E+02  0.4786E-01  0.1721E-03
  0.4589E+02  0.4992E-01  0.1830E-03
  0.4942E+02  0.5158E-01  0.2036E-03
  0.5295E+02  0.5288E-01  0.2282E-03
  0.5648E+02  0.5390E-01  0.2512E-03
  0.6001E+02  0.5468E-01  0.2699E-03
  0.6354E+02  0.5527E-01  0.2843E-03
  0.6707E+02  0.5573E-01  0.2963E-03
  0.7060E+02  0.5608E-01  0.3078E-03
  0.7413E+02  0.5636E-01  0.3199E-03
  0.7766E+02  0.5658E-01  0.3322E-03
  0.8119E+02  0.5674E-01  0.3439E-03
  0.8472E+02  0.5685E-01  0.3545E-03
  0.8825E+02  0.5691E-01  0.3644E-03
  0.9178E+02  0.5692E-01  0.3746E-03
  0.9531E+02  0.5687E-01  0.3860E-03
  0.9884E+02  0.5676E-01  0.3992E-03
  0.1024E+03  0.5658E-01  0.4138E-03
  0.1059E+03  0.5634E-01  0.4294E-03
  0.1094E+03  0.5603E-01  0.4459E-03
  0.1130E+03  0.5564E-01  0.4635E-03
  0.1165E+03  0.5517E-01  0.4828E-03
  0.1200E+03  0.5461E-01  0.5042E-03
  0.1235E+03  0.5397E-01  0.5278E-03
  0.1271E+03  0.5323E-01  0.5529E-03
  0.1306E+03  0.5240E-01  0.5784E-03
  0.1341E+03  0.5148E-01  0.6030E-03
  0.1377E+03  0.5049E-01  0.6260E-03
  0.1412E+03  0.4942E-01  0.6467E-03
  0.1447E+03  0.4831E-01  0.6646E-03
  0.1483E+03  0.4716E-01  0.6795E-03
  0.1518E+03  0.4601E-01  0.6910E-03
  0.1553E+03  0.4486E-01  0.6986E-03
  0.1588E+03  0.4374E-01  0.7023E-03
  0.1624E+03  0.4265E-01  0.7018E-03
  0.1659E+03  0.4160E-01  0.6974E-03
  0.1694E+03  0.4059E-01  0.6896E-03
  0.1730E+03  0.3961E-01  0.6790E-03
  0.1765E+03  0.3866E-01  0.6668E-03
  0.1800E+03  0.3770E-01  0.6545E-03
  0.1836E+03  0.3674E-01  0.6435E-03
  0.1871E+03  0.3576E-01  0.6352E-03
  0.1906E+03  0.3475E-01  0.6305E-03
  0.1941E+03  0.3369E-01  0.6296E-03
  0.1977E+03  0.3260E-01  0.6317E-03
  0.2012E+03  0.3147E-01  0.6359E-03
  0.2047E+03  0.3031E-01  0.6408E-03
  0.2083E+03  0.2913E-01  0.6455E-03
  0.2118E+03  0.2794E-01  0.6498E-03
  0.2153E+03  0.2676E-01  0.6537E-03
  0.2189E+03  0.2560E-01  0.6577E-03
  0.2224E+03  0.2446E-01  0.6622E-03
  0.2259E+03  0.2336E-01  0.6674E-03
  0.2294E+03  0.2230E-01  0.6732E-03
  0.2330E+03  0.2129E-01  0.6792E-03
  0.2365E+03  0.2031E-01  0.6848E-03
  0.2400E+03  0.1938E-01  0.6891E-03
  0.2436E+03  0.1847E-01  0.6916E-03
  0.2471E+03  0.1760E-01  0.6913E-03
  0.2506E+03  0.1674E-01  0.6879E-03
  0.2542E+03  0.1590E-01  0.6809E-03
  0.2577E+03  0.1507E-01  0.6702E-03
  0.2612E+03  0.1424E-01  0.6561E-03
  0.2648E+03  0.1341E-01  0.6392E-03
  0.2683E+03  0.1258E-01  0.6202E-03
  0.2718E+03  0.1174E-01  0.5998E-03
  0.2753E+03  0.1090E-01  0.5783E-03
  0.2789E+03  0.1005E-01  0.5556E-03
  0.2824E+03  0.9188E-02  0.5312E-03
  0.2859E+03  0.8320E-02  0.5041E-03
  0.2895E+03  0.7445E-02  0.4730E-03
  0.2930E+03  0.6562E-02  0.4366E-03
  0.2965E+03  0.5671E-02  0.3940E-03
  0.3001E+03  0.4771E-02  0.3444E-03
  0.3036E+03  0.3859E-02  0.2877E-03
  0.3071E+03  0.2930E-02  0.2242E-03
  0.3106E+03  0.1981E-02  0.1545E-03
  0.3142E+03  0.1006E-02  0.7946E-04
  0.3177E+03  0.0000E+00  0.0000E+00
          Reciprocal space: Rg =  101.68     , I(0) =   0.1338E+03
     Real space: Rg =  102.16 +- 0.546  I(0) =   0.1338E+03 +-  0.1388E+01
