
           ####    G N O M   ---   Version 4.5a revised 09/02/02     ####

                                                  Sun Nov  5 12:16:57 2017
           ===    Run No   1   ===
 Run title:  0.000330941 0 0


  Number of points omitted at the end:         503
   *******   Working Directory :
   *******    Input file(s) : 24697_02F_S106_0_11.sub
           Condition P(rmin) = 0 is used. 
           Condition P(rmax) = 0 is used. 

 Warning: Dmax*Smin =  5.184   is greater than Pi !


          Experimental conditions for the first run
          -----------------------------------------

          Highest ALPHA is found to be   0.1079E+07

  The measure of inconsistency AN1 equals to    0.6342E+00
     Alpha    Discrp  Oscill  Stabil  Sysdev  Positv  Valcen    Total   
  0.1079E+10413.4040  1.3472  0.9901  0.0000  1.0000  0.8581  0.00001
  0.2158E+09413.3320  1.3471  0.9899  0.0000  1.0000  0.8581  0.00001
  0.4317E+08412.9726  1.3468  0.9889  0.0000  1.0000  0.8581  0.00001
  0.8633E+07411.1902  1.3453  0.9842  0.0000  1.0000  0.8583  0.00001
  0.1727E+07402.6289  1.3379  0.9615  0.0000  1.0000  0.8593  0.00001
  0.3453E+06366.8668  1.3079  0.8694  0.0000  1.0000  0.8634  0.00001
  0.6907E+05269.1082  1.2398  0.6363  0.0667  1.0000  0.8757  0.00001
  0.1381E+05134.5120  1.1978  0.3283  0.2333  1.0000  0.8944  0.00001
  0.2763E+04 51.3972  1.1837  0.1427  0.1000  1.0000  0.9176  0.00001
  0.5525E+03 18.8668  1.1767  0.0886  0.3000  1.0000  0.9408  0.00001
  0.1105E+03  6.1314  1.1605  0.0593  0.6333  1.0000  0.9521  0.00001
  0.2210E+02  2.5220  1.1330  0.0348  0.8333  1.0000  0.9539  0.61920
  0.4420E+01  1.8829  1.1183  0.0147  0.7333  1.0000  0.9530  0.51219
  0.8840E+00  1.7608  1.1206  0.0086  0.8667  1.0000  0.9524  0.10000
  0.1768E+00  1.7083  1.1441  0.0080  0.8667  1.0000  0.9518  0.10000
  0.3536E-01  1.6698  1.2593  0.0197  0.8667  1.0000  0.9505  0.10000
  0.7072E-02  1.6292  1.7046  0.0309  0.7333  1.0000  0.9482  0.10000
  0.1414E-02  1.5896  3.1536  0.1180  0.7333  0.9993  0.9438  0.10000
  0.2829E-03  1.5103  8.0248  0.2374  0.8000  0.9887  0.9053  0.10000
  0.5658E-04  1.4475 13.1811  0.2494  0.8333  0.9519  0.8121  0.10000
  0.1132E-04  1.4029 18.7144  0.6930  0.8333  0.8738  0.5671  0.10000
  0.2263E-05  1.3181 20.1548  0.5582  0.9000  0.7923  0.2799  0.10000
  0.4526E-06  1.2571 21.4031  0.3310  0.8667  0.7475  0.2578  0.10000
  0.9053E-07  1.2182 25.0955  0.8012  0.9000  0.7091  0.2206  0.10000
  0.1811E-07  1.1332 24.0015  0.6631  0.9000  0.7199  0.2332  0.10000
  0.3621E-08  1.0324 24.7674  0.4814  0.9000  0.7178  0.2567  0.10000
  0.7242E-09  0.9321 27.3740  0.5415  0.9667  0.7265  0.2977  0.10000
  0.1448E-09  0.8118 28.9477  0.5434  1.0667  0.7677  0.3033  0.10000
  0.2897E-10  0.6671 30.5319  0.5454  1.1333  0.7702  0.3576  0.10000
  0.5794E-11  0.4825 32.3979  0.5142  1.1333  0.7418  0.4090  0.10000
  0.1159E-11  0.2896 32.7415  0.4106  1.2667  0.7346  0.3602  0.10000

          ***  Golden section search to maximize estimate ***
     Alpha    Discrp  Oscill  Stabil  Sysdev  Positv  Valcen    Total   
  0.1195E+02  2.1287  1.1254  0.0257  0.8000  1.0000  0.9536  0.57271
  0.7150E+02  4.5859  1.1530  0.0529  0.7667  1.0000  0.9532  0.00001
  0.1748E+02  2.3373  1.1298  0.0312  0.7000  1.0000  0.9538  0.52832
  0.3461E+02  3.0421  1.1401  0.0418  0.8333  1.0000  0.9539  0.63533
  0.4566E+02  3.5091  1.1449  0.0461  0.8333  1.0000  0.9538  0.64126
  0.5419E+02  3.8683  1.1480  0.0487  0.8333  1.0000  0.9536  0.64507
  0.6024E+02  4.1211  1.1499  0.0503  0.7667  1.0000  0.9535  0.00001
  0.5076E+02  3.7241  1.1468  0.0478  0.8333  1.0000  0.9537  0.64361
  0.5643E+02  3.9619  1.1487  0.0494  0.8333  1.0000  0.9536  0.64597
  0.5786E+02  4.0216  1.1492  0.0497  0.8333  1.0000  0.9535  0.64652
  0.5876E+02  4.0592  1.1494  0.0500  0.8333  1.0000  0.9535  0.64686
  0.5932E+02  4.0827  1.1496  0.0501  0.8333  1.0000  0.9535  0.64707
  0.5967E+02  4.0973  1.1497  0.0502  0.8333  1.0000  0.9535  0.64720
  0.5989E+02  4.1064  1.1498  0.0502  0.7667  1.0000  0.9535  0.00001
  0.5967E+02  4.0973  1.1497  0.0502  0.8333  1.0000  0.9535  0.64720



             ####            Final results            ####

 Parameter    DISCRP    OSCILL    STABIL    SYSDEV    POSITV    VALCEN
 Weight        1.000     3.000     3.000     4.000     1.000     1.000
 Sigma         0.500     0.600     0.120     0.200     0.120     0.120
 Ideal         1.000     1.100     0.000     1.000     1.000     0.950
 Current       4.097     1.150     0.050     0.833     1.000     0.953
                - - - - - - - - - - - - - - - - - - - - - - - - - 
 Estimate      0.000     0.993     0.839     0.499     1.000     0.999

  Angular   range    :     from    0.0078   to    0.0635
  Real space range   :     from      0.00   to    667.60

  Highest ALPHA (theor) :   0.108E+10                 JOB = 0
  Current ALPHA         :   0.597E+02   Rg :  0.227E+03   I(0) :   0.265E+06

           Total  estimate : 0.647  which is  A REASONABLE  solution

      S          J EXP       ERROR       J REG       I REG

  0.0000E+00                                      0.2649E+06
  0.9707E-03                                      0.2607E+06
  0.1941E-02                                      0.2483E+06
  0.2912E-02                                      0.2290E+06
  0.3883E-02                                      0.2043E+06
  0.4853E-02                                      0.1763E+06
  0.5824E-02                                      0.1472E+06
  0.6795E-02                                      0.1188E+06
  0.7765E-02  0.9324E+05  0.2167E+02  0.9284E+05  0.9284E+05
  0.8695E-02  0.6973E+05  0.2771E+03  0.7117E+05  0.7117E+05
  0.9624E-02  0.5058E+05  0.2342E+03  0.5317E+05  0.5317E+05
  0.1055E-01  0.3598E+05  0.1979E+03  0.3893E+05  0.3893E+05
  0.1148E-01  0.2567E+05  0.1681E+03  0.2819E+05  0.2819E+05
  0.1241E-01  0.1955E+05  0.1476E+03  0.2046E+05  0.2046E+05
  0.1334E-01  0.1464E+05  0.1286E+03  0.1514E+05  0.1514E+05
  0.1427E-01  0.1185E+05  0.1164E+03  0.1160E+05  0.1160E+05
  0.1520E-01  0.8787E+04  0.1016E+03  0.9288E+04  0.9288E+04
  0.1613E-01  0.7034E+04  0.9198E+02  0.7748E+04  0.7748E+04
  0.1706E-01  0.6085E+04  0.8613E+02  0.6666E+04  0.6666E+04
  0.1799E-01  0.5427E+04  0.8185E+02  0.5841E+04  0.5841E+04
  0.1892E-01  0.4865E+04  0.7794E+02  0.5168E+04  0.5168E+04
  0.1985E-01  0.4456E+04  0.7496E+02  0.4603E+04  0.4603E+04
  0.2078E-01  0.4068E+04  0.7212E+02  0.4132E+04  0.4132E+04
  0.2170E-01  0.3733E+04  0.6954E+02  0.3754E+04  0.3754E+04
  0.2263E-01  0.3496E+04  0.6238E+02  0.3461E+04  0.3461E+04
  0.2356E-01  0.3269E+04  0.5758E+02  0.3238E+04  0.3238E+04
  0.2449E-01  0.3045E+04  0.4374E+02  0.3066E+04  0.3066E+04
  0.2542E-01  0.2904E+04  0.3884E+02  0.2923E+04  0.2923E+04
  0.2635E-01  0.2801E+04  0.3511E+02  0.2793E+04  0.2793E+04
  0.2728E-01  0.2613E+04  0.2909E+02  0.2667E+04  0.2667E+04
  0.2821E-01  0.2493E+04  0.2711E+02  0.2542E+04  0.2542E+04
  0.2914E-01  0.2437E+04  0.2228E+02  0.2423E+04  0.2423E+04
  0.3007E-01  0.2327E+04  0.2030E+02  0.2312E+04  0.2312E+04
  0.3100E-01  0.2207E+04  0.1842E+02  0.2214E+04  0.2214E+04
  0.3193E-01  0.2141E+04  0.1665E+02  0.2130E+04  0.2130E+04
  0.3286E-01  0.2057E+04  0.1499E+02  0.2057E+04  0.2057E+04
  0.3379E-01  0.1996E+04  0.1529E+02  0.1991E+04  0.1991E+04
  0.3472E-01  0.1939E+04  0.1472E+02  0.1927E+04  0.1927E+04
  0.3564E-01  0.1863E+04  0.1196E+02  0.1862E+04  0.1862E+04
  0.3657E-01  0.1793E+04  0.1189E+02  0.1796E+04  0.1796E+04
  0.3750E-01  0.1719E+04  0.1252E+02  0.1728E+04  0.1728E+04
  0.3843E-01  0.1665E+04  0.1114E+02  0.1662E+04  0.1662E+04
  0.3936E-01  0.1599E+04  0.1128E+02  0.1599E+04  0.1599E+04
  0.4029E-01  0.1536E+04  0.1012E+02  0.1542E+04  0.1542E+04
  0.4122E-01  0.1491E+04  0.9992E+01  0.1491E+04  0.1491E+04
  0.4215E-01  0.1460E+04  0.1024E+02  0.1444E+04  0.1444E+04
  0.4308E-01  0.1409E+04  0.9458E+01  0.1399E+04  0.1399E+04
  0.4401E-01  0.1363E+04  0.8783E+01  0.1355E+04  0.1355E+04
  0.4494E-01  0.1300E+04  0.8494E+01  0.1309E+04  0.1309E+04
  0.4587E-01  0.1266E+04  0.8668E+01  0.1263E+04  0.1263E+04
  0.4680E-01  0.1212E+04  0.7807E+01  0.1215E+04  0.1215E+04
  0.4773E-01  0.1159E+04  0.7261E+01  0.1169E+04  0.1169E+04
  0.4865E-01  0.1124E+04  0.7137E+01  0.1125E+04  0.1125E+04
  0.4958E-01  0.1098E+04  0.7635E+01  0.1084E+04  0.1084E+04
  0.5051E-01  0.1046E+04  0.7516E+01  0.1047E+04  0.1047E+04
  0.5144E-01  0.1014E+04  0.6926E+01  0.1013E+04  0.1013E+04
  0.5237E-01  0.9919E+03  0.7231E+01  0.9803E+03  0.9803E+03
  0.5330E-01  0.9574E+03  0.6970E+01  0.9479E+03  0.9479E+03
  0.5423E-01  0.9072E+03  0.6454E+01  0.9151E+03  0.9151E+03
  0.5516E-01  0.8752E+03  0.6271E+01  0.8819E+03  0.8819E+03
  0.5609E-01  0.8451E+03  0.6445E+01  0.8488E+03  0.8488E+03
  0.5702E-01  0.8100E+03  0.6438E+01  0.8167E+03  0.8167E+03
  0.5795E-01  0.7925E+03  0.6874E+01  0.7865E+03  0.7865E+03
  0.5888E-01  0.7654E+03  0.6041E+01  0.7588E+03  0.7588E+03
  0.5981E-01  0.7399E+03  0.6144E+01  0.7336E+03  0.7336E+03
  0.6074E-01  0.7134E+03  0.5796E+01  0.7105E+03  0.7105E+03
  0.6166E-01  0.6909E+03  0.5921E+01  0.6886E+03  0.6886E+03
  0.6259E-01  0.6575E+03  0.5891E+01  0.6671E+03  0.6671E+03
  0.6352E-01  0.6381E+03  0.5422E+01  0.6455E+03  0.6455E+03

           Distance distribution  function of particle  


       R          P(R)      ERROR

  0.0000E+00  0.0000E+00  0.0000E+00
  0.1113E+02  0.2357E+01  0.6284E-02
  0.2225E+02  0.4680E+01  0.5800E-02
  0.3338E+02  0.6997E+01  0.6993E-02
  0.4451E+02  0.9359E+01  0.1269E-01
  0.5563E+02  0.1183E+02  0.1695E-01
  0.6676E+02  0.1447E+02  0.1863E-01
  0.7789E+02  0.1734E+02  0.1999E-01
  0.8901E+02  0.2049E+02  0.2319E-01
  0.1001E+03  0.2392E+02  0.2720E-01
  0.1113E+03  0.2760E+02  0.3023E-01
  0.1224E+03  0.3145E+02  0.3226E-01
  0.1335E+03  0.3536E+02  0.3427E-01
  0.1446E+03  0.3922E+02  0.3651E-01
  0.1558E+03  0.4293E+02  0.3852E-01
  0.1669E+03  0.4639E+02  0.4053E-01
  0.1780E+03  0.4956E+02  0.4367E-01
  0.1892E+03  0.5239E+02  0.4827E-01
  0.2003E+03  0.5489E+02  0.5323E-01
  0.2114E+03  0.5705E+02  0.5729E-01
  0.2225E+03  0.5887E+02  0.6010E-01
  0.2337E+03  0.6034E+02  0.6207E-01
  0.2448E+03  0.6144E+02  0.6379E-01
  0.2559E+03  0.6216E+02  0.6607E-01
  0.2670E+03  0.6249E+02  0.7016E-01
  0.2782E+03  0.6244E+02  0.7691E-01
  0.2893E+03  0.6204E+02  0.8562E-01
  0.3004E+03  0.6130E+02  0.9452E-01
  0.3115E+03  0.6026E+02  0.1023E+00
  0.3227E+03  0.5894E+02  0.1087E+00
  0.3338E+03  0.5737E+02  0.1142E+00
  0.3449E+03  0.5557E+02  0.1194E+00
  0.3561E+03  0.5355E+02  0.1247E+00
  0.3672E+03  0.5133E+02  0.1311E+00
  0.3783E+03  0.4896E+02  0.1391E+00
  0.3894E+03  0.4645E+02  0.1482E+00
  0.4006E+03  0.4386E+02  0.1569E+00
  0.4117E+03  0.4120E+02  0.1636E+00
  0.4228E+03  0.3851E+02  0.1680E+00
  0.4339E+03  0.3580E+02  0.1704E+00
  0.4451E+03  0.3309E+02  0.1718E+00
  0.4562E+03  0.3039E+02  0.1729E+00
  0.4673E+03  0.2773E+02  0.1741E+00
  0.4784E+03  0.2512E+02  0.1759E+00
  0.4896E+03  0.2260E+02  0.1782E+00
  0.5007E+03  0.2019E+02  0.1802E+00
  0.5118E+03  0.1789E+02  0.1804E+00
  0.5230E+03  0.1573E+02  0.1774E+00
  0.5341E+03  0.1370E+02  0.1707E+00
  0.5452E+03  0.1180E+02  0.1611E+00
  0.5563E+03  0.1003E+02  0.1504E+00
  0.5675E+03  0.8403E+01  0.1410E+00
  0.5786E+03  0.6926E+01  0.1338E+00
  0.5897E+03  0.5613E+01  0.1278E+00
  0.6008E+03  0.4468E+01  0.1206E+00
  0.6120E+03  0.3480E+01  0.1103E+00
  0.6231E+03  0.2625E+01  0.9648E-01
  0.6342E+03  0.1872E+01  0.7934E-01
  0.6453E+03  0.1189E+01  0.5854E-01
  0.6565E+03  0.5631E+00  0.3258E-01
  0.6676E+03  0.0000E+00  0.0000E+00
          Reciprocal space: Rg =  227.13     , I(0) =   0.2649E+06
     Real space: Rg =  226.78 +- 0.281  I(0) =   0.2649E+06 +-  0.6312E+03
