
           ####    G N O M   ---   Version 4.5a revised 09/02/02     ####

                                                  Sun Nov  5 12:16:52 2017
           ===    Run No   1   ===
 Run title:  0.000330941 0 0


  Number of points omitted at the end:         482
   *******   Working Directory :
   *******    Input file(s) : 24697_02E_S104_0_01.sub
           Condition P(rmin) = 0 is used. 
           Condition P(rmax) = 0 is used. 

 Warning: Dmax*Smin =  5.647   is greater than Pi !


          Experimental conditions for the first run
          -----------------------------------------

          Highest ALPHA is found to be   0.4922E+05

  The measure of inconsistency AN1 equals to    0.4061E+00
     Alpha    Discrp  Oscill  Stabil  Sysdev  Positv  Valcen    Total   
  0.4922E+08 55.3545  3.0429  0.9900  0.0000  1.0000  0.6833  0.00001
  0.9844E+07 55.3346  3.0428  0.9897  0.0000  1.0000  0.6833  0.00001
  0.1969E+07 55.2352  3.0422  0.9879  0.0000  1.0000  0.6834  0.00001
  0.3938E+06 54.7445  3.0392  0.9793  0.0000  1.0000  0.6835  0.00001
  0.7875E+05 52.4349  3.0244  0.9388  0.0000  1.0000  0.6841  0.00001
  0.1575E+05 43.6268  2.9546  0.7865  0.0000  1.0000  0.6873  0.00001
  0.3150E+04 26.2431  2.6863  0.5080  0.0247  1.0000  0.7001  0.00001
  0.6300E+03 14.2860  2.1310  0.3800  0.0247  1.0000  0.7345  0.00001
  0.1260E+03  8.1356  1.6948  0.3148  0.1728  1.0000  0.7911  0.00001
  0.2520E+02  4.1126  1.4996  0.2421  0.6173  1.0000  0.8556  0.00001
  0.5040E+01  1.9124  1.3763  0.1895  0.7654  0.9998  0.9017  0.42897
  0.1008E+01  1.0658  1.2765  0.1137  0.7654  1.0000  0.9238  0.53756
  0.2016E+00  0.9189  1.2328  0.0360  0.9383  1.0000  0.9300  0.81740
  0.4032E-01  0.8985  1.2607  0.0105  0.9383  1.0000  0.9311  0.80660
  0.8064E-02  0.8787  1.5289  0.0230  1.0123  0.9997  0.9308  0.10000
  0.1613E-02  0.8562  2.5942  0.0699  1.0123  0.9982  0.9277  0.10000
  0.3226E-03  0.8183  6.3406  0.1405  1.0123  0.9885  0.9079  0.10000
  0.6451E-04  0.7946 10.5767  0.0978  1.0864  0.9661  0.8667  0.10000
  0.1290E-04  0.7893 13.5610  0.2173  1.0864  0.9393  0.8266  0.10000
  0.2581E-05  0.7858 18.0275  0.3540  1.0864  0.9060  0.7185  0.10000
  0.5161E-06  0.7822 21.9873  0.6710  1.0864  0.8419  0.3813  0.10000
  0.1032E-06  0.7717 25.3835  0.7911  1.0864  0.7253  0.1995  0.10000
  0.2064E-07  0.7435 27.0583  0.7517  1.1852  0.6738  0.1752  0.10000
  0.4129E-08  0.6885 27.7010  0.5998  1.1852  0.6785  0.2156  0.10000
  0.8258E-09  0.6277 29.1020  0.4892  1.0864  0.7174  0.2636  0.10000
  0.1652E-09  0.5612 32.8070  0.5792  1.0617  0.7460  0.2933  0.10000
  0.3303E-10  0.4557 36.2350  0.5754  1.1111  0.7297  0.2438  0.10000
  0.6606E-11  0.3179 38.0674  0.4702  1.1605  0.7098  0.3197  0.10000
  0.1321E-11  0.1737 39.8325  0.3734  1.1358  0.7114  0.3487  0.10000
  0.2643E-12  0.0605 40.6789  0.1656  1.1358  0.7196  0.3391  0.00000

          ***  Golden section search to maximize estimate ***
     Alpha    Discrp  Oscill  Stabil  Sysdev  Positv  Valcen    Total   
  0.7456E-01  0.9050  1.2365  0.0133  0.9383  1.0000  0.9309  0.83753
  0.5896E-01  0.9026  1.2429  0.0110  0.9383  1.0000  0.9310  0.83573
  0.8621E-01  0.9065  1.2339  0.0155  0.9383  1.0000  0.9308  0.83744
  0.6817E-01  0.9041  1.2386  0.0123  0.9383  1.0000  0.9310  0.83713
  0.7881E-01  0.9056  1.2354  0.0141  0.9383  1.0000  0.9309  0.83761
  0.8156E-01  0.9059  1.2348  0.0146  0.9383  1.0000  0.9309  0.83759
  0.7716E-01  0.9054  1.2358  0.0138  0.9383  1.0000  0.9309  0.83760
  0.7985E-01  0.9057  1.2352  0.0143  0.9383  1.0000  0.9309  0.83761
  0.7818E-01  0.9055  1.2356  0.0140  0.9383  1.0000  0.9309  0.83761
  0.7921E-01  0.9056  1.2353  0.0142  0.9383  1.0000  0.9309  0.83761
  0.7945E-01  0.9057  1.2353  0.0142  0.9383  1.0000  0.9309  0.83761
  0.7906E-01  0.9056  1.2354  0.0141  0.9383  1.0000  0.9309  0.83761
  0.7906E-01  0.9056  1.2354  0.0141  0.9383  1.0000  0.9309  0.83761



             ####            Final results            ####

 Parameter    DISCRP    OSCILL    STABIL    SYSDEV    POSITV    VALCEN
 Weight        1.000     3.000     3.000     4.000     1.000     1.000
 Sigma         0.500     0.600     0.120     0.200     0.120     0.120
 Ideal         1.000     1.100     0.000     1.000     1.000     0.950
 Current       0.906     1.235     0.014     0.938     1.000     0.931
                - - - - - - - - - - - - - - - - - - - - - - - - - 
 Estimate      0.965     0.950     0.986     1.000     1.000     0.975

  Angular   range    :     from    0.0078   to    0.0830
  Real space range   :     from      0.00   to    727.20

  Highest ALPHA (theor) :   0.492E+08                 JOB = 0
  Current ALPHA         :   0.791E-01   Rg :  0.232E+03   I(0) :   0.477E+05

           Total  estimate : 0.838  which is    A GOOD      solution

      S          J EXP       ERROR       J REG       I REG

  0.0000E+00                                      0.4767E+05
  0.9707E-03                                      0.4687E+05
  0.1941E-02                                      0.4456E+05
  0.2912E-02                                      0.4095E+05
  0.3883E-02                                      0.3638E+05
  0.4853E-02                                      0.3124E+05
  0.5824E-02                                      0.2595E+05
  0.6795E-02                                      0.2088E+05
  0.7765E-02  0.1614E+05  0.1462E+03  0.1632E+05  0.1632E+05
  0.8695E-02  0.1278E+05  0.1407E+03  0.1262E+05  0.1262E+05
  0.9624E-02  0.9626E+04  0.1177E+03  0.9635E+04  0.9635E+04
  0.1055E-01  0.7456E+04  0.1032E+03  0.7362E+04  0.7362E+04
  0.1148E-01  0.5699E+04  0.9117E+02  0.5722E+04  0.5722E+04
  0.1241E-01  0.4544E+04  0.8223E+02  0.4599E+04  0.4599E+04
  0.1334E-01  0.3891E+04  0.7610E+02  0.3857E+04  0.3857E+04
  0.1427E-01  0.3103E+04  0.6929E+02  0.3371E+04  0.3371E+04
  0.1520E-01  0.3183E+04  0.6872E+02  0.3033E+04  0.3033E+04
  0.1613E-01  0.2916E+04  0.6595E+02  0.2769E+04  0.2769E+04
  0.1706E-01  0.2593E+04  0.6277E+02  0.2531E+04  0.2531E+04
  0.1799E-01  0.2263E+04  0.5950E+02  0.2301E+04  0.2301E+04
  0.1892E-01  0.2062E+04  0.5729E+02  0.2077E+04  0.2077E+04
  0.1985E-01  0.1762E+04  0.5413E+02  0.1866E+04  0.1866E+04
  0.2078E-01  0.1663E+04  0.5286E+02  0.1678E+04  0.1678E+04
  0.2170E-01  0.1544E+04  0.5141E+02  0.1519E+04  0.1519E+04
  0.2263E-01  0.1397E+04  0.4275E+02  0.1391E+04  0.1391E+04
  0.2356E-01  0.1292E+04  0.3782E+02  0.1290E+04  0.1290E+04
  0.2449E-01  0.1229E+04  0.3115E+02  0.1211E+04  0.1211E+04
  0.2542E-01  0.1157E+04  0.2785E+02  0.1146E+04  0.1146E+04
  0.2635E-01  0.1094E+04  0.2467E+02  0.1088E+04  0.1088E+04
  0.2728E-01  0.1024E+04  0.2052E+02  0.1035E+04  0.1035E+04
  0.2821E-01  0.9745E+03  0.1899E+02  0.9837E+03  0.9837E+03
  0.2914E-01  0.9357E+03  0.1610E+02  0.9347E+03  0.9347E+03
  0.3007E-01  0.8918E+03  0.1434E+02  0.8886E+03  0.8886E+03
  0.3100E-01  0.8357E+03  0.1340E+02  0.8466E+03  0.8466E+03
  0.3193E-01  0.8124E+03  0.1225E+02  0.8092E+03  0.8092E+03
  0.3286E-01  0.7844E+03  0.1243E+02  0.7763E+03  0.7763E+03
  0.3379E-01  0.7480E+03  0.1146E+02  0.7474E+03  0.7474E+03
  0.3472E-01  0.7312E+03  0.1046E+02  0.7217E+03  0.7217E+03
  0.3564E-01  0.6915E+03  0.9430E+01  0.6984E+03  0.6984E+03
  0.3657E-01  0.6730E+03  0.8272E+01  0.6769E+03  0.6769E+03
  0.3750E-01  0.6543E+03  0.8377E+01  0.6565E+03  0.6565E+03
  0.3843E-01  0.6372E+03  0.7770E+01  0.6368E+03  0.6368E+03
  0.3936E-01  0.6164E+03  0.8071E+01  0.6175E+03  0.6175E+03
  0.4029E-01  0.6022E+03  0.7978E+01  0.5983E+03  0.5983E+03
  0.4122E-01  0.5845E+03  0.7508E+01  0.5792E+03  0.5792E+03
  0.4215E-01  0.5577E+03  0.7127E+01  0.5602E+03  0.5602E+03
  0.4308E-01  0.5413E+03  0.6846E+01  0.5414E+03  0.5414E+03
  0.4401E-01  0.5280E+03  0.7289E+01  0.5232E+03  0.5232E+03
  0.4494E-01  0.4975E+03  0.6553E+01  0.5058E+03  0.5058E+03
  0.4587E-01  0.4865E+03  0.6637E+01  0.4893E+03  0.4893E+03
  0.4680E-01  0.4987E+03  0.1906E+02  0.4736E+03  0.4736E+03
  0.4773E-01  0.4702E+03  0.1233E+02  0.4585E+03  0.4585E+03
  0.4865E-01  0.4483E+03  0.6718E+01  0.4435E+03  0.4435E+03
  0.4958E-01  0.4203E+03  0.5801E+01  0.4283E+03  0.4283E+03
  0.5051E-01  0.4147E+03  0.5904E+01  0.4127E+03  0.4127E+03
  0.5144E-01  0.4045E+03  0.5640E+01  0.3970E+03  0.3970E+03
  0.5237E-01  0.3830E+03  0.5540E+01  0.3812E+03  0.3812E+03
  0.5330E-01  0.3565E+03  0.6179E+01  0.3660E+03  0.3660E+03
  0.5423E-01  0.3441E+03  0.6122E+01  0.3515E+03  0.3515E+03
  0.5516E-01  0.3420E+03  0.5963E+01  0.3380E+03  0.3380E+03
  0.5609E-01  0.3235E+03  0.5923E+01  0.3254E+03  0.3254E+03
  0.5702E-01  0.3198E+03  0.5243E+01  0.3136E+03  0.3136E+03
  0.5795E-01  0.3026E+03  0.5171E+01  0.3022E+03  0.3022E+03
  0.5888E-01  0.2907E+03  0.5036E+01  0.2910E+03  0.2910E+03
  0.5981E-01  0.2852E+03  0.5292E+01  0.2801E+03  0.2801E+03
  0.6074E-01  0.2645E+03  0.5110E+01  0.2695E+03  0.2695E+03
  0.6166E-01  0.2559E+03  0.5164E+01  0.2595E+03  0.2595E+03
  0.6259E-01  0.2455E+03  0.5099E+01  0.2502E+03  0.2502E+03
  0.6352E-01  0.2402E+03  0.5370E+01  0.2415E+03  0.2415E+03
  0.6445E-01  0.2392E+03  0.4979E+01  0.2333E+03  0.2333E+03
  0.6538E-01  0.2341E+03  0.5206E+01  0.2250E+03  0.2250E+03
  0.6631E-01  0.2161E+03  0.4368E+01  0.2161E+03  0.2161E+03
  0.6724E-01  0.2008E+03  0.4822E+01  0.2064E+03  0.2064E+03
  0.6817E-01  0.1961E+03  0.4612E+01  0.1958E+03  0.1958E+03
  0.6910E-01  0.1854E+03  0.4774E+01  0.1847E+03  0.1847E+03
  0.7003E-01  0.1691E+03  0.4468E+01  0.1737E+03  0.1737E+03
  0.7096E-01  0.1591E+03  0.4451E+01  0.1635E+03  0.1635E+03
  0.7189E-01  0.1615E+03  0.4743E+01  0.1548E+03  0.1548E+03
  0.7282E-01  0.1499E+03  0.4708E+01  0.1478E+03  0.1478E+03
  0.7375E-01  0.1497E+03  0.4516E+01  0.1422E+03  0.1422E+03
  0.7468E-01  0.1384E+03  0.4427E+01  0.1375E+03  0.1375E+03
  0.7560E-01  0.1220E+03  0.4353E+01  0.1328E+03  0.1328E+03
  0.7653E-01  0.1219E+03  0.4548E+01  0.1275E+03  0.1275E+03
  0.7746E-01  0.1257E+03  0.4166E+01  0.1209E+03  0.1209E+03
  0.7839E-01  0.1166E+03  0.4062E+01  0.1131E+03  0.1131E+03
  0.7932E-01  0.1045E+03  0.3963E+01  0.1044E+03  0.1044E+03
  0.8025E-01  0.9595E+02  0.4182E+01  0.9528E+02  0.9528E+02
  0.8118E-01  0.8557E+02  0.4171E+01  0.8652E+02  0.8652E+02
  0.8211E-01  0.7797E+02  0.4087E+01  0.7864E+02  0.7864E+02
  0.8304E-01  0.7054E+02  0.3923E+01  0.7199E+02  0.7199E+02

           Distance distribution  function of particle  


       R          P(R)      ERROR

  0.0000E+00  0.0000E+00  0.0000E+00
  0.1039E+02  0.5463E+00  0.2069E-01
  0.2078E+02  0.1337E+01  0.7537E-02
  0.3117E+02  0.2168E+01  0.1824E-01
  0.4155E+02  0.2830E+01  0.2951E-01
  0.5194E+02  0.3222E+01  0.2171E-01
  0.6233E+02  0.3399E+01  0.2020E-01
  0.7272E+02  0.3532E+01  0.3486E-01
  0.8311E+02  0.3799E+01  0.3815E-01
  0.9350E+02  0.4286E+01  0.3855E-01
  0.1039E+03  0.4953E+01  0.5374E-01
  0.1143E+03  0.5666E+01  0.6887E-01
  0.1247E+03  0.6291E+01  0.7443E-01
  0.1351E+03  0.6768E+01  0.7977E-01
  0.1454E+03  0.7130E+01  0.9100E-01
  0.1558E+03  0.7463E+01  0.1020E+00
  0.1662E+03  0.7838E+01  0.1137E+00
  0.1766E+03  0.8262E+01  0.1310E+00
  0.1870E+03  0.8675E+01  0.1484E+00
  0.1974E+03  0.9000E+01  0.1589E+00
  0.2078E+03  0.9197E+01  0.1663E+00
  0.2182E+03  0.9292E+01  0.1765E+00
  0.2285E+03  0.9355E+01  0.1881E+00
  0.2389E+03  0.9451E+01  0.2005E+00
  0.2493E+03  0.9600E+01  0.2163E+00
  0.2597E+03  0.9765E+01  0.2330E+00
  0.2701E+03  0.9883E+01  0.2442E+00
  0.2805E+03  0.9911E+01  0.2505E+00
  0.2909E+03  0.9857E+01  0.2582E+00
  0.3013E+03  0.9766E+01  0.2696E+00
  0.3117E+03  0.9687E+01  0.2840E+00
  0.3220E+03  0.9635E+01  0.3014E+00
  0.3324E+03  0.9578E+01  0.3190E+00
  0.3428E+03  0.9463E+01  0.3314E+00
  0.3532E+03  0.9257E+01  0.3375E+00
  0.3636E+03  0.8973E+01  0.3423E+00
  0.3740E+03  0.8666E+01  0.3496E+00
  0.3844E+03  0.8396E+01  0.3597E+00
  0.3948E+03  0.8181E+01  0.3724E+00
  0.4052E+03  0.7989E+01  0.3856E+00
  0.4155E+03  0.7752E+01  0.3943E+00
  0.4259E+03  0.7417E+01  0.3961E+00
  0.4363E+03  0.6981E+01  0.3943E+00
  0.4467E+03  0.6498E+01  0.3933E+00
  0.4571E+03  0.6043E+01  0.3946E+00
  0.4675E+03  0.5667E+01  0.3993E+00
  0.4779E+03  0.5363E+01  0.4063E+00
  0.4883E+03  0.5071E+01  0.4112E+00
  0.4987E+03  0.4725E+01  0.4102E+00
  0.5090E+03  0.4292E+01  0.4046E+00
  0.5194E+03  0.3794E+01  0.3975E+00
  0.5298E+03  0.3294E+01  0.3915E+00
  0.5402E+03  0.2852E+01  0.3895E+00
  0.5506E+03  0.2491E+01  0.3915E+00
  0.5610E+03  0.2186E+01  0.3913E+00
  0.5714E+03  0.1895E+01  0.3826E+00
  0.5818E+03  0.1588E+01  0.3663E+00
  0.5921E+03  0.1268E+01  0.3471E+00
  0.6025E+03  0.9672E+00  0.3294E+00
  0.6129E+03  0.7130E+00  0.3183E+00
  0.6233E+03  0.5139E+00  0.3157E+00
  0.6337E+03  0.3579E+00  0.3107E+00
  0.6441E+03  0.2339E+00  0.2892E+00
  0.6545E+03  0.1486E+00  0.2504E+00
  0.6649E+03  0.1168E+00  0.2109E+00
  0.6753E+03  0.1302E+00  0.1901E+00
  0.6856E+03  0.1325E+00  0.1869E+00
  0.6960E+03  0.4415E-01  0.1898E+00
  0.7064E+03 -0.1518E+00  0.1967E+00
  0.7168E+03 -0.2972E+00  0.1690E+00
  0.7272E+03  0.0000E+00  0.0000E+00
          Reciprocal space: Rg =  231.80     , I(0) =   0.4767E+05
     Real space: Rg =  231.68 +- 5.314  I(0) =   0.4767E+05 +-  0.2059E+04
