
           ####    G N O M   ---   Version 4.5a revised 09/02/02     ####

                                                  Sun Nov  5 12:16:48 2017
           ===    Run No   1   ===
 Run title:  0.000330941 0 0


  Number of points omitted at the end:         149
   *******   Working Directory :
   *******    Input file(s) : 24697_02C_S100_0_01.sub
           Condition P(rmin) = 0 is used. 
           Condition P(rmax) = 0 is used. 

          Experimental conditions for the first run
          -----------------------------------------

          Highest ALPHA is found to be   0.7178E+02

  The measure of inconsistency AN1 equals to    0.1200E+01

          Warning: using the chosen range in the real space 
             it is not possible to fit the data set within the
             given error band. 
     Alpha    Discrp  Oscill  Stabil  Sysdev  Positv  Valcen    Total   
  0.7178E+05 36.8845  1.1661  0.9343  0.0000  1.0000  0.8623  0.00001
  0.1436E+05 30.3704  1.1640  0.7632  0.0676  1.0000  0.8633  0.00001
  0.2871E+04 17.0285  1.1606  0.4033  0.2319  1.0000  0.8667  0.00001
  0.5742E+03  7.4078  1.1961  0.1402  0.2754  1.0000  0.8721  0.00001
  0.1148E+03  3.2555  1.3431  0.0904  0.3527  1.0000  0.8753  0.00001
  0.2297E+02  1.3734  1.5038  0.0407  0.5169  1.0000  0.8779  0.54148
  0.4594E+01  0.8623  1.6022  0.0168  0.7005  1.0000  0.8772  0.54528
  0.9188E+00  0.7810  1.6598  0.0077  0.7488  1.0000  0.8757  0.50292
  0.1838E+00  0.7720  1.6913  0.0093  0.7391  1.0000  0.8753  0.44169
  0.3675E-01  0.7677  1.7962  0.0345  0.7295  1.0000  0.8760  0.10000
  0.7350E-02  0.7562  2.8255  0.1081  0.7295  0.9995  0.8769  0.10000
  0.1470E-02  0.7406  5.6272  0.1561  0.7295  0.9926  0.8558  0.10000
  0.2940E-03  0.7328  8.4106  0.2581  0.7198  0.9756  0.7828  0.10000
  0.5880E-04  0.7260 12.3210  0.3145  0.7246  0.9243  0.6777  0.10000
  0.1176E-04  0.7228 14.3035  0.1260  0.7246  0.8806  0.4518  0.10000
  0.2352E-05  0.7225 14.9466  0.0914  0.7343  0.8699  0.4381  0.10000
  0.4704E-06  0.7224 16.4536  0.4170  0.7343  0.8672  0.4476  0.10000
  0.9408E-07  0.7221 19.5520  0.8668  0.7343  0.7823  0.3552  0.10000
  0.1882E-07  0.7211 20.2274  0.7525  0.7343  0.7327  0.2785  0.10000
  0.3763E-08  0.7188 23.3254  0.7375  0.7246  0.7487  0.2844  0.10000
  0.7527E-09  0.7109 28.0228  0.8551  0.7246  0.7700  0.2889  0.10000
  0.1505E-09  0.6812 32.1336  0.7632  0.7343  0.7681  0.2633  0.10000
  0.3011E-10  0.6028 36.7046  0.6653  0.7343  0.7473  0.2671  0.10000
  0.6021E-11  0.4668 39.4892  0.5641  0.8019  0.7291  0.3079  0.10000
  0.1204E-11  0.2816 42.8159  0.4031  0.7440  0.7264  0.3703  0.10000
  0.2409E-12  0.1171 45.2950  0.2326  0.7536  0.7211  0.3790  0.10000
  0.4817E-13  0.0333 45.9813  0.0894  0.7440  0.7163  0.3667  0.10000
  0.9634E-14  0.0074 46.0906  0.0223  0.7246  0.7155  0.3602  0.10000
  0.1927E-14  0.0015 46.1090  0.0047  0.7246  0.7154  0.3585  0.10000
  0.3854E-15  0.0003 46.1125  0.0010  0.7246  0.7154  0.3581  0.10000
  0.7707E-16  0.0001 46.1132  0.0002  0.7246  0.7154  0.3581  0.10000

          ***  Golden section search to maximize estimate ***
     Alpha    Discrp  Oscill  Stabil  Sysdev  Positv  Valcen    Total   
  0.1242E+02  1.0772  1.5479  0.0281  0.6522  1.0000  0.8780  0.56261
  0.6717E+01  0.9184  1.5834  0.0201  0.6812  1.0000  0.8776  0.55328
  0.9822E+01  1.0041  1.5623  0.0245  0.6715  1.0000  0.8779  0.56236
  0.7766E+01  0.9470  1.5756  0.0216  0.7005  1.0000  0.8777  0.56387
  0.8979E+01  0.9806  1.5675  0.0234  0.6908  1.0000  0.8778  0.56514
  0.8209E+01  0.9592  1.5726  0.0223  0.7005  1.0000  0.8777  0.56559
  0.8677E+01  0.9722  1.5695  0.0229  0.7005  1.0000  0.8778  0.56723
  0.8791E+01  0.9753  1.5687  0.0231  0.6908  1.0000  0.8778  0.56455
  0.8607E+01  0.9702  1.5699  0.0228  0.7005  1.0000  0.8778  0.56700
  0.8720E+01  0.9734  1.5692  0.0230  0.7005  1.0000  0.8778  0.56738
  0.8747E+01  0.9741  1.5690  0.0230  0.7005  1.0000  0.8778  0.56746
  0.8764E+01  0.9746  1.5689  0.0231  0.7005  1.0000  0.8778  0.56752
  0.8764E+01  0.9746  1.5689  0.0231  0.7005  1.0000  0.8778  0.56752



             ####            Final results            ####

 Parameter    DISCRP    OSCILL    STABIL    SYSDEV    POSITV    VALCEN
 Weight        1.000     3.000     3.000     4.000     1.000     1.000
 Sigma         0.500     0.600     0.120     0.200     0.120     0.120
 Ideal         1.000     1.100     0.000     1.000     1.000     0.950
 Current       0.975     1.569     0.023     0.700     1.000     0.878
                - - - - - - - - - - - - - - - - - - - - - - - - - 
 Estimate      0.997     0.543     0.964     0.106     1.000     0.696

  Angular   range    :     from    0.0078   to    0.3925
  Real space range   :     from      0.00   to    107.10

  Highest ALPHA (theor) :   0.718E+05                 JOB = 0
  Current ALPHA         :   0.876E+01   Rg :  0.301E+02   I(0) :   0.500E+03

           Total  estimate : 0.568  which is  A REASONABLE  solution

      S          J EXP       ERROR       J REG       I REG

  0.0000E+00                                      0.5001E+03
  0.9707E-03                                      0.5000E+03
  0.1941E-02                                      0.4996E+03
  0.2912E-02                                      0.4988E+03
  0.3883E-02                                      0.4978E+03
  0.4853E-02                                      0.4966E+03
  0.5824E-02                                      0.4950E+03
  0.6795E-02                                      0.4932E+03
  0.7765E-02  0.4189E+03  0.3776E+02  0.4911E+03  0.4911E+03
  0.8695E-02  0.5012E+03  0.8299E+02  0.4888E+03  0.4888E+03
  0.9624E-02  0.4725E+03  0.4206E+02  0.4863E+03  0.4863E+03
  0.1055E-01  0.4742E+03  0.2646E+02  0.4836E+03  0.4836E+03
  0.1148E-01  0.4800E+03  0.1830E+02  0.4806E+03  0.4806E+03
  0.1241E-01  0.4990E+03  0.1593E+02  0.4774E+03  0.4774E+03
  0.1334E-01  0.4852E+03  0.1159E+02  0.4740E+03  0.4740E+03
  0.1427E-01  0.4718E+03  0.9621E+01  0.4704E+03  0.4704E+03
  0.1520E-01  0.4777E+03  0.7144E+01  0.4665E+03  0.4665E+03
  0.1613E-01  0.4586E+03  0.6034E+01  0.4625E+03  0.4625E+03
  0.1706E-01  0.4587E+03  0.5931E+01  0.4582E+03  0.4582E+03
  0.1799E-01  0.4553E+03  0.5484E+01  0.4538E+03  0.4538E+03
  0.1892E-01  0.4499E+03  0.5279E+01  0.4492E+03  0.4492E+03
  0.1985E-01  0.4451E+03  0.5009E+01  0.4444E+03  0.4444E+03
  0.2078E-01  0.4424E+03  0.4571E+01  0.4395E+03  0.4395E+03
  0.2170E-01  0.4331E+03  0.4500E+01  0.4344E+03  0.4344E+03
  0.2263E-01  0.4277E+03  0.4068E+01  0.4292E+03  0.4292E+03
  0.2356E-01  0.4204E+03  0.4429E+01  0.4238E+03  0.4238E+03
  0.2449E-01  0.4153E+03  0.4139E+01  0.4183E+03  0.4183E+03
  0.2542E-01  0.4195E+03  0.5275E+01  0.4126E+03  0.4126E+03
  0.2635E-01  0.4105E+03  0.5130E+01  0.4069E+03  0.4069E+03
  0.2728E-01  0.3949E+03  0.4195E+01  0.4010E+03  0.4010E+03
  0.2821E-01  0.3901E+03  0.3791E+01  0.3951E+03  0.3951E+03
  0.2914E-01  0.3794E+03  0.3569E+01  0.3890E+03  0.3890E+03
  0.3007E-01  0.3850E+03  0.3550E+01  0.3829E+03  0.3829E+03
  0.3100E-01  0.3811E+03  0.3472E+01  0.3768E+03  0.3768E+03
  0.3193E-01  0.3696E+03  0.3342E+01  0.3705E+03  0.3705E+03
  0.3286E-01  0.3585E+03  0.3254E+01  0.3642E+03  0.3642E+03
  0.3379E-01  0.3597E+03  0.3269E+01  0.3579E+03  0.3579E+03
  0.3472E-01  0.3517E+03  0.3251E+01  0.3515E+03  0.3515E+03
  0.3564E-01  0.3407E+03  0.3231E+01  0.3451E+03  0.3451E+03
  0.3657E-01  0.3409E+03  0.3154E+01  0.3386E+03  0.3386E+03
  0.3750E-01  0.3353E+03  0.3102E+01  0.3322E+03  0.3322E+03
  0.3843E-01  0.3338E+03  0.2948E+01  0.3258E+03  0.3258E+03
  0.3936E-01  0.3243E+03  0.3001E+01  0.3193E+03  0.3193E+03
  0.4029E-01  0.3175E+03  0.2884E+01  0.3129E+03  0.3129E+03
  0.4122E-01  0.3079E+03  0.2993E+01  0.3064E+03  0.3064E+03
  0.4215E-01  0.2991E+03  0.2925E+01  0.3000E+03  0.3000E+03
  0.4308E-01  0.2951E+03  0.2805E+01  0.2937E+03  0.2937E+03
  0.4401E-01  0.2935E+03  0.2737E+01  0.2873E+03  0.2873E+03
  0.4494E-01  0.2843E+03  0.2709E+01  0.2810E+03  0.2810E+03
  0.4587E-01  0.2741E+03  0.2643E+01  0.2748E+03  0.2748E+03
  0.4680E-01  0.2703E+03  0.2613E+01  0.2685E+03  0.2685E+03
  0.4773E-01  0.2633E+03  0.2576E+01  0.2624E+03  0.2624E+03
  0.4865E-01  0.2558E+03  0.2601E+01  0.2563E+03  0.2563E+03
  0.4958E-01  0.2468E+03  0.2510E+01  0.2503E+03  0.2503E+03
  0.5051E-01  0.2436E+03  0.2637E+01  0.2443E+03  0.2443E+03
  0.5144E-01  0.2386E+03  0.2475E+01  0.2384E+03  0.2384E+03
  0.5237E-01  0.2327E+03  0.2473E+01  0.2326E+03  0.2326E+03
  0.5330E-01  0.2226E+03  0.2433E+01  0.2268E+03  0.2268E+03
  0.5423E-01  0.2202E+03  0.2379E+01  0.2211E+03  0.2211E+03
  0.5516E-01  0.2167E+03  0.2414E+01  0.2156E+03  0.2156E+03
  0.5609E-01  0.2149E+03  0.2327E+01  0.2101E+03  0.2101E+03
  0.5702E-01  0.2055E+03  0.2347E+01  0.2046E+03  0.2046E+03
  0.5795E-01  0.1984E+03  0.2332E+01  0.1993E+03  0.1993E+03
  0.5888E-01  0.1964E+03  0.2277E+01  0.1941E+03  0.1941E+03
  0.5981E-01  0.1917E+03  0.2282E+01  0.1889E+03  0.1889E+03
  0.6074E-01  0.1901E+03  0.2222E+01  0.1839E+03  0.1839E+03
  0.6166E-01  0.1808E+03  0.2199E+01  0.1789E+03  0.1789E+03
  0.6259E-01  0.1742E+03  0.2176E+01  0.1740E+03  0.1740E+03
  0.6352E-01  0.1695E+03  0.2123E+01  0.1692E+03  0.1692E+03
  0.6445E-01  0.1644E+03  0.2204E+01  0.1645E+03  0.1645E+03
  0.6538E-01  0.1624E+03  0.2091E+01  0.1599E+03  0.1599E+03
  0.6631E-01  0.1624E+03  0.2110E+01  0.1554E+03  0.1554E+03
  0.6724E-01  0.1525E+03  0.2079E+01  0.1510E+03  0.1510E+03
  0.6817E-01  0.1500E+03  0.2092E+01  0.1467E+03  0.1467E+03
  0.6910E-01  0.1459E+03  0.2254E+01  0.1425E+03  0.1425E+03
  0.7003E-01  0.1372E+03  0.2160E+01  0.1384E+03  0.1384E+03
  0.7096E-01  0.1374E+03  0.2271E+01  0.1343E+03  0.1343E+03
  0.7189E-01  0.1331E+03  0.2034E+01  0.1304E+03  0.1304E+03
  0.7282E-01  0.1303E+03  0.1997E+01  0.1265E+03  0.1265E+03
  0.7375E-01  0.1266E+03  0.2059E+01  0.1227E+03  0.1227E+03
  0.7468E-01  0.1258E+03  0.2286E+01  0.1190E+03  0.1190E+03
  0.7560E-01  0.1178E+03  0.2038E+01  0.1154E+03  0.1154E+03
  0.7653E-01  0.1141E+03  0.1947E+01  0.1119E+03  0.1119E+03
  0.7746E-01  0.1034E+03  0.1922E+01  0.1085E+03  0.1085E+03
  0.7839E-01  0.1034E+03  0.1874E+01  0.1051E+03  0.1051E+03
  0.7932E-01  0.1005E+03  0.1866E+01  0.1018E+03  0.1018E+03
  0.8025E-01  0.9787E+02  0.1912E+01  0.9862E+02  0.9862E+02
  0.8118E-01  0.9540E+02  0.1862E+01  0.9551E+02  0.9551E+02
  0.8211E-01  0.9673E+02  0.1881E+01  0.9246E+02  0.9246E+02
  0.8304E-01  0.9376E+02  0.1846E+01  0.8950E+02  0.8950E+02
  0.8397E-01  0.8698E+02  0.1851E+01  0.8660E+02  0.8660E+02
  0.8490E-01  0.8460E+02  0.1805E+01  0.8378E+02  0.8378E+02
  0.8583E-01  0.8286E+02  0.1807E+01  0.8103E+02  0.8103E+02
  0.8676E-01  0.8109E+02  0.1751E+01  0.7836E+02  0.7836E+02
  0.8769E-01  0.7768E+02  0.1770E+01  0.7575E+02  0.7575E+02
  0.8861E-01  0.7373E+02  0.1789E+01  0.7321E+02  0.7321E+02
  0.8954E-01  0.7260E+02  0.1714E+01  0.7073E+02  0.7073E+02
  0.9047E-01  0.7100E+02  0.1701E+01  0.6832E+02  0.6832E+02
  0.9140E-01  0.6657E+02  0.1718E+01  0.6598E+02  0.6598E+02
  0.9233E-01  0.6129E+02  0.1722E+01  0.6370E+02  0.6370E+02
  0.9326E-01  0.6279E+02  0.1727E+01  0.6148E+02  0.6148E+02
  0.9419E-01  0.6011E+02  0.1695E+01  0.5933E+02  0.5933E+02
  0.9512E-01  0.5531E+02  0.1721E+01  0.5723E+02  0.5723E+02
  0.9605E-01  0.5180E+02  0.1732E+01  0.5520E+02  0.5520E+02
  0.9698E-01  0.5331E+02  0.1688E+01  0.5322E+02  0.5322E+02
  0.9791E-01  0.5402E+02  0.1687E+01  0.5130E+02  0.5130E+02
  0.9884E-01  0.4976E+02  0.1641E+01  0.4944E+02  0.4944E+02
  0.9977E-01  0.4593E+02  0.1630E+01  0.4763E+02  0.4763E+02
  0.1007E+00  0.4607E+02  0.1613E+01  0.4588E+02  0.4588E+02
  0.1016E+00  0.4376E+02  0.1614E+01  0.4419E+02  0.4419E+02
  0.1026E+00  0.4509E+02  0.1606E+01  0.4254E+02  0.4254E+02
  0.1035E+00  0.4291E+02  0.1547E+01  0.4095E+02  0.4095E+02
  0.1044E+00  0.3731E+02  0.1563E+01  0.3942E+02  0.3942E+02
  0.1053E+00  0.3522E+02  0.1560E+01  0.3793E+02  0.3793E+02
  0.1063E+00  0.3782E+02  0.1603E+01  0.3649E+02  0.3649E+02
  0.1072E+00  0.3585E+02  0.1680E+01  0.3511E+02  0.3511E+02
  0.1081E+00  0.3008E+02  0.1576E+01  0.3377E+02  0.3377E+02
  0.1091E+00  0.3096E+02  0.1573E+01  0.3248E+02  0.3248E+02
  0.1100E+00  0.2988E+02  0.1541E+01  0.3124E+02  0.3124E+02
  0.1109E+00  0.2738E+02  0.1561E+01  0.3005E+02  0.3005E+02
  0.1118E+00  0.2732E+02  0.1524E+01  0.2890E+02  0.2890E+02
  0.1128E+00  0.2819E+02  0.1512E+01  0.2779E+02  0.2779E+02
  0.1137E+00  0.2548E+02  0.1518E+01  0.2673E+02  0.2673E+02
  0.1146E+00  0.2255E+02  0.1491E+01  0.2571E+02  0.2571E+02
  0.1156E+00  0.1970E+02  0.1499E+01  0.2474E+02  0.2474E+02
  0.1165E+00  0.1866E+02  0.1461E+01  0.2381E+02  0.2381E+02
  0.1174E+00  0.1984E+02  0.1445E+01  0.2291E+02  0.2291E+02
  0.1184E+00  0.2248E+02  0.1497E+01  0.2206E+02  0.2206E+02
  0.1193E+00  0.2271E+02  0.1562E+01  0.2125E+02  0.2125E+02
  0.1202E+00  0.2159E+02  0.1519E+01  0.2047E+02  0.2047E+02
  0.1211E+00  0.2395E+02  0.1419E+01  0.1973E+02  0.1973E+02
  0.1221E+00  0.1922E+02  0.1428E+01  0.1903E+02  0.1903E+02
  0.1230E+00  0.1625E+02  0.1433E+01  0.1836E+02  0.1836E+02
  0.1239E+00  0.1953E+02  0.1425E+01  0.1773E+02  0.1773E+02
  0.1249E+00  0.1602E+02  0.1419E+01  0.1713E+02  0.1713E+02
  0.1258E+00  0.1727E+02  0.1421E+01  0.1656E+02  0.1656E+02
  0.1267E+00  0.1303E+02  0.1414E+01  0.1602E+02  0.1602E+02
  0.1276E+00  0.1227E+02  0.1422E+01  0.1551E+02  0.1551E+02
  0.1286E+00  0.1371E+02  0.1407E+01  0.1503E+02  0.1503E+02
  0.1295E+00  0.1469E+02  0.1398E+01  0.1458E+02  0.1458E+02
  0.1304E+00  0.9490E+01  0.1384E+01  0.1416E+02  0.1416E+02
  0.1314E+00  0.1041E+02  0.1408E+01  0.1376E+02  0.1376E+02
  0.1323E+00  0.1144E+02  0.1381E+01  0.1338E+02  0.1338E+02
  0.1332E+00  0.1467E+02  0.1385E+01  0.1303E+02  0.1303E+02
  0.1342E+00  0.1283E+02  0.1409E+01  0.1271E+02  0.1271E+02
  0.1351E+00  0.7655E+01  0.1360E+01  0.1240E+02  0.1240E+02
  0.1360E+00  0.1076E+02  0.1411E+01  0.1212E+02  0.1212E+02
  0.1369E+00  0.1236E+02  0.1378E+01  0.1185E+02  0.1185E+02
  0.1379E+00  0.1018E+02  0.1359E+01  0.1160E+02  0.1160E+02
  0.1388E+00  0.1071E+02  0.1361E+01  0.1137E+02  0.1137E+02
  0.1397E+00  0.1157E+02  0.1368E+01  0.1116E+02  0.1116E+02
  0.1407E+00  0.9932E+01  0.1358E+01  0.1096E+02  0.1096E+02
  0.1416E+00  0.1266E+02  0.1337E+01  0.1078E+02  0.1078E+02
  0.1425E+00  0.1144E+02  0.1352E+01  0.1061E+02  0.1061E+02
  0.1434E+00  0.1024E+02  0.1318E+01  0.1045E+02  0.1045E+02
  0.1444E+00  0.1031E+02  0.1364E+01  0.1031E+02  0.1031E+02
  0.1453E+00  0.7972E+01  0.1322E+01  0.1018E+02  0.1018E+02
  0.1462E+00  0.5841E+01  0.1470E+01  0.1006E+02  0.1006E+02
  0.1472E+00  0.6472E+01  0.1395E+01  0.9944E+01  0.9944E+01
  0.1481E+00  0.6010E+01  0.1341E+01  0.9841E+01  0.9841E+01
  0.1490E+00  0.8234E+01  0.1332E+01  0.9747E+01  0.9747E+01
  0.1499E+00  0.4829E+01  0.1370E+01  0.9660E+01  0.9660E+01
  0.1509E+00  0.8374E+01  0.1326E+01  0.9580E+01  0.9580E+01
  0.1518E+00  0.9756E+01  0.1351E+01  0.9507E+01  0.9507E+01
  0.1527E+00  0.7468E+01  0.1321E+01  0.9440E+01  0.9440E+01
  0.1537E+00  0.5508E+01  0.1327E+01  0.9378E+01  0.9378E+01
  0.1546E+00  0.7958E+01  0.1325E+01  0.9321E+01  0.9321E+01
  0.1555E+00  0.6304E+01  0.1312E+01  0.9268E+01  0.9268E+01
  0.1565E+00  0.5248E+01  0.1307E+01  0.9219E+01  0.9219E+01
  0.1574E+00  0.8702E+01  0.1294E+01  0.9175E+01  0.9175E+01
  0.1583E+00  0.5266E+01  0.1301E+01  0.9132E+01  0.9132E+01
  0.1592E+00  0.9461E+01  0.1276E+01  0.9093E+01  0.9093E+01
  0.1602E+00  0.1168E+02  0.1263E+01  0.9057E+01  0.9057E+01
  0.1611E+00  0.1452E+02  0.1280E+01  0.9022E+01  0.9022E+01
  0.1620E+00  0.1273E+02  0.1253E+01  0.8990E+01  0.8990E+01
  0.1630E+00  0.7749E+01  0.1259E+01  0.8959E+01  0.8959E+01
  0.1639E+00  0.7263E+01  0.1238E+01  0.8930E+01  0.8930E+01
  0.1648E+00  0.1044E+02  0.1256E+01  0.8902E+01  0.8902E+01
  0.1657E+00  0.1015E+02  0.1265E+01  0.8875E+01  0.8875E+01
  0.1667E+00  0.9062E+01  0.1268E+01  0.8849E+01  0.8849E+01
  0.1676E+00  0.5771E+01  0.1272E+01  0.8824E+01  0.8824E+01
  0.1685E+00  0.7997E+01  0.1259E+01  0.8799E+01  0.8799E+01
  0.1695E+00  0.6693E+01  0.1273E+01  0.8775E+01  0.8775E+01
  0.1704E+00  0.8359E+01  0.1262E+01  0.8752E+01  0.8752E+01
  0.1713E+00  0.9185E+01  0.1281E+01  0.8729E+01  0.8729E+01
  0.1723E+00  0.9716E+01  0.1292E+01  0.8707E+01  0.8707E+01
  0.1732E+00  0.1026E+02  0.1276E+01  0.8685E+01  0.8685E+01
  0.1741E+00  0.8260E+01  0.1262E+01  0.8663E+01  0.8663E+01
  0.1750E+00  0.8045E+01  0.1233E+01  0.8641E+01  0.8641E+01
  0.1760E+00  0.7935E+01  0.1253E+01  0.8620E+01  0.8620E+01
  0.1769E+00  0.7659E+01  0.1245E+01  0.8598E+01  0.8598E+01
  0.1778E+00  0.7608E+01  0.1210E+01  0.8577E+01  0.8577E+01
  0.1788E+00  0.7174E+01  0.1213E+01  0.8556E+01  0.8556E+01
  0.1797E+00  0.5219E+01  0.1194E+01  0.8535E+01  0.8535E+01
  0.1806E+00  0.7140E+01  0.1205E+01  0.8515E+01  0.8515E+01
  0.1815E+00  0.8187E+01  0.1232E+01  0.8494E+01  0.8494E+01
  0.1825E+00  0.7743E+01  0.1199E+01  0.8474E+01  0.8474E+01
  0.1834E+00  0.6470E+01  0.1208E+01  0.8453E+01  0.8453E+01
  0.1843E+00  0.9792E+01  0.1185E+01  0.8433E+01  0.8433E+01
  0.1853E+00  0.1296E+02  0.1214E+01  0.8412E+01  0.8412E+01
  0.1862E+00  0.1281E+02  0.1190E+01  0.8392E+01  0.8392E+01
  0.1871E+00  0.1142E+02  0.1203E+01  0.8372E+01  0.8372E+01
  0.1880E+00  0.9854E+01  0.1207E+01  0.8352E+01  0.8352E+01
  0.1890E+00  0.1117E+02  0.1202E+01  0.8331E+01  0.8331E+01
  0.1899E+00  0.9233E+01  0.1204E+01  0.8311E+01  0.8311E+01
  0.1908E+00  0.8271E+01  0.1201E+01  0.8290E+01  0.8290E+01
  0.1918E+00  0.6074E+01  0.1180E+01  0.8270E+01  0.8270E+01
  0.1927E+00  0.9020E+01  0.1201E+01  0.8249E+01  0.8249E+01
  0.1936E+00  0.8499E+01  0.1182E+01  0.8228E+01  0.8228E+01
  0.1946E+00  0.7963E+01  0.1167E+01  0.8207E+01  0.8207E+01
  0.1955E+00  0.6321E+01  0.1156E+01  0.8186E+01  0.8186E+01
  0.1964E+00  0.6055E+01  0.1176E+01  0.8164E+01  0.8164E+01
  0.1973E+00  0.8199E+01  0.1161E+01  0.8142E+01  0.8142E+01
  0.1983E+00  0.4549E+01  0.1178E+01  0.8120E+01  0.8120E+01
  0.1992E+00  0.9776E+01  0.1168E+01  0.8098E+01  0.8098E+01
  0.2001E+00  0.8879E+01  0.1162E+01  0.8075E+01  0.8075E+01
  0.2011E+00  0.1125E+02  0.1167E+01  0.8052E+01  0.8052E+01
  0.2020E+00  0.1098E+02  0.1165E+01  0.8028E+01  0.8028E+01
  0.2029E+00  0.9282E+01  0.1181E+01  0.8004E+01  0.8004E+01
  0.2038E+00  0.8638E+01  0.1166E+01  0.7979E+01  0.7979E+01
  0.2048E+00  0.9959E+01  0.1167E+01  0.7954E+01  0.7954E+01
  0.2057E+00  0.6930E+01  0.1151E+01  0.7928E+01  0.7928E+01
  0.2066E+00  0.5141E+01  0.1126E+01  0.7902E+01  0.7902E+01
  0.2076E+00  0.7385E+01  0.1135E+01  0.7875E+01  0.7875E+01
  0.2085E+00  0.8248E+01  0.1142E+01  0.7848E+01  0.7848E+01
  0.2094E+00  0.6126E+01  0.1118E+01  0.7820E+01  0.7820E+01
  0.2104E+00  0.5001E+01  0.1139E+01  0.7791E+01  0.7791E+01
  0.2113E+00  0.6304E+01  0.1114E+01  0.7762E+01  0.7762E+01
  0.2122E+00  0.8637E+01  0.1128E+01  0.7733E+01  0.7733E+01
  0.2131E+00  0.7667E+01  0.1104E+01  0.7703E+01  0.7703E+01
  0.2141E+00  0.9004E+01  0.1105E+01  0.7672E+01  0.7672E+01
  0.2150E+00  0.1109E+02  0.1105E+01  0.7641E+01  0.7641E+01
  0.2159E+00  0.8523E+01  0.1081E+01  0.7609E+01  0.7609E+01
  0.2169E+00  0.7870E+01  0.1105E+01  0.7577E+01  0.7577E+01
  0.2178E+00  0.8151E+01  0.1086E+01  0.7545E+01  0.7545E+01
  0.2187E+00  0.6622E+01  0.1092E+01  0.7512E+01  0.7512E+01
  0.2196E+00  0.9072E+01  0.1084E+01  0.7479E+01  0.7479E+01
  0.2206E+00  0.1062E+02  0.1083E+01  0.7446E+01  0.7446E+01
  0.2215E+00  0.7122E+01  0.1135E+01  0.7412E+01  0.7412E+01
  0.2224E+00  0.8649E+01  0.1099E+01  0.7379E+01  0.7379E+01
  0.2234E+00  0.9489E+01  0.1071E+01  0.7345E+01  0.7345E+01
  0.2243E+00  0.5388E+01  0.1071E+01  0.7311E+01  0.7311E+01
  0.2252E+00  0.5349E+01  0.1062E+01  0.7277E+01  0.7277E+01
  0.2262E+00  0.4192E+01  0.1081E+01  0.7243E+01  0.7243E+01
  0.2271E+00  0.4830E+01  0.1065E+01  0.7210E+01  0.7210E+01
  0.2280E+00  0.6364E+01  0.1078E+01  0.7176E+01  0.7176E+01
  0.2289E+00  0.6158E+01  0.1084E+01  0.7143E+01  0.7143E+01
  0.2299E+00  0.7499E+01  0.1107E+01  0.7110E+01  0.7110E+01
  0.2308E+00  0.8543E+01  0.1104E+01  0.7077E+01  0.7077E+01
  0.2317E+00  0.8343E+01  0.1098E+01  0.7045E+01  0.7045E+01
  0.2327E+00  0.5901E+01  0.1097E+01  0.7013E+01  0.7013E+01
  0.2336E+00  0.7098E+01  0.1116E+01  0.6982E+01  0.6982E+01
  0.2345E+00  0.6324E+01  0.1114E+01  0.6951E+01  0.6951E+01
  0.2354E+00  0.5657E+01  0.1100E+01  0.6921E+01  0.6921E+01
  0.2364E+00  0.4123E+01  0.1112E+01  0.6892E+01  0.6892E+01
  0.2373E+00  0.5741E+01  0.1105E+01  0.6863E+01  0.6863E+01
  0.2382E+00  0.5386E+01  0.1106E+01  0.6835E+01  0.6835E+01
  0.2392E+00  0.8298E+01  0.1115E+01  0.6808E+01  0.6808E+01
  0.2401E+00  0.7883E+01  0.1089E+01  0.6781E+01  0.6781E+01
  0.2410E+00  0.7244E+01  0.1097E+01  0.6756E+01  0.6756E+01
  0.2420E+00  0.6989E+01  0.1113E+01  0.6731E+01  0.6731E+01
  0.2429E+00  0.5581E+01  0.1104E+01  0.6707E+01  0.6707E+01
  0.2438E+00  0.7214E+01  0.1108E+01  0.6684E+01  0.6684E+01
  0.2447E+00  0.4837E+01  0.1094E+01  0.6661E+01  0.6661E+01
  0.2457E+00  0.5793E+01  0.1111E+01  0.6640E+01  0.6640E+01
  0.2466E+00  0.7456E+01  0.1097E+01  0.6620E+01  0.6620E+01
  0.2475E+00  0.7538E+01  0.1102E+01  0.6600E+01  0.6600E+01
  0.2485E+00  0.6066E+01  0.1099E+01  0.6581E+01  0.6581E+01
  0.2494E+00  0.5494E+01  0.1085E+01  0.6563E+01  0.6563E+01
  0.2503E+00  0.7729E+01  0.1098E+01  0.6546E+01  0.6546E+01
  0.2512E+00  0.8520E+01  0.1105E+01  0.6529E+01  0.6529E+01
  0.2522E+00  0.7783E+01  0.1094E+01  0.6514E+01  0.6514E+01
  0.2531E+00  0.8843E+01  0.1138E+01  0.6499E+01  0.6499E+01
  0.2540E+00  0.4909E+01  0.1094E+01  0.6485E+01  0.6485E+01
  0.2550E+00  0.4071E+01  0.1107E+01  0.6471E+01  0.6471E+01
  0.2559E+00  0.6612E+01  0.1100E+01  0.6458E+01  0.6458E+01
  0.2568E+00  0.5532E+01  0.1111E+01  0.6446E+01  0.6446E+01
  0.2577E+00  0.7242E+01  0.1099E+01  0.6434E+01  0.6434E+01
  0.2587E+00  0.6222E+01  0.1095E+01  0.6423E+01  0.6423E+01
  0.2596E+00  0.4177E+01  0.1088E+01  0.6412E+01  0.6412E+01
  0.2605E+00  0.5230E+01  0.1083E+01  0.6402E+01  0.6402E+01
  0.2615E+00  0.5296E+01  0.1097E+01  0.6392E+01  0.6392E+01
  0.2624E+00  0.5930E+01  0.1084E+01  0.6383E+01  0.6383E+01
  0.2633E+00  0.6378E+01  0.1079E+01  0.6373E+01  0.6373E+01
  0.2643E+00  0.5343E+01  0.1104E+01  0.6364E+01  0.6364E+01
  0.2652E+00  0.7912E+01  0.1083E+01  0.6355E+01  0.6355E+01
  0.2661E+00  0.7378E+01  0.1075E+01  0.6347E+01  0.6347E+01
  0.2670E+00  0.8078E+01  0.1057E+01  0.6338E+01  0.6338E+01
  0.2680E+00  0.8749E+01  0.1076E+01  0.6330E+01  0.6330E+01
  0.2689E+00  0.7045E+01  0.1078E+01  0.6322E+01  0.6322E+01
  0.2698E+00  0.6077E+01  0.1086E+01  0.6313E+01  0.6313E+01
  0.2708E+00  0.5389E+01  0.1086E+01  0.6305E+01  0.6305E+01
  0.2717E+00  0.3637E+01  0.1098E+01  0.6297E+01  0.6297E+01
  0.2726E+00  0.1634E+01  0.1090E+01  0.6289E+01  0.6289E+01
  0.2735E+00  0.2690E+01  0.1067E+01  0.6280E+01  0.6280E+01
  0.2745E+00  0.4514E+01  0.1101E+01  0.6272E+01  0.6272E+01
  0.2754E+00  0.4029E+01  0.1089E+01  0.6263E+01  0.6263E+01
  0.2763E+00  0.6810E+01  0.1067E+01  0.6254E+01  0.6254E+01
  0.2773E+00  0.6546E+01  0.1092E+01  0.6246E+01  0.6246E+01
  0.2782E+00  0.4299E+01  0.1091E+01  0.6237E+01  0.6237E+01
  0.2791E+00  0.6303E+01  0.1095E+01  0.6227E+01  0.6227E+01
  0.2801E+00  0.7499E+01  0.1092E+01  0.6218E+01  0.6218E+01
  0.2810E+00  0.5903E+01  0.1114E+01  0.6208E+01  0.6208E+01
  0.2819E+00  0.5839E+01  0.1125E+01  0.6199E+01  0.6199E+01
  0.2828E+00  0.6827E+01  0.1140E+01  0.6189E+01  0.6189E+01
  0.2838E+00  0.8054E+01  0.1128E+01  0.6179E+01  0.6179E+01
  0.2847E+00  0.6924E+01  0.1126E+01  0.6168E+01  0.6168E+01
  0.2856E+00  0.7685E+01  0.1145E+01  0.6158E+01  0.6158E+01
  0.2866E+00  0.5410E+01  0.1164E+01  0.6148E+01  0.6148E+01
  0.2875E+00  0.4468E+01  0.1145E+01  0.6137E+01  0.6137E+01
  0.2884E+00  0.5659E+01  0.1163E+01  0.6126E+01  0.6126E+01
  0.2893E+00  0.4232E+01  0.1163E+01  0.6115E+01  0.6115E+01
  0.2903E+00  0.5021E+01  0.1201E+01  0.6104E+01  0.6104E+01
  0.2912E+00  0.5695E+01  0.1188E+01  0.6093E+01  0.6093E+01
  0.2921E+00  0.7974E+01  0.1191E+01  0.6081E+01  0.6081E+01
  0.2931E+00  0.8953E+01  0.1245E+01  0.6070E+01  0.6070E+01
  0.2940E+00  0.8160E+01  0.1207E+01  0.6058E+01  0.6058E+01
  0.2949E+00  0.9494E+01  0.1303E+01  0.6047E+01  0.6047E+01
  0.2958E+00  0.8272E+01  0.1282E+01  0.6035E+01  0.6035E+01
  0.2968E+00  0.5974E+01  0.1241E+01  0.6023E+01  0.6023E+01
  0.2977E+00  0.5760E+01  0.1281E+01  0.6012E+01  0.6012E+01
  0.2986E+00  0.5615E+01  0.1245E+01  0.6000E+01  0.6000E+01
  0.2996E+00  0.8908E+01  0.1266E+01  0.5988E+01  0.5988E+01
  0.3005E+00  0.1018E+02  0.1261E+01  0.5976E+01  0.5976E+01
  0.3014E+00  0.8486E+01  0.1277E+01  0.5964E+01  0.5964E+01
  0.3024E+00  0.6028E+01  0.1292E+01  0.5952E+01  0.5952E+01
  0.3033E+00  0.3126E+01  0.1274E+01  0.5940E+01  0.5940E+01
  0.3042E+00  0.3373E+01  0.1297E+01  0.5928E+01  0.5928E+01
  0.3051E+00  0.6628E+01  0.1282E+01  0.5916E+01  0.5916E+01
  0.3061E+00  0.7644E+01  0.1297E+01  0.5904E+01  0.5904E+01
  0.3070E+00  0.8593E+01  0.1275E+01  0.5892E+01  0.5892E+01
  0.3079E+00  0.8495E+01  0.1271E+01  0.5880E+01  0.5880E+01
  0.3089E+00  0.5820E+01  0.1309E+01  0.5868E+01  0.5868E+01
  0.3098E+00  0.5458E+01  0.1313E+01  0.5855E+01  0.5855E+01
  0.3107E+00  0.6862E+01  0.1415E+01  0.5843E+01  0.5843E+01
  0.3116E+00  0.3568E+01  0.1400E+01  0.5831E+01  0.5831E+01
  0.3126E+00  0.4792E+01  0.1358E+01  0.5818E+01  0.5818E+01
  0.3135E+00  0.8199E+01  0.1360E+01  0.5806E+01  0.5806E+01
  0.3144E+00  0.9317E+01  0.1371E+01  0.5793E+01  0.5793E+01
  0.3154E+00  0.6352E+01  0.1365E+01  0.5780E+01  0.5780E+01
  0.3163E+00  0.5499E+01  0.1347E+01  0.5767E+01  0.5767E+01
  0.3172E+00  0.6177E+01  0.1362E+01  0.5754E+01  0.5754E+01
  0.3182E+00  0.8219E+01  0.1398E+01  0.5741E+01  0.5741E+01
  0.3191E+00  0.5582E+01  0.1407E+01  0.5727E+01  0.5727E+01
  0.3200E+00  0.5021E+01  0.1375E+01  0.5714E+01  0.5714E+01
  0.3209E+00  0.8709E+01  0.1387E+01  0.5700E+01  0.5700E+01
  0.3219E+00  0.9898E+01  0.1407E+01  0.5686E+01  0.5686E+01
  0.3228E+00  0.7823E+01  0.1377E+01  0.5672E+01  0.5672E+01
  0.3237E+00  0.7364E+01  0.1377E+01  0.5657E+01  0.5657E+01
  0.3247E+00  0.4778E+01  0.1405E+01  0.5642E+01  0.5642E+01
  0.3256E+00  0.4008E+01  0.1399E+01  0.5627E+01  0.5627E+01
  0.3265E+00  0.3883E+01  0.1434E+01  0.5612E+01  0.5612E+01
  0.3274E+00  0.2835E+01  0.1454E+01  0.5597E+01  0.5597E+01
  0.3284E+00  0.5144E+01  0.1512E+01  0.5581E+01  0.5581E+01
  0.3293E+00  0.7839E+01  0.1454E+01  0.5565E+01  0.5565E+01
  0.3302E+00  0.8874E+01  0.1444E+01  0.5548E+01  0.5548E+01
  0.3312E+00  0.8654E+01  0.1486E+01  0.5532E+01  0.5532E+01
  0.3321E+00  0.4975E+01  0.1445E+01  0.5515E+01  0.5515E+01
  0.3330E+00  0.4984E+01  0.1465E+01  0.5497E+01  0.5497E+01
  0.3340E+00  0.6290E+01  0.1488E+01  0.5480E+01  0.5480E+01
  0.3349E+00  0.6462E+01  0.1458E+01  0.5462E+01  0.5462E+01
  0.3358E+00  0.4166E+01  0.1485E+01  0.5444E+01  0.5444E+01
  0.3367E+00  0.6477E+01  0.1451E+01  0.5426E+01  0.5426E+01
  0.3377E+00  0.6371E+01  0.1473E+01  0.5407E+01  0.5407E+01
  0.3386E+00  0.3859E+01  0.1485E+01  0.5388E+01  0.5388E+01
  0.3395E+00  0.9167E+01  0.1472E+01  0.5369E+01  0.5369E+01
  0.3405E+00  0.8175E+01  0.1505E+01  0.5350E+01  0.5350E+01
  0.3414E+00  0.8846E+01  0.1504E+01  0.5330E+01  0.5330E+01
  0.3423E+00  0.6084E+01  0.1564E+01  0.5311E+01  0.5311E+01
  0.3432E+00  0.7075E+01  0.1535E+01  0.5291E+01  0.5291E+01
  0.3442E+00  0.8299E+01  0.1562E+01  0.5271E+01  0.5271E+01
  0.3451E+00  0.8960E+01  0.1584E+01  0.5250E+01  0.5250E+01
  0.3460E+00  0.9943E+01  0.1545E+01  0.5230E+01  0.5230E+01
  0.3470E+00  0.9587E+01  0.1577E+01  0.5210E+01  0.5210E+01
  0.3479E+00  0.1131E+02  0.1532E+01  0.5189E+01  0.5189E+01
  0.3488E+00  0.6676E+01  0.1580E+01  0.5168E+01  0.5168E+01
  0.3497E+00  0.6243E+01  0.1602E+01  0.5147E+01  0.5147E+01
  0.3507E+00  0.6715E+01  0.1530E+01  0.5127E+01  0.5127E+01
  0.3516E+00  0.7181E+01  0.1567E+01  0.5106E+01  0.5106E+01
  0.3525E+00  0.6489E+01  0.1578E+01  0.5085E+01  0.5085E+01
  0.3535E+00  0.5173E+01  0.1602E+01  0.5064E+01  0.5064E+01
  0.3544E+00  0.1066E+01  0.1584E+01  0.5043E+01  0.5043E+01
  0.3553E+00  0.1641E+01  0.1592E+01  0.5022E+01  0.5022E+01
  0.3563E+00  0.6461E+01  0.1638E+01  0.5001E+01  0.5001E+01
  0.3572E+00  0.9102E+01  0.1639E+01  0.4980E+01  0.4980E+01
  0.3581E+00  0.9254E+01  0.1669E+01  0.4959E+01  0.4959E+01
  0.3590E+00  0.6048E+01  0.1645E+01  0.4939E+01  0.4939E+01
  0.3600E+00  0.8001E+01  0.1635E+01  0.4918E+01  0.4918E+01
  0.3609E+00  0.3656E+01  0.1668E+01  0.4897E+01  0.4897E+01
  0.3618E+00  0.5907E+01  0.1629E+01  0.4877E+01  0.4877E+01
  0.3628E+00  0.6270E+01  0.1659E+01  0.4856E+01  0.4856E+01
  0.3637E+00  0.5612E+01  0.1621E+01  0.4836E+01  0.4836E+01
  0.3646E+00  0.6582E+01  0.1624E+01  0.4816E+01  0.4816E+01
  0.3655E+00  0.5280E+01  0.1633E+01  0.4795E+01  0.4795E+01
  0.3665E+00  0.5946E+01  0.1603E+01  0.4775E+01  0.4775E+01
  0.3674E+00  0.9858E+01  0.1648E+01  0.4755E+01  0.4755E+01
  0.3683E+00  0.5512E+01  0.1635E+01  0.4735E+01  0.4735E+01
  0.3693E+00  0.1569E+01  0.1650E+01  0.4716E+01  0.4716E+01
  0.3702E+00  0.6373E+01  0.1657E+01  0.4696E+01  0.4696E+01
  0.3711E+00  0.8760E+01  0.1657E+01  0.4676E+01  0.4676E+01
  0.3721E+00  0.4793E+01  0.1716E+01  0.4657E+01  0.4657E+01
  0.3730E+00  0.5982E+01  0.1695E+01  0.4637E+01  0.4637E+01
  0.3739E+00  0.5989E+01  0.1714E+01  0.4618E+01  0.4618E+01
  0.3748E+00  0.6479E+01  0.1653E+01  0.4598E+01  0.4598E+01
  0.3758E+00  0.3381E+01  0.1684E+01  0.4579E+01  0.4579E+01
  0.3767E+00  0.7851E+01  0.1664E+01  0.4560E+01  0.4560E+01
  0.3776E+00  0.7609E+01  0.1649E+01  0.4540E+01  0.4540E+01
  0.3786E+00  0.2638E+01  0.1680E+01  0.4521E+01  0.4521E+01
  0.3795E+00  0.4415E+01  0.1629E+01  0.4502E+01  0.4502E+01
  0.3804E+00  0.4610E+01  0.1657E+01  0.4483E+01  0.4483E+01
  0.3813E+00  0.5996E+01  0.1641E+01  0.4464E+01  0.4464E+01
  0.3823E+00  0.2367E+01  0.1658E+01  0.4444E+01  0.4444E+01
  0.3832E+00  0.2230E+01  0.1679E+01  0.4425E+01  0.4425E+01
  0.3841E+00  0.2391E+01  0.1623E+01  0.4406E+01  0.4406E+01
  0.3851E+00  0.5287E+01  0.1697E+01  0.4387E+01  0.4387E+01
  0.3860E+00  0.7281E+01  0.1690E+01  0.4368E+01  0.4368E+01
  0.3869E+00  0.4657E+01  0.1714E+01  0.4348E+01  0.4348E+01
  0.3879E+00  0.8204E+01  0.1732E+01  0.4329E+01  0.4329E+01
  0.3888E+00  0.1084E+02  0.1695E+01  0.4310E+01  0.4310E+01
  0.3897E+00  0.9531E+01  0.1719E+01  0.4291E+01  0.4291E+01
  0.3906E+00  0.9736E+01  0.1654E+01  0.4271E+01  0.4271E+01
  0.3916E+00  0.8619E+01  0.1698E+01  0.4252E+01  0.4252E+01
  0.3925E+00  0.9021E+01  0.1686E+01  0.4232E+01  0.4232E+01

           Distance distribution  function of particle  


       R          P(R)      ERROR

  0.0000E+00  0.0000E+00  0.0000E+00
  0.1071E+01  0.5135E-01  0.7523E-03
  0.2142E+01  0.9310E-01  0.1142E-02
  0.3213E+01  0.1263E+00  0.1225E-02
  0.4284E+01  0.1524E+00  0.1097E-02
  0.5355E+01  0.1737E+00  0.9142E-03
  0.6426E+01  0.1923E+00  0.8940E-03
  0.7497E+01  0.2105E+00  0.1113E-02
  0.8568E+01  0.2305E+00  0.1415E-02
  0.9639E+01  0.2540E+00  0.1667E-02
  0.1071E+02  0.2823E+00  0.1813E-02
  0.1178E+02  0.3161E+00  0.1854E-02
  0.1285E+02  0.3556E+00  0.1833E-02
  0.1392E+02  0.4002E+00  0.1820E-02
  0.1499E+02  0.4491E+00  0.1879E-02
  0.1606E+02  0.5008E+00  0.2029E-02
  0.1714E+02  0.5539E+00  0.2232E-02
  0.1821E+02  0.6068E+00  0.2432E-02
  0.1928E+02  0.6579E+00  0.2583E-02
  0.2035E+02  0.7060E+00  0.2669E-02
  0.2142E+02  0.7501E+00  0.2694E-02
  0.2249E+02  0.7893E+00  0.2682E-02
  0.2356E+02  0.8235E+00  0.2662E-02
  0.2463E+02  0.8526E+00  0.2657E-02
  0.2570E+02  0.8767E+00  0.2672E-02
  0.2677E+02  0.8963E+00  0.2695E-02
  0.2785E+02  0.9117E+00  0.2708E-02
  0.2892E+02  0.9234E+00  0.2700E-02
  0.2999E+02  0.9318E+00  0.2670E-02
  0.3106E+02  0.9371E+00  0.2631E-02
  0.3213E+02  0.9395E+00  0.2602E-02
  0.3320E+02  0.9389E+00  0.2601E-02
  0.3427E+02  0.9352E+00  0.2634E-02
  0.3534E+02  0.9283E+00  0.2696E-02
  0.3641E+02  0.9179E+00  0.2769E-02
  0.3748E+02  0.9038E+00  0.2840E-02
  0.3856E+02  0.8861E+00  0.2897E-02
  0.3963E+02  0.8646E+00  0.2937E-02
  0.4070E+02  0.8395E+00  0.2961E-02
  0.4177E+02  0.8112E+00  0.2974E-02
  0.4284E+02  0.7800E+00  0.2984E-02
  0.4391E+02  0.7465E+00  0.2996E-02
  0.4498E+02  0.7111E+00  0.3017E-02
  0.4605E+02  0.6745E+00  0.3052E-02
  0.4712E+02  0.6373E+00  0.3110E-02
  0.4820E+02  0.6001E+00  0.3195E-02
  0.4927E+02  0.5633E+00  0.3308E-02
  0.5034E+02  0.5275E+00  0.3444E-02
  0.5141E+02  0.4929E+00  0.3596E-02
  0.5248E+02  0.4599E+00  0.3754E-02
  0.5355E+02  0.4287E+00  0.3905E-02
  0.5462E+02  0.3993E+00  0.4043E-02
  0.5569E+02  0.3720E+00  0.4158E-02
  0.5676E+02  0.3466E+00  0.4247E-02
  0.5783E+02  0.3233E+00  0.4305E-02
  0.5890E+02  0.3019E+00  0.4333E-02
  0.5998E+02  0.2824E+00  0.4331E-02
  0.6105E+02  0.2646E+00  0.4305E-02
  0.6212E+02  0.2485E+00  0.4262E-02
  0.6319E+02  0.2340E+00  0.4214E-02
  0.6426E+02  0.2208E+00  0.4172E-02
  0.6533E+02  0.2088E+00  0.4148E-02
  0.6640E+02  0.1979E+00  0.4149E-02
  0.6747E+02  0.1879E+00  0.4175E-02
  0.6854E+02  0.1787E+00  0.4223E-02
  0.6961E+02  0.1701E+00  0.4283E-02
  0.7069E+02  0.1621E+00  0.4349E-02
  0.7176E+02  0.1546E+00  0.4413E-02
  0.7283E+02  0.1475E+00  0.4472E-02
  0.7390E+02  0.1408E+00  0.4524E-02
  0.7497E+02  0.1344E+00  0.4569E-02
  0.7604E+02  0.1284E+00  0.4606E-02
  0.7711E+02  0.1228E+00  0.4632E-02
  0.7818E+02  0.1174E+00  0.4641E-02
  0.7925E+02  0.1124E+00  0.4628E-02
  0.8033E+02  0.1076E+00  0.4588E-02
  0.8140E+02  0.1030E+00  0.4518E-02
  0.8247E+02  0.9852E-01  0.4420E-02
  0.8354E+02  0.9419E-01  0.4300E-02
  0.8461E+02  0.8993E-01  0.4169E-02
  0.8568E+02  0.8569E-01  0.4042E-02
  0.8675E+02  0.8147E-01  0.3935E-02
  0.8782E+02  0.7723E-01  0.3862E-02
  0.8889E+02  0.7297E-01  0.3837E-02
  0.8996E+02  0.6871E-01  0.3862E-02
  0.9103E+02  0.6445E-01  0.3934E-02
  0.9211E+02  0.6021E-01  0.4045E-02
  0.9318E+02  0.5602E-01  0.4181E-02
  0.9425E+02  0.5187E-01  0.4324E-02
  0.9532E+02  0.4777E-01  0.4456E-02
  0.9639E+02  0.4373E-01  0.4559E-02
  0.9746E+02  0.3972E-01  0.4613E-02
  0.9853E+02  0.3574E-01  0.4597E-02
  0.9960E+02  0.3174E-01  0.4491E-02
  0.1007E+03  0.2769E-01  0.4274E-02
  0.1017E+03  0.2355E-01  0.3931E-02
  0.1028E+03  0.1928E-01  0.3448E-02
  0.1039E+03  0.1484E-01  0.2816E-02
  0.1050E+03  0.1017E-01  0.2030E-02
  0.1060E+03  0.5235E-02  0.1090E-02
  0.1071E+03  0.0000E+00  0.0000E+00
          Reciprocal space: Rg =   30.12     , I(0) =   0.5001E+03
     Real space: Rg =   30.16 +- 0.132  I(0) =   0.5001E+03 +-  0.1531E+01
