
           ####    G N O M   ---   Version 4.5a revised 09/02/02     ####

                                                  Sun Nov  5 11:57:53 2017
           ===    Run No   1   ===
 Run title:  0.0003414 0 0


  Number of points omitted at the end:         365
 Standard deviations are estimated by polynomial smoothing

   *******   Working Directory :
   *******    Input file(s) : 24648_01C_S508_0_03.sub
           Condition P(rmin) = 0 is used. 
           Condition P(rmax) = 0 is used. 

          Experimental conditions for the first run
          -----------------------------------------

          Highest ALPHA is found to be   0.1596E+03

  The measure of inconsistency AN1 equals to    0.7734E+00
     Alpha    Discrp  Oscill  Stabil  Sysdev  Positv  Valcen    Total   
  0.1596E+06 71.7222  1.3634  0.9627  0.2189  1.0000  0.8102  0.00001
  0.3191E+05 65.4085  1.3691  0.8662  0.1194  1.0000  0.8083  0.00001
  0.6382E+04 46.6869  1.3968  0.5701  0.0299  1.0000  0.7993  0.00001
  0.1276E+04 24.2563  1.5212  0.2094  0.0199  1.0000  0.7611  0.00001
  0.2553E+03 11.3639  1.8881  0.1504  0.0398  1.0000  0.6646  0.00001
  0.5106E+02  3.8030  2.2826  0.0668  0.1891  1.0000  0.5752  0.00001
  0.1021E+02  1.1953  2.4505  0.0196  0.6567  1.0000  0.5399  0.47817
  0.2042E+01  0.7987  2.4967  0.0061  0.7960  1.0000  0.5307  0.51687
  0.4085E+00  0.7725  2.5089  0.0050  0.8756  1.0000  0.5291  0.54495
  0.8169E-01  0.7684  2.5235  0.0122  0.9154  1.0000  0.5298  0.48512
  0.1634E-01  0.7638  2.6126  0.0331  0.9154  1.0000  0.5284  0.10000
  0.3268E-02  0.7550  3.3674  0.1199  0.9154  0.9982  0.5152  0.10000
  0.6535E-03  0.7412  6.1270  0.1718  0.9353  0.9827  0.4470  0.10000
  0.1307E-03  0.7356  8.3011  0.0710  0.9353  0.9611  0.4100  0.10000
  0.2614E-04  0.7348  9.6301  0.1562  0.9154  0.9592  0.4037  0.10000
  0.5228E-05  0.7339 14.2960  0.6673  0.9154  0.9359  0.3920  0.10000
  0.1046E-05  0.7305 16.7313  0.9320  0.9353  0.7831  0.3135  0.10000
  0.2091E-06  0.7201 16.4192  0.7043  0.9154  0.7251  0.2883  0.10000
  0.4183E-07  0.7083 16.7393  0.3252  0.8756  0.7138  0.2998  0.10000
  0.8365E-08  0.7041 18.7274  0.4994  0.8955  0.7118  0.3159  0.10000
  0.1673E-08  0.6989 19.6478  0.8022  0.9154  0.7144  0.3016  0.10000
  0.3346E-09  0.6869 20.7736  0.6780  0.9154  0.7151  0.3817  0.10000
  0.6692E-10  0.6565 25.6300  0.7037  0.9055  0.7182  0.3978  0.10000
  0.1338E-10  0.5813 30.7331  0.6376  0.9055  0.7280  0.3599  0.10000
  0.2677E-11  0.4440 35.4538  0.5055  0.9055  0.7208  0.3374  0.10000
  0.5354E-12  0.2632 41.8527  0.3568  0.9055  0.7002  0.3269  0.10000
  0.1071E-12  0.1027 47.0662  0.1906  0.8856  0.6922  0.2985  0.10000
  0.2142E-13  0.0267 48.9738  0.0599  0.9055  0.6938  0.3113  0.10000
  0.4283E-14  0.0057 49.4399  0.0139  0.9055  0.6956  0.3140  0.10000
  0.8566E-15  0.0012 49.5382  0.0029  0.9055  0.6962  0.3145  0.10000
  0.1713E-15  0.0002 49.5580  0.0006  0.9055  0.6963  0.3146  0.10000

          ***  Golden section search to maximize estimate ***
     Alpha    Discrp  Oscill  Stabil  Sysdev  Positv  Valcen    Total   
  0.7553E+00  0.7758  2.5057  0.0042  0.8756  1.0000  0.5293  0.56558
  0.1104E+01  0.7804  2.5030  0.0045  0.8557  1.0000  0.5296  0.55614
  0.5973E+00  0.7742  2.5070  0.0043  0.8756  1.0000  0.5292  0.55896
  0.8733E+00  0.7772  2.5048  0.0042  0.8756  1.0000  0.5294  0.56907
  0.9552E+00  0.7783  2.5041  0.0043  0.8756  1.0000  0.5295  0.57105
  0.1010E+01  0.7790  2.5037  0.0044  0.8756  1.0000  0.5295  0.57222
  0.1045E+01  0.7795  2.5035  0.0044  0.8557  1.0000  0.5296  0.55503
  0.9885E+00  0.7787  2.5039  0.0043  0.8756  1.0000  0.5295  0.57178
  0.1023E+01  0.7792  2.5036  0.0044  0.8756  1.0000  0.5296  0.57249
  0.1031E+01  0.7793  2.5036  0.0044  0.8557  1.0000  0.5296  0.55477
  0.1018E+01  0.7791  2.5037  0.0044  0.8756  1.0000  0.5295  0.57239
  0.1026E+01  0.7792  2.5036  0.0044  0.8756  1.0000  0.5296  0.57256
  0.1028E+01  0.7793  2.5036  0.0044  0.8557  1.0000  0.5296  0.55470
  0.1025E+01  0.7792  2.5036  0.0044  0.8756  1.0000  0.5296  0.57253
  0.1027E+01  0.7792  2.5036  0.0044  0.8557  1.0000  0.5296  0.55468
  0.1026E+01  0.7792  2.5036  0.0044  0.8756  1.0000  0.5296  0.57255
  0.1026E+01  0.7792  2.5036  0.0044  0.8557  1.0000  0.5296  0.55467
  0.1026E+01  0.7792  2.5036  0.0044  0.8756  1.0000  0.5296  0.57255
  0.1026E+01  0.7792  2.5036  0.0044  0.8557  1.0000  0.5296  0.55467
  0.1026E+01  0.7792  2.5036  0.0044  0.8756  1.0000  0.5296  0.57255
  0.1026E+01  0.7792  2.5036  0.0044  0.8756  1.0000  0.5296  0.57256
  0.1026E+01  0.7792  2.5036  0.0044  0.8557  1.0000  0.5296  0.55467
  0.1026E+01  0.7792  2.5036  0.0044  0.8756  1.0000  0.5296  0.57256
  0.1026E+01  0.7792  2.5036  0.0044  0.8756  1.0000  0.5296  0.57256



             ####            Final results            ####

 Parameter    DISCRP    OSCILL    STABIL    SYSDEV    POSITV    VALCEN
 Weight        1.000     3.000     3.000     4.000     1.000     1.000
 Sigma         0.500     0.600     0.120     0.200     0.120     0.120
 Ideal         1.000     1.100     0.000     1.000     1.000     0.950
 Current       0.779     2.504     0.004     0.876     1.000     0.530
                - - - - - - - - - - - - - - - - - - - - - - - - - 
 Estimate      0.823     0.004     0.999     0.679     1.000     0.000

  Angular   range    :     from    0.0068   to    0.1937
  Real space range   :     from      0.00   to    172.80

  Highest ALPHA (theor) :   0.160E+06                 JOB = 0
  Current ALPHA         :   0.103E+01   Rg :  0.381E+02   I(0) :   0.114E+04

           Total  estimate : 0.573  which is  A REASONABLE  solution

      S          J EXP       ERROR       J REG       I REG

  0.0000E+00                                      0.1139E+04
  0.9785E-03                                      0.1138E+04
  0.1957E-02                                      0.1137E+04
  0.2936E-02                                      0.1134E+04
  0.3914E-02                                      0.1130E+04
  0.4893E-02                                      0.1126E+04
  0.5871E-02                                      0.1120E+04
  0.6850E-02  0.1136E+04  0.7060E+02  0.1113E+04  0.1113E+04
  0.7779E-02  0.9964E+03  0.8172E+02  0.1106E+04  0.1106E+04
  0.8709E-02  0.1123E+04  0.5419E+02  0.1098E+04  0.1098E+04
  0.9639E-02  0.1088E+04  0.3249E+02  0.1089E+04  0.1089E+04
  0.1057E-01  0.1053E+04  0.2656E+02  0.1080E+04  0.1080E+04
  0.1150E-01  0.1097E+04  0.2170E+02  0.1069E+04  0.1069E+04
  0.1243E-01  0.1081E+04  0.1837E+02  0.1058E+04  0.1058E+04
  0.1336E-01  0.1054E+04  0.1514E+02  0.1047E+04  0.1047E+04
  0.1429E-01  0.1031E+04  0.1258E+02  0.1035E+04  0.1035E+04
  0.1522E-01  0.1017E+04  0.1100E+02  0.1022E+04  0.1022E+04
  0.1615E-01  0.1017E+04  0.1029E+02  0.1009E+04  0.1009E+04
  0.1708E-01  0.1017E+04  0.9454E+01  0.9955E+03  0.9955E+03
  0.1801E-01  0.1001E+04  0.8594E+01  0.9816E+03  0.9816E+03
  0.1894E-01  0.9672E+03  0.8607E+01  0.9674E+03  0.9674E+03
  0.1987E-01  0.9510E+03  0.8243E+01  0.9529E+03  0.9529E+03
  0.2080E-01  0.9242E+03  0.7987E+01  0.9382E+03  0.9382E+03
  0.2173E-01  0.9106E+03  0.8142E+01  0.9232E+03  0.9232E+03
  0.2266E-01  0.9138E+03  0.7447E+01  0.9082E+03  0.9082E+03
  0.2359E-01  0.8805E+03  0.7320E+01  0.8930E+03  0.8930E+03
  0.2451E-01  0.8761E+03  0.6655E+01  0.8777E+03  0.8777E+03
  0.2544E-01  0.8540E+03  0.6846E+01  0.8624E+03  0.8624E+03
  0.2637E-01  0.8335E+03  0.6477E+01  0.8471E+03  0.8471E+03
  0.2730E-01  0.8327E+03  0.5861E+01  0.8318E+03  0.8318E+03
  0.2823E-01  0.8121E+03  0.5752E+01  0.8166E+03  0.8166E+03
  0.2916E-01  0.7922E+03  0.5429E+01  0.8014E+03  0.8014E+03
  0.3009E-01  0.7738E+03  0.5432E+01  0.7863E+03  0.7863E+03
  0.3102E-01  0.7730E+03  0.5333E+01  0.7714E+03  0.7714E+03
  0.3195E-01  0.7703E+03  0.5244E+01  0.7565E+03  0.7565E+03
  0.3288E-01  0.7432E+03  0.5248E+01  0.7418E+03  0.7418E+03
  0.3381E-01  0.7323E+03  0.5186E+01  0.7272E+03  0.7272E+03
  0.3474E-01  0.7277E+03  0.5183E+01  0.7128E+03  0.7128E+03
  0.3567E-01  0.7041E+03  0.4818E+01  0.6986E+03  0.6986E+03
  0.3660E-01  0.6869E+03  0.4862E+01  0.6845E+03  0.6845E+03
  0.3753E-01  0.6618E+03  0.4967E+01  0.6706E+03  0.6706E+03
  0.3846E-01  0.6533E+03  0.4604E+01  0.6568E+03  0.6568E+03
  0.3939E-01  0.6436E+03  0.4645E+01  0.6433E+03  0.6433E+03
  0.4032E-01  0.6410E+03  0.4396E+01  0.6299E+03  0.6299E+03
  0.4125E-01  0.6198E+03  0.4524E+01  0.6166E+03  0.6166E+03
  0.4218E-01  0.6027E+03  0.4285E+01  0.6035E+03  0.6035E+03
  0.4311E-01  0.5924E+03  0.4100E+01  0.5906E+03  0.5906E+03
  0.4404E-01  0.5745E+03  0.4354E+01  0.5778E+03  0.5778E+03
  0.4497E-01  0.5600E+03  0.4204E+01  0.5652E+03  0.5652E+03
  0.4590E-01  0.5513E+03  0.4204E+01  0.5528E+03  0.5528E+03
  0.4683E-01  0.5459E+03  0.4038E+01  0.5404E+03  0.5404E+03
  0.4776E-01  0.5299E+03  0.3989E+01  0.5283E+03  0.5283E+03
  0.4869E-01  0.5193E+03  0.4093E+01  0.5162E+03  0.5162E+03
  0.4962E-01  0.5070E+03  0.3926E+01  0.5043E+03  0.5043E+03
  0.5055E-01  0.4900E+03  0.3906E+01  0.4925E+03  0.4925E+03
  0.5148E-01  0.4795E+03  0.3743E+01  0.4809E+03  0.4809E+03
  0.5241E-01  0.4710E+03  0.3905E+01  0.4694E+03  0.4694E+03
  0.5334E-01  0.4648E+03  0.4202E+01  0.4580E+03  0.4580E+03
  0.5427E-01  0.4478E+03  0.3623E+01  0.4467E+03  0.4467E+03
  0.5520E-01  0.4308E+03  0.3715E+01  0.4356E+03  0.4356E+03
  0.5613E-01  0.4265E+03  0.3597E+01  0.4246E+03  0.4246E+03
  0.5706E-01  0.4111E+03  0.3666E+01  0.4137E+03  0.4137E+03
  0.5799E-01  0.4003E+03  0.3535E+01  0.4030E+03  0.4030E+03
  0.5892E-01  0.3908E+03  0.3380E+01  0.3924E+03  0.3924E+03
  0.5985E-01  0.3800E+03  0.3415E+01  0.3819E+03  0.3819E+03
  0.6078E-01  0.3730E+03  0.3498E+01  0.3716E+03  0.3716E+03
  0.6170E-01  0.3594E+03  0.3452E+01  0.3615E+03  0.3615E+03
  0.6263E-01  0.3463E+03  0.3294E+01  0.3515E+03  0.3515E+03
  0.6356E-01  0.3424E+03  0.3159E+01  0.3416E+03  0.3416E+03
  0.6449E-01  0.3319E+03  0.3221E+01  0.3319E+03  0.3319E+03
  0.6542E-01  0.3242E+03  0.3138E+01  0.3224E+03  0.3224E+03
  0.6635E-01  0.3137E+03  0.3144E+01  0.3130E+03  0.3130E+03
  0.6728E-01  0.3045E+03  0.3019E+01  0.3038E+03  0.3038E+03
  0.6821E-01  0.2949E+03  0.3064E+01  0.2948E+03  0.2948E+03
  0.6914E-01  0.2836E+03  0.3115E+01  0.2859E+03  0.2859E+03
  0.7007E-01  0.2816E+03  0.3048E+01  0.2773E+03  0.2773E+03
  0.7100E-01  0.2764E+03  0.3127E+01  0.2688E+03  0.2688E+03
  0.7193E-01  0.2645E+03  0.2968E+01  0.2604E+03  0.2604E+03
  0.7286E-01  0.2545E+03  0.3008E+01  0.2523E+03  0.2523E+03
  0.7379E-01  0.2439E+03  0.2919E+01  0.2443E+03  0.2443E+03
  0.7472E-01  0.2344E+03  0.2931E+01  0.2365E+03  0.2365E+03
  0.7565E-01  0.2304E+03  0.2951E+01  0.2289E+03  0.2289E+03
  0.7658E-01  0.2235E+03  0.2833E+01  0.2214E+03  0.2214E+03
  0.7751E-01  0.2162E+03  0.2860E+01  0.2141E+03  0.2141E+03
  0.7844E-01  0.2054E+03  0.2692E+01  0.2070E+03  0.2070E+03
  0.7937E-01  0.2021E+03  0.2796E+01  0.2001E+03  0.2001E+03
  0.8030E-01  0.1961E+03  0.2771E+01  0.1933E+03  0.1933E+03
  0.8123E-01  0.1870E+03  0.2706E+01  0.1867E+03  0.1867E+03
  0.8216E-01  0.1810E+03  0.2755E+01  0.1802E+03  0.1802E+03
  0.8309E-01  0.1707E+03  0.2718E+01  0.1739E+03  0.1739E+03
  0.8402E-01  0.1645E+03  0.2715E+01  0.1678E+03  0.1678E+03
  0.8495E-01  0.1619E+03  0.2693E+01  0.1618E+03  0.1618E+03
  0.8588E-01  0.1568E+03  0.2582E+01  0.1559E+03  0.1559E+03
  0.8681E-01  0.1501E+03  0.2585E+01  0.1503E+03  0.1503E+03
  0.8774E-01  0.1470E+03  0.2612E+01  0.1447E+03  0.1447E+03
  0.8867E-01  0.1444E+03  0.2604E+01  0.1393E+03  0.1393E+03
  0.8960E-01  0.1322E+03  0.2528E+01  0.1341E+03  0.1341E+03
  0.9053E-01  0.1269E+03  0.2550E+01  0.1289E+03  0.1289E+03
  0.9146E-01  0.1248E+03  0.2502E+01  0.1239E+03  0.1239E+03
  0.9239E-01  0.1171E+03  0.2490E+01  0.1191E+03  0.1191E+03
  0.9332E-01  0.1114E+03  0.2513E+01  0.1144E+03  0.1144E+03
  0.9425E-01  0.1122E+03  0.2426E+01  0.1098E+03  0.1098E+03
  0.9518E-01  0.9904E+02  0.2468E+01  0.1054E+03  0.1054E+03
  0.9611E-01  0.9896E+02  0.2444E+01  0.1010E+03  0.1010E+03
  0.9704E-01  0.9840E+02  0.2425E+01  0.9686E+02  0.9686E+02
  0.9797E-01  0.9168E+02  0.2450E+01  0.9280E+02  0.9280E+02
  0.9890E-01  0.9022E+02  0.2358E+01  0.8887E+02  0.8887E+02
  0.9982E-01  0.8148E+02  0.2347E+01  0.8507E+02  0.8507E+02
  0.1008E+00  0.7992E+02  0.2367E+01  0.8139E+02  0.8139E+02
  0.1017E+00  0.7741E+02  0.2330E+01  0.7784E+02  0.7784E+02
  0.1026E+00  0.7526E+02  0.2305E+01  0.7441E+02  0.7441E+02
  0.1035E+00  0.7566E+02  0.2244E+01  0.7110E+02  0.7110E+02
  0.1045E+00  0.7305E+02  0.2294E+01  0.6792E+02  0.6792E+02
  0.1054E+00  0.6844E+02  0.2255E+01  0.6486E+02  0.6486E+02
  0.1063E+00  0.6026E+02  0.2247E+01  0.6191E+02  0.6191E+02
  0.1073E+00  0.5850E+02  0.2249E+01  0.5908E+02  0.5908E+02
  0.1082E+00  0.5870E+02  0.2249E+01  0.5636E+02  0.5636E+02
  0.1091E+00  0.5653E+02  0.2278E+01  0.5375E+02  0.5375E+02
  0.1101E+00  0.5244E+02  0.2195E+01  0.5126E+02  0.5126E+02
  0.1110E+00  0.4490E+02  0.2201E+01  0.4886E+02  0.4886E+02
  0.1119E+00  0.4570E+02  0.2154E+01  0.4657E+02  0.4657E+02
  0.1128E+00  0.4301E+02  0.2164E+01  0.4439E+02  0.4439E+02
  0.1138E+00  0.4161E+02  0.2149E+01  0.4229E+02  0.4229E+02
  0.1147E+00  0.4137E+02  0.2089E+01  0.4029E+02  0.4029E+02
  0.1156E+00  0.3881E+02  0.2140E+01  0.3838E+02  0.3838E+02
  0.1166E+00  0.3317E+02  0.2135E+01  0.3655E+02  0.3655E+02
  0.1175E+00  0.3438E+02  0.2150E+01  0.3480E+02  0.3480E+02
  0.1184E+00  0.3285E+02  0.2130E+01  0.3313E+02  0.3313E+02
  0.1193E+00  0.2670E+02  0.2114E+01  0.3154E+02  0.3154E+02
  0.1203E+00  0.2766E+02  0.2102E+01  0.3001E+02  0.3001E+02
  0.1212E+00  0.3010E+02  0.2059E+01  0.2855E+02  0.2855E+02
  0.1221E+00  0.2918E+02  0.2097E+01  0.2715E+02  0.2715E+02
  0.1231E+00  0.2682E+02  0.2050E+01  0.2581E+02  0.2581E+02
  0.1240E+00  0.2672E+02  0.2067E+01  0.2453E+02  0.2453E+02
  0.1249E+00  0.2140E+02  0.2044E+01  0.2329E+02  0.2329E+02
  0.1259E+00  0.1885E+02  0.2011E+01  0.2211E+02  0.2211E+02
  0.1268E+00  0.1841E+02  0.2015E+01  0.2097E+02  0.2097E+02
  0.1277E+00  0.1899E+02  0.2007E+01  0.1987E+02  0.1987E+02
  0.1286E+00  0.1743E+02  0.2044E+01  0.1882E+02  0.1882E+02
  0.1296E+00  0.2045E+02  0.2026E+01  0.1781E+02  0.1781E+02
  0.1305E+00  0.1929E+02  0.1984E+01  0.1683E+02  0.1683E+02
  0.1314E+00  0.1481E+02  0.2011E+01  0.1589E+02  0.1589E+02
  0.1324E+00  0.1524E+02  0.1987E+01  0.1498E+02  0.1498E+02
  0.1333E+00  0.1736E+02  0.2003E+01  0.1411E+02  0.1411E+02
  0.1342E+00  0.1578E+02  0.1980E+01  0.1327E+02  0.1327E+02
  0.1352E+00  0.1522E+02  0.1969E+01  0.1246E+02  0.1246E+02
  0.1361E+00  0.7871E+01  0.1981E+01  0.1168E+02  0.1168E+02
  0.1370E+00  0.9404E+01  0.1928E+01  0.1094E+02  0.1094E+02
  0.1379E+00  0.1025E+02  0.1962E+01  0.1022E+02  0.1022E+02
  0.1389E+00  0.8992E+01  0.1934E+01  0.9541E+01  0.9541E+01
  0.1398E+00  0.7618E+01  0.1926E+01  0.8890E+01  0.8890E+01
  0.1407E+00  0.6324E+01  0.1956E+01  0.8268E+01  0.8268E+01
  0.1417E+00  0.3691E+01  0.1866E+01  0.7679E+01  0.7679E+01
  0.1426E+00  0.7827E+01  0.1899E+01  0.7121E+01  0.7121E+01
  0.1435E+00  0.6474E+01  0.2388E+01  0.6594E+01  0.6594E+01
  0.1445E+00  0.4205E+01  0.2063E+01  0.6099E+01  0.6099E+01
  0.1454E+00  0.4858E+01  0.1890E+01  0.5635E+01  0.5635E+01
  0.1463E+00  0.4996E+01  0.1871E+01  0.5203E+01  0.5203E+01
  0.1472E+00  0.5374E+01  0.1909E+01  0.4800E+01  0.4800E+01
  0.1482E+00  0.7356E+01  0.1941E+01  0.4430E+01  0.4430E+01
  0.1491E+00  0.5725E+01  0.1940E+01  0.4089E+01  0.4089E+01
  0.1500E+00  0.1950E+01  0.1908E+01  0.3777E+01  0.3777E+01
  0.1510E+00  0.7271E+01  0.1892E+01  0.3494E+01  0.3494E+01
  0.1519E+00  0.2896E+01  0.1940E+01  0.3240E+01  0.3240E+01
  0.1528E+00  0.7390E+00  0.1898E+01  0.3011E+01  0.3011E+01
  0.1538E+00 -0.7150E+00  0.1877E+01  0.2809E+01  0.2809E+01
  0.1547E+00  0.4348E+01  0.1871E+01  0.2631E+01  0.2631E+01
  0.1556E+00  0.4629E+01  0.1864E+01  0.2475E+01  0.2475E+01
  0.1565E+00  0.3887E+01  0.1886E+01  0.2342E+01  0.2342E+01
  0.1575E+00  0.4820E+00  0.1833E+01  0.2228E+01  0.2228E+01
  0.1584E+00  0.6470E+00  0.1836E+01  0.2132E+01  0.2132E+01
  0.1593E+00  0.1228E+01  0.1792E+01  0.2053E+01  0.2053E+01
  0.1603E+00  0.2189E+01  0.1811E+01  0.1989E+01  0.1989E+01
  0.1612E+00 -0.2139E+01  0.1793E+01  0.1939E+01  0.1939E+01
  0.1621E+00  0.1238E+01  0.1799E+01  0.1900E+01  0.1900E+01
  0.1630E+00  0.8099E-01  0.1828E+01  0.1871E+01  0.1871E+01
  0.1640E+00  0.3543E+01  0.1814E+01  0.1850E+01  0.1850E+01
  0.1649E+00  0.3143E+01  0.1814E+01  0.1836E+01  0.1836E+01
  0.1658E+00 -0.2570E+00  0.1803E+01  0.1827E+01  0.1827E+01
  0.1668E+00 -0.5690E+00  0.1827E+01  0.1822E+01  0.1822E+01
  0.1677E+00  0.1777E+01  0.1840E+01  0.1820E+01  0.1820E+01
  0.1686E+00  0.2644E+01  0.1825E+01  0.1820E+01  0.1820E+01
  0.1696E+00 -0.1167E+01  0.1852E+01  0.1820E+01  0.1820E+01
  0.1705E+00  0.3010E+01  0.1794E+01  0.1820E+01  0.1820E+01
  0.1714E+00  0.8890E+00  0.1812E+01  0.1819E+01  0.1819E+01
  0.1723E+00  0.6041E+01  0.1833E+01  0.1816E+01  0.1816E+01
  0.1733E+00  0.2675E+01  0.1777E+01  0.1810E+01  0.1810E+01
  0.1742E+00  0.1870E+00  0.1790E+01  0.1802E+01  0.1802E+01
  0.1751E+00  0.1685E+01  0.1734E+01  0.1792E+01  0.1792E+01
  0.1761E+00  0.2124E+01  0.1763E+01  0.1778E+01  0.1778E+01
  0.1770E+00  0.3551E+01  0.1727E+01  0.1760E+01  0.1760E+01
  0.1779E+00  0.1846E+01  0.1738E+01  0.1741E+01  0.1741E+01
  0.1789E+00  0.3614E+01  0.1733E+01  0.1717E+01  0.1717E+01
  0.1798E+00  0.5365E+01  0.1737E+01  0.1691E+01  0.1691E+01
  0.1807E+00  0.1130E+01  0.1745E+01  0.1663E+01  0.1663E+01
  0.1816E+00  0.3541E+01  0.1723E+01  0.1632E+01  0.1632E+01
  0.1826E+00  0.1020E+00  0.1736E+01  0.1599E+01  0.1599E+01
  0.1835E+00 -0.2308E+01  0.1725E+01  0.1565E+01  0.1565E+01
  0.1844E+00  0.1954E+01  0.1716E+01  0.1530E+01  0.1530E+01
  0.1854E+00  0.3017E+01  0.1723E+01  0.1495E+01  0.1495E+01
  0.1863E+00  0.2080E+00  0.1695E+01  0.1459E+01  0.1459E+01
  0.1872E+00  0.1732E+01  0.1694E+01  0.1422E+01  0.1422E+01
  0.1882E+00  0.2755E+01  0.1698E+01  0.1387E+01  0.1387E+01
  0.1891E+00 -0.8290E+00  0.1658E+01  0.1352E+01  0.1352E+01
  0.1900E+00 -0.6300E+00  0.1660E+01  0.1317E+01  0.1317E+01
  0.1909E+00 -0.2390E+00  0.1660E+01  0.1285E+01  0.1285E+01
  0.1919E+00  0.8669E+00  0.1680E+01  0.1253E+01  0.1253E+01
  0.1928E+00  0.2034E+01  0.1714E+01  0.1224E+01  0.1224E+01
  0.1937E+00  0.4479E+01  0.1644E+01  0.1195E+01  0.1195E+01

           Distance distribution  function of particle  


       R          P(R)      ERROR

  0.0000E+00  0.0000E+00  0.0000E+00
  0.1728E+01  0.2150E-01  0.1752E-02
  0.3456E+01  0.7361E-01  0.2670E-02
  0.5184E+01  0.1547E+00  0.2850E-02
  0.6912E+01  0.2621E+00  0.2456E-02
  0.8640E+01  0.3922E+00  0.1761E-02
  0.1037E+02  0.5408E+00  0.1374E-02
  0.1210E+02  0.7028E+00  0.1951E-02
  0.1382E+02  0.8731E+00  0.2916E-02
  0.1555E+02  0.1046E+01  0.3769E-02
  0.1728E+02  0.1217E+01  0.4319E-02
  0.1901E+02  0.1380E+01  0.4495E-02
  0.2074E+02  0.1530E+01  0.4307E-02
  0.2246E+02  0.1664E+01  0.3848E-02
  0.2419E+02  0.1778E+01  0.3320E-02
  0.2592E+02  0.1869E+01  0.3040E-02
  0.2765E+02  0.1936E+01  0.3261E-02
  0.2938E+02  0.1979E+01  0.3879E-02
  0.3110E+02  0.1996E+01  0.4589E-02
  0.3283E+02  0.1989E+01  0.5159E-02
  0.3456E+02  0.1960E+01  0.5467E-02
  0.3629E+02  0.1910E+01  0.5475E-02
  0.3802E+02  0.1842E+01  0.5224E-02
  0.3974E+02  0.1759E+01  0.4829E-02
  0.4147E+02  0.1665E+01  0.4476E-02
  0.4320E+02  0.1562E+01  0.4371E-02
  0.4493E+02  0.1454E+01  0.4613E-02
  0.4666E+02  0.1344E+01  0.5119E-02
  0.4838E+02  0.1234E+01  0.5710E-02
  0.5011E+02  0.1127E+01  0.6237E-02
  0.5184E+02  0.1024E+01  0.6621E-02
  0.5357E+02  0.9276E+00  0.6848E-02
  0.5530E+02  0.8386E+00  0.6955E-02
  0.5702E+02  0.7578E+00  0.7010E-02
  0.5875E+02  0.6853E+00  0.7077E-02
  0.6048E+02  0.6212E+00  0.7195E-02
  0.6221E+02  0.5650E+00  0.7354E-02
  0.6394E+02  0.5163E+00  0.7518E-02
  0.6566E+02  0.4743E+00  0.7643E-02
  0.6739E+02  0.4380E+00  0.7710E-02
  0.6912E+02  0.4067E+00  0.7739E-02
  0.7085E+02  0.3794E+00  0.7782E-02
  0.7258E+02  0.3552E+00  0.7898E-02
  0.7430E+02  0.3335E+00  0.8120E-02
  0.7603E+02  0.3137E+00  0.8424E-02
  0.7776E+02  0.2953E+00  0.8737E-02
  0.7949E+02  0.2780E+00  0.8962E-02
  0.8122E+02  0.2616E+00  0.9017E-02
  0.8294E+02  0.2462E+00  0.8865E-02
  0.8467E+02  0.2317E+00  0.8537E-02
  0.8640E+02  0.2184E+00  0.8148E-02
  0.8813E+02  0.2064E+00  0.7887E-02
  0.8986E+02  0.1958E+00  0.7956E-02
  0.9158E+02  0.1869E+00  0.8450E-02
  0.9331E+02  0.1798E+00  0.9282E-02
  0.9504E+02  0.1743E+00  0.1025E-01
  0.9677E+02  0.1705E+00  0.1114E-01
  0.9850E+02  0.1682E+00  0.1177E-01
  0.1002E+03  0.1670E+00  0.1206E-01
  0.1020E+03  0.1667E+00  0.1197E-01
  0.1037E+03  0.1668E+00  0.1155E-01
  0.1054E+03  0.1668E+00  0.1096E-01
  0.1071E+03  0.1663E+00  0.1038E-01
  0.1089E+03  0.1649E+00  0.1004E-01
  0.1106E+03  0.1623E+00  0.1009E-01
  0.1123E+03  0.1582E+00  0.1051E-01
  0.1140E+03  0.1525E+00  0.1117E-01
  0.1158E+03  0.1453E+00  0.1184E-01
  0.1175E+03  0.1366E+00  0.1237E-01
  0.1192E+03  0.1268E+00  0.1265E-01
  0.1210E+03  0.1162E+00  0.1266E-01
  0.1227E+03  0.1053E+00  0.1244E-01
  0.1244E+03  0.9458E-01  0.1209E-01
  0.1261E+03  0.8450E-01  0.1174E-01
  0.1279E+03  0.7553E-01  0.1149E-01
  0.1296E+03  0.6803E-01  0.1143E-01
  0.1313E+03  0.6228E-01  0.1156E-01
  0.1331E+03  0.5841E-01  0.1183E-01
  0.1348E+03  0.5643E-01  0.1218E-01
  0.1365E+03  0.5619E-01  0.1256E-01
  0.1382E+03  0.5742E-01  0.1295E-01
  0.1400E+03  0.5977E-01  0.1336E-01
  0.1417E+03  0.6280E-01  0.1380E-01
  0.1434E+03  0.6603E-01  0.1429E-01
  0.1452E+03  0.6902E-01  0.1481E-01
  0.1469E+03  0.7135E-01  0.1533E-01
  0.1486E+03  0.7270E-01  0.1580E-01
  0.1503E+03  0.7286E-01  0.1621E-01
  0.1521E+03  0.7173E-01  0.1657E-01
  0.1538E+03  0.6934E-01  0.1689E-01
  0.1555E+03  0.6583E-01  0.1725E-01
  0.1572E+03  0.6140E-01  0.1767E-01
  0.1590E+03  0.5632E-01  0.1813E-01
  0.1607E+03  0.5083E-01  0.1854E-01
  0.1624E+03  0.4515E-01  0.1874E-01
  0.1642E+03  0.3935E-01  0.1848E-01
  0.1659E+03  0.3340E-01  0.1746E-01
  0.1676E+03  0.2704E-01  0.1541E-01
  0.1693E+03  0.1983E-01  0.1199E-01
  0.1711E+03  0.1111E-01  0.6946E-02
  0.1728E+03  0.0000E+00  0.0000E+00
          Reciprocal space: Rg =   38.10     , I(0) =   0.1139E+04
     Real space: Rg =   38.39 +- 0.654  I(0) =   0.1139E+04 +-  0.6963E+01
