
           ####    G N O M   ---   Version 4.5a revised 09/02/02     ####

                                                  Sun Nov  5 11:57:55 2017
           ===    Run No   1   ===
 Run title:  0.000356363 0 0


  Number of points omitted at the end:         330
   *******   Working Directory :
   *******    Input file(s) : 24648_01D_S280_0_01.sub
           Condition P(rmin) = 0 is used. 
           Condition P(rmax) = 0 is used. 

          Experimental conditions for the first run
          -----------------------------------------

          Highest ALPHA is found to be   0.3655E+03

  The measure of inconsistency AN1 equals to    0.1182E+01

          Warning: using the chosen range in the real space 
             it is not possible to fit the data set within the
             given error band. 
     Alpha    Discrp  Oscill  Stabil  Sysdev  Positv  Valcen    Total   
  0.3655E+06 94.0915  1.2045  0.9222  0.0000  1.0000  0.8517  0.00001
  0.7309E+05 74.2813  1.2048  0.7236  0.0000  1.0000  0.8521  0.00001
  0.1462E+05 37.7799  1.2089  0.3477  0.0511  1.0000  0.8532  0.00001
  0.2924E+04 15.0731  1.2443  0.1119  0.0256  1.0000  0.8555  0.00001
  0.5848E+03  7.0755  1.3621  0.0747  0.0767  1.0000  0.8617  0.00001
  0.1170E+03  3.0181  1.5346  0.0384  0.1534  1.0000  0.8707  0.00001
  0.2339E+02  1.4609  1.6643  0.0185  0.4984  1.0000  0.8736  0.38293
  0.4678E+01  1.1209  1.7456  0.0163  0.5495  1.0000  0.8724  0.10000
  0.9356E+00  1.0140  1.8691  0.0309  0.5623  1.0000  0.8692  0.10000
  0.1871E+00  0.9451  2.1742  0.0310  0.5815  1.0000  0.8653  0.10000
  0.3742E-01  0.9142  2.7424  0.0672  0.6070  0.9996  0.8648  0.10000
  0.7485E-02  0.8915  4.1154  0.0987  0.6326  0.9967  0.8573  0.10000
  0.1497E-02  0.8723  7.4429  0.3399  0.6006  0.9823  0.8052  0.10000
  0.2994E-03  0.8424 12.6814  0.3995  0.6326  0.9155  0.5390  0.10000
  0.5988E-04  0.8267 15.1842  0.2416  0.6581  0.8575  0.4299  0.10000
  0.1198E-04  0.8201 19.2880  0.6683  0.6581  0.7914  0.3249  0.10000
  0.2395E-05  0.8114 20.3143  0.5455  0.6709  0.7518  0.2408  0.10000
  0.4790E-06  0.8029 21.0301  0.9550  0.6837  0.7289  0.2735  0.10000
  0.9581E-07  0.7807 17.5725  0.8600  0.6965  0.7142  0.2811  0.10000
  0.1916E-07  0.7400 16.9541  0.4701  0.7220  0.7090  0.2878  0.10000
  0.3832E-08  0.7173 18.5932  0.4159  0.7348  0.7110  0.2833  0.10000
  0.7665E-09  0.6969 20.6482  0.8410  0.7476  0.7370  0.3021  0.10000
  0.1533E-09  0.6483 21.0725  0.6095  0.6965  0.7380  0.4151  0.10000
  0.3066E-10  0.5672 27.5774  0.4704  0.6709  0.7269  0.4220  0.10000
  0.6132E-11  0.4254 39.3248  0.4972  0.6837  0.6912  0.3521  0.10000
  0.1226E-11  0.2301 46.1992  0.3489  0.6837  0.6939  0.3054  0.10000
  0.2453E-12  0.0829 48.9648  0.1653  0.6837  0.7201  0.2551  0.10000
  0.4905E-13  0.0208 49.9849  0.0490  0.6837  0.7311  0.2295  0.10000
  0.9811E-14  0.0044 50.2430  0.0109  0.6837  0.7336  0.2229  0.10000
  0.1962E-14  0.0009 50.2975  0.0022  0.6837  0.7341  0.2214  0.10000
  0.3924E-15  0.0002 50.3086  0.0004  0.6837  0.7342  0.2211  0.10000

          ***  Golden section search to maximize estimate ***
     Alpha    Discrp  Oscill  Stabil  Sysdev  Positv  Valcen    Total   
  0.7998E+02  2.4539  1.5716  0.0314  0.1789  1.0000  0.8719  0.40992
  0.1710E+03  3.7314  1.4943  0.0465  0.1406  1.0000  0.8689  0.00001
  0.5001E+02  1.9444  1.6119  0.0245  0.4601  1.0000  0.8730  0.39231
  0.1069E+03  2.8718  1.5437  0.0367  0.1534  1.0000  0.8710  0.00001
  0.6685E+02  2.2364  1.5878  0.0285  0.2684  1.0000  0.8724  0.40280
  0.8936E+02  2.6037  1.5612  0.0333  0.1406  1.0000  0.8716  0.00003
  0.7469E+02  2.3673  1.5779  0.0302  0.2428  1.0000  0.8721  0.40720
  0.8344E+02  2.5097  1.5677  0.0321  0.1661  1.0000  0.8718  0.41158
  0.8566E+02  2.5451  1.5652  0.0325  0.1661  1.0000  0.8717  0.00007
  0.8210E+02  2.4882  1.5692  0.0318  0.1789  1.0000  0.8719  0.41095
  0.8428E+02  2.5231  1.5668  0.0323  0.1661  1.0000  0.8718  0.00009
  0.8293E+02  2.5015  1.5683  0.0320  0.1661  1.0000  0.8718  0.41134
  0.8376E+02  2.5148  1.5674  0.0321  0.1661  1.0000  0.8718  0.41173
  0.8376E+02  2.5148  1.5674  0.0321  0.1661  1.0000  0.8718  0.41173



             ####            Final results            ####

 Parameter    DISCRP    OSCILL    STABIL    SYSDEV    POSITV    VALCEN
 Weight        1.000     3.000     3.000     4.000     1.000     1.000
 Sigma         0.500     0.600     0.120     0.200     0.120     0.120
 Ideal         1.000     1.100     0.000     1.000     1.000     0.950
 Current       2.515     1.567     0.032     0.166     1.000     0.872
                - - - - - - - - - - - - - - - - - - - - - - - - - 
 Estimate      0.000     0.545     0.931     0.000     1.000     0.654

  Angular   range    :     from    0.0078   to    0.2988
  Real space range   :     from      0.00   to    107.30

  Highest ALPHA (theor) :   0.365E+06                 JOB = 0
  Current ALPHA         :   0.838E+02   Rg :  0.309E+02   I(0) :   0.169E+04

           Total  estimate : 0.412  which is  A SUSPICIOUS  solution

      S          J EXP       ERROR       J REG       I REG

  0.0000E+00                                      0.1693E+04
  0.9742E-03                                      0.1692E+04
  0.1948E-02                                      0.1691E+04
  0.2923E-02                                      0.1688E+04
  0.3897E-02                                      0.1685E+04
  0.4871E-02                                      0.1680E+04
  0.5845E-02                                      0.1675E+04
  0.6819E-02                                      0.1668E+04
  0.7793E-02  0.1817E+04  0.1366E+03  0.1660E+04  0.1660E+04
  0.8723E-02  0.1936E+04  0.1281E+03  0.1652E+04  0.1652E+04
  0.9653E-02  0.1823E+04  0.1006E+03  0.1643E+04  0.1643E+04
  0.1058E-01  0.1781E+04  0.7522E+02  0.1634E+04  0.1634E+04
  0.1151E-01  0.1739E+04  0.4598E+02  0.1623E+04  0.1623E+04
  0.1244E-01  0.1711E+04  0.2967E+02  0.1612E+04  0.1612E+04
  0.1337E-01  0.1690E+04  0.1953E+02  0.1599E+04  0.1599E+04
  0.1430E-01  0.1676E+04  0.1601E+02  0.1587E+04  0.1587E+04
  0.1523E-01  0.1641E+04  0.1366E+02  0.1573E+04  0.1573E+04
  0.1616E-01  0.1631E+04  0.1159E+02  0.1559E+04  0.1559E+04
  0.1709E-01  0.1597E+04  0.1052E+02  0.1544E+04  0.1544E+04
  0.1802E-01  0.1580E+04  0.9263E+01  0.1528E+04  0.1528E+04
  0.1895E-01  0.1527E+04  0.8891E+01  0.1512E+04  0.1512E+04
  0.1988E-01  0.1503E+04  0.8438E+01  0.1495E+04  0.1495E+04
  0.2081E-01  0.1488E+04  0.7541E+01  0.1477E+04  0.1477E+04
  0.2174E-01  0.1466E+04  0.7389E+01  0.1459E+04  0.1459E+04
  0.2267E-01  0.1453E+04  0.6759E+01  0.1441E+04  0.1441E+04
  0.2360E-01  0.1421E+04  0.6729E+01  0.1422E+04  0.1422E+04
  0.2453E-01  0.1404E+04  0.6645E+01  0.1403E+04  0.1403E+04
  0.2546E-01  0.1384E+04  0.6382E+01  0.1383E+04  0.1383E+04
  0.2639E-01  0.1357E+04  0.5953E+01  0.1363E+04  0.1363E+04
  0.2732E-01  0.1330E+04  0.6069E+01  0.1343E+04  0.1343E+04
  0.2825E-01  0.1310E+04  0.6460E+01  0.1322E+04  0.1322E+04
  0.2918E-01  0.1290E+04  0.5767E+01  0.1301E+04  0.1301E+04
  0.3010E-01  0.1261E+04  0.5692E+01  0.1280E+04  0.1280E+04
  0.3103E-01  0.1239E+04  0.5732E+01  0.1259E+04  0.1259E+04
  0.3196E-01  0.1232E+04  0.5450E+01  0.1237E+04  0.1237E+04
  0.3289E-01  0.1215E+04  0.5546E+01  0.1216E+04  0.1216E+04
  0.3382E-01  0.1187E+04  0.5254E+01  0.1194E+04  0.1194E+04
  0.3475E-01  0.1170E+04  0.5090E+01  0.1172E+04  0.1172E+04
  0.3568E-01  0.1142E+04  0.5032E+01  0.1150E+04  0.1150E+04
  0.3661E-01  0.1109E+04  0.4819E+01  0.1128E+04  0.1128E+04
  0.3754E-01  0.1102E+04  0.4683E+01  0.1107E+04  0.1107E+04
  0.3847E-01  0.1063E+04  0.4521E+01  0.1085E+04  0.1085E+04
  0.3940E-01  0.1045E+04  0.4655E+01  0.1063E+04  0.1063E+04
  0.4033E-01  0.1036E+04  0.4483E+01  0.1041E+04  0.1041E+04
  0.4126E-01  0.1017E+04  0.4405E+01  0.1020E+04  0.1020E+04
  0.4219E-01  0.9979E+03  0.4297E+01  0.9984E+03  0.9984E+03
  0.4312E-01  0.9748E+03  0.4273E+01  0.9772E+03  0.9772E+03
  0.4405E-01  0.9496E+03  0.4453E+01  0.9561E+03  0.9561E+03
  0.4498E-01  0.9333E+03  0.4311E+01  0.9351E+03  0.9351E+03
  0.4591E-01  0.9156E+03  0.4260E+01  0.9144E+03  0.9144E+03
  0.4684E-01  0.9045E+03  0.4074E+01  0.8940E+03  0.8940E+03
  0.4777E-01  0.8818E+03  0.4136E+01  0.8737E+03  0.8737E+03
  0.4870E-01  0.8681E+03  0.4185E+01  0.8537E+03  0.8537E+03
  0.4963E-01  0.8506E+03  0.3889E+01  0.8340E+03  0.8340E+03
  0.5056E-01  0.8268E+03  0.3797E+01  0.8145E+03  0.8145E+03
  0.5149E-01  0.8046E+03  0.3837E+01  0.7953E+03  0.7953E+03
  0.5242E-01  0.7840E+03  0.3800E+01  0.7764E+03  0.7764E+03
  0.5335E-01  0.7793E+03  0.4383E+01  0.7579E+03  0.7579E+03
  0.5428E-01  0.7491E+03  0.3897E+01  0.7396E+03  0.7396E+03
  0.5521E-01  0.7348E+03  0.3595E+01  0.7216E+03  0.7216E+03
  0.5613E-01  0.7212E+03  0.3532E+01  0.7040E+03  0.7040E+03
  0.5706E-01  0.6955E+03  0.3534E+01  0.6867E+03  0.6867E+03
  0.5799E-01  0.6734E+03  0.3428E+01  0.6697E+03  0.6697E+03
  0.5892E-01  0.6583E+03  0.3402E+01  0.6530E+03  0.6530E+03
  0.5985E-01  0.6445E+03  0.3466E+01  0.6367E+03  0.6367E+03
  0.6078E-01  0.6295E+03  0.3428E+01  0.6206E+03  0.6206E+03
  0.6171E-01  0.6121E+03  0.3476E+01  0.6049E+03  0.6049E+03
  0.6264E-01  0.5973E+03  0.3400E+01  0.5896E+03  0.5896E+03
  0.6357E-01  0.5895E+03  0.3419E+01  0.5745E+03  0.5745E+03
  0.6450E-01  0.5680E+03  0.3339E+01  0.5598E+03  0.5598E+03
  0.6543E-01  0.5572E+03  0.3251E+01  0.5454E+03  0.5454E+03
  0.6636E-01  0.5447E+03  0.3369E+01  0.5314E+03  0.5314E+03
  0.6729E-01  0.5276E+03  0.3101E+01  0.5176E+03  0.5176E+03
  0.6822E-01  0.5104E+03  0.3174E+01  0.5041E+03  0.5041E+03
  0.6915E-01  0.5008E+03  0.3021E+01  0.4910E+03  0.4910E+03
  0.7008E-01  0.4911E+03  0.2944E+01  0.4781E+03  0.4781E+03
  0.7101E-01  0.4728E+03  0.2933E+01  0.4656E+03  0.4656E+03
  0.7194E-01  0.4621E+03  0.2900E+01  0.4533E+03  0.4533E+03
  0.7287E-01  0.4554E+03  0.2915E+01  0.4413E+03  0.4413E+03
  0.7380E-01  0.4435E+03  0.2912E+01  0.4296E+03  0.4296E+03
  0.7473E-01  0.4311E+03  0.2971E+01  0.4182E+03  0.4182E+03
  0.7566E-01  0.4164E+03  0.2984E+01  0.4070E+03  0.4070E+03
  0.7659E-01  0.4053E+03  0.2952E+01  0.3961E+03  0.3961E+03
  0.7752E-01  0.3938E+03  0.2974E+01  0.3854E+03  0.3854E+03
  0.7845E-01  0.3848E+03  0.2828E+01  0.3750E+03  0.3750E+03
  0.7938E-01  0.3723E+03  0.2935E+01  0.3649E+03  0.3649E+03
  0.8031E-01  0.3566E+03  0.2815E+01  0.3550E+03  0.3550E+03
  0.8123E-01  0.3486E+03  0.2683E+01  0.3453E+03  0.3453E+03
  0.8216E-01  0.3407E+03  0.2762E+01  0.3358E+03  0.3358E+03
  0.8309E-01  0.3344E+03  0.2654E+01  0.3266E+03  0.3266E+03
  0.8402E-01  0.3212E+03  0.2614E+01  0.3176E+03  0.3176E+03
  0.8495E-01  0.3104E+03  0.2634E+01  0.3088E+03  0.3088E+03
  0.8588E-01  0.3019E+03  0.2536E+01  0.3002E+03  0.3002E+03
  0.8681E-01  0.2896E+03  0.2556E+01  0.2919E+03  0.2919E+03
  0.8774E-01  0.2856E+03  0.2537E+01  0.2837E+03  0.2837E+03
  0.8867E-01  0.2728E+03  0.2601E+01  0.2757E+03  0.2757E+03
  0.8960E-01  0.2640E+03  0.2558E+01  0.2680E+03  0.2680E+03
  0.9053E-01  0.2593E+03  0.2562E+01  0.2604E+03  0.2604E+03
  0.9146E-01  0.2519E+03  0.2513E+01  0.2530E+03  0.2530E+03
  0.9239E-01  0.2468E+03  0.2498E+01  0.2458E+03  0.2458E+03
  0.9332E-01  0.2392E+03  0.2515E+01  0.2388E+03  0.2388E+03
  0.9425E-01  0.2353E+03  0.2452E+01  0.2320E+03  0.2320E+03
  0.9518E-01  0.2276E+03  0.2483E+01  0.2253E+03  0.2253E+03
  0.9611E-01  0.2184E+03  0.2402E+01  0.2188E+03  0.2188E+03
  0.9704E-01  0.2078E+03  0.2365E+01  0.2126E+03  0.2126E+03
  0.9797E-01  0.2034E+03  0.2395E+01  0.2064E+03  0.2064E+03
  0.9890E-01  0.1932E+03  0.2300E+01  0.2005E+03  0.2005E+03
  0.9983E-01  0.1922E+03  0.2366E+01  0.1947E+03  0.1947E+03
  0.1008E+00  0.1810E+03  0.2307E+01  0.1891E+03  0.1891E+03
  0.1017E+00  0.1809E+03  0.2286E+01  0.1836E+03  0.1836E+03
  0.1026E+00  0.1811E+03  0.2263E+01  0.1783E+03  0.1783E+03
  0.1035E+00  0.1742E+03  0.2217E+01  0.1732E+03  0.1732E+03
  0.1045E+00  0.1628E+03  0.2226E+01  0.1682E+03  0.1682E+03
  0.1054E+00  0.1579E+03  0.2192E+01  0.1634E+03  0.1634E+03
  0.1063E+00  0.1527E+03  0.2285E+01  0.1588E+03  0.1588E+03
  0.1073E+00  0.1514E+03  0.2229E+01  0.1543E+03  0.1543E+03
  0.1082E+00  0.1478E+03  0.2210E+01  0.1500E+03  0.1500E+03
  0.1091E+00  0.1410E+03  0.2253E+01  0.1458E+03  0.1458E+03
  0.1101E+00  0.1405E+03  0.2192E+01  0.1417E+03  0.1417E+03
  0.1110E+00  0.1344E+03  0.2174E+01  0.1378E+03  0.1378E+03
  0.1119E+00  0.1335E+03  0.2155E+01  0.1341E+03  0.1341E+03
  0.1128E+00  0.1273E+03  0.2143E+01  0.1305E+03  0.1305E+03
  0.1138E+00  0.1252E+03  0.2130E+01  0.1270E+03  0.1270E+03
  0.1147E+00  0.1181E+03  0.2078E+01  0.1237E+03  0.1237E+03
  0.1156E+00  0.1175E+03  0.2104E+01  0.1205E+03  0.1205E+03
  0.1166E+00  0.1154E+03  0.2105E+01  0.1174E+03  0.1174E+03
  0.1175E+00  0.1084E+03  0.2155E+01  0.1145E+03  0.1145E+03
  0.1184E+00  0.1056E+03  0.2191E+01  0.1117E+03  0.1117E+03
  0.1193E+00  0.1092E+03  0.2195E+01  0.1090E+03  0.1090E+03
  0.1203E+00  0.1045E+03  0.2163E+01  0.1065E+03  0.1065E+03
  0.1212E+00  0.1008E+03  0.2109E+01  0.1040E+03  0.1040E+03
  0.1221E+00  0.9787E+02  0.2145E+01  0.1017E+03  0.1017E+03
  0.1231E+00  0.9285E+02  0.2130E+01  0.9951E+02  0.9951E+02
  0.1240E+00  0.9440E+02  0.2186E+01  0.9741E+02  0.9741E+02
  0.1249E+00  0.9345E+02  0.2104E+01  0.9541E+02  0.9541E+02
  0.1259E+00  0.9322E+02  0.2086E+01  0.9351E+02  0.9351E+02
  0.1268E+00  0.8906E+02  0.2087E+01  0.9172E+02  0.9172E+02
  0.1277E+00  0.8615E+02  0.2063E+01  0.9001E+02  0.9001E+02
  0.1286E+00  0.8363E+02  0.2100E+01  0.8839E+02  0.8839E+02
  0.1296E+00  0.7950E+02  0.2128E+01  0.8687E+02  0.8687E+02
  0.1305E+00  0.8029E+02  0.2107E+01  0.8542E+02  0.8542E+02
  0.1314E+00  0.8241E+02  0.2101E+01  0.8405E+02  0.8405E+02
  0.1324E+00  0.7792E+02  0.2050E+01  0.8276E+02  0.8276E+02
  0.1333E+00  0.7601E+02  0.2121E+01  0.8154E+02  0.8154E+02
  0.1342E+00  0.7891E+02  0.2112E+01  0.8039E+02  0.8039E+02
  0.1352E+00  0.7340E+02  0.2035E+01  0.7931E+02  0.7931E+02
  0.1361E+00  0.6976E+02  0.2074E+01  0.7828E+02  0.7828E+02
  0.1370E+00  0.7037E+02  0.1996E+01  0.7731E+02  0.7731E+02
  0.1379E+00  0.7136E+02  0.2048E+01  0.7640E+02  0.7640E+02
  0.1389E+00  0.6850E+02  0.2035E+01  0.7554E+02  0.7554E+02
  0.1398E+00  0.6893E+02  0.2013E+01  0.7473E+02  0.7473E+02
  0.1407E+00  0.6777E+02  0.1999E+01  0.7396E+02  0.7396E+02
  0.1417E+00  0.6684E+02  0.2008E+01  0.7323E+02  0.7323E+02
  0.1426E+00  0.6459E+02  0.2051E+01  0.7254E+02  0.7254E+02
  0.1435E+00  0.6468E+02  0.1981E+01  0.7189E+02  0.7189E+02
  0.1445E+00  0.6625E+02  0.1988E+01  0.7127E+02  0.7127E+02
  0.1454E+00  0.6353E+02  0.1937E+01  0.7069E+02  0.7069E+02
  0.1463E+00  0.6193E+02  0.1949E+01  0.7013E+02  0.7013E+02
  0.1472E+00  0.6285E+02  0.1942E+01  0.6960E+02  0.6960E+02
  0.1482E+00  0.6316E+02  0.1940E+01  0.6909E+02  0.6909E+02
  0.1491E+00  0.6801E+02  0.2001E+01  0.6861E+02  0.6861E+02
  0.1500E+00  0.6808E+02  0.2027E+01  0.6815E+02  0.6815E+02
  0.1510E+00  0.6549E+02  0.1994E+01  0.6770E+02  0.6770E+02
  0.1519E+00  0.6588E+02  0.2048E+01  0.6728E+02  0.6728E+02
  0.1528E+00  0.6389E+02  0.1980E+01  0.6687E+02  0.6687E+02
  0.1537E+00  0.6351E+02  0.2043E+01  0.6647E+02  0.6647E+02
  0.1547E+00  0.6165E+02  0.1946E+01  0.6609E+02  0.6609E+02
  0.1556E+00  0.6211E+02  0.1964E+01  0.6572E+02  0.6572E+02
  0.1565E+00  0.5976E+02  0.1953E+01  0.6537E+02  0.6537E+02
  0.1575E+00  0.5652E+02  0.1957E+01  0.6502E+02  0.6502E+02
  0.1584E+00  0.5806E+02  0.1992E+01  0.6469E+02  0.6469E+02
  0.1593E+00  0.5894E+02  0.1912E+01  0.6436E+02  0.6436E+02
  0.1603E+00  0.6022E+02  0.1916E+01  0.6404E+02  0.6404E+02
  0.1612E+00  0.5763E+02  0.1899E+01  0.6374E+02  0.6374E+02
  0.1621E+00  0.5623E+02  0.1914E+01  0.6344E+02  0.6344E+02
  0.1630E+00  0.5571E+02  0.1967E+01  0.6315E+02  0.6315E+02
  0.1640E+00  0.5781E+02  0.1932E+01  0.6287E+02  0.6287E+02
  0.1649E+00  0.5891E+02  0.1960E+01  0.6259E+02  0.6259E+02
  0.1658E+00  0.5832E+02  0.1961E+01  0.6232E+02  0.6232E+02
  0.1668E+00  0.6011E+02  0.1975E+01  0.6206E+02  0.6206E+02
  0.1677E+00  0.5799E+02  0.1970E+01  0.6181E+02  0.6181E+02
  0.1686E+00  0.6214E+02  0.1930E+01  0.6157E+02  0.6157E+02
  0.1696E+00  0.5804E+02  0.1979E+01  0.6133E+02  0.6133E+02
  0.1705E+00  0.5280E+02  0.1939E+01  0.6110E+02  0.6110E+02
  0.1714E+00  0.6023E+02  0.1922E+01  0.6088E+02  0.6088E+02
  0.1723E+00  0.6009E+02  0.1968E+01  0.6067E+02  0.6067E+02
  0.1733E+00  0.5580E+02  0.1915E+01  0.6046E+02  0.6046E+02
  0.1742E+00  0.5851E+02  0.1951E+01  0.6026E+02  0.6026E+02
  0.1751E+00  0.5837E+02  0.1912E+01  0.6007E+02  0.6007E+02
  0.1761E+00  0.6054E+02  0.1909E+01  0.5989E+02  0.5989E+02
  0.1770E+00  0.5890E+02  0.1975E+01  0.5971E+02  0.5971E+02
  0.1779E+00  0.5469E+02  0.1923E+01  0.5954E+02  0.5954E+02
  0.1788E+00  0.5677E+02  0.1945E+01  0.5938E+02  0.5938E+02
  0.1798E+00  0.5910E+02  0.1898E+01  0.5922E+02  0.5922E+02
  0.1807E+00  0.5647E+02  0.1906E+01  0.5908E+02  0.5908E+02
  0.1816E+00  0.5711E+02  0.1907E+01  0.5894E+02  0.5894E+02
  0.1826E+00  0.5747E+02  0.1894E+01  0.5880E+02  0.5880E+02
  0.1835E+00  0.5773E+02  0.1930E+01  0.5867E+02  0.5867E+02
  0.1844E+00  0.6125E+02  0.1916E+01  0.5855E+02  0.5855E+02
  0.1854E+00  0.6248E+02  0.1921E+01  0.5843E+02  0.5843E+02
  0.1863E+00  0.6321E+02  0.1939E+01  0.5832E+02  0.5832E+02
  0.1872E+00  0.6276E+02  0.1923E+01  0.5821E+02  0.5821E+02
  0.1881E+00  0.5640E+02  0.1954E+01  0.5811E+02  0.5811E+02
  0.1891E+00  0.5527E+02  0.1913E+01  0.5801E+02  0.5801E+02
  0.1900E+00  0.5752E+02  0.1943E+01  0.5792E+02  0.5792E+02
  0.1909E+00  0.6286E+02  0.1923E+01  0.5782E+02  0.5782E+02
  0.1919E+00  0.6118E+02  0.1900E+01  0.5773E+02  0.5773E+02
  0.1928E+00  0.6203E+02  0.1933E+01  0.5764E+02  0.5764E+02
  0.1937E+00  0.6103E+02  0.1920E+01  0.5755E+02  0.5755E+02
  0.1947E+00  0.6019E+02  0.1901E+01  0.5747E+02  0.5747E+02
  0.1956E+00  0.6156E+02  0.1858E+01  0.5738E+02  0.5738E+02
  0.1965E+00  0.5833E+02  0.1880E+01  0.5729E+02  0.5729E+02
  0.1974E+00  0.5741E+02  0.1898E+01  0.5720E+02  0.5720E+02
  0.1984E+00  0.5492E+02  0.1880E+01  0.5711E+02  0.5711E+02
  0.1993E+00  0.5653E+02  0.1908E+01  0.5702E+02  0.5702E+02
  0.2002E+00  0.6152E+02  0.1887E+01  0.5693E+02  0.5693E+02
  0.2012E+00  0.6046E+02  0.1963E+01  0.5683E+02  0.5683E+02
  0.2021E+00  0.5741E+02  0.1919E+01  0.5673E+02  0.5673E+02
  0.2030E+00  0.5677E+02  0.1902E+01  0.5663E+02  0.5663E+02
  0.2039E+00  0.5805E+02  0.1895E+01  0.5652E+02  0.5652E+02
  0.2049E+00  0.5993E+02  0.1903E+01  0.5641E+02  0.5641E+02
  0.2058E+00  0.5769E+02  0.1935E+01  0.5629E+02  0.5629E+02
  0.2067E+00  0.5759E+02  0.1874E+01  0.5617E+02  0.5617E+02
  0.2077E+00  0.5686E+02  0.1896E+01  0.5604E+02  0.5604E+02
  0.2086E+00  0.5714E+02  0.1874E+01  0.5591E+02  0.5591E+02
  0.2095E+00  0.5739E+02  0.1904E+01  0.5577E+02  0.5577E+02
  0.2105E+00  0.5890E+02  0.1890E+01  0.5562E+02  0.5562E+02
  0.2114E+00  0.5914E+02  0.1855E+01  0.5547E+02  0.5547E+02
  0.2123E+00  0.5701E+02  0.1932E+01  0.5532E+02  0.5532E+02
  0.2132E+00  0.5779E+02  0.1936E+01  0.5515E+02  0.5515E+02
  0.2142E+00  0.5712E+02  0.1968E+01  0.5499E+02  0.5499E+02
  0.2151E+00  0.5668E+02  0.1977E+01  0.5481E+02  0.5481E+02
  0.2160E+00  0.5141E+02  0.1938E+01  0.5463E+02  0.5463E+02
  0.2170E+00  0.5476E+02  0.1983E+01  0.5445E+02  0.5445E+02
  0.2179E+00  0.5584E+02  0.1939E+01  0.5426E+02  0.5426E+02
  0.2188E+00  0.5814E+02  0.1999E+01  0.5407E+02  0.5407E+02
  0.2198E+00  0.5923E+02  0.1946E+01  0.5387E+02  0.5387E+02
  0.2207E+00  0.5700E+02  0.2012E+01  0.5366E+02  0.5366E+02
  0.2216E+00  0.5478E+02  0.2064E+01  0.5346E+02  0.5346E+02
  0.2225E+00  0.5684E+02  0.2014E+01  0.5325E+02  0.5325E+02
  0.2235E+00  0.5380E+02  0.2095E+01  0.5303E+02  0.5303E+02
  0.2244E+00  0.5556E+02  0.2074E+01  0.5281E+02  0.5281E+02
  0.2253E+00  0.5337E+02  0.2089E+01  0.5259E+02  0.5259E+02
  0.2263E+00  0.5708E+02  0.2092E+01  0.5237E+02  0.5237E+02
  0.2272E+00  0.5621E+02  0.2024E+01  0.5214E+02  0.5214E+02
  0.2281E+00  0.5560E+02  0.2067E+01  0.5192E+02  0.5192E+02
  0.2290E+00  0.5629E+02  0.2101E+01  0.5169E+02  0.5169E+02
  0.2300E+00  0.5921E+02  0.2074E+01  0.5146E+02  0.5146E+02
  0.2309E+00  0.5274E+02  0.2066E+01  0.5123E+02  0.5123E+02
  0.2318E+00  0.5258E+02  0.2027E+01  0.5100E+02  0.5100E+02
  0.2328E+00  0.5056E+02  0.2069E+01  0.5077E+02  0.5077E+02
  0.2337E+00  0.5473E+02  0.2079E+01  0.5054E+02  0.5054E+02
  0.2346E+00  0.5295E+02  0.2102E+01  0.5031E+02  0.5031E+02
  0.2356E+00  0.5692E+02  0.2091E+01  0.5008E+02  0.5008E+02
  0.2365E+00  0.6063E+02  0.2109E+01  0.4985E+02  0.4985E+02
  0.2374E+00  0.5005E+02  0.2162E+01  0.4963E+02  0.4963E+02
  0.2383E+00  0.5227E+02  0.2147E+01  0.4940E+02  0.4940E+02
  0.2393E+00  0.5276E+02  0.2128E+01  0.4918E+02  0.4918E+02
  0.2402E+00  0.5894E+02  0.2130E+01  0.4896E+02  0.4896E+02
  0.2411E+00  0.5549E+02  0.2128E+01  0.4874E+02  0.4874E+02
  0.2421E+00  0.5683E+02  0.2158E+01  0.4853E+02  0.4853E+02
  0.2430E+00  0.5634E+02  0.2141E+01  0.4831E+02  0.4831E+02
  0.2439E+00  0.5873E+02  0.2200E+01  0.4810E+02  0.4810E+02
  0.2449E+00  0.5479E+02  0.2174E+01  0.4789E+02  0.4789E+02
  0.2458E+00  0.5104E+02  0.2191E+01  0.4769E+02  0.4769E+02
  0.2467E+00  0.4889E+02  0.2145E+01  0.4748E+02  0.4748E+02
  0.2476E+00  0.5252E+02  0.2206E+01  0.4728E+02  0.4728E+02
  0.2486E+00  0.5452E+02  0.2230E+01  0.4708E+02  0.4708E+02
  0.2495E+00  0.4925E+02  0.2195E+01  0.4688E+02  0.4688E+02
  0.2504E+00  0.4853E+02  0.2269E+01  0.4668E+02  0.4668E+02
  0.2514E+00  0.5125E+02  0.2201E+01  0.4649E+02  0.4649E+02
  0.2523E+00  0.4866E+02  0.2276E+01  0.4629E+02  0.4629E+02
  0.2532E+00  0.4658E+02  0.2327E+01  0.4610E+02  0.4610E+02
  0.2541E+00  0.5035E+02  0.2249E+01  0.4591E+02  0.4591E+02
  0.2551E+00  0.4977E+02  0.2337E+01  0.4572E+02  0.4572E+02
  0.2560E+00  0.5027E+02  0.2307E+01  0.4553E+02  0.4553E+02
  0.2569E+00  0.4682E+02  0.2446E+01  0.4534E+02  0.4534E+02
  0.2579E+00  0.4843E+02  0.2429E+01  0.4515E+02  0.4515E+02
  0.2588E+00  0.5139E+02  0.2404E+01  0.4496E+02  0.4496E+02
  0.2597E+00  0.5163E+02  0.2456E+01  0.4477E+02  0.4477E+02
  0.2607E+00  0.5149E+02  0.2399E+01  0.4458E+02  0.4458E+02
  0.2616E+00  0.5235E+02  0.2449E+01  0.4439E+02  0.4439E+02
  0.2625E+00  0.5155E+02  0.2389E+01  0.4420E+02  0.4420E+02
  0.2634E+00  0.5928E+02  0.2440E+01  0.4400E+02  0.4400E+02
  0.2644E+00  0.5446E+02  0.2480E+01  0.4381E+02  0.4381E+02
  0.2653E+00  0.5446E+02  0.2422E+01  0.4361E+02  0.4361E+02
  0.2662E+00  0.5165E+02  0.2408E+01  0.4341E+02  0.4341E+02
  0.2672E+00  0.5033E+02  0.2388E+01  0.4322E+02  0.4322E+02
  0.2681E+00  0.5453E+02  0.2413E+01  0.4301E+02  0.4301E+02
  0.2690E+00  0.4948E+02  0.2437E+01  0.4281E+02  0.4281E+02
  0.2700E+00  0.4887E+02  0.2392E+01  0.4261E+02  0.4261E+02
  0.2709E+00  0.4281E+02  0.2383E+01  0.4240E+02  0.4240E+02
  0.2718E+00  0.4838E+02  0.2383E+01  0.4219E+02  0.4219E+02
  0.2727E+00  0.5034E+02  0.2441E+01  0.4198E+02  0.4198E+02
  0.2737E+00  0.5005E+02  0.2455E+01  0.4176E+02  0.4176E+02
  0.2746E+00  0.4912E+02  0.2478E+01  0.4155E+02  0.4155E+02
  0.2755E+00  0.5092E+02  0.2525E+01  0.4133E+02  0.4133E+02
  0.2765E+00  0.4993E+02  0.2508E+01  0.4111E+02  0.4111E+02
  0.2774E+00  0.4915E+02  0.2557E+01  0.4089E+02  0.4089E+02
  0.2783E+00  0.4775E+02  0.2595E+01  0.4066E+02  0.4066E+02
  0.2792E+00  0.4860E+02  0.2592E+01  0.4044E+02  0.4044E+02
  0.2802E+00  0.5316E+02  0.2652E+01  0.4021E+02  0.4021E+02
  0.2811E+00  0.5122E+02  0.2532E+01  0.3998E+02  0.3998E+02
  0.2820E+00  0.4961E+02  0.2532E+01  0.3975E+02  0.3975E+02
  0.2830E+00  0.5386E+02  0.2525E+01  0.3952E+02  0.3952E+02
  0.2839E+00  0.5372E+02  0.2536E+01  0.3928E+02  0.3928E+02
  0.2848E+00  0.5198E+02  0.2519E+01  0.3905E+02  0.3905E+02
  0.2858E+00  0.5420E+02  0.2488E+01  0.3881E+02  0.3881E+02
  0.2867E+00  0.5360E+02  0.2468E+01  0.3858E+02  0.3858E+02
  0.2876E+00  0.4528E+02  0.2437E+01  0.3834E+02  0.3834E+02
  0.2885E+00  0.4713E+02  0.2471E+01  0.3811E+02  0.3811E+02
  0.2895E+00  0.4682E+02  0.2465E+01  0.3787E+02  0.3787E+02
  0.2904E+00  0.5055E+02  0.2452E+01  0.3764E+02  0.3764E+02
  0.2913E+00  0.5231E+02  0.2447E+01  0.3740E+02  0.3740E+02
  0.2923E+00  0.5382E+02  0.2443E+01  0.3717E+02  0.3717E+02
  0.2932E+00  0.4814E+02  0.2497E+01  0.3693E+02  0.3693E+02
  0.2941E+00  0.4507E+02  0.2423E+01  0.3670E+02  0.3670E+02
  0.2951E+00  0.4551E+02  0.2504E+01  0.3647E+02  0.3647E+02
  0.2960E+00  0.5251E+02  0.2492E+01  0.3624E+02  0.3624E+02
  0.2969E+00  0.5867E+02  0.2529E+01  0.3601E+02  0.3601E+02
  0.2978E+00  0.5563E+02  0.2524E+01  0.3579E+02  0.3579E+02
  0.2988E+00  0.5050E+02  0.2467E+01  0.3556E+02  0.3556E+02

           Distance distribution  function of particle  


       R          P(R)      ERROR

  0.0000E+00  0.0000E+00  0.0000E+00
  0.1073E+01  0.2543E+00  0.9166E-03
  0.2146E+01  0.4692E+00  0.1510E-02
  0.3219E+01  0.6468E+00  0.1811E-02
  0.4292E+01  0.7905E+00  0.1866E-02
  0.5365E+01  0.9047E+00  0.1744E-02
  0.6438E+01  0.9947E+00  0.1544E-02
  0.7511E+01  0.1066E+01  0.1404E-02
  0.8584E+01  0.1126E+01  0.1458E-02
  0.9657E+01  0.1178E+01  0.1714E-02
  0.1073E+02  0.1231E+01  0.2065E-02
  0.1180E+02  0.1287E+01  0.2413E-02
  0.1288E+02  0.1351E+01  0.2698E-02
  0.1395E+02  0.1426E+01  0.2893E-02
  0.1502E+02  0.1515E+01  0.2997E-02
  0.1609E+02  0.1616E+01  0.3028E-02
  0.1717E+02  0.1731E+01  0.3019E-02
  0.1824E+02  0.1857E+01  0.3008E-02
  0.1931E+02  0.1992E+01  0.3033E-02
  0.2039E+02  0.2133E+01  0.3111E-02
  0.2146E+02  0.2275E+01  0.3240E-02
  0.2253E+02  0.2416E+01  0.3394E-02
  0.2361E+02  0.2551E+01  0.3544E-02
  0.2468E+02  0.2676E+01  0.3663E-02
  0.2575E+02  0.2788E+01  0.3733E-02
  0.2682E+02  0.2884E+01  0.3750E-02
  0.2790E+02  0.2962E+01  0.3721E-02
  0.2897E+02  0.3021E+01  0.3664E-02
  0.3004E+02  0.3060E+01  0.3601E-02
  0.3112E+02  0.3079E+01  0.3555E-02
  0.3219E+02  0.3079E+01  0.3544E-02
  0.3326E+02  0.3061E+01  0.3572E-02
  0.3434E+02  0.3027E+01  0.3632E-02
  0.3541E+02  0.2978E+01  0.3709E-02
  0.3648E+02  0.2917E+01  0.3787E-02
  0.3755E+02  0.2845E+01  0.3852E-02
  0.3863E+02  0.2765E+01  0.3896E-02
  0.3970E+02  0.2678E+01  0.3921E-02
  0.4077E+02  0.2587E+01  0.3932E-02
  0.4185E+02  0.2492E+01  0.3941E-02
  0.4292E+02  0.2395E+01  0.3958E-02
  0.4399E+02  0.2296E+01  0.3995E-02
  0.4507E+02  0.2197E+01  0.4057E-02
  0.4614E+02  0.2098E+01  0.4148E-02
  0.4721E+02  0.2000E+01  0.4264E-02
  0.4828E+02  0.1902E+01  0.4401E-02
  0.4936E+02  0.1805E+01  0.4555E-02
  0.5043E+02  0.1710E+01  0.4720E-02
  0.5150E+02  0.1617E+01  0.4889E-02
  0.5258E+02  0.1527E+01  0.5057E-02
  0.5365E+02  0.1439E+01  0.5219E-02
  0.5472E+02  0.1355E+01  0.5366E-02
  0.5580E+02  0.1274E+01  0.5494E-02
  0.5687E+02  0.1198E+01  0.5596E-02
  0.5794E+02  0.1126E+01  0.5670E-02
  0.5902E+02  0.1060E+01  0.5712E-02
  0.6009E+02  0.9978E+00  0.5726E-02
  0.6116E+02  0.9411E+00  0.5714E-02
  0.6223E+02  0.8893E+00  0.5685E-02
  0.6331E+02  0.8422E+00  0.5649E-02
  0.6438E+02  0.7995E+00  0.5615E-02
  0.6545E+02  0.7606E+00  0.5594E-02
  0.6653E+02  0.7251E+00  0.5592E-02
  0.6760E+02  0.6924E+00  0.5616E-02
  0.6867E+02  0.6621E+00  0.5665E-02
  0.6974E+02  0.6337E+00  0.5736E-02
  0.7082E+02  0.6068E+00  0.5822E-02
  0.7189E+02  0.5811E+00  0.5917E-02
  0.7296E+02  0.5563E+00  0.6009E-02
  0.7404E+02  0.5323E+00  0.6092E-02
  0.7511E+02  0.5091E+00  0.6156E-02
  0.7618E+02  0.4868E+00  0.6195E-02
  0.7726E+02  0.4654E+00  0.6207E-02
  0.7833E+02  0.4451E+00  0.6187E-02
  0.7940E+02  0.4261E+00  0.6139E-02
  0.8047E+02  0.4084E+00  0.6065E-02
  0.8155E+02  0.3921E+00  0.5970E-02
  0.8262E+02  0.3772E+00  0.5865E-02
  0.8369E+02  0.3638E+00  0.5758E-02
  0.8477E+02  0.3517E+00  0.5660E-02
  0.8584E+02  0.3407E+00  0.5582E-02
  0.8691E+02  0.3306E+00  0.5533E-02
  0.8799E+02  0.3212E+00  0.5519E-02
  0.8906E+02  0.3121E+00  0.5543E-02
  0.9013E+02  0.3030E+00  0.5602E-02
  0.9120E+02  0.2936E+00  0.5690E-02
  0.9228E+02  0.2836E+00  0.5795E-02
  0.9335E+02  0.2729E+00  0.5902E-02
  0.9442E+02  0.2610E+00  0.5995E-02
  0.9550E+02  0.2480E+00  0.6055E-02
  0.9657E+02  0.2337E+00  0.6063E-02
  0.9764E+02  0.2179E+00  0.6000E-02
  0.9872E+02  0.2007E+00  0.5847E-02
  0.9979E+02  0.1818E+00  0.5588E-02
  0.1009E+03  0.1614E+00  0.5208E-02
  0.1019E+03  0.1393E+00  0.4698E-02
  0.1030E+03  0.1155E+00  0.4047E-02
  0.1041E+03  0.8977E-01  0.3253E-02
  0.1052E+03  0.6206E-01  0.2312E-02
  0.1062E+03  0.3220E-01  0.1226E-02
  0.1073E+03  0.0000E+00  0.0000E+00
          Reciprocal space: Rg =   30.94     , I(0) =   0.1693E+04
     Real space: Rg =   30.99 +- 0.055  I(0) =   0.1693E+04 +-  0.2387E+01
