
           ####    G N O M   ---   Version 4.5a revised 09/02/02     ####

                                                  Sun Nov  5 11:57:54 2017
           ===    Run No   1   ===
 Run title:  0.000132994 0 0


  Number of points omitted at the end:         405
   *******   Working Directory :
   *******    Input file(s) : 24648_01D_S049_0_01.sub
           Condition P(rmin) = 0 is used. 
           Condition P(rmax) = 0 is used. 

          Experimental conditions for the first run
          -----------------------------------------

          Highest ALPHA is found to be   0.4180E+03

  The measure of inconsistency AN1 equals to    0.9600E+00
     Alpha    Discrp  Oscill  Stabil  Sysdev  Positv  Valcen    Total   
  0.4180E+06 80.7871  1.7064  0.9815  0.1073  1.0000  0.7356  0.00001
  0.8359E+05 78.4103  1.7099  0.9484  0.1268  1.0000  0.7346  0.00001
  0.1672E+05 68.5639  1.7274  0.8094  0.0683  1.0000  0.7297  0.00001
  0.3344E+04 44.1946  1.8094  0.4460  0.0098  1.0000  0.7060  0.00001
  0.6688E+03 21.8919  2.1235  0.1529  0.0390  1.0000  0.6126  0.00001
  0.1338E+03 10.1257  2.7980  0.1369  0.0585  1.0000  0.4279  0.00001
  0.2675E+02  3.3972  3.3935  0.0548  0.2049  1.0000  0.3177  0.00001
  0.5350E+01  1.1719  3.6416  0.0159  0.4976  1.0000  0.2907  0.42641
  0.1070E+01  0.8709  3.7099  0.0071  0.6341  1.0000  0.2857  0.44160
  0.2140E+00  0.8508  3.7296  0.0059  0.6732  1.0000  0.2845  0.46026
  0.4280E-01  0.8485  3.7442  0.0117  0.6927  1.0000  0.2832  0.51967
  0.8560E-02  0.8469  3.8039  0.0292  0.7122  1.0000  0.2822  0.42833
  0.1712E-02  0.8447  4.1581  0.0443  0.7317  0.9997  0.2838  0.10000
  0.3424E-03  0.8436  4.8963  0.0649  0.7317  0.9982  0.2829  0.10000
  0.6848E-04  0.8428  7.1170  0.1643  0.7122  0.9902  0.2902  0.10000
  0.1370E-04  0.8420 11.6852  0.2398  0.6927  0.9620  0.2669  0.10000
  0.2739E-05  0.8414 18.1432  0.6686  0.7122  0.8878  0.1943  0.10000
  0.5478E-06  0.8402 19.8722  0.5275  0.7122  0.7938  0.2465  0.10000
  0.1096E-06  0.8396 19.7101  0.3719  0.7122  0.7603  0.2573  0.10000
  0.2191E-07  0.8390 21.7061  0.7636  0.7122  0.7116  0.2994  0.10000
  0.4383E-08  0.8369 24.3858  0.8998  0.7122  0.6957  0.3004  0.10000
  0.8766E-09  0.8284 26.3595  0.8334  0.7122  0.7020  0.2990  0.10000
  0.1753E-09  0.8017 30.3538  0.7151  0.7415  0.7053  0.3447  0.10000
  0.3506E-10  0.7351 36.4258  0.6805  0.7415  0.7059  0.3376  0.10000
  0.7012E-11  0.5953 41.4626  0.5954  0.7317  0.7045  0.2835  0.10000
  0.1402E-11  0.3863 45.5211  0.4466  0.7707  0.7211  0.2700  0.10000
  0.2805E-12  0.1821 48.1481  0.2903  0.7317  0.7371  0.2333  0.10000
  0.5610E-13  0.0555 49.3683  0.1097  0.7902  0.7458  0.2370  0.10000
  0.1122E-13  0.0126 49.7471  0.0271  0.7902  0.7484  0.2507  0.10000
  0.2244E-14  0.0026 49.8328  0.0056  0.7902  0.7490  0.2537  0.10000
  0.4488E-15  0.0005 49.8504  0.0011  0.7902  0.7491  0.2543  0.10000

          ***  Golden section search to maximize estimate ***
     Alpha    Discrp  Oscill  Stabil  Sysdev  Positv  Valcen    Total   
  0.1583E-01  0.8476  3.7671  0.0202  0.7122  1.0000  0.2824  0.53158
  0.2927E-01  0.8482  3.7503  0.0141  0.6927  1.0000  0.2829  0.54366
  0.2002E-01  0.8478  3.7593  0.0175  0.7122  1.0000  0.2826  0.55762
  0.2532E-01  0.8480  3.7533  0.0153  0.7122  1.0000  0.2828  0.56114
  0.2190E-01  0.8479  3.7568  0.0166  0.7122  1.0000  0.2826  0.56500
  0.2395E-01  0.8480  3.7546  0.0157  0.7122  1.0000  0.2827  0.56553
  0.2266E-01  0.8479  3.7559  0.0163  0.7122  1.0000  0.2827  0.56746
  0.2345E-01  0.8480  3.7551  0.0159  0.7122  1.0000  0.2827  0.56724
  0.2296E-01  0.8479  3.7556  0.0161  0.7122  1.0000  0.2827  0.56834
  0.2284E-01  0.8479  3.7557  0.0162  0.7122  1.0000  0.2827  0.56801
  0.2303E-01  0.8479  3.7555  0.0161  0.7122  1.0000  0.2827  0.56855
  0.2303E-01  0.8479  3.7555  0.0161  0.7122  1.0000  0.2827  0.56855



             ####            Final results            ####

 Parameter    DISCRP    OSCILL    STABIL    SYSDEV    POSITV    VALCEN
 Weight        1.000     3.000     3.000     4.000     1.000     1.000
 Sigma         0.500     0.600     0.120     0.200     0.120     0.120
 Ideal         1.000     1.100     0.000     1.000     1.000     0.950
 Current       0.848     3.756     0.016     0.712     1.000     0.283
                - - - - - - - - - - - - - - - - - - - - - - - - - 
 Estimate      0.912     0.000     0.982     0.126     1.000     0.000

  Angular   range    :     from    0.0085   to    0.1649
  Real space range   :     from      0.00   to    267.20

  Highest ALPHA (theor) :   0.418E+06                 JOB = 0
  Current ALPHA         :   0.230E-01   Rg :  0.640E+02   I(0) :   0.815E+03

           Total  estimate : 0.569  which is  A REASONABLE  solution

      S          J EXP       ERROR       J REG       I REG

  0.0000E+00                                      0.8148E+03
  0.7751E-03                                      0.8141E+03
  0.1550E-02                                      0.8120E+03
  0.2325E-02                                      0.8086E+03
  0.3100E-02                                      0.8038E+03
  0.3875E-02                                      0.7978E+03
  0.4651E-02                                      0.7906E+03
  0.5426E-02                                      0.7823E+03
  0.6201E-02                                      0.7729E+03
  0.6976E-02                                      0.7626E+03
  0.7751E-02                                      0.7515E+03
  0.8526E-02  0.7939E+03  0.6646E+02  0.7396E+03  0.7396E+03
  0.9289E-02  0.8444E+03  0.5412E+02  0.7273E+03  0.7273E+03
  0.1005E-01  0.7615E+03  0.3407E+02  0.7145E+03  0.7145E+03
  0.1082E-01  0.7399E+03  0.2487E+02  0.7013E+03  0.7013E+03
  0.1158E-01  0.7063E+03  0.1994E+02  0.6878E+03  0.6878E+03
  0.1234E-01  0.6646E+03  0.1491E+02  0.6742E+03  0.6742E+03
  0.1310E-01  0.6809E+03  0.1243E+02  0.6605E+03  0.6605E+03
  0.1387E-01  0.6627E+03  0.8523E+01  0.6469E+03  0.6469E+03
  0.1463E-01  0.6361E+03  0.7834E+01  0.6333E+03  0.6333E+03
  0.1539E-01  0.6170E+03  0.6565E+01  0.6200E+03  0.6200E+03
  0.1616E-01  0.5981E+03  0.6152E+01  0.6069E+03  0.6069E+03
  0.1692E-01  0.5805E+03  0.5617E+01  0.5941E+03  0.5941E+03
  0.1768E-01  0.5739E+03  0.5150E+01  0.5817E+03  0.5817E+03
  0.1845E-01  0.5660E+03  0.4950E+01  0.5697E+03  0.5697E+03
  0.1921E-01  0.5564E+03  0.4635E+01  0.5582E+03  0.5582E+03
  0.1997E-01  0.5454E+03  0.4625E+01  0.5471E+03  0.5471E+03
  0.2073E-01  0.5360E+03  0.4331E+01  0.5365E+03  0.5365E+03
  0.2150E-01  0.5274E+03  0.3957E+01  0.5263E+03  0.5263E+03
  0.2226E-01  0.5167E+03  0.4018E+01  0.5166E+03  0.5166E+03
  0.2302E-01  0.5134E+03  0.3792E+01  0.5074E+03  0.5074E+03
  0.2379E-01  0.5074E+03  0.3852E+01  0.4986E+03  0.4986E+03
  0.2455E-01  0.4959E+03  0.3865E+01  0.4902E+03  0.4902E+03
  0.2531E-01  0.4812E+03  0.3654E+01  0.4822E+03  0.4822E+03
  0.2608E-01  0.4717E+03  0.3468E+01  0.4745E+03  0.4745E+03
  0.2684E-01  0.4631E+03  0.3341E+01  0.4671E+03  0.4671E+03
  0.2760E-01  0.4556E+03  0.3353E+01  0.4600E+03  0.4600E+03
  0.2836E-01  0.4573E+03  0.3217E+01  0.4530E+03  0.4530E+03
  0.2913E-01  0.4535E+03  0.3240E+01  0.4463E+03  0.4463E+03
  0.2989E-01  0.4437E+03  0.3149E+01  0.4397E+03  0.4397E+03
  0.3065E-01  0.4270E+03  0.3018E+01  0.4332E+03  0.4332E+03
  0.3142E-01  0.4257E+03  0.2987E+01  0.4268E+03  0.4268E+03
  0.3218E-01  0.4175E+03  0.2805E+01  0.4205E+03  0.4205E+03
  0.3294E-01  0.4132E+03  0.2770E+01  0.4141E+03  0.4141E+03
  0.3371E-01  0.4134E+03  0.2700E+01  0.4078E+03  0.4078E+03
  0.3447E-01  0.4039E+03  0.2695E+01  0.4015E+03  0.4015E+03
  0.3523E-01  0.3968E+03  0.2785E+01  0.3951E+03  0.3951E+03
  0.3599E-01  0.3825E+03  0.2617E+01  0.3888E+03  0.3888E+03
  0.3676E-01  0.3801E+03  0.2741E+01  0.3824E+03  0.3824E+03
  0.3752E-01  0.3776E+03  0.2647E+01  0.3759E+03  0.3759E+03
  0.3828E-01  0.3687E+03  0.2619E+01  0.3695E+03  0.3695E+03
  0.3905E-01  0.3602E+03  0.2533E+01  0.3630E+03  0.3630E+03
  0.3981E-01  0.3537E+03  0.2540E+01  0.3565E+03  0.3565E+03
  0.4057E-01  0.3445E+03  0.2542E+01  0.3500E+03  0.3500E+03
  0.4134E-01  0.3434E+03  0.2372E+01  0.3435E+03  0.3435E+03
  0.4210E-01  0.3387E+03  0.2391E+01  0.3371E+03  0.3371E+03
  0.4286E-01  0.3332E+03  0.2356E+01  0.3307E+03  0.3307E+03
  0.4362E-01  0.3221E+03  0.2271E+01  0.3244E+03  0.3244E+03
  0.4439E-01  0.3215E+03  0.2262E+01  0.3181E+03  0.3181E+03
  0.4515E-01  0.3164E+03  0.2233E+01  0.3119E+03  0.3119E+03
  0.4591E-01  0.3058E+03  0.2262E+01  0.3058E+03  0.3058E+03
  0.4668E-01  0.3021E+03  0.2251E+01  0.2998E+03  0.2998E+03
  0.4744E-01  0.2942E+03  0.2233E+01  0.2939E+03  0.2939E+03
  0.4820E-01  0.2924E+03  0.2252E+01  0.2881E+03  0.2881E+03
  0.4897E-01  0.2842E+03  0.2146E+01  0.2824E+03  0.2824E+03
  0.4973E-01  0.2777E+03  0.2154E+01  0.2769E+03  0.2769E+03
  0.5049E-01  0.2675E+03  0.2100E+01  0.2714E+03  0.2714E+03
  0.5125E-01  0.2627E+03  0.2137E+01  0.2661E+03  0.2661E+03
  0.5202E-01  0.2598E+03  0.2105E+01  0.2609E+03  0.2609E+03
  0.5278E-01  0.2573E+03  0.2013E+01  0.2558E+03  0.2558E+03
  0.5354E-01  0.2505E+03  0.2016E+01  0.2507E+03  0.2507E+03
  0.5431E-01  0.2473E+03  0.2031E+01  0.2458E+03  0.2458E+03
  0.5507E-01  0.2397E+03  0.2019E+01  0.2409E+03  0.2409E+03
  0.5583E-01  0.2341E+03  0.1945E+01  0.2361E+03  0.2361E+03
  0.5660E-01  0.2258E+03  0.1952E+01  0.2314E+03  0.2314E+03
  0.5736E-01  0.2236E+03  0.1924E+01  0.2267E+03  0.2267E+03
  0.5812E-01  0.2247E+03  0.1900E+01  0.2221E+03  0.2221E+03
  0.5888E-01  0.2186E+03  0.1883E+01  0.2175E+03  0.2175E+03
  0.5965E-01  0.2129E+03  0.1826E+01  0.2130E+03  0.2130E+03
  0.6041E-01  0.2104E+03  0.1843E+01  0.2084E+03  0.2084E+03
  0.6117E-01  0.2035E+03  0.1864E+01  0.2040E+03  0.2040E+03
  0.6194E-01  0.1992E+03  0.1872E+01  0.1995E+03  0.1995E+03
  0.6270E-01  0.1979E+03  0.1844E+01  0.1950E+03  0.1950E+03
  0.6346E-01  0.1898E+03  0.1807E+01  0.1906E+03  0.1906E+03
  0.6423E-01  0.1889E+03  0.1821E+01  0.1862E+03  0.1862E+03
  0.6499E-01  0.1839E+03  0.1783E+01  0.1819E+03  0.1819E+03
  0.6575E-01  0.1795E+03  0.1771E+01  0.1775E+03  0.1775E+03
  0.6651E-01  0.1727E+03  0.1758E+01  0.1732E+03  0.1732E+03
  0.6728E-01  0.1654E+03  0.1702E+01  0.1690E+03  0.1690E+03
  0.6804E-01  0.1604E+03  0.1702E+01  0.1647E+03  0.1647E+03
  0.6880E-01  0.1619E+03  0.1653E+01  0.1606E+03  0.1606E+03
  0.6957E-01  0.1579E+03  0.1639E+01  0.1565E+03  0.1565E+03
  0.7033E-01  0.1537E+03  0.1656E+01  0.1524E+03  0.1524E+03
  0.7109E-01  0.1508E+03  0.1629E+01  0.1484E+03  0.1484E+03
  0.7186E-01  0.1441E+03  0.1662E+01  0.1445E+03  0.1445E+03
  0.7262E-01  0.1399E+03  0.1616E+01  0.1407E+03  0.1407E+03
  0.7338E-01  0.1348E+03  0.1639E+01  0.1369E+03  0.1369E+03
  0.7414E-01  0.1335E+03  0.1620E+01  0.1332E+03  0.1332E+03
  0.7491E-01  0.1307E+03  0.1599E+01  0.1296E+03  0.1296E+03
  0.7567E-01  0.1269E+03  0.1599E+01  0.1261E+03  0.1261E+03
  0.7643E-01  0.1247E+03  0.1619E+01  0.1226E+03  0.1226E+03
  0.7720E-01  0.1169E+03  0.1570E+01  0.1193E+03  0.1193E+03
  0.7796E-01  0.1133E+03  0.1515E+01  0.1160E+03  0.1160E+03
  0.7872E-01  0.1097E+03  0.1535E+01  0.1128E+03  0.1128E+03
  0.7949E-01  0.1071E+03  0.1535E+01  0.1096E+03  0.1096E+03
  0.8025E-01  0.1075E+03  0.1528E+01  0.1066E+03  0.1066E+03
  0.8101E-01  0.1042E+03  0.1516E+01  0.1036E+03  0.1036E+03
  0.8177E-01  0.1040E+03  0.1486E+01  0.1007E+03  0.1007E+03
  0.8254E-01  0.9916E+02  0.1504E+01  0.9781E+02  0.9781E+02
  0.8330E-01  0.9491E+02  0.1492E+01  0.9501E+02  0.9501E+02
  0.8406E-01  0.9177E+02  0.1487E+01  0.9226E+02  0.9226E+02
  0.8483E-01  0.8976E+02  0.1482E+01  0.8957E+02  0.8957E+02
  0.8559E-01  0.8777E+02  0.1432E+01  0.8692E+02  0.8692E+02
  0.8635E-01  0.8499E+02  0.1460E+01  0.8433E+02  0.8433E+02
  0.8712E-01  0.8662E+02  0.1427E+01  0.8178E+02  0.8178E+02
  0.8788E-01  0.7994E+02  0.1403E+01  0.7927E+02  0.7927E+02
  0.8864E-01  0.7666E+02  0.1427E+01  0.7681E+02  0.7681E+02
  0.8940E-01  0.7166E+02  0.1395E+01  0.7439E+02  0.7439E+02
  0.9017E-01  0.7261E+02  0.1395E+01  0.7201E+02  0.7201E+02
  0.9093E-01  0.6943E+02  0.1369E+01  0.6967E+02  0.6967E+02
  0.9169E-01  0.6627E+02  0.1372E+01  0.6738E+02  0.6738E+02
  0.9246E-01  0.6246E+02  0.1397E+01  0.6513E+02  0.6513E+02
  0.9322E-01  0.5967E+02  0.1362E+01  0.6293E+02  0.6293E+02
  0.9398E-01  0.5897E+02  0.1394E+01  0.6077E+02  0.6077E+02
  0.9475E-01  0.5795E+02  0.1389E+01  0.5866E+02  0.5866E+02
  0.9551E-01  0.5700E+02  0.1375E+01  0.5661E+02  0.5661E+02
  0.9627E-01  0.5308E+02  0.1361E+01  0.5460E+02  0.5460E+02
  0.9703E-01  0.5590E+02  0.1319E+01  0.5264E+02  0.5264E+02
  0.9780E-01  0.5375E+02  0.1310E+01  0.5074E+02  0.5074E+02
  0.9856E-01  0.4989E+02  0.1283E+01  0.4889E+02  0.4889E+02
  0.9932E-01  0.4790E+02  0.1287E+01  0.4709E+02  0.4709E+02
  0.1001E+00  0.4605E+02  0.1264E+01  0.4536E+02  0.4536E+02
  0.1008E+00  0.4145E+02  0.1276E+01  0.4367E+02  0.4367E+02
  0.1016E+00  0.4260E+02  0.1272E+01  0.4204E+02  0.4204E+02
  0.1024E+00  0.4252E+02  0.1281E+01  0.4047E+02  0.4047E+02
  0.1031E+00  0.4054E+02  0.1300E+01  0.3895E+02  0.3895E+02
  0.1039E+00  0.3821E+02  0.1273E+01  0.3749E+02  0.3749E+02
  0.1047E+00  0.3428E+02  0.1281E+01  0.3607E+02  0.3607E+02
  0.1054E+00  0.3254E+02  0.1277E+01  0.3471E+02  0.3471E+02
  0.1062E+00  0.3216E+02  0.1249E+01  0.3339E+02  0.3339E+02
  0.1070E+00  0.2996E+02  0.1277E+01  0.3213E+02  0.3213E+02
  0.1077E+00  0.3291E+02  0.1256E+01  0.3091E+02  0.3091E+02
  0.1085E+00  0.3112E+02  0.1253E+01  0.2973E+02  0.2973E+02
  0.1092E+00  0.2967E+02  0.1224E+01  0.2859E+02  0.2859E+02
  0.1100E+00  0.2602E+02  0.1218E+01  0.2749E+02  0.2749E+02
  0.1108E+00  0.2576E+02  0.1230E+01  0.2643E+02  0.2643E+02
  0.1115E+00  0.2586E+02  0.1198E+01  0.2541E+02  0.2541E+02
  0.1123E+00  0.2310E+02  0.1207E+01  0.2442E+02  0.2442E+02
  0.1131E+00  0.2258E+02  0.1201E+01  0.2346E+02  0.2346E+02
  0.1138E+00  0.2124E+02  0.1190E+01  0.2253E+02  0.2253E+02
  0.1146E+00  0.2208E+02  0.1189E+01  0.2163E+02  0.2163E+02
  0.1153E+00  0.2018E+02  0.1181E+01  0.2076E+02  0.2076E+02
  0.1161E+00  0.1912E+02  0.1216E+01  0.1992E+02  0.1992E+02
  0.1169E+00  0.2174E+02  0.1200E+01  0.1910E+02  0.1910E+02
  0.1176E+00  0.1943E+02  0.1207E+01  0.1831E+02  0.1831E+02
  0.1184E+00  0.1862E+02  0.1194E+01  0.1754E+02  0.1754E+02
  0.1192E+00  0.1721E+02  0.1194E+01  0.1679E+02  0.1679E+02
  0.1199E+00  0.1638E+02  0.1172E+01  0.1606E+02  0.1606E+02
  0.1207E+00  0.1517E+02  0.1156E+01  0.1535E+02  0.1535E+02
  0.1215E+00  0.1562E+02  0.1161E+01  0.1466E+02  0.1466E+02
  0.1222E+00  0.1485E+02  0.1147E+01  0.1399E+02  0.1399E+02
  0.1230E+00  0.1221E+02  0.1164E+01  0.1334E+02  0.1334E+02
  0.1237E+00  0.1425E+02  0.1157E+01  0.1270E+02  0.1270E+02
  0.1245E+00  0.1081E+02  0.1147E+01  0.1208E+02  0.1208E+02
  0.1253E+00  0.1079E+02  0.1156E+01  0.1148E+02  0.1148E+02
  0.1260E+00  0.1218E+02  0.1136E+01  0.1089E+02  0.1089E+02
  0.1268E+00  0.8875E+01  0.1137E+01  0.1031E+02  0.1031E+02
  0.1276E+00  0.9150E+01  0.1147E+01  0.9743E+01  0.9743E+01
  0.1283E+00  0.8647E+01  0.1147E+01  0.9191E+01  0.9191E+01
  0.1291E+00  0.6964E+01  0.1172E+01  0.8651E+01  0.8651E+01
  0.1298E+00  0.7135E+01  0.1120E+01  0.8123E+01  0.8123E+01
  0.1306E+00  0.6835E+01  0.1154E+01  0.7607E+01  0.7607E+01
  0.1314E+00  0.6464E+01  0.1154E+01  0.7102E+01  0.7102E+01
  0.1321E+00  0.2748E+01  0.1156E+01  0.6611E+01  0.6611E+01
  0.1329E+00  0.6588E+01  0.1147E+01  0.6132E+01  0.6132E+01
  0.1337E+00  0.1048E+02  0.1157E+01  0.5666E+01  0.5666E+01
  0.1344E+00  0.8609E+01  0.1172E+01  0.5214E+01  0.5214E+01
  0.1352E+00  0.5951E+01  0.1162E+01  0.4777E+01  0.4777E+01
  0.1359E+00  0.5337E+01  0.1161E+01  0.4356E+01  0.4356E+01
  0.1367E+00  0.5466E+01  0.1151E+01  0.3952E+01  0.3952E+01
  0.1375E+00  0.9550E+00  0.1140E+01  0.3566E+01  0.3566E+01
  0.1382E+00  0.2882E+01  0.1164E+01  0.3200E+01  0.3200E+01
  0.1390E+00  0.4317E+01  0.1162E+01  0.2854E+01  0.2854E+01
  0.1398E+00  0.2494E+01  0.1182E+01  0.2530E+01  0.2530E+01
  0.1405E+00  0.1307E+01  0.1180E+01  0.2229E+01  0.2229E+01
  0.1413E+00  0.1710E+01  0.1182E+01  0.1951E+01  0.1951E+01
  0.1421E+00  0.1364E+01  0.1178E+01  0.1698E+01  0.1698E+01
  0.1428E+00 -0.5550E+00  0.1161E+01  0.1470E+01  0.1470E+01
  0.1436E+00  0.1590E+00  0.1176E+01  0.1267E+01  0.1267E+01
  0.1443E+00  0.5760E+00  0.1159E+01  0.1090E+01  0.1090E+01
  0.1451E+00  0.1147E+01  0.1171E+01  0.9374E+00  0.9374E+00
  0.1459E+00  0.1934E+01  0.1184E+01  0.8095E+00  0.8095E+00
  0.1466E+00  0.1723E+01  0.1160E+01  0.7055E+00  0.7055E+00
  0.1474E+00  0.1560E+00  0.1167E+01  0.6236E+00  0.6236E+00
  0.1482E+00 -0.7904E-01  0.1138E+01  0.5626E+00  0.5626E+00
  0.1489E+00 -0.1396E+01  0.1152E+01  0.5209E+00  0.5209E+00
  0.1497E+00 -0.1960E+00  0.1143E+01  0.4963E+00  0.4963E+00
  0.1504E+00  0.1944E+01  0.1142E+01  0.4865E+00  0.4865E+00
  0.1512E+00  0.3406E+01  0.1167E+01  0.4888E+00  0.4888E+00
  0.1520E+00  0.1708E+01  0.1145E+01  0.5019E+00  0.5019E+00
  0.1527E+00  0.4102E-01  0.1189E+01  0.5219E+00  0.5219E+00
  0.1535E+00 -0.4620E+00  0.1162E+01  0.5466E+00  0.5466E+00
  0.1543E+00  0.1162E+01  0.1178E+01  0.5733E+00  0.5733E+00
  0.1550E+00  0.1534E+01  0.1183E+01  0.5996E+00  0.5996E+00
  0.1558E+00 -0.1710E+01  0.1185E+01  0.6230E+00  0.6230E+00
  0.1565E+00 -0.1200E+01  0.1191E+01  0.6414E+00  0.6414E+00
  0.1573E+00 -0.1316E+01  0.1171E+01  0.6527E+00  0.6527E+00
  0.1581E+00  0.1553E+01  0.1188E+01  0.6561E+00  0.6561E+00
  0.1588E+00  0.4285E+01  0.1185E+01  0.6487E+00  0.6487E+00
  0.1596E+00  0.1851E+01  0.1144E+01  0.6295E+00  0.6295E+00
  0.1604E+00 -0.6799E-01  0.1143E+01  0.5993E+00  0.5993E+00
  0.1611E+00  0.1420E+00  0.1147E+01  0.5570E+00  0.5570E+00
  0.1619E+00 -0.8972E-02  0.1144E+01  0.5027E+00  0.5027E+00
  0.1627E+00  0.1117E+01  0.1128E+01  0.4366E+00  0.4366E+00
  0.1634E+00  0.1331E+00  0.1146E+01  0.3596E+00  0.3596E+00
  0.1642E+00  0.3601E-01  0.1158E+01  0.2728E+00  0.2728E+00
  0.1649E+00 -0.9620E+00  0.1154E+01  0.1771E+00  0.1771E+00

           Distance distribution  function of particle  


       R          P(R)      ERROR

  0.0000E+00  0.0000E+00  0.0000E+00
  0.2672E+01  0.1724E-01  0.5070E-02
  0.5344E+01  0.7857E-01  0.6521E-02
  0.8016E+01  0.1783E+00  0.5056E-02
  0.1069E+02  0.3077E+00  0.1788E-02
  0.1336E+02  0.4556E+00  0.2619E-02
  0.1603E+02  0.6101E+00  0.6246E-02
  0.1870E+02  0.7590E+00  0.8608E-02
  0.2138E+02  0.8916E+00  0.9125E-02
  0.2405E+02  0.9990E+00  0.7705E-02
  0.2672E+02  0.1075E+01  0.4742E-02
  0.2939E+02  0.1118E+01  0.1792E-02
  0.3206E+02  0.1126E+01  0.4232E-02
  0.3474E+02  0.1103E+01  0.7481E-02
  0.3741E+02  0.1053E+01  0.9394E-02
  0.4008E+02  0.9824E+00  0.9484E-02
  0.4275E+02  0.8984E+00  0.7742E-02
  0.4542E+02  0.8072E+00  0.4683E-02
  0.4810E+02  0.7148E+00  0.2550E-02
  0.5077E+02  0.6261E+00  0.5272E-02
  0.5344E+02  0.5447E+00  0.8510E-02
  0.5611E+02  0.4727E+00  0.1044E-01
  0.5878E+02  0.4113E+00  0.1057E-01
  0.6146E+02  0.3604E+00  0.8905E-02
  0.6413E+02  0.3193E+00  0.6056E-02
  0.6680E+02  0.2869E+00  0.4092E-02
  0.6947E+02  0.2616E+00  0.6014E-02
  0.7214E+02  0.2421E+00  0.9103E-02
  0.7482E+02  0.2269E+00  0.1116E-01
  0.7749E+02  0.2148E+00  0.1151E-01
  0.8016E+02  0.2047E+00  0.1010E-01
  0.8283E+02  0.1960E+00  0.7515E-02
  0.8550E+02  0.1880E+00  0.5446E-02
  0.8818E+02  0.1804E+00  0.6428E-02
  0.9085E+02  0.1731E+00  0.9081E-02
  0.9352E+02  0.1661E+00  0.1105E-01
  0.9619E+02  0.1598E+00  0.1140E-01
  0.9886E+02  0.1544E+00  0.9970E-02
  0.1015E+03  0.1502E+00  0.7266E-02
  0.1042E+03  0.1476E+00  0.5085E-02
  0.1069E+03  0.1468E+00  0.6472E-02
  0.1096E+03  0.1475E+00  0.9726E-02
  0.1122E+03  0.1493E+00  0.1233E-01
  0.1149E+03  0.1517E+00  0.1336E-01
  0.1176E+03  0.1538E+00  0.1264E-01
  0.1202E+03  0.1546E+00  0.1058E-01
  0.1229E+03  0.1533E+00  0.8353E-02
  0.1256E+03  0.1493E+00  0.7829E-02
  0.1283E+03  0.1424E+00  0.9437E-02
  0.1309E+03  0.1329E+00  0.1139E-01
  0.1336E+03  0.1215E+00  0.1235E-01
  0.1363E+03  0.1094E+00  0.1194E-01
  0.1389E+03  0.9806E-01  0.1056E-01
  0.1416E+03  0.8890E-01  0.9395E-02
  0.1443E+03  0.8320E-01  0.9775E-02
  0.1470E+03  0.8176E-01  0.1153E-01
  0.1496E+03  0.8473E-01  0.1329E-01
  0.1523E+03  0.9159E-01  0.1400E-01
  0.1550E+03  0.1011E+00  0.1336E-01
  0.1576E+03  0.1116E+00  0.1172E-01
  0.1603E+03  0.1212E+00  0.1017E-01
  0.1630E+03  0.1279E+00  0.1008E-01
  0.1657E+03  0.1303E+00  0.1154E-01
  0.1683E+03  0.1276E+00  0.1322E-01
  0.1710E+03  0.1198E+00  0.1402E-01
  0.1737E+03  0.1078E+00  0.1366E-01
  0.1764E+03  0.9341E-01  0.1261E-01
  0.1790E+03  0.7861E-01  0.1204E-01
  0.1817E+03  0.6572E-01  0.1296E-01
  0.1844E+03  0.5673E-01  0.1499E-01
  0.1870E+03  0.5303E-01  0.1691E-01
  0.1897E+03  0.5516E-01  0.1778E-01
  0.1924E+03  0.6265E-01  0.1731E-01
  0.1951E+03  0.7416E-01  0.1588E-01
  0.1977E+03  0.8766E-01  0.1445E-01
  0.2004E+03  0.1008E+00  0.1412E-01
  0.2031E+03  0.1113E+00  0.1497E-01
  0.2057E+03  0.1173E+00  0.1600E-01
  0.2084E+03  0.1180E+00  0.1616E-01
  0.2111E+03  0.1134E+00  0.1511E-01
  0.2138E+03  0.1043E+00  0.1339E-01
  0.2164E+03  0.9266E-01  0.1249E-01
  0.2191E+03  0.8050E-01  0.1369E-01
  0.2218E+03  0.6993E-01  0.1630E-01
  0.2244E+03  0.6260E-01  0.1858E-01
  0.2271E+03  0.5934E-01  0.1937E-01
  0.2298E+03  0.5998E-01  0.1836E-01
  0.2325E+03  0.6339E-01  0.1617E-01
  0.2351E+03  0.6773E-01  0.1455E-01
  0.2378E+03  0.7084E-01  0.1540E-01
  0.2405E+03  0.7073E-01  0.1823E-01
  0.2432E+03  0.6614E-01  0.2079E-01
  0.2458E+03  0.5686E-01  0.2132E-01
  0.2485E+03  0.4390E-01  0.1923E-01
  0.2512E+03  0.2936E-01  0.1567E-01
  0.2538E+03  0.1595E-01  0.1499E-01
  0.2565E+03  0.6247E-02  0.2041E-01
  0.2592E+03  0.1799E-02  0.2738E-01
  0.2619E+03  0.2111E-02  0.3004E-01
  0.2645E+03  0.3803E-02  0.2289E-01
  0.2672E+03  0.0000E+00  0.0000E+00
          Reciprocal space: Rg =   63.95     , I(0) =   0.8146E+03
     Real space: Rg =   65.16 +- 1.735  I(0) =   0.8148E+03 +-  0.1202E+02
