
           ####    G N O M   ---   Version 4.5a revised 09/02/02     ####

                                                  Sun Nov  5 11:57:55 2017
           ===    Run No   1   ===
 Run title:  0.0003414 0 0


  Number of points omitted at the end:         321
 Standard deviations are estimated by polynomial smoothing

   *******   Working Directory :
   *******    Input file(s) : 24648_01D_S510_0_03.sub
           Condition P(rmin) = 0 is used. 
           Condition P(rmax) = 0 is used. 

          Experimental conditions for the first run
          -----------------------------------------

          Highest ALPHA is found to be   0.2253E+03

  The measure of inconsistency AN1 equals to    0.1115E+01

          Warning: using the chosen range in the real space 
             it is not possible to fit the data set within the
             given error band. 
     Alpha    Discrp  Oscill  Stabil  Sysdev  Positv  Valcen    Total   
  0.2253E+06 79.3321  1.1382  0.9128  0.2694  1.0000  0.8693  0.00001
  0.4507E+05 61.8242  1.1282  0.7011  0.0245  1.0000  0.8731  0.00001
  0.9014E+04 33.0778  1.1111  0.3484  0.0163  1.0000  0.8846  0.00001
  0.1803E+04 14.2432  1.1643  0.1259  0.0163  1.0000  0.8980  0.00001
  0.3606E+03  5.1431  1.3078  0.0606  0.1469  1.0000  0.9019  0.00001
  0.7211E+02  2.1784  1.3983  0.0251  0.3347  1.0000  0.9018  0.42534
  0.1442E+02  1.7125  1.4370  0.0139  0.4816  1.0000  0.9007  0.10000
  0.2884E+01  1.6137  1.4847  0.0189  0.5469  1.0000  0.8996  0.10000
  0.5769E+00  1.5527  1.6325  0.0453  0.4980  1.0000  0.8992  0.10000
  0.1154E+00  1.4756  2.3376  0.0872  0.4816  0.9999  0.8965  0.10000
  0.2308E-01  1.4233  3.6027  0.1146  0.4898  0.9971  0.8816  0.10000
  0.4615E-02  1.3807  6.4987  0.3804  0.5388  0.9793  0.8208  0.10000
  0.9230E-03  1.3178 10.3792  0.3680  0.6286  0.9072  0.5704  0.10000
  0.1846E-03  1.2828 13.0951  0.5373  0.5469  0.8356  0.4208  0.10000
  0.3692E-04  1.2376 13.6928  0.8662  0.5796  0.7757  0.3461  0.10000
  0.7384E-05  1.1568 12.6855  0.4809  0.5796  0.7324  0.3498  0.10000
  0.1477E-05  1.1166 13.3509  0.2412  0.6367  0.7220  0.3517  0.10000
  0.2954E-06  1.1014 16.0820  0.7867  0.6367  0.7167  0.3637  0.10000
  0.5907E-07  1.0722 14.5800  0.6631  0.6367  0.7129  0.3244  0.10000
  0.1181E-07  1.0477 14.5620  0.2867  0.5306  0.7107  0.3276  0.10000
  0.2363E-08  1.0376 17.5780  0.7632  0.5306  0.7068  0.3168  0.10000
  0.4726E-09  1.0149 16.5653  0.8565  0.5796  0.6912  0.3355  0.10000
  0.9452E-10  0.9654 17.3708  0.5714  0.5714  0.6942  0.3929  0.10000
  0.1890E-10  0.8855 22.6442  0.5989  0.5551  0.6982  0.3733  0.10000
  0.3781E-11  0.7336 29.4765  0.5161  0.6367  0.6882  0.3058  0.10000
  0.7561E-12  0.5155 36.7646  0.4182  0.7347  0.6752  0.2900  0.10000
  0.1512E-12  0.2882 42.8234  0.3381  0.7837  0.6583  0.3163  0.10000
  0.3025E-13  0.1065 46.5276  0.1683  0.7673  0.6396  0.2774  0.10000
  0.6049E-14  0.0264 47.8456  0.0465  0.7837  0.6284  0.2558  0.10000
  0.1210E-14  0.0056 48.1586  0.0101  0.7673  0.6252  0.2520  0.10000
  0.2420E-15  0.0011 48.2241  0.0020  0.7673  0.6245  0.2516  0.10000

          ***  Golden section search to maximize estimate ***
     Alpha    Discrp  Oscill  Stabil  Sysdev  Positv  Valcen    Total   
  0.1333E+03  2.8143  1.3725  0.0353  0.3184  1.0000  0.9020  0.00001
  0.2035E+00  1.5040  1.9878  0.0790  0.4980  1.0000  0.8984  0.10000
  0.9120E+02  2.3696  1.3895  0.0286  0.3184  1.0000  0.9019  0.43045
  0.1054E+03  2.5176  1.3835  0.0310  0.2857  1.0000  0.9020  0.00010
  0.8337E+02  2.2900  1.3930  0.0272  0.3347  1.0000  0.9019  0.42850
  0.9639E+02  2.4232  1.3873  0.0295  0.3184  1.0000  0.9019  0.43164
  0.9975E+02  2.4581  1.3859  0.0301  0.3020  1.0000  0.9019  0.43236
  0.1019E+03  2.4804  1.3850  0.0304  0.3020  1.0000  0.9019  0.43281
  0.1032E+03  2.4945  1.3844  0.0306  0.2857  1.0000  0.9020  0.43308
  0.1041E+03  2.5032  1.3840  0.0308  0.2857  1.0000  0.9020  0.43324
  0.1046E+03  2.5087  1.3838  0.0309  0.2857  1.0000  0.9020  0.43335
  0.1049E+03  2.5121  1.3837  0.0309  0.2857  1.0000  0.9020  0.43341
  0.1049E+03  2.5121  1.3837  0.0309  0.2857  1.0000  0.9020  0.43341



             ####            Final results            ####

 Parameter    DISCRP    OSCILL    STABIL    SYSDEV    POSITV    VALCEN
 Weight        1.000     3.000     3.000     4.000     1.000     1.000
 Sigma         0.500     0.600     0.120     0.200     0.120     0.120
 Ideal         1.000     1.100     0.000     1.000     1.000     0.950
 Current       2.512     1.384     0.031     0.286     1.000     0.902
                - - - - - - - - - - - - - - - - - - - - - - - - - 
 Estimate      0.000     0.800     0.936     0.000     1.000     0.852

  Angular   range    :     from    0.0068   to    0.2346
  Real space range   :     from      0.00   to     98.57

  Highest ALPHA (theor) :   0.225E+06                 JOB = 0
  Current ALPHA         :   0.105E+03   Rg :  0.312E+02   I(0) :   0.135E+04

           Total  estimate : 0.433  which is  A SUSPICIOUS  solution

      S          J EXP       ERROR       J REG       I REG

  0.0000E+00                                      0.1351E+04
  0.9785E-03                                      0.1350E+04
  0.1957E-02                                      0.1349E+04
  0.2936E-02                                      0.1347E+04
  0.3914E-02                                      0.1344E+04
  0.4893E-02                                      0.1340E+04
  0.5871E-02                                      0.1336E+04
  0.6850E-02  0.9044E+03  0.2091E+03  0.1330E+04  0.1330E+04
  0.7779E-02  0.1186E+04  0.8676E+02  0.1324E+04  0.1324E+04
  0.8709E-02  0.1522E+04  0.5718E+02  0.1318E+04  0.1318E+04
  0.9639E-02  0.1477E+04  0.3360E+02  0.1311E+04  0.1311E+04
  0.1057E-01  0.1456E+04  0.2696E+02  0.1303E+04  0.1303E+04
  0.1150E-01  0.1442E+04  0.2147E+02  0.1294E+04  0.1294E+04
  0.1243E-01  0.1377E+04  0.1920E+02  0.1285E+04  0.1285E+04
  0.1336E-01  0.1350E+04  0.1530E+02  0.1275E+04  0.1275E+04
  0.1429E-01  0.1347E+04  0.1213E+02  0.1264E+04  0.1264E+04
  0.1522E-01  0.1335E+04  0.1107E+02  0.1253E+04  0.1253E+04
  0.1615E-01  0.1313E+04  0.9746E+01  0.1242E+04  0.1242E+04
  0.1708E-01  0.1287E+04  0.9441E+01  0.1229E+04  0.1229E+04
  0.1801E-01  0.1267E+04  0.8458E+01  0.1217E+04  0.1217E+04
  0.1894E-01  0.1240E+04  0.8677E+01  0.1203E+04  0.1203E+04
  0.1987E-01  0.1220E+04  0.7948E+01  0.1190E+04  0.1190E+04
  0.2080E-01  0.1184E+04  0.7977E+01  0.1175E+04  0.1175E+04
  0.2173E-01  0.1187E+04  0.8309E+01  0.1161E+04  0.1161E+04
  0.2266E-01  0.1165E+04  0.7444E+01  0.1146E+04  0.1146E+04
  0.2359E-01  0.1146E+04  0.7326E+01  0.1130E+04  0.1130E+04
  0.2451E-01  0.1116E+04  0.6623E+01  0.1114E+04  0.1114E+04
  0.2544E-01  0.1097E+04  0.6794E+01  0.1098E+04  0.1098E+04
  0.2637E-01  0.1076E+04  0.6275E+01  0.1081E+04  0.1081E+04
  0.2730E-01  0.1047E+04  0.5892E+01  0.1065E+04  0.1065E+04
  0.2823E-01  0.1033E+04  0.5987E+01  0.1048E+04  0.1048E+04
  0.2916E-01  0.1018E+04  0.5555E+01  0.1030E+04  0.1030E+04
  0.3009E-01  0.1005E+04  0.5523E+01  0.1013E+04  0.1013E+04
  0.3102E-01  0.9917E+03  0.5286E+01  0.9950E+03  0.9950E+03
  0.3195E-01  0.9583E+03  0.5413E+01  0.9771E+03  0.9771E+03
  0.3288E-01  0.9426E+03  0.5392E+01  0.9591E+03  0.9591E+03
  0.3381E-01  0.9356E+03  0.5158E+01  0.9409E+03  0.9409E+03
  0.3474E-01  0.9132E+03  0.5190E+01  0.9227E+03  0.9227E+03
  0.3567E-01  0.8909E+03  0.5035E+01  0.9044E+03  0.9044E+03
  0.3660E-01  0.8752E+03  0.5035E+01  0.8861E+03  0.8861E+03
  0.3753E-01  0.8523E+03  0.4894E+01  0.8678E+03  0.8678E+03
  0.3846E-01  0.8365E+03  0.4642E+01  0.8494E+03  0.8494E+03
  0.3939E-01  0.8294E+03  0.4634E+01  0.8311E+03  0.8311E+03
  0.4032E-01  0.8101E+03  0.4456E+01  0.8129E+03  0.8129E+03
  0.4125E-01  0.7888E+03  0.4580E+01  0.7947E+03  0.7947E+03
  0.4218E-01  0.7720E+03  0.4283E+01  0.7766E+03  0.7766E+03
  0.4311E-01  0.7511E+03  0.4020E+01  0.7586E+03  0.7586E+03
  0.4404E-01  0.7381E+03  0.4344E+01  0.7408E+03  0.7408E+03
  0.4497E-01  0.7221E+03  0.4137E+01  0.7230E+03  0.7230E+03
  0.4590E-01  0.6998E+03  0.4149E+01  0.7055E+03  0.7055E+03
  0.4683E-01  0.6836E+03  0.4051E+01  0.6881E+03  0.6881E+03
  0.4776E-01  0.6649E+03  0.4110E+01  0.6709E+03  0.6709E+03
  0.4869E-01  0.6469E+03  0.4247E+01  0.6539E+03  0.6539E+03
  0.4962E-01  0.6352E+03  0.3841E+01  0.6371E+03  0.6371E+03
  0.5055E-01  0.6292E+03  0.3874E+01  0.6206E+03  0.6206E+03
  0.5148E-01  0.6111E+03  0.3716E+01  0.6043E+03  0.6043E+03
  0.5241E-01  0.6015E+03  0.3590E+01  0.5882E+03  0.5882E+03
  0.5334E-01  0.5822E+03  0.3658E+01  0.5724E+03  0.5724E+03
  0.5427E-01  0.5661E+03  0.3621E+01  0.5568E+03  0.5568E+03
  0.5520E-01  0.5513E+03  0.3593E+01  0.5416E+03  0.5416E+03
  0.5613E-01  0.5321E+03  0.3432E+01  0.5266E+03  0.5266E+03
  0.5706E-01  0.5221E+03  0.3566E+01  0.5119E+03  0.5119E+03
  0.5799E-01  0.5226E+03  0.3480E+01  0.4974E+03  0.4974E+03
  0.5892E-01  0.5003E+03  0.3329E+01  0.4833E+03  0.4833E+03
  0.5985E-01  0.4815E+03  0.3384E+01  0.4695E+03  0.4695E+03
  0.6078E-01  0.4666E+03  0.3275E+01  0.4559E+03  0.4559E+03
  0.6170E-01  0.4538E+03  0.3344E+01  0.4427E+03  0.4427E+03
  0.6263E-01  0.4459E+03  0.3151E+01  0.4297E+03  0.4297E+03
  0.6356E-01  0.4383E+03  0.3144E+01  0.4171E+03  0.4171E+03
  0.6449E-01  0.4231E+03  0.3185E+01  0.4047E+03  0.4047E+03
  0.6542E-01  0.4104E+03  0.3071E+01  0.3926E+03  0.3926E+03
  0.6635E-01  0.3999E+03  0.3130E+01  0.3809E+03  0.3809E+03
  0.6728E-01  0.3840E+03  0.2958E+01  0.3694E+03  0.3694E+03
  0.6821E-01  0.3744E+03  0.3039E+01  0.3582E+03  0.3582E+03
  0.6914E-01  0.3653E+03  0.3060E+01  0.3473E+03  0.3473E+03
  0.7007E-01  0.3543E+03  0.2986E+01  0.3367E+03  0.3367E+03
  0.7100E-01  0.3401E+03  0.3004E+01  0.3264E+03  0.3264E+03
  0.7193E-01  0.3264E+03  0.2852E+01  0.3163E+03  0.3163E+03
  0.7286E-01  0.3186E+03  0.2990E+01  0.3065E+03  0.3065E+03
  0.7379E-01  0.3015E+03  0.2883E+01  0.2970E+03  0.2970E+03
  0.7472E-01  0.2945E+03  0.2824E+01  0.2877E+03  0.2877E+03
  0.7565E-01  0.2946E+03  0.2857E+01  0.2787E+03  0.2787E+03
  0.7658E-01  0.2835E+03  0.2731E+01  0.2699E+03  0.2699E+03
  0.7751E-01  0.2694E+03  0.2748E+01  0.2614E+03  0.2614E+03
  0.7844E-01  0.2653E+03  0.2660E+01  0.2531E+03  0.2531E+03
  0.7937E-01  0.2579E+03  0.2635E+01  0.2450E+03  0.2450E+03
  0.8030E-01  0.2480E+03  0.2706E+01  0.2372E+03  0.2372E+03
  0.8123E-01  0.2365E+03  0.2639E+01  0.2296E+03  0.2296E+03
  0.8216E-01  0.2234E+03  0.2646E+01  0.2221E+03  0.2221E+03
  0.8309E-01  0.2151E+03  0.2620E+01  0.2149E+03  0.2149E+03
  0.8402E-01  0.2110E+03  0.2564E+01  0.2079E+03  0.2079E+03
  0.8495E-01  0.2071E+03  0.2594E+01  0.2011E+03  0.2011E+03
  0.8588E-01  0.1997E+03  0.2496E+01  0.1945E+03  0.1945E+03
  0.8681E-01  0.1936E+03  0.2510E+01  0.1880E+03  0.1880E+03
  0.8774E-01  0.1881E+03  0.2492E+01  0.1817E+03  0.1817E+03
  0.8867E-01  0.1815E+03  0.2489E+01  0.1756E+03  0.1756E+03
  0.8960E-01  0.1748E+03  0.2520E+01  0.1697E+03  0.1697E+03
  0.9053E-01  0.1675E+03  0.2520E+01  0.1639E+03  0.1639E+03
  0.9146E-01  0.1645E+03  0.2440E+01  0.1583E+03  0.1583E+03
  0.9239E-01  0.1609E+03  0.2352E+01  0.1529E+03  0.1529E+03
  0.9332E-01  0.1537E+03  0.2416E+01  0.1475E+03  0.1475E+03
  0.9425E-01  0.1415E+03  0.2362E+01  0.1424E+03  0.1424E+03
  0.9518E-01  0.1383E+03  0.2340E+01  0.1373E+03  0.1373E+03
  0.9611E-01  0.1323E+03  0.2356E+01  0.1324E+03  0.1324E+03
  0.9704E-01  0.1242E+03  0.2343E+01  0.1277E+03  0.1277E+03
  0.9797E-01  0.1198E+03  0.2313E+01  0.1230E+03  0.1230E+03
  0.9890E-01  0.1194E+03  0.2281E+01  0.1185E+03  0.1185E+03
  0.9982E-01  0.1139E+03  0.2293E+01  0.1141E+03  0.1141E+03
  0.1008E+00  0.1105E+03  0.2227E+01  0.1098E+03  0.1098E+03
  0.1017E+00  0.1021E+03  0.2206E+01  0.1057E+03  0.1057E+03
  0.1026E+00  0.1001E+03  0.2223E+01  0.1016E+03  0.1016E+03
  0.1035E+00  0.9698E+02  0.2155E+01  0.9769E+02  0.9769E+02
  0.1045E+00  0.9001E+02  0.2187E+01  0.9386E+02  0.9386E+02
  0.1054E+00  0.8611E+02  0.2144E+01  0.9015E+02  0.9015E+02
  0.1063E+00  0.8229E+02  0.2148E+01  0.8654E+02  0.8654E+02
  0.1073E+00  0.7795E+02  0.2134E+01  0.8303E+02  0.8303E+02
  0.1082E+00  0.6970E+02  0.2181E+01  0.7963E+02  0.7963E+02
  0.1091E+00  0.7041E+02  0.2193E+01  0.7633E+02  0.7633E+02
  0.1101E+00  0.7106E+02  0.2066E+01  0.7313E+02  0.7313E+02
  0.1110E+00  0.6579E+02  0.2099E+01  0.7002E+02  0.7002E+02
  0.1119E+00  0.6239E+02  0.2111E+01  0.6702E+02  0.6702E+02
  0.1128E+00  0.5602E+02  0.2094E+01  0.6411E+02  0.6411E+02
  0.1138E+00  0.5116E+02  0.2052E+01  0.6129E+02  0.6129E+02
  0.1147E+00  0.4690E+02  0.2000E+01  0.5857E+02  0.5857E+02
  0.1156E+00  0.4657E+02  0.2063E+01  0.5594E+02  0.5594E+02
  0.1166E+00  0.4824E+02  0.2019E+01  0.5340E+02  0.5340E+02
  0.1175E+00  0.4575E+02  0.2005E+01  0.5095E+02  0.5095E+02
  0.1184E+00  0.4194E+02  0.1976E+01  0.4859E+02  0.4859E+02
  0.1193E+00  0.3963E+02  0.1973E+01  0.4632E+02  0.4632E+02
  0.1203E+00  0.3874E+02  0.2023E+01  0.4414E+02  0.4414E+02
  0.1212E+00  0.4010E+02  0.1967E+01  0.4204E+02  0.4204E+02
  0.1221E+00  0.4124E+02  0.1969E+01  0.4003E+02  0.4003E+02
  0.1231E+00  0.3569E+02  0.1950E+01  0.3809E+02  0.3809E+02
  0.1240E+00  0.3143E+02  0.1958E+01  0.3625E+02  0.3625E+02
  0.1249E+00  0.2650E+02  0.1970E+01  0.3448E+02  0.3448E+02
  0.1259E+00  0.2955E+02  0.1933E+01  0.3279E+02  0.3279E+02
  0.1268E+00  0.2868E+02  0.1917E+01  0.3117E+02  0.3117E+02
  0.1277E+00  0.2634E+02  0.1917E+01  0.2964E+02  0.2964E+02
  0.1286E+00  0.2615E+02  0.1970E+01  0.2817E+02  0.2817E+02
  0.1296E+00  0.2435E+02  0.1944E+01  0.2678E+02  0.2678E+02
  0.1305E+00  0.2278E+02  0.1878E+01  0.2546E+02  0.2546E+02
  0.1314E+00  0.2002E+02  0.1949E+01  0.2421E+02  0.2421E+02
  0.1324E+00  0.1760E+02  0.1907E+01  0.2303E+02  0.2303E+02
  0.1333E+00  0.2164E+02  0.1890E+01  0.2191E+02  0.2191E+02
  0.1342E+00  0.1804E+02  0.1886E+01  0.2086E+02  0.2086E+02
  0.1352E+00  0.1429E+02  0.1860E+01  0.1986E+02  0.1986E+02
  0.1361E+00  0.1658E+02  0.1924E+01  0.1893E+02  0.1893E+02
  0.1370E+00  0.1337E+02  0.1866E+01  0.1805E+02  0.1805E+02
  0.1379E+00  0.1037E+02  0.1916E+01  0.1723E+02  0.1723E+02
  0.1389E+00  0.9720E+01  0.1855E+01  0.1645E+02  0.1645E+02
  0.1398E+00  0.1060E+02  0.1867E+01  0.1573E+02  0.1573E+02
  0.1407E+00  0.1118E+02  0.1860E+01  0.1506E+02  0.1506E+02
  0.1417E+00  0.9302E+01  0.1780E+01  0.1443E+02  0.1443E+02
  0.1426E+00  0.6354E+01  0.1793E+01  0.1384E+02  0.1384E+02
  0.1435E+00  0.8271E+01  0.2199E+01  0.1330E+02  0.1330E+02
  0.1445E+00  0.9757E+01  0.1929E+01  0.1279E+02  0.1279E+02
  0.1454E+00  0.9678E+01  0.1801E+01  0.1232E+02  0.1232E+02
  0.1463E+00  0.8008E+01  0.1848E+01  0.1189E+02  0.1189E+02
  0.1472E+00  0.8756E+01  0.1832E+01  0.1149E+02  0.1149E+02
  0.1482E+00  0.8434E+01  0.1792E+01  0.1111E+02  0.1111E+02
  0.1491E+00  0.7036E+01  0.1825E+01  0.1076E+02  0.1076E+02
  0.1500E+00  0.4114E+01  0.1822E+01  0.1044E+02  0.1044E+02
  0.1510E+00  0.4334E+01  0.1828E+01  0.1014E+02  0.1014E+02
  0.1519E+00  0.6739E+01  0.1817E+01  0.9868E+01  0.9868E+01
  0.1528E+00  0.1032E+02  0.1807E+01  0.9610E+01  0.9610E+01
  0.1538E+00  0.6569E+01  0.1787E+01  0.9370E+01  0.9370E+01
  0.1547E+00  0.4458E+01  0.1774E+01  0.9146E+01  0.9146E+01
  0.1556E+00  0.1981E+01  0.1796E+01  0.8936E+01  0.8936E+01
  0.1565E+00  0.4423E+01  0.1800E+01  0.8737E+01  0.8737E+01
  0.1575E+00  0.4941E+01  0.1737E+01  0.8550E+01  0.8550E+01
  0.1584E+00  0.4360E+01  0.1737E+01  0.8372E+01  0.8372E+01
  0.1593E+00  0.5878E+01  0.1728E+01  0.8202E+01  0.8202E+01
  0.1603E+00  0.6751E+01  0.1734E+01  0.8039E+01  0.8039E+01
  0.1612E+00  0.4723E+01  0.1719E+01  0.7882E+01  0.7882E+01
  0.1621E+00  0.3172E+01  0.1721E+01  0.7728E+01  0.7728E+01
  0.1630E+00  0.6894E+01  0.1715E+01  0.7579E+01  0.7579E+01
  0.1640E+00  0.6859E+01  0.1758E+01  0.7431E+01  0.7431E+01
  0.1649E+00  0.7025E+01  0.1707E+01  0.7286E+01  0.7286E+01
  0.1658E+00  0.4412E+01  0.1698E+01  0.7142E+01  0.7142E+01
  0.1668E+00  0.1948E+01  0.1716E+01  0.6998E+01  0.6998E+01
  0.1677E+00  0.1959E+01  0.1738E+01  0.6854E+01  0.6854E+01
  0.1686E+00  0.5115E+01  0.1712E+01  0.6710E+01  0.6710E+01
  0.1696E+00  0.4593E+01  0.1745E+01  0.6564E+01  0.6564E+01
  0.1705E+00  0.1728E+01  0.1694E+01  0.6418E+01  0.6418E+01
  0.1714E+00  0.6880E+00  0.1758E+01  0.6270E+01  0.6270E+01
  0.1723E+00  0.2696E+01  0.1732E+01  0.6121E+01  0.6121E+01
  0.1733E+00  0.5061E+01  0.1699E+01  0.5971E+01  0.5971E+01
  0.1742E+00  0.7218E+01  0.1710E+01  0.5819E+01  0.5819E+01
  0.1751E+00  0.1887E+01  0.1652E+01  0.5666E+01  0.5666E+01
  0.1761E+00  0.1091E+01  0.1679E+01  0.5511E+01  0.5511E+01
  0.1770E+00  0.7069E+01  0.1631E+01  0.5356E+01  0.5356E+01
  0.1779E+00  0.5983E+01  0.1644E+01  0.5200E+01  0.5200E+01
  0.1789E+00  0.6139E+01  0.1624E+01  0.5043E+01  0.5043E+01
  0.1798E+00  0.7199E+01  0.1607E+01  0.4886E+01  0.4886E+01
  0.1807E+00  0.5081E+01  0.1645E+01  0.4729E+01  0.4729E+01
  0.1816E+00  0.1263E+01  0.1637E+01  0.4572E+01  0.4572E+01
  0.1826E+00  0.4081E+01  0.1650E+01  0.4417E+01  0.4417E+01
  0.1835E+00  0.3519E+01  0.1655E+01  0.4262E+01  0.4262E+01
  0.1844E+00  0.3882E+01  0.1620E+01  0.4109E+01  0.4109E+01
  0.1854E+00  0.5144E+01  0.1654E+01  0.3958E+01  0.3958E+01
  0.1863E+00  0.2874E+01  0.1629E+01  0.3810E+01  0.3810E+01
  0.1872E+00  0.4032E+01  0.1620E+01  0.3664E+01  0.3664E+01
  0.1882E+00  0.3599E+01  0.1578E+01  0.3522E+01  0.3522E+01
  0.1891E+00  0.4361E+01  0.1557E+01  0.3383E+01  0.3383E+01
  0.1900E+00  0.3450E+01  0.1582E+01  0.3248E+01  0.3248E+01
  0.1909E+00  0.3900E+01  0.1555E+01  0.3117E+01  0.3117E+01
  0.1919E+00  0.2638E+01  0.1592E+01  0.2992E+01  0.2992E+01
  0.1928E+00 -0.9790E+00  0.1591E+01  0.2870E+01  0.2870E+01
  0.1937E+00  0.1981E+01  0.1581E+01  0.2755E+01  0.2755E+01
  0.1947E+00 -0.1733E+01  0.1594E+01  0.2644E+01  0.2644E+01
  0.1956E+00 -0.3810E+00  0.1592E+01  0.2539E+01  0.2539E+01
  0.1965E+00  0.5180E+00  0.1603E+01  0.2440E+01  0.2440E+01
  0.1974E+00  0.1920E+00  0.1582E+01  0.2347E+01  0.2347E+01
  0.1984E+00  0.3802E+01  0.1596E+01  0.2259E+01  0.2259E+01
  0.1993E+00  0.2463E+01  0.1593E+01  0.2178E+01  0.2178E+01
  0.2002E+00  0.2471E+01  0.1566E+01  0.2103E+01  0.2103E+01
  0.2012E+00  0.2971E+01  0.1581E+01  0.2034E+01  0.2034E+01
  0.2021E+00  0.3176E+01  0.1571E+01  0.1971E+01  0.1971E+01
  0.2030E+00  0.1330E+01  0.1564E+01  0.1915E+01  0.1915E+01
  0.2040E+00  0.3230E+00  0.1560E+01  0.1864E+01  0.1864E+01
  0.2049E+00  0.4461E+01  0.1554E+01  0.1818E+01  0.1818E+01
  0.2058E+00  0.3043E+01  0.1551E+01  0.1779E+01  0.1779E+01
  0.2067E+00  0.2207E+01  0.1554E+01  0.1744E+01  0.1744E+01
  0.2077E+00  0.2920E+00  0.1571E+01  0.1715E+01  0.1715E+01
  0.2086E+00  0.1829E+01  0.1539E+01  0.1691E+01  0.1691E+01
  0.2095E+00  0.1448E+01  0.1535E+01  0.1671E+01  0.1671E+01
  0.2105E+00  0.2353E+01  0.1537E+01  0.1656E+01  0.1656E+01
  0.2114E+00  0.4425E+01  0.1504E+01  0.1645E+01  0.1645E+01
  0.2123E+00  0.1648E+01  0.1505E+01  0.1637E+01  0.1637E+01
  0.2133E+00 -0.4949E+01  0.1465E+01  0.1633E+01  0.1633E+01
  0.2142E+00 -0.7030E+00  0.1496E+01  0.1631E+01  0.1631E+01
  0.2151E+00  0.2114E+01  0.1492E+01  0.1633E+01  0.1633E+01
  0.2160E+00  0.5075E+01  0.1517E+01  0.1637E+01  0.1637E+01
  0.2170E+00  0.4466E+01  0.1477E+01  0.1642E+01  0.1642E+01
  0.2179E+00  0.2066E+01  0.1467E+01  0.1650E+01  0.1650E+01
  0.2188E+00  0.3290E+00  0.1478E+01  0.1658E+01  0.1658E+01
  0.2198E+00 -0.4700E+00  0.1459E+01  0.1668E+01  0.1668E+01
  0.2207E+00 -0.1443E+01  0.1463E+01  0.1678E+01  0.1678E+01
  0.2216E+00  0.4010E+00  0.1448E+01  0.1688E+01  0.1688E+01
  0.2226E+00  0.9930E+00  0.1443E+01  0.1699E+01  0.1699E+01
  0.2235E+00  0.6920E+00  0.1469E+01  0.1709E+01  0.1709E+01
  0.2244E+00 -0.2368E+01  0.1417E+01  0.1718E+01  0.1718E+01
  0.2253E+00 -0.4310E+00  0.1438E+01  0.1726E+01  0.1726E+01
  0.2263E+00 -0.1480E+00  0.1458E+01  0.1733E+01  0.1733E+01
  0.2272E+00 -0.1051E+01  0.1465E+01  0.1739E+01  0.1739E+01
  0.2281E+00  0.6620E+00  0.1513E+01  0.1744E+01  0.1744E+01
  0.2291E+00  0.4350E+00  0.1484E+01  0.1746E+01  0.1746E+01
  0.2300E+00  0.2767E+01  0.1538E+01  0.1747E+01  0.1747E+01
  0.2309E+00 -0.6960E+00  0.1511E+01  0.1746E+01  0.1746E+01
  0.2319E+00  0.7390E+00  0.1514E+01  0.1742E+01  0.1742E+01
  0.2328E+00  0.6960E+00  0.1522E+01  0.1737E+01  0.1737E+01
  0.2337E+00  0.8470E+00  0.1498E+01  0.1729E+01  0.1729E+01
  0.2346E+00  0.1899E+01  0.1515E+01  0.1718E+01  0.1718E+01

           Distance distribution  function of particle  


       R          P(R)      ERROR

  0.0000E+00  0.0000E+00  0.0000E+00
  0.9857E+00  0.1258E-01  0.5494E-03
  0.1971E+01  0.3834E-01  0.9561E-03
  0.2957E+01  0.7703E-01  0.1228E-02
  0.3943E+01  0.1282E+00  0.1378E-02
  0.4928E+01  0.1912E+00  0.1425E-02
  0.5914E+01  0.2653E+00  0.1392E-02
  0.6900E+01  0.3496E+00  0.1311E-02
  0.7886E+01  0.4431E+00  0.1228E-02
  0.8871E+01  0.5446E+00  0.1191E-02
  0.9857E+01  0.6529E+00  0.1243E-02
  0.1084E+02  0.7667E+00  0.1389E-02
  0.1183E+02  0.8847E+00  0.1601E-02
  0.1281E+02  0.1005E+01  0.1843E-02
  0.1380E+02  0.1128E+01  0.2083E-02
  0.1479E+02  0.1250E+01  0.2300E-02
  0.1577E+02  0.1371E+01  0.2480E-02
  0.1676E+02  0.1490E+01  0.2615E-02
  0.1774E+02  0.1605E+01  0.2705E-02
  0.1873E+02  0.1716E+01  0.2751E-02
  0.1971E+02  0.1821E+01  0.2761E-02
  0.2070E+02  0.1920E+01  0.2745E-02
  0.2169E+02  0.2011E+01  0.2719E-02
  0.2267E+02  0.2094E+01  0.2696E-02
  0.2366E+02  0.2169E+01  0.2690E-02
  0.2464E+02  0.2235E+01  0.2711E-02
  0.2563E+02  0.2292E+01  0.2763E-02
  0.2661E+02  0.2340E+01  0.2844E-02
  0.2760E+02  0.2378E+01  0.2945E-02
  0.2859E+02  0.2407E+01  0.3057E-02
  0.2957E+02  0.2427E+01  0.3167E-02
  0.3056E+02  0.2438E+01  0.3265E-02
  0.3154E+02  0.2440E+01  0.3345E-02
  0.3253E+02  0.2434E+01  0.3401E-02
  0.3351E+02  0.2420E+01  0.3432E-02
  0.3450E+02  0.2399E+01  0.3439E-02
  0.3549E+02  0.2370E+01  0.3426E-02
  0.3647E+02  0.2335E+01  0.3397E-02
  0.3746E+02  0.2294E+01  0.3360E-02
  0.3844E+02  0.2247E+01  0.3321E-02
  0.3943E+02  0.2196E+01  0.3287E-02
  0.4041E+02  0.2141E+01  0.3264E-02
  0.4140E+02  0.2082E+01  0.3256E-02
  0.4239E+02  0.2019E+01  0.3266E-02
  0.4337E+02  0.1954E+01  0.3294E-02
  0.4436E+02  0.1888E+01  0.3341E-02
  0.4534E+02  0.1819E+01  0.3404E-02
  0.4633E+02  0.1750E+01  0.3482E-02
  0.4731E+02  0.1680E+01  0.3573E-02
  0.4830E+02  0.1610E+01  0.3677E-02
  0.4928E+02  0.1541E+01  0.3791E-02
  0.5027E+02  0.1472E+01  0.3913E-02
  0.5126E+02  0.1405E+01  0.4041E-02
  0.5224E+02  0.1339E+01  0.4173E-02
  0.5323E+02  0.1274E+01  0.4305E-02
  0.5421E+02  0.1212E+01  0.4433E-02
  0.5520E+02  0.1152E+01  0.4554E-02
  0.5618E+02  0.1095E+01  0.4663E-02
  0.5717E+02  0.1041E+01  0.4758E-02
  0.5816E+02  0.9887E+00  0.4836E-02
  0.5914E+02  0.9398E+00  0.4895E-02
  0.6013E+02  0.8936E+00  0.4937E-02
  0.6111E+02  0.8504E+00  0.4961E-02
  0.6210E+02  0.8101E+00  0.4970E-02
  0.6308E+02  0.7725E+00  0.4968E-02
  0.6407E+02  0.7377E+00  0.4959E-02
  0.6506E+02  0.7054E+00  0.4947E-02
  0.6604E+02  0.6756E+00  0.4937E-02
  0.6703E+02  0.6480E+00  0.4933E-02
  0.6801E+02  0.6226E+00  0.4937E-02
  0.6900E+02  0.5991E+00  0.4952E-02
  0.6998E+02  0.5773E+00  0.4976E-02
  0.7097E+02  0.5570E+00  0.5008E-02
  0.7196E+02  0.5381E+00  0.5047E-02
  0.7294E+02  0.5204E+00  0.5087E-02
  0.7393E+02  0.5036E+00  0.5125E-02
  0.7491E+02  0.4875E+00  0.5158E-02
  0.7590E+02  0.4721E+00  0.5181E-02
  0.7688E+02  0.4571E+00  0.5192E-02
  0.7787E+02  0.4424E+00  0.5188E-02
  0.7886E+02  0.4279E+00  0.5168E-02
  0.7984E+02  0.4133E+00  0.5131E-02
  0.8083E+02  0.3987E+00  0.5077E-02
  0.8181E+02  0.3838E+00  0.5006E-02
  0.8280E+02  0.3686E+00  0.4918E-02
  0.8378E+02  0.3530E+00  0.4815E-02
  0.8477E+02  0.3368E+00  0.4697E-02
  0.8576E+02  0.3200E+00  0.4564E-02
  0.8674E+02  0.3025E+00  0.4417E-02
  0.8773E+02  0.2842E+00  0.4253E-02
  0.8871E+02  0.2649E+00  0.4072E-02
  0.8970E+02  0.2447E+00  0.3868E-02
  0.9068E+02  0.2233E+00  0.3638E-02
  0.9167E+02  0.2007E+00  0.3376E-02
  0.9266E+02  0.1768E+00  0.3074E-02
  0.9364E+02  0.1515E+00  0.2725E-02
  0.9463E+02  0.1247E+00  0.2322E-02
  0.9561E+02  0.9618E-01  0.1855E-02
  0.9660E+02  0.6598E-01  0.1317E-02
  0.9758E+02  0.3394E-01  0.7005E-03
  0.9857E+02  0.0000E+00  0.0000E+00
          Reciprocal space: Rg =   31.17     , I(0) =   0.1351E+04
     Real space: Rg =   31.19 +- 0.041  I(0) =   0.1351E+04 +-  0.2058E+01
