
           ####    G N O M   ---   Version 4.5a revised 09/02/02     ####

                                                  Sun Nov  5 12:10:01 2017
           ===    Run No   1   ===
 Run title:  0.0217381 1944.97 10.3008


  Number of points omitted at the end:         240
   *******   Working Directory :
   *******    Input file(s) : 24648_01E_S282_0_01.sub
           Condition P(rmin) = 0 is used. 
           Condition P(rmax) = 0 is used. 

          Experimental conditions for the first run
          -----------------------------------------

          Highest ALPHA is found to be   0.2278E+03

  The measure of inconsistency AN1 equals to    0.1044E+01

          Warning: using the chosen range in the real space 
             it is not possible to fit the data set within the
             given error band. 
     Alpha    Discrp  Oscill  Stabil  Sysdev  Positv  Valcen    Total   
  0.2278E+06 78.2153  1.2395  0.9338  0.0000  1.0000  0.8445  0.00001
  0.4556E+05 64.0344  1.2325  0.7629  0.0000  1.0000  0.8467  0.00001
  0.9112E+04 35.2877  1.2115  0.4116  0.0413  1.0000  0.8547  0.00001
  0.1822E+04 14.8148  1.2082  0.1423  0.0413  1.0000  0.8689  0.00001
  0.3645E+03  6.9163  1.3170  0.0761  0.0620  1.0000  0.8806  0.00001
  0.7289E+02  3.0007  1.5004  0.0363  0.2791  1.0000  0.8870  0.00001
  0.1458E+02  1.4561  1.6500  0.0194  0.5375  1.0000  0.8854  0.40799
  0.2916E+01  0.9778  1.7734  0.0172  0.6408  1.0000  0.8820  0.10000
  0.5831E+00  0.8404  1.9062  0.0237  0.6925  1.0000  0.8798  0.10000
  0.1166E+00  0.7839  2.1287  0.0205  0.7132  1.0000  0.8778  0.10000
  0.2333E-01  0.7708  2.3347  0.0172  0.6822  1.0000  0.8766  0.10000
  0.4665E-02  0.7664  2.7249  0.0567  0.6925  0.9999  0.8758  0.10000
  0.9330E-03  0.7585  5.0217  0.1697  0.6925  0.9976  0.8644  0.10000
  0.1866E-03  0.7484 10.2041  0.2500  0.6977  0.9730  0.7988  0.10000
  0.3732E-04  0.7378 16.9752  0.6947  0.6770  0.8883  0.5802  0.10000
  0.7464E-05  0.7172 19.0708  0.5811  0.6718  0.7944  0.2983  0.10000
  0.1493E-05  0.7009 20.7588  0.4038  0.7028  0.7502  0.2590  0.10000
  0.2986E-06  0.6891 22.5520  0.8523  0.7132  0.7301  0.2568  0.10000
  0.5971E-07  0.6684 20.3609  0.5537  0.7028  0.7181  0.2717  0.10000
  0.1194E-07  0.6550 21.1690  0.3723  0.6977  0.7124  0.2770  0.10000
  0.2389E-08  0.6448 23.9977  0.8121  0.7080  0.6987  0.2532  0.10000
  0.4777E-09  0.6168 25.3545  0.6969  0.7390  0.6866  0.3248  0.10000
  0.9554E-10  0.5534 30.6123  0.5972  0.7442  0.6815  0.3618  0.10000
  0.1911E-10  0.4498 35.3450  0.5271  0.8062  0.6790  0.3250  0.10000
  0.3822E-11  0.3143 40.9438  0.4255  0.7959  0.6797  0.2441  0.10000
  0.7643E-12  0.1654 46.8866  0.3239  0.7855  0.7024  0.2158  0.10000
  0.1529E-12  0.0549 49.6979  0.1376  0.7804  0.7251  0.2314  0.10000
  0.3057E-13  0.0128 50.4413  0.0346  0.7700  0.7328  0.2399  0.10000
  0.6115E-14  0.0027 50.6002  0.0073  0.7804  0.7345  0.2416  0.10000
  0.1223E-14  0.0005 50.6324  0.0015  0.7804  0.7348  0.2419  0.10000
  0.2446E-15  0.0001 50.6389  0.0003  0.7804  0.7349  0.2419  0.10000

          ***  Golden section search to maximize estimate ***
     Alpha    Discrp  Oscill  Stabil  Sysdev  Positv  Valcen    Total   
  0.4985E+02  2.4698  1.5400  0.0293  0.3101  1.0000  0.8872  0.43537
  0.1066E+03  3.6715  1.4579  0.0450  0.2171  1.0000  0.8863  0.00001
  0.3117E+02  1.9763  1.5849  0.0235  0.4031  1.0000  0.8868  0.41809
  0.6664E+02  2.8634  1.5100  0.0345  0.3101  1.0000  0.8871  0.00001
  0.4167E+02  2.2620  1.5577  0.0267  0.3411  1.0000  0.8871  0.42873
  0.5570E+02  2.6113  1.5287  0.0311  0.3101  1.0000  0.8872  0.00003
  0.4655E+02  2.3874  1.5468  0.0283  0.3204  1.0000  0.8872  0.43288
  0.5201E+02  2.5226  1.5357  0.0300  0.3204  1.0000  0.8872  0.00009
  0.4856E+02  2.4378  1.5426  0.0289  0.3204  1.0000  0.8872  0.43443
  0.5066E+02  2.4898  1.5384  0.0296  0.3204  1.0000  0.8872  0.43595
  0.5117E+02  2.5022  1.5374  0.0297  0.3204  1.0000  0.8872  0.43630
  0.5149E+02  2.5100  1.5367  0.0298  0.3204  1.0000  0.8872  0.43652
  0.5169E+02  2.5148  1.5364  0.0299  0.3204  1.0000  0.8872  0.43666
  0.5181E+02  2.5178  1.5361  0.0299  0.3204  1.0000  0.8872  0.00010
  0.5169E+02  2.5148  1.5364  0.0299  0.3204  1.0000  0.8872  0.43666



             ####            Final results            ####

 Parameter    DISCRP    OSCILL    STABIL    SYSDEV    POSITV    VALCEN
 Weight        1.000     3.000     3.000     4.000     1.000     1.000
 Sigma         0.500     0.600     0.120     0.200     0.120     0.120
 Ideal         1.000     1.100     0.000     1.000     1.000     0.950
 Current       2.515     1.536     0.030     0.320     1.000     0.887
                - - - - - - - - - - - - - - - - - - - - - - - - - 
 Estimate      0.000     0.589     0.940     0.000     1.000     0.760

  Angular   range    :     from    0.0227   to    0.3824
  Real space range   :     from      0.00   to    102.60

  Highest ALPHA (theor) :   0.228E+06                 JOB = 0
  Current ALPHA         :   0.517E+02   Rg :  0.301E+02   I(0) :   0.219E+04

           Total  estimate : 0.437  which is  A SUSPICIOUS  solution

      S          J EXP       ERROR       J REG       I REG

  0.0000E+00                                      0.2187E+04
  0.9445E-03                                      0.2187E+04
  0.1889E-02                                      0.2185E+04
  0.2833E-02                                      0.2182E+04
  0.3778E-02                                      0.2178E+04
  0.4722E-02                                      0.2172E+04
  0.5667E-02                                      0.2166E+04
  0.6611E-02                                      0.2158E+04
  0.7556E-02                                      0.2150E+04
  0.8500E-02                                      0.2140E+04
  0.9445E-02                                      0.2129E+04
  0.1039E-01                                      0.2117E+04
  0.1133E-01                                      0.2103E+04
  0.1228E-01                                      0.2089E+04
  0.1322E-01                                      0.2074E+04
  0.1417E-01                                      0.2058E+04
  0.1511E-01                                      0.2041E+04
  0.1606E-01                                      0.2023E+04
  0.1700E-01                                      0.2004E+04
  0.1795E-01                                      0.1984E+04
  0.1889E-01                                      0.1964E+04
  0.1983E-01                                      0.1942E+04
  0.2078E-01                                      0.1920E+04
  0.2172E-01                                      0.1897E+04
  0.2267E-01  0.1905E+04  0.9546E+01  0.1874E+04  0.1874E+04
  0.2360E-01  0.1886E+04  0.9349E+01  0.1850E+04  0.1850E+04
  0.2453E-01  0.1847E+04  0.8512E+01  0.1826E+04  0.1826E+04
  0.2546E-01  0.1810E+04  0.8605E+01  0.1801E+04  0.1801E+04
  0.2639E-01  0.1798E+04  0.8775E+01  0.1776E+04  0.1776E+04
  0.2732E-01  0.1779E+04  0.8448E+01  0.1750E+04  0.1750E+04
  0.2825E-01  0.1740E+04  0.9104E+01  0.1724E+04  0.1724E+04
  0.2918E-01  0.1708E+04  0.8259E+01  0.1698E+04  0.1698E+04
  0.3010E-01  0.1693E+04  0.8419E+01  0.1671E+04  0.1671E+04
  0.3103E-01  0.1651E+04  0.8392E+01  0.1644E+04  0.1644E+04
  0.3196E-01  0.1617E+04  0.7784E+01  0.1616E+04  0.1616E+04
  0.3289E-01  0.1584E+04  0.7564E+01  0.1589E+04  0.1589E+04
  0.3382E-01  0.1558E+04  0.6777E+01  0.1561E+04  0.1561E+04
  0.3475E-01  0.1511E+04  0.7130E+01  0.1533E+04  0.1533E+04
  0.3568E-01  0.1487E+04  0.7128E+01  0.1505E+04  0.1505E+04
  0.3661E-01  0.1469E+04  0.6751E+01  0.1477E+04  0.1477E+04
  0.3754E-01  0.1458E+04  0.6577E+01  0.1449E+04  0.1449E+04
  0.3847E-01  0.1427E+04  0.6221E+01  0.1421E+04  0.1421E+04
  0.3940E-01  0.1381E+04  0.6189E+01  0.1392E+04  0.1392E+04
  0.4033E-01  0.1339E+04  0.6298E+01  0.1364E+04  0.1364E+04
  0.4126E-01  0.1338E+04  0.6206E+01  0.1336E+04  0.1336E+04
  0.4219E-01  0.1321E+04  0.5988E+01  0.1308E+04  0.1308E+04
  0.4312E-01  0.1282E+04  0.6016E+01  0.1281E+04  0.1281E+04
  0.4405E-01  0.1231E+04  0.6163E+01  0.1253E+04  0.1253E+04
  0.4498E-01  0.1216E+04  0.5983E+01  0.1226E+04  0.1226E+04
  0.4591E-01  0.1198E+04  0.5879E+01  0.1199E+04  0.1199E+04
  0.4684E-01  0.1169E+04  0.5842E+01  0.1172E+04  0.1172E+04
  0.4777E-01  0.1139E+04  0.5570E+01  0.1145E+04  0.1145E+04
  0.4870E-01  0.1116E+04  0.5414E+01  0.1119E+04  0.1119E+04
  0.4963E-01  0.1106E+04  0.5340E+01  0.1093E+04  0.1093E+04
  0.5056E-01  0.1081E+04  0.5343E+01  0.1067E+04  0.1067E+04
  0.5149E-01  0.1049E+04  0.5148E+01  0.1041E+04  0.1041E+04
  0.5242E-01  0.1018E+04  0.5213E+01  0.1016E+04  0.1016E+04
  0.5335E-01  0.9967E+03  0.5783E+01  0.9915E+03  0.9915E+03
  0.5428E-01  0.9755E+03  0.5197E+01  0.9672E+03  0.9672E+03
  0.5521E-01  0.9470E+03  0.4952E+01  0.9432E+03  0.9432E+03
  0.5613E-01  0.9244E+03  0.4760E+01  0.9196E+03  0.9196E+03
  0.5706E-01  0.9132E+03  0.4816E+01  0.8965E+03  0.8965E+03
  0.5799E-01  0.8848E+03  0.4715E+01  0.8737E+03  0.8737E+03
  0.5892E-01  0.8632E+03  0.4648E+01  0.8513E+03  0.8513E+03
  0.5985E-01  0.8480E+03  0.4652E+01  0.8294E+03  0.8294E+03
  0.6078E-01  0.8182E+03  0.4429E+01  0.8079E+03  0.8079E+03
  0.6171E-01  0.8058E+03  0.4550E+01  0.7868E+03  0.7868E+03
  0.6264E-01  0.7758E+03  0.4737E+01  0.7661E+03  0.7661E+03
  0.6357E-01  0.7626E+03  0.4577E+01  0.7459E+03  0.7459E+03
  0.6450E-01  0.7506E+03  0.4496E+01  0.7260E+03  0.7260E+03
  0.6543E-01  0.7269E+03  0.4224E+01  0.7067E+03  0.7067E+03
  0.6636E-01  0.7146E+03  0.4422E+01  0.6877E+03  0.6877E+03
  0.6729E-01  0.6807E+03  0.4204E+01  0.6691E+03  0.6691E+03
  0.6822E-01  0.6570E+03  0.4111E+01  0.6510E+03  0.6510E+03
  0.6915E-01  0.6451E+03  0.3984E+01  0.6333E+03  0.6333E+03
  0.7008E-01  0.6360E+03  0.3901E+01  0.6159E+03  0.6159E+03
  0.7101E-01  0.6092E+03  0.3913E+01  0.5990E+03  0.5990E+03
  0.7194E-01  0.5894E+03  0.3847E+01  0.5825E+03  0.5825E+03
  0.7287E-01  0.5810E+03  0.3896E+01  0.5664E+03  0.5664E+03
  0.7380E-01  0.5613E+03  0.3745E+01  0.5507E+03  0.5507E+03
  0.7473E-01  0.5448E+03  0.3844E+01  0.5353E+03  0.5353E+03
  0.7566E-01  0.5403E+03  0.3909E+01  0.5203E+03  0.5203E+03
  0.7659E-01  0.5235E+03  0.3793E+01  0.5057E+03  0.5057E+03
  0.7752E-01  0.5006E+03  0.3826E+01  0.4915E+03  0.4915E+03
  0.7845E-01  0.4883E+03  0.3753E+01  0.4776E+03  0.4776E+03
  0.7938E-01  0.4783E+03  0.3873E+01  0.4640E+03  0.4640E+03
  0.8031E-01  0.4579E+03  0.3642E+01  0.4508E+03  0.4508E+03
  0.8123E-01  0.4442E+03  0.3510E+01  0.4379E+03  0.4379E+03
  0.8216E-01  0.4293E+03  0.3493E+01  0.4253E+03  0.4253E+03
  0.8309E-01  0.4162E+03  0.3449E+01  0.4131E+03  0.4131E+03
  0.8402E-01  0.4020E+03  0.3312E+01  0.4012E+03  0.4012E+03
  0.8495E-01  0.3913E+03  0.3308E+01  0.3895E+03  0.3895E+03
  0.8588E-01  0.3817E+03  0.3232E+01  0.3782E+03  0.3782E+03
  0.8681E-01  0.3721E+03  0.3397E+01  0.3672E+03  0.3672E+03
  0.8774E-01  0.3567E+03  0.3261E+01  0.3564E+03  0.3564E+03
  0.8867E-01  0.3453E+03  0.3336E+01  0.3459E+03  0.3459E+03
  0.8960E-01  0.3388E+03  0.3279E+01  0.3357E+03  0.3357E+03
  0.9053E-01  0.3319E+03  0.3276E+01  0.3258E+03  0.3258E+03
  0.9146E-01  0.3191E+03  0.3213E+01  0.3161E+03  0.3161E+03
  0.9239E-01  0.3102E+03  0.3175E+01  0.3067E+03  0.3067E+03
  0.9332E-01  0.3029E+03  0.3203E+01  0.2975E+03  0.2975E+03
  0.9425E-01  0.2960E+03  0.3105E+01  0.2886E+03  0.2886E+03
  0.9518E-01  0.2848E+03  0.3122E+01  0.2799E+03  0.2799E+03
  0.9611E-01  0.2717E+03  0.3144E+01  0.2714E+03  0.2714E+03
  0.9704E-01  0.2639E+03  0.3008E+01  0.2632E+03  0.2632E+03
  0.9797E-01  0.2616E+03  0.3126E+01  0.2552E+03  0.2552E+03
  0.9890E-01  0.2477E+03  0.2947E+01  0.2474E+03  0.2474E+03
  0.9983E-01  0.2324E+03  0.3002E+01  0.2399E+03  0.2399E+03
  0.1008E+00  0.2245E+03  0.3005E+01  0.2326E+03  0.2326E+03
  0.1017E+00  0.2227E+03  0.2895E+01  0.2254E+03  0.2254E+03
  0.1026E+00  0.2101E+03  0.2910E+01  0.2185E+03  0.2185E+03
  0.1035E+00  0.2072E+03  0.2795E+01  0.2118E+03  0.2118E+03
  0.1045E+00  0.2029E+03  0.2871E+01  0.2053E+03  0.2053E+03
  0.1054E+00  0.1949E+03  0.2802E+01  0.1990E+03  0.1990E+03
  0.1063E+00  0.1864E+03  0.2838E+01  0.1929E+03  0.1929E+03
  0.1073E+00  0.1786E+03  0.2826E+01  0.1870E+03  0.1870E+03
  0.1082E+00  0.1741E+03  0.2781E+01  0.1812E+03  0.1812E+03
  0.1091E+00  0.1728E+03  0.2864E+01  0.1757E+03  0.1757E+03
  0.1101E+00  0.1665E+03  0.2888E+01  0.1704E+03  0.1704E+03
  0.1110E+00  0.1633E+03  0.2752E+01  0.1652E+03  0.1652E+03
  0.1119E+00  0.1515E+03  0.2732E+01  0.1602E+03  0.1602E+03
  0.1128E+00  0.1496E+03  0.2670E+01  0.1554E+03  0.1554E+03
  0.1138E+00  0.1468E+03  0.2614E+01  0.1508E+03  0.1508E+03
  0.1147E+00  0.1416E+03  0.2574E+01  0.1463E+03  0.1463E+03
  0.1156E+00  0.1345E+03  0.2614E+01  0.1420E+03  0.1420E+03
  0.1166E+00  0.1262E+03  0.2604E+01  0.1379E+03  0.1379E+03
  0.1175E+00  0.1235E+03  0.2665E+01  0.1340E+03  0.1340E+03
  0.1184E+00  0.1276E+03  0.2745E+01  0.1302E+03  0.1302E+03
  0.1193E+00  0.1214E+03  0.2719E+01  0.1265E+03  0.1265E+03
  0.1203E+00  0.1203E+03  0.2706E+01  0.1230E+03  0.1230E+03
  0.1212E+00  0.1140E+03  0.2736E+01  0.1197E+03  0.1197E+03
  0.1221E+00  0.1060E+03  0.2722E+01  0.1165E+03  0.1165E+03
  0.1231E+00  0.1090E+03  0.2665E+01  0.1135E+03  0.1135E+03
  0.1240E+00  0.1065E+03  0.2624E+01  0.1106E+03  0.1106E+03
  0.1249E+00  0.1033E+03  0.2610E+01  0.1079E+03  0.1079E+03
  0.1259E+00  0.1037E+03  0.2576E+01  0.1052E+03  0.1052E+03
  0.1268E+00  0.9936E+02  0.2683E+01  0.1028E+03  0.1028E+03
  0.1277E+00  0.9292E+02  0.2661E+01  0.1004E+03  0.1004E+03
  0.1286E+00  0.8891E+02  0.2645E+01  0.9815E+02  0.9815E+02
  0.1296E+00  0.9259E+02  0.2699E+01  0.9603E+02  0.9603E+02
  0.1305E+00  0.8708E+02  0.2642E+01  0.9403E+02  0.9403E+02
  0.1314E+00  0.8596E+02  0.2631E+01  0.9214E+02  0.9214E+02
  0.1324E+00  0.8428E+02  0.2605E+01  0.9035E+02  0.9035E+02
  0.1333E+00  0.8001E+02  0.2614E+01  0.8867E+02  0.8867E+02
  0.1342E+00  0.8017E+02  0.2600E+01  0.8709E+02  0.8709E+02
  0.1352E+00  0.7964E+02  0.2586E+01  0.8560E+02  0.8560E+02
  0.1361E+00  0.7891E+02  0.2621E+01  0.8420E+02  0.8420E+02
  0.1370E+00  0.7961E+02  0.2489E+01  0.8289E+02  0.8289E+02
  0.1379E+00  0.7605E+02  0.2607E+01  0.8167E+02  0.8167E+02
  0.1389E+00  0.8032E+02  0.2541E+01  0.8052E+02  0.8052E+02
  0.1398E+00  0.8247E+02  0.2573E+01  0.7944E+02  0.7944E+02
  0.1407E+00  0.7852E+02  0.2584E+01  0.7843E+02  0.7843E+02
  0.1417E+00  0.7445E+02  0.2535E+01  0.7750E+02  0.7750E+02
  0.1426E+00  0.6862E+02  0.2587E+01  0.7662E+02  0.7662E+02
  0.1435E+00  0.6787E+02  0.2544E+01  0.7580E+02  0.7580E+02
  0.1445E+00  0.6860E+02  0.2508E+01  0.7504E+02  0.7504E+02
  0.1454E+00  0.7271E+02  0.2510E+01  0.7432E+02  0.7432E+02
  0.1463E+00  0.6812E+02  0.2466E+01  0.7366E+02  0.7366E+02
  0.1472E+00  0.6363E+02  0.2492E+01  0.7303E+02  0.7303E+02
  0.1482E+00  0.6663E+02  0.2442E+01  0.7245E+02  0.7245E+02
  0.1491E+00  0.6108E+02  0.2528E+01  0.7191E+02  0.7191E+02
  0.1500E+00  0.6384E+02  0.2500E+01  0.7140E+02  0.7140E+02
  0.1510E+00  0.5942E+02  0.2452E+01  0.7092E+02  0.7092E+02
  0.1519E+00  0.6268E+02  0.2512E+01  0.7047E+02  0.7047E+02
  0.1528E+00  0.6284E+02  0.2448E+01  0.7005E+02  0.7005E+02
  0.1537E+00  0.6559E+02  0.2526E+01  0.6964E+02  0.6964E+02
  0.1547E+00  0.6672E+02  0.2450E+01  0.6926E+02  0.6926E+02
  0.1556E+00  0.6248E+02  0.2531E+01  0.6890E+02  0.6890E+02
  0.1565E+00  0.6145E+02  0.2426E+01  0.6856E+02  0.6856E+02
  0.1575E+00  0.5912E+02  0.2433E+01  0.6823E+02  0.6823E+02
  0.1584E+00  0.6108E+02  0.2419E+01  0.6791E+02  0.6791E+02
  0.1593E+00  0.5912E+02  0.2343E+01  0.6760E+02  0.6760E+02
  0.1603E+00  0.6100E+02  0.2389E+01  0.6731E+02  0.6731E+02
  0.1612E+00  0.5787E+02  0.2392E+01  0.6702E+02  0.6702E+02
  0.1621E+00  0.5777E+02  0.2344E+01  0.6674E+02  0.6674E+02
  0.1630E+00  0.5850E+02  0.2440E+01  0.6647E+02  0.6647E+02
  0.1640E+00  0.6043E+02  0.2404E+01  0.6620E+02  0.6620E+02
  0.1649E+00  0.6664E+02  0.2419E+01  0.6594E+02  0.6594E+02
  0.1658E+00  0.6365E+02  0.2422E+01  0.6568E+02  0.6568E+02
  0.1668E+00  0.6320E+02  0.2465E+01  0.6542E+02  0.6542E+02
  0.1677E+00  0.6505E+02  0.2436E+01  0.6517E+02  0.6517E+02
  0.1686E+00  0.6291E+02  0.2437E+01  0.6492E+02  0.6492E+02
  0.1696E+00  0.6208E+02  0.2518E+01  0.6467E+02  0.6467E+02
  0.1705E+00  0.6546E+02  0.2458E+01  0.6443E+02  0.6443E+02
  0.1714E+00  0.6587E+02  0.2388E+01  0.6419E+02  0.6419E+02
  0.1723E+00  0.6452E+02  0.2447E+01  0.6395E+02  0.6395E+02
  0.1733E+00  0.6315E+02  0.2392E+01  0.6371E+02  0.6371E+02
  0.1742E+00  0.6050E+02  0.2413E+01  0.6347E+02  0.6347E+02
  0.1751E+00  0.6026E+02  0.2413E+01  0.6324E+02  0.6324E+02
  0.1761E+00  0.6243E+02  0.2372E+01  0.6301E+02  0.6301E+02
  0.1770E+00  0.6285E+02  0.2415E+01  0.6278E+02  0.6278E+02
  0.1779E+00  0.6173E+02  0.2407E+01  0.6256E+02  0.6256E+02
  0.1788E+00  0.6474E+02  0.2389E+01  0.6233E+02  0.6233E+02
  0.1798E+00  0.6599E+02  0.2335E+01  0.6212E+02  0.6212E+02
  0.1807E+00  0.5842E+02  0.2386E+01  0.6190E+02  0.6190E+02
  0.1816E+00  0.6081E+02  0.2406E+01  0.6169E+02  0.6169E+02
  0.1826E+00  0.6041E+02  0.2377E+01  0.6149E+02  0.6149E+02
  0.1835E+00  0.6020E+02  0.2387E+01  0.6129E+02  0.6129E+02
  0.1844E+00  0.5597E+02  0.2370E+01  0.6109E+02  0.6109E+02
  0.1854E+00  0.5592E+02  0.2406E+01  0.6090E+02  0.6090E+02
  0.1863E+00  0.5993E+02  0.2410E+01  0.6072E+02  0.6072E+02
  0.1872E+00  0.6204E+02  0.2413E+01  0.6054E+02  0.6054E+02
  0.1881E+00  0.5620E+02  0.2421E+01  0.6037E+02  0.6037E+02
  0.1891E+00  0.5830E+02  0.2457E+01  0.6020E+02  0.6020E+02
  0.1900E+00  0.6175E+02  0.2424E+01  0.6004E+02  0.6004E+02
  0.1909E+00  0.5982E+02  0.2390E+01  0.5988E+02  0.5988E+02
  0.1919E+00  0.6204E+02  0.2388E+01  0.5973E+02  0.5973E+02
  0.1928E+00  0.6346E+02  0.2451E+01  0.5959E+02  0.5959E+02
  0.1937E+00  0.5774E+02  0.2473E+01  0.5945E+02  0.5945E+02
  0.1947E+00  0.6088E+02  0.2428E+01  0.5932E+02  0.5932E+02
  0.1956E+00  0.6175E+02  0.2355E+01  0.5919E+02  0.5919E+02
  0.1965E+00  0.6148E+02  0.2357E+01  0.5907E+02  0.5907E+02
  0.1974E+00  0.5911E+02  0.2374E+01  0.5895E+02  0.5895E+02
  0.1984E+00  0.5501E+02  0.2326E+01  0.5884E+02  0.5884E+02
  0.1993E+00  0.5710E+02  0.2421E+01  0.5874E+02  0.5874E+02
  0.2002E+00  0.5712E+02  0.2413E+01  0.5863E+02  0.5863E+02
  0.2012E+00  0.6120E+02  0.2387E+01  0.5853E+02  0.5853E+02
  0.2021E+00  0.6057E+02  0.2377E+01  0.5843E+02  0.5843E+02
  0.2030E+00  0.5264E+02  0.2370E+01  0.5834E+02  0.5834E+02
  0.2039E+00  0.5378E+02  0.2340E+01  0.5825E+02  0.5825E+02
  0.2049E+00  0.5854E+02  0.2344E+01  0.5816E+02  0.5816E+02
  0.2058E+00  0.6372E+02  0.2400E+01  0.5807E+02  0.5807E+02
  0.2067E+00  0.6153E+02  0.2349E+01  0.5799E+02  0.5799E+02
  0.2077E+00  0.5556E+02  0.2350E+01  0.5790E+02  0.5790E+02
  0.2086E+00  0.5582E+02  0.2361E+01  0.5781E+02  0.5781E+02
  0.2095E+00  0.5519E+02  0.2370E+01  0.5773E+02  0.5773E+02
  0.2105E+00  0.5662E+02  0.2314E+01  0.5764E+02  0.5764E+02
  0.2114E+00  0.5733E+02  0.2275E+01  0.5756E+02  0.5756E+02
  0.2123E+00  0.5779E+02  0.2386E+01  0.5747E+02  0.5747E+02
  0.2132E+00  0.6037E+02  0.2390E+01  0.5738E+02  0.5738E+02
  0.2142E+00  0.5818E+02  0.2425E+01  0.5729E+02  0.5729E+02
  0.2151E+00  0.5984E+02  0.2426E+01  0.5719E+02  0.5719E+02
  0.2160E+00  0.5921E+02  0.2459E+01  0.5709E+02  0.5709E+02
  0.2170E+00  0.6070E+02  0.2508E+01  0.5699E+02  0.5699E+02
  0.2179E+00  0.5480E+02  0.2509E+01  0.5689E+02  0.5689E+02
  0.2188E+00  0.5599E+02  0.2460E+01  0.5678E+02  0.5678E+02
  0.2198E+00  0.5650E+02  0.2392E+01  0.5667E+02  0.5667E+02
  0.2207E+00  0.5724E+02  0.2504E+01  0.5656E+02  0.5656E+02
  0.2216E+00  0.5964E+02  0.2529E+01  0.5644E+02  0.5644E+02
  0.2225E+00  0.5953E+02  0.2511E+01  0.5632E+02  0.5632E+02
  0.2235E+00  0.6150E+02  0.2596E+01  0.5619E+02  0.5619E+02
  0.2244E+00  0.5484E+02  0.2599E+01  0.5606E+02  0.5606E+02
  0.2253E+00  0.5569E+02  0.2610E+01  0.5592E+02  0.5592E+02
  0.2263E+00  0.6312E+02  0.2650E+01  0.5578E+02  0.5578E+02
  0.2272E+00  0.5577E+02  0.2556E+01  0.5564E+02  0.5564E+02
  0.2281E+00  0.5211E+02  0.2572E+01  0.5549E+02  0.5549E+02
  0.2290E+00  0.5453E+02  0.2575E+01  0.5534E+02  0.5534E+02
  0.2300E+00  0.5734E+02  0.2688E+01  0.5519E+02  0.5519E+02
  0.2309E+00  0.6020E+02  0.2574E+01  0.5503E+02  0.5503E+02
  0.2318E+00  0.6142E+02  0.2533E+01  0.5487E+02  0.5487E+02
  0.2328E+00  0.5655E+02  0.2605E+01  0.5470E+02  0.5470E+02
  0.2337E+00  0.5382E+02  0.2644E+01  0.5454E+02  0.5454E+02
  0.2346E+00  0.5444E+02  0.2592E+01  0.5437E+02  0.5437E+02
  0.2356E+00  0.5376E+02  0.2534E+01  0.5419E+02  0.5419E+02
  0.2365E+00  0.5105E+02  0.2656E+01  0.5402E+02  0.5402E+02
  0.2374E+00  0.5438E+02  0.2654E+01  0.5385E+02  0.5385E+02
  0.2383E+00  0.6131E+02  0.2711E+01  0.5367E+02  0.5367E+02
  0.2393E+00  0.5696E+02  0.2698E+01  0.5349E+02  0.5349E+02
  0.2402E+00  0.5858E+02  0.2661E+01  0.5331E+02  0.5331E+02
  0.2411E+00  0.4869E+02  0.2675E+01  0.5314E+02  0.5314E+02
  0.2421E+00  0.5042E+02  0.2728E+01  0.5296E+02  0.5296E+02
  0.2430E+00  0.5216E+02  0.2682E+01  0.5278E+02  0.5278E+02
  0.2439E+00  0.4994E+02  0.2709E+01  0.5260E+02  0.5260E+02
  0.2449E+00  0.5248E+02  0.2716E+01  0.5243E+02  0.5243E+02
  0.2458E+00  0.5341E+02  0.2761E+01  0.5225E+02  0.5225E+02
  0.2467E+00  0.5001E+02  0.2730E+01  0.5208E+02  0.5208E+02
  0.2476E+00  0.4912E+02  0.2795E+01  0.5190E+02  0.5190E+02
  0.2486E+00  0.5357E+02  0.2813E+01  0.5173E+02  0.5173E+02
  0.2495E+00  0.5320E+02  0.2817E+01  0.5156E+02  0.5156E+02
  0.2504E+00  0.5203E+02  0.2818E+01  0.5140E+02  0.5140E+02
  0.2514E+00  0.5281E+02  0.2738E+01  0.5123E+02  0.5123E+02
  0.2523E+00  0.5627E+02  0.2845E+01  0.5107E+02  0.5107E+02
  0.2532E+00  0.5642E+02  0.2872E+01  0.5091E+02  0.5091E+02
  0.2541E+00  0.4778E+02  0.2824E+01  0.5076E+02  0.5076E+02
  0.2551E+00  0.5219E+02  0.2952E+01  0.5060E+02  0.5060E+02
  0.2560E+00  0.5458E+02  0.2933E+01  0.5045E+02  0.5045E+02
  0.2569E+00  0.5301E+02  0.2993E+01  0.5030E+02  0.5030E+02
  0.2579E+00  0.5868E+02  0.3012E+01  0.5016E+02  0.5016E+02
  0.2588E+00  0.5226E+02  0.3182E+01  0.5001E+02  0.5001E+02
  0.2597E+00  0.4648E+02  0.3246E+01  0.4987E+02  0.4987E+02
  0.2607E+00  0.4492E+02  0.2976E+01  0.4974E+02  0.4974E+02
  0.2616E+00  0.4553E+02  0.3010E+01  0.4960E+02  0.4960E+02
  0.2625E+00  0.4786E+02  0.3030E+01  0.4947E+02  0.4947E+02
  0.2634E+00  0.5245E+02  0.3067E+01  0.4934E+02  0.4934E+02
  0.2644E+00  0.5713E+02  0.3051E+01  0.4921E+02  0.4921E+02
  0.2653E+00  0.4958E+02  0.2936E+01  0.4908E+02  0.4908E+02
  0.2662E+00  0.4938E+02  0.3017E+01  0.4896E+02  0.4896E+02
  0.2672E+00  0.5804E+02  0.2985E+01  0.4883E+02  0.4883E+02
  0.2681E+00  0.6271E+02  0.3007E+01  0.4871E+02  0.4871E+02
  0.2690E+00  0.5801E+02  0.3016E+01  0.4859E+02  0.4859E+02
  0.2700E+00  0.5217E+02  0.2898E+01  0.4847E+02  0.4847E+02
  0.2709E+00  0.5064E+02  0.3020E+01  0.4835E+02  0.4835E+02
  0.2718E+00  0.5181E+02  0.2955E+01  0.4823E+02  0.4823E+02
  0.2727E+00  0.4946E+02  0.3022E+01  0.4811E+02  0.4811E+02
  0.2737E+00  0.4734E+02  0.3049E+01  0.4800E+02  0.4800E+02
  0.2746E+00  0.4496E+02  0.3150E+01  0.4788E+02  0.4788E+02
  0.2755E+00  0.4981E+02  0.3144E+01  0.4776E+02  0.4776E+02
  0.2765E+00  0.5021E+02  0.3095E+01  0.4764E+02  0.4764E+02
  0.2774E+00  0.4948E+02  0.3144E+01  0.4752E+02  0.4752E+02
  0.2783E+00  0.5517E+02  0.3228E+01  0.4740E+02  0.4740E+02
  0.2792E+00  0.4746E+02  0.3228E+01  0.4728E+02  0.4728E+02
  0.2802E+00  0.3835E+02  0.3224E+01  0.4716E+02  0.4716E+02
  0.2811E+00  0.4978E+02  0.3169E+01  0.4704E+02  0.4704E+02
  0.2820E+00  0.4623E+02  0.3092E+01  0.4691E+02  0.4691E+02
  0.2830E+00  0.4640E+02  0.3150E+01  0.4679E+02  0.4679E+02
  0.2839E+00  0.4474E+02  0.3166E+01  0.4666E+02  0.4666E+02
  0.2848E+00  0.4790E+02  0.3168E+01  0.4653E+02  0.4653E+02
  0.2858E+00  0.4901E+02  0.3053E+01  0.4640E+02  0.4640E+02
  0.2867E+00  0.5025E+02  0.3163E+01  0.4627E+02  0.4627E+02
  0.2876E+00  0.5018E+02  0.3127E+01  0.4613E+02  0.4613E+02
  0.2885E+00  0.5298E+02  0.3104E+01  0.4600E+02  0.4600E+02
  0.2895E+00  0.4730E+02  0.3128E+01  0.4586E+02  0.4586E+02
  0.2904E+00  0.4411E+02  0.3142E+01  0.4572E+02  0.4572E+02
  0.2913E+00  0.4468E+02  0.3129E+01  0.4559E+02  0.4559E+02
  0.2923E+00  0.4505E+02  0.3053E+01  0.4544E+02  0.4544E+02
  0.2932E+00  0.5352E+02  0.3044E+01  0.4530E+02  0.4530E+02
  0.2941E+00  0.5354E+02  0.3040E+01  0.4516E+02  0.4516E+02
  0.2951E+00  0.4853E+02  0.3092E+01  0.4501E+02  0.4501E+02
  0.2960E+00  0.4556E+02  0.3122E+01  0.4487E+02  0.4487E+02
  0.2969E+00  0.4838E+02  0.3118E+01  0.4472E+02  0.4472E+02
  0.2978E+00  0.5090E+02  0.3148E+01  0.4457E+02  0.4457E+02
  0.2988E+00  0.4779E+02  0.3084E+01  0.4442E+02  0.4442E+02
  0.2997E+00  0.5216E+02  0.3202E+01  0.4427E+02  0.4427E+02
  0.3006E+00  0.4935E+02  0.3197E+01  0.4412E+02  0.4412E+02
  0.3016E+00  0.5128E+02  0.3153E+01  0.4397E+02  0.4397E+02
  0.3025E+00  0.5319E+02  0.3216E+01  0.4382E+02  0.4382E+02
  0.3034E+00  0.4374E+02  0.3107E+01  0.4367E+02  0.4367E+02
  0.3043E+00  0.4170E+02  0.3320E+01  0.4352E+02  0.4352E+02
  0.3053E+00  0.4381E+02  0.3337E+01  0.4337E+02  0.4337E+02
  0.3062E+00  0.5276E+02  0.3268E+01  0.4322E+02  0.4322E+02
  0.3071E+00  0.4704E+02  0.3240E+01  0.4307E+02  0.4307E+02
  0.3081E+00  0.4010E+02  0.3267E+01  0.4292E+02  0.4292E+02
  0.3090E+00  0.4171E+02  0.3190E+01  0.4277E+02  0.4277E+02
  0.3099E+00  0.4810E+02  0.3219E+01  0.4263E+02  0.4263E+02
  0.3109E+00  0.5204E+02  0.3183E+01  0.4248E+02  0.4248E+02
  0.3118E+00  0.4707E+02  0.3152E+01  0.4234E+02  0.4234E+02
  0.3127E+00  0.5117E+02  0.3282E+01  0.4219E+02  0.4219E+02
  0.3136E+00  0.4511E+02  0.3169E+01  0.4205E+02  0.4205E+02
  0.3146E+00  0.4702E+02  0.3125E+01  0.4191E+02  0.4191E+02
  0.3155E+00  0.5334E+02  0.3222E+01  0.4177E+02  0.4177E+02
  0.3164E+00  0.4304E+02  0.3171E+01  0.4163E+02  0.4163E+02
  0.3174E+00  0.4668E+02  0.3181E+01  0.4149E+02  0.4149E+02
  0.3183E+00  0.4955E+02  0.3132E+01  0.4135E+02  0.4135E+02
  0.3192E+00  0.5265E+02  0.3172E+01  0.4122E+02  0.4122E+02
  0.3202E+00  0.5026E+02  0.3163E+01  0.4108E+02  0.4108E+02
  0.3211E+00  0.5303E+02  0.3167E+01  0.4095E+02  0.4095E+02
  0.3220E+00  0.4984E+02  0.3072E+01  0.4082E+02  0.4082E+02
  0.3229E+00  0.5556E+02  0.3175E+01  0.4068E+02  0.4068E+02
  0.3239E+00  0.4988E+02  0.3139E+01  0.4055E+02  0.4055E+02
  0.3248E+00  0.4548E+02  0.3112E+01  0.4043E+02  0.4043E+02
  0.3257E+00  0.5140E+02  0.3053E+01  0.4030E+02  0.4030E+02
  0.3267E+00  0.5413E+02  0.3215E+01  0.4017E+02  0.4017E+02
  0.3276E+00  0.5114E+02  0.3154E+01  0.4004E+02  0.4004E+02
  0.3285E+00  0.5300E+02  0.3072E+01  0.3992E+02  0.3992E+02
  0.3294E+00  0.4744E+02  0.3103E+01  0.3979E+02  0.3979E+02
  0.3304E+00  0.5008E+02  0.3036E+01  0.3967E+02  0.3967E+02
  0.3313E+00  0.5281E+02  0.3138E+01  0.3954E+02  0.3954E+02
  0.3322E+00  0.4798E+02  0.3177E+01  0.3942E+02  0.3942E+02
  0.3332E+00  0.5233E+02  0.3138E+01  0.3929E+02  0.3929E+02
  0.3341E+00  0.4893E+02  0.3067E+01  0.3917E+02  0.3917E+02
  0.3350E+00  0.5527E+02  0.3128E+01  0.3904E+02  0.3904E+02
  0.3360E+00  0.5427E+02  0.3222E+01  0.3892E+02  0.3892E+02
  0.3369E+00  0.4819E+02  0.3116E+01  0.3879E+02  0.3879E+02
  0.3378E+00  0.4799E+02  0.3103E+01  0.3866E+02  0.3866E+02
  0.3387E+00  0.4678E+02  0.3119E+01  0.3853E+02  0.3853E+02
  0.3397E+00  0.4567E+02  0.3163E+01  0.3840E+02  0.3840E+02
  0.3406E+00  0.4550E+02  0.3128E+01  0.3827E+02  0.3827E+02
  0.3415E+00  0.4531E+02  0.3130E+01  0.3814E+02  0.3814E+02
  0.3425E+00  0.4571E+02  0.3031E+01  0.3801E+02  0.3801E+02
  0.3434E+00  0.5050E+02  0.3126E+01  0.3788E+02  0.3788E+02
  0.3443E+00  0.4851E+02  0.3096E+01  0.3775E+02  0.3775E+02
  0.3453E+00  0.5180E+02  0.3089E+01  0.3761E+02  0.3761E+02
  0.3462E+00  0.5112E+02  0.3186E+01  0.3747E+02  0.3747E+02
  0.3471E+00  0.4629E+02  0.3206E+01  0.3734E+02  0.3734E+02
  0.3480E+00  0.4821E+02  0.3066E+01  0.3720E+02  0.3720E+02
  0.3490E+00  0.5501E+02  0.3134E+01  0.3706E+02  0.3706E+02
  0.3499E+00  0.4993E+02  0.3193E+01  0.3691E+02  0.3691E+02
  0.3508E+00  0.4957E+02  0.3172E+01  0.3677E+02  0.3677E+02
  0.3518E+00  0.4574E+02  0.3207E+01  0.3662E+02  0.3662E+02
  0.3527E+00  0.4664E+02  0.3079E+01  0.3648E+02  0.3648E+02
  0.3536E+00  0.4379E+02  0.3077E+01  0.3633E+02  0.3633E+02
  0.3545E+00  0.4985E+02  0.3218E+01  0.3618E+02  0.3618E+02
  0.3555E+00  0.5169E+02  0.3300E+01  0.3603E+02  0.3603E+02
  0.3564E+00  0.5256E+02  0.3265E+01  0.3588E+02  0.3588E+02
  0.3573E+00  0.5305E+02  0.3126E+01  0.3573E+02  0.3573E+02
  0.3583E+00  0.4942E+02  0.3179E+01  0.3557E+02  0.3557E+02
  0.3592E+00  0.4370E+02  0.3024E+01  0.3542E+02  0.3542E+02
  0.3601E+00  0.5043E+02  0.3160E+01  0.3526E+02  0.3526E+02
  0.3611E+00  0.5423E+02  0.3167E+01  0.3510E+02  0.3510E+02
  0.3620E+00  0.5059E+02  0.3096E+01  0.3495E+02  0.3495E+02
  0.3629E+00  0.5526E+02  0.3092E+01  0.3479E+02  0.3479E+02
  0.3638E+00  0.4629E+02  0.3145E+01  0.3463E+02  0.3463E+02
  0.3648E+00  0.4658E+02  0.3096E+01  0.3447E+02  0.3447E+02
  0.3657E+00  0.4682E+02  0.3028E+01  0.3431E+02  0.3431E+02
  0.3666E+00  0.5100E+02  0.3025E+01  0.3415E+02  0.3415E+02
  0.3676E+00  0.5126E+02  0.3065E+01  0.3400E+02  0.3400E+02
  0.3685E+00  0.5045E+02  0.3011E+01  0.3384E+02  0.3384E+02
  0.3694E+00  0.5504E+02  0.3001E+01  0.3368E+02  0.3368E+02
  0.3704E+00  0.5196E+02  0.3086E+01  0.3352E+02  0.3352E+02
  0.3713E+00  0.5604E+02  0.2912E+01  0.3336E+02  0.3336E+02
  0.3722E+00  0.4738E+02  0.2995E+01  0.3320E+02  0.3320E+02
  0.3731E+00  0.5249E+02  0.3056E+01  0.3304E+02  0.3304E+02
  0.3741E+00  0.5370E+02  0.2994E+01  0.3289E+02  0.3289E+02
  0.3750E+00  0.5189E+02  0.3089E+01  0.3273E+02  0.3273E+02
  0.3759E+00  0.5293E+02  0.3066E+01  0.3257E+02  0.3257E+02
  0.3769E+00  0.5467E+02  0.3031E+01  0.3242E+02  0.3242E+02
  0.3778E+00  0.5958E+02  0.3108E+01  0.3227E+02  0.3227E+02
  0.3787E+00  0.5029E+02  0.3027E+01  0.3211E+02  0.3211E+02
  0.3796E+00  0.5156E+02  0.3056E+01  0.3196E+02  0.3196E+02
  0.3806E+00  0.5491E+02  0.2978E+01  0.3181E+02  0.3181E+02
  0.3815E+00  0.5562E+02  0.2985E+01  0.3166E+02  0.3166E+02
  0.3824E+00  0.5495E+02  0.2972E+01  0.3151E+02  0.3151E+02

           Distance distribution  function of particle  


       R          P(R)      ERROR

  0.0000E+00  0.0000E+00  0.0000E+00
  0.1026E+01  0.3446E+00  0.1241E-02
  0.2052E+01  0.6156E+00  0.1980E-02
  0.3078E+01  0.8188E+00  0.2281E-02
  0.4104E+01  0.9633E+00  0.2250E-02
  0.5130E+01  0.1061E+01  0.2039E-02
  0.6156E+01  0.1124E+01  0.1861E-02
  0.7182E+01  0.1167E+01  0.1925E-02
  0.8208E+01  0.1204E+01  0.2255E-02
  0.9234E+01  0.1247E+01  0.2700E-02
  0.1026E+02  0.1305E+01  0.3118E-02
  0.1129E+02  0.1387E+01  0.3435E-02
  0.1231E+02  0.1496E+01  0.3633E-02
  0.1334E+02  0.1634E+01  0.3734E-02
  0.1436E+02  0.1799E+01  0.3786E-02
  0.1539E+02  0.1987E+01  0.3845E-02
  0.1642E+02  0.2192E+01  0.3952E-02
  0.1744E+02  0.2406E+01  0.4120E-02
  0.1847E+02  0.2624E+01  0.4331E-02
  0.1949E+02  0.2836E+01  0.4551E-02
  0.2052E+02  0.3038E+01  0.4746E-02
  0.2155E+02  0.3223E+01  0.4895E-02
  0.2257E+02  0.3389E+01  0.4987E-02
  0.2360E+02  0.3533E+01  0.5026E-02
  0.2462E+02  0.3655E+01  0.5021E-02
  0.2565E+02  0.3754E+01  0.4984E-02
  0.2668E+02  0.3834E+01  0.4929E-02
  0.2770E+02  0.3894E+01  0.4868E-02
  0.2873E+02  0.3938E+01  0.4811E-02
  0.2975E+02  0.3968E+01  0.4768E-02
  0.3078E+02  0.3984E+01  0.4745E-02
  0.3181E+02  0.3987E+01  0.4743E-02
  0.3283E+02  0.3979E+01  0.4759E-02
  0.3386E+02  0.3958E+01  0.4783E-02
  0.3488E+02  0.3925E+01  0.4801E-02
  0.3591E+02  0.3878E+01  0.4802E-02
  0.3694E+02  0.3818E+01  0.4780E-02
  0.3796E+02  0.3743E+01  0.4737E-02
  0.3899E+02  0.3655E+01  0.4685E-02
  0.4001E+02  0.3554E+01  0.4646E-02
  0.4104E+02  0.3442E+01  0.4644E-02
  0.4207E+02  0.3320E+01  0.4698E-02
  0.4309E+02  0.3190E+01  0.4820E-02
  0.4412E+02  0.3054E+01  0.5010E-02
  0.4514E+02  0.2916E+01  0.5256E-02
  0.4617E+02  0.2778E+01  0.5541E-02
  0.4720E+02  0.2641E+01  0.5850E-02
  0.4822E+02  0.2507E+01  0.6167E-02
  0.4925E+02  0.2378E+01  0.6481E-02
  0.5027E+02  0.2254E+01  0.6783E-02
  0.5130E+02  0.2134E+01  0.7064E-02
  0.5233E+02  0.2021E+01  0.7319E-02
  0.5335E+02  0.1912E+01  0.7541E-02
  0.5438E+02  0.1808E+01  0.7729E-02
  0.5540E+02  0.1708E+01  0.7883E-02
  0.5643E+02  0.1612E+01  0.8006E-02
  0.5746E+02  0.1520E+01  0.8105E-02
  0.5848E+02  0.1432E+01  0.8189E-02
  0.5951E+02  0.1348E+01  0.8267E-02
  0.6053E+02  0.1269E+01  0.8348E-02
  0.6156E+02  0.1195E+01  0.8437E-02
  0.6259E+02  0.1126E+01  0.8536E-02
  0.6361E+02  0.1062E+01  0.8641E-02
  0.6464E+02  0.1004E+01  0.8746E-02
  0.6566E+02  0.9514E+00  0.8843E-02
  0.6669E+02  0.9041E+00  0.8920E-02
  0.6772E+02  0.8615E+00  0.8970E-02
  0.6874E+02  0.8231E+00  0.8988E-02
  0.6977E+02  0.7881E+00  0.8971E-02
  0.7079E+02  0.7559E+00  0.8921E-02
  0.7182E+02  0.7259E+00  0.8842E-02
  0.7285E+02  0.6976E+00  0.8739E-02
  0.7387E+02  0.6706E+00  0.8620E-02
  0.7490E+02  0.6446E+00  0.8490E-02
  0.7592E+02  0.6196E+00  0.8356E-02
  0.7695E+02  0.5955E+00  0.8223E-02
  0.7798E+02  0.5724E+00  0.8098E-02
  0.7900E+02  0.5504E+00  0.7986E-02
  0.8003E+02  0.5296E+00  0.7897E-02
  0.8105E+02  0.5099E+00  0.7837E-02
  0.8208E+02  0.4913E+00  0.7814E-02
  0.8311E+02  0.4736E+00  0.7829E-02
  0.8413E+02  0.4565E+00  0.7880E-02
  0.8516E+02  0.4397E+00  0.7958E-02
  0.8618E+02  0.4227E+00  0.8051E-02
  0.8721E+02  0.4053E+00  0.8142E-02
  0.8824E+02  0.3871E+00  0.8214E-02
  0.8926E+02  0.3679E+00  0.8249E-02
  0.9029E+02  0.3474E+00  0.8231E-02
  0.9131E+02  0.3256E+00  0.8146E-02
  0.9234E+02  0.3024E+00  0.7981E-02
  0.9337E+02  0.2780E+00  0.7725E-02
  0.9439E+02  0.2524E+00  0.7367E-02
  0.9542E+02  0.2256E+00  0.6900E-02
  0.9644E+02  0.1977E+00  0.6313E-02
  0.9747E+02  0.1686E+00  0.5602E-02
  0.9850E+02  0.1382E+00  0.4759E-02
  0.9952E+02  0.1064E+00  0.3780E-02
  0.1005E+03  0.7300E-01  0.2662E-02
  0.1016E+03  0.3761E-01  0.1402E-02
  0.1026E+03  0.0000E+00  0.0000E+00
          Reciprocal space: Rg =   30.13     , I(0) =   0.2187E+04
     Real space: Rg =   30.27 +- 0.057  I(0) =   0.2187E+04 +-  0.3585E+01
