
           ####    G N O M   ---   Version 4.5a revised 09/02/02     ####

                                                  Sun Nov  5 11:57:49 2017
           ===    Run No   1   ===
 Run title:  0.0003414 0 0


  Number of points omitted at the end:         372
 Standard deviations are estimated by polynomial smoothing

   *******   Working Directory :
   *******    Input file(s) : 24648_01B_S502_0_03.sub
           Condition P(rmin) = 0 is used. 
           Condition P(rmax) = 0 is used. 

          Experimental conditions for the first run
          -----------------------------------------

          Highest ALPHA is found to be   0.1051E+02

  The measure of inconsistency AN1 equals to    0.7421E+00
     Alpha    Discrp  Oscill  Stabil  Sysdev  Positv  Valcen    Total   
  0.1051E+05 22.5285  1.1329  0.8830  0.2371  1.0000  0.8715  0.00001
  0.2102E+04 16.1822  1.1282  0.6197  0.0309  1.0000  0.8743  0.00001
  0.4203E+03  7.9387  1.1275  0.2616  0.0619  1.0000  0.8829  0.00001
  0.8407E+02  3.6803  1.2170  0.1138  0.0825  1.0000  0.8932  0.00001
  0.1681E+02  1.5326  1.4053  0.0636  0.5155  1.0000  0.8948  0.50571
  0.3363E+01  0.9541  1.5088  0.0226  0.7423  1.0000  0.8944  0.57625
  0.6725E+00  0.8971  1.5459  0.0148  0.8041  1.0000  0.8965  0.54946
  0.1345E+00  0.8870  1.5899  0.0222  0.7835  1.0000  0.8998  0.10000
  0.2690E-01  0.8817  1.7040  0.0430  0.7423  1.0000  0.8980  0.10000
  0.5380E-02  0.8756  2.3072  0.1199  0.7423  0.9986  0.8764  0.10000
  0.1076E-02  0.8696  3.7509  0.1088  0.7629  0.9894  0.8135  0.10000
  0.2152E-03  0.8673  5.4390  0.2728  0.7629  0.9726  0.7904  0.10000
  0.4304E-04  0.8642  9.1844  0.5560  0.7835  0.9047  0.7178  0.10000
  0.8609E-05  0.8608 11.3536  0.3961  0.7629  0.8241  0.4581  0.10000
  0.1722E-05  0.8582 13.2140  0.9461  0.7423  0.7637  0.3407  0.10000
  0.3443E-06  0.8510 11.5023  0.8312  0.7423  0.7309  0.3656  0.10000
  0.6887E-07  0.8395 11.2054  0.4264  0.7423  0.7177  0.3692  0.10000
  0.1377E-07  0.8342 12.4583  0.3940  0.7526  0.7132  0.3756  0.10000
  0.2755E-08  0.8300 13.5902  0.9564  0.7320  0.7072  0.3772  0.10000
  0.5509E-09  0.8186 11.8951  0.7157  0.7320  0.7056  0.3524  0.10000
  0.1102E-09  0.8067 11.4950  0.3437  0.7629  0.7056  0.3400  0.10000
  0.2204E-10  0.8021 12.1273  0.4790  0.7423  0.6902  0.4277  0.10000
  0.4408E-11  0.7928 14.8880  0.7723  0.7423  0.6783  0.5613  0.10000
  0.8815E-12  0.7634 18.4036  0.6401  0.7835  0.6978  0.5250  0.10000
  0.1763E-12  0.6930 25.9167  0.5664  0.8041  0.7110  0.4054  0.10000
  0.3526E-13  0.5541 34.3725  0.5224  0.8041  0.6775  0.2623  0.10000
  0.7052E-14  0.3591 40.9250  0.4085  0.8454  0.6486  0.2835  0.10000
  0.1410E-14  0.1721 45.3337  0.2819  0.7835  0.6503  0.2532  0.10000
  0.2821E-15  0.0550 47.2444  0.1216  0.8247  0.6707  0.2125  0.10000
  0.5642E-16  0.0128 47.8003  0.0316  0.8247  0.6779  0.2064  0.10000
  0.1128E-16  0.0027 47.9258  0.0067  0.8247  0.6796  0.2060  0.10000

          ***  Golden section search to maximize estimate ***
     Alpha    Discrp  Oscill  Stabil  Sysdev  Positv  Valcen    Total   
  0.1244E+01  0.9057  1.5349  0.0139  0.8041  1.0000  0.8954  0.58091
  0.2300E+01  0.9264  1.5208  0.0179  0.8247  1.0000  0.8947  0.62248
  0.2659E+01  0.9350  1.5166  0.0195  0.8041  1.0000  0.8946  0.61015
  0.2102E+01  0.9220  1.5232  0.0170  0.8041  1.0000  0.8948  0.60237
  0.2431E+01  0.9295  1.5192  0.0185  0.8247  1.0000  0.8946  0.62431
  0.2516E+01  0.9315  1.5182  0.0188  0.8041  1.0000  0.8946  0.60841
  0.2380E+01  0.9283  1.5198  0.0182  0.8247  1.0000  0.8947  0.62362
  0.2463E+01  0.9302  1.5188  0.0186  0.8247  1.0000  0.8946  0.62474
  0.2483E+01  0.9307  1.5186  0.0187  0.8247  1.0000  0.8946  0.62500
  0.2495E+01  0.9310  1.5185  0.0187  0.8247  1.0000  0.8946  0.62516
  0.2503E+01  0.9312  1.5184  0.0188  0.8247  1.0000  0.8946  0.62526
  0.2508E+01  0.9313  1.5183  0.0188  0.8247  1.0000  0.8946  0.62532
  0.2511E+01  0.9314  1.5183  0.0188  0.8247  1.0000  0.8946  0.62536
  0.2513E+01  0.9314  1.5183  0.0188  0.8041  1.0000  0.8946  0.60837
  0.2511E+01  0.9314  1.5183  0.0188  0.8247  1.0000  0.8946  0.62536



             ####            Final results            ####

 Parameter    DISCRP    OSCILL    STABIL    SYSDEV    POSITV    VALCEN
 Weight        1.000     3.000     3.000     4.000     1.000     1.000
 Sigma         0.500     0.600     0.120     0.200     0.120     0.120
 Ideal         1.000     1.100     0.000     1.000     1.000     0.950
 Current       0.931     1.518     0.019     0.825     1.000     0.895
                - - - - - - - - - - - - - - - - - - - - - - - - - 
 Estimate      0.981     0.615     0.976     0.464     1.000     0.808

  Angular   range    :     from    0.0068   to    0.1872
  Real space range   :     from      0.00   to    102.50

  Highest ALPHA (theor) :   0.105E+05                 JOB = 0
  Current ALPHA         :   0.251E+01   Rg :  0.302E+02   I(0) :   0.266E+03

           Total  estimate : 0.625  which is  A REASONABLE  solution

      S          J EXP       ERROR       J REG       I REG

  0.0000E+00                                      0.2664E+03
  0.9785E-03                                      0.2663E+03
  0.1957E-02                                      0.2661E+03
  0.2936E-02                                      0.2657E+03
  0.3914E-02                                      0.2651E+03
  0.4893E-02                                      0.2644E+03
  0.5871E-02                                      0.2636E+03
  0.6850E-02  0.1457E+03  0.5294E+02  0.2626E+03  0.2626E+03
  0.7779E-02  0.2246E+03  0.7046E+02  0.2615E+03  0.2615E+03
  0.8709E-02  0.3181E+03  0.4065E+02  0.2603E+03  0.2603E+03
  0.9639E-02  0.2896E+03  0.2552E+02  0.2590E+03  0.2590E+03
  0.1057E-01  0.2859E+03  0.2015E+02  0.2575E+03  0.2575E+03
  0.1150E-01  0.2672E+03  0.1681E+02  0.2559E+03  0.2559E+03
  0.1243E-01  0.2721E+03  0.1545E+02  0.2542E+03  0.2542E+03
  0.1336E-01  0.2711E+03  0.1214E+02  0.2524E+03  0.2524E+03
  0.1429E-01  0.2607E+03  0.1007E+02  0.2504E+03  0.2504E+03
  0.1522E-01  0.2501E+03  0.8547E+01  0.2484E+03  0.2484E+03
  0.1615E-01  0.2464E+03  0.7628E+01  0.2462E+03  0.2462E+03
  0.1708E-01  0.2360E+03  0.7508E+01  0.2439E+03  0.2439E+03
  0.1801E-01  0.2477E+03  0.6697E+01  0.2416E+03  0.2416E+03
  0.1894E-01  0.2426E+03  0.6550E+01  0.2391E+03  0.2391E+03
  0.1987E-01  0.2423E+03  0.6061E+01  0.2365E+03  0.2365E+03
  0.2080E-01  0.2390E+03  0.6745E+01  0.2339E+03  0.2339E+03
  0.2173E-01  0.2413E+03  0.6263E+01  0.2312E+03  0.2312E+03
  0.2266E-01  0.2370E+03  0.5804E+01  0.2284E+03  0.2284E+03
  0.2359E-01  0.2205E+03  0.5537E+01  0.2255E+03  0.2255E+03
  0.2451E-01  0.2275E+03  0.5118E+01  0.2225E+03  0.2225E+03
  0.2544E-01  0.2154E+03  0.4895E+01  0.2195E+03  0.2195E+03
  0.2637E-01  0.2204E+03  0.4594E+01  0.2164E+03  0.2164E+03
  0.2730E-01  0.2139E+03  0.4412E+01  0.2132E+03  0.2132E+03
  0.2823E-01  0.1966E+03  0.4295E+01  0.2100E+03  0.2100E+03
  0.2916E-01  0.2074E+03  0.4083E+01  0.2068E+03  0.2068E+03
  0.3009E-01  0.2050E+03  0.4121E+01  0.2035E+03  0.2035E+03
  0.3102E-01  0.1981E+03  0.4013E+01  0.2002E+03  0.2002E+03
  0.3195E-01  0.1886E+03  0.3942E+01  0.1968E+03  0.1968E+03
  0.3288E-01  0.1955E+03  0.3959E+01  0.1934E+03  0.1934E+03
  0.3381E-01  0.1910E+03  0.3800E+01  0.1900E+03  0.1900E+03
  0.3474E-01  0.1778E+03  0.3777E+01  0.1865E+03  0.1865E+03
  0.3567E-01  0.1874E+03  0.3638E+01  0.1831E+03  0.1831E+03
  0.3660E-01  0.1779E+03  0.3627E+01  0.1796E+03  0.1796E+03
  0.3753E-01  0.1794E+03  0.3624E+01  0.1761E+03  0.1761E+03
  0.3846E-01  0.1751E+03  0.3454E+01  0.1726E+03  0.1726E+03
  0.3939E-01  0.1695E+03  0.3520E+01  0.1691E+03  0.1691E+03
  0.4032E-01  0.1588E+03  0.3347E+01  0.1656E+03  0.1656E+03
  0.4125E-01  0.1579E+03  0.3506E+01  0.1622E+03  0.1622E+03
  0.4218E-01  0.1571E+03  0.3509E+01  0.1587E+03  0.1587E+03
  0.4311E-01  0.1522E+03  0.3292E+01  0.1552E+03  0.1552E+03
  0.4404E-01  0.1552E+03  0.3249E+01  0.1518E+03  0.1518E+03
  0.4497E-01  0.1503E+03  0.3145E+01  0.1484E+03  0.1484E+03
  0.4590E-01  0.1400E+03  0.3230E+01  0.1450E+03  0.1450E+03
  0.4683E-01  0.1367E+03  0.3065E+01  0.1416E+03  0.1416E+03
  0.4776E-01  0.1410E+03  0.2991E+01  0.1383E+03  0.1383E+03
  0.4869E-01  0.1382E+03  0.3024E+01  0.1350E+03  0.1350E+03
  0.4962E-01  0.1316E+03  0.2969E+01  0.1317E+03  0.1317E+03
  0.5055E-01  0.1257E+03  0.2944E+01  0.1284E+03  0.1284E+03
  0.5148E-01  0.1151E+03  0.2879E+01  0.1252E+03  0.1252E+03
  0.5241E-01  0.1204E+03  0.2911E+01  0.1221E+03  0.1221E+03
  0.5334E-01  0.1235E+03  0.2855E+01  0.1190E+03  0.1190E+03
  0.5427E-01  0.1205E+03  0.2875E+01  0.1159E+03  0.1159E+03
  0.5520E-01  0.1153E+03  0.2934E+01  0.1128E+03  0.1128E+03
  0.5613E-01  0.1147E+03  0.2790E+01  0.1098E+03  0.1098E+03
  0.5706E-01  0.1103E+03  0.2805E+01  0.1069E+03  0.1069E+03
  0.5799E-01  0.1093E+03  0.2769E+01  0.1040E+03  0.1040E+03
  0.5892E-01  0.1005E+03  0.2673E+01  0.1012E+03  0.1012E+03
  0.5985E-01  0.1005E+03  0.2762E+01  0.9838E+02  0.9838E+02
  0.6078E-01  0.1014E+03  0.2659E+01  0.9563E+02  0.9563E+02
  0.6170E-01  0.9463E+02  0.2707E+01  0.9294E+02  0.9294E+02
  0.6263E-01  0.8820E+02  0.2609E+01  0.9029E+02  0.9029E+02
  0.6356E-01  0.8877E+02  0.2570E+01  0.8770E+02  0.8770E+02
  0.6449E-01  0.8998E+02  0.2577E+01  0.8517E+02  0.8517E+02
  0.6542E-01  0.8929E+02  0.2487E+01  0.8268E+02  0.8268E+02
  0.6635E-01  0.8715E+02  0.2530E+01  0.8024E+02  0.8024E+02
  0.6728E-01  0.8164E+02  0.2501E+01  0.7786E+02  0.7786E+02
  0.6821E-01  0.7595E+02  0.2494E+01  0.7553E+02  0.7553E+02
  0.6914E-01  0.7392E+02  0.2507E+01  0.7325E+02  0.7325E+02
  0.7007E-01  0.7169E+02  0.2439E+01  0.7102E+02  0.7102E+02
  0.7100E-01  0.6980E+02  0.2523E+01  0.6884E+02  0.6884E+02
  0.7193E-01  0.6839E+02  0.2408E+01  0.6671E+02  0.6671E+02
  0.7286E-01  0.6665E+02  0.2443E+01  0.6462E+02  0.6462E+02
  0.7379E-01  0.6455E+02  0.2362E+01  0.6259E+02  0.6259E+02
  0.7472E-01  0.6191E+02  0.2362E+01  0.6061E+02  0.6061E+02
  0.7565E-01  0.5640E+02  0.2355E+01  0.5867E+02  0.5867E+02
  0.7658E-01  0.5402E+02  0.2346E+01  0.5678E+02  0.5678E+02
  0.7751E-01  0.5494E+02  0.2357E+01  0.5494E+02  0.5494E+02
  0.7844E-01  0.5396E+02  0.2228E+01  0.5314E+02  0.5314E+02
  0.7937E-01  0.5170E+02  0.2249E+01  0.5139E+02  0.5139E+02
  0.8030E-01  0.4596E+02  0.2307E+01  0.4968E+02  0.4968E+02
  0.8123E-01  0.4443E+02  0.2202E+01  0.4801E+02  0.4801E+02
  0.8216E-01  0.4792E+02  0.2237E+01  0.4638E+02  0.4638E+02
  0.8309E-01  0.4478E+02  0.2209E+01  0.4480E+02  0.4480E+02
  0.8402E-01  0.4635E+02  0.2261E+01  0.4326E+02  0.4326E+02
  0.8495E-01  0.4416E+02  0.2268E+01  0.4175E+02  0.4175E+02
  0.8588E-01  0.3837E+02  0.2166E+01  0.4029E+02  0.4029E+02
  0.8681E-01  0.3755E+02  0.2156E+01  0.3886E+02  0.3886E+02
  0.8774E-01  0.4028E+02  0.2150E+01  0.3747E+02  0.3747E+02
  0.8867E-01  0.3695E+02  0.2121E+01  0.3611E+02  0.3611E+02
  0.8960E-01  0.3494E+02  0.2119E+01  0.3480E+02  0.3480E+02
  0.9053E-01  0.3346E+02  0.2125E+01  0.3351E+02  0.3351E+02
  0.9146E-01  0.3303E+02  0.2109E+01  0.3226E+02  0.3226E+02
  0.9239E-01  0.3208E+02  0.2096E+01  0.3105E+02  0.3105E+02
  0.9332E-01  0.3059E+02  0.2070E+01  0.2986E+02  0.2986E+02
  0.9425E-01  0.3002E+02  0.2041E+01  0.2871E+02  0.2871E+02
  0.9518E-01  0.2691E+02  0.2041E+01  0.2759E+02  0.2759E+02
  0.9611E-01  0.2200E+02  0.2052E+01  0.2651E+02  0.2651E+02
  0.9704E-01  0.1919E+02  0.2034E+01  0.2545E+02  0.2545E+02
  0.9797E-01  0.2128E+02  0.2040E+01  0.2442E+02  0.2442E+02
  0.9890E-01  0.2291E+02  0.1977E+01  0.2342E+02  0.2342E+02
  0.9982E-01  0.2278E+02  0.2003E+01  0.2245E+02  0.2245E+02
  0.1008E+00  0.2010E+02  0.1976E+01  0.2151E+02  0.2151E+02
  0.1017E+00  0.2158E+02  0.1966E+01  0.2060E+02  0.2060E+02
  0.1026E+00  0.2233E+02  0.1943E+01  0.1971E+02  0.1971E+02
  0.1035E+00  0.1842E+02  0.1908E+01  0.1885E+02  0.1885E+02
  0.1045E+00  0.1679E+02  0.1929E+01  0.1801E+02  0.1801E+02
  0.1054E+00  0.1820E+02  0.1910E+01  0.1721E+02  0.1721E+02
  0.1063E+00  0.1588E+02  0.1920E+01  0.1642E+02  0.1642E+02
  0.1073E+00  0.1835E+02  0.1894E+01  0.1567E+02  0.1567E+02
  0.1082E+00  0.1716E+02  0.1893E+01  0.1493E+02  0.1493E+02
  0.1091E+00  0.1626E+02  0.1964E+01  0.1422E+02  0.1422E+02
  0.1101E+00  0.1685E+02  0.1879E+01  0.1354E+02  0.1354E+02
  0.1110E+00  0.1330E+02  0.1885E+01  0.1288E+02  0.1288E+02
  0.1119E+00  0.1236E+02  0.1846E+01  0.1224E+02  0.1224E+02
  0.1128E+00  0.1118E+02  0.1850E+01  0.1163E+02  0.1163E+02
  0.1138E+00  0.9974E+01  0.1856E+01  0.1103E+02  0.1103E+02
  0.1147E+00  0.7149E+01  0.1794E+01  0.1046E+02  0.1046E+02
  0.1156E+00  0.9262E+01  0.1829E+01  0.9912E+01  0.9912E+01
  0.1166E+00  0.1107E+02  0.1824E+01  0.9384E+01  0.9384E+01
  0.1175E+00  0.1327E+02  0.1795E+01  0.8877E+01  0.8877E+01
  0.1184E+00  0.1104E+02  0.1802E+01  0.8391E+01  0.8391E+01
  0.1193E+00  0.7686E+01  0.1764E+01  0.7924E+01  0.7924E+01
  0.1203E+00  0.7537E+01  0.1802E+01  0.7478E+01  0.7478E+01
  0.1212E+00  0.1778E+01  0.1756E+01  0.7050E+01  0.7050E+01
  0.1221E+00  0.5437E+01  0.1781E+01  0.6642E+01  0.6642E+01
  0.1231E+00  0.5740E+01  0.1766E+01  0.6252E+01  0.6252E+01
  0.1240E+00  0.2214E+01  0.1774E+01  0.5880E+01  0.5880E+01
  0.1249E+00  0.2990E+01  0.1752E+01  0.5526E+01  0.5526E+01
  0.1259E+00  0.3677E+01  0.1679E+01  0.5189E+01  0.5189E+01
  0.1268E+00  0.3523E+01  0.1719E+01  0.4869E+01  0.4869E+01
  0.1277E+00  0.5222E+01  0.1702E+01  0.4566E+01  0.4566E+01
  0.1286E+00  0.5610E+01  0.1726E+01  0.4278E+01  0.4278E+01
  0.1296E+00  0.1183E+01  0.1732E+01  0.4006E+01  0.4006E+01
  0.1305E+00 -0.2571E+01  0.1700E+01  0.3748E+01  0.3748E+01
  0.1314E+00  0.1836E+01  0.1732E+01  0.3506E+01  0.3506E+01
  0.1324E+00  0.4455E+01  0.1750E+01  0.3277E+01  0.3277E+01
  0.1333E+00  0.5416E+01  0.1699E+01  0.3062E+01  0.3062E+01
  0.1342E+00  0.1025E+01  0.1714E+01  0.2860E+01  0.2860E+01
  0.1352E+00  0.1055E+01  0.1672E+01  0.2671E+01  0.2671E+01
  0.1361E+00  0.1024E+01  0.1736E+01  0.2493E+01  0.2493E+01
  0.1370E+00  0.2102E+01  0.1674E+01  0.2328E+01  0.2328E+01
  0.1379E+00  0.2790E+01  0.1675E+01  0.2173E+01  0.2173E+01
  0.1389E+00  0.2050E+01  0.1679E+01  0.2029E+01  0.2029E+01
  0.1398E+00  0.2457E+01  0.1694E+01  0.1896E+01  0.1896E+01
  0.1407E+00  0.4108E+01  0.1665E+01  0.1772E+01  0.1772E+01
  0.1417E+00  0.2939E+01  0.1612E+01  0.1657E+01  0.1657E+01
  0.1426E+00  0.2294E+01  0.1645E+01  0.1551E+01  0.1551E+01
  0.1435E+00  0.1394E+01  0.2042E+01  0.1453E+01  0.1453E+01
  0.1445E+00  0.1466E+01  0.1737E+01  0.1363E+01  0.1363E+01
  0.1454E+00 -0.6570E+00  0.1630E+01  0.1281E+01  0.1281E+01
  0.1463E+00 -0.1190E+01  0.1601E+01  0.1206E+01  0.1206E+01
  0.1472E+00 -0.1202E-01  0.1624E+01  0.1137E+01  0.1137E+01
  0.1482E+00  0.3824E+01  0.1629E+01  0.1074E+01  0.1074E+01
  0.1491E+00  0.3919E+01  0.1642E+01  0.1017E+01  0.1017E+01
  0.1500E+00  0.9860E+00  0.1637E+01  0.9654E+00  0.9654E+00
  0.1510E+00 -0.1504E+01  0.1622E+01  0.9187E+00  0.9187E+00
  0.1519E+00 -0.3129E+01  0.1652E+01  0.8765E+00  0.8765E+00
  0.1528E+00 -0.2004E+01  0.1628E+01  0.8386E+00  0.8386E+00
  0.1538E+00 -0.2278E+01  0.1609E+01  0.8047E+00  0.8047E+00
  0.1547E+00 -0.9660E+00  0.1601E+01  0.7742E+00  0.7742E+00
  0.1556E+00 -0.8220E+00  0.1604E+01  0.7471E+00  0.7471E+00
  0.1565E+00  0.7230E+00  0.1606E+01  0.7229E+00  0.7229E+00
  0.1575E+00  0.1060E+00  0.1570E+01  0.7015E+00  0.7015E+00
  0.1584E+00  0.2250E+00  0.1571E+01  0.6824E+00  0.6824E+00
  0.1593E+00  0.8530E+00  0.1544E+01  0.6656E+00  0.6656E+00
  0.1603E+00  0.1560E+00  0.1568E+01  0.6507E+00  0.6507E+00
  0.1612E+00  0.8500E+00  0.1543E+01  0.6376E+00  0.6376E+00
  0.1621E+00 -0.4008E+01  0.1530E+01  0.6260E+00  0.6260E+00
  0.1630E+00 -0.1879E+01  0.1546E+01  0.6158E+00  0.6158E+00
  0.1640E+00 -0.1130E+00  0.1543E+01  0.6067E+00  0.6067E+00
  0.1649E+00  0.7550E+00  0.1539E+01  0.5988E+00  0.5988E+00
  0.1658E+00 -0.1644E+01  0.1530E+01  0.5917E+00  0.5917E+00
  0.1668E+00  0.2901E+01  0.1554E+01  0.5854E+00  0.5854E+00
  0.1677E+00  0.2437E+01  0.1570E+01  0.5798E+00  0.5798E+00
  0.1686E+00  0.8660E+00  0.1554E+01  0.5747E+00  0.5747E+00
  0.1696E+00  0.5603E-01  0.1576E+01  0.5700E+00  0.5700E+00
  0.1705E+00  0.9010E+00  0.1544E+01  0.5658E+00  0.5658E+00
  0.1714E+00  0.1720E+00  0.1560E+01  0.5619E+00  0.5619E+00
  0.1723E+00  0.7480E+00  0.1555E+01  0.5582E+00  0.5582E+00
  0.1733E+00  0.8900E+00  0.1514E+01  0.5547E+00  0.5547E+00
  0.1742E+00  0.6440E+00  0.1540E+01  0.5514E+00  0.5514E+00
  0.1751E+00  0.1426E+01  0.1483E+01  0.5482E+00  0.5482E+00
  0.1761E+00 -0.1219E+01  0.1517E+01  0.5452E+00  0.5452E+00
  0.1770E+00  0.1375E+01  0.1469E+01  0.5422E+00  0.5422E+00
  0.1779E+00  0.2192E+01  0.1491E+01  0.5392E+00  0.5392E+00
  0.1789E+00  0.2121E+01  0.1481E+01  0.5364E+00  0.5364E+00
  0.1798E+00 -0.2405E-01  0.1474E+01  0.5335E+00  0.5335E+00
  0.1807E+00  0.1292E+01  0.1492E+01  0.5308E+00  0.5308E+00
  0.1816E+00 -0.2420E+00  0.1490E+01  0.5281E+00  0.5281E+00
  0.1826E+00  0.3550E+00  0.1492E+01  0.5254E+00  0.5254E+00
  0.1835E+00  0.1500E+01  0.1486E+01  0.5228E+00  0.5228E+00
  0.1844E+00  0.1159E+01  0.1498E+01  0.5202E+00  0.5202E+00
  0.1854E+00 -0.1351E+01  0.1479E+01  0.5177E+00  0.5177E+00
  0.1863E+00  0.2647E+01  0.1450E+01  0.5154E+00  0.5154E+00
  0.1872E+00  0.3130E+00  0.1482E+01  0.5131E+00  0.5131E+00

           Distance distribution  function of particle  


       R          P(R)      ERROR

  0.0000E+00  0.0000E+00  0.0000E+00
  0.1025E+01  0.3027E-02  0.5862E-03
  0.2050E+01  0.8675E-02  0.1035E-02
  0.3075E+01  0.1690E-01  0.1352E-02
  0.4100E+01  0.2762E-01  0.1547E-02
  0.5125E+01  0.4073E-01  0.1630E-02
  0.6150E+01  0.5611E-01  0.1619E-02
  0.7175E+01  0.7358E-01  0.1534E-02
  0.8200E+01  0.9297E-01  0.1402E-02
  0.9225E+01  0.1141E+00  0.1261E-02
  0.1025E+02  0.1367E+00  0.1159E-02
  0.1127E+02  0.1605E+00  0.1148E-02
  0.1230E+02  0.1853E+00  0.1248E-02
  0.1332E+02  0.2109E+00  0.1438E-02
  0.1435E+02  0.2369E+00  0.1674E-02
  0.1537E+02  0.2631E+00  0.1918E-02
  0.1640E+02  0.2892E+00  0.2146E-02
  0.1742E+02  0.3149E+00  0.2339E-02
  0.1845E+02  0.3400E+00  0.2487E-02
  0.1947E+02  0.3642E+00  0.2585E-02
  0.2050E+02  0.3873E+00  0.2631E-02
  0.2152E+02  0.4091E+00  0.2630E-02
  0.2255E+02  0.4293E+00  0.2590E-02
  0.2357E+02  0.4477E+00  0.2523E-02
  0.2460E+02  0.4642E+00  0.2449E-02
  0.2562E+02  0.4787E+00  0.2387E-02
  0.2665E+02  0.4911E+00  0.2360E-02
  0.2767E+02  0.5012E+00  0.2384E-02
  0.2870E+02  0.5090E+00  0.2465E-02
  0.2972E+02  0.5145E+00  0.2601E-02
  0.3075E+02  0.5176E+00  0.2776E-02
  0.3177E+02  0.5185E+00  0.2972E-02
  0.3280E+02  0.5171E+00  0.3169E-02
  0.3382E+02  0.5135E+00  0.3351E-02
  0.3485E+02  0.5078E+00  0.3503E-02
  0.3588E+02  0.5002E+00  0.3616E-02
  0.3690E+02  0.4907E+00  0.3682E-02
  0.3792E+02  0.4796E+00  0.3701E-02
  0.3895E+02  0.4670E+00  0.3673E-02
  0.3997E+02  0.4531E+00  0.3604E-02
  0.4100E+02  0.4380E+00  0.3504E-02
  0.4202E+02  0.4220E+00  0.3388E-02
  0.4305E+02  0.4053E+00  0.3273E-02
  0.4407E+02  0.3879E+00  0.3181E-02
  0.4510E+02  0.3702E+00  0.3132E-02
  0.4612E+02  0.3523E+00  0.3143E-02
  0.4715E+02  0.3344E+00  0.3220E-02
  0.4817E+02  0.3166E+00  0.3359E-02
  0.4920E+02  0.2991E+00  0.3548E-02
  0.5022E+02  0.2820E+00  0.3768E-02
  0.5125E+02  0.2654E+00  0.3999E-02
  0.5227E+02  0.2495E+00  0.4225E-02
  0.5330E+02  0.2343E+00  0.4429E-02
  0.5432E+02  0.2198E+00  0.4601E-02
  0.5535E+02  0.2062E+00  0.4732E-02
  0.5637E+02  0.1935E+00  0.4819E-02
  0.5740E+02  0.1816E+00  0.4861E-02
  0.5842E+02  0.1706E+00  0.4860E-02
  0.5945E+02  0.1605E+00  0.4822E-02
  0.6047E+02  0.1512E+00  0.4756E-02
  0.6150E+02  0.1427E+00  0.4673E-02
  0.6252E+02  0.1350E+00  0.4586E-02
  0.6355E+02  0.1280E+00  0.4508E-02
  0.6457E+02  0.1216E+00  0.4452E-02
  0.6560E+02  0.1158E+00  0.4428E-02
  0.6663E+02  0.1105E+00  0.4441E-02
  0.6765E+02  0.1056E+00  0.4490E-02
  0.6867E+02  0.1011E+00  0.4572E-02
  0.6970E+02  0.9695E-01  0.4676E-02
  0.7072E+02  0.9304E-01  0.4791E-02
  0.7175E+02  0.8934E-01  0.4905E-02
  0.7277E+02  0.8581E-01  0.5008E-02
  0.7380E+02  0.8240E-01  0.5091E-02
  0.7482E+02  0.7908E-01  0.5146E-02
  0.7585E+02  0.7582E-01  0.5171E-02
  0.7688E+02  0.7260E-01  0.5164E-02
  0.7790E+02  0.6941E-01  0.5128E-02
  0.7892E+02  0.6625E-01  0.5070E-02
  0.7995E+02  0.6311E-01  0.4995E-02
  0.8097E+02  0.5999E-01  0.4915E-02
  0.8200E+02  0.5691E-01  0.4841E-02
  0.8302E+02  0.5386E-01  0.4783E-02
  0.8405E+02  0.5086E-01  0.4749E-02
  0.8507E+02  0.4791E-01  0.4746E-02
  0.8610E+02  0.4503E-01  0.4775E-02
  0.8712E+02  0.4222E-01  0.4830E-02
  0.8815E+02  0.3949E-01  0.4904E-02
  0.8917E+02  0.3683E-01  0.4983E-02
  0.9020E+02  0.3425E-01  0.5053E-02
  0.9122E+02  0.3173E-01  0.5096E-02
  0.9225E+02  0.2925E-01  0.5098E-02
  0.9327E+02  0.2680E-01  0.5042E-02
  0.9430E+02  0.2436E-01  0.4914E-02
  0.9532E+02  0.2188E-01  0.4700E-02
  0.9635E+02  0.1933E-01  0.4390E-02
  0.9737E+02  0.1668E-01  0.3972E-02
  0.9840E+02  0.1387E-01  0.3438E-02
  0.9942E+02  0.1084E-01  0.2779E-02
  0.1004E+03  0.7564E-02  0.1990E-02
  0.1015E+03  0.3968E-02  0.1065E-02
  0.1025E+03  0.0000E+00  0.0000E+00
          Reciprocal space: Rg =   30.15     , I(0) =   0.2664E+03
     Real space: Rg =   30.18 +- 0.243  I(0) =   0.2664E+03 +-  0.1733E+01
