
           ####    G N O M   ---   Version 4.5a revised 09/02/02     ####

                                                  Sun Nov  5 11:57:51 2017
           ===    Run No   1   ===
 Run title:  0.000356363 0 0


  Number of points omitted at the end:         290
   *******   Working Directory :
   *******    Input file(s) : 24648_01C_S278_0_01.sub
           Condition P(rmin) = 0 is used. 
           Condition P(rmax) = 0 is used. 

          Experimental conditions for the first run
          -----------------------------------------

          Highest ALPHA is found to be   0.1805E+03

  The measure of inconsistency AN1 equals to    0.1075E+01

          Warning: using the chosen range in the real space 
             it is not possible to fit the data set within the
             given error band. 
     Alpha    Discrp  Oscill  Stabil  Sysdev  Positv  Valcen    Total   
  0.1805E+06 68.0921  1.2595  0.9342  0.0000  1.0000  0.8391  0.00001
  0.3610E+05 56.2786  1.2680  0.7603  0.0000  1.0000  0.8373  0.00001
  0.7219E+04 31.4208  1.3040  0.3809  0.0000  1.0000  0.8299  0.00001
  0.1444E+04 13.7162  1.4051  0.1138  0.0397  1.0000  0.8136  0.00001
  0.2888E+03  7.8366  1.5993  0.0882  0.0850  1.0000  0.8070  0.00001
  0.5775E+02  4.1153  1.9781  0.0593  0.2210  1.0000  0.8118  0.00001
  0.1155E+02  1.8480  2.4129  0.0387  0.5269  1.0000  0.8038  0.35434
  0.2310E+01  0.9241  2.7495  0.0288  0.7195  1.0000  0.7930  0.40227
  0.4620E+00  0.6975  2.9598  0.0188  0.7649  1.0000  0.7882  0.36721
  0.9241E-01  0.6673  3.0695  0.0123  0.7649  1.0000  0.7868  0.10000
  0.1848E-01  0.6609  3.2216  0.0472  0.7649  1.0000  0.7861  0.10000
  0.3696E-02  0.6453  4.7396  0.1753  0.7309  0.9972  0.7797  0.10000
  0.7393E-03  0.6159  9.6178  0.2552  0.7479  0.9675  0.6990  0.10000
  0.1479E-03  0.6004 13.3241  0.1940  0.7252  0.9205  0.6112  0.10000
  0.2957E-04  0.5942 17.5630  0.4574  0.7479  0.8590  0.4887  0.10000
  0.5914E-05  0.5890 21.2471  0.3997  0.7592  0.7933  0.3135  0.10000
  0.1183E-05  0.5853 23.4489  0.8650  0.7705  0.7614  0.2175  0.10000
  0.2366E-06  0.5785 20.3193  0.6446  0.7705  0.7339  0.2540  0.10000
  0.4731E-07  0.5733 19.9757  0.2497  0.8159  0.7216  0.2575  0.10000
  0.9463E-08  0.5717 23.8025  0.4560  0.8045  0.7252  0.2554  0.10000
  0.1893E-08  0.5686 31.3796  0.8548  0.7932  0.6677  0.3235  0.10000
  0.3785E-09  0.5565 33.8034  0.9049  0.8045  0.6341  0.3901  0.10000
  0.7570E-10  0.5130 35.2060  0.7722  0.7932  0.6393  0.3907  0.10000
  0.1514E-10  0.4128 38.3537  0.5684  0.8045  0.6413  0.3811  0.10000
  0.3028E-11  0.2775 42.6231  0.4243  0.8159  0.6666  0.3307  0.10000
  0.6056E-12  0.1524 46.8294  0.3139  0.7479  0.6862  0.3011  0.10000
  0.1211E-12  0.0618 50.7198  0.1886  0.7479  0.6952  0.2962  0.10000
  0.2422E-13  0.0177 52.7533  0.0767  0.7479  0.7002  0.2841  0.10000
  0.4845E-14  0.0040 53.3936  0.0217  0.7479  0.7015  0.2786  0.10000
  0.9690E-15  0.0008 53.5434  0.0048  0.7479  0.7018  0.2771  0.10000
  0.1938E-15  0.0002 53.5747  0.0010  0.7479  0.7018  0.2768  0.10000

          ***  Golden section search to maximize estimate ***
     Alpha    Discrp  Oscill  Stabil  Sysdev  Positv  Valcen    Total   
  0.4272E+01  1.1597  2.6358  0.0326  0.7309  1.0000  0.7965  0.41418
  0.6246E+01  1.3719  2.5561  0.0349  0.6856  1.0000  0.7991  0.38678
  0.3378E+01  1.0554  2.6815  0.0311  0.7309  1.0000  0.7951  0.41463
  0.2922E+01  1.0001  2.7084  0.0302  0.7422  1.0000  0.7942  0.41827
  0.2671E+01  0.9692  2.7244  0.0297  0.7309  1.0000  0.7938  0.41091
  0.3088E+01  1.0204  2.6982  0.0306  0.7309  1.0000  0.7945  0.41362
  0.2823E+01  0.9880  2.7145  0.0300  0.7309  1.0000  0.7940  0.41208
  0.2984E+01  1.0078  2.7045  0.0304  0.7309  1.0000  0.7943  0.41309
  0.2884E+01  0.9954  2.7107  0.0302  0.7422  1.0000  0.7942  0.41803
  0.2945E+01  1.0030  2.7069  0.0303  0.7309  1.0000  0.7943  0.41287
  0.2907E+01  0.9983  2.7093  0.0302  0.7422  1.0000  0.7942  0.41818
  0.2931E+01  1.0012  2.7078  0.0303  0.7422  1.0000  0.7942  0.41832
  0.2936E+01  1.0019  2.7074  0.0303  0.7422  1.0000  0.7943  0.41836
  0.2940E+01  1.0023  2.7072  0.0303  0.7309  1.0000  0.7943  0.41283
  0.2934E+01  1.0016  2.7076  0.0303  0.7422  1.0000  0.7943  0.41834
  0.2936E+01  1.0019  2.7074  0.0303  0.7422  1.0000  0.7943  0.41836



             ####            Final results            ####

 Parameter    DISCRP    OSCILL    STABIL    SYSDEV    POSITV    VALCEN
 Weight        1.000     3.000     3.000     4.000     1.000     1.000
 Sigma         0.500     0.600     0.120     0.200     0.120     0.120
 Ideal         1.000     1.100     0.000     1.000     1.000     0.950
 Current       1.002     2.707     0.030     0.742     1.000     0.794
                - - - - - - - - - - - - - - - - - - - - - - - - - 
 Estimate      1.000     0.001     0.938     0.190     1.000     0.186

  Angular   range    :     from    0.0078   to    0.3360
  Real space range   :     from      0.00   to    119.60

  Highest ALPHA (theor) :   0.180E+06                 JOB = 0
  Current ALPHA         :   0.294E+01   Rg :  0.315E+02   I(0) :   0.108E+04

           Total  estimate : 0.418  which is  A SUSPICIOUS  solution

      S          J EXP       ERROR       J REG       I REG

  0.0000E+00                                      0.1076E+04
  0.9742E-03                                      0.1076E+04
  0.1948E-02                                      0.1075E+04
  0.2923E-02                                      0.1073E+04
  0.3897E-02                                      0.1071E+04
  0.4871E-02                                      0.1068E+04
  0.5845E-02                                      0.1064E+04
  0.6819E-02                                      0.1060E+04
  0.7793E-02  0.1005E+04  0.1329E+03  0.1055E+04  0.1055E+04
  0.8723E-02  0.1156E+04  0.1254E+03  0.1049E+04  0.1049E+04
  0.9653E-02  0.1167E+04  0.9345E+02  0.1044E+04  0.1044E+04
  0.1058E-01  0.1151E+04  0.6848E+02  0.1037E+04  0.1037E+04
  0.1151E-01  0.1096E+04  0.4205E+02  0.1030E+04  0.1030E+04
  0.1244E-01  0.1067E+04  0.2725E+02  0.1023E+04  0.1023E+04
  0.1337E-01  0.1039E+04  0.1819E+02  0.1015E+04  0.1015E+04
  0.1430E-01  0.1035E+04  0.1437E+02  0.1006E+04  0.1006E+04
  0.1523E-01  0.1020E+04  0.1209E+02  0.9975E+03  0.9975E+03
  0.1616E-01  0.1011E+04  0.1003E+02  0.9882E+03  0.9882E+03
  0.1709E-01  0.9789E+03  0.9135E+01  0.9784E+03  0.9784E+03
  0.1802E-01  0.9767E+03  0.8238E+01  0.9683E+03  0.9683E+03
  0.1895E-01  0.9628E+03  0.7579E+01  0.9578E+03  0.9578E+03
  0.1988E-01  0.9558E+03  0.7349E+01  0.9469E+03  0.9469E+03
  0.2081E-01  0.9397E+03  0.6954E+01  0.9357E+03  0.9357E+03
  0.2174E-01  0.9360E+03  0.7011E+01  0.9242E+03  0.9242E+03
  0.2267E-01  0.9123E+03  0.6055E+01  0.9124E+03  0.9124E+03
  0.2360E-01  0.9006E+03  0.6040E+01  0.9004E+03  0.9004E+03
  0.2453E-01  0.8839E+03  0.5525E+01  0.8881E+03  0.8881E+03
  0.2546E-01  0.8682E+03  0.5603E+01  0.8756E+03  0.8756E+03
  0.2639E-01  0.8579E+03  0.5211E+01  0.8629E+03  0.8629E+03
  0.2732E-01  0.8486E+03  0.5361E+01  0.8500E+03  0.8500E+03
  0.2825E-01  0.8314E+03  0.5436E+01  0.8370E+03  0.8370E+03
  0.2918E-01  0.8197E+03  0.5026E+01  0.8239E+03  0.8239E+03
  0.3010E-01  0.8067E+03  0.5035E+01  0.8106E+03  0.8106E+03
  0.3103E-01  0.7890E+03  0.4955E+01  0.7973E+03  0.7973E+03
  0.3196E-01  0.7793E+03  0.4815E+01  0.7839E+03  0.7839E+03
  0.3289E-01  0.7607E+03  0.4669E+01  0.7705E+03  0.7705E+03
  0.3382E-01  0.7498E+03  0.4409E+01  0.7570E+03  0.7570E+03
  0.3475E-01  0.7448E+03  0.4453E+01  0.7435E+03  0.7435E+03
  0.3568E-01  0.7319E+03  0.4263E+01  0.7301E+03  0.7301E+03
  0.3661E-01  0.7182E+03  0.4194E+01  0.7166E+03  0.7166E+03
  0.3754E-01  0.6980E+03  0.4222E+01  0.7032E+03  0.7032E+03
  0.3847E-01  0.6844E+03  0.3938E+01  0.6899E+03  0.6899E+03
  0.3940E-01  0.6736E+03  0.3971E+01  0.6767E+03  0.6767E+03
  0.4033E-01  0.6668E+03  0.3878E+01  0.6635E+03  0.6635E+03
  0.4126E-01  0.6498E+03  0.3858E+01  0.6504E+03  0.6504E+03
  0.4219E-01  0.6347E+03  0.3739E+01  0.6374E+03  0.6374E+03
  0.4312E-01  0.6226E+03  0.3790E+01  0.6246E+03  0.6246E+03
  0.4405E-01  0.6087E+03  0.3975E+01  0.6118E+03  0.6118E+03
  0.4498E-01  0.6012E+03  0.3726E+01  0.5992E+03  0.5992E+03
  0.4591E-01  0.5906E+03  0.3802E+01  0.5868E+03  0.5868E+03
  0.4684E-01  0.5710E+03  0.3673E+01  0.5745E+03  0.5745E+03
  0.4777E-01  0.5643E+03  0.3615E+01  0.5624E+03  0.5624E+03
  0.4870E-01  0.5602E+03  0.3584E+01  0.5504E+03  0.5504E+03
  0.4963E-01  0.5365E+03  0.3419E+01  0.5386E+03  0.5386E+03
  0.5056E-01  0.5275E+03  0.3356E+01  0.5270E+03  0.5270E+03
  0.5149E-01  0.5153E+03  0.3386E+01  0.5155E+03  0.5155E+03
  0.5242E-01  0.5097E+03  0.3361E+01  0.5042E+03  0.5042E+03
  0.5335E-01  0.5054E+03  0.3945E+01  0.4931E+03  0.4931E+03
  0.5428E-01  0.4820E+03  0.3486E+01  0.4822E+03  0.4822E+03
  0.5521E-01  0.4710E+03  0.3194E+01  0.4715E+03  0.4715E+03
  0.5613E-01  0.4634E+03  0.3038E+01  0.4609E+03  0.4609E+03
  0.5706E-01  0.4555E+03  0.3047E+01  0.4505E+03  0.4505E+03
  0.5799E-01  0.4475E+03  0.3045E+01  0.4403E+03  0.4403E+03
  0.5892E-01  0.4365E+03  0.3057E+01  0.4303E+03  0.4303E+03
  0.5985E-01  0.4264E+03  0.3078E+01  0.4205E+03  0.4205E+03
  0.6078E-01  0.4114E+03  0.3046E+01  0.4108E+03  0.4108E+03
  0.6171E-01  0.4027E+03  0.3123E+01  0.4013E+03  0.4013E+03
  0.6264E-01  0.3921E+03  0.3023E+01  0.3920E+03  0.3920E+03
  0.6357E-01  0.3811E+03  0.3079E+01  0.3829E+03  0.3829E+03
  0.6450E-01  0.3731E+03  0.3004E+01  0.3739E+03  0.3739E+03
  0.6543E-01  0.3713E+03  0.2921E+01  0.3651E+03  0.3651E+03
  0.6636E-01  0.3624E+03  0.2918E+01  0.3565E+03  0.3565E+03
  0.6729E-01  0.3441E+03  0.2830E+01  0.3480E+03  0.3480E+03
  0.6822E-01  0.3374E+03  0.2786E+01  0.3397E+03  0.3397E+03
  0.6915E-01  0.3291E+03  0.2639E+01  0.3316E+03  0.3316E+03
  0.7008E-01  0.3190E+03  0.2625E+01  0.3235E+03  0.3235E+03
  0.7101E-01  0.3105E+03  0.2690E+01  0.3157E+03  0.3157E+03
  0.7194E-01  0.3045E+03  0.2645E+01  0.3080E+03  0.3080E+03
  0.7287E-01  0.3001E+03  0.2673E+01  0.3004E+03  0.3004E+03
  0.7380E-01  0.2944E+03  0.2613E+01  0.2930E+03  0.2930E+03
  0.7473E-01  0.2872E+03  0.2666E+01  0.2858E+03  0.2858E+03
  0.7566E-01  0.2771E+03  0.2699E+01  0.2787E+03  0.2787E+03
  0.7659E-01  0.2667E+03  0.2670E+01  0.2717E+03  0.2717E+03
  0.7752E-01  0.2636E+03  0.2692E+01  0.2648E+03  0.2648E+03
  0.7845E-01  0.2579E+03  0.2596E+01  0.2581E+03  0.2581E+03
  0.7938E-01  0.2507E+03  0.2626E+01  0.2516E+03  0.2516E+03
  0.8031E-01  0.2454E+03  0.2541E+01  0.2451E+03  0.2451E+03
  0.8123E-01  0.2331E+03  0.2476E+01  0.2388E+03  0.2388E+03
  0.8216E-01  0.2355E+03  0.2517E+01  0.2327E+03  0.2327E+03
  0.8309E-01  0.2342E+03  0.2392E+01  0.2266E+03  0.2266E+03
  0.8402E-01  0.2250E+03  0.2408E+01  0.2207E+03  0.2207E+03
  0.8495E-01  0.2141E+03  0.2337E+01  0.2150E+03  0.2150E+03
  0.8588E-01  0.2061E+03  0.2359E+01  0.2093E+03  0.2093E+03
  0.8681E-01  0.2021E+03  0.2386E+01  0.2038E+03  0.2038E+03
  0.8774E-01  0.2004E+03  0.2335E+01  0.1985E+03  0.1985E+03
  0.8867E-01  0.1952E+03  0.2385E+01  0.1932E+03  0.1932E+03
  0.8960E-01  0.1880E+03  0.2329E+01  0.1881E+03  0.1881E+03
  0.9053E-01  0.1836E+03  0.2327E+01  0.1831E+03  0.1831E+03
  0.9146E-01  0.1749E+03  0.2337E+01  0.1783E+03  0.1783E+03
  0.9239E-01  0.1726E+03  0.2301E+01  0.1735E+03  0.1735E+03
  0.9332E-01  0.1692E+03  0.2317E+01  0.1689E+03  0.1689E+03
  0.9425E-01  0.1633E+03  0.2270E+01  0.1645E+03  0.1645E+03
  0.9518E-01  0.1644E+03  0.2272E+01  0.1601E+03  0.1601E+03
  0.9611E-01  0.1580E+03  0.2232E+01  0.1559E+03  0.1559E+03
  0.9704E-01  0.1518E+03  0.2173E+01  0.1518E+03  0.1518E+03
  0.9797E-01  0.1488E+03  0.2214E+01  0.1478E+03  0.1478E+03
  0.9890E-01  0.1484E+03  0.2179E+01  0.1440E+03  0.1440E+03
  0.9983E-01  0.1414E+03  0.2157E+01  0.1403E+03  0.1403E+03
  0.1008E+00  0.1381E+03  0.2162E+01  0.1367E+03  0.1367E+03
  0.1017E+00  0.1340E+03  0.2115E+01  0.1332E+03  0.1332E+03
  0.1026E+00  0.1306E+03  0.2098E+01  0.1298E+03  0.1298E+03
  0.1035E+00  0.1240E+03  0.2074E+01  0.1265E+03  0.1265E+03
  0.1045E+00  0.1189E+03  0.2080E+01  0.1234E+03  0.1234E+03
  0.1054E+00  0.1174E+03  0.2062E+01  0.1204E+03  0.1204E+03
  0.1063E+00  0.1149E+03  0.2098E+01  0.1175E+03  0.1175E+03
  0.1073E+00  0.1146E+03  0.2112E+01  0.1147E+03  0.1147E+03
  0.1082E+00  0.1101E+03  0.2071E+01  0.1120E+03  0.1120E+03
  0.1091E+00  0.1046E+03  0.2066E+01  0.1094E+03  0.1094E+03
  0.1101E+00  0.1068E+03  0.2035E+01  0.1069E+03  0.1069E+03
  0.1110E+00  0.1055E+03  0.2032E+01  0.1045E+03  0.1045E+03
  0.1119E+00  0.1019E+03  0.2028E+01  0.1022E+03  0.1022E+03
  0.1128E+00  0.9979E+02  0.1981E+01  0.1000E+03  0.1000E+03
  0.1138E+00  0.9997E+02  0.1978E+01  0.9789E+02  0.9789E+02
  0.1147E+00  0.9904E+02  0.1941E+01  0.9587E+02  0.9587E+02
  0.1156E+00  0.9766E+02  0.1959E+01  0.9393E+02  0.9393E+02
  0.1166E+00  0.9571E+02  0.1963E+01  0.9208E+02  0.9208E+02
  0.1175E+00  0.9030E+02  0.2003E+01  0.9031E+02  0.9031E+02
  0.1184E+00  0.8979E+02  0.2015E+01  0.8861E+02  0.8861E+02
  0.1193E+00  0.8633E+02  0.2018E+01  0.8699E+02  0.8699E+02
  0.1203E+00  0.8485E+02  0.2044E+01  0.8544E+02  0.8544E+02
  0.1212E+00  0.8237E+02  0.1997E+01  0.8396E+02  0.8396E+02
  0.1221E+00  0.8888E+02  0.2016E+01  0.8255E+02  0.8255E+02
  0.1231E+00  0.8298E+02  0.2003E+01  0.8120E+02  0.8120E+02
  0.1240E+00  0.7794E+02  0.1952E+01  0.7991E+02  0.7991E+02
  0.1249E+00  0.7462E+02  0.1971E+01  0.7867E+02  0.7867E+02
  0.1259E+00  0.7801E+02  0.1926E+01  0.7750E+02  0.7750E+02
  0.1268E+00  0.7614E+02  0.1984E+01  0.7637E+02  0.7637E+02
  0.1277E+00  0.6948E+02  0.1933E+01  0.7530E+02  0.7530E+02
  0.1286E+00  0.6857E+02  0.1954E+01  0.7427E+02  0.7427E+02
  0.1296E+00  0.6949E+02  0.1995E+01  0.7329E+02  0.7329E+02
  0.1305E+00  0.7626E+02  0.1992E+01  0.7236E+02  0.7236E+02
  0.1314E+00  0.7410E+02  0.2020E+01  0.7147E+02  0.7147E+02
  0.1324E+00  0.6820E+02  0.1944E+01  0.7061E+02  0.7061E+02
  0.1333E+00  0.6323E+02  0.1954E+01  0.6980E+02  0.6980E+02
  0.1342E+00  0.6943E+02  0.1940E+01  0.6902E+02  0.6902E+02
  0.1352E+00  0.7074E+02  0.1935E+01  0.6828E+02  0.6828E+02
  0.1361E+00  0.6871E+02  0.1954E+01  0.6757E+02  0.6757E+02
  0.1370E+00  0.6534E+02  0.1874E+01  0.6690E+02  0.6690E+02
  0.1379E+00  0.6795E+02  0.1916E+01  0.6625E+02  0.6625E+02
  0.1389E+00  0.6399E+02  0.1903E+01  0.6564E+02  0.6564E+02
  0.1398E+00  0.6085E+02  0.1908E+01  0.6505E+02  0.6505E+02
  0.1407E+00  0.6333E+02  0.1914E+01  0.6449E+02  0.6449E+02
  0.1417E+00  0.6241E+02  0.1884E+01  0.6396E+02  0.6396E+02
  0.1426E+00  0.6009E+02  0.1904E+01  0.6346E+02  0.6346E+02
  0.1435E+00  0.6376E+02  0.1874E+01  0.6298E+02  0.6298E+02
  0.1445E+00  0.6162E+02  0.1865E+01  0.6252E+02  0.6252E+02
  0.1454E+00  0.6268E+02  0.1846E+01  0.6209E+02  0.6209E+02
  0.1463E+00  0.6110E+02  0.1825E+01  0.6169E+02  0.6169E+02
  0.1472E+00  0.6316E+02  0.1860E+01  0.6130E+02  0.6130E+02
  0.1482E+00  0.5798E+02  0.1825E+01  0.6094E+02  0.6094E+02
  0.1491E+00  0.5759E+02  0.1890E+01  0.6060E+02  0.6060E+02
  0.1500E+00  0.5739E+02  0.1861E+01  0.6028E+02  0.6028E+02
  0.1510E+00  0.5993E+02  0.1850E+01  0.5998E+02  0.5998E+02
  0.1519E+00  0.6159E+02  0.1919E+01  0.5970E+02  0.5970E+02
  0.1528E+00  0.5896E+02  0.1868E+01  0.5944E+02  0.5944E+02
  0.1537E+00  0.6223E+02  0.1906E+01  0.5920E+02  0.5920E+02
  0.1547E+00  0.6498E+02  0.1851E+01  0.5898E+02  0.5898E+02
  0.1556E+00  0.6430E+02  0.1902E+01  0.5878E+02  0.5878E+02
  0.1565E+00  0.5873E+02  0.1823E+01  0.5859E+02  0.5859E+02
  0.1575E+00  0.5714E+02  0.1809E+01  0.5842E+02  0.5842E+02
  0.1584E+00  0.5544E+02  0.1827E+01  0.5827E+02  0.5827E+02
  0.1593E+00  0.5889E+02  0.1785E+01  0.5813E+02  0.5813E+02
  0.1603E+00  0.5624E+02  0.1810E+01  0.5801E+02  0.5801E+02
  0.1612E+00  0.5509E+02  0.1820E+01  0.5790E+02  0.5790E+02
  0.1621E+00  0.5732E+02  0.1783E+01  0.5781E+02  0.5781E+02
  0.1630E+00  0.5758E+02  0.1831E+01  0.5773E+02  0.5773E+02
  0.1640E+00  0.5850E+02  0.1805E+01  0.5766E+02  0.5766E+02
  0.1649E+00  0.5588E+02  0.1843E+01  0.5760E+02  0.5760E+02
  0.1658E+00  0.5820E+02  0.1859E+01  0.5755E+02  0.5755E+02
  0.1668E+00  0.5792E+02  0.1836E+01  0.5751E+02  0.5751E+02
  0.1677E+00  0.5478E+02  0.1867E+01  0.5748E+02  0.5748E+02
  0.1686E+00  0.5600E+02  0.1822E+01  0.5746E+02  0.5746E+02
  0.1696E+00  0.5810E+02  0.1847E+01  0.5744E+02  0.5744E+02
  0.1705E+00  0.5922E+02  0.1797E+01  0.5743E+02  0.5743E+02
  0.1714E+00  0.5834E+02  0.1810E+01  0.5743E+02  0.5743E+02
  0.1723E+00  0.5987E+02  0.1866E+01  0.5743E+02  0.5743E+02
  0.1733E+00  0.5982E+02  0.1816E+01  0.5743E+02  0.5743E+02
  0.1742E+00  0.6004E+02  0.1831E+01  0.5744E+02  0.5744E+02
  0.1751E+00  0.5845E+02  0.1802E+01  0.5744E+02  0.5744E+02
  0.1761E+00  0.5667E+02  0.1802E+01  0.5745E+02  0.5745E+02
  0.1770E+00  0.5729E+02  0.1834E+01  0.5746E+02  0.5746E+02
  0.1779E+00  0.5406E+02  0.1787E+01  0.5747E+02  0.5747E+02
  0.1788E+00  0.5266E+02  0.1830E+01  0.5747E+02  0.5747E+02
  0.1798E+00  0.5248E+02  0.1790E+01  0.5748E+02  0.5748E+02
  0.1807E+00  0.5633E+02  0.1818E+01  0.5748E+02  0.5748E+02
  0.1816E+00  0.5905E+02  0.1823E+01  0.5748E+02  0.5748E+02
  0.1826E+00  0.5814E+02  0.1805E+01  0.5747E+02  0.5747E+02
  0.1835E+00  0.5850E+02  0.1784E+01  0.5746E+02  0.5746E+02
  0.1844E+00  0.5713E+02  0.1801E+01  0.5745E+02  0.5745E+02
  0.1854E+00  0.5501E+02  0.1829E+01  0.5743E+02  0.5743E+02
  0.1863E+00  0.5629E+02  0.1823E+01  0.5740E+02  0.5740E+02
  0.1872E+00  0.5389E+02  0.1816E+01  0.5737E+02  0.5737E+02
  0.1881E+00  0.5596E+02  0.1830E+01  0.5734E+02  0.5734E+02
  0.1891E+00  0.5520E+02  0.1803E+01  0.5730E+02  0.5730E+02
  0.1900E+00  0.5973E+02  0.1833E+01  0.5725E+02  0.5725E+02
  0.1909E+00  0.5800E+02  0.1795E+01  0.5720E+02  0.5720E+02
  0.1919E+00  0.5835E+02  0.1789E+01  0.5714E+02  0.5714E+02
  0.1928E+00  0.5713E+02  0.1813E+01  0.5707E+02  0.5707E+02
  0.1937E+00  0.5549E+02  0.1791E+01  0.5701E+02  0.5701E+02
  0.1947E+00  0.5512E+02  0.1820E+01  0.5693E+02  0.5693E+02
  0.1956E+00  0.5642E+02  0.1744E+01  0.5685E+02  0.5685E+02
  0.1965E+00  0.5878E+02  0.1792E+01  0.5677E+02  0.5677E+02
  0.1974E+00  0.5961E+02  0.1785E+01  0.5668E+02  0.5668E+02
  0.1984E+00  0.5781E+02  0.1778E+01  0.5659E+02  0.5659E+02
  0.1993E+00  0.5772E+02  0.1787E+01  0.5650E+02  0.5650E+02
  0.2002E+00  0.5482E+02  0.1778E+01  0.5640E+02  0.5640E+02
  0.2012E+00  0.5612E+02  0.1803E+01  0.5630E+02  0.5630E+02
  0.2021E+00  0.5692E+02  0.1783E+01  0.5620E+02  0.5620E+02
  0.2030E+00  0.5632E+02  0.1786E+01  0.5610E+02  0.5610E+02
  0.2039E+00  0.5839E+02  0.1794E+01  0.5599E+02  0.5599E+02
  0.2049E+00  0.5782E+02  0.1814E+01  0.5589E+02  0.5589E+02
  0.2058E+00  0.5881E+02  0.1818E+01  0.5579E+02  0.5579E+02
  0.2067E+00  0.6097E+02  0.1755E+01  0.5568E+02  0.5568E+02
  0.2077E+00  0.5872E+02  0.1781E+01  0.5558E+02  0.5558E+02
  0.2086E+00  0.5224E+02  0.1757E+01  0.5548E+02  0.5548E+02
  0.2095E+00  0.5179E+02  0.1774E+01  0.5539E+02  0.5539E+02
  0.2105E+00  0.5423E+02  0.1776E+01  0.5529E+02  0.5529E+02
  0.2114E+00  0.5667E+02  0.1755E+01  0.5520E+02  0.5520E+02
  0.2123E+00  0.5616E+02  0.1842E+01  0.5511E+02  0.5511E+02
  0.2132E+00  0.5458E+02  0.1832E+01  0.5502E+02  0.5502E+02
  0.2142E+00  0.5534E+02  0.1847E+01  0.5494E+02  0.5494E+02
  0.2151E+00  0.5209E+02  0.1865E+01  0.5487E+02  0.5487E+02
  0.2160E+00  0.5537E+02  0.1842E+01  0.5479E+02  0.5479E+02
  0.2170E+00  0.5147E+02  0.1868E+01  0.5473E+02  0.5473E+02
  0.2179E+00  0.5395E+02  0.1864E+01  0.5466E+02  0.5466E+02
  0.2188E+00  0.5418E+02  0.1888E+01  0.5460E+02  0.5460E+02
  0.2198E+00  0.5164E+02  0.1871E+01  0.5455E+02  0.5455E+02
  0.2207E+00  0.5281E+02  0.1879E+01  0.5450E+02  0.5450E+02
  0.2216E+00  0.4857E+02  0.1917E+01  0.5446E+02  0.5446E+02
  0.2225E+00  0.5294E+02  0.1923E+01  0.5442E+02  0.5442E+02
  0.2235E+00  0.5467E+02  0.1954E+01  0.5439E+02  0.5439E+02
  0.2244E+00  0.5363E+02  0.1950E+01  0.5436E+02  0.5436E+02
  0.2253E+00  0.5392E+02  0.1936E+01  0.5433E+02  0.5433E+02
  0.2263E+00  0.5530E+02  0.1949E+01  0.5431E+02  0.5431E+02
  0.2272E+00  0.5643E+02  0.1917E+01  0.5429E+02  0.5429E+02
  0.2281E+00  0.5375E+02  0.1933E+01  0.5428E+02  0.5428E+02
  0.2290E+00  0.5651E+02  0.1953E+01  0.5427E+02  0.5427E+02
  0.2300E+00  0.5333E+02  0.1945E+01  0.5426E+02  0.5426E+02
  0.2309E+00  0.5203E+02  0.1943E+01  0.5426E+02  0.5426E+02
  0.2318E+00  0.5552E+02  0.1910E+01  0.5426E+02  0.5426E+02
  0.2328E+00  0.5304E+02  0.1965E+01  0.5426E+02  0.5426E+02
  0.2337E+00  0.5053E+02  0.1960E+01  0.5426E+02  0.5426E+02
  0.2346E+00  0.4915E+02  0.1940E+01  0.5426E+02  0.5426E+02
  0.2356E+00  0.4934E+02  0.1957E+01  0.5427E+02  0.5427E+02
  0.2365E+00  0.5507E+02  0.1975E+01  0.5427E+02  0.5427E+02
  0.2374E+00  0.5221E+02  0.2027E+01  0.5428E+02  0.5428E+02
  0.2383E+00  0.5170E+02  0.1995E+01  0.5429E+02  0.5429E+02
  0.2393E+00  0.5425E+02  0.2005E+01  0.5429E+02  0.5429E+02
  0.2402E+00  0.5649E+02  0.2018E+01  0.5430E+02  0.5430E+02
  0.2411E+00  0.5402E+02  0.2041E+01  0.5431E+02  0.5431E+02
  0.2421E+00  0.5693E+02  0.2060E+01  0.5431E+02  0.5431E+02
  0.2430E+00  0.5704E+02  0.1996E+01  0.5431E+02  0.5431E+02
  0.2439E+00  0.5420E+02  0.2041E+01  0.5431E+02  0.5431E+02
  0.2449E+00  0.5500E+02  0.2025E+01  0.5431E+02  0.5431E+02
  0.2458E+00  0.5665E+02  0.2091E+01  0.5431E+02  0.5431E+02
  0.2467E+00  0.5596E+02  0.2063E+01  0.5431E+02  0.5431E+02
  0.2476E+00  0.5834E+02  0.2089E+01  0.5430E+02  0.5430E+02
  0.2486E+00  0.5555E+02  0.2082E+01  0.5429E+02  0.5429E+02
  0.2495E+00  0.5376E+02  0.2086E+01  0.5428E+02  0.5428E+02
  0.2504E+00  0.5593E+02  0.2135E+01  0.5427E+02  0.5427E+02
  0.2514E+00  0.4980E+02  0.2108E+01  0.5426E+02  0.5426E+02
  0.2523E+00  0.5508E+02  0.2163E+01  0.5424E+02  0.5424E+02
  0.2532E+00  0.5119E+02  0.2159E+01  0.5422E+02  0.5422E+02
  0.2541E+00  0.5228E+02  0.2163E+01  0.5420E+02  0.5420E+02
  0.2551E+00  0.5701E+02  0.2233E+01  0.5417E+02  0.5417E+02
  0.2560E+00  0.5667E+02  0.2222E+01  0.5415E+02  0.5415E+02
  0.2569E+00  0.5402E+02  0.2256E+01  0.5412E+02  0.5412E+02
  0.2579E+00  0.5192E+02  0.2248E+01  0.5409E+02  0.5409E+02
  0.2588E+00  0.5424E+02  0.2251E+01  0.5406E+02  0.5406E+02
  0.2597E+00  0.5550E+02  0.2303E+01  0.5403E+02  0.5403E+02
  0.2607E+00  0.5284E+02  0.2255E+01  0.5399E+02  0.5399E+02
  0.2616E+00  0.5426E+02  0.2344E+01  0.5396E+02  0.5396E+02
  0.2625E+00  0.5322E+02  0.2256E+01  0.5392E+02  0.5392E+02
  0.2634E+00  0.5242E+02  0.2255E+01  0.5388E+02  0.5388E+02
  0.2644E+00  0.5291E+02  0.2293E+01  0.5385E+02  0.5385E+02
  0.2653E+00  0.5088E+02  0.2270E+01  0.5381E+02  0.5381E+02
  0.2662E+00  0.5420E+02  0.2302E+01  0.5377E+02  0.5377E+02
  0.2672E+00  0.5579E+02  0.2229E+01  0.5373E+02  0.5373E+02
  0.2681E+00  0.5305E+02  0.2270E+01  0.5369E+02  0.5369E+02
  0.2690E+00  0.4888E+02  0.2296E+01  0.5365E+02  0.5365E+02
  0.2700E+00  0.5546E+02  0.2220E+01  0.5361E+02  0.5361E+02
  0.2709E+00  0.5858E+02  0.2261E+01  0.5357E+02  0.5357E+02
  0.2718E+00  0.5556E+02  0.2260E+01  0.5354E+02  0.5354E+02
  0.2727E+00  0.5418E+02  0.2339E+01  0.5350E+02  0.5350E+02
  0.2737E+00  0.5141E+02  0.2328E+01  0.5346E+02  0.5346E+02
  0.2746E+00  0.5173E+02  0.2295E+01  0.5342E+02  0.5342E+02
  0.2755E+00  0.5297E+02  0.2391E+01  0.5339E+02  0.5339E+02
  0.2765E+00  0.5436E+02  0.2334E+01  0.5335E+02  0.5335E+02
  0.2774E+00  0.5212E+02  0.2425E+01  0.5331E+02  0.5331E+02
  0.2783E+00  0.5502E+02  0.2415E+01  0.5328E+02  0.5328E+02
  0.2792E+00  0.5410E+02  0.2401E+01  0.5325E+02  0.5325E+02
  0.2802E+00  0.5854E+02  0.2447E+01  0.5321E+02  0.5321E+02
  0.2811E+00  0.5166E+02  0.2389E+01  0.5318E+02  0.5318E+02
  0.2820E+00  0.5051E+02  0.2435E+01  0.5314E+02  0.5314E+02
  0.2830E+00  0.5583E+02  0.2375E+01  0.5311E+02  0.5311E+02
  0.2839E+00  0.4852E+02  0.2347E+01  0.5307E+02  0.5307E+02
  0.2848E+00  0.5198E+02  0.2373E+01  0.5304E+02  0.5304E+02
  0.2858E+00  0.5189E+02  0.2405E+01  0.5300E+02  0.5300E+02
  0.2867E+00  0.4854E+02  0.2351E+01  0.5297E+02  0.5297E+02
  0.2876E+00  0.5095E+02  0.2322E+01  0.5293E+02  0.5293E+02
  0.2885E+00  0.5465E+02  0.2330E+01  0.5289E+02  0.5289E+02
  0.2895E+00  0.5616E+02  0.2309E+01  0.5286E+02  0.5286E+02
  0.2904E+00  0.5232E+02  0.2317E+01  0.5281E+02  0.5281E+02
  0.2913E+00  0.5156E+02  0.2357E+01  0.5277E+02  0.5277E+02
  0.2923E+00  0.5475E+02  0.2282E+01  0.5273E+02  0.5273E+02
  0.2932E+00  0.4958E+02  0.2332E+01  0.5268E+02  0.5268E+02
  0.2941E+00  0.5092E+02  0.2267E+01  0.5263E+02  0.5263E+02
  0.2951E+00  0.5288E+02  0.2303E+01  0.5258E+02  0.5258E+02
  0.2960E+00  0.4926E+02  0.2368E+01  0.5253E+02  0.5253E+02
  0.2969E+00  0.6070E+02  0.2370E+01  0.5247E+02  0.5247E+02
  0.2978E+00  0.6367E+02  0.2385E+01  0.5241E+02  0.5241E+02
  0.2988E+00  0.6171E+02  0.2355E+01  0.5234E+02  0.5234E+02
  0.2997E+00  0.5617E+02  0.2354E+01  0.5227E+02  0.5227E+02
  0.3006E+00  0.5249E+02  0.2440E+01  0.5220E+02  0.5220E+02
  0.3016E+00  0.4979E+02  0.2439E+01  0.5212E+02  0.5212E+02
  0.3025E+00  0.5247E+02  0.2415E+01  0.5204E+02  0.5204E+02
  0.3034E+00  0.5668E+02  0.2396E+01  0.5196E+02  0.5196E+02
  0.3043E+00  0.5813E+02  0.2469E+01  0.5187E+02  0.5187E+02
  0.3053E+00  0.5337E+02  0.2493E+01  0.5177E+02  0.5177E+02
  0.3062E+00  0.5349E+02  0.2450E+01  0.5167E+02  0.5167E+02
  0.3071E+00  0.5769E+02  0.2400E+01  0.5157E+02  0.5157E+02
  0.3081E+00  0.5436E+02  0.2392E+01  0.5146E+02  0.5146E+02
  0.3090E+00  0.6026E+02  0.2451E+01  0.5134E+02  0.5134E+02
  0.3099E+00  0.5635E+02  0.2406E+01  0.5122E+02  0.5122E+02
  0.3109E+00  0.5466E+02  0.2380E+01  0.5110E+02  0.5110E+02
  0.3118E+00  0.4979E+02  0.2423E+01  0.5097E+02  0.5097E+02
  0.3127E+00  0.5262E+02  0.2438E+01  0.5083E+02  0.5083E+02
  0.3136E+00  0.5069E+02  0.2452E+01  0.5069E+02  0.5069E+02
  0.3146E+00  0.5617E+02  0.2420E+01  0.5054E+02  0.5054E+02
  0.3155E+00  0.5424E+02  0.2437E+01  0.5039E+02  0.5039E+02
  0.3164E+00  0.5407E+02  0.2368E+01  0.5024E+02  0.5024E+02
  0.3174E+00  0.5605E+02  0.2408E+01  0.5008E+02  0.5008E+02
  0.3183E+00  0.5570E+02  0.2386E+01  0.4991E+02  0.4991E+02
  0.3192E+00  0.5551E+02  0.2362E+01  0.4974E+02  0.4974E+02
  0.3202E+00  0.5720E+02  0.2442E+01  0.4956E+02  0.4956E+02
  0.3211E+00  0.5340E+02  0.2390E+01  0.4938E+02  0.4938E+02
  0.3220E+00  0.5258E+02  0.2383E+01  0.4920E+02  0.4920E+02
  0.3229E+00  0.5288E+02  0.2367E+01  0.4901E+02  0.4901E+02
  0.3239E+00  0.5704E+02  0.2319E+01  0.4882E+02  0.4882E+02
  0.3248E+00  0.5289E+02  0.2369E+01  0.4862E+02  0.4862E+02
  0.3257E+00  0.5134E+02  0.2336E+01  0.4842E+02  0.4842E+02
  0.3267E+00  0.5786E+02  0.2402E+01  0.4821E+02  0.4821E+02
  0.3276E+00  0.5729E+02  0.2346E+01  0.4801E+02  0.4801E+02
  0.3285E+00  0.5133E+02  0.2351E+01  0.4779E+02  0.4779E+02
  0.3294E+00  0.5373E+02  0.2366E+01  0.4758E+02  0.4758E+02
  0.3304E+00  0.4975E+02  0.2343E+01  0.4736E+02  0.4736E+02
  0.3313E+00  0.4840E+02  0.2357E+01  0.4714E+02  0.4714E+02
  0.3322E+00  0.5461E+02  0.2365E+01  0.4692E+02  0.4692E+02
  0.3332E+00  0.5837E+02  0.2384E+01  0.4670E+02  0.4670E+02
  0.3341E+00  0.5943E+02  0.2366E+01  0.4647E+02  0.4647E+02
  0.3350E+00  0.5610E+02  0.2357E+01  0.4624E+02  0.4624E+02
  0.3360E+00  0.5440E+02  0.2377E+01  0.4601E+02  0.4601E+02

           Distance distribution  function of particle  


       R          P(R)      ERROR

  0.0000E+00  0.0000E+00  0.0000E+00
  0.1196E+01  0.4306E+00  0.2000E-02
  0.2392E+01  0.7237E+00  0.2922E-02
  0.3588E+01  0.8917E+00  0.2931E-02
  0.4784E+01  0.9539E+00  0.2315E-02
  0.5980E+01  0.9347E+00  0.1626E-02
  0.7176E+01  0.8615E+00  0.1857E-02
  0.8372E+01  0.7621E+00  0.2847E-02
  0.9568E+01  0.6628E+00  0.3798E-02
  0.1076E+02  0.5854E+00  0.4391E-02
  0.1196E+02  0.5465E+00  0.4534E-02
  0.1316E+02  0.5562E+00  0.4278E-02
  0.1435E+02  0.6175E+00  0.3812E-02
  0.1555E+02  0.7272E+00  0.3469E-02
  0.1674E+02  0.8765E+00  0.3573E-02
  0.1794E+02  0.1053E+01  0.4105E-02
  0.1914E+02  0.1242E+01  0.4761E-02
  0.2033E+02  0.1429E+01  0.5276E-02
  0.2153E+02  0.1599E+01  0.5524E-02
  0.2272E+02  0.1742E+01  0.5507E-02
  0.2392E+02  0.1852E+01  0.5330E-02
  0.2512E+02  0.1924E+01  0.5160E-02
  0.2631E+02  0.1960E+01  0.5143E-02
  0.2751E+02  0.1965E+01  0.5307E-02
  0.2870E+02  0.1944E+01  0.5551E-02
  0.2990E+02  0.1907E+01  0.5733E-02
  0.3110E+02  0.1861E+01  0.5760E-02
  0.3229E+02  0.1814E+01  0.5631E-02
  0.3349E+02  0.1771E+01  0.5438E-02
  0.3468E+02  0.1737E+01  0.5329E-02
  0.3588E+02  0.1711E+01  0.5423E-02
  0.3708E+02  0.1692E+01  0.5718E-02
  0.3827E+02  0.1677E+01  0.6097E-02
  0.3947E+02  0.1661E+01  0.6410E-02
  0.4066E+02  0.1640E+01  0.6561E-02
  0.4186E+02  0.1608E+01  0.6535E-02
  0.4306E+02  0.1564E+01  0.6400E-02
  0.4425E+02  0.1504E+01  0.6289E-02
  0.4545E+02  0.1430E+01  0.6332E-02
  0.4664E+02  0.1343E+01  0.6582E-02
  0.4784E+02  0.1246E+01  0.6987E-02
  0.4904E+02  0.1145E+01  0.7433E-02
  0.5023E+02  0.1043E+01  0.7823E-02
  0.5143E+02  0.9467E+00  0.8111E-02
  0.5262E+02  0.8585E+00  0.8315E-02
  0.5382E+02  0.7817E+00  0.8492E-02
  0.5502E+02  0.7176E+00  0.8699E-02
  0.5621E+02  0.6662E+00  0.8957E-02
  0.5741E+02  0.6262E+00  0.9235E-02
  0.5860E+02  0.5953E+00  0.9469E-02
  0.5980E+02  0.5707E+00  0.9598E-02
  0.6100E+02  0.5493E+00  0.9592E-02
  0.6219E+02  0.5285E+00  0.9470E-02
  0.6339E+02  0.5065E+00  0.9295E-02
  0.6458E+02  0.4819E+00  0.9152E-02
  0.6578E+02  0.4547E+00  0.9111E-02
  0.6698E+02  0.4255E+00  0.9193E-02
  0.6817E+02  0.3956E+00  0.9369E-02
  0.6937E+02  0.3666E+00  0.9577E-02
  0.7056E+02  0.3404E+00  0.9767E-02
  0.7176E+02  0.3182E+00  0.9920E-02
  0.7296E+02  0.3011E+00  0.1005E-01
  0.7415E+02  0.2892E+00  0.1019E-01
  0.7535E+02  0.2820E+00  0.1036E-01
  0.7654E+02  0.2786E+00  0.1054E-01
  0.7774E+02  0.2772E+00  0.1070E-01
  0.7894E+02  0.2761E+00  0.1078E-01
  0.8013E+02  0.2736E+00  0.1072E-01
  0.8133E+02  0.2683E+00  0.1052E-01
  0.8252E+02  0.2591E+00  0.1019E-01
  0.8372E+02  0.2459E+00  0.9782E-02
  0.8492E+02  0.2290E+00  0.9392E-02
  0.8611E+02  0.2094E+00  0.9093E-02
  0.8731E+02  0.1885E+00  0.8931E-02
  0.8850E+02  0.1679E+00  0.8909E-02
  0.8970E+02  0.1494E+00  0.9000E-02
  0.9090E+02  0.1344E+00  0.9183E-02
  0.9209E+02  0.1238E+00  0.9457E-02
  0.9329E+02  0.1181E+00  0.9848E-02
  0.9448E+02  0.1173E+00  0.1038E-01
  0.9568E+02  0.1205E+00  0.1105E-01
  0.9688E+02  0.1266E+00  0.1180E-01
  0.9807E+02  0.1343E+00  0.1254E-01
  0.9927E+02  0.1419E+00  0.1317E-01
  0.1005E+03  0.1481E+00  0.1358E-01
  0.1017E+03  0.1518E+00  0.1370E-01
  0.1029E+03  0.1521E+00  0.1352E-01
  0.1041E+03  0.1490E+00  0.1308E-01
  0.1052E+03  0.1425E+00  0.1250E-01
  0.1064E+03  0.1332E+00  0.1196E-01
  0.1076E+03  0.1219E+00  0.1165E-01
  0.1088E+03  0.1096E+00  0.1170E-01
  0.1100E+03  0.9714E-01  0.1209E-01
  0.1112E+03  0.8518E-01  0.1263E-01
  0.1124E+03  0.7408E-01  0.1307E-01
  0.1136E+03  0.6383E-01  0.1312E-01
  0.1148E+03  0.5403E-01  0.1253E-01
  0.1160E+03  0.4388E-01  0.1107E-01
  0.1172E+03  0.3235E-01  0.8587E-02
  0.1184E+03  0.1817E-01  0.4929E-02
  0.1196E+03  0.0000E+00  0.0000E+00
          Reciprocal space: Rg =   31.52     , I(0) =   0.1076E+04
     Real space: Rg =   31.61 +- 0.155  I(0) =   0.1076E+04 +-  0.2800E+01
