
           ####    G N O M   ---   Version 4.5a revised 09/02/02     ####

                                                  Sun Nov  5 11:58:00 2017
           ===    Run No   1   ===
 Run title:  0.000356363 0 0


  Number of points omitted at the end:         375
   *******   Working Directory :
   *******    Input file(s) : 24648_01F_S284_0_01.sub
           Condition P(rmin) = 0 is used. 
           Condition P(rmax) = 0 is used. 

          Experimental conditions for the first run
          -----------------------------------------

          Highest ALPHA is found to be   0.7049E+04

  The measure of inconsistency AN1 equals to    0.1021E+01

          Warning: using the chosen range in the real space 
             it is not possible to fit the data set within the
             given error band. 
     Alpha    Discrp  Oscill  Stabil  Sysdev  Positv  Valcen    Total   
  0.7049E+07215.8198  1.6931  0.9844  0.0000  1.0000  0.7469  0.00001
  0.1410E+07211.4944  1.6933  0.9623  0.0000  1.0000  0.7464  0.00001
  0.2820E+06192.6388  1.6947  0.8650  0.0000  1.0000  0.7443  0.00001
  0.5640E+05137.9831  1.7097  0.5731  0.0075  1.0000  0.7333  0.00001
  0.1128E+05 72.5503  1.8554  0.2083  0.0149  1.0000  0.6804  0.00001
  0.2256E+04 31.2222  2.3877  0.1467  0.0149  1.0000  0.5302  0.00001
  0.4512E+03  9.5511  2.8802  0.0620  0.2164  1.0000  0.3961  0.00001
  0.9023E+02  2.4646  3.0680  0.0165  0.3433  1.0000  0.3509  0.40611
  0.1805E+02  1.0201  3.1190  0.0043  0.6567  1.0000  0.3407  0.45712
  0.3609E+01  0.8821  3.1324  0.0033  0.7015  1.0000  0.3389  0.41739
  0.7219E+00  0.8592  3.1467  0.0081  0.7015  1.0000  0.3387  0.34361
  0.1444E+00  0.8324  3.2383  0.0240  0.7612  1.0000  0.3382  0.10000
  0.2887E-01  0.7989  3.6948  0.0328  0.7761  0.9997  0.3377  0.10000
  0.5775E-02  0.7865  4.2825  0.0203  0.7313  0.9992  0.3378  0.10000
  0.1155E-02  0.7831  5.1389  0.0818  0.7313  0.9986  0.3367  0.10000
  0.2310E-03  0.7752 10.9173  0.3416  0.7463  0.9877  0.3041  0.10000
  0.4620E-04  0.7540 22.0960  0.5372  0.7313  0.8805  0.2298  0.10000
  0.9240E-05  0.7329 26.6984  0.3684  0.7388  0.7914  0.2111  0.10000
  0.1848E-05  0.7196 30.1318  0.7398  0.7687  0.7374  0.2022  0.10000
  0.3696E-06  0.6998 28.8019  0.5389  0.7836  0.7351  0.1914  0.10000
  0.7392E-07  0.6830 31.4469  0.5638  0.8060  0.7345  0.2057  0.10000
  0.1478E-07  0.6519 36.4930  0.7688  0.8209  0.7280  0.1947  0.10000
  0.2957E-08  0.5808 38.0899  0.6607  0.7910  0.7064  0.2323  0.10000
  0.5914E-09  0.4721 40.5521  0.5193  0.8060  0.6850  0.2856  0.10000
  0.1183E-09  0.3330 46.6284  0.4481  0.8433  0.7043  0.2907  0.10000
  0.2365E-10  0.1817 52.0718  0.3506  0.7836  0.6916  0.3346  0.10000
  0.4731E-11  0.0656 54.6866  0.1727  0.7687  0.6730  0.3831  0.10000
  0.9462E-12  0.0161 55.4496  0.0469  0.7388  0.6669  0.3939  0.10000
  0.1892E-12  0.0034 55.6174  0.0101  0.7388  0.6656  0.3958  0.10000
  0.3785E-13  0.0007 55.6517  0.0020  0.7239  0.6654  0.3962  0.10000
  0.7569E-14  0.0001 55.6586  0.0004  0.7239  0.6653  0.3963  0.10000

          ***  Golden section search to maximize estimate ***
     Alpha    Discrp  Oscill  Stabil  Sysdev  Positv  Valcen    Total   
  0.3337E+02  1.2695  3.1072  0.0070  0.5672  1.0000  0.3428  0.44355
  0.1427E+02  0.9726  3.1221  0.0037  0.7015  1.0000  0.3402  0.46404
  0.1234E+02  0.9512  3.1237  0.0034  0.6866  1.0000  0.3399  0.45581
  0.1561E+02  0.9886  3.1210  0.0039  0.7015  1.0000  0.3403  0.46603
  0.1650E+02  0.9998  3.1202  0.0041  0.6716  1.0000  0.3405  0.45867
  0.1508E+02  0.9822  3.1214  0.0038  0.7015  1.0000  0.3403  0.46529
  0.1594E+02  0.9928  3.1207  0.0040  0.6866  1.0000  0.3404  0.46184
  0.1541E+02  0.9861  3.1211  0.0039  0.7015  1.0000  0.3403  0.46575
  0.1574E+02  0.9902  3.1209  0.0039  0.6866  1.0000  0.3404  0.46157
  0.1553E+02  0.9877  3.1210  0.0039  0.7015  1.0000  0.3403  0.46592
  0.1566E+02  0.9892  3.1209  0.0039  0.7015  1.0000  0.3404  0.46609
  0.1569E+02  0.9896  3.1209  0.0039  0.6866  1.0000  0.3404  0.46150
  0.1566E+02  0.9892  3.1209  0.0039  0.7015  1.0000  0.3404  0.46609



             ####            Final results            ####

 Parameter    DISCRP    OSCILL    STABIL    SYSDEV    POSITV    VALCEN
 Weight        1.000     3.000     3.000     4.000     1.000     1.000
 Sigma         0.500     0.600     0.120     0.200     0.120     0.120
 Ideal         1.000     1.100     0.000     1.000     1.000     0.950
 Current       0.989     3.121     0.004     0.701     1.000     0.340
                - - - - - - - - - - - - - - - - - - - - - - - - - 
 Estimate      1.000     0.000     0.999     0.108     1.000     0.000

  Angular   range    :     from    0.0078   to    0.2569
  Real space range   :     from      0.00   to    236.40

  Highest ALPHA (theor) :   0.705E+07                 JOB = 0
  Current ALPHA         :   0.157E+02   Rg :  0.527E+02   I(0) :   0.862E+04

           Total  estimate : 0.466  which is  A SUSPICIOUS  solution

      S          J EXP       ERROR       J REG       I REG

  0.0000E+00                                      0.8626E+04
  0.9742E-03                                      0.8618E+04
  0.1948E-02                                      0.8595E+04
  0.2923E-02                                      0.8556E+04
  0.3897E-02                                      0.8503E+04
  0.4871E-02                                      0.8435E+04
  0.5845E-02                                      0.8355E+04
  0.6819E-02                                      0.8261E+04
  0.7793E-02  0.8365E+04  0.1591E+03  0.8156E+04  0.8156E+04
  0.8723E-02  0.8369E+04  0.1520E+03  0.8046E+04  0.8046E+04
  0.9653E-02  0.8129E+04  0.1352E+03  0.7928E+04  0.7928E+04
  0.1058E-01  0.8043E+04  0.1163E+03  0.7803E+04  0.7803E+04
  0.1151E-01  0.7880E+04  0.7142E+02  0.7671E+04  0.7671E+04
  0.1244E-01  0.7646E+04  0.4634E+02  0.7534E+04  0.7534E+04
  0.1337E-01  0.7443E+04  0.3386E+02  0.7393E+04  0.7393E+04
  0.1430E-01  0.7309E+04  0.2684E+02  0.7250E+04  0.7250E+04
  0.1523E-01  0.7095E+04  0.2476E+02  0.7104E+04  0.7104E+04
  0.1616E-01  0.6962E+04  0.2203E+02  0.6957E+04  0.6957E+04
  0.1709E-01  0.6728E+04  0.2074E+02  0.6811E+04  0.6811E+04
  0.1802E-01  0.6600E+04  0.1862E+02  0.6665E+04  0.6665E+04
  0.1895E-01  0.6495E+04  0.1759E+02  0.6520E+04  0.6520E+04
  0.1988E-01  0.6389E+04  0.1812E+02  0.6378E+04  0.6378E+04
  0.2081E-01  0.6225E+04  0.1644E+02  0.6238E+04  0.6238E+04
  0.2174E-01  0.6052E+04  0.1529E+02  0.6102E+04  0.6102E+04
  0.2267E-01  0.5953E+04  0.1432E+02  0.5968E+04  0.5968E+04
  0.2360E-01  0.5840E+04  0.1336E+02  0.5838E+04  0.5838E+04
  0.2453E-01  0.5694E+04  0.1323E+02  0.5712E+04  0.5712E+04
  0.2546E-01  0.5589E+04  0.1319E+02  0.5590E+04  0.5590E+04
  0.2639E-01  0.5466E+04  0.1221E+02  0.5471E+04  0.5471E+04
  0.2732E-01  0.5404E+04  0.1261E+02  0.5356E+04  0.5356E+04
  0.2825E-01  0.5278E+04  0.1295E+02  0.5245E+04  0.5245E+04
  0.2918E-01  0.5133E+04  0.1278E+02  0.5137E+04  0.5137E+04
  0.3010E-01  0.5054E+04  0.1188E+02  0.5031E+04  0.5031E+04
  0.3103E-01  0.4939E+04  0.1124E+02  0.4929E+04  0.4929E+04
  0.3196E-01  0.4856E+04  0.1149E+02  0.4828E+04  0.4828E+04
  0.3289E-01  0.4742E+04  0.1108E+02  0.4730E+04  0.4730E+04
  0.3382E-01  0.4637E+04  0.1074E+02  0.4634E+04  0.4634E+04
  0.3475E-01  0.4528E+04  0.1043E+02  0.4540E+04  0.4540E+04
  0.3568E-01  0.4431E+04  0.9948E+01  0.4447E+04  0.4447E+04
  0.3661E-01  0.4360E+04  0.9479E+01  0.4355E+04  0.4355E+04
  0.3754E-01  0.4272E+04  0.9347E+01  0.4264E+04  0.4264E+04
  0.3847E-01  0.4184E+04  0.8690E+01  0.4174E+04  0.4174E+04
  0.3940E-01  0.4092E+04  0.8925E+01  0.4084E+04  0.4084E+04
  0.4033E-01  0.3983E+04  0.8455E+01  0.3996E+04  0.3996E+04
  0.4126E-01  0.3910E+04  0.8640E+01  0.3908E+04  0.3908E+04
  0.4219E-01  0.3823E+04  0.8365E+01  0.3820E+04  0.3820E+04
  0.4312E-01  0.3740E+04  0.8477E+01  0.3733E+04  0.3733E+04
  0.4405E-01  0.3651E+04  0.8709E+01  0.3647E+04  0.3647E+04
  0.4498E-01  0.3568E+04  0.8369E+01  0.3561E+04  0.3561E+04
  0.4591E-01  0.3486E+04  0.8264E+01  0.3477E+04  0.3477E+04
  0.4684E-01  0.3385E+04  0.8019E+01  0.3393E+04  0.3393E+04
  0.4777E-01  0.3287E+04  0.8101E+01  0.3310E+04  0.3310E+04
  0.4870E-01  0.3220E+04  0.7410E+01  0.3228E+04  0.3228E+04
  0.4963E-01  0.3128E+04  0.7432E+01  0.3148E+04  0.3148E+04
  0.5056E-01  0.3071E+04  0.7236E+01  0.3068E+04  0.3068E+04
  0.5149E-01  0.3013E+04  0.7238E+01  0.2990E+04  0.2990E+04
  0.5242E-01  0.2925E+04  0.6931E+01  0.2914E+04  0.2914E+04
  0.5335E-01  0.2862E+04  0.7146E+01  0.2839E+04  0.2839E+04
  0.5428E-01  0.2778E+04  0.6853E+01  0.2765E+04  0.2765E+04
  0.5521E-01  0.2699E+04  0.6750E+01  0.2693E+04  0.2693E+04
  0.5613E-01  0.2639E+04  0.6480E+01  0.2623E+04  0.2623E+04
  0.5706E-01  0.2571E+04  0.6432E+01  0.2554E+04  0.2554E+04
  0.5799E-01  0.2498E+04  0.6264E+01  0.2487E+04  0.2487E+04
  0.5892E-01  0.2436E+04  0.7259E+01  0.2421E+04  0.2421E+04
  0.5985E-01  0.2361E+04  0.6975E+01  0.2357E+04  0.2357E+04
  0.6078E-01  0.2290E+04  0.6108E+01  0.2294E+04  0.2294E+04
  0.6171E-01  0.2231E+04  0.6408E+01  0.2233E+04  0.2233E+04
  0.6264E-01  0.2159E+04  0.5980E+01  0.2173E+04  0.2173E+04
  0.6357E-01  0.2116E+04  0.5986E+01  0.2114E+04  0.2114E+04
  0.6450E-01  0.2065E+04  0.5809E+01  0.2056E+04  0.2056E+04
  0.6543E-01  0.2001E+04  0.5554E+01  0.2000E+04  0.2000E+04
  0.6636E-01  0.1956E+04  0.5632E+01  0.1944E+04  0.1944E+04
  0.6729E-01  0.1899E+04  0.5323E+01  0.1890E+04  0.1890E+04
  0.6822E-01  0.1835E+04  0.5325E+01  0.1836E+04  0.1836E+04
  0.6915E-01  0.1788E+04  0.5140E+01  0.1784E+04  0.1784E+04
  0.7008E-01  0.1743E+04  0.4823E+01  0.1732E+04  0.1732E+04
  0.7101E-01  0.1686E+04  0.4710E+01  0.1682E+04  0.1682E+04
  0.7194E-01  0.1631E+04  0.4691E+01  0.1632E+04  0.1632E+04
  0.7287E-01  0.1578E+04  0.4719E+01  0.1583E+04  0.1583E+04
  0.7380E-01  0.1536E+04  0.4675E+01  0.1535E+04  0.1535E+04
  0.7473E-01  0.1489E+04  0.4822E+01  0.1488E+04  0.1488E+04
  0.7566E-01  0.1441E+04  0.4879E+01  0.1442E+04  0.1442E+04
  0.7659E-01  0.1402E+04  0.4866E+01  0.1397E+04  0.1397E+04
  0.7752E-01  0.1357E+04  0.4662E+01  0.1353E+04  0.1353E+04
  0.7845E-01  0.1314E+04  0.4579E+01  0.1310E+04  0.1310E+04
  0.7938E-01  0.1264E+04  0.4521E+01  0.1268E+04  0.1268E+04
  0.8031E-01  0.1227E+04  0.4476E+01  0.1226E+04  0.1226E+04
  0.8123E-01  0.1191E+04  0.4226E+01  0.1186E+04  0.1186E+04
  0.8216E-01  0.1159E+04  0.4310E+01  0.1147E+04  0.1147E+04
  0.8309E-01  0.1117E+04  0.3920E+01  0.1109E+04  0.1109E+04
  0.8402E-01  0.1077E+04  0.3968E+01  0.1072E+04  0.1072E+04
  0.8495E-01  0.1035E+04  0.4077E+01  0.1036E+04  0.1036E+04
  0.8588E-01  0.1003E+04  0.3910E+01  0.1001E+04  0.1001E+04
  0.8681E-01  0.9716E+03  0.3962E+01  0.9668E+03  0.9668E+03
  0.8774E-01  0.9402E+03  0.3790E+01  0.9337E+03  0.9337E+03
  0.8867E-01  0.9099E+03  0.3767E+01  0.9016E+03  0.9016E+03
  0.8960E-01  0.8673E+03  0.3795E+01  0.8704E+03  0.8704E+03
  0.9053E-01  0.8450E+03  0.3701E+01  0.8401E+03  0.8401E+03
  0.9146E-01  0.8099E+03  0.3666E+01  0.8106E+03  0.8106E+03
  0.9239E-01  0.7739E+03  0.3665E+01  0.7820E+03  0.7820E+03
  0.9332E-01  0.7568E+03  0.3724E+01  0.7542E+03  0.7542E+03
  0.9425E-01  0.7226E+03  0.3492E+01  0.7272E+03  0.7272E+03
  0.9518E-01  0.6981E+03  0.3445E+01  0.7010E+03  0.7010E+03
  0.9611E-01  0.6751E+03  0.3477E+01  0.6755E+03  0.6755E+03
  0.9704E-01  0.6498E+03  0.3412E+01  0.6507E+03  0.6507E+03
  0.9797E-01  0.6302E+03  0.3426E+01  0.6266E+03  0.6266E+03
  0.9890E-01  0.6029E+03  0.3248E+01  0.6032E+03  0.6032E+03
  0.9983E-01  0.5784E+03  0.3327E+01  0.5805E+03  0.5805E+03
  0.1008E+00  0.5529E+03  0.3329E+01  0.5584E+03  0.5584E+03
  0.1017E+00  0.5380E+03  0.3141E+01  0.5370E+03  0.5370E+03
  0.1026E+00  0.5183E+03  0.3152E+01  0.5162E+03  0.5162E+03
  0.1035E+00  0.4937E+03  0.3054E+01  0.4960E+03  0.4960E+03
  0.1045E+00  0.4731E+03  0.3076E+01  0.4765E+03  0.4765E+03
  0.1054E+00  0.4631E+03  0.3022E+01  0.4576E+03  0.4576E+03
  0.1063E+00  0.4417E+03  0.3105E+01  0.4393E+03  0.4393E+03
  0.1073E+00  0.4226E+03  0.3097E+01  0.4217E+03  0.4217E+03
  0.1082E+00  0.4001E+03  0.3033E+01  0.4046E+03  0.4046E+03
  0.1091E+00  0.3899E+03  0.3213E+01  0.3881E+03  0.3881E+03
  0.1101E+00  0.3780E+03  0.2937E+01  0.3723E+03  0.3723E+03
  0.1110E+00  0.3627E+03  0.2918E+01  0.3570E+03  0.3570E+03
  0.1119E+00  0.3399E+03  0.2881E+01  0.3422E+03  0.3422E+03
  0.1128E+00  0.3251E+03  0.2811E+01  0.3281E+03  0.3281E+03
  0.1138E+00  0.3121E+03  0.2984E+01  0.3145E+03  0.3145E+03
  0.1147E+00  0.2997E+03  0.2831E+01  0.3014E+03  0.3014E+03
  0.1156E+00  0.2940E+03  0.2803E+01  0.2888E+03  0.2888E+03
  0.1166E+00  0.2768E+03  0.2805E+01  0.2768E+03  0.2768E+03
  0.1175E+00  0.2640E+03  0.2803E+01  0.2652E+03  0.2652E+03
  0.1184E+00  0.2487E+03  0.2855E+01  0.2541E+03  0.2541E+03
  0.1193E+00  0.2385E+03  0.2847E+01  0.2434E+03  0.2434E+03
  0.1203E+00  0.2262E+03  0.2871E+01  0.2332E+03  0.2332E+03
  0.1212E+00  0.2208E+03  0.2773E+01  0.2234E+03  0.2234E+03
  0.1221E+00  0.2125E+03  0.2809E+01  0.2140E+03  0.2140E+03
  0.1231E+00  0.2037E+03  0.2747E+01  0.2050E+03  0.2050E+03
  0.1240E+00  0.1987E+03  0.2688E+01  0.1964E+03  0.1964E+03
  0.1249E+00  0.1826E+03  0.2697E+01  0.1882E+03  0.1882E+03
  0.1259E+00  0.1791E+03  0.2682E+01  0.1803E+03  0.1803E+03
  0.1268E+00  0.1691E+03  0.2704E+01  0.1728E+03  0.1728E+03
  0.1277E+00  0.1607E+03  0.2662E+01  0.1656E+03  0.1656E+03
  0.1286E+00  0.1532E+03  0.2683E+01  0.1588E+03  0.1588E+03
  0.1296E+00  0.1502E+03  0.2733E+01  0.1523E+03  0.1523E+03
  0.1305E+00  0.1415E+03  0.2686E+01  0.1461E+03  0.1461E+03
  0.1314E+00  0.1393E+03  0.2684E+01  0.1403E+03  0.1403E+03
  0.1324E+00  0.1354E+03  0.2646E+01  0.1347E+03  0.1347E+03
  0.1333E+00  0.1375E+03  0.2684E+01  0.1295E+03  0.1295E+03
  0.1342E+00  0.1250E+03  0.2667E+01  0.1245E+03  0.1245E+03
  0.1352E+00  0.1223E+03  0.2636E+01  0.1199E+03  0.1199E+03
  0.1361E+00  0.1159E+03  0.2594E+01  0.1155E+03  0.1155E+03
  0.1370E+00  0.1076E+03  0.2492E+01  0.1114E+03  0.1114E+03
  0.1379E+00  0.1078E+03  0.2638E+01  0.1076E+03  0.1076E+03
  0.1389E+00  0.1002E+03  0.2581E+01  0.1040E+03  0.1040E+03
  0.1398E+00  0.9534E+02  0.2566E+01  0.1006E+03  0.1006E+03
  0.1407E+00  0.9573E+02  0.2505E+01  0.9749E+02  0.9749E+02
  0.1417E+00  0.9247E+02  0.2581E+01  0.9458E+02  0.9458E+02
  0.1426E+00  0.8631E+02  0.2603E+01  0.9188E+02  0.9188E+02
  0.1435E+00  0.9013E+02  0.2503E+01  0.8938E+02  0.8938E+02
  0.1445E+00  0.8468E+02  0.2494E+01  0.8705E+02  0.8705E+02
  0.1454E+00  0.7937E+02  0.2503E+01  0.8486E+02  0.8486E+02
  0.1463E+00  0.7875E+02  0.2499E+01  0.8284E+02  0.8284E+02
  0.1472E+00  0.7588E+02  0.2512E+01  0.8097E+02  0.8097E+02
  0.1482E+00  0.7711E+02  0.2437E+01  0.7923E+02  0.7923E+02
  0.1491E+00  0.7790E+02  0.2536E+01  0.7760E+02  0.7760E+02
  0.1500E+00  0.7357E+02  0.2534E+01  0.7610E+02  0.7610E+02
  0.1510E+00  0.7682E+02  0.2511E+01  0.7470E+02  0.7470E+02
  0.1519E+00  0.7355E+02  0.2562E+01  0.7339E+02  0.7339E+02
  0.1528E+00  0.6992E+02  0.2481E+01  0.7218E+02  0.7218E+02
  0.1537E+00  0.6487E+02  0.2593E+01  0.7106E+02  0.7106E+02
  0.1547E+00  0.7146E+02  0.2434E+01  0.7001E+02  0.7001E+02
  0.1556E+00  0.6783E+02  0.2526E+01  0.6902E+02  0.6902E+02
  0.1565E+00  0.6527E+02  0.2401E+01  0.6811E+02  0.6811E+02
  0.1575E+00  0.6567E+02  0.2400E+01  0.6728E+02  0.6728E+02
  0.1584E+00  0.6844E+02  0.2458E+01  0.6651E+02  0.6651E+02
  0.1593E+00  0.6432E+02  0.2311E+01  0.6579E+02  0.6579E+02
  0.1603E+00  0.6630E+02  0.2393E+01  0.6515E+02  0.6515E+02
  0.1612E+00  0.6249E+02  0.2405E+01  0.6455E+02  0.6455E+02
  0.1621E+00  0.6395E+02  0.2390E+01  0.6401E+02  0.6401E+02
  0.1630E+00  0.6373E+02  0.2438E+01  0.6352E+02  0.6352E+02
  0.1640E+00  0.6290E+02  0.2398E+01  0.6309E+02  0.6309E+02
  0.1649E+00  0.6516E+02  0.2470E+01  0.6267E+02  0.6267E+02
  0.1658E+00  0.6410E+02  0.2430E+01  0.6229E+02  0.6229E+02
  0.1668E+00  0.6720E+02  0.2421E+01  0.6196E+02  0.6196E+02
  0.1677E+00  0.6333E+02  0.2461E+01  0.6164E+02  0.6164E+02
  0.1686E+00  0.6292E+02  0.2426E+01  0.6136E+02  0.6136E+02
  0.1696E+00  0.5309E+02  0.2435E+01  0.6108E+02  0.6108E+02
  0.1705E+00  0.5350E+02  0.2446E+01  0.6082E+02  0.6082E+02
  0.1714E+00  0.5542E+02  0.2449E+01  0.6057E+02  0.6057E+02
  0.1723E+00  0.5800E+02  0.2423E+01  0.6033E+02  0.6033E+02
  0.1733E+00  0.5676E+02  0.2402E+01  0.6008E+02  0.6008E+02
  0.1742E+00  0.6138E+02  0.2432E+01  0.5985E+02  0.5985E+02
  0.1751E+00  0.6178E+02  0.2458E+01  0.5958E+02  0.5958E+02
  0.1761E+00  0.5951E+02  0.2450E+01  0.5931E+02  0.5931E+02
  0.1770E+00  0.5873E+02  0.2472E+01  0.5905E+02  0.5905E+02
  0.1779E+00  0.5750E+02  0.2414E+01  0.5877E+02  0.5877E+02
  0.1788E+00  0.6096E+02  0.2432E+01  0.5848E+02  0.5848E+02
  0.1798E+00  0.6201E+02  0.2386E+01  0.5818E+02  0.5818E+02
  0.1807E+00  0.5876E+02  0.2441E+01  0.5788E+02  0.5788E+02
  0.1816E+00  0.5918E+02  0.2450E+01  0.5757E+02  0.5757E+02
  0.1826E+00  0.6198E+02  0.2403E+01  0.5726E+02  0.5726E+02
  0.1835E+00  0.6432E+02  0.2417E+01  0.5695E+02  0.5695E+02
  0.1844E+00  0.5224E+02  0.2379E+01  0.5665E+02  0.5665E+02
  0.1854E+00  0.5390E+02  0.2400E+01  0.5633E+02  0.5633E+02
  0.1863E+00  0.5512E+02  0.2406E+01  0.5603E+02  0.5603E+02
  0.1872E+00  0.5457E+02  0.2434E+01  0.5573E+02  0.5573E+02
  0.1881E+00  0.5428E+02  0.2421E+01  0.5544E+02  0.5544E+02
  0.1891E+00  0.5080E+02  0.2366E+01  0.5517E+02  0.5517E+02
  0.1900E+00  0.5026E+02  0.2395E+01  0.5490E+02  0.5490E+02
  0.1909E+00  0.5249E+02  0.2398E+01  0.5465E+02  0.5465E+02
  0.1919E+00  0.5571E+02  0.2442E+01  0.5440E+02  0.5440E+02
  0.1928E+00  0.5790E+02  0.2431E+01  0.5417E+02  0.5417E+02
  0.1937E+00  0.5756E+02  0.2370E+01  0.5394E+02  0.5394E+02
  0.1947E+00  0.5452E+02  0.2359E+01  0.5373E+02  0.5373E+02
  0.1956E+00  0.5659E+02  0.2372E+01  0.5350E+02  0.5350E+02
  0.1965E+00  0.5178E+02  0.2422E+01  0.5329E+02  0.5329E+02
  0.1974E+00  0.5500E+02  0.2409E+01  0.5308E+02  0.5308E+02
  0.1984E+00  0.5254E+02  0.2352E+01  0.5286E+02  0.5286E+02
  0.1993E+00  0.5416E+02  0.2390E+01  0.5264E+02  0.5264E+02
  0.2002E+00  0.5073E+02  0.2394E+01  0.5241E+02  0.5241E+02
  0.2012E+00  0.5287E+02  0.2417E+01  0.5217E+02  0.5217E+02
  0.2021E+00  0.5304E+02  0.2344E+01  0.5192E+02  0.5192E+02
  0.2030E+00  0.5166E+02  0.2347E+01  0.5166E+02  0.5166E+02
  0.2039E+00  0.5430E+02  0.2364E+01  0.5138E+02  0.5138E+02
  0.2049E+00  0.4878E+02  0.2347E+01  0.5110E+02  0.5110E+02
  0.2058E+00  0.4868E+02  0.2378E+01  0.5077E+02  0.5077E+02
  0.2067E+00  0.4517E+02  0.2351E+01  0.5044E+02  0.5044E+02
  0.2077E+00  0.4765E+02  0.2362E+01  0.5011E+02  0.5011E+02
  0.2086E+00  0.5669E+02  0.2282E+01  0.4975E+02  0.4975E+02
  0.2095E+00  0.5497E+02  0.2410E+01  0.4937E+02  0.4937E+02
  0.2105E+00  0.5199E+02  0.2382E+01  0.4899E+02  0.4899E+02
  0.2114E+00  0.5084E+02  0.2272E+01  0.4859E+02  0.4859E+02
  0.2123E+00  0.4531E+02  0.2379E+01  0.4818E+02  0.4818E+02
  0.2132E+00  0.5224E+02  0.2420E+01  0.4776E+02  0.4776E+02
  0.2142E+00  0.4822E+02  0.2439E+01  0.4734E+02  0.4734E+02
  0.2151E+00  0.4580E+02  0.2481E+01  0.4692E+02  0.4692E+02
  0.2160E+00  0.4137E+02  0.2439E+01  0.4647E+02  0.4647E+02
  0.2170E+00  0.4619E+02  0.2509E+01  0.4603E+02  0.4603E+02
  0.2179E+00  0.4656E+02  0.2455E+01  0.4559E+02  0.4559E+02
  0.2188E+00  0.4852E+02  0.2440E+01  0.4515E+02  0.4515E+02
  0.2198E+00  0.5089E+02  0.2516E+01  0.4470E+02  0.4470E+02
  0.2207E+00  0.4823E+02  0.2538E+01  0.4426E+02  0.4426E+02
  0.2216E+00  0.4734E+02  0.2583E+01  0.4381E+02  0.4381E+02
  0.2225E+00  0.4776E+02  0.2492E+01  0.4337E+02  0.4337E+02
  0.2235E+00  0.4677E+02  0.2568E+01  0.4292E+02  0.4292E+02
  0.2244E+00  0.4558E+02  0.2531E+01  0.4247E+02  0.4247E+02
  0.2253E+00  0.3819E+02  0.2606E+01  0.4203E+02  0.4203E+02
  0.2263E+00  0.3715E+02  0.2608E+01  0.4156E+02  0.4156E+02
  0.2272E+00  0.4094E+02  0.2500E+01  0.4111E+02  0.4111E+02
  0.2281E+00  0.3851E+02  0.2515E+01  0.4066E+02  0.4066E+02
  0.2290E+00  0.3673E+02  0.2503E+01  0.4020E+02  0.4020E+02
  0.2300E+00  0.3390E+02  0.2554E+01  0.3974E+02  0.3974E+02
  0.2309E+00  0.3714E+02  0.2546E+01  0.3928E+02  0.3928E+02
  0.2318E+00  0.3955E+02  0.2557E+01  0.3882E+02  0.3882E+02
  0.2328E+00  0.3914E+02  0.2569E+01  0.3835E+02  0.3835E+02
  0.2337E+00  0.3940E+02  0.2592E+01  0.3789E+02  0.3789E+02
  0.2346E+00  0.3671E+02  0.2569E+01  0.3743E+02  0.3743E+02
  0.2356E+00  0.3507E+02  0.2638E+01  0.3697E+02  0.3697E+02
  0.2365E+00  0.3642E+02  0.2652E+01  0.3651E+02  0.3651E+02
  0.2374E+00  0.3996E+02  0.2655E+01  0.3607E+02  0.3607E+02
  0.2383E+00  0.4001E+02  0.2608E+01  0.3562E+02  0.3562E+02
  0.2393E+00  0.3686E+02  0.2674E+01  0.3519E+02  0.3519E+02
  0.2402E+00  0.4053E+02  0.2650E+01  0.3476E+02  0.3476E+02
  0.2411E+00  0.3717E+02  0.2688E+01  0.3434E+02  0.3434E+02
  0.2421E+00  0.3602E+02  0.2748E+01  0.3394E+02  0.3394E+02
  0.2430E+00  0.2878E+02  0.2757E+01  0.3354E+02  0.3354E+02
  0.2439E+00  0.3109E+02  0.2841E+01  0.3316E+02  0.3316E+02
  0.2449E+00  0.3402E+02  0.2745E+01  0.3279E+02  0.3279E+02
  0.2458E+00  0.2942E+02  0.2760E+01  0.3243E+02  0.3243E+02
  0.2467E+00  0.3211E+02  0.2672E+01  0.3208E+02  0.3208E+02
  0.2476E+00  0.3017E+02  0.2724E+01  0.3176E+02  0.3176E+02
  0.2486E+00  0.3035E+02  0.2832E+01  0.3143E+02  0.3143E+02
  0.2495E+00  0.2932E+02  0.2739E+01  0.3112E+02  0.3112E+02
  0.2504E+00  0.2947E+02  0.2788E+01  0.3083E+02  0.3083E+02
  0.2514E+00  0.2310E+02  0.2739E+01  0.3054E+02  0.3054E+02
  0.2523E+00  0.2488E+02  0.2819E+01  0.3026E+02  0.3026E+02
  0.2532E+00  0.2686E+02  0.2870E+01  0.2999E+02  0.2999E+02
  0.2541E+00  0.2399E+02  0.2871E+01  0.2972E+02  0.2972E+02
  0.2551E+00  0.2856E+02  0.2893E+01  0.2947E+02  0.2947E+02
  0.2560E+00  0.3183E+02  0.2836E+01  0.2922E+02  0.2922E+02
  0.2569E+00  0.3315E+02  0.3032E+01  0.2897E+02  0.2897E+02

           Distance distribution  function of particle  


       R          P(R)      ERROR

  0.0000E+00  0.0000E+00  0.0000E+00
  0.2364E+01  0.4940E+00  0.3749E-02
  0.4728E+01  0.1226E+01  0.4073E-02
  0.7092E+01  0.2170E+01  0.2371E-02
  0.9456E+01  0.3288E+01  0.2531E-02
  0.1182E+02  0.4528E+01  0.4818E-02
  0.1418E+02  0.5835E+01  0.6112E-02
  0.1655E+02  0.7151E+01  0.5976E-02
  0.1891E+02  0.8419E+01  0.5206E-02
  0.2128E+02  0.9584E+01  0.5318E-02
  0.2364E+02  0.1060E+02  0.6424E-02
  0.2600E+02  0.1142E+02  0.7197E-02
  0.2837E+02  0.1201E+02  0.7020E-02
  0.3073E+02  0.1235E+02  0.6445E-02
  0.3310E+02  0.1242E+02  0.6728E-02
  0.3546E+02  0.1223E+02  0.8024E-02
  0.3782E+02  0.1179E+02  0.9139E-02
  0.4019E+02  0.1115E+02  0.9255E-02
  0.4255E+02  0.1034E+02  0.8524E-02
  0.4492E+02  0.9440E+01  0.8031E-02
  0.4728E+02  0.8497E+01  0.8801E-02
  0.4964E+02  0.7571E+01  0.1034E-01
  0.5201E+02  0.6712E+01  0.1156E-01
  0.5437E+02  0.5953E+01  0.1206E-01
  0.5674E+02  0.5311E+01  0.1220E-01
  0.5910E+02  0.4787E+01  0.1256E-01
  0.6146E+02  0.4367E+01  0.1327E-01
  0.6383E+02  0.4033E+01  0.1393E-01
  0.6619E+02  0.3760E+01  0.1421E-01
  0.6856E+02  0.3529E+01  0.1428E-01
  0.7092E+02  0.3324E+01  0.1462E-01
  0.7328E+02  0.3136E+01  0.1543E-01
  0.7565E+02  0.2963E+01  0.1629E-01
  0.7801E+02  0.2803E+01  0.1663E-01
  0.8038E+02  0.2659E+01  0.1620E-01
  0.8274E+02  0.2529E+01  0.1520E-01
  0.8510E+02  0.2413E+01  0.1421E-01
  0.8747E+02  0.2305E+01  0.1380E-01
  0.8983E+02  0.2200E+01  0.1433E-01
  0.9220E+02  0.2094E+01  0.1576E-01
  0.9456E+02  0.1985E+01  0.1778E-01
  0.9692E+02  0.1874E+01  0.1990E-01
  0.9929E+02  0.1765E+01  0.2151E-01
  0.1017E+03  0.1664E+01  0.2215E-01
  0.1040E+03  0.1577E+01  0.2172E-01
  0.1064E+03  0.1508E+01  0.2060E-01
  0.1087E+03  0.1457E+01  0.1960E-01
  0.1111E+03  0.1423E+01  0.1946E-01
  0.1135E+03  0.1401E+01  0.2027E-01
  0.1158E+03  0.1384E+01  0.2139E-01
  0.1182E+03  0.1365E+01  0.2214E-01
  0.1206E+03  0.1340E+01  0.2214E-01
  0.1229E+03  0.1306E+01  0.2147E-01
  0.1253E+03  0.1264E+01  0.2054E-01
  0.1277E+03  0.1216E+01  0.1993E-01
  0.1300E+03  0.1167E+01  0.2011E-01
  0.1324E+03  0.1120E+01  0.2109E-01
  0.1347E+03  0.1079E+01  0.2243E-01
  0.1371E+03  0.1044E+01  0.2365E-01
  0.1395E+03  0.1015E+01  0.2452E-01
  0.1418E+03  0.9923E+00  0.2523E-01
  0.1442E+03  0.9724E+00  0.2616E-01
  0.1466E+03  0.9543E+00  0.2751E-01
  0.1489E+03  0.9369E+00  0.2912E-01
  0.1513E+03  0.9199E+00  0.3063E-01
  0.1537E+03  0.9035E+00  0.3179E-01
  0.1560E+03  0.8879E+00  0.3258E-01
  0.1584E+03  0.8732E+00  0.3315E-01
  0.1608E+03  0.8593E+00  0.3359E-01
  0.1631E+03  0.8456E+00  0.3380E-01
  0.1655E+03  0.8318E+00  0.3362E-01
  0.1678E+03  0.8177E+00  0.3295E-01
  0.1702E+03  0.8034E+00  0.3188E-01
  0.1726E+03  0.7896E+00  0.3056E-01
  0.1749E+03  0.7769E+00  0.2914E-01
  0.1773E+03  0.7657E+00  0.2769E-01
  0.1797E+03  0.7560E+00  0.2629E-01
  0.1820E+03  0.7469E+00  0.2516E-01
  0.1844E+03  0.7367E+00  0.2452E-01
  0.1868E+03  0.7237E+00  0.2445E-01
  0.1891E+03  0.7061E+00  0.2482E-01
  0.1915E+03  0.6832E+00  0.2542E-01
  0.1938E+03  0.6551E+00  0.2615E-01
  0.1962E+03  0.6230E+00  0.2698E-01
  0.1986E+03  0.5889E+00  0.2782E-01
  0.2009E+03  0.5548E+00  0.2846E-01
  0.2033E+03  0.5222E+00  0.2867E-01
  0.2057E+03  0.4917E+00  0.2835E-01
  0.2080E+03  0.4626E+00  0.2768E-01
  0.2104E+03  0.4336E+00  0.2704E-01
  0.2128E+03  0.4032E+00  0.2688E-01
  0.2151E+03  0.3703E+00  0.2744E-01
  0.2175E+03  0.3347E+00  0.2859E-01
  0.2199E+03  0.2974E+00  0.2992E-01
  0.2222E+03  0.2600E+00  0.3089E-01
  0.2246E+03  0.2241E+00  0.3092E-01
  0.2269E+03  0.1900E+00  0.2946E-01
  0.2293E+03  0.1560E+00  0.2601E-01
  0.2317E+03  0.1178E+00  0.2016E-01
  0.2340E+03  0.6862E-01  0.1158E-01
  0.2364E+03  0.0000E+00  0.0000E+00
          Reciprocal space: Rg =   52.65     , I(0) =   0.8624E+04
     Real space: Rg =   53.49 +- 0.373  I(0) =   0.8626E+04 +-  0.2905E+02
