
           ####    G N O M   ---   Version 4.5a revised 09/02/02     ####

                                                  Sun Nov  5 11:57:50 2017
           ===    Run No   1   ===
 Run title:  0.000132994 0 0


  Number of points omitted at the end:         400
   *******   Working Directory :
   *******    Input file(s) : 24648_01C_S047_0_01.sub
           Condition P(rmin) = 0 is used. 
           Condition P(rmax) = 0 is used. 

          Experimental conditions for the first run
          -----------------------------------------

          Highest ALPHA is found to be   0.1003E+03

  The measure of inconsistency AN1 equals to    0.1103E+01

          Warning: using the chosen range in the real space 
             it is not possible to fit the data set within the
             given error band. 
     Alpha    Discrp  Oscill  Stabil  Sysdev  Positv  Valcen    Total   
  0.1003E+06 53.7187  1.1567  0.9039  0.1048  1.0000  0.8648  0.00001
  0.2006E+05 40.5927  1.1532  0.6724  0.0476  1.0000  0.8667  0.00001
  0.4012E+04 20.5330  1.1498  0.3040  0.0286  1.0000  0.8732  0.00001
  0.8024E+03  9.4403  1.2138  0.1177  0.0286  1.0000  0.8818  0.00001
  0.1605E+03  3.9275  1.4032  0.0708  0.1619  1.0000  0.8810  0.00001
  0.3210E+02  1.9141  1.5368  0.0264  0.4667  1.0000  0.8755  0.40102
  0.6419E+01  1.6481  1.5869  0.0158  0.5619  1.0000  0.8733  0.10000
  0.1284E+01  1.5942  1.6545  0.0418  0.5619  1.0000  0.8774  0.10000
  0.2568E+00  1.5381  1.9558  0.0568  0.5238  1.0000  0.8848  0.10000
  0.5136E-01  1.5073  2.5688  0.1216  0.5238  0.9991  0.8711  0.10000
  0.1027E-01  1.4679  4.7751  0.3223  0.5048  0.9842  0.7545  0.10000
  0.2054E-02  1.4260  7.5224  0.2502  0.5810  0.9269  0.6010  0.10000
  0.4108E-03  1.4066 10.1351  0.6169  0.5810  0.8627  0.5268  0.10000
  0.8217E-04  1.3719 10.8603  0.7829  0.6000  0.7890  0.4043  0.10000
  0.1643E-04  1.3254 10.6273  0.3741  0.5810  0.7404  0.3773  0.10000
  0.3287E-05  1.3057 12.2971  0.5443  0.6190  0.7254  0.3767  0.10000
  0.6574E-06  1.2799 12.3797  0.9396  0.6190  0.7173  0.3607  0.10000
  0.1315E-06  1.2214 11.1661  0.5862  0.6190  0.7132  0.3687  0.10000
  0.2629E-07  1.1804 11.4713  0.2302  0.6762  0.7116  0.3726  0.10000
  0.5259E-08  1.1677 13.9521  0.7030  0.6381  0.7090  0.3972  0.10000
  0.1052E-08  1.1413 12.9997  0.8952  0.6381  0.7008  0.3812  0.10000
  0.2104E-09  1.0902 12.1212  0.5125  0.6381  0.6989  0.3835  0.10000
  0.4207E-10  1.0542 13.3941  0.4459  0.6190  0.7085  0.4185  0.10000
  0.8414E-11  1.0103 17.4640  0.6347  0.6381  0.7127  0.3806  0.10000
  0.1683E-11  0.9181 23.1715  0.5865  0.6762  0.7141  0.3978  0.10000
  0.3366E-12  0.7315 31.0307  0.5300  0.6571  0.7351  0.3635  0.10000
  0.6731E-13  0.4511 37.6296  0.3861  0.7333  0.7224  0.2816  0.10000
  0.1346E-13  0.2101 42.0669  0.2378  0.6476  0.7050  0.2557  0.10000
  0.2693E-14  0.0754 44.8677  0.1467  0.6476  0.7011  0.2751  0.10000
  0.5385E-15  0.0194 45.9849  0.0488  0.6667  0.6951  0.2828  0.10000
  0.1077E-15  0.0041 46.2639  0.0111  0.6667  0.6925  0.2917  0.10000

          ***  Golden section search to maximize estimate ***
     Alpha    Discrp  Oscill  Stabil  Sysdev  Positv  Valcen    Total   
  0.5935E+02  2.3296  1.4993  0.0397  0.2952  1.0000  0.8774  0.41849
  0.8679E+02  2.7820  1.4679  0.0504  0.2000  1.0000  0.8788  0.00001
  0.4693E+02  2.1316  1.5154  0.0340  0.4095  1.0000  0.8767  0.41176
  0.6862E+02  2.4817  1.4881  0.0435  0.2762  1.0000  0.8779  0.42233
  0.7506E+02  2.5882  1.4806  0.0461  0.2381  1.0000  0.8783  0.00004
  0.6492E+02  2.4207  1.4925  0.0420  0.2952  1.0000  0.8778  0.42091
  0.7102E+02  2.5212  1.4853  0.0445  0.2762  1.0000  0.8781  0.00010
  0.6719E+02  2.4580  1.4898  0.0430  0.2952  1.0000  0.8779  0.42180
  0.6953E+02  2.4966  1.4870  0.0439  0.2762  1.0000  0.8780  0.42265
  0.7009E+02  2.5059  1.4863  0.0441  0.2762  1.0000  0.8780  0.42285
  0.7044E+02  2.5117  1.4859  0.0443  0.2762  1.0000  0.8780  0.42298
  0.7066E+02  2.5153  1.4857  0.0444  0.2762  1.0000  0.8781  0.42305
  0.7066E+02  2.5153  1.4857  0.0444  0.2762  1.0000  0.8781  0.42305



             ####            Final results            ####

 Parameter    DISCRP    OSCILL    STABIL    SYSDEV    POSITV    VALCEN
 Weight        1.000     3.000     3.000     4.000     1.000     1.000
 Sigma         0.500     0.600     0.120     0.200     0.120     0.120
 Ideal         1.000     1.100     0.000     1.000     1.000     0.950
 Current       2.515     1.486     0.044     0.276     1.000     0.878
                - - - - - - - - - - - - - - - - - - - - - - - - - 
 Estimate      0.000     0.662     0.872     0.000     1.000     0.698

  Angular   range    :     from    0.0085   to    0.1688
  Real space range   :     from      0.00   to    107.90

  Highest ALPHA (theor) :   0.100E+06                 JOB = 0
  Current ALPHA         :   0.707E+02   Rg :  0.324E+02   I(0) :   0.426E+03

           Total  estimate : 0.423  which is  A SUSPICIOUS  solution

      S          J EXP       ERROR       J REG       I REG

  0.0000E+00                                      0.4261E+03
  0.7751E-03                                      0.4260E+03
  0.1550E-02                                      0.4258E+03
  0.2325E-02                                      0.4253E+03
  0.3100E-02                                      0.4247E+03
  0.3875E-02                                      0.4239E+03
  0.4651E-02                                      0.4229E+03
  0.5426E-02                                      0.4217E+03
  0.6201E-02                                      0.4204E+03
  0.6976E-02                                      0.4189E+03
  0.7751E-02                                      0.4172E+03
  0.8526E-02  0.5281E+03  0.6532E+02  0.4154E+03  0.4154E+03
  0.9289E-02  0.6250E+03  0.5105E+02  0.4134E+03  0.4134E+03
  0.1005E-01  0.5629E+03  0.3175E+02  0.4113E+03  0.4113E+03
  0.1082E-01  0.5117E+03  0.2295E+02  0.4090E+03  0.4090E+03
  0.1158E-01  0.4987E+03  0.1801E+02  0.4066E+03  0.4066E+03
  0.1234E-01  0.4737E+03  0.1411E+02  0.4040E+03  0.4040E+03
  0.1310E-01  0.4529E+03  0.1203E+02  0.4013E+03  0.4013E+03
  0.1387E-01  0.4509E+03  0.8242E+01  0.3984E+03  0.3984E+03
  0.1463E-01  0.4322E+03  0.7581E+01  0.3955E+03  0.3955E+03
  0.1539E-01  0.4241E+03  0.6460E+01  0.3923E+03  0.3923E+03
  0.1616E-01  0.4278E+03  0.5731E+01  0.3891E+03  0.3891E+03
  0.1692E-01  0.4261E+03  0.5392E+01  0.3857E+03  0.3857E+03
  0.1768E-01  0.4115E+03  0.4971E+01  0.3822E+03  0.3822E+03
  0.1845E-01  0.3976E+03  0.4689E+01  0.3786E+03  0.3786E+03
  0.1921E-01  0.3812E+03  0.4372E+01  0.3749E+03  0.3749E+03
  0.1997E-01  0.3719E+03  0.4371E+01  0.3711E+03  0.3711E+03
  0.2073E-01  0.3700E+03  0.4147E+01  0.3671E+03  0.3671E+03
  0.2150E-01  0.3654E+03  0.3942E+01  0.3631E+03  0.3631E+03
  0.2226E-01  0.3558E+03  0.3837E+01  0.3590E+03  0.3590E+03
  0.2302E-01  0.3511E+03  0.3604E+01  0.3548E+03  0.3548E+03
  0.2379E-01  0.3511E+03  0.3605E+01  0.3506E+03  0.3506E+03
  0.2455E-01  0.3423E+03  0.3522E+01  0.3462E+03  0.3462E+03
  0.2531E-01  0.3368E+03  0.3470E+01  0.3418E+03  0.3418E+03
  0.2608E-01  0.3353E+03  0.3380E+01  0.3374E+03  0.3374E+03
  0.2684E-01  0.3309E+03  0.3219E+01  0.3328E+03  0.3328E+03
  0.2760E-01  0.3254E+03  0.3183E+01  0.3283E+03  0.3283E+03
  0.2836E-01  0.3165E+03  0.3093E+01  0.3236E+03  0.3236E+03
  0.2913E-01  0.3064E+03  0.3093E+01  0.3190E+03  0.3190E+03
  0.2989E-01  0.3036E+03  0.3063E+01  0.3143E+03  0.3143E+03
  0.3065E-01  0.3003E+03  0.2914E+01  0.3095E+03  0.3095E+03
  0.3142E-01  0.2985E+03  0.2840E+01  0.3047E+03  0.3047E+03
  0.3218E-01  0.2990E+03  0.2665E+01  0.3000E+03  0.3000E+03
  0.3294E-01  0.2918E+03  0.2732E+01  0.2951E+03  0.2951E+03
  0.3371E-01  0.2878E+03  0.2725E+01  0.2903E+03  0.2903E+03
  0.3447E-01  0.2804E+03  0.2582E+01  0.2855E+03  0.2855E+03
  0.3523E-01  0.2765E+03  0.2714E+01  0.2807E+03  0.2807E+03
  0.3599E-01  0.2701E+03  0.2532E+01  0.2758E+03  0.2758E+03
  0.3676E-01  0.2662E+03  0.2611E+01  0.2710E+03  0.2710E+03
  0.3752E-01  0.2625E+03  0.2484E+01  0.2662E+03  0.2662E+03
  0.3828E-01  0.2554E+03  0.2516E+01  0.2614E+03  0.2614E+03
  0.3905E-01  0.2503E+03  0.2486E+01  0.2566E+03  0.2566E+03
  0.3981E-01  0.2513E+03  0.2409E+01  0.2518E+03  0.2518E+03
  0.4057E-01  0.2426E+03  0.2408E+01  0.2470E+03  0.2470E+03
  0.4134E-01  0.2440E+03  0.2288E+01  0.2423E+03  0.2423E+03
  0.4210E-01  0.2396E+03  0.2326E+01  0.2376E+03  0.2376E+03
  0.4286E-01  0.2368E+03  0.2258E+01  0.2330E+03  0.2330E+03
  0.4362E-01  0.2303E+03  0.2209E+01  0.2284E+03  0.2284E+03
  0.4439E-01  0.2258E+03  0.2212E+01  0.2238E+03  0.2238E+03
  0.4515E-01  0.2179E+03  0.2127E+01  0.2192E+03  0.2192E+03
  0.4591E-01  0.2148E+03  0.2178E+01  0.2147E+03  0.2147E+03
  0.4668E-01  0.2124E+03  0.2158E+01  0.2103E+03  0.2103E+03
  0.4744E-01  0.2110E+03  0.2160E+01  0.2059E+03  0.2059E+03
  0.4820E-01  0.2071E+03  0.2118E+01  0.2016E+03  0.2016E+03
  0.4897E-01  0.2026E+03  0.2067E+01  0.1973E+03  0.1973E+03
  0.4973E-01  0.1969E+03  0.2075E+01  0.1930E+03  0.1930E+03
  0.5049E-01  0.1914E+03  0.1965E+01  0.1888E+03  0.1888E+03
  0.5125E-01  0.1928E+03  0.2002E+01  0.1847E+03  0.1847E+03
  0.5202E-01  0.1873E+03  0.2006E+01  0.1807E+03  0.1807E+03
  0.5278E-01  0.1846E+03  0.1954E+01  0.1767E+03  0.1767E+03
  0.5354E-01  0.1799E+03  0.1970E+01  0.1727E+03  0.1727E+03
  0.5431E-01  0.1769E+03  0.1928E+01  0.1688E+03  0.1688E+03
  0.5507E-01  0.1715E+03  0.1935E+01  0.1650E+03  0.1650E+03
  0.5583E-01  0.1669E+03  0.1897E+01  0.1613E+03  0.1613E+03
  0.5660E-01  0.1668E+03  0.1891E+01  0.1576E+03  0.1576E+03
  0.5736E-01  0.1597E+03  0.1895E+01  0.1540E+03  0.1540E+03
  0.5812E-01  0.1553E+03  0.1843E+01  0.1504E+03  0.1504E+03
  0.5888E-01  0.1548E+03  0.1824E+01  0.1469E+03  0.1469E+03
  0.5965E-01  0.1508E+03  0.1774E+01  0.1435E+03  0.1435E+03
  0.6041E-01  0.1478E+03  0.1782E+01  0.1401E+03  0.1401E+03
  0.6117E-01  0.1418E+03  0.1757E+01  0.1368E+03  0.1368E+03
  0.6194E-01  0.1352E+03  0.1782E+01  0.1335E+03  0.1335E+03
  0.6270E-01  0.1357E+03  0.1811E+01  0.1304E+03  0.1304E+03
  0.6346E-01  0.1329E+03  0.1771E+01  0.1272E+03  0.1272E+03
  0.6423E-01  0.1285E+03  0.1788E+01  0.1242E+03  0.1242E+03
  0.6499E-01  0.1286E+03  0.1758E+01  0.1212E+03  0.1212E+03
  0.6575E-01  0.1285E+03  0.1715E+01  0.1182E+03  0.1182E+03
  0.6651E-01  0.1290E+03  0.1712E+01  0.1154E+03  0.1154E+03
  0.6728E-01  0.1165E+03  0.1652E+01  0.1126E+03  0.1126E+03
  0.6804E-01  0.1110E+03  0.1697E+01  0.1098E+03  0.1098E+03
  0.6880E-01  0.1116E+03  0.1648E+01  0.1071E+03  0.1071E+03
  0.6957E-01  0.1131E+03  0.1627E+01  0.1045E+03  0.1045E+03
  0.7033E-01  0.1071E+03  0.1610E+01  0.1019E+03  0.1019E+03
  0.7109E-01  0.9911E+02  0.1611E+01  0.9932E+02  0.9932E+02
  0.7186E-01  0.9728E+02  0.1614E+01  0.9684E+02  0.9684E+02
  0.7262E-01  0.9455E+02  0.1588E+01  0.9441E+02  0.9441E+02
  0.7338E-01  0.9473E+02  0.1580E+01  0.9203E+02  0.9203E+02
  0.7414E-01  0.9452E+02  0.1591E+01  0.8969E+02  0.8969E+02
  0.7491E-01  0.9260E+02  0.1567E+01  0.8741E+02  0.8741E+02
  0.7567E-01  0.9222E+02  0.1580E+01  0.8518E+02  0.8518E+02
  0.7643E-01  0.8847E+02  0.1605E+01  0.8299E+02  0.8299E+02
  0.7720E-01  0.8337E+02  0.1560E+01  0.8085E+02  0.8085E+02
  0.7796E-01  0.7919E+02  0.1511E+01  0.7875E+02  0.7875E+02
  0.7872E-01  0.7799E+02  0.1501E+01  0.7670E+02  0.7670E+02
  0.7949E-01  0.8108E+02  0.1512E+01  0.7468E+02  0.7468E+02
  0.8025E-01  0.7844E+02  0.1492E+01  0.7271E+02  0.7271E+02
  0.8101E-01  0.7147E+02  0.1491E+01  0.7078E+02  0.7078E+02
  0.8177E-01  0.7160E+02  0.1439E+01  0.6890E+02  0.6890E+02
  0.8254E-01  0.6991E+02  0.1478E+01  0.6704E+02  0.6704E+02
  0.8330E-01  0.7075E+02  0.1437E+01  0.6523E+02  0.6523E+02
  0.8406E-01  0.6655E+02  0.1435E+01  0.6346E+02  0.6346E+02
  0.8483E-01  0.6386E+02  0.1468E+01  0.6172E+02  0.6172E+02
  0.8559E-01  0.6395E+02  0.1425E+01  0.6001E+02  0.6001E+02
  0.8635E-01  0.6126E+02  0.1428E+01  0.5835E+02  0.5835E+02
  0.8712E-01  0.5759E+02  0.1408E+01  0.5671E+02  0.5671E+02
  0.8788E-01  0.5508E+02  0.1401E+01  0.5511E+02  0.5511E+02
  0.8864E-01  0.5334E+02  0.1378E+01  0.5354E+02  0.5354E+02
  0.8940E-01  0.5043E+02  0.1355E+01  0.5201E+02  0.5201E+02
  0.9017E-01  0.5317E+02  0.1375E+01  0.5050E+02  0.5050E+02
  0.9093E-01  0.4978E+02  0.1332E+01  0.4903E+02  0.4903E+02
  0.9169E-01  0.4614E+02  0.1347E+01  0.4759E+02  0.4759E+02
  0.9246E-01  0.4505E+02  0.1381E+01  0.4618E+02  0.4618E+02
  0.9322E-01  0.4480E+02  0.1368E+01  0.4479E+02  0.4479E+02
  0.9398E-01  0.4402E+02  0.1390E+01  0.4344E+02  0.4344E+02
  0.9475E-01  0.4088E+02  0.1354E+01  0.4212E+02  0.4212E+02
  0.9551E-01  0.4130E+02  0.1367E+01  0.4082E+02  0.4082E+02
  0.9627E-01  0.4076E+02  0.1329E+01  0.3955E+02  0.3955E+02
  0.9703E-01  0.3925E+02  0.1299E+01  0.3831E+02  0.3831E+02
  0.9780E-01  0.3811E+02  0.1292E+01  0.3710E+02  0.3710E+02
  0.9856E-01  0.3271E+02  0.1266E+01  0.3592E+02  0.3592E+02
  0.9932E-01  0.3540E+02  0.1269E+01  0.3476E+02  0.3476E+02
  0.1001E+00  0.3368E+02  0.1256E+01  0.3363E+02  0.3363E+02
  0.1008E+00  0.2859E+02  0.1254E+01  0.3252E+02  0.3252E+02
  0.1016E+00  0.2857E+02  0.1278E+01  0.3144E+02  0.3144E+02
  0.1024E+00  0.2958E+02  0.1252E+01  0.3039E+02  0.3039E+02
  0.1031E+00  0.3025E+02  0.1277E+01  0.2937E+02  0.2937E+02
  0.1039E+00  0.2622E+02  0.1252E+01  0.2837E+02  0.2837E+02
  0.1047E+00  0.2580E+02  0.1267E+01  0.2739E+02  0.2739E+02
  0.1054E+00  0.2574E+02  0.1277E+01  0.2644E+02  0.2644E+02
  0.1062E+00  0.2388E+02  0.1259E+01  0.2552E+02  0.2552E+02
  0.1070E+00  0.2405E+02  0.1277E+01  0.2461E+02  0.2461E+02
  0.1077E+00  0.2329E+02  0.1246E+01  0.2374E+02  0.2374E+02
  0.1085E+00  0.2300E+02  0.1256E+01  0.2289E+02  0.2289E+02
  0.1092E+00  0.2162E+02  0.1232E+01  0.2206E+02  0.2206E+02
  0.1100E+00  0.2050E+02  0.1232E+01  0.2126E+02  0.2126E+02
  0.1108E+00  0.1933E+02  0.1216E+01  0.2048E+02  0.2048E+02
  0.1115E+00  0.1924E+02  0.1198E+01  0.1972E+02  0.1972E+02
  0.1123E+00  0.1804E+02  0.1205E+01  0.1899E+02  0.1899E+02
  0.1131E+00  0.1559E+02  0.1185E+01  0.1828E+02  0.1828E+02
  0.1138E+00  0.1573E+02  0.1184E+01  0.1760E+02  0.1760E+02
  0.1146E+00  0.1582E+02  0.1180E+01  0.1693E+02  0.1693E+02
  0.1153E+00  0.1305E+02  0.1185E+01  0.1629E+02  0.1629E+02
  0.1161E+00  0.1269E+02  0.1204E+01  0.1567E+02  0.1567E+02
  0.1169E+00  0.1520E+02  0.1176E+01  0.1507E+02  0.1507E+02
  0.1176E+00  0.1323E+02  0.1191E+01  0.1449E+02  0.1449E+02
  0.1184E+00  0.9669E+01  0.1190E+01  0.1394E+02  0.1394E+02
  0.1192E+00  0.8489E+01  0.1185E+01  0.1340E+02  0.1340E+02
  0.1199E+00  0.9580E+01  0.1175E+01  0.1289E+02  0.1289E+02
  0.1207E+00  0.1109E+02  0.1171E+01  0.1239E+02  0.1239E+02
  0.1215E+00  0.1001E+02  0.1185E+01  0.1192E+02  0.1192E+02
  0.1222E+00  0.6309E+01  0.1160E+01  0.1146E+02  0.1146E+02
  0.1230E+00  0.1139E+02  0.1155E+01  0.1102E+02  0.1102E+02
  0.1237E+00  0.9287E+01  0.1143E+01  0.1060E+02  0.1060E+02
  0.1245E+00  0.8971E+01  0.1134E+01  0.1020E+02  0.1020E+02
  0.1253E+00  0.6111E+01  0.1135E+01  0.9810E+01  0.9810E+01
  0.1260E+00  0.7323E+01  0.1131E+01  0.9441E+01  0.9441E+01
  0.1268E+00  0.7090E+01  0.1145E+01  0.9089E+01  0.9089E+01
  0.1276E+00  0.4354E+01  0.1142E+01  0.8752E+01  0.8752E+01
  0.1283E+00  0.5188E+01  0.1132E+01  0.8431E+01  0.8431E+01
  0.1291E+00  0.4685E+01  0.1148E+01  0.8124E+01  0.8124E+01
  0.1298E+00  0.4973E+01  0.1119E+01  0.7832E+01  0.7832E+01
  0.1306E+00  0.4481E+01  0.1153E+01  0.7554E+01  0.7554E+01
  0.1314E+00  0.6854E+01  0.1157E+01  0.7289E+01  0.7289E+01
  0.1321E+00  0.5403E+01  0.1139E+01  0.7037E+01  0.7037E+01
  0.1329E+00  0.4217E+01  0.1164E+01  0.6798E+01  0.6798E+01
  0.1337E+00  0.2515E+01  0.1148E+01  0.6570E+01  0.6570E+01
  0.1344E+00  0.3681E+01  0.1151E+01  0.6354E+01  0.6354E+01
  0.1352E+00  0.3851E+01  0.1130E+01  0.6149E+01  0.6149E+01
  0.1359E+00  0.5041E+01  0.1150E+01  0.5954E+01  0.5954E+01
  0.1367E+00  0.3427E+01  0.1159E+01  0.5769E+01  0.5769E+01
  0.1375E+00  0.3699E+01  0.1154E+01  0.5593E+01  0.5593E+01
  0.1382E+00  0.1854E+01  0.1163E+01  0.5426E+01  0.5426E+01
  0.1390E+00  0.1596E+01  0.1159E+01  0.5268E+01  0.5268E+01
  0.1398E+00  0.1863E+01  0.1177E+01  0.5118E+01  0.5118E+01
  0.1405E+00  0.1878E+01  0.1176E+01  0.4976E+01  0.4976E+01
  0.1413E+00  0.2957E+01  0.1182E+01  0.4841E+01  0.4841E+01
  0.1421E+00 -0.8640E+00  0.1188E+01  0.4713E+01  0.4713E+01
  0.1428E+00 -0.5880E+00  0.1174E+01  0.4591E+01  0.4591E+01
  0.1436E+00  0.5050E+00  0.1182E+01  0.4475E+01  0.4475E+01
  0.1443E+00  0.1304E+01  0.1159E+01  0.4365E+01  0.4365E+01
  0.1451E+00  0.2549E+01  0.1160E+01  0.4260E+01  0.4260E+01
  0.1459E+00 -0.1930E+00  0.1166E+01  0.4160E+01  0.4160E+01
  0.1466E+00 -0.1361E+01  0.1170E+01  0.4064E+01  0.4064E+01
  0.1474E+00 -0.1129E+01  0.1162E+01  0.3973E+01  0.3973E+01
  0.1482E+00 -0.9600E+00  0.1134E+01  0.3885E+01  0.3885E+01
  0.1489E+00  0.7340E+00  0.1150E+01  0.3802E+01  0.3802E+01
  0.1497E+00  0.1556E+01  0.1145E+01  0.3722E+01  0.3722E+01
  0.1504E+00  0.2721E+01  0.1148E+01  0.3645E+01  0.3645E+01
  0.1512E+00  0.3087E+01  0.1154E+01  0.3571E+01  0.3571E+01
  0.1520E+00  0.1246E+01  0.1141E+01  0.3499E+01  0.3499E+01
  0.1527E+00  0.1352E+01  0.1164E+01  0.3430E+01  0.3430E+01
  0.1535E+00  0.4200E+00  0.1159E+01  0.3364E+01  0.3364E+01
  0.1543E+00 -0.5860E+00  0.1170E+01  0.3299E+01  0.3299E+01
  0.1550E+00 -0.4530E+00  0.1190E+01  0.3237E+01  0.3237E+01
  0.1558E+00 -0.1644E+01  0.1174E+01  0.3176E+01  0.3176E+01
  0.1565E+00 -0.1056E+01  0.1185E+01  0.3117E+01  0.3117E+01
  0.1573E+00  0.1980E+00  0.1161E+01  0.3060E+01  0.3060E+01
  0.1581E+00  0.3748E+01  0.1172E+01  0.3004E+01  0.3004E+01
  0.1588E+00  0.5880E+00  0.1160E+01  0.2949E+01  0.2949E+01
  0.1596E+00  0.1446E+01  0.1154E+01  0.2896E+01  0.2896E+01
  0.1604E+00  0.6750E+00  0.1156E+01  0.2844E+01  0.2844E+01
  0.1611E+00 -0.1135E+01  0.1130E+01  0.2793E+01  0.2793E+01
  0.1619E+00 -0.2420E+01  0.1140E+01  0.2744E+01  0.2744E+01
  0.1627E+00 -0.2655E+01  0.1131E+01  0.2695E+01  0.2695E+01
  0.1634E+00  0.1430E+00  0.1152E+01  0.2647E+01  0.2647E+01
  0.1642E+00  0.2372E+01  0.1156E+01  0.2601E+01  0.2601E+01
  0.1649E+00  0.2672E+01  0.1145E+01  0.2555E+01  0.2555E+01
  0.1657E+00  0.1630E+01  0.1158E+01  0.2511E+01  0.2511E+01
  0.1665E+00  0.1959E+01  0.1144E+01  0.2467E+01  0.2467E+01
  0.1672E+00 -0.2950E+00  0.1165E+01  0.2425E+01  0.2425E+01
  0.1680E+00  0.3490E+00  0.1156E+01  0.2384E+01  0.2384E+01
  0.1688E+00 -0.1483E+01  0.1164E+01  0.2343E+01  0.2343E+01

           Distance distribution  function of particle  


       R          P(R)      ERROR

  0.0000E+00  0.0000E+00  0.0000E+00
  0.1079E+01  0.7551E-02  0.2184E-03
  0.2158E+01  0.1901E-01  0.3954E-03
  0.3237E+01  0.3429E-01  0.5325E-03
  0.4316E+01  0.5326E-01  0.6321E-03
  0.5395E+01  0.7574E-01  0.6973E-03
  0.6474E+01  0.1015E+00  0.7320E-03
  0.7553E+01  0.1302E+00  0.7414E-03
  0.8632E+01  0.1616E+00  0.7314E-03
  0.9711E+01  0.1954E+00  0.7094E-03
  0.1079E+02  0.2310E+00  0.6842E-03
  0.1187E+02  0.2682E+00  0.6652E-03
  0.1295E+02  0.3065E+00  0.6617E-03
  0.1403E+02  0.3455E+00  0.6799E-03
  0.1511E+02  0.3847E+00  0.7211E-03
  0.1618E+02  0.4237E+00  0.7819E-03
  0.1726E+02  0.4620E+00  0.8562E-03
  0.1834E+02  0.4993E+00  0.9373E-03
  0.1942E+02  0.5352E+00  0.1019E-02
  0.2050E+02  0.5692E+00  0.1098E-02
  0.2158E+02  0.6011E+00  0.1170E-02
  0.2266E+02  0.6305E+00  0.1232E-02
  0.2374E+02  0.6572E+00  0.1284E-02
  0.2482E+02  0.6810E+00  0.1326E-02
  0.2590E+02  0.7016E+00  0.1357E-02
  0.2697E+02  0.7189E+00  0.1379E-02
  0.2805E+02  0.7329E+00  0.1393E-02
  0.2913E+02  0.7434E+00  0.1401E-02
  0.3021E+02  0.7505E+00  0.1406E-02
  0.3129E+02  0.7543E+00  0.1409E-02
  0.3237E+02  0.7547E+00  0.1413E-02
  0.3345E+02  0.7519E+00  0.1419E-02
  0.3453E+02  0.7460E+00  0.1427E-02
  0.3561E+02  0.7373E+00  0.1439E-02
  0.3669E+02  0.7259E+00  0.1453E-02
  0.3777E+02  0.7120E+00  0.1470E-02
  0.3884E+02  0.6959E+00  0.1488E-02
  0.3992E+02  0.6779E+00  0.1506E-02
  0.4100E+02  0.6583E+00  0.1522E-02
  0.4208E+02  0.6372E+00  0.1536E-02
  0.4316E+02  0.6149E+00  0.1548E-02
  0.4424E+02  0.5918E+00  0.1556E-02
  0.4532E+02  0.5681E+00  0.1562E-02
  0.4640E+02  0.5440E+00  0.1566E-02
  0.4748E+02  0.5198E+00  0.1569E-02
  0.4855E+02  0.4956E+00  0.1573E-02
  0.4963E+02  0.4718E+00  0.1580E-02
  0.5071E+02  0.4484E+00  0.1591E-02
  0.5179E+02  0.4256E+00  0.1608E-02
  0.5287E+02  0.4035E+00  0.1632E-02
  0.5395E+02  0.3823E+00  0.1663E-02
  0.5503E+02  0.3621E+00  0.1701E-02
  0.5611E+02  0.3428E+00  0.1746E-02
  0.5719E+02  0.3246E+00  0.1796E-02
  0.5827E+02  0.3075E+00  0.1851E-02
  0.5934E+02  0.2915E+00  0.1907E-02
  0.6042E+02  0.2765E+00  0.1965E-02
  0.6150E+02  0.2626E+00  0.2021E-02
  0.6258E+02  0.2497E+00  0.2075E-02
  0.6366E+02  0.2378E+00  0.2126E-02
  0.6474E+02  0.2268E+00  0.2172E-02
  0.6582E+02  0.2166E+00  0.2213E-02
  0.6690E+02  0.2073E+00  0.2248E-02
  0.6798E+02  0.1986E+00  0.2278E-02
  0.6906E+02  0.1906E+00  0.2303E-02
  0.7013E+02  0.1832E+00  0.2323E-02
  0.7121E+02  0.1763E+00  0.2339E-02
  0.7229E+02  0.1698E+00  0.2351E-02
  0.7337E+02  0.1637E+00  0.2360E-02
  0.7445E+02  0.1580E+00  0.2368E-02
  0.7553E+02  0.1525E+00  0.2374E-02
  0.7661E+02  0.1473E+00  0.2379E-02
  0.7769E+02  0.1423E+00  0.2384E-02
  0.7877E+02  0.1374E+00  0.2389E-02
  0.7985E+02  0.1327E+00  0.2395E-02
  0.8092E+02  0.1281E+00  0.2401E-02
  0.8200E+02  0.1236E+00  0.2407E-02
  0.8308E+02  0.1192E+00  0.2413E-02
  0.8416E+02  0.1148E+00  0.2419E-02
  0.8524E+02  0.1105E+00  0.2422E-02
  0.8632E+02  0.1062E+00  0.2423E-02
  0.8740E+02  0.1019E+00  0.2420E-02
  0.8848E+02  0.9763E-01  0.2412E-02
  0.8956E+02  0.9337E-01  0.2397E-02
  0.9064E+02  0.8909E-01  0.2374E-02
  0.9172E+02  0.8478E-01  0.2343E-02
  0.9279E+02  0.8042E-01  0.2300E-02
  0.9387E+02  0.7599E-01  0.2245E-02
  0.9495E+02  0.7147E-01  0.2177E-02
  0.9603E+02  0.6683E-01  0.2094E-02
  0.9711E+02  0.6206E-01  0.1995E-02
  0.9819E+02  0.5712E-01  0.1880E-02
  0.9927E+02  0.5198E-01  0.1747E-02
  0.1003E+03  0.4661E-01  0.1596E-02
  0.1014E+03  0.4098E-01  0.1426E-02
  0.1025E+03  0.3506E-01  0.1237E-02
  0.1036E+03  0.2881E-01  0.1028E-02
  0.1047E+03  0.2221E-01  0.8006E-03
  0.1057E+03  0.1523E-01  0.5533E-03
  0.1068E+03  0.7834E-02  0.2864E-03
  0.1079E+03  0.0000E+00  0.0000E+00
          Reciprocal space: Rg =   32.43     , I(0) =   0.4261E+03
     Real space: Rg =   32.48 +- 0.085  I(0) =   0.4261E+03 +-  0.1152E+01
