
           ####    G N O M   ---   Version 4.5a revised 09/02/02     ####

                                                  Sun Nov  5 11:57:58 2017
           ===    Run No   1   ===
 Run title:  0.0003414 0 0


  Number of points omitted at the end:         408
 Standard deviations are estimated by polynomial smoothing

   *******   Working Directory :
   *******    Input file(s) : 24648_01E_S512_0_03.sub
           Condition P(rmin) = 0 is used. 
           Condition P(rmax) = 0 is used. 

          Experimental conditions for the first run
          -----------------------------------------

          Highest ALPHA is found to be   0.7639E+03

  The measure of inconsistency AN1 equals to    0.1073E+01

          Warning: using the chosen range in the real space 
             it is not possible to fit the data set within the
             given error band. 
     Alpha    Discrp  Oscill  Stabil  Sysdev  Positv  Valcen    Total   
  0.7639E+06170.3352  1.4745  0.9691  0.0253  1.0000  0.7843  0.00001
  0.1528E+06158.6085  1.4801  0.8930  0.0127  1.0000  0.7824  0.00001
  0.3056E+05120.0051  1.5070  0.6350  0.0127  1.0000  0.7731  0.00001
  0.6111E+04 64.3974  1.6267  0.2453  0.0253  1.0000  0.7326  0.00001
  0.1222E+04 31.3481  2.0025  0.1604  0.0253  1.0000  0.6153  0.00001
  0.2444E+03 11.5628  2.4967  0.0813  0.0506  1.0000  0.4853  0.00001
  0.4889E+02  3.1722  2.7569  0.0238  0.2278  1.0000  0.4285  0.00001
  0.9778E+01  1.2426  2.8352  0.0078  0.5949  1.0000  0.4138  0.39481
  0.1956E+01  1.0296  2.8581  0.0087  0.7975  1.0000  0.4106  0.39751
  0.3911E+00  0.9888  2.8848  0.0165  0.7468  1.0000  0.4091  0.10000
  0.7822E-01  0.9696  2.9409  0.0122  0.7468  1.0000  0.4083  0.10000
  0.1564E-01  0.9642  3.0265  0.0281  0.7722  0.9999  0.4097  0.10000
  0.3129E-02  0.9602  3.3320  0.0476  0.7722  0.9994  0.4099  0.10000
  0.6258E-03  0.9562  4.6541  0.1928  0.7468  0.9964  0.3892  0.10000
  0.1252E-03  0.9477  9.5343  0.3954  0.7722  0.9509  0.3287  0.10000
  0.2503E-04  0.9405 12.9157  0.2117  0.7975  0.8764  0.2967  0.10000
  0.5006E-05  0.9386 15.7279  0.3831  0.8228  0.8345  0.2437  0.10000
  0.1001E-05  0.9370 19.4040  0.6495  0.8228  0.7660  0.2440  0.10000
  0.2003E-06  0.9352 21.1248  0.6356  0.7975  0.7301  0.2814  0.10000
  0.4005E-07  0.9325 19.7807  1.0070  0.7975  0.7251  0.2820  0.10000
  0.8010E-08  0.9241 17.9627  0.7682  0.7975  0.7241  0.3369  0.10000
  0.1602E-08  0.9079 20.1594  0.6190  0.8228  0.7326  0.3734  0.10000
  0.3204E-09  0.8709 25.1309  0.7873  0.8734  0.7535  0.4071  0.10000
  0.6408E-10  0.7696 28.2377  0.6586  0.8987  0.7396  0.4235  0.10000
  0.1282E-10  0.6058 30.7349  0.5108  0.8481  0.6948  0.3424  0.10000
  0.2563E-11  0.4234 34.5505  0.4054  0.7975  0.6542  0.3103  0.10000
  0.5126E-12  0.2396 40.2124  0.2909  0.8228  0.6497  0.2861  0.10000
  0.1025E-12  0.1101 44.9444  0.2148  0.8228  0.6753  0.2735  0.10000
  0.2051E-13  0.0384 47.9198  0.1296  0.7975  0.7059  0.2536  0.10000
  0.4101E-14  0.0095 49.0167  0.0400  0.8228  0.7222  0.2427  0.10000
  0.8202E-15  0.0020 49.2805  0.0089  0.8228  0.7265  0.2397  0.10000

          ***  Golden section search to maximize estimate ***
     Alpha    Discrp  Oscill  Stabil  Sysdev  Positv  Valcen    Total   
  0.3616E+01  1.0630  2.8514  0.0073  0.7722  1.0000  0.4114  0.40508
  0.5288E+01  1.1028  2.8464  0.0072  0.7722  1.0000  0.4121  0.42308
  0.6687E+01  1.1414  2.8427  0.0073  0.7215  1.0000  0.4126  0.40693
  0.4573E+01  1.0849  2.8485  0.0072  0.7722  1.0000  0.4118  0.41611
  0.5784E+01  1.1159  2.8451  0.0072  0.7722  1.0000  0.4123  0.42737
  0.6114E+01  1.1250  2.8442  0.0072  0.7468  1.0000  0.4124  0.41490
  0.5589E+01  1.1107  2.8456  0.0072  0.7722  1.0000  0.4122  0.42574
  0.5908E+01  1.1193  2.8448  0.0072  0.7722  1.0000  0.4123  0.42837
  0.5985E+01  1.1214  2.8446  0.0072  0.7722  1.0000  0.4124  0.42899
  0.6034E+01  1.1228  2.8444  0.0072  0.7722  1.0000  0.4124  0.42937
  0.6064E+01  1.1236  2.8443  0.0072  0.7722  1.0000  0.4124  0.42961
  0.6083E+01  1.1242  2.8443  0.0072  0.7468  1.0000  0.4124  0.41466
  0.6053E+01  1.1233  2.8444  0.0072  0.7722  1.0000  0.4124  0.42952
  0.6071E+01  1.1238  2.8443  0.0072  0.7722  1.0000  0.4124  0.42967
  0.6071E+01  1.1238  2.8443  0.0072  0.7722  1.0000  0.4124  0.42967



             ####            Final results            ####

 Parameter    DISCRP    OSCILL    STABIL    SYSDEV    POSITV    VALCEN
 Weight        1.000     3.000     3.000     4.000     1.000     1.000
 Sigma         0.500     0.600     0.120     0.200     0.120     0.120
 Ideal         1.000     1.100     0.000     1.000     1.000     0.950
 Current       1.124     2.844     0.007     0.772     1.000     0.412
                - - - - - - - - - - - - - - - - - - - - - - - - - 
 Estimate      0.941     0.000     0.996     0.273     1.000     0.000

  Angular   range    :     from    0.0068   to    0.1538
  Real space range   :     from      0.00   to    199.00

  Highest ALPHA (theor) :   0.764E+06                 JOB = 0
  Current ALPHA         :   0.607E+01   Rg :  0.431E+02   I(0) :   0.284E+04

           Total  estimate : 0.430  which is  A SUSPICIOUS  solution

      S          J EXP       ERROR       J REG       I REG

  0.0000E+00                                      0.2842E+04
  0.9785E-03                                      0.2840E+04
  0.1957E-02                                      0.2835E+04
  0.2936E-02                                      0.2827E+04
  0.3914E-02                                      0.2815E+04
  0.4893E-02                                      0.2800E+04
  0.5871E-02                                      0.2782E+04
  0.6850E-02  0.1815E+04  0.2210E+03  0.2760E+04  0.2760E+04
  0.7779E-02  0.2105E+04  0.1054E+03  0.2737E+04  0.2737E+04
  0.8709E-02  0.2631E+04  0.7467E+02  0.2712E+04  0.2712E+04
  0.9639E-02  0.2748E+04  0.4184E+02  0.2685E+04  0.2685E+04
  0.1057E-01  0.2677E+04  0.3152E+02  0.2655E+04  0.2655E+04
  0.1150E-01  0.2681E+04  0.2530E+02  0.2624E+04  0.2624E+04
  0.1243E-01  0.2660E+04  0.2128E+02  0.2590E+04  0.2590E+04
  0.1336E-01  0.2567E+04  0.1885E+02  0.2555E+04  0.2555E+04
  0.1429E-01  0.2515E+04  0.1468E+02  0.2519E+04  0.2519E+04
  0.1522E-01  0.2475E+04  0.1257E+02  0.2482E+04  0.2482E+04
  0.1615E-01  0.2450E+04  0.1111E+02  0.2443E+04  0.2443E+04
  0.1708E-01  0.2430E+04  0.1077E+02  0.2404E+04  0.2404E+04
  0.1801E-01  0.2378E+04  0.9972E+01  0.2364E+04  0.2364E+04
  0.1894E-01  0.2326E+04  0.1023E+02  0.2324E+04  0.2324E+04
  0.1987E-01  0.2268E+04  0.9360E+01  0.2283E+04  0.2283E+04
  0.2080E-01  0.2219E+04  0.9313E+01  0.2242E+04  0.2242E+04
  0.2173E-01  0.2191E+04  0.9319E+01  0.2201E+04  0.2201E+04
  0.2266E-01  0.2137E+04  0.8486E+01  0.2161E+04  0.2161E+04
  0.2359E-01  0.2114E+04  0.8701E+01  0.2120E+04  0.2120E+04
  0.2451E-01  0.2058E+04  0.7692E+01  0.2079E+04  0.2079E+04
  0.2544E-01  0.2021E+04  0.7832E+01  0.2039E+04  0.2039E+04
  0.2637E-01  0.1991E+04  0.7489E+01  0.2000E+04  0.2000E+04
  0.2730E-01  0.1968E+04  0.6946E+01  0.1961E+04  0.1961E+04
  0.2823E-01  0.1939E+04  0.6874E+01  0.1922E+04  0.1922E+04
  0.2916E-01  0.1888E+04  0.6293E+01  0.1884E+04  0.1884E+04
  0.3009E-01  0.1846E+04  0.6440E+01  0.1846E+04  0.1846E+04
  0.3102E-01  0.1806E+04  0.6410E+01  0.1809E+04  0.1809E+04
  0.3195E-01  0.1765E+04  0.6125E+01  0.1773E+04  0.1773E+04
  0.3288E-01  0.1743E+04  0.6245E+01  0.1737E+04  0.1737E+04
  0.3381E-01  0.1718E+04  0.5826E+01  0.1702E+04  0.1702E+04
  0.3474E-01  0.1680E+04  0.5883E+01  0.1667E+04  0.1667E+04
  0.3567E-01  0.1634E+04  0.5552E+01  0.1633E+04  0.1633E+04
  0.3660E-01  0.1594E+04  0.5591E+01  0.1600E+04  0.1600E+04
  0.3753E-01  0.1566E+04  0.5505E+01  0.1566E+04  0.1566E+04
  0.3846E-01  0.1546E+04  0.5401E+01  0.1534E+04  0.1534E+04
  0.3939E-01  0.1511E+04  0.5380E+01  0.1501E+04  0.1501E+04
  0.4032E-01  0.1470E+04  0.4961E+01  0.1470E+04  0.1470E+04
  0.4125E-01  0.1445E+04  0.5055E+01  0.1438E+04  0.1438E+04
  0.4218E-01  0.1416E+04  0.4948E+01  0.1407E+04  0.1407E+04
  0.4311E-01  0.1376E+04  0.4789E+01  0.1376E+04  0.1376E+04
  0.4404E-01  0.1344E+04  0.4862E+01  0.1346E+04  0.1346E+04
  0.4497E-01  0.1319E+04  0.4601E+01  0.1316E+04  0.1316E+04
  0.4590E-01  0.1282E+04  0.4710E+01  0.1286E+04  0.1286E+04
  0.4683E-01  0.1253E+04  0.4456E+01  0.1256E+04  0.1256E+04
  0.4776E-01  0.1228E+04  0.4527E+01  0.1227E+04  0.1227E+04
  0.4869E-01  0.1197E+04  0.4971E+01  0.1198E+04  0.1198E+04
  0.4962E-01  0.1171E+04  0.4414E+01  0.1169E+04  0.1169E+04
  0.5055E-01  0.1143E+04  0.4227E+01  0.1141E+04  0.1141E+04
  0.5148E-01  0.1112E+04  0.4122E+01  0.1113E+04  0.1113E+04
  0.5241E-01  0.1082E+04  0.4108E+01  0.1085E+04  0.1085E+04
  0.5334E-01  0.1046E+04  0.4070E+01  0.1058E+04  0.1058E+04
  0.5427E-01  0.1025E+04  0.3943E+01  0.1031E+04  0.1031E+04
  0.5520E-01  0.1008E+04  0.4006E+01  0.1004E+04  0.1004E+04
  0.5613E-01  0.9822E+03  0.3859E+01  0.9776E+03  0.9776E+03
  0.5706E-01  0.9476E+03  0.3914E+01  0.9516E+03  0.9516E+03
  0.5799E-01  0.9328E+03  0.3825E+01  0.9261E+03  0.9261E+03
  0.5892E-01  0.9093E+03  0.3759E+01  0.9010E+03  0.9010E+03
  0.5985E-01  0.8759E+03  0.3691E+01  0.8764E+03  0.8764E+03
  0.6078E-01  0.8560E+03  0.3616E+01  0.8521E+03  0.8521E+03
  0.6170E-01  0.8290E+03  0.3700E+01  0.8283E+03  0.8283E+03
  0.6263E-01  0.8043E+03  0.3452E+01  0.8050E+03  0.8050E+03
  0.6356E-01  0.7838E+03  0.3440E+01  0.7821E+03  0.7821E+03
  0.6449E-01  0.7636E+03  0.3427E+01  0.7596E+03  0.7596E+03
  0.6542E-01  0.7463E+03  0.3442E+01  0.7376E+03  0.7376E+03
  0.6635E-01  0.7210E+03  0.3351E+01  0.7161E+03  0.7161E+03
  0.6728E-01  0.6982E+03  0.3182E+01  0.6950E+03  0.6950E+03
  0.6821E-01  0.6810E+03  0.3291E+01  0.6743E+03  0.6743E+03
  0.6914E-01  0.6573E+03  0.3311E+01  0.6541E+03  0.6541E+03
  0.7007E-01  0.6353E+03  0.3202E+01  0.6343E+03  0.6343E+03
  0.7100E-01  0.6217E+03  0.3315E+01  0.6149E+03  0.6149E+03
  0.7193E-01  0.5995E+03  0.3108E+01  0.5959E+03  0.5959E+03
  0.7286E-01  0.5710E+03  0.3174E+01  0.5774E+03  0.5774E+03
  0.7379E-01  0.5503E+03  0.3063E+01  0.5592E+03  0.5592E+03
  0.7472E-01  0.5335E+03  0.3003E+01  0.5414E+03  0.5414E+03
  0.7565E-01  0.5270E+03  0.3035E+01  0.5240E+03  0.5240E+03
  0.7658E-01  0.5120E+03  0.2944E+01  0.5070E+03  0.5070E+03
  0.7751E-01  0.4979E+03  0.2957E+01  0.4903E+03  0.4903E+03
  0.7844E-01  0.4792E+03  0.2813E+01  0.4740E+03  0.4740E+03
  0.7937E-01  0.4644E+03  0.2809E+01  0.4581E+03  0.4581E+03
  0.8030E-01  0.4414E+03  0.2843E+01  0.4425E+03  0.4425E+03
  0.8123E-01  0.4317E+03  0.2875E+01  0.4272E+03  0.4272E+03
  0.8216E-01  0.4149E+03  0.2844E+01  0.4124E+03  0.4124E+03
  0.8309E-01  0.3942E+03  0.2768E+01  0.3978E+03  0.3978E+03
  0.8402E-01  0.3773E+03  0.2873E+01  0.3836E+03  0.3836E+03
  0.8495E-01  0.3623E+03  0.2964E+01  0.3697E+03  0.3697E+03
  0.8588E-01  0.3536E+03  0.2688E+01  0.3562E+03  0.3562E+03
  0.8681E-01  0.3439E+03  0.2684E+01  0.3430E+03  0.3430E+03
  0.8774E-01  0.3335E+03  0.2605E+01  0.3302E+03  0.3302E+03
  0.8867E-01  0.3231E+03  0.2619E+01  0.3177E+03  0.3177E+03
  0.8960E-01  0.3053E+03  0.2545E+01  0.3055E+03  0.3055E+03
  0.9053E-01  0.2919E+03  0.2566E+01  0.2937E+03  0.2937E+03
  0.9146E-01  0.2841E+03  0.2536E+01  0.2822E+03  0.2822E+03
  0.9239E-01  0.2690E+03  0.2502E+01  0.2710E+03  0.2710E+03
  0.9332E-01  0.2567E+03  0.2539E+01  0.2602E+03  0.2602E+03
  0.9425E-01  0.2505E+03  0.2467E+01  0.2497E+03  0.2497E+03
  0.9518E-01  0.2381E+03  0.2466E+01  0.2395E+03  0.2395E+03
  0.9611E-01  0.2314E+03  0.2452E+01  0.2296E+03  0.2296E+03
  0.9704E-01  0.2245E+03  0.2442E+01  0.2201E+03  0.2201E+03
  0.9797E-01  0.2198E+03  0.2433E+01  0.2108E+03  0.2108E+03
  0.9890E-01  0.2063E+03  0.2344E+01  0.2018E+03  0.2018E+03
  0.9982E-01  0.1934E+03  0.2379E+01  0.1932E+03  0.1932E+03
  0.1008E+00  0.1819E+03  0.2335E+01  0.1848E+03  0.1848E+03
  0.1017E+00  0.1762E+03  0.2366E+01  0.1767E+03  0.1767E+03
  0.1026E+00  0.1679E+03  0.2380E+01  0.1688E+03  0.1688E+03
  0.1035E+00  0.1616E+03  0.2246E+01  0.1612E+03  0.1612E+03
  0.1045E+00  0.1517E+03  0.2259E+01  0.1539E+03  0.1539E+03
  0.1054E+00  0.1464E+03  0.2213E+01  0.1468E+03  0.1468E+03
  0.1063E+00  0.1337E+03  0.2254E+01  0.1400E+03  0.1400E+03
  0.1073E+00  0.1355E+03  0.2233E+01  0.1333E+03  0.1333E+03
  0.1082E+00  0.1286E+03  0.2169E+01  0.1269E+03  0.1269E+03
  0.1091E+00  0.1203E+03  0.2220E+01  0.1207E+03  0.1207E+03
  0.1101E+00  0.1163E+03  0.2127E+01  0.1148E+03  0.1148E+03
  0.1110E+00  0.1133E+03  0.2156E+01  0.1090E+03  0.1090E+03
  0.1119E+00  0.1097E+03  0.2155E+01  0.1034E+03  0.1034E+03
  0.1128E+00  0.9352E+02  0.2167E+01  0.9803E+02  0.9803E+02
  0.1138E+00  0.8906E+02  0.2119E+01  0.9283E+02  0.9283E+02
  0.1147E+00  0.8862E+02  0.2057E+01  0.8782E+02  0.8782E+02
  0.1156E+00  0.7948E+02  0.2116E+01  0.8300E+02  0.8300E+02
  0.1166E+00  0.7138E+02  0.2058E+01  0.7836E+02  0.7836E+02
  0.1175E+00  0.7079E+02  0.2097E+01  0.7389E+02  0.7389E+02
  0.1184E+00  0.6981E+02  0.2079E+01  0.6960E+02  0.6960E+02
  0.1193E+00  0.6207E+02  0.2084E+01  0.6549E+02  0.6549E+02
  0.1203E+00  0.5969E+02  0.2082E+01  0.6154E+02  0.6154E+02
  0.1212E+00  0.5641E+02  0.2006E+01  0.5777E+02  0.5777E+02
  0.1221E+00  0.5427E+02  0.2030E+01  0.5415E+02  0.5415E+02
  0.1231E+00  0.5122E+02  0.2025E+01  0.5070E+02  0.5070E+02
  0.1240E+00  0.4580E+02  0.2024E+01  0.4742E+02  0.4742E+02
  0.1249E+00  0.4396E+02  0.2022E+01  0.4429E+02  0.4429E+02
  0.1259E+00  0.4242E+02  0.1924E+01  0.4131E+02  0.4131E+02
  0.1268E+00  0.3908E+02  0.1951E+01  0.3849E+02  0.3849E+02
  0.1277E+00  0.3503E+02  0.1924E+01  0.3581E+02  0.3581E+02
  0.1286E+00  0.3207E+02  0.1965E+01  0.3327E+02  0.3327E+02
  0.1296E+00  0.2987E+02  0.1954E+01  0.3087E+02  0.3087E+02
  0.1305E+00  0.3204E+02  0.1929E+01  0.2861E+02  0.2861E+02
  0.1314E+00  0.2739E+02  0.1984E+01  0.2647E+02  0.2647E+02
  0.1324E+00  0.2472E+02  0.1955E+01  0.2446E+02  0.2446E+02
  0.1333E+00  0.2198E+02  0.1965E+01  0.2256E+02  0.2256E+02
  0.1342E+00  0.1591E+02  0.1933E+01  0.2077E+02  0.2077E+02
  0.1352E+00  0.1426E+02  0.1943E+01  0.1910E+02  0.1910E+02
  0.1361E+00  0.1917E+02  0.1969E+01  0.1753E+02  0.1753E+02
  0.1370E+00  0.1658E+02  0.1899E+01  0.1605E+02  0.1605E+02
  0.1379E+00  0.1681E+02  0.1922E+01  0.1467E+02  0.1467E+02
  0.1389E+00  0.1261E+02  0.1889E+01  0.1337E+02  0.1337E+02
  0.1398E+00  0.1072E+02  0.1906E+01  0.1216E+02  0.1216E+02
  0.1407E+00  0.8112E+01  0.1891E+01  0.1103E+02  0.1103E+02
  0.1417E+00  0.8304E+01  0.1825E+01  0.9977E+01  0.9977E+01
  0.1426E+00  0.9061E+01  0.1841E+01  0.8996E+01  0.8996E+01
  0.1435E+00  0.5912E+01  0.2287E+01  0.8085E+01  0.8085E+01
  0.1445E+00  0.2694E+01  0.1975E+01  0.7242E+01  0.7242E+01
  0.1454E+00  0.3554E+01  0.1858E+01  0.6463E+01  0.6463E+01
  0.1463E+00  0.2685E+01  0.1805E+01  0.5748E+01  0.5748E+01
  0.1472E+00  0.5350E+01  0.1857E+01  0.5092E+01  0.5092E+01
  0.1482E+00  0.4695E+01  0.1864E+01  0.4497E+01  0.4497E+01
  0.1491E+00 -0.4529E+00  0.1847E+01  0.3958E+01  0.3958E+01
  0.1500E+00  0.8905E-01  0.1838E+01  0.3474E+01  0.3474E+01
  0.1510E+00 -0.6520E+00  0.1856E+01  0.3044E+01  0.3044E+01
  0.1519E+00  0.1689E+01  0.1854E+01  0.2666E+01  0.2666E+01
  0.1528E+00  0.1453E+01  0.1839E+01  0.2339E+01  0.2339E+01
  0.1538E+00  0.4241E+01  0.1852E+01  0.2059E+01  0.2059E+01

           Distance distribution  function of particle  


       R          P(R)      ERROR

  0.0000E+00  0.0000E+00  0.0000E+00
  0.1990E+01  0.5607E-01  0.1828E-02
  0.3980E+01  0.2054E+00  0.2879E-02
  0.5970E+01  0.4417E+00  0.3225E-02
  0.7960E+01  0.7549E+00  0.2988E-02
  0.9950E+01  0.1132E+01  0.2350E-02
  0.1194E+02  0.1556E+01  0.1644E-02
  0.1393E+02  0.2010E+01  0.1581E-02
  0.1592E+02  0.2476E+01  0.2371E-02
  0.1791E+02  0.2933E+01  0.3361E-02
  0.1990E+02  0.3365E+01  0.4205E-02
  0.2189E+02  0.3756E+01  0.4766E-02
  0.2388E+02  0.4091E+01  0.4988E-02
  0.2587E+02  0.4359E+01  0.4875E-02
  0.2786E+02  0.4554E+01  0.4493E-02
  0.2985E+02  0.4671E+01  0.3977E-02
  0.3184E+02  0.4709E+01  0.3542E-02
  0.3383E+02  0.4672E+01  0.3434E-02
  0.3582E+02  0.4565E+01  0.3743E-02
  0.3781E+02  0.4397E+01  0.4308E-02
  0.3980E+02  0.4178E+01  0.4899E-02
  0.4179E+02  0.3920E+01  0.5350E-02
  0.4378E+02  0.3634E+01  0.5577E-02
  0.4577E+02  0.3333E+01  0.5566E-02
  0.4776E+02  0.3028E+01  0.5369E-02
  0.4975E+02  0.2730E+01  0.5102E-02
  0.5174E+02  0.2446E+01  0.4931E-02
  0.5373E+02  0.2185E+01  0.5011E-02
  0.5572E+02  0.1949E+01  0.5390E-02
  0.5771E+02  0.1743E+01  0.5980E-02
  0.5970E+02  0.1567E+01  0.6628E-02
  0.6169E+02  0.1420E+01  0.7194E-02
  0.6368E+02  0.1300E+01  0.7585E-02
  0.6567E+02  0.1204E+01  0.7758E-02
  0.6766E+02  0.1126E+01  0.7720E-02
  0.6965E+02  0.1064E+01  0.7522E-02
  0.7164E+02  0.1013E+01  0.7255E-02
  0.7363E+02  0.9685E+00  0.7026E-02
  0.7562E+02  0.9276E+00  0.6929E-02
  0.7761E+02  0.8876E+00  0.7005E-02
  0.7960E+02  0.8468E+00  0.7226E-02
  0.8159E+02  0.8042E+00  0.7515E-02
  0.8358E+02  0.7597E+00  0.7786E-02
  0.8557E+02  0.7137E+00  0.7976E-02
  0.8756E+02  0.6672E+00  0.8063E-02
  0.8955E+02  0.6215E+00  0.8060E-02
  0.9154E+02  0.5780E+00  0.8012E-02
  0.9353E+02  0.5380E+00  0.7978E-02
  0.9552E+02  0.5026E+00  0.8006E-02
  0.9751E+02  0.4726E+00  0.8117E-02
  0.9950E+02  0.4484E+00  0.8299E-02
  0.1015E+03  0.4300E+00  0.8515E-02
  0.1035E+03  0.4168E+00  0.8727E-02
  0.1055E+03  0.4081E+00  0.8914E-02
  0.1075E+03  0.4027E+00  0.9082E-02
  0.1095E+03  0.3995E+00  0.9265E-02
  0.1114E+03  0.3971E+00  0.9507E-02
  0.1134E+03  0.3943E+00  0.9841E-02
  0.1154E+03  0.3902E+00  0.1027E-01
  0.1174E+03  0.3838E+00  0.1076E-01
  0.1194E+03  0.3750E+00  0.1125E-01
  0.1214E+03  0.3634E+00  0.1165E-01
  0.1234E+03  0.3493E+00  0.1191E-01
  0.1254E+03  0.3333E+00  0.1199E-01
  0.1274E+03  0.3161E+00  0.1190E-01
  0.1293E+03  0.2984E+00  0.1169E-01
  0.1313E+03  0.2813E+00  0.1147E-01
  0.1333E+03  0.2654E+00  0.1136E-01
  0.1353E+03  0.2516E+00  0.1148E-01
  0.1373E+03  0.2402E+00  0.1188E-01
  0.1393E+03  0.2316E+00  0.1255E-01
  0.1413E+03  0.2256E+00  0.1339E-01
  0.1433E+03  0.2219E+00  0.1426E-01
  0.1453E+03  0.2201E+00  0.1506E-01
  0.1473E+03  0.2194E+00  0.1570E-01
  0.1493E+03  0.2190E+00  0.1614E-01
  0.1512E+03  0.2182E+00  0.1639E-01
  0.1532E+03  0.2161E+00  0.1648E-01
  0.1552E+03  0.2122E+00  0.1649E-01
  0.1572E+03  0.2062E+00  0.1648E-01
  0.1592E+03  0.1980E+00  0.1651E-01
  0.1612E+03  0.1876E+00  0.1661E-01
  0.1632E+03  0.1755E+00  0.1676E-01
  0.1652E+03  0.1624E+00  0.1691E-01
  0.1672E+03  0.1489E+00  0.1701E-01
  0.1692E+03  0.1362E+00  0.1700E-01
  0.1711E+03  0.1248E+00  0.1684E-01
  0.1731E+03  0.1157E+00  0.1654E-01
  0.1751E+03  0.1094E+00  0.1611E-01
  0.1771E+03  0.1062E+00  0.1562E-01
  0.1791E+03  0.1059E+00  0.1512E-01
  0.1811E+03  0.1081E+00  0.1467E-01
  0.1831E+03  0.1119E+00  0.1427E-01
  0.1851E+03  0.1161E+00  0.1389E-01
  0.1871E+03  0.1191E+00  0.1344E-01
  0.1891E+03  0.1189E+00  0.1276E-01
  0.1910E+03  0.1136E+00  0.1170E-01
  0.1930E+03  0.1010E+00  0.1007E-01
  0.1950E+03  0.7911E-01  0.7693E-02
  0.1970E+03  0.4599E-01  0.4392E-02
  0.1990E+03  0.0000E+00  0.0000E+00
          Reciprocal space: Rg =   43.06     , I(0) =   0.2842E+04
     Real space: Rg =   43.59 +- 0.388  I(0) =   0.2842E+04 +-  0.9959E+01
