
           ####    G N O M   ---   Version 4.5a revised 09/02/02     ####

                                                  Sun Nov  5 11:57:50 2017
           ===    Run No   1   ===
 Run title:  0.0003414 0 0


  Number of points omitted at the end:         429
 Standard deviations are estimated by polynomial smoothing

   *******   Working Directory :
   *******    Input file(s) : 24648_01B_S506_0_03.sub
           Condition P(rmin) = 0 is used. 
           Condition P(rmax) = 0 is used. 

          Experimental conditions for the first run
          -----------------------------------------

          Highest ALPHA is found to be   0.4322E+02

  The measure of inconsistency AN1 equals to    0.7270E+00
     Alpha    Discrp  Oscill  Stabil  Sysdev  Positv  Valcen    Total   
  0.4322E+05 50.7239  1.1999  0.9354  0.0146  1.0000  0.8575  0.00001
  0.8644E+04 41.9872  1.2021  0.7656  0.0730  1.0000  0.8575  0.00001
  0.1729E+04 23.7258  1.2135  0.3984  0.0438  1.0000  0.8576  0.00001
  0.3458E+03 10.6434  1.2724  0.1384  0.0292  1.0000  0.8579  0.00001
  0.6915E+02  4.9101  1.4593  0.1023  0.2336  1.0000  0.8559  0.00001
  0.1383E+02  1.9393  1.6629  0.0475  0.3504  1.0000  0.8500  0.47220
  0.2766E+01  1.1724  1.7632  0.0233  0.5839  1.0000  0.8446  0.45915
  0.5532E+00  1.0547  1.8246  0.0287  0.6131  1.0000  0.8395  0.10000
  0.1106E+00  1.0270  1.8894  0.0145  0.6423  1.0000  0.8357  0.10000
  0.2213E-01  1.0226  1.9455  0.0263  0.6423  1.0000  0.8363  0.10000
  0.4426E-02  1.0197  2.1596  0.0745  0.6423  0.9999  0.8293  0.10000
  0.8851E-03  1.0134  3.7458  0.3387  0.6423  0.9928  0.7511  0.10000
  0.1770E-03  0.9932  7.5044  0.6358  0.6423  0.9007  0.4606  0.10000
  0.3541E-04  0.9658  8.6719  0.3510  0.6861  0.8097  0.4313  0.10000
  0.7081E-05  0.9551 10.0070  0.4221  0.6861  0.7699  0.3889  0.10000
  0.1416E-05  0.9446 11.0956  0.9147  0.6861  0.7355  0.3869  0.10000
  0.2832E-06  0.9210 10.0336  0.6016  0.6569  0.7147  0.3845  0.10000
  0.5665E-07  0.9044 10.0890  0.2172  0.7883  0.7092  0.3853  0.10000
  0.1133E-07  0.9005 11.8332  0.5043  0.7883  0.7095  0.3788  0.10000
  0.2266E-08  0.8950 12.3784  0.9131  0.7883  0.7104  0.3837  0.10000
  0.4532E-09  0.8840 11.2229  0.5399  0.7299  0.7098  0.3949  0.10000
  0.9064E-10  0.8769 11.9434  0.3975  0.7445  0.7082  0.4443  0.10000
  0.1813E-10  0.8699 13.9331  0.9063  0.7153  0.7396  0.4992  0.10000
  0.3625E-11  0.8446 13.9682  0.8249  0.7153  0.7532  0.4811  0.10000
  0.7251E-12  0.7756 15.7972  0.6313  0.7591  0.7552  0.4560  0.10000
  0.1450E-12  0.6525 19.6550  0.4575  0.7299  0.7550  0.4303  0.10000
  0.2900E-13  0.4900 26.0595  0.3895  0.7591  0.7584  0.4165  0.10000
  0.5801E-14  0.2997 33.5147  0.3422  0.8467  0.7543  0.3403  0.10000
  0.1160E-14  0.1256 38.8412  0.2151  0.8175  0.7501  0.3168  0.10000
  0.2320E-15  0.0351 40.8737  0.1006  0.7883  0.7534  0.3263  0.10000
  0.4641E-16  0.0078 41.3968  0.0192  0.7883  0.7556  0.3260  0.10000

          ***  Golden section search to maximize estimate ***
     Alpha    Discrp  Oscill  Stabil  Sysdev  Positv  Valcen    Total   
  0.5115E+01  1.3121  1.7350  0.0268  0.5255  1.0000  0.8465  0.48707
  0.4044E+01  1.2452  1.7468  0.0245  0.5255  1.0000  0.8458  0.47960
  0.5914E+01  1.3649  1.7269  0.0287  0.4964  1.0000  0.8470  0.48837
  0.6469E+01  1.4028  1.7215  0.0302  0.4672  1.0000  0.8473  0.48810
  0.5595E+01  1.3436  1.7301  0.0279  0.5255  1.0000  0.8468  0.48838
  0.5406E+01  1.3311  1.7320  0.0275  0.5255  1.0000  0.8467  0.48798
  0.5715E+01  1.3516  1.7289  0.0282  0.5255  1.0000  0.8469  0.48856
  0.5790E+01  1.3566  1.7281  0.0284  0.4964  1.0000  0.8469  0.48826
  0.5669E+01  1.3485  1.7293  0.0281  0.5255  1.0000  0.8468  0.48849
  0.5743E+01  1.3535  1.7286  0.0283  0.5255  1.0000  0.8469  0.48859
  0.5761E+01  1.3547  1.7284  0.0284  0.5255  1.0000  0.8469  0.48862
  0.5772E+01  1.3554  1.7283  0.0284  0.4964  1.0000  0.8469  0.48824
  0.5754E+01  1.3542  1.7285  0.0283  0.5255  1.0000  0.8469  0.48861
  0.5761E+01  1.3547  1.7284  0.0284  0.5255  1.0000  0.8469  0.48862



             ####            Final results            ####

 Parameter    DISCRP    OSCILL    STABIL    SYSDEV    POSITV    VALCEN
 Weight        1.000     3.000     3.000     4.000     1.000     1.000
 Sigma         0.500     0.600     0.120     0.200     0.120     0.120
 Ideal         1.000     1.100     0.000     1.000     1.000     0.950
 Current       1.355     1.728     0.028     0.526     1.000     0.847
                - - - - - - - - - - - - - - - - - - - - - - - - - 
 Estimate      0.605     0.334     0.946     0.004     1.000     0.478

  Angular   range    :     from    0.0068   to    0.1342
  Real space range   :     from      0.00   to    120.80

  Highest ALPHA (theor) :   0.432E+05                 JOB = 0
  Current ALPHA         :   0.576E+01   Rg :  0.328E+02   I(0) :   0.612E+03

           Total  estimate : 0.489  which is  A SUSPICIOUS  solution

      S          J EXP       ERROR       J REG       I REG

  0.0000E+00                                      0.6116E+03
  0.9785E-03                                      0.6114E+03
  0.1957E-02                                      0.6108E+03
  0.2936E-02                                      0.6097E+03
  0.3914E-02                                      0.6082E+03
  0.4893E-02                                      0.6064E+03
  0.5871E-02                                      0.6041E+03
  0.6850E-02  0.5283E+03  0.7208E+02  0.6014E+03  0.6014E+03
  0.7779E-02  0.6564E+03  0.9016E+02  0.5985E+03  0.5985E+03
  0.8709E-02  0.6886E+03  0.7289E+02  0.5952E+03  0.5952E+03
  0.9639E-02  0.6108E+03  0.4062E+02  0.5916E+03  0.5916E+03
  0.1057E-01  0.6262E+03  0.2894E+02  0.5876E+03  0.5876E+03
  0.1150E-01  0.6236E+03  0.2219E+02  0.5834E+03  0.5834E+03
  0.1243E-01  0.6202E+03  0.1974E+02  0.5788E+03  0.5788E+03
  0.1336E-01  0.5886E+03  0.1610E+02  0.5739E+03  0.5739E+03
  0.1429E-01  0.5992E+03  0.1257E+02  0.5687E+03  0.5687E+03
  0.1522E-01  0.5906E+03  0.1118E+02  0.5633E+03  0.5633E+03
  0.1615E-01  0.5632E+03  0.9445E+01  0.5575E+03  0.5575E+03
  0.1708E-01  0.5615E+03  0.9491E+01  0.5516E+03  0.5516E+03
  0.1801E-01  0.5563E+03  0.8562E+01  0.5453E+03  0.5453E+03
  0.1894E-01  0.5317E+03  0.8247E+01  0.5389E+03  0.5389E+03
  0.1987E-01  0.5298E+03  0.7832E+01  0.5322E+03  0.5322E+03
  0.2080E-01  0.5258E+03  0.7907E+01  0.5254E+03  0.5254E+03
  0.2173E-01  0.5207E+03  0.7807E+01  0.5183E+03  0.5183E+03
  0.2266E-01  0.5145E+03  0.7231E+01  0.5111E+03  0.5111E+03
  0.2359E-01  0.5066E+03  0.6959E+01  0.5037E+03  0.5037E+03
  0.2451E-01  0.4954E+03  0.6317E+01  0.4962E+03  0.4962E+03
  0.2544E-01  0.4817E+03  0.6262E+01  0.4885E+03  0.4885E+03
  0.2637E-01  0.4894E+03  0.6080E+01  0.4808E+03  0.4808E+03
  0.2730E-01  0.4760E+03  0.5611E+01  0.4729E+03  0.4729E+03
  0.2823E-01  0.4582E+03  0.5483E+01  0.4649E+03  0.4649E+03
  0.2916E-01  0.4432E+03  0.5132E+01  0.4569E+03  0.4569E+03
  0.3009E-01  0.4412E+03  0.5120E+01  0.4488E+03  0.4488E+03
  0.3102E-01  0.4335E+03  0.4900E+01  0.4406E+03  0.4406E+03
  0.3195E-01  0.4202E+03  0.5010E+01  0.4325E+03  0.4325E+03
  0.3288E-01  0.4178E+03  0.4884E+01  0.4242E+03  0.4242E+03
  0.3381E-01  0.4106E+03  0.4696E+01  0.4160E+03  0.4160E+03
  0.3474E-01  0.4066E+03  0.4987E+01  0.4078E+03  0.4078E+03
  0.3567E-01  0.4051E+03  0.4457E+01  0.3996E+03  0.3996E+03
  0.3660E-01  0.3883E+03  0.4653E+01  0.3914E+03  0.3914E+03
  0.3753E-01  0.3787E+03  0.4491E+01  0.3833E+03  0.3833E+03
  0.3846E-01  0.3655E+03  0.4303E+01  0.3751E+03  0.3751E+03
  0.3939E-01  0.3509E+03  0.4334E+01  0.3671E+03  0.3671E+03
  0.4032E-01  0.3560E+03  0.4030E+01  0.3591E+03  0.3591E+03
  0.4125E-01  0.3530E+03  0.4188E+01  0.3511E+03  0.3511E+03
  0.4218E-01  0.3496E+03  0.4091E+01  0.3433E+03  0.3433E+03
  0.4311E-01  0.3496E+03  0.3888E+01  0.3355E+03  0.3355E+03
  0.4404E-01  0.3332E+03  0.3908E+01  0.3277E+03  0.3277E+03
  0.4497E-01  0.3239E+03  0.3861E+01  0.3201E+03  0.3201E+03
  0.4590E-01  0.3210E+03  0.3863E+01  0.3126E+03  0.3126E+03
  0.4683E-01  0.3119E+03  0.3769E+01  0.3052E+03  0.3052E+03
  0.4776E-01  0.3014E+03  0.3717E+01  0.2978E+03  0.2978E+03
  0.4869E-01  0.2914E+03  0.3823E+01  0.2906E+03  0.2906E+03
  0.4962E-01  0.2895E+03  0.3562E+01  0.2835E+03  0.2835E+03
  0.5055E-01  0.2830E+03  0.3570E+01  0.2765E+03  0.2765E+03
  0.5148E-01  0.2776E+03  0.3460E+01  0.2696E+03  0.2696E+03
  0.5241E-01  0.2655E+03  0.3460E+01  0.2628E+03  0.2628E+03
  0.5334E-01  0.2570E+03  0.3480E+01  0.2562E+03  0.2562E+03
  0.5427E-01  0.2516E+03  0.3370E+01  0.2496E+03  0.2496E+03
  0.5520E-01  0.2474E+03  0.3403E+01  0.2432E+03  0.2432E+03
  0.5613E-01  0.2415E+03  0.3382E+01  0.2369E+03  0.2369E+03
  0.5706E-01  0.2335E+03  0.3412E+01  0.2307E+03  0.2307E+03
  0.5799E-01  0.2329E+03  0.3347E+01  0.2246E+03  0.2246E+03
  0.5892E-01  0.2219E+03  0.3197E+01  0.2186E+03  0.2186E+03
  0.5985E-01  0.2145E+03  0.3270E+01  0.2127E+03  0.2127E+03
  0.6078E-01  0.2065E+03  0.3229E+01  0.2070E+03  0.2070E+03
  0.6170E-01  0.2033E+03  0.3188E+01  0.2014E+03  0.2014E+03
  0.6263E-01  0.1948E+03  0.3095E+01  0.1958E+03  0.1958E+03
  0.6356E-01  0.1947E+03  0.3014E+01  0.1904E+03  0.1904E+03
  0.6449E-01  0.1898E+03  0.3045E+01  0.1851E+03  0.1851E+03
  0.6542E-01  0.1767E+03  0.2962E+01  0.1798E+03  0.1798E+03
  0.6635E-01  0.1796E+03  0.3010E+01  0.1747E+03  0.1747E+03
  0.6728E-01  0.1738E+03  0.2877E+01  0.1697E+03  0.1697E+03
  0.6821E-01  0.1690E+03  0.2895E+01  0.1648E+03  0.1648E+03
  0.6914E-01  0.1644E+03  0.2947E+01  0.1599E+03  0.1599E+03
  0.7007E-01  0.1541E+03  0.2870E+01  0.1552E+03  0.1552E+03
  0.7100E-01  0.1535E+03  0.2950E+01  0.1505E+03  0.1505E+03
  0.7193E-01  0.1372E+03  0.2810E+01  0.1460E+03  0.1460E+03
  0.7286E-01  0.1360E+03  0.2876E+01  0.1415E+03  0.1415E+03
  0.7379E-01  0.1382E+03  0.2796E+01  0.1371E+03  0.1371E+03
  0.7472E-01  0.1359E+03  0.2878E+01  0.1328E+03  0.1328E+03
  0.7565E-01  0.1308E+03  0.2785E+01  0.1286E+03  0.1286E+03
  0.7658E-01  0.1308E+03  0.2660E+01  0.1245E+03  0.1245E+03
  0.7751E-01  0.1204E+03  0.2687E+01  0.1204E+03  0.1204E+03
  0.7844E-01  0.1215E+03  0.2569E+01  0.1164E+03  0.1164E+03
  0.7937E-01  0.1136E+03  0.2597E+01  0.1125E+03  0.1125E+03
  0.8030E-01  0.1081E+03  0.2574E+01  0.1087E+03  0.1087E+03
  0.8123E-01  0.1064E+03  0.2575E+01  0.1050E+03  0.1050E+03
  0.8216E-01  0.1064E+03  0.2610E+01  0.1013E+03  0.1013E+03
  0.8309E-01  0.1016E+03  0.2749E+01  0.9772E+02  0.9772E+02
  0.8402E-01  0.9864E+02  0.2614E+01  0.9422E+02  0.9422E+02
  0.8495E-01  0.9435E+02  0.2533E+01  0.9078E+02  0.9078E+02
  0.8588E-01  0.8586E+02  0.2538E+01  0.8743E+02  0.8743E+02
  0.8681E-01  0.8300E+02  0.2486E+01  0.8415E+02  0.8415E+02
  0.8774E-01  0.8450E+02  0.2441E+01  0.8094E+02  0.8094E+02
  0.8867E-01  0.7731E+02  0.2466E+01  0.7782E+02  0.7782E+02
  0.8960E-01  0.7344E+02  0.2395E+01  0.7477E+02  0.7477E+02
  0.9053E-01  0.7002E+02  0.2405E+01  0.7179E+02  0.7179E+02
  0.9146E-01  0.6782E+02  0.2370E+01  0.6889E+02  0.6889E+02
  0.9239E-01  0.6475E+02  0.2421E+01  0.6607E+02  0.6607E+02
  0.9332E-01  0.5643E+02  0.2401E+01  0.6332E+02  0.6332E+02
  0.9425E-01  0.6205E+02  0.2367E+01  0.6065E+02  0.6065E+02
  0.9518E-01  0.5943E+02  0.2331E+01  0.5806E+02  0.5806E+02
  0.9611E-01  0.5894E+02  0.2342E+01  0.5554E+02  0.5554E+02
  0.9704E-01  0.5599E+02  0.2322E+01  0.5310E+02  0.5310E+02
  0.9797E-01  0.5481E+02  0.2339E+01  0.5074E+02  0.5074E+02
  0.9890E-01  0.4924E+02  0.2346E+01  0.4845E+02  0.4845E+02
  0.9982E-01  0.4458E+02  0.2315E+01  0.4624E+02  0.4624E+02
  0.1008E+00  0.4344E+02  0.2308E+01  0.4410E+02  0.4410E+02
  0.1017E+00  0.4224E+02  0.2241E+01  0.4205E+02  0.4205E+02
  0.1026E+00  0.4202E+02  0.2254E+01  0.4006E+02  0.4006E+02
  0.1035E+00  0.4086E+02  0.2177E+01  0.3815E+02  0.3815E+02
  0.1045E+00  0.3344E+02  0.2180E+01  0.3631E+02  0.3631E+02
  0.1054E+00  0.3120E+02  0.2158E+01  0.3455E+02  0.3455E+02
  0.1063E+00  0.3134E+02  0.2143E+01  0.3286E+02  0.3286E+02
  0.1073E+00  0.3572E+02  0.2145E+01  0.3124E+02  0.3124E+02
  0.1082E+00  0.3099E+02  0.2151E+01  0.2969E+02  0.2969E+02
  0.1091E+00  0.2938E+02  0.2169E+01  0.2821E+02  0.2821E+02
  0.1101E+00  0.2519E+02  0.2092E+01  0.2680E+02  0.2680E+02
  0.1110E+00  0.2043E+02  0.2158E+01  0.2545E+02  0.2545E+02
  0.1119E+00  0.2103E+02  0.2108E+01  0.2417E+02  0.2417E+02
  0.1128E+00  0.2010E+02  0.2119E+01  0.2296E+02  0.2296E+02
  0.1138E+00  0.1918E+02  0.2138E+01  0.2180E+02  0.2180E+02
  0.1147E+00  0.1635E+02  0.2050E+01  0.2071E+02  0.2071E+02
  0.1156E+00  0.1669E+02  0.2100E+01  0.1967E+02  0.1967E+02
  0.1166E+00  0.1786E+02  0.2053E+01  0.1870E+02  0.1870E+02
  0.1175E+00  0.2045E+02  0.2050E+01  0.1778E+02  0.1778E+02
  0.1184E+00  0.2056E+02  0.2027E+01  0.1691E+02  0.1691E+02
  0.1193E+00  0.1695E+02  0.2014E+01  0.1609E+02  0.1609E+02
  0.1203E+00  0.1405E+02  0.2069E+01  0.1533E+02  0.1533E+02
  0.1212E+00  0.1486E+02  0.2014E+01  0.1461E+02  0.1461E+02
  0.1221E+00  0.9365E+01  0.2010E+01  0.1394E+02  0.1394E+02
  0.1231E+00  0.8166E+01  0.1992E+01  0.1331E+02  0.1331E+02
  0.1240E+00  0.1075E+02  0.1978E+01  0.1272E+02  0.1272E+02
  0.1249E+00  0.9035E+01  0.1985E+01  0.1217E+02  0.1217E+02
  0.1259E+00  0.1008E+02  0.1935E+01  0.1167E+02  0.1167E+02
  0.1268E+00  0.6713E+01  0.1968E+01  0.1119E+02  0.1119E+02
  0.1277E+00  0.6374E+01  0.1963E+01  0.1075E+02  0.1075E+02
  0.1286E+00  0.8343E+01  0.1964E+01  0.1034E+02  0.1034E+02
  0.1296E+00  0.3646E+01  0.1953E+01  0.9966E+01  0.9966E+01
  0.1305E+00  0.4085E+01  0.1940E+01  0.9616E+01  0.9616E+01
  0.1314E+00  0.2345E+01  0.1994E+01  0.9293E+01  0.9293E+01
  0.1324E+00  0.4031E+01  0.1926E+01  0.8995E+01  0.8995E+01
  0.1333E+00  0.1636E+01  0.1939E+01  0.8719E+01  0.8719E+01
  0.1342E+00  0.6260E+00  0.1941E+01  0.8464E+01  0.8464E+01

           Distance distribution  function of particle  


       R          P(R)      ERROR

  0.0000E+00  0.0000E+00  0.0000E+00
  0.1342E+01  0.1886E-01  0.5851E-03
  0.2684E+01  0.4500E-01  0.1046E-02
  0.4027E+01  0.7820E-01  0.1386E-02
  0.5369E+01  0.1181E+00  0.1614E-02
  0.6711E+01  0.1643E+00  0.1740E-02
  0.8053E+01  0.2160E+00  0.1775E-02
  0.9396E+01  0.2727E+00  0.1736E-02
  0.1074E+02  0.3336E+00  0.1645E-02
  0.1208E+02  0.3976E+00  0.1528E-02
  0.1342E+02  0.4640E+00  0.1419E-02
  0.1476E+02  0.5316E+00  0.1358E-02
  0.1611E+02  0.5996E+00  0.1379E-02
  0.1745E+02  0.6668E+00  0.1492E-02
  0.1879E+02  0.7323E+00  0.1678E-02
  0.2013E+02  0.7951E+00  0.1907E-02
  0.2148E+02  0.8544E+00  0.2150E-02
  0.2282E+02  0.9091E+00  0.2386E-02
  0.2416E+02  0.9586E+00  0.2600E-02
  0.2550E+02  0.1002E+01  0.2780E-02
  0.2684E+02  0.1039E+01  0.2921E-02
  0.2819E+02  0.1070E+01  0.3020E-02
  0.2953E+02  0.1093E+01  0.3077E-02
  0.3087E+02  0.1108E+01  0.3094E-02
  0.3221E+02  0.1116E+01  0.3079E-02
  0.3356E+02  0.1117E+01  0.3040E-02
  0.3490E+02  0.1110E+01  0.2986E-02
  0.3624E+02  0.1096E+01  0.2931E-02
  0.3758E+02  0.1076E+01  0.2886E-02
  0.3892E+02  0.1049E+01  0.2862E-02
  0.4027E+02  0.1017E+01  0.2867E-02
  0.4161E+02  0.9797E+00  0.2905E-02
  0.4295E+02  0.9382E+00  0.2974E-02
  0.4429E+02  0.8932E+00  0.3070E-02
  0.4564E+02  0.8453E+00  0.3184E-02
  0.4698E+02  0.7955E+00  0.3307E-02
  0.4832E+02  0.7443E+00  0.3430E-02
  0.4966E+02  0.6927E+00  0.3547E-02
  0.5100E+02  0.6412E+00  0.3653E-02
  0.5235E+02  0.5905E+00  0.3745E-02
  0.5369E+02  0.5413E+00  0.3823E-02
  0.5503E+02  0.4940E+00  0.3889E-02
  0.5637E+02  0.4492E+00  0.3945E-02
  0.5772E+02  0.4073E+00  0.3997E-02
  0.5906E+02  0.3685E+00  0.4049E-02
  0.6040E+02  0.3330E+00  0.4106E-02
  0.6174E+02  0.3011E+00  0.4171E-02
  0.6308E+02  0.2727E+00  0.4246E-02
  0.6443E+02  0.2480E+00  0.4333E-02
  0.6577E+02  0.2267E+00  0.4429E-02
  0.6711E+02  0.2088E+00  0.4532E-02
  0.6845E+02  0.1940E+00  0.4637E-02
  0.6980E+02  0.1821E+00  0.4740E-02
  0.7114E+02  0.1728E+00  0.4835E-02
  0.7248E+02  0.1658E+00  0.4920E-02
  0.7382E+02  0.1608E+00  0.4989E-02
  0.7516E+02  0.1573E+00  0.5042E-02
  0.7651E+02  0.1552E+00  0.5079E-02
  0.7785E+02  0.1540E+00  0.5099E-02
  0.7919E+02  0.1533E+00  0.5106E-02
  0.8053E+02  0.1531E+00  0.5103E-02
  0.8188E+02  0.1528E+00  0.5095E-02
  0.8322E+02  0.1524E+00  0.5088E-02
  0.8456E+02  0.1516E+00  0.5086E-02
  0.8590E+02  0.1503E+00  0.5095E-02
  0.8724E+02  0.1484E+00  0.5119E-02
  0.8859E+02  0.1457E+00  0.5160E-02
  0.8993E+02  0.1423E+00  0.5220E-02
  0.9127E+02  0.1381E+00  0.5299E-02
  0.9261E+02  0.1332E+00  0.5393E-02
  0.9396E+02  0.1276E+00  0.5500E-02
  0.9530E+02  0.1214E+00  0.5616E-02
  0.9664E+02  0.1147E+00  0.5736E-02
  0.9798E+02  0.1077E+00  0.5854E-02
  0.9932E+02  0.1004E+00  0.5966E-02
  0.1007E+03  0.9298E-01  0.6065E-02
  0.1020E+03  0.8552E-01  0.6146E-02
  0.1034E+03  0.7815E-01  0.6201E-02
  0.1047E+03  0.7094E-01  0.6224E-02
  0.1060E+03  0.6398E-01  0.6206E-02
  0.1074E+03  0.5731E-01  0.6138E-02
  0.1087E+03  0.5095E-01  0.6009E-02
  0.1101E+03  0.4492E-01  0.5807E-02
  0.1114E+03  0.3917E-01  0.5521E-02
  0.1127E+03  0.3367E-01  0.5137E-02
  0.1141E+03  0.2834E-01  0.4641E-02
  0.1154E+03  0.2307E-01  0.4020E-02
  0.1168E+03  0.1774E-01  0.3258E-02
  0.1181E+03  0.1223E-01  0.2343E-02
  0.1195E+03  0.6368E-02  0.1261E-02
  0.1208E+03  0.0000E+00  0.0000E+00
          Reciprocal space: Rg =   32.81     , I(0) =   0.6116E+03
     Real space: Rg =   32.87 +- 0.216  I(0) =   0.6116E+03 +-  0.2671E+01
