
           ####    G N O M   ---   Version 4.5a revised 09/02/02     ####

                                                  Sun Nov  5 11:57:49 2017
           ===    Run No   1   ===
 Run title:  0.000356363 0 0


  Number of points omitted at the end:         320
   *******   Working Directory :
   *******    Input file(s) : 24648_01B_S276_0_01.sub
           Condition P(rmin) = 0 is used. 
           Condition P(rmax) = 0 is used. 

          Experimental conditions for the first run
          -----------------------------------------

          Highest ALPHA is found to be   0.1714E+02

  The measure of inconsistency AN1 equals to    0.1181E+01

          Warning: using the chosen range in the real space 
             it is not possible to fit the data set within the
             given error band. 
     Alpha    Discrp  Oscill  Stabil  Sysdev  Positv  Valcen    Total   
  0.1714E+05 32.1667  1.2314  0.8568  0.0000  1.0000  0.8447  0.00001
  0.3428E+04 23.6472  1.2784  0.5447  0.0000  1.0000  0.8348  0.00001
  0.6856E+03 13.9611  1.4730  0.1692  0.0000  1.0000  0.7999  0.00001
  0.1371E+03  8.6128  1.9791  0.1073  0.1734  1.0000  0.7560  0.00001
  0.2742E+02  4.8636  2.8241  0.1401  0.2848  1.0000  0.7727  0.00001
  0.5485E+01  2.2982  3.7427  0.1176  0.4954  1.0000  0.7966  0.23594
  0.1097E+01  1.0753  4.4352  0.0856  0.6192  1.0000  0.8024  0.30401
  0.2194E+00  0.7378  4.8327  0.0541  0.6316  0.9999  0.8015  0.10000
  0.4388E-01  0.6865  5.0518  0.0389  0.6316  0.9997  0.7994  0.10000
  0.8776E-02  0.6766  5.2683  0.0696  0.6687  0.9991  0.7949  0.10000
  0.1755E-02  0.6705  5.9721  0.1472  0.6687  0.9938  0.7752  0.10000
  0.3510E-03  0.6623  8.9854  0.4852  0.6563  0.9600  0.6890  0.10000
  0.7021E-04  0.6495 11.8034  0.4287  0.6687  0.8748  0.4081  0.10000
  0.1404E-04  0.6442 12.2549  0.1350  0.6254  0.8306  0.3830  0.10000
  0.2808E-05  0.6435 13.0514  0.1847  0.6130  0.8257  0.3838  0.10000
  0.5616E-06  0.6431 15.6319  0.7857  0.6192  0.8109  0.4012  0.10000
  0.1123E-06  0.6414 14.5690  0.9905  0.6192  0.7342  0.3354  0.10000
  0.2247E-07  0.6346 13.9016  0.8345  0.6192  0.7113  0.3090  0.10000
  0.4493E-08  0.6214 13.9163  0.4880  0.6440  0.7075  0.3081  0.10000
  0.8986E-09  0.6143 14.8045  0.2178  0.6440  0.7086  0.2944  0.10000
  0.1797E-09  0.6113 19.3331  0.7362  0.6440  0.6995  0.3190  0.10000
  0.3595E-10  0.6023 20.3040  0.8917  0.6687  0.6960  0.3794  0.10000
  0.7189E-11  0.5755 21.4834  0.6999  0.6811  0.7040  0.4183  0.10000
  0.1438E-11  0.5150 27.3454  0.5596  0.6935  0.7059  0.3729  0.10000
  0.2876E-12  0.4035 36.4242  0.4983  0.6811  0.7092  0.3394  0.10000
  0.5751E-13  0.2527 43.9211  0.3945  0.6687  0.7057  0.3073  0.10000
  0.1150E-13  0.1096 48.8261  0.2403  0.6625  0.6915  0.2717  0.10000
  0.2300E-14  0.0305 50.6655  0.0811  0.6625  0.6909  0.2413  0.10000
  0.4601E-15  0.0067 51.1052  0.0188  0.6873  0.6919  0.2317  0.10000
  0.9202E-16  0.0014 51.1967  0.0039  0.6873  0.6922  0.2295  0.10000
  0.1840E-16  0.0003 51.2151  0.0008  0.6873  0.6923  0.2291  0.10000

          ***  Golden section search to maximize estimate ***
     Alpha    Discrp  Oscill  Stabil  Sysdev  Positv  Valcen    Total   
  0.2028E+01  1.4062  4.2062  0.0995  0.5820  1.0000  0.8016  0.27105
  0.4951E-02  0.6742  5.4241  0.0808  0.6687  0.9980  0.7909  0.10000
  0.1387E+01  1.1841  4.3532  0.0911  0.6068  1.0000  0.8022  0.29520
  0.1394E+00  0.7124  4.9062  0.0493  0.6068  0.9998  0.8009  0.10000
  0.1200E+01  1.1144  4.4046  0.0877  0.6068  1.0000  0.8024  0.30057
  0.4989E+00  0.8403  4.6624  0.0672  0.6316  1.0000  0.8022  0.29737
  0.1135E+01  1.0899  4.4236  0.0864  0.6068  1.0000  0.8024  0.30205
  0.8119E+00  0.9640  4.5305  0.0783  0.6068  1.0000  0.8025  0.30481
  0.6741E+00  0.9093  4.5840  0.0739  0.6068  1.0000  0.8024  0.30251
  0.9108E+00  1.0030  4.4953  0.0811  0.6068  1.0000  0.8025  0.30497
  0.9778E+00  1.0292  4.4729  0.0828  0.6192  1.0000  0.8025  0.30572
  0.1022E+01  1.0463  4.4587  0.0839  0.6192  1.0000  0.8024  0.30521
  0.9516E+00  1.0190  4.4815  0.0821  0.6192  1.0000  0.8025  0.30594
  0.9358E+00  1.0128  4.4868  0.0817  0.6192  1.0000  0.8025  0.30605
  0.9262E+00  1.0090  4.4901  0.0815  0.6192  1.0000  0.8025  0.30610
  0.9203E+00  1.0067  4.4921  0.0813  0.6192  1.0000  0.8025  0.30613
  0.9166E+00  1.0053  4.4933  0.0812  0.6192  1.0000  0.8025  0.30615
  0.9144E+00  1.0044  4.4941  0.0812  0.6192  1.0000  0.8025  0.30616
  0.9130E+00  1.0039  4.4946  0.0811  0.6192  1.0000  0.8025  0.30616
  0.9121E+00  1.0035  4.4949  0.0811  0.6068  1.0000  0.8025  0.30497
  0.9135E+00  1.0041  4.4944  0.0812  0.6192  1.0000  0.8025  0.30616
  0.9127E+00  1.0037  4.4947  0.0811  0.6192  1.0000  0.8025  0.30616
  0.9125E+00  1.0036  4.4948  0.0811  0.6192  1.0000  0.8025  0.30616
  0.9123E+00  1.0036  4.4948  0.0811  0.6192  1.0000  0.8025  0.30616
  0.9123E+00  1.0036  4.4948  0.0811  0.6068  1.0000  0.8025  0.30497
  0.9123E+00  1.0036  4.4948  0.0811  0.6192  1.0000  0.8025  0.30616



             ####            Final results            ####

 Parameter    DISCRP    OSCILL    STABIL    SYSDEV    POSITV    VALCEN
 Weight        1.000     3.000     3.000     4.000     1.000     1.000
 Sigma         0.500     0.600     0.120     0.200     0.120     0.120
 Ideal         1.000     1.100     0.000     1.000     1.000     0.950
 Current       1.004     4.495     0.081     0.619     1.000     0.802
                - - - - - - - - - - - - - - - - - - - - - - - - - 
 Estimate      1.000     0.000     0.633     0.027     1.000     0.221

  Angular   range    :     from    0.0078   to    0.3081
  Real space range   :     from      0.00   to     86.49

  Highest ALPHA (theor) :   0.171E+05                 JOB = 0
  Current ALPHA         :   0.912E+00   Rg :  0.263E+02   I(0) :   0.322E+03

           Total  estimate : 0.306  which is  A SUSPICIOUS  solution

      S          J EXP       ERROR       J REG       I REG

  0.0000E+00                                      0.3216E+03
  0.9742E-03                                      0.3215E+03
  0.1948E-02                                      0.3213E+03
  0.2923E-02                                      0.3209E+03
  0.3897E-02                                      0.3204E+03
  0.4871E-02                                      0.3198E+03
  0.5845E-02                                      0.3190E+03
  0.6819E-02                                      0.3181E+03
  0.7793E-02  0.3226E+03  0.1303E+03  0.3171E+03  0.3171E+03
  0.8723E-02  0.4195E+03  0.1221E+03  0.3160E+03  0.3160E+03
  0.9653E-02  0.3851E+03  0.9122E+02  0.3147E+03  0.3147E+03
  0.1058E-01  0.3621E+03  0.6754E+02  0.3134E+03  0.3134E+03
  0.1151E-01  0.3802E+03  0.4017E+02  0.3119E+03  0.3119E+03
  0.1244E-01  0.3429E+03  0.2657E+02  0.3103E+03  0.3103E+03
  0.1337E-01  0.3382E+03  0.1735E+02  0.3086E+03  0.3086E+03
  0.1430E-01  0.3366E+03  0.1335E+02  0.3068E+03  0.3068E+03
  0.1523E-01  0.3403E+03  0.1116E+02  0.3049E+03  0.3049E+03
  0.1616E-01  0.3241E+03  0.9703E+01  0.3028E+03  0.3028E+03
  0.1709E-01  0.3060E+03  0.8475E+01  0.3007E+03  0.3007E+03
  0.1802E-01  0.3129E+03  0.7431E+01  0.2985E+03  0.2985E+03
  0.1895E-01  0.3104E+03  0.7202E+01  0.2962E+03  0.2962E+03
  0.1988E-01  0.3116E+03  0.6863E+01  0.2938E+03  0.2938E+03
  0.2081E-01  0.2978E+03  0.6098E+01  0.2913E+03  0.2913E+03
  0.2174E-01  0.2853E+03  0.5622E+01  0.2887E+03  0.2887E+03
  0.2267E-01  0.2921E+03  0.5414E+01  0.2860E+03  0.2860E+03
  0.2360E-01  0.2779E+03  0.5240E+01  0.2833E+03  0.2833E+03
  0.2453E-01  0.2873E+03  0.5086E+01  0.2805E+03  0.2805E+03
  0.2546E-01  0.2922E+03  0.4801E+01  0.2776E+03  0.2776E+03
  0.2639E-01  0.2769E+03  0.4804E+01  0.2746E+03  0.2746E+03
  0.2732E-01  0.2735E+03  0.4783E+01  0.2716E+03  0.2716E+03
  0.2825E-01  0.2704E+03  0.5055E+01  0.2685E+03  0.2685E+03
  0.2918E-01  0.2584E+03  0.4665E+01  0.2654E+03  0.2654E+03
  0.3010E-01  0.2590E+03  0.4553E+01  0.2622E+03  0.2622E+03
  0.3103E-01  0.2572E+03  0.4482E+01  0.2590E+03  0.2590E+03
  0.3196E-01  0.2558E+03  0.4338E+01  0.2557E+03  0.2557E+03
  0.3289E-01  0.2451E+03  0.4208E+01  0.2524E+03  0.2524E+03
  0.3382E-01  0.2410E+03  0.4034E+01  0.2491E+03  0.2491E+03
  0.3475E-01  0.2349E+03  0.4048E+01  0.2457E+03  0.2457E+03
  0.3568E-01  0.2376E+03  0.3842E+01  0.2423E+03  0.2423E+03
  0.3661E-01  0.2285E+03  0.3802E+01  0.2389E+03  0.2389E+03
  0.3754E-01  0.2300E+03  0.3683E+01  0.2354E+03  0.2354E+03
  0.3847E-01  0.2301E+03  0.3635E+01  0.2320E+03  0.2320E+03
  0.3940E-01  0.2251E+03  0.3713E+01  0.2285E+03  0.2285E+03
  0.4033E-01  0.2186E+03  0.3505E+01  0.2250E+03  0.2250E+03
  0.4126E-01  0.2166E+03  0.3528E+01  0.2215E+03  0.2215E+03
  0.4219E-01  0.2095E+03  0.3489E+01  0.2181E+03  0.2181E+03
  0.4312E-01  0.2080E+03  0.3444E+01  0.2146E+03  0.2146E+03
  0.4405E-01  0.2136E+03  0.3518E+01  0.2111E+03  0.2111E+03
  0.4498E-01  0.2082E+03  0.3396E+01  0.2076E+03  0.2076E+03
  0.4591E-01  0.2043E+03  0.3461E+01  0.2042E+03  0.2042E+03
  0.4684E-01  0.2024E+03  0.3356E+01  0.2008E+03  0.2008E+03
  0.4777E-01  0.1961E+03  0.3310E+01  0.1973E+03  0.1973E+03
  0.4870E-01  0.1978E+03  0.3306E+01  0.1939E+03  0.1939E+03
  0.4963E-01  0.1985E+03  0.3156E+01  0.1906E+03  0.1906E+03
  0.5056E-01  0.1846E+03  0.3184E+01  0.1872E+03  0.1872E+03
  0.5149E-01  0.1853E+03  0.3177E+01  0.1839E+03  0.1839E+03
  0.5242E-01  0.1822E+03  0.3237E+01  0.1806E+03  0.1806E+03
  0.5335E-01  0.1738E+03  0.3050E+01  0.1774E+03  0.1774E+03
  0.5428E-01  0.1741E+03  0.3245E+01  0.1742E+03  0.1742E+03
  0.5521E-01  0.1752E+03  0.2973E+01  0.1710E+03  0.1710E+03
  0.5613E-01  0.1651E+03  0.2919E+01  0.1679E+03  0.1679E+03
  0.5706E-01  0.1613E+03  0.2923E+01  0.1648E+03  0.1648E+03
  0.5799E-01  0.1608E+03  0.2876E+01  0.1618E+03  0.1618E+03
  0.5892E-01  0.1556E+03  0.2847E+01  0.1588E+03  0.1588E+03
  0.5985E-01  0.1559E+03  0.2928E+01  0.1558E+03  0.1558E+03
  0.6078E-01  0.1581E+03  0.2835E+01  0.1529E+03  0.1529E+03
  0.6171E-01  0.1589E+03  0.2942E+01  0.1500E+03  0.1500E+03
  0.6264E-01  0.1542E+03  0.2860E+01  0.1472E+03  0.1472E+03
  0.6357E-01  0.1477E+03  0.2897E+01  0.1445E+03  0.1445E+03
  0.6450E-01  0.1467E+03  0.2846E+01  0.1418E+03  0.1418E+03
  0.6543E-01  0.1422E+03  0.2749E+01  0.1392E+03  0.1392E+03
  0.6636E-01  0.1324E+03  0.2802E+01  0.1366E+03  0.1366E+03
  0.6729E-01  0.1325E+03  0.2654E+01  0.1340E+03  0.1340E+03
  0.6822E-01  0.1310E+03  0.2655E+01  0.1315E+03  0.1315E+03
  0.6915E-01  0.1301E+03  0.2584E+01  0.1291E+03  0.1291E+03
  0.7008E-01  0.1258E+03  0.2590E+01  0.1267E+03  0.1267E+03
  0.7101E-01  0.1264E+03  0.2505E+01  0.1244E+03  0.1244E+03
  0.7194E-01  0.1255E+03  0.2515E+01  0.1222E+03  0.1222E+03
  0.7287E-01  0.1209E+03  0.2531E+01  0.1200E+03  0.1200E+03
  0.7380E-01  0.1171E+03  0.2484E+01  0.1178E+03  0.1178E+03
  0.7473E-01  0.1157E+03  0.2560E+01  0.1157E+03  0.1157E+03
  0.7566E-01  0.1109E+03  0.2641E+01  0.1137E+03  0.1137E+03
  0.7659E-01  0.1085E+03  0.2546E+01  0.1117E+03  0.1117E+03
  0.7752E-01  0.1058E+03  0.2573E+01  0.1097E+03  0.1097E+03
  0.7845E-01  0.1102E+03  0.2493E+01  0.1078E+03  0.1078E+03
  0.7938E-01  0.1083E+03  0.2557E+01  0.1060E+03  0.1060E+03
  0.8031E-01  0.1036E+03  0.2489E+01  0.1042E+03  0.1042E+03
  0.8123E-01  0.9981E+02  0.2403E+01  0.1025E+03  0.1025E+03
  0.8216E-01  0.1002E+03  0.2418E+01  0.1008E+03  0.1008E+03
  0.8309E-01  0.1007E+03  0.2354E+01  0.9918E+02  0.9918E+02
  0.8402E-01  0.1018E+03  0.2385E+01  0.9759E+02  0.9759E+02
  0.8495E-01  0.9826E+02  0.2329E+01  0.9605E+02  0.9605E+02
  0.8588E-01  0.9756E+02  0.2265E+01  0.9456E+02  0.9456E+02
  0.8681E-01  0.1008E+03  0.2344E+01  0.9311E+02  0.9311E+02
  0.8774E-01  0.9568E+02  0.2273E+01  0.9170E+02  0.9170E+02
  0.8867E-01  0.8752E+02  0.2337E+01  0.9034E+02  0.9034E+02
  0.8960E-01  0.8829E+02  0.2249E+01  0.8902E+02  0.8902E+02
  0.9053E-01  0.8789E+02  0.2277E+01  0.8774E+02  0.8774E+02
  0.9146E-01  0.8513E+02  0.2268E+01  0.8650E+02  0.8650E+02
  0.9239E-01  0.8816E+02  0.2254E+01  0.8529E+02  0.8529E+02
  0.9332E-01  0.8400E+02  0.2266E+01  0.8413E+02  0.8413E+02
  0.9425E-01  0.7981E+02  0.2220E+01  0.8300E+02  0.8300E+02
  0.9518E-01  0.8067E+02  0.2208E+01  0.8191E+02  0.8191E+02
  0.9611E-01  0.7662E+02  0.2188E+01  0.8085E+02  0.8085E+02
  0.9704E-01  0.8026E+02  0.2152E+01  0.7983E+02  0.7983E+02
  0.9797E-01  0.7698E+02  0.2187E+01  0.7884E+02  0.7884E+02
  0.9890E-01  0.7819E+02  0.2105E+01  0.7788E+02  0.7788E+02
  0.9983E-01  0.7742E+02  0.2137E+01  0.7695E+02  0.7695E+02
  0.1008E+00  0.7447E+02  0.2096E+01  0.7606E+02  0.7606E+02
  0.1017E+00  0.7133E+02  0.2035E+01  0.7519E+02  0.7519E+02
  0.1026E+00  0.6903E+02  0.2061E+01  0.7435E+02  0.7435E+02
  0.1035E+00  0.6883E+02  0.2037E+01  0.7353E+02  0.7353E+02
  0.1045E+00  0.7344E+02  0.2061E+01  0.7274E+02  0.7274E+02
  0.1054E+00  0.7378E+02  0.2010E+01  0.7198E+02  0.7198E+02
  0.1063E+00  0.7558E+02  0.2071E+01  0.7124E+02  0.7124E+02
  0.1073E+00  0.7385E+02  0.2079E+01  0.7053E+02  0.7053E+02
  0.1082E+00  0.7188E+02  0.2031E+01  0.6984E+02  0.6984E+02
  0.1091E+00  0.6980E+02  0.2074E+01  0.6917E+02  0.6917E+02
  0.1101E+00  0.6405E+02  0.2032E+01  0.6853E+02  0.6853E+02
  0.1110E+00  0.6665E+02  0.2023E+01  0.6790E+02  0.6790E+02
  0.1119E+00  0.6870E+02  0.1962E+01  0.6730E+02  0.6730E+02
  0.1128E+00  0.6817E+02  0.1949E+01  0.6672E+02  0.6672E+02
  0.1138E+00  0.6680E+02  0.1962E+01  0.6615E+02  0.6615E+02
  0.1147E+00  0.6059E+02  0.1944E+01  0.6561E+02  0.6561E+02
  0.1156E+00  0.6300E+02  0.1956E+01  0.6508E+02  0.6508E+02
  0.1166E+00  0.6414E+02  0.1964E+01  0.6457E+02  0.6457E+02
  0.1175E+00  0.5671E+02  0.1984E+01  0.6408E+02  0.6408E+02
  0.1184E+00  0.6273E+02  0.2012E+01  0.6360E+02  0.6360E+02
  0.1193E+00  0.6427E+02  0.2008E+01  0.6314E+02  0.6314E+02
  0.1203E+00  0.6187E+02  0.2015E+01  0.6270E+02  0.6270E+02
  0.1212E+00  0.6437E+02  0.1986E+01  0.6228E+02  0.6228E+02
  0.1221E+00  0.6014E+02  0.1987E+01  0.6187E+02  0.6187E+02
  0.1231E+00  0.5846E+02  0.1978E+01  0.6147E+02  0.6147E+02
  0.1240E+00  0.6162E+02  0.1944E+01  0.6109E+02  0.6109E+02
  0.1249E+00  0.6266E+02  0.1961E+01  0.6072E+02  0.6072E+02
  0.1259E+00  0.6201E+02  0.1957E+01  0.6037E+02  0.6037E+02
  0.1268E+00  0.6276E+02  0.1962E+01  0.6003E+02  0.6003E+02
  0.1277E+00  0.6285E+02  0.1933E+01  0.5971E+02  0.5971E+02
  0.1286E+00  0.6397E+02  0.1961E+01  0.5940E+02  0.5940E+02
  0.1296E+00  0.6078E+02  0.1985E+01  0.5910E+02  0.5910E+02
  0.1305E+00  0.5650E+02  0.1956E+01  0.5881E+02  0.5881E+02
  0.1314E+00  0.5696E+02  0.2014E+01  0.5854E+02  0.5854E+02
  0.1324E+00  0.5772E+02  0.1960E+01  0.5828E+02  0.5828E+02
  0.1333E+00  0.5253E+02  0.1973E+01  0.5803E+02  0.5803E+02
  0.1342E+00  0.5785E+02  0.1955E+01  0.5780E+02  0.5780E+02
  0.1352E+00  0.5858E+02  0.1934E+01  0.5757E+02  0.5757E+02
  0.1361E+00  0.5772E+02  0.1918E+01  0.5736E+02  0.5736E+02
  0.1370E+00  0.6025E+02  0.1853E+01  0.5716E+02  0.5716E+02
  0.1379E+00  0.5956E+02  0.1894E+01  0.5696E+02  0.5696E+02
  0.1389E+00  0.5667E+02  0.1897E+01  0.5678E+02  0.5678E+02
  0.1398E+00  0.5645E+02  0.1911E+01  0.5661E+02  0.5661E+02
  0.1407E+00  0.5467E+02  0.1900E+01  0.5645E+02  0.5645E+02
  0.1417E+00  0.5852E+02  0.1899E+01  0.5630E+02  0.5630E+02
  0.1426E+00  0.5522E+02  0.1943E+01  0.5616E+02  0.5616E+02
  0.1435E+00  0.5443E+02  0.1870E+01  0.5603E+02  0.5603E+02
  0.1445E+00  0.5743E+02  0.1895E+01  0.5591E+02  0.5591E+02
  0.1454E+00  0.5630E+02  0.1852E+01  0.5579E+02  0.5579E+02
  0.1463E+00  0.5565E+02  0.1846E+01  0.5569E+02  0.5569E+02
  0.1472E+00  0.5216E+02  0.1868E+01  0.5559E+02  0.5559E+02
  0.1482E+00  0.5411E+02  0.1818E+01  0.5550E+02  0.5550E+02
  0.1491E+00  0.5089E+02  0.1877E+01  0.5542E+02  0.5542E+02
  0.1500E+00  0.5365E+02  0.1886E+01  0.5535E+02  0.5535E+02
  0.1510E+00  0.5429E+02  0.1847E+01  0.5528E+02  0.5528E+02
  0.1519E+00  0.5647E+02  0.1885E+01  0.5522E+02  0.5522E+02
  0.1528E+00  0.5353E+02  0.1849E+01  0.5517E+02  0.5517E+02
  0.1537E+00  0.5171E+02  0.1945E+01  0.5512E+02  0.5512E+02
  0.1547E+00  0.5303E+02  0.1851E+01  0.5508E+02  0.5508E+02
  0.1556E+00  0.5702E+02  0.1861E+01  0.5504E+02  0.5504E+02
  0.1565E+00  0.5666E+02  0.1843E+01  0.5501E+02  0.5501E+02
  0.1575E+00  0.5798E+02  0.1822E+01  0.5498E+02  0.5498E+02
  0.1584E+00  0.5733E+02  0.1839E+01  0.5496E+02  0.5496E+02
  0.1593E+00  0.5475E+02  0.1768E+01  0.5494E+02  0.5494E+02
  0.1603E+00  0.5546E+02  0.1806E+01  0.5492E+02  0.5492E+02
  0.1612E+00  0.5675E+02  0.1803E+01  0.5491E+02  0.5491E+02
  0.1621E+00  0.5298E+02  0.1796E+01  0.5490E+02  0.5490E+02
  0.1630E+00  0.5078E+02  0.1803E+01  0.5490E+02  0.5490E+02
  0.1640E+00  0.5185E+02  0.1788E+01  0.5490E+02  0.5490E+02
  0.1649E+00  0.5526E+02  0.1840E+01  0.5490E+02  0.5490E+02
  0.1658E+00  0.5279E+02  0.1857E+01  0.5490E+02  0.5490E+02
  0.1668E+00  0.5928E+02  0.1832E+01  0.5490E+02  0.5490E+02
  0.1677E+00  0.6115E+02  0.1867E+01  0.5490E+02  0.5490E+02
  0.1686E+00  0.5759E+02  0.1812E+01  0.5491E+02  0.5491E+02
  0.1696E+00  0.5345E+02  0.1826E+01  0.5492E+02  0.5492E+02
  0.1705E+00  0.5779E+02  0.1811E+01  0.5492E+02  0.5492E+02
  0.1714E+00  0.5965E+02  0.1788E+01  0.5493E+02  0.5493E+02
  0.1723E+00  0.5819E+02  0.1845E+01  0.5494E+02  0.5494E+02
  0.1733E+00  0.5299E+02  0.1802E+01  0.5494E+02  0.5494E+02
  0.1742E+00  0.4990E+02  0.1834E+01  0.5495E+02  0.5495E+02
  0.1751E+00  0.5047E+02  0.1784E+01  0.5496E+02  0.5496E+02
  0.1761E+00  0.5528E+02  0.1812E+01  0.5496E+02  0.5496E+02
  0.1770E+00  0.5325E+02  0.1821E+01  0.5497E+02  0.5497E+02
  0.1779E+00  0.5240E+02  0.1804E+01  0.5497E+02  0.5497E+02
  0.1788E+00  0.5498E+02  0.1812E+01  0.5497E+02  0.5497E+02
  0.1798E+00  0.5544E+02  0.1795E+01  0.5497E+02  0.5497E+02
  0.1807E+00  0.5452E+02  0.1794E+01  0.5497E+02  0.5497E+02
  0.1816E+00  0.5573E+02  0.1810E+01  0.5497E+02  0.5497E+02
  0.1826E+00  0.5508E+02  0.1799E+01  0.5496E+02  0.5496E+02
  0.1835E+00  0.5659E+02  0.1801E+01  0.5496E+02  0.5496E+02
  0.1844E+00  0.5893E+02  0.1776E+01  0.5495E+02  0.5495E+02
  0.1854E+00  0.5499E+02  0.1833E+01  0.5494E+02  0.5494E+02
  0.1863E+00  0.5322E+02  0.1841E+01  0.5493E+02  0.5493E+02
  0.1872E+00  0.4920E+02  0.1825E+01  0.5492E+02  0.5492E+02
  0.1881E+00  0.5363E+02  0.1815E+01  0.5490E+02  0.5490E+02
  0.1891E+00  0.5432E+02  0.1835E+01  0.5489E+02  0.5489E+02
  0.1900E+00  0.5315E+02  0.1837E+01  0.5487E+02  0.5487E+02
  0.1909E+00  0.5118E+02  0.1785E+01  0.5485E+02  0.5485E+02
  0.1919E+00  0.5085E+02  0.1778E+01  0.5483E+02  0.5483E+02
  0.1928E+00  0.4893E+02  0.1805E+01  0.5481E+02  0.5481E+02
  0.1937E+00  0.5582E+02  0.1785E+01  0.5478E+02  0.5478E+02
  0.1947E+00  0.5596E+02  0.1798E+01  0.5476E+02  0.5476E+02
  0.1956E+00  0.5590E+02  0.1774E+01  0.5473E+02  0.5473E+02
  0.1965E+00  0.5578E+02  0.1785E+01  0.5470E+02  0.5470E+02
  0.1974E+00  0.5471E+02  0.1806E+01  0.5467E+02  0.5467E+02
  0.1984E+00  0.5362E+02  0.1785E+01  0.5464E+02  0.5464E+02
  0.1993E+00  0.5299E+02  0.1794E+01  0.5461E+02  0.5461E+02
  0.2002E+00  0.5441E+02  0.1772E+01  0.5458E+02  0.5458E+02
  0.2012E+00  0.5406E+02  0.1805E+01  0.5455E+02  0.5455E+02
  0.2021E+00  0.5421E+02  0.1788E+01  0.5452E+02  0.5452E+02
  0.2030E+00  0.5344E+02  0.1785E+01  0.5448E+02  0.5448E+02
  0.2039E+00  0.5090E+02  0.1775E+01  0.5445E+02  0.5445E+02
  0.2049E+00  0.5436E+02  0.1777E+01  0.5442E+02  0.5442E+02
  0.2058E+00  0.5501E+02  0.1783E+01  0.5438E+02  0.5438E+02
  0.2067E+00  0.5413E+02  0.1761E+01  0.5435E+02  0.5435E+02
  0.2077E+00  0.5713E+02  0.1789E+01  0.5432E+02  0.5432E+02
  0.2086E+00  0.5461E+02  0.1759E+01  0.5429E+02  0.5429E+02
  0.2095E+00  0.5480E+02  0.1785E+01  0.5426E+02  0.5426E+02
  0.2105E+00  0.5633E+02  0.1761E+01  0.5423E+02  0.5423E+02
  0.2114E+00  0.5668E+02  0.1765E+01  0.5420E+02  0.5420E+02
  0.2123E+00  0.5613E+02  0.1807E+01  0.5417E+02  0.5417E+02
  0.2132E+00  0.5904E+02  0.1830E+01  0.5415E+02  0.5415E+02
  0.2142E+00  0.5790E+02  0.1843E+01  0.5412E+02  0.5412E+02
  0.2151E+00  0.5382E+02  0.1873E+01  0.5410E+02  0.5410E+02
  0.2160E+00  0.5444E+02  0.1850E+01  0.5408E+02  0.5408E+02
  0.2170E+00  0.5206E+02  0.1879E+01  0.5406E+02  0.5406E+02
  0.2179E+00  0.5318E+02  0.1855E+01  0.5404E+02  0.5404E+02
  0.2188E+00  0.5849E+02  0.1868E+01  0.5402E+02  0.5402E+02
  0.2198E+00  0.5682E+02  0.1850E+01  0.5400E+02  0.5400E+02
  0.2207E+00  0.5142E+02  0.1904E+01  0.5399E+02  0.5399E+02
  0.2216E+00  0.5011E+02  0.1934E+01  0.5398E+02  0.5398E+02
  0.2225E+00  0.5102E+02  0.1894E+01  0.5397E+02  0.5397E+02
  0.2235E+00  0.5102E+02  0.1925E+01  0.5396E+02  0.5396E+02
  0.2244E+00  0.5236E+02  0.1936E+01  0.5396E+02  0.5396E+02
  0.2253E+00  0.5333E+02  0.1954E+01  0.5395E+02  0.5395E+02
  0.2263E+00  0.5120E+02  0.1990E+01  0.5395E+02  0.5395E+02
  0.2272E+00  0.5226E+02  0.1942E+01  0.5395E+02  0.5395E+02
  0.2281E+00  0.5579E+02  0.1980E+01  0.5395E+02  0.5395E+02
  0.2290E+00  0.5370E+02  0.1985E+01  0.5395E+02  0.5395E+02
  0.2300E+00  0.5045E+02  0.1940E+01  0.5396E+02  0.5396E+02
  0.2309E+00  0.5275E+02  0.1911E+01  0.5397E+02  0.5397E+02
  0.2318E+00  0.5367E+02  0.1911E+01  0.5397E+02  0.5397E+02
  0.2328E+00  0.5361E+02  0.1967E+01  0.5398E+02  0.5398E+02
  0.2337E+00  0.5198E+02  0.1959E+01  0.5399E+02  0.5399E+02
  0.2346E+00  0.5351E+02  0.1950E+01  0.5400E+02  0.5400E+02
  0.2356E+00  0.5372E+02  0.1994E+01  0.5401E+02  0.5401E+02
  0.2365E+00  0.5380E+02  0.1981E+01  0.5403E+02  0.5403E+02
  0.2374E+00  0.5558E+02  0.2043E+01  0.5404E+02  0.5404E+02
  0.2383E+00  0.5440E+02  0.2010E+01  0.5405E+02  0.5405E+02
  0.2393E+00  0.5623E+02  0.2030E+01  0.5407E+02  0.5407E+02
  0.2402E+00  0.6022E+02  0.2039E+01  0.5408E+02  0.5408E+02
  0.2411E+00  0.5237E+02  0.2039E+01  0.5409E+02  0.5409E+02
  0.2421E+00  0.4913E+02  0.2035E+01  0.5411E+02  0.5411E+02
  0.2430E+00  0.5074E+02  0.1991E+01  0.5412E+02  0.5412E+02
  0.2439E+00  0.5028E+02  0.2045E+01  0.5413E+02  0.5413E+02
  0.2449E+00  0.5399E+02  0.2056E+01  0.5414E+02  0.5414E+02
  0.2458E+00  0.5442E+02  0.2091E+01  0.5415E+02  0.5415E+02
  0.2467E+00  0.5999E+02  0.2053E+01  0.5416E+02  0.5416E+02
  0.2476E+00  0.5747E+02  0.2071E+01  0.5417E+02  0.5417E+02
  0.2486E+00  0.5397E+02  0.2101E+01  0.5418E+02  0.5418E+02
  0.2495E+00  0.5646E+02  0.2077E+01  0.5418E+02  0.5418E+02
  0.2504E+00  0.5570E+02  0.2116E+01  0.5418E+02  0.5418E+02
  0.2514E+00  0.4963E+02  0.2082E+01  0.5418E+02  0.5418E+02
  0.2523E+00  0.5226E+02  0.2130E+01  0.5418E+02  0.5418E+02
  0.2532E+00  0.5323E+02  0.2137E+01  0.5417E+02  0.5417E+02
  0.2541E+00  0.5412E+02  0.2129E+01  0.5416E+02  0.5416E+02
  0.2551E+00  0.5415E+02  0.2191E+01  0.5415E+02  0.5415E+02
  0.2560E+00  0.5352E+02  0.2187E+01  0.5413E+02  0.5413E+02
  0.2569E+00  0.5208E+02  0.2268E+01  0.5411E+02  0.5411E+02
  0.2579E+00  0.5842E+02  0.2282E+01  0.5409E+02  0.5409E+02
  0.2588E+00  0.5233E+02  0.2242E+01  0.5407E+02  0.5407E+02
  0.2597E+00  0.5295E+02  0.2299E+01  0.5403E+02  0.5403E+02
  0.2607E+00  0.5609E+02  0.2270E+01  0.5400E+02  0.5400E+02
  0.2616E+00  0.5588E+02  0.2291E+01  0.5396E+02  0.5396E+02
  0.2625E+00  0.5149E+02  0.2242E+01  0.5392E+02  0.5392E+02
  0.2634E+00  0.5819E+02  0.2249E+01  0.5387E+02  0.5387E+02
  0.2644E+00  0.5968E+02  0.2323E+01  0.5381E+02  0.5381E+02
  0.2653E+00  0.5800E+02  0.2249E+01  0.5376E+02  0.5376E+02
  0.2662E+00  0.5652E+02  0.2245E+01  0.5369E+02  0.5369E+02
  0.2672E+00  0.5470E+02  0.2227E+01  0.5362E+02  0.5362E+02
  0.2681E+00  0.5266E+02  0.2316E+01  0.5355E+02  0.5355E+02
  0.2690E+00  0.5415E+02  0.2292E+01  0.5347E+02  0.5347E+02
  0.2700E+00  0.5209E+02  0.2221E+01  0.5339E+02  0.5339E+02
  0.2709E+00  0.5359E+02  0.2295E+01  0.5330E+02  0.5330E+02
  0.2718E+00  0.5611E+02  0.2276E+01  0.5320E+02  0.5320E+02
  0.2727E+00  0.5845E+02  0.2324E+01  0.5310E+02  0.5310E+02
  0.2737E+00  0.5413E+02  0.2367E+01  0.5300E+02  0.5300E+02
  0.2746E+00  0.5490E+02  0.2318E+01  0.5289E+02  0.5289E+02
  0.2755E+00  0.5411E+02  0.2385E+01  0.5277E+02  0.5277E+02
  0.2765E+00  0.5412E+02  0.2345E+01  0.5265E+02  0.5265E+02
  0.2774E+00  0.5460E+02  0.2396E+01  0.5252E+02  0.5252E+02
  0.2783E+00  0.5023E+02  0.2390E+01  0.5239E+02  0.5239E+02
  0.2792E+00  0.5254E+02  0.2399E+01  0.5225E+02  0.5225E+02
  0.2802E+00  0.6064E+02  0.2448E+01  0.5211E+02  0.5211E+02
  0.2811E+00  0.6226E+02  0.2352E+01  0.5196E+02  0.5196E+02
  0.2820E+00  0.5775E+02  0.2368E+01  0.5181E+02  0.5181E+02
  0.2830E+00  0.5953E+02  0.2392E+01  0.5165E+02  0.5165E+02
  0.2839E+00  0.5388E+02  0.2376E+01  0.5149E+02  0.5149E+02
  0.2848E+00  0.5945E+02  0.2405E+01  0.5132E+02  0.5132E+02
  0.2858E+00  0.5751E+02  0.2347E+01  0.5115E+02  0.5115E+02
  0.2867E+00  0.5826E+02  0.2327E+01  0.5097E+02  0.5097E+02
  0.2876E+00  0.5519E+02  0.2346E+01  0.5079E+02  0.5079E+02
  0.2885E+00  0.5627E+02  0.2358E+01  0.5060E+02  0.5060E+02
  0.2895E+00  0.5711E+02  0.2337E+01  0.5041E+02  0.5041E+02
  0.2904E+00  0.5147E+02  0.2325E+01  0.5021E+02  0.5021E+02
  0.2913E+00  0.5441E+02  0.2365E+01  0.5001E+02  0.5001E+02
  0.2923E+00  0.5615E+02  0.2322E+01  0.4981E+02  0.4981E+02
  0.2932E+00  0.5266E+02  0.2359E+01  0.4960E+02  0.4960E+02
  0.2941E+00  0.5682E+02  0.2272E+01  0.4939E+02  0.4939E+02
  0.2951E+00  0.5617E+02  0.2335E+01  0.4918E+02  0.4918E+02
  0.2960E+00  0.5058E+02  0.2320E+01  0.4896E+02  0.4896E+02
  0.2969E+00  0.5289E+02  0.2356E+01  0.4874E+02  0.4874E+02
  0.2978E+00  0.5218E+02  0.2385E+01  0.4852E+02  0.4852E+02
  0.2988E+00  0.4902E+02  0.2363E+01  0.4829E+02  0.4829E+02
  0.2997E+00  0.4582E+02  0.2367E+01  0.4806E+02  0.4806E+02
  0.3006E+00  0.4941E+02  0.2435E+01  0.4783E+02  0.4783E+02
  0.3016E+00  0.5450E+02  0.2430E+01  0.4760E+02  0.4760E+02
  0.3025E+00  0.5289E+02  0.2433E+01  0.4736E+02  0.4736E+02
  0.3034E+00  0.5223E+02  0.2426E+01  0.4712E+02  0.4712E+02
  0.3043E+00  0.6188E+02  0.2486E+01  0.4688E+02  0.4688E+02
  0.3053E+00  0.6226E+02  0.2441E+01  0.4664E+02  0.4664E+02
  0.3062E+00  0.5194E+02  0.2424E+01  0.4640E+02  0.4640E+02
  0.3071E+00  0.5108E+02  0.2482E+01  0.4616E+02  0.4616E+02
  0.3081E+00  0.5347E+02  0.2447E+01  0.4591E+02  0.4591E+02

           Distance distribution  function of particle  


       R          P(R)      ERROR

  0.0000E+00  0.0000E+00  0.0000E+00
  0.8649E+00  0.2716E+00  0.1411E-02
  0.1730E+01  0.4832E+00  0.2348E-02
  0.2595E+01  0.6369E+00  0.2842E-02
  0.3460E+01  0.7364E+00  0.2944E-02
  0.4325E+01  0.7866E+00  0.2724E-02
  0.5189E+01  0.7935E+00  0.2280E-02
  0.6054E+01  0.7639E+00  0.1769E-02
  0.6919E+01  0.7052E+00  0.1480E-02
  0.7784E+01  0.6249E+00  0.1712E-02
  0.8649E+01  0.5307E+00  0.2314E-02
  0.9514E+01  0.4300E+00  0.2995E-02
  0.1038E+02  0.3296E+00  0.3600E-02
  0.1124E+02  0.2355E+00  0.4052E-02
  0.1211E+02  0.1529E+00  0.4316E-02
  0.1297E+02  0.8579E-01  0.4381E-02
  0.1384E+02  0.3703E-01  0.4265E-02
  0.1470E+02  0.8288E-02  0.4007E-02
  0.1557E+02  0.2473E-04  0.3681E-02
  0.1643E+02  0.1162E-01  0.3388E-02
  0.1730E+02  0.4144E-01  0.3248E-02
  0.1816E+02  0.8706E-01  0.3343E-02
  0.1903E+02  0.1454E+00  0.3659E-02
  0.1989E+02  0.2128E+00  0.4104E-02
  0.2076E+02  0.2856E+00  0.4573E-02
  0.2162E+02  0.3600E+00  0.4983E-02
  0.2249E+02  0.4323E+00  0.5281E-02
  0.2335E+02  0.4993E+00  0.5440E-02
  0.2422E+02  0.5581E+00  0.5453E-02
  0.2508E+02  0.6066E+00  0.5336E-02
  0.2595E+02  0.6434E+00  0.5122E-02
  0.2681E+02  0.6674E+00  0.4861E-02
  0.2768E+02  0.6788E+00  0.4613E-02
  0.2854E+02  0.6781E+00  0.4439E-02
  0.2941E+02  0.6663E+00  0.4383E-02
  0.3027E+02  0.6451E+00  0.4452E-02
  0.3114E+02  0.6166E+00  0.4616E-02
  0.3200E+02  0.5828E+00  0.4828E-02
  0.3287E+02  0.5462E+00  0.5037E-02
  0.3373E+02  0.5088E+00  0.5207E-02
  0.3460E+02  0.4729E+00  0.5320E-02
  0.3546E+02  0.4401E+00  0.5377E-02
  0.3633E+02  0.4119E+00  0.5394E-02
  0.3719E+02  0.3893E+00  0.5397E-02
  0.3806E+02  0.3729E+00  0.5416E-02
  0.3892E+02  0.3628E+00  0.5476E-02
  0.3979E+02  0.3585E+00  0.5590E-02
  0.4065E+02  0.3596E+00  0.5750E-02
  0.4152E+02  0.3649E+00  0.5938E-02
  0.4238E+02  0.3731E+00  0.6127E-02
  0.4324E+02  0.3830E+00  0.6291E-02
  0.4411E+02  0.3930E+00  0.6409E-02
  0.4497E+02  0.4019E+00  0.6476E-02
  0.4584E+02  0.4084E+00  0.6494E-02
  0.4670E+02  0.4113E+00  0.6483E-02
  0.4757E+02  0.4100E+00  0.6466E-02
  0.4843E+02  0.4040E+00  0.6476E-02
  0.4930E+02  0.3930E+00  0.6540E-02
  0.5016E+02  0.3773E+00  0.6672E-02
  0.5103E+02  0.3571E+00  0.6875E-02
  0.5189E+02  0.3333E+00  0.7132E-02
  0.5276E+02  0.3067E+00  0.7418E-02
  0.5362E+02  0.2782E+00  0.7704E-02
  0.5449E+02  0.2491E+00  0.7963E-02
  0.5535E+02  0.2203E+00  0.8176E-02
  0.5622E+02  0.1930E+00  0.8332E-02
  0.5708E+02  0.1680E+00  0.8429E-02
  0.5795E+02  0.1461E+00  0.8472E-02
  0.5881E+02  0.1279E+00  0.8473E-02
  0.5968E+02  0.1136E+00  0.8448E-02
  0.6054E+02  0.1034E+00  0.8410E-02
  0.6141E+02  0.9718E-01  0.8372E-02
  0.6227E+02  0.9456E-01  0.8343E-02
  0.6314E+02  0.9505E-01  0.8324E-02
  0.6400E+02  0.9800E-01  0.8314E-02
  0.6487E+02  0.1027E+00  0.8311E-02
  0.6573E+02  0.1084E+00  0.8309E-02
  0.6660E+02  0.1142E+00  0.8310E-02
  0.6746E+02  0.1196E+00  0.8315E-02
  0.6833E+02  0.1240E+00  0.8330E-02
  0.6919E+02  0.1268E+00  0.8364E-02
  0.7006E+02  0.1277E+00  0.8423E-02
  0.7092E+02  0.1265E+00  0.8514E-02
  0.7179E+02  0.1233E+00  0.8640E-02
  0.7265E+02  0.1182E+00  0.8796E-02
  0.7352E+02  0.1115E+00  0.8977E-02
  0.7438E+02  0.1034E+00  0.9170E-02
  0.7525E+02  0.9445E-01  0.9362E-02
  0.7611E+02  0.8507E-01  0.9538E-02
  0.7698E+02  0.7568E-01  0.9682E-02
  0.7784E+02  0.6666E-01  0.9773E-02
  0.7871E+02  0.5831E-01  0.9789E-02
  0.7957E+02  0.5081E-01  0.9700E-02
  0.8044E+02  0.4422E-01  0.9474E-02
  0.8130E+02  0.3845E-01  0.9069E-02
  0.8217E+02  0.3329E-01  0.8439E-02
  0.8303E+02  0.2837E-01  0.7531E-02
  0.8390E+02  0.2320E-01  0.6290E-02
  0.8476E+02  0.1720E-01  0.4659E-02
  0.8563E+02  0.9701E-02  0.2581E-02
  0.8649E+02  0.0000E+00  0.0000E+00
          Reciprocal space: Rg =   26.32     , I(0) =   0.3216E+03
     Real space: Rg =   26.36 +- 0.181  I(0) =   0.3216E+03 +-  0.1636E+01
