
           ####    G N O M   ---   Version 4.5a revised 09/02/02     ####

                                                  Sun Nov  5 11:57:56 2017
           ===    Run No   1   ===
 Run title:  0.000132994 0 0


  Number of points omitted at the end:         426
   *******   Working Directory :
   *******    Input file(s) : 24648_01E_S051_0_01.sub
           Condition P(rmin) = 0 is used. 
           Condition P(rmax) = 0 is used. 

          Experimental conditions for the first run
          -----------------------------------------

          Highest ALPHA is found to be   0.4513E+04

  The measure of inconsistency AN1 equals to    0.8948E+00
     Alpha    Discrp  Oscill  Stabil  Sysdev  Positv  Valcen    Total   
  0.4513E+07130.0342  2.0206  0.9865  0.0326  1.0000  0.6867  0.00001
  0.9026E+06128.3290  2.0218  0.9722  0.0543  1.0000  0.6865  0.00001
  0.1805E+06120.4919  2.0281  0.9063  0.0543  1.0000  0.6853  0.00001
  0.3610E+05 93.2173  2.0585  0.6715  0.0326  1.0000  0.6798  0.00001
  0.7221E+04 49.2912  2.1924  0.2642  0.0326  1.0000  0.6558  0.00001
  0.1444E+04 23.5803  2.6262  0.1041  0.0326  1.0000  0.5922  0.00001
  0.2888E+03  9.7790  3.3108  0.0685  0.0761  1.0000  0.5463  0.00001
  0.5777E+02  3.0515  3.7345  0.0310  0.2065  1.0000  0.5469  0.00001
  0.1155E+02  1.3225  3.8583  0.0150  0.5326  1.0000  0.5536  0.29789
  0.2311E+01  1.1255  3.8835  0.0129  0.7500  1.0000  0.5581  0.10000
  0.4621E+00  1.0839  3.9268  0.0195  0.7935  1.0000  0.5616  0.10000
  0.9243E-01  1.0549  4.1317  0.0376  0.8804  1.0000  0.5643  0.10000
  0.1849E-01  1.0246  5.1206  0.0705  0.8370  0.9998  0.5657  0.10000
  0.3697E-02  0.9983  7.9187  0.1810  0.7935  0.9963  0.5624  0.10000
  0.7394E-03  0.9609 15.4663  0.3588  0.7500  0.9676  0.5523  0.10000
  0.1479E-03  0.9278 22.5220  0.3987  0.7500  0.8986  0.3585  0.10000
  0.2958E-04  0.8978 27.0785  0.7446  0.7500  0.8197  0.2071  0.10000
  0.5915E-05  0.8565 27.0296  0.4504  0.7935  0.7642  0.2107  0.10000
  0.1183E-05  0.8299 29.6732  0.7256  0.8804  0.7383  0.1918  0.10000
  0.2366E-06  0.7895 27.0156  0.7059  0.8587  0.7225  0.2154  0.10000
  0.4732E-07  0.7478 26.4334  0.3437  0.8152  0.7138  0.2102  0.10000
  0.9464E-08  0.7273 30.0690  0.6322  0.8043  0.7142  0.2220  0.10000
  0.1893E-08  0.6897 32.9529  0.6965  0.8261  0.6939  0.2940  0.10000
  0.3786E-09  0.6097 38.4898  0.6446  0.9022  0.6876  0.3449  0.10000
  0.7571E-10  0.4651 43.2036  0.5407  0.9457  0.6592  0.3660  0.10000
  0.1514E-10  0.2941 46.7887  0.3902  1.0326  0.6417  0.3226  0.10000
  0.3029E-11  0.1557 50.3450  0.2956  1.0109  0.6591  0.2601  0.10000
  0.6057E-12  0.0613 53.1274  0.1887  0.9891  0.6631  0.2077  0.10000
  0.1211E-12  0.0160 54.2408  0.0591  0.9891  0.6596  0.1837  0.10000
  0.2423E-13  0.0034 54.5047  0.0132  0.9891  0.6582  0.1775  0.10000
  0.4846E-14  0.0007 54.5593  0.0027  0.9674  0.6579  0.1762  0.10000

          ***  Golden section search to maximize estimate ***
     Alpha    Discrp  Oscill  Stabil  Sysdev  Positv  Valcen    Total   
  0.4620E+03 13.0993  3.1182  0.0834  0.0761  1.0000  0.5529  0.00001
  0.6594E-01  1.0489  4.2367  0.0459  0.8804  1.0000  0.5648  0.10000
  0.4727E+02  2.6428  3.7616  0.0281  0.2065  1.0000  0.5478  0.00002
  0.1606E+01  1.1139  3.8878  0.0141  0.7717  1.0000  0.5589  0.10000
  0.1979E+02  1.5860  3.8360  0.0186  0.4022  1.0000  0.5516  0.28876
  0.5437E+01  1.1779  3.8741  0.0126  0.6848  1.0000  0.5559  0.10000
  0.1419E+02  1.4002  3.8512  0.0162  0.4674  1.0000  0.5528  0.29521
  0.8663E+01  1.2472  3.8659  0.0138  0.6196  1.0000  0.5545  0.30227
  0.7251E+01  1.2148  3.8695  0.0132  0.6413  1.0000  0.5551  0.10000
  0.9670E+01  1.2721  3.8632  0.0142  0.5978  1.0000  0.5542  0.30083
  0.8094E+01  1.2338  3.8673  0.0135  0.6413  1.0000  0.5547  0.30457
  0.7761E+01  1.2261  3.8682  0.0134  0.6196  1.0000  0.5549  0.30141
  0.8307E+01  1.2387  3.8668  0.0136  0.6413  1.0000  0.5546  0.30477
  0.8441E+01  1.2419  3.8664  0.0137  0.6413  1.0000  0.5546  0.30489
  0.8525E+01  1.2439  3.8662  0.0137  0.6413  1.0000  0.5546  0.30496
  0.8578E+01  1.2451  3.8661  0.0137  0.6196  1.0000  0.5545  0.30221
  0.8493E+01  1.2431  3.8663  0.0137  0.6413  1.0000  0.5546  0.30493
  0.8545E+01  1.2444  3.8662  0.0137  0.6196  1.0000  0.5546  0.30218
  0.8513E+01  1.2436  3.8662  0.0137  0.6413  1.0000  0.5546  0.30495
  0.8525E+01  1.2439  3.8662  0.0137  0.6413  1.0000  0.5546  0.30496



             ####            Final results            ####

 Parameter    DISCRP    OSCILL    STABIL    SYSDEV    POSITV    VALCEN
 Weight        1.000     3.000     3.000     4.000     1.000     1.000
 Sigma         0.500     0.600     0.120     0.200     0.120     0.120
 Ideal         1.000     1.100     0.000     1.000     1.000     0.950
 Current       1.244     3.866     0.014     0.641     1.000     0.555
                - - - - - - - - - - - - - - - - - - - - - - - - - 
 Estimate      0.788     0.000     0.987     0.040     1.000     0.000

  Angular   range    :     from    0.0085   to    0.1489
  Real space range   :     from      0.00   to    363.90

  Highest ALPHA (theor) :   0.451E+07                 JOB = 0
  Current ALPHA         :   0.853E+01   Rg :  0.112E+03   I(0) :   0.247E+04

           Total  estimate : 0.305  which is  A SUSPICIOUS  solution

      S          J EXP       ERROR       J REG       I REG

  0.0000E+00                                      0.2470E+04
  0.7751E-03                                      0.2464E+04
  0.1550E-02                                      0.2445E+04
  0.2325E-02                                      0.2414E+04
  0.3100E-02                                      0.2371E+04
  0.3875E-02                                      0.2318E+04
  0.4651E-02                                      0.2255E+04
  0.5426E-02                                      0.2184E+04
  0.6201E-02                                      0.2106E+04
  0.6976E-02                                      0.2023E+04
  0.7751E-02                                      0.1937E+04
  0.8526E-02  0.2595E+04  0.8056E+02  0.1848E+04  0.1848E+04
  0.9289E-02  0.2113E+04  0.6263E+02  0.1759E+04  0.1759E+04
  0.1005E-01  0.1872E+04  0.4071E+02  0.1672E+04  0.1672E+04
  0.1082E-01  0.1673E+04  0.2833E+02  0.1586E+04  0.1586E+04
  0.1158E-01  0.1547E+04  0.2152E+02  0.1503E+04  0.1503E+04
  0.1234E-01  0.1436E+04  0.1653E+02  0.1424E+04  0.1424E+04
  0.1310E-01  0.1339E+04  0.1371E+02  0.1350E+04  0.1350E+04
  0.1387E-01  0.1267E+04  0.9347E+01  0.1281E+04  0.1281E+04
  0.1463E-01  0.1194E+04  0.8352E+01  0.1218E+04  0.1218E+04
  0.1539E-01  0.1142E+04  0.7041E+01  0.1160E+04  0.1160E+04
  0.1616E-01  0.1093E+04  0.6654E+01  0.1108E+04  0.1108E+04
  0.1692E-01  0.1050E+04  0.6181E+01  0.1061E+04  0.1061E+04
  0.1768E-01  0.1013E+04  0.5503E+01  0.1020E+04  0.1020E+04
  0.1845E-01  0.9853E+03  0.5399E+01  0.9842E+03  0.9842E+03
  0.1921E-01  0.9568E+03  0.5002E+01  0.9526E+03  0.9526E+03
  0.1997E-01  0.9331E+03  0.4940E+01  0.9250E+03  0.9250E+03
  0.2073E-01  0.9095E+03  0.4673E+01  0.9007E+03  0.9007E+03
  0.2150E-01  0.8996E+03  0.4485E+01  0.8794E+03  0.8794E+03
  0.2226E-01  0.8670E+03  0.4440E+01  0.8604E+03  0.8604E+03
  0.2302E-01  0.8383E+03  0.4165E+01  0.8433E+03  0.8433E+03
  0.2379E-01  0.8210E+03  0.4104E+01  0.8275E+03  0.8275E+03
  0.2455E-01  0.8121E+03  0.3995E+01  0.8126E+03  0.8126E+03
  0.2531E-01  0.8051E+03  0.3882E+01  0.7984E+03  0.7984E+03
  0.2608E-01  0.7849E+03  0.3892E+01  0.7845E+03  0.7845E+03
  0.2684E-01  0.7735E+03  0.3619E+01  0.7707E+03  0.7707E+03
  0.2760E-01  0.7546E+03  0.3625E+01  0.7570E+03  0.7570E+03
  0.2836E-01  0.7324E+03  0.3462E+01  0.7432E+03  0.7432E+03
  0.2913E-01  0.7296E+03  0.3406E+01  0.7294E+03  0.7294E+03
  0.2989E-01  0.7144E+03  0.3292E+01  0.7155E+03  0.7155E+03
  0.3065E-01  0.6966E+03  0.3236E+01  0.7016E+03  0.7016E+03
  0.3142E-01  0.6861E+03  0.3120E+01  0.6878E+03  0.6878E+03
  0.3218E-01  0.6732E+03  0.2997E+01  0.6742E+03  0.6742E+03
  0.3294E-01  0.6563E+03  0.3018E+01  0.6607E+03  0.6607E+03
  0.3371E-01  0.6456E+03  0.2903E+01  0.6477E+03  0.6477E+03
  0.3447E-01  0.6350E+03  0.2880E+01  0.6349E+03  0.6349E+03
  0.3523E-01  0.6233E+03  0.2888E+01  0.6227E+03  0.6227E+03
  0.3599E-01  0.6128E+03  0.2837E+01  0.6109E+03  0.6109E+03
  0.3676E-01  0.6025E+03  0.2881E+01  0.5995E+03  0.5995E+03
  0.3752E-01  0.5964E+03  0.2832E+01  0.5886E+03  0.5886E+03
  0.3828E-01  0.5895E+03  0.2826E+01  0.5781E+03  0.5781E+03
  0.3905E-01  0.5686E+03  0.2759E+01  0.5680E+03  0.5680E+03
  0.3981E-01  0.5583E+03  0.2651E+01  0.5582E+03  0.5582E+03
  0.4057E-01  0.5502E+03  0.2670E+01  0.5486E+03  0.5486E+03
  0.4134E-01  0.5402E+03  0.2480E+01  0.5393E+03  0.5393E+03
  0.4210E-01  0.5316E+03  0.2551E+01  0.5300E+03  0.5300E+03
  0.4286E-01  0.5177E+03  0.2515E+01  0.5208E+03  0.5208E+03
  0.4362E-01  0.5156E+03  0.2473E+01  0.5117E+03  0.5117E+03
  0.4439E-01  0.5039E+03  0.2451E+01  0.5025E+03  0.5025E+03
  0.4515E-01  0.4895E+03  0.2328E+01  0.4933E+03  0.4933E+03
  0.4591E-01  0.4810E+03  0.2359E+01  0.4840E+03  0.4840E+03
  0.4668E-01  0.4698E+03  0.2319E+01  0.4746E+03  0.4746E+03
  0.4744E-01  0.4605E+03  0.2354E+01  0.4653E+03  0.4653E+03
  0.4820E-01  0.4541E+03  0.2321E+01  0.4559E+03  0.4559E+03
  0.4897E-01  0.4484E+03  0.2262E+01  0.4465E+03  0.4465E+03
  0.4973E-01  0.4406E+03  0.2263E+01  0.4372E+03  0.4372E+03
  0.5049E-01  0.4289E+03  0.2179E+01  0.4279E+03  0.4279E+03
  0.5125E-01  0.4204E+03  0.2176E+01  0.4188E+03  0.4188E+03
  0.5202E-01  0.4131E+03  0.2183E+01  0.4098E+03  0.4098E+03
  0.5278E-01  0.4040E+03  0.2137E+01  0.4010E+03  0.4010E+03
  0.5354E-01  0.3964E+03  0.2140E+01  0.3923E+03  0.3923E+03
  0.5431E-01  0.3831E+03  0.2104E+01  0.3839E+03  0.3839E+03
  0.5507E-01  0.3791E+03  0.2122E+01  0.3756E+03  0.3756E+03
  0.5583E-01  0.3722E+03  0.2057E+01  0.3676E+03  0.3676E+03
  0.5660E-01  0.3677E+03  0.2029E+01  0.3597E+03  0.3597E+03
  0.5736E-01  0.3524E+03  0.2043E+01  0.3520E+03  0.3520E+03
  0.5812E-01  0.3449E+03  0.1965E+01  0.3444E+03  0.3444E+03
  0.5888E-01  0.3369E+03  0.1951E+01  0.3370E+03  0.3370E+03
  0.5965E-01  0.3290E+03  0.1864E+01  0.3297E+03  0.3297E+03
  0.6041E-01  0.3200E+03  0.1889E+01  0.3224E+03  0.3224E+03
  0.6117E-01  0.3133E+03  0.1916E+01  0.3153E+03  0.3153E+03
  0.6194E-01  0.3048E+03  0.1885E+01  0.3082E+03  0.3082E+03
  0.6270E-01  0.2992E+03  0.1907E+01  0.3011E+03  0.3011E+03
  0.6346E-01  0.2946E+03  0.1872E+01  0.2941E+03  0.2941E+03
  0.6423E-01  0.2864E+03  0.1877E+01  0.2872E+03  0.2872E+03
  0.6499E-01  0.2823E+03  0.1848E+01  0.2803E+03  0.2803E+03
  0.6575E-01  0.2732E+03  0.1847E+01  0.2735E+03  0.2735E+03
  0.6651E-01  0.2706E+03  0.1843E+01  0.2667E+03  0.2667E+03
  0.6728E-01  0.2642E+03  0.1782E+01  0.2601E+03  0.2601E+03
  0.6804E-01  0.2567E+03  0.1787E+01  0.2535E+03  0.2535E+03
  0.6880E-01  0.2468E+03  0.1723E+01  0.2471E+03  0.2471E+03
  0.6957E-01  0.2433E+03  0.1700E+01  0.2408E+03  0.2408E+03
  0.7033E-01  0.2350E+03  0.1688E+01  0.2346E+03  0.2346E+03
  0.7109E-01  0.2301E+03  0.1667E+01  0.2285E+03  0.2285E+03
  0.7186E-01  0.2236E+03  0.1716E+01  0.2226E+03  0.2226E+03
  0.7262E-01  0.2198E+03  0.1681E+01  0.2169E+03  0.2169E+03
  0.7338E-01  0.2130E+03  0.1675E+01  0.2113E+03  0.2113E+03
  0.7414E-01  0.2080E+03  0.1651E+01  0.2058E+03  0.2058E+03
  0.7491E-01  0.2006E+03  0.1649E+01  0.2004E+03  0.2004E+03
  0.7567E-01  0.1940E+03  0.1653E+01  0.1952E+03  0.1952E+03
  0.7643E-01  0.1895E+03  0.1690E+01  0.1901E+03  0.1901E+03
  0.7720E-01  0.1838E+03  0.1607E+01  0.1851E+03  0.1851E+03
  0.7796E-01  0.1810E+03  0.1578E+01  0.1801E+03  0.1801E+03
  0.7872E-01  0.1761E+03  0.1590E+01  0.1753E+03  0.1753E+03
  0.7949E-01  0.1693E+03  0.1577E+01  0.1705E+03  0.1705E+03
  0.8025E-01  0.1649E+03  0.1535E+01  0.1658E+03  0.1658E+03
  0.8101E-01  0.1605E+03  0.1571E+01  0.1612E+03  0.1612E+03
  0.8177E-01  0.1566E+03  0.1511E+01  0.1566E+03  0.1566E+03
  0.8254E-01  0.1518E+03  0.1548E+01  0.1521E+03  0.1521E+03
  0.8330E-01  0.1503E+03  0.1511E+01  0.1477E+03  0.1477E+03
  0.8406E-01  0.1461E+03  0.1499E+01  0.1433E+03  0.1433E+03
  0.8483E-01  0.1391E+03  0.1517E+01  0.1390E+03  0.1390E+03
  0.8559E-01  0.1356E+03  0.1470E+01  0.1348E+03  0.1348E+03
  0.8635E-01  0.1342E+03  0.1481E+01  0.1307E+03  0.1307E+03
  0.8712E-01  0.1279E+03  0.1441E+01  0.1267E+03  0.1267E+03
  0.8788E-01  0.1240E+03  0.1442E+01  0.1227E+03  0.1227E+03
  0.8864E-01  0.1200E+03  0.1464E+01  0.1189E+03  0.1189E+03
  0.8940E-01  0.1154E+03  0.1402E+01  0.1152E+03  0.1152E+03
  0.9017E-01  0.1099E+03  0.1412E+01  0.1116E+03  0.1116E+03
  0.9093E-01  0.1069E+03  0.1359E+01  0.1080E+03  0.1080E+03
  0.9169E-01  0.1052E+03  0.1401E+01  0.1046E+03  0.1046E+03
  0.9246E-01  0.1014E+03  0.1416E+01  0.1012E+03  0.1012E+03
  0.9322E-01  0.9765E+02  0.1384E+01  0.9797E+02  0.9797E+02
  0.9398E-01  0.9653E+02  0.1408E+01  0.9479E+02  0.9479E+02
  0.9475E-01  0.9244E+02  0.1386E+01  0.9168E+02  0.9168E+02
  0.9551E-01  0.8909E+02  0.1395E+01  0.8864E+02  0.8864E+02
  0.9627E-01  0.8552E+02  0.1381E+01  0.8566E+02  0.8566E+02
  0.9703E-01  0.8144E+02  0.1322E+01  0.8275E+02  0.8275E+02
  0.9780E-01  0.7970E+02  0.1325E+01  0.7990E+02  0.7990E+02
  0.9856E-01  0.7727E+02  0.1304E+01  0.7712E+02  0.7712E+02
  0.9932E-01  0.7493E+02  0.1303E+01  0.7439E+02  0.7439E+02
  0.1001E+00  0.7107E+02  0.1279E+01  0.7173E+02  0.7173E+02
  0.1008E+00  0.6904E+02  0.1273E+01  0.6914E+02  0.6914E+02
  0.1016E+00  0.6397E+02  0.1292E+01  0.6661E+02  0.6661E+02
  0.1024E+00  0.6243E+02  0.1266E+01  0.6415E+02  0.6415E+02
  0.1031E+00  0.6279E+02  0.1309E+01  0.6176E+02  0.6176E+02
  0.1039E+00  0.6143E+02  0.1291E+01  0.5944E+02  0.5944E+02
  0.1047E+00  0.5756E+02  0.1298E+01  0.5719E+02  0.5719E+02
  0.1054E+00  0.5458E+02  0.1313E+01  0.5501E+02  0.5501E+02
  0.1062E+00  0.5669E+02  0.1291E+01  0.5290E+02  0.5290E+02
  0.1070E+00  0.5179E+02  0.1291E+01  0.5086E+02  0.5086E+02
  0.1077E+00  0.4887E+02  0.1265E+01  0.4887E+02  0.4887E+02
  0.1085E+00  0.4713E+02  0.1282E+01  0.4695E+02  0.4695E+02
  0.1092E+00  0.4542E+02  0.1228E+01  0.4507E+02  0.4507E+02
  0.1100E+00  0.4114E+02  0.1224E+01  0.4325E+02  0.4325E+02
  0.1108E+00  0.4070E+02  0.1231E+01  0.4147E+02  0.4147E+02
  0.1115E+00  0.4053E+02  0.1200E+01  0.3973E+02  0.3973E+02
  0.1123E+00  0.3725E+02  0.1195E+01  0.3803E+02  0.3803E+02
  0.1131E+00  0.3608E+02  0.1196E+01  0.3636E+02  0.3636E+02
  0.1138E+00  0.3468E+02  0.1203E+01  0.3472E+02  0.3472E+02
  0.1146E+00  0.3265E+02  0.1189E+01  0.3311E+02  0.3311E+02
  0.1153E+00  0.3033E+02  0.1192E+01  0.3154E+02  0.3154E+02
  0.1161E+00  0.2916E+02  0.1192E+01  0.3001E+02  0.3001E+02
  0.1169E+00  0.2819E+02  0.1190E+01  0.2851E+02  0.2851E+02
  0.1176E+00  0.2811E+02  0.1201E+01  0.2705E+02  0.2705E+02
  0.1184E+00  0.2688E+02  0.1194E+01  0.2564E+02  0.2564E+02
  0.1192E+00  0.2418E+02  0.1202E+01  0.2428E+02  0.2428E+02
  0.1199E+00  0.1968E+02  0.1195E+01  0.2298E+02  0.2298E+02
  0.1207E+00  0.1949E+02  0.1162E+01  0.2174E+02  0.2174E+02
  0.1215E+00  0.2012E+02  0.1184E+01  0.2056E+02  0.2056E+02
  0.1222E+00  0.1886E+02  0.1153E+01  0.1944E+02  0.1944E+02
  0.1230E+00  0.1647E+02  0.1169E+01  0.1838E+02  0.1838E+02
  0.1237E+00  0.1764E+02  0.1154E+01  0.1738E+02  0.1738E+02
  0.1245E+00  0.1533E+02  0.1140E+01  0.1645E+02  0.1645E+02
  0.1253E+00  0.1580E+02  0.1133E+01  0.1557E+02  0.1557E+02
  0.1260E+00  0.1481E+02  0.1129E+01  0.1474E+02  0.1474E+02
  0.1268E+00  0.1275E+02  0.1153E+01  0.1397E+02  0.1397E+02
  0.1276E+00  0.1104E+02  0.1143E+01  0.1323E+02  0.1323E+02
  0.1283E+00  0.1213E+02  0.1149E+01  0.1253E+02  0.1253E+02
  0.1291E+00  0.1182E+02  0.1164E+01  0.1187E+02  0.1187E+02
  0.1298E+00  0.1127E+02  0.1117E+01  0.1122E+02  0.1122E+02
  0.1306E+00  0.9374E+01  0.1158E+01  0.1061E+02  0.1061E+02
  0.1314E+00  0.9603E+01  0.1158E+01  0.1001E+02  0.1001E+02
  0.1321E+00  0.9420E+01  0.1155E+01  0.9418E+01  0.9418E+01
  0.1329E+00  0.7339E+01  0.1162E+01  0.8847E+01  0.8847E+01
  0.1337E+00  0.5744E+01  0.1141E+01  0.8289E+01  0.8289E+01
  0.1344E+00  0.6807E+01  0.1162E+01  0.7746E+01  0.7746E+01
  0.1352E+00  0.5980E+01  0.1146E+01  0.7219E+01  0.7219E+01
  0.1359E+00  0.5186E+01  0.1151E+01  0.6710E+01  0.6710E+01
  0.1367E+00  0.7181E+01  0.1162E+01  0.6224E+01  0.6224E+01
  0.1375E+00  0.7051E+01  0.1152E+01  0.5761E+01  0.5761E+01
  0.1382E+00  0.4993E+01  0.1165E+01  0.5322E+01  0.5322E+01
  0.1390E+00  0.2079E+01  0.1162E+01  0.4915E+01  0.4915E+01
  0.1398E+00  0.3961E+01  0.1180E+01  0.4540E+01  0.4540E+01
  0.1405E+00  0.3426E+01  0.1201E+01  0.4200E+01  0.4200E+01
  0.1413E+00  0.5202E+01  0.1178E+01  0.3894E+01  0.3894E+01
  0.1421E+00  0.1573E+01  0.1201E+01  0.3622E+01  0.3622E+01
  0.1428E+00  0.5731E+00  0.1171E+01  0.3385E+01  0.3385E+01
  0.1436E+00  0.2349E+01  0.1180E+01  0.3180E+01  0.3180E+01
  0.1443E+00  0.8480E+00  0.1166E+01  0.3005E+01  0.3005E+01
  0.1451E+00  0.3567E+01  0.1173E+01  0.2857E+01  0.2857E+01
  0.1459E+00 -0.5540E+00  0.1169E+01  0.2733E+01  0.2733E+01
  0.1466E+00  0.1560E+00  0.1150E+01  0.2630E+01  0.2630E+01
  0.1474E+00  0.9860E+00  0.1149E+01  0.2543E+01  0.2543E+01
  0.1482E+00  0.2990E+00  0.1138E+01  0.2468E+01  0.2468E+01
  0.1489E+00 -0.1157E+01  0.1146E+01  0.2403E+01  0.2403E+01

           Distance distribution  function of particle  


       R          P(R)      ERROR

  0.0000E+00  0.0000E+00  0.0000E+00
  0.3639E+01  0.7179E-01  0.1133E-02
  0.7278E+01  0.2492E+00  0.1349E-02
  0.1092E+02  0.5091E+00  0.9677E-03
  0.1456E+02  0.8173E+00  0.7883E-03
  0.1820E+02  0.1134E+01  0.1375E-02
  0.2183E+02  0.1420E+01  0.1921E-02
  0.2547E+02  0.1641E+01  0.2097E-02
  0.2911E+02  0.1778E+01  0.1940E-02
  0.3275E+02  0.1819E+01  0.1774E-02
  0.3639E+02  0.1772E+01  0.1990E-02
  0.4003E+02  0.1651E+01  0.2463E-02
  0.4367E+02  0.1480E+01  0.2800E-02
  0.4731E+02  0.1288E+01  0.2803E-02
  0.5095E+02  0.1098E+01  0.2539E-02
  0.5458E+02  0.9300E+00  0.2359E-02
  0.5822E+02  0.7973E+00  0.2647E-02
  0.6186E+02  0.7037E+00  0.3273E-02
  0.6550E+02  0.6462E+00  0.3843E-02
  0.6914E+02  0.6166E+00  0.4144E-02
  0.7278E+02  0.6047E+00  0.4209E-02
  0.7642E+02  0.6002E+00  0.4258E-02
  0.8006E+02  0.5954E+00  0.4526E-02
  0.8370E+02  0.5857E+00  0.5016E-02
  0.8734E+02  0.5705E+00  0.5507E-02
  0.9097E+02  0.5517E+00  0.5779E-02
  0.9461E+02  0.5330E+00  0.5754E-02
  0.9825E+02  0.5183E+00  0.5527E-02
  0.1019E+03  0.5104E+00  0.5312E-02
  0.1055E+03  0.5105E+00  0.5300E-02
  0.1092E+03  0.5176E+00  0.5510E-02
  0.1128E+03  0.5295E+00  0.5806E-02
  0.1164E+03  0.5432E+00  0.6063E-02
  0.1201E+03  0.5556E+00  0.6272E-02
  0.1237E+03  0.5646E+00  0.6525E-02
  0.1274E+03  0.5690E+00  0.6917E-02
  0.1310E+03  0.5693E+00  0.7452E-02
  0.1346E+03  0.5666E+00  0.8035E-02
  0.1383E+03  0.5627E+00  0.8536E-02
  0.1419E+03  0.5594E+00  0.8856E-02
  0.1456E+03  0.5577E+00  0.8965E-02
  0.1492E+03  0.5579E+00  0.8901E-02
  0.1528E+03  0.5597E+00  0.8769E-02
  0.1565E+03  0.5620E+00  0.8701E-02
  0.1601E+03  0.5637E+00  0.8814E-02
  0.1638E+03  0.5639E+00  0.9147E-02
  0.1674E+03  0.5621E+00  0.9650E-02
  0.1710E+03  0.5584E+00  0.1023E-01
  0.1747E+03  0.5533E+00  0.1081E-01
  0.1783E+03  0.5476E+00  0.1132E-01
  0.1819E+03  0.5422E+00  0.1176E-01
  0.1856E+03  0.5374E+00  0.1209E-01
  0.1892E+03  0.5333E+00  0.1228E-01
  0.1929E+03  0.5294E+00  0.1231E-01
  0.1965E+03  0.5250E+00  0.1216E-01
  0.2001E+03  0.5194E+00  0.1190E-01
  0.2038E+03  0.5122E+00  0.1158E-01
  0.2074E+03  0.5032E+00  0.1127E-01
  0.2111E+03  0.4930E+00  0.1100E-01
  0.2147E+03  0.4824E+00  0.1075E-01
  0.2183E+03  0.4724E+00  0.1052E-01
  0.2220E+03  0.4639E+00  0.1036E-01
  0.2256E+03  0.4576E+00  0.1037E-01
  0.2293E+03  0.4534E+00  0.1059E-01
  0.2329E+03  0.4507E+00  0.1096E-01
  0.2365E+03  0.4483E+00  0.1134E-01
  0.2402E+03  0.4451E+00  0.1157E-01
  0.2438E+03  0.4398E+00  0.1158E-01
  0.2475E+03  0.4317E+00  0.1141E-01
  0.2511E+03  0.4205E+00  0.1119E-01
  0.2547E+03  0.4068E+00  0.1106E-01
  0.2584E+03  0.3917E+00  0.1108E-01
  0.2620E+03  0.3764E+00  0.1120E-01
  0.2656E+03  0.3623E+00  0.1136E-01
  0.2693E+03  0.3505E+00  0.1148E-01
  0.2729E+03  0.3413E+00  0.1156E-01
  0.2766E+03  0.3346E+00  0.1162E-01
  0.2802E+03  0.3297E+00  0.1170E-01
  0.2838E+03  0.3254E+00  0.1182E-01
  0.2875E+03  0.3206E+00  0.1198E-01
  0.2911E+03  0.3141E+00  0.1219E-01
  0.2948E+03  0.3052E+00  0.1246E-01
  0.2984E+03  0.2939E+00  0.1278E-01
  0.3020E+03  0.2803E+00  0.1311E-01
  0.3057E+03  0.2651E+00  0.1339E-01
  0.3093E+03  0.2491E+00  0.1356E-01
  0.3130E+03  0.2331E+00  0.1360E-01
  0.3166E+03  0.2177E+00  0.1350E-01
  0.3202E+03  0.2031E+00  0.1332E-01
  0.3239E+03  0.1895E+00  0.1311E-01
  0.3275E+03  0.1766E+00  0.1292E-01
  0.3311E+03  0.1642E+00  0.1277E-01
  0.3348E+03  0.1520E+00  0.1266E-01
  0.3384E+03  0.1397E+00  0.1249E-01
  0.3421E+03  0.1269E+00  0.1217E-01
  0.3457E+03  0.1132E+00  0.1155E-01
  0.3493E+03  0.9802E-01  0.1052E-01
  0.3530E+03  0.8049E-01  0.8943E-02
  0.3566E+03  0.5936E-01  0.6724E-02
  0.3603E+03  0.3310E-01  0.3768E-02
  0.3639E+03  0.0000E+00  0.0000E+00
          Reciprocal space: Rg =  112.10     , I(0) =   0.2469E+04
     Real space: Rg =  113.55 +- 0.820  I(0) =   0.2470E+04 +-  0.2694E+02
