
           ####    G N O M   ---   Version 4.5a revised 09/02/02     ####

                                                  Sun Nov  5 11:57:59 2017
           ===    Run No   1   ===
 Run title:  0.000132994 0 0


  Number of points omitted at the end:         481
   *******   Working Directory :
   *******    Input file(s) : 24648_01F_S053_0_01.sub
           Condition P(rmin) = 0 is used. 
           Condition P(rmax) = 0 is used. 

 Warning: Dmax*Smin =  7.039   is greater than Pi !


          Experimental conditions for the first run
          -----------------------------------------

          Highest ALPHA is found to be   0.6023E-01

  The measure of inconsistency AN1 equals to    0.5905E+00
     Alpha    Discrp  Oscill  Stabil  Sysdev  Positv  Valcen    Total   
  0.6023E+02  1.0668  3.2791  0.9887  0.6838  1.0000  0.6355  0.34930
  0.1205E+02  1.0666  3.2853  0.9834  0.6838  1.0000  0.6355  0.35029
  0.2409E+01  1.0652  3.3166  0.9572  0.6838  1.0000  0.6355  0.35538
  0.4819E+00  1.0596  3.4742  0.8423  0.7179  1.0000  0.6354  0.39285
  0.9637E-01  1.0430  4.2511  0.5609  0.7521  1.0000  0.6418  0.39094
  0.1927E-01  1.0160  5.7721  0.7865  0.8205  0.9464  0.6961  0.10000
  0.3855E-02  0.9899  4.8375  0.5941  0.7863  0.8081  0.7326  0.10000
  0.7710E-03  0.9713  3.6838  0.8064  0.7521  0.9605  0.9407  0.10000
  0.1542E-03  0.9562  2.1089  0.8145  0.7179  0.9934  0.9650  0.10000
  0.3084E-04  0.9384  1.5769  0.6099  0.7521  0.9999  0.9501  0.10000
  0.6168E-05  0.9156  1.7404  0.3879  0.7521  1.0000  0.9345  0.10000
  0.1234E-05  0.8940  2.3624  0.2344  0.8034  1.0000  0.9243  0.10000
  0.2467E-06  0.8716  3.8117  0.1852  0.8034  0.9999  0.9133  0.10000
  0.4934E-07  0.8616  4.8841  0.0808  0.8034  0.9992  0.9026  0.10000
  0.9869E-08  0.8601  5.5258  0.1149  0.8376  0.9980  0.8914  0.10000
  0.1974E-08  0.8580  9.6333  0.4407  0.8718  0.9854  0.8299  0.10000
  0.3947E-09  0.8506 16.7279  0.7338  0.8718  0.8728  0.3647  0.10000
  0.7895E-10  0.8370 18.1368  0.4585  0.9060  0.7627  0.2894  0.10000
  0.1579E-10  0.8307 18.6930  0.2223  0.9060  0.7338  0.2728  0.10000
  0.3158E-11  0.8291 19.3958  0.5777  0.9060  0.7201  0.2847  0.10000
  0.6316E-12  0.8262 18.5797  0.7922  0.9060  0.7104  0.2878  0.10000
  0.1263E-12  0.8158 19.8180  0.8785  0.9402  0.7040  0.3354  0.10000
  0.2526E-13  0.7770 20.9298  0.7889  0.9402  0.7019  0.3519  0.10000
  0.5053E-14  0.6932 22.1655  0.5488  0.9744  0.7007  0.3911  0.10000
  0.1011E-14  0.5961 25.3317  0.4546  1.0085  0.7038  0.4152  0.10000
  0.2021E-15  0.4880 30.0464  0.4644  1.0427  0.7072  0.3400  0.10000
  0.4042E-16  0.3694 33.5046  0.4728  1.0427  0.7085  0.3563  0.10000
  0.8084E-17  0.2335 36.6590  0.4191  1.0769  0.7093  0.4107  0.10000
  0.1617E-17  0.0970 39.1868  0.2294  1.1111  0.7110  0.3849  0.10000
  0.3234E-18  0.0256 40.0607  0.0678  1.2137  0.7125  0.3654  0.10000
  0.6467E-19  0.0055 40.2608  0.0150  1.2137  0.7130  0.3667  0.10000

          ***  Golden section search to maximize estimate ***
     Alpha    Discrp  Oscill  Stabil  Sysdev  Positv  Valcen    Total   
  0.1782E+00  1.0509  3.8117  0.6702  0.7521  1.0000  0.6367  0.46153
  0.1409E+00  1.0481  3.9517  0.6227  0.7521  1.0000  0.6379  0.43844
  0.2060E+00  1.0525  3.7396  0.6998  0.7521  1.0000  0.6362  0.45351
  0.1629E+00  1.0498  3.8616  0.6518  0.7521  1.0000  0.6371  0.45326
  0.1884E+00  1.0515  3.7830  0.6816  0.7521  1.0000  0.6365  0.46070
  0.1722E+00  1.0505  3.8302  0.6632  0.7521  1.0000  0.6368  0.45845
  0.1820E+00  1.0511  3.8005  0.6746  0.7521  1.0000  0.6366  0.46338
  0.1844E+00  1.0513  3.7938  0.6773  0.7521  1.0000  0.6366  0.46249
  0.1806E+00  1.0510  3.8048  0.6729  0.7521  1.0000  0.6366  0.46268
  0.1829E+00  1.0512  3.7979  0.6756  0.7521  1.0000  0.6366  0.46318
  0.1815E+00  1.0511  3.8022  0.6739  0.7521  1.0000  0.6366  0.46312
  0.1824E+00  1.0511  3.7996  0.6750  0.7521  1.0000  0.6366  0.46345
  0.1826E+00  1.0512  3.7989  0.6752  0.7521  1.0000  0.6366  0.46335
  0.1824E+00  1.0511  3.7996  0.6750  0.7521  1.0000  0.6366  0.46345



             ####            Final results            ####

 Parameter    DISCRP    OSCILL    STABIL    SYSDEV    POSITV    VALCEN
 Weight        1.000     3.000     3.000     4.000     1.000     1.000
 Sigma         0.500     0.600     0.120     0.200     0.120     0.120
 Ideal         1.000     1.100     0.000     1.000     1.000     0.950
 Current       1.051     3.800     0.675     0.752     1.000     0.637
                - - - - - - - - - - - - - - - - - - - - - - - - - 
 Estimate      0.990     0.000     0.000     0.215     1.000     0.001

  Angular   range    :     from    0.0177   to    0.1070
  Real space range   :     from      0.00   to    398.10

  Highest ALPHA (theor) :   0.602E+02                 JOB = 0
  Current ALPHA         :   0.182E+00   Rg :  0.120E+03   I(0) :   0.787E+00

           Total  estimate : 0.463  which is  A SUSPICIOUS  solution

      S          J EXP       ERROR       J REG       I REG

  0.0000E+00                                      0.7874E+00
  0.7688E-03                                      0.7851E+00
  0.1538E-02                                      0.7784E+00
  0.2306E-02                                      0.7674E+00
  0.3075E-02                                      0.7523E+00
  0.3844E-02                                      0.7334E+00
  0.4613E-02                                      0.7111E+00
  0.5382E-02                                      0.6860E+00
  0.6150E-02                                      0.6584E+00
  0.6919E-02                                      0.6290E+00
  0.7688E-02                                      0.5983E+00
  0.8457E-02                                      0.5668E+00
  0.9225E-02                                      0.5351E+00
  0.9994E-02                                      0.5038E+00
  0.1076E-01                                      0.4732E+00
  0.1153E-01                                      0.4439E+00
  0.1230E-01                                      0.4162E+00
  0.1307E-01                                      0.3903E+00
  0.1384E-01                                      0.3666E+00
  0.1461E-01                                      0.3451E+00
  0.1538E-01                                      0.3260E+00
  0.1614E-01                                      0.3092E+00
  0.1691E-01                                      0.2948E+00
  0.1768E-01  0.6650E+01  0.4527E+01  0.2826E+00  0.2826E+00
  0.1845E-01  0.5111E+01  0.4515E+01  0.2725E+00  0.2725E+00
  0.1921E-01  0.2449E+01  0.3940E+01  0.2642E+00  0.2642E+00
  0.1997E-01 -0.1379E+02  0.4006E+01  0.2576E+00  0.2576E+00
  0.2073E-01 -0.6339E+01  0.3900E+01  0.2524E+00  0.2524E+00
  0.2150E-01 -0.5372E+01  0.3639E+01  0.2484E+00  0.2484E+00
  0.2226E-01 -0.2060E+01  0.3560E+01  0.2453E+00  0.2453E+00
  0.2302E-01  0.2406E+01  0.3294E+01  0.2429E+00  0.2429E+00
  0.2379E-01  0.2950E+00  0.3338E+01  0.2410E+00  0.2410E+00
  0.2455E-01 -0.2149E+01  0.3139E+01  0.2394E+00  0.2394E+00
  0.2531E-01 -0.2591E+01  0.3089E+01  0.2380E+00  0.2380E+00
  0.2608E-01 -0.4782E+01  0.3048E+01  0.2365E+00  0.2365E+00
  0.2684E-01  0.5746E+01  0.2840E+01  0.2348E+00  0.2348E+00
  0.2760E-01  0.3492E+01  0.2924E+01  0.2330E+00  0.2330E+00
  0.2836E-01  0.2680E+01  0.2795E+01  0.2308E+00  0.2308E+00
  0.2913E-01  0.2528E+01  0.2778E+01  0.2284E+00  0.2284E+00
  0.2989E-01  0.2725E+01  0.2631E+01  0.2256E+00  0.2256E+00
  0.3065E-01  0.2004E+01  0.2634E+01  0.2225E+00  0.2225E+00
  0.3142E-01  0.6070E+00  0.2577E+01  0.2191E+00  0.2191E+00
  0.3218E-01 -0.2560E+00  0.2410E+01  0.2154E+00  0.2154E+00
  0.3294E-01 -0.1859E+01  0.2435E+01  0.2116E+00  0.2116E+00
  0.3371E-01  0.3826E+01  0.2419E+01  0.2075E+00  0.2075E+00
  0.3447E-01 -0.6650E+00  0.2397E+01  0.2034E+00  0.2034E+00
  0.3523E-01 -0.6201E-01  0.2439E+01  0.1992E+00  0.1992E+00
  0.3599E-01  0.3029E+01  0.2305E+01  0.1949E+00  0.1949E+00
  0.3676E-01  0.2758E+01  0.2369E+01  0.1907E+00  0.1907E+00
  0.3752E-01  0.1817E+01  0.2257E+01  0.1865E+00  0.1865E+00
  0.3828E-01  0.1110E+00  0.2331E+01  0.1824E+00  0.1824E+00
  0.3905E-01 -0.1201E+01  0.2287E+01  0.1784E+00  0.1784E+00
  0.3981E-01  0.8972E-02  0.2203E+01  0.1745E+00  0.1745E+00
  0.4057E-01  0.1788E+01  0.2270E+01  0.1708E+00  0.1708E+00
  0.4134E-01  0.3655E+01  0.2118E+01  0.1672E+00  0.1672E+00
  0.4210E-01  0.4880E+00  0.2103E+01  0.1637E+00  0.1637E+00
  0.4286E-01  0.7190E+00  0.2033E+01  0.1603E+00  0.1603E+00
  0.4362E-01  0.9840E+00  0.2037E+01  0.1570E+00  0.1570E+00
  0.4439E-01 -0.2499E+01  0.2040E+01  0.1539E+00  0.1539E+00
  0.4515E-01  0.1082E+01  0.1990E+01  0.1508E+00  0.1508E+00
  0.4591E-01  0.1993E+01  0.2021E+01  0.1479E+00  0.1479E+00
  0.4668E-01 -0.2386E+01  0.1954E+01  0.1450E+00  0.1450E+00
  0.4744E-01 -0.6570E+00  0.1968E+01  0.1423E+00  0.1423E+00
  0.4820E-01 -0.1141E+01  0.1963E+01  0.1396E+00  0.1396E+00
  0.4897E-01  0.5700E+00  0.1912E+01  0.1371E+00  0.1371E+00
  0.4973E-01  0.7050E+00  0.1934E+01  0.1346E+00  0.1346E+00
  0.5049E-01 -0.7520E+00  0.1875E+01  0.1322E+00  0.1322E+00
  0.5125E-01  0.2282E+01  0.1894E+01  0.1298E+00  0.1298E+00
  0.5202E-01 -0.5230E+00  0.1872E+01  0.1276E+00  0.1276E+00
  0.5278E-01  0.1330E+01  0.1863E+01  0.1254E+00  0.1254E+00
  0.5354E-01  0.7650E+00  0.1860E+01  0.1234E+00  0.1234E+00
  0.5431E-01 -0.1274E+01  0.1819E+01  0.1214E+00  0.1214E+00
  0.5507E-01 -0.2491E+01  0.1852E+01  0.1194E+00  0.1194E+00
  0.5583E-01 -0.8850E+00  0.1802E+01  0.1176E+00  0.1176E+00
  0.5660E-01  0.8020E+00  0.1781E+01  0.1158E+00  0.1158E+00
  0.5736E-01  0.4261E+01  0.1791E+01  0.1141E+00  0.1141E+00
  0.5812E-01  0.5480E+00  0.1721E+01  0.1124E+00  0.1124E+00
  0.5888E-01  0.1810E+01  0.1731E+01  0.1107E+00  0.1107E+00
  0.5965E-01 -0.1663E+01  0.1672E+01  0.1091E+00  0.1091E+00
  0.6041E-01 -0.6460E+00  0.1686E+01  0.1076E+00  0.1076E+00
  0.6117E-01  0.2269E+01  0.1710E+01  0.1060E+00  0.1060E+00
  0.6194E-01  0.1479E+00  0.1690E+01  0.1045E+00  0.1045E+00
  0.6270E-01 -0.4297E-01  0.1700E+01  0.1029E+00  0.1029E+00
  0.6346E-01  0.2070E+00  0.1689E+01  0.1014E+00  0.1014E+00
  0.6423E-01  0.8910E+00  0.1680E+01  0.9994E-01  0.9994E-01
  0.6499E-01  0.1232E+01  0.1672E+01  0.9844E-01  0.9844E-01
  0.6575E-01  0.1709E+01  0.1661E+01  0.9695E-01  0.9695E-01
  0.6651E-01  0.1422E+01  0.1657E+01  0.9548E-01  0.9548E-01
  0.6728E-01  0.1980E+00  0.1597E+01  0.9401E-01  0.9401E-01
  0.6804E-01  0.1615E+01  0.1622E+01  0.9256E-01  0.9256E-01
  0.6880E-01  0.1918E+01  0.1550E+01  0.9112E-01  0.9112E-01
  0.6957E-01  0.2271E+01  0.1565E+01  0.8970E-01  0.8970E-01
  0.7033E-01 -0.3130E+00  0.1559E+01  0.8831E-01  0.8831E-01
  0.7109E-01  0.2468E+01  0.1545E+01  0.8693E-01  0.8693E-01
  0.7186E-01  0.1244E+01  0.1561E+01  0.8558E-01  0.8558E-01
  0.7262E-01  0.4700E-01  0.1552E+01  0.8425E-01  0.8425E-01
  0.7338E-01  0.4310E+01  0.1565E+01  0.8295E-01  0.8295E-01
  0.7414E-01  0.3210E+00  0.1534E+01  0.8168E-01  0.8168E-01
  0.7491E-01 -0.1674E+01  0.1535E+01  0.8043E-01  0.8043E-01
  0.7567E-01 -0.2531E+00  0.1525E+01  0.7920E-01  0.7920E-01
  0.7643E-01 -0.1339E+01  0.1485E+01  0.7799E-01  0.7799E-01
  0.7720E-01 -0.2426E+01  0.1517E+01  0.7680E-01  0.7680E-01
  0.7796E-01  0.3127E+01  0.1469E+01  0.7563E-01  0.7563E-01
  0.7872E-01  0.1526E+01  0.1486E+01  0.7447E-01  0.7447E-01
  0.7949E-01  0.8930E+00  0.1488E+01  0.7333E-01  0.7333E-01
  0.8025E-01 -0.7350E+00  0.1462E+01  0.7220E-01  0.7220E-01
  0.8101E-01  0.3810E+00  0.1488E+01  0.7109E-01  0.7109E-01
  0.8177E-01  0.2689E+01  0.1415E+01  0.6999E-01  0.6999E-01
  0.8254E-01  0.3506E+01  0.1434E+01  0.6889E-01  0.6889E-01
  0.8330E-01  0.7996E-02  0.1414E+01  0.6781E-01  0.6781E-01
  0.8406E-01  0.3123E+01  0.1433E+01  0.6675E-01  0.6675E-01
  0.8483E-01  0.2317E+01  0.1438E+01  0.6570E-01  0.6570E-01
  0.8559E-01  0.3576E+01  0.1386E+01  0.6466E-01  0.6466E-01
  0.8635E-01 -0.6540E+00  0.1419E+01  0.6364E-01  0.6364E-01
  0.8712E-01  0.3280E+00  0.1389E+01  0.6264E-01  0.6264E-01
  0.8788E-01  0.9497E-01  0.1373E+01  0.6166E-01  0.6166E-01
  0.8864E-01 -0.5981E-02  0.1367E+01  0.6070E-01  0.6070E-01
  0.8940E-01 -0.1556E+01  0.1334E+01  0.5975E-01  0.5975E-01
  0.9017E-01 -0.6950E+00  0.1360E+01  0.5883E-01  0.5883E-01
  0.9093E-01 -0.4480E+00  0.1334E+01  0.5793E-01  0.5793E-01
  0.9169E-01 -0.3453E+01  0.1357E+01  0.5704E-01  0.5704E-01
  0.9246E-01 -0.1347E+01  0.1359E+01  0.5618E-01  0.5618E-01
  0.9322E-01  0.1222E+01  0.1344E+01  0.5533E-01  0.5533E-01
  0.9398E-01  0.5740E+00  0.1372E+01  0.5450E-01  0.5450E-01
  0.9475E-01  0.2964E+01  0.1344E+01  0.5368E-01  0.5368E-01
  0.9551E-01  0.3715E+01  0.1339E+01  0.5288E-01  0.5288E-01
  0.9627E-01  0.4325E+01  0.1335E+01  0.5209E-01  0.5209E-01
  0.9703E-01  0.4070E+01  0.1302E+01  0.5131E-01  0.5131E-01
  0.9780E-01 -0.1022E+01  0.1324E+01  0.5055E-01  0.5055E-01
  0.9856E-01 -0.7620E+00  0.1260E+01  0.4979E-01  0.4979E-01
  0.9932E-01 -0.5050E+00  0.1268E+01  0.4904E-01  0.4904E-01
  0.1001E+00 -0.1248E+01  0.1240E+01  0.4830E-01  0.4830E-01
  0.1008E+00 -0.1008E+01  0.1242E+01  0.4757E-01  0.4757E-01
  0.1016E+00  0.9590E+00  0.1248E+01  0.4685E-01  0.4685E-01
  0.1024E+00  0.3669E+01  0.1223E+01  0.4615E-01  0.4615E-01
  0.1031E+00 -0.3390E+00  0.1285E+01  0.4545E-01  0.4545E-01
  0.1039E+00  0.2370E+00  0.1261E+01  0.4476E-01  0.4476E-01
  0.1047E+00 -0.1340E+00  0.1254E+01  0.4409E-01  0.4409E-01
  0.1054E+00 -0.9150E+00  0.1258E+01  0.4343E-01  0.4343E-01
  0.1062E+00 -0.8590E+00  0.1253E+01  0.4279E-01  0.4279E-01
  0.1070E+00  0.1497E+01  0.1257E+01  0.4216E-01  0.4216E-01

           Distance distribution  function of particle  


       R          P(R)      ERROR

  0.0000E+00  0.0000E+00  0.0000E+00
  0.4976E+01  0.1715E-03  0.5468E-04
  0.9953E+01  0.2962E-03  0.9896E-04
  0.1493E+02  0.3775E-03  0.1338E-03
  0.1991E+02  0.4210E-03  0.1605E-03
  0.2488E+02  0.4338E-03  0.1805E-03
  0.2986E+02  0.4234E-03  0.1950E-03
  0.3483E+02  0.3976E-03  0.2053E-03
  0.3981E+02  0.3634E-03  0.2121E-03
  0.4479E+02  0.3267E-03  0.2164E-03
  0.4976E+02  0.2919E-03  0.2185E-03
  0.5474E+02  0.2619E-03  0.2191E-03
  0.5972E+02  0.2379E-03  0.2184E-03
  0.6469E+02  0.2199E-03  0.2166E-03
  0.6967E+02  0.2070E-03  0.2139E-03
  0.7464E+02  0.1978E-03  0.2104E-03
  0.7962E+02  0.1907E-03  0.2061E-03
  0.8460E+02  0.1843E-03  0.2011E-03
  0.8957E+02  0.1776E-03  0.1956E-03
  0.9455E+02  0.1700E-03  0.1896E-03
  0.9953E+02  0.1615E-03  0.1834E-03
  0.1045E+03  0.1525E-03  0.1770E-03
  0.1095E+03  0.1434E-03  0.1707E-03
  0.1145E+03  0.1349E-03  0.1645E-03
  0.1194E+03  0.1277E-03  0.1585E-03
  0.1244E+03  0.1221E-03  0.1528E-03
  0.1294E+03  0.1185E-03  0.1473E-03
  0.1344E+03  0.1169E-03  0.1420E-03
  0.1393E+03  0.1173E-03  0.1369E-03
  0.1443E+03  0.1196E-03  0.1318E-03
  0.1493E+03  0.1234E-03  0.1269E-03
  0.1543E+03  0.1286E-03  0.1220E-03
  0.1592E+03  0.1352E-03  0.1173E-03
  0.1642E+03  0.1427E-03  0.1128E-03
  0.1692E+03  0.1512E-03  0.1085E-03
  0.1742E+03  0.1605E-03  0.1045E-03
  0.1791E+03  0.1701E-03  0.1009E-03
  0.1841E+03  0.1798E-03  0.9773E-04
  0.1891E+03  0.1892E-03  0.9491E-04
  0.1941E+03  0.1979E-03  0.9244E-04
  0.1991E+03  0.2054E-03  0.9025E-04
  0.2040E+03  0.2114E-03  0.8828E-04
  0.2090E+03  0.2158E-03  0.8643E-04
  0.2140E+03  0.2182E-03  0.8466E-04
  0.2190E+03  0.2188E-03  0.8291E-04
  0.2239E+03  0.2177E-03  0.8115E-04
  0.2289E+03  0.2150E-03  0.7936E-04
  0.2339E+03  0.2111E-03  0.7755E-04
  0.2389E+03  0.2060E-03  0.7573E-04
  0.2438E+03  0.2001E-03  0.7391E-04
  0.2488E+03  0.1934E-03  0.7209E-04
  0.2538E+03  0.1859E-03  0.7028E-04
  0.2588E+03  0.1778E-03  0.6847E-04
  0.2637E+03  0.1691E-03  0.6666E-04
  0.2687E+03  0.1598E-03  0.6487E-04
  0.2737E+03  0.1501E-03  0.6309E-04
  0.2787E+03  0.1400E-03  0.6134E-04
  0.2836E+03  0.1298E-03  0.5961E-04
  0.2886E+03  0.1197E-03  0.5789E-04
  0.2936E+03  0.1099E-03  0.5618E-04
  0.2986E+03  0.1005E-03  0.5446E-04
  0.3036E+03  0.9165E-04  0.5272E-04
  0.3085E+03  0.8324E-04  0.5097E-04
  0.3135E+03  0.7521E-04  0.4920E-04
  0.3185E+03  0.6740E-04  0.4740E-04
  0.3235E+03  0.5967E-04  0.4557E-04
  0.3284E+03  0.5190E-04  0.4368E-04
  0.3334E+03  0.4408E-04  0.4170E-04
  0.3384E+03  0.3628E-04  0.3958E-04
  0.3434E+03  0.2867E-04  0.3728E-04
  0.3483E+03  0.2151E-04  0.3477E-04
  0.3533E+03  0.1510E-04  0.3201E-04
  0.3583E+03  0.9693E-05  0.2900E-04
  0.3633E+03  0.5485E-05  0.2577E-04
  0.3682E+03  0.2545E-05  0.2234E-04
  0.3732E+03  0.7944E-06  0.1876E-04
  0.3782E+03  0.2109E-07  0.1508E-04
  0.3832E+03 -0.9347E-07  0.1133E-04
  0.3881E+03  0.8358E-07  0.7555E-05
  0.3931E+03  0.2032E-06  0.3771E-05
  0.3981E+03  0.0000E+00  0.0000E+00
          Reciprocal space: Rg =  119.90     , I(0) =   0.7873E+00
     Real space: Rg =  120.73 +- 7.697  I(0) =   0.7874E+00 +-  0.4927E+00
