
           ####    G N O M   ---   Version 4.5a revised 09/02/02     ####

                                                  Sun Nov  5 11:57:48 2017
           ===    Run No   1   ===
 Run title:  0.000132994 0 0


  Number of points omitted at the end:         434
   *******   Working Directory :
   *******    Input file(s) : 24648_01B_S045_0_01.sub
           Condition P(rmin) = 0 is used. 
           Condition P(rmax) = 0 is used. 

          Experimental conditions for the first run
          -----------------------------------------

          Highest ALPHA is found to be   0.5156E+02

  The measure of inconsistency AN1 equals to    0.7825E+00
     Alpha    Discrp  Oscill  Stabil  Sysdev  Positv  Valcen    Total   
  0.5156E+05 24.0743  1.4798  0.9697  0.1705  1.0000  0.7823  0.00001
  0.1031E+05 22.4315  1.4858  0.8953  0.1250  1.0000  0.7805  0.00001
  0.2062E+04 16.9433  1.5146  0.6401  0.1023  1.0000  0.7714  0.00001
  0.4125E+03  8.8224  1.6348  0.2399  0.0795  1.0000  0.7326  0.00001
  0.8250E+02  4.3837  1.9706  0.1401  0.1250  1.0000  0.6226  0.00001
  0.1650E+02  2.0572  2.4556  0.0878  0.3523  1.0000  0.4920  0.30432
  0.3300E+01  1.1018  2.8006  0.0365  0.6932  1.0000  0.4283  0.39643
  0.6600E+00  0.9582  2.9396  0.0165  0.8295  1.0000  0.4119  0.43238
  0.1320E+00  0.9464  2.9945  0.0244  0.8068  1.0000  0.4098  0.10000
  0.2640E-01  0.9395  3.2279  0.0766  0.8295  1.0000  0.4126  0.10000
  0.5280E-02  0.9299  4.3350  0.1041  0.8295  0.9977  0.3743  0.10000
  0.1056E-02  0.9245  6.2223  0.2381  0.8295  0.9848  0.3757  0.10000
  0.2112E-03  0.9185  9.9445  0.4540  0.8295  0.9275  0.3411  0.10000
  0.4224E-04  0.9137 11.1659  0.4297  0.8523  0.8542  0.3551  0.10000
  0.8448E-05  0.9093 11.8192  0.6304  0.8523  0.7875  0.3458  0.10000
  0.1690E-05  0.9015 12.9887  0.4694  0.8523  0.7421  0.3274  0.10000
  0.3379E-06  0.8973 13.4554  0.1598  0.8523  0.7296  0.3191  0.10000
  0.6758E-07  0.8968 14.0780  0.1120  0.8295  0.7282  0.3097  0.10000
  0.1352E-07  0.8967 16.3263  0.3233  0.8295  0.7301  0.2788  0.10000
  0.2703E-08  0.8964 20.9495  0.8076  0.8295  0.7278  0.2969  0.10000
  0.5407E-09  0.8955 21.9993  0.9699  0.8295  0.7005  0.3542  0.10000
  0.1081E-09  0.8911 22.6823  0.9201  0.8523  0.6926  0.3558  0.10000
  0.2163E-10  0.8727 24.6823  0.8435  0.8750  0.6930  0.3472  0.10000
  0.4325E-11  0.8120 27.6117  0.7271  0.8750  0.6935  0.3019  0.10000
  0.8650E-12  0.6838 30.8047  0.5620  0.8182  0.7015  0.2963  0.10000
  0.1730E-12  0.5029 36.1168  0.4660  0.8409  0.6972  0.2849  0.10000
  0.3460E-13  0.2908 41.6478  0.3417  0.8636  0.6877  0.2633  0.10000
  0.6920E-14  0.1247 45.7542  0.2091  0.8636  0.6736  0.2276  0.10000
  0.1384E-14  0.0378 48.0539  0.0938  0.9091  0.6763  0.2057  0.10000
  0.2768E-15  0.0086 48.7654  0.0243  0.9091  0.6804  0.2029  0.10000
  0.5536E-16  0.0018 48.9247  0.0052  0.8864  0.6816  0.2020  0.10000

          ***  Golden section search to maximize estimate ***
     Alpha    Discrp  Oscill  Stabil  Sysdev  Positv  Valcen    Total   
  0.1220E+01  0.9786  2.9038  0.0215  0.7614  1.0000  0.4152  0.40153
  0.4764E-02  0.9294  4.4313  0.1042  0.8295  0.9973  0.3743  0.10000
  0.8347E+00  0.9637  2.9278  0.0181  0.8068  1.0000  0.4129  0.42095
  0.1004E+00  0.9455  3.0073  0.0304  0.8068  1.0000  0.4098  0.10000
  0.7219E+00  0.9601  2.9353  0.0170  0.8295  1.0000  0.4122  0.43524
  0.7631E+00  0.9613  2.9325  0.0174  0.8295  1.0000  0.4125  0.43703
  0.7896E+00  0.9622  2.9308  0.0177  0.8295  1.0000  0.4126  0.43815
  0.8065E+00  0.9628  2.9296  0.0178  0.8295  1.0000  0.4127  0.43884
  0.8172E+00  0.9631  2.9289  0.0179  0.8068  1.0000  0.4128  0.42026
  0.8000E+00  0.9625  2.9301  0.0178  0.8295  1.0000  0.4127  0.43857
  0.8106E+00  0.9629  2.9294  0.0179  0.8295  1.0000  0.4127  0.43900
  0.8131E+00  0.9630  2.9292  0.0179  0.8295  1.0000  0.4128  0.43910
  0.8146E+00  0.9630  2.9291  0.0179  0.8068  1.0000  0.4128  0.42016
  0.8121E+00  0.9629  2.9293  0.0179  0.8295  1.0000  0.4127  0.43906
  0.8137E+00  0.9630  2.9292  0.0179  0.8295  1.0000  0.4128  0.43912
  0.8141E+00  0.9630  2.9291  0.0179  0.8295  1.0000  0.4128  0.43914
  0.8143E+00  0.9630  2.9291  0.0179  0.8295  1.0000  0.4128  0.43915
  0.8144E+00  0.9630  2.9291  0.0179  0.8068  1.0000  0.4128  0.42015
  0.8143E+00  0.9630  2.9291  0.0179  0.8295  1.0000  0.4128  0.43915



             ####            Final results            ####

 Parameter    DISCRP    OSCILL    STABIL    SYSDEV    POSITV    VALCEN
 Weight        1.000     3.000     3.000     4.000     1.000     1.000
 Sigma         0.500     0.600     0.120     0.200     0.120     0.120
 Ideal         1.000     1.100     0.000     1.000     1.000     0.950
 Current       0.963     2.929     0.018     0.830     1.000     0.413
                - - - - - - - - - - - - - - - - - - - - - - - - - 
 Estimate      0.995     0.000     0.978     0.484     1.000     0.000

  Angular   range    :     from    0.0085   to    0.1428
  Real space range   :     from      0.00   to    210.70

  Highest ALPHA (theor) :   0.516E+05                 JOB = 0
  Current ALPHA         :   0.814E+00   Rg :  0.537E+02   I(0) :   0.205E+03

           Total  estimate : 0.439  which is  A SUSPICIOUS  solution

      S          J EXP       ERROR       J REG       I REG

  0.0000E+00                                      0.2051E+03
  0.7751E-03                                      0.2049E+03
  0.1550E-02                                      0.2046E+03
  0.2325E-02                                      0.2040E+03
  0.3100E-02                                      0.2031E+03
  0.3875E-02                                      0.2020E+03
  0.4651E-02                                      0.2007E+03
  0.5426E-02                                      0.1992E+03
  0.6201E-02                                      0.1975E+03
  0.6976E-02                                      0.1956E+03
  0.7751E-02                                      0.1935E+03
  0.8526E-02  0.3427E+03  0.7244E+02  0.1912E+03  0.1912E+03
  0.9289E-02  0.2499E+03  0.5504E+02  0.1888E+03  0.1888E+03
  0.1005E-01  0.2346E+03  0.3342E+02  0.1862E+03  0.1862E+03
  0.1082E-01  0.2206E+03  0.2389E+02  0.1836E+03  0.1836E+03
  0.1158E-01  0.2032E+03  0.1888E+02  0.1808E+03  0.1808E+03
  0.1234E-01  0.1940E+03  0.1412E+02  0.1780E+03  0.1780E+03
  0.1310E-01  0.1874E+03  0.1183E+02  0.1750E+03  0.1750E+03
  0.1387E-01  0.1745E+03  0.8070E+01  0.1720E+03  0.1720E+03
  0.1463E-01  0.1697E+03  0.7088E+01  0.1689E+03  0.1689E+03
  0.1539E-01  0.1655E+03  0.6115E+01  0.1659E+03  0.1659E+03
  0.1616E-01  0.1613E+03  0.5696E+01  0.1627E+03  0.1627E+03
  0.1692E-01  0.1572E+03  0.5075E+01  0.1596E+03  0.1596E+03
  0.1768E-01  0.1475E+03  0.4655E+01  0.1565E+03  0.1565E+03
  0.1845E-01  0.1513E+03  0.4534E+01  0.1534E+03  0.1534E+03
  0.1921E-01  0.1449E+03  0.4241E+01  0.1503E+03  0.1503E+03
  0.1997E-01  0.1457E+03  0.4284E+01  0.1473E+03  0.1473E+03
  0.2073E-01  0.1407E+03  0.3930E+01  0.1443E+03  0.1443E+03
  0.2150E-01  0.1366E+03  0.3747E+01  0.1413E+03  0.1413E+03
  0.2226E-01  0.1447E+03  0.3650E+01  0.1385E+03  0.1385E+03
  0.2302E-01  0.1425E+03  0.3408E+01  0.1356E+03  0.1356E+03
  0.2379E-01  0.1419E+03  0.3542E+01  0.1329E+03  0.1329E+03
  0.2455E-01  0.1262E+03  0.3271E+01  0.1302E+03  0.1302E+03
  0.2531E-01  0.1241E+03  0.3192E+01  0.1276E+03  0.1276E+03
  0.2608E-01  0.1227E+03  0.3126E+01  0.1251E+03  0.1251E+03
  0.2684E-01  0.1246E+03  0.3056E+01  0.1227E+03  0.1227E+03
  0.2760E-01  0.1269E+03  0.2994E+01  0.1203E+03  0.1203E+03
  0.2836E-01  0.1166E+03  0.2893E+01  0.1180E+03  0.1180E+03
  0.2913E-01  0.1163E+03  0.2913E+01  0.1158E+03  0.1158E+03
  0.2989E-01  0.1142E+03  0.2751E+01  0.1137E+03  0.1137E+03
  0.3065E-01  0.1065E+03  0.2742E+01  0.1116E+03  0.1116E+03
  0.3142E-01  0.1091E+03  0.2641E+01  0.1096E+03  0.1096E+03
  0.3218E-01  0.1092E+03  0.2559E+01  0.1077E+03  0.1077E+03
  0.3294E-01  0.1029E+03  0.2596E+01  0.1058E+03  0.1058E+03
  0.3371E-01  0.1026E+03  0.2510E+01  0.1040E+03  0.1040E+03
  0.3447E-01  0.1059E+03  0.2439E+01  0.1022E+03  0.1022E+03
  0.3523E-01  0.1026E+03  0.2499E+01  0.1005E+03  0.1005E+03
  0.3599E-01  0.9777E+02  0.2390E+01  0.9884E+02  0.9884E+02
  0.3676E-01  0.9203E+02  0.2474E+01  0.9720E+02  0.9720E+02
  0.3752E-01  0.9560E+02  0.2357E+01  0.9559E+02  0.9559E+02
  0.3828E-01  0.9409E+02  0.2358E+01  0.9400E+02  0.9400E+02
  0.3905E-01  0.9257E+02  0.2345E+01  0.9244E+02  0.9244E+02
  0.3981E-01  0.8967E+02  0.2288E+01  0.9090E+02  0.9090E+02
  0.4057E-01  0.9439E+02  0.2279E+01  0.8938E+02  0.8938E+02
  0.4134E-01  0.8748E+02  0.2143E+01  0.8787E+02  0.8787E+02
  0.4210E-01  0.8846E+02  0.2190E+01  0.8637E+02  0.8637E+02
  0.4286E-01  0.8841E+02  0.2123E+01  0.8488E+02  0.8488E+02
  0.4362E-01  0.8440E+02  0.2126E+01  0.8340E+02  0.8340E+02
  0.4439E-01  0.7661E+02  0.2082E+01  0.8192E+02  0.8192E+02
  0.4515E-01  0.8197E+02  0.2069E+01  0.8045E+02  0.8045E+02
  0.4591E-01  0.8218E+02  0.2394E+01  0.7898E+02  0.7898E+02
  0.4668E-01  0.8224E+02  0.2077E+01  0.7752E+02  0.7752E+02
  0.4744E-01  0.7841E+02  0.2045E+01  0.7606E+02  0.7606E+02
  0.4820E-01  0.7137E+02  0.2054E+01  0.7461E+02  0.7461E+02
  0.4897E-01  0.7348E+02  0.1948E+01  0.7316E+02  0.7316E+02
  0.4973E-01  0.7191E+02  0.1984E+01  0.7171E+02  0.7171E+02
  0.5049E-01  0.6919E+02  0.1897E+01  0.7028E+02  0.7028E+02
  0.5125E-01  0.6611E+02  0.1918E+01  0.6884E+02  0.6884E+02
  0.5202E-01  0.6821E+02  0.1894E+01  0.6742E+02  0.6742E+02
  0.5278E-01  0.6446E+02  0.1867E+01  0.6601E+02  0.6601E+02
  0.5354E-01  0.6432E+02  0.1928E+01  0.6461E+02  0.6461E+02
  0.5431E-01  0.5697E+02  0.1879E+01  0.6322E+02  0.6322E+02
  0.5507E-01  0.6224E+02  0.1875E+01  0.6184E+02  0.6184E+02
  0.5583E-01  0.6109E+02  0.1825E+01  0.6048E+02  0.6048E+02
  0.5660E-01  0.5912E+02  0.1810E+01  0.5914E+02  0.5914E+02
  0.5736E-01  0.5895E+02  0.1783E+01  0.5781E+02  0.5781E+02
  0.5812E-01  0.5901E+02  0.1745E+01  0.5650E+02  0.5650E+02
  0.5888E-01  0.5614E+02  0.1786E+01  0.5520E+02  0.5520E+02
  0.5965E-01  0.5177E+02  0.1700E+01  0.5393E+02  0.5393E+02
  0.6041E-01  0.5470E+02  0.1735E+01  0.5267E+02  0.5267E+02
  0.6117E-01  0.5251E+02  0.1736E+01  0.5144E+02  0.5144E+02
  0.6194E-01  0.5128E+02  0.1711E+01  0.5022E+02  0.5022E+02
  0.6270E-01  0.5026E+02  0.1714E+01  0.4903E+02  0.4903E+02
  0.6346E-01  0.4747E+02  0.1690E+01  0.4785E+02  0.4785E+02
  0.6423E-01  0.4619E+02  0.1707E+01  0.4669E+02  0.4669E+02
  0.6499E-01  0.4858E+02  0.1725E+01  0.4556E+02  0.4556E+02
  0.6575E-01  0.4229E+02  0.1681E+01  0.4444E+02  0.4444E+02
  0.6651E-01  0.4371E+02  0.1696E+01  0.4335E+02  0.4335E+02
  0.6728E-01  0.4634E+02  0.1611E+01  0.4227E+02  0.4227E+02
  0.6804E-01  0.4404E+02  0.1607E+01  0.4121E+02  0.4121E+02
  0.6880E-01  0.3804E+02  0.1563E+01  0.4016E+02  0.4016E+02
  0.6957E-01  0.3668E+02  0.1582E+01  0.3914E+02  0.3914E+02
  0.7033E-01  0.3942E+02  0.1562E+01  0.3813E+02  0.3813E+02
  0.7109E-01  0.4187E+02  0.1554E+01  0.3714E+02  0.3714E+02
  0.7186E-01  0.3515E+02  0.1579E+01  0.3616E+02  0.3616E+02
  0.7262E-01  0.3417E+02  0.1541E+01  0.3521E+02  0.3521E+02
  0.7338E-01  0.3313E+02  0.1541E+01  0.3426E+02  0.3426E+02
  0.7414E-01  0.3417E+02  0.1552E+01  0.3333E+02  0.3333E+02
  0.7491E-01  0.3550E+02  0.1536E+01  0.3242E+02  0.3242E+02
  0.7567E-01  0.2929E+02  0.1556E+01  0.3152E+02  0.3152E+02
  0.7643E-01  0.3001E+02  0.1538E+01  0.3064E+02  0.3064E+02
  0.7720E-01  0.2871E+02  0.1513E+01  0.2977E+02  0.2977E+02
  0.7796E-01  0.2840E+02  0.1474E+01  0.2891E+02  0.2891E+02
  0.7872E-01  0.2962E+02  0.1475E+01  0.2808E+02  0.2808E+02
  0.7949E-01  0.2777E+02  0.1479E+01  0.2725E+02  0.2725E+02
  0.8025E-01  0.2700E+02  0.1454E+01  0.2645E+02  0.2645E+02
  0.8101E-01  0.2279E+02  0.1489E+01  0.2565E+02  0.2565E+02
  0.8177E-01  0.2353E+02  0.1438E+01  0.2488E+02  0.2488E+02
  0.8254E-01  0.2179E+02  0.1472E+01  0.2412E+02  0.2412E+02
  0.8330E-01  0.2387E+02  0.1433E+01  0.2338E+02  0.2338E+02
  0.8406E-01  0.2382E+02  0.1413E+01  0.2265E+02  0.2265E+02
  0.8483E-01  0.2121E+02  0.1416E+01  0.2194E+02  0.2194E+02
  0.8559E-01  0.2061E+02  0.1377E+01  0.2124E+02  0.2124E+02
  0.8635E-01  0.2150E+02  0.1408E+01  0.2057E+02  0.2057E+02
  0.8712E-01  0.2162E+02  0.1399E+01  0.1991E+02  0.1991E+02
  0.8788E-01  0.2141E+02  0.1397E+01  0.1926E+02  0.1926E+02
  0.8864E-01  0.1941E+02  0.1367E+01  0.1864E+02  0.1864E+02
  0.8940E-01  0.1715E+02  0.1325E+01  0.1802E+02  0.1802E+02
  0.9017E-01  0.1659E+02  0.1339E+01  0.1743E+02  0.1743E+02
  0.9093E-01  0.1690E+02  0.1324E+01  0.1685E+02  0.1685E+02
  0.9169E-01  0.1646E+02  0.1344E+01  0.1629E+02  0.1629E+02
  0.9246E-01  0.1605E+02  0.1344E+01  0.1574E+02  0.1574E+02
  0.9322E-01  0.1795E+02  0.1326E+01  0.1521E+02  0.1521E+02
  0.9398E-01  0.1560E+02  0.1365E+01  0.1469E+02  0.1469E+02
  0.9475E-01  0.1286E+02  0.1347E+01  0.1418E+02  0.1418E+02
  0.9551E-01  0.1195E+02  0.1345E+01  0.1368E+02  0.1368E+02
  0.9627E-01  0.1093E+02  0.1328E+01  0.1320E+02  0.1320E+02
  0.9703E-01  0.1608E+02  0.1293E+01  0.1273E+02  0.1273E+02
  0.9780E-01  0.1435E+02  0.1307E+01  0.1227E+02  0.1227E+02
  0.9856E-01  0.1252E+02  0.1260E+01  0.1182E+02  0.1182E+02
  0.9932E-01  0.1075E+02  0.1251E+01  0.1138E+02  0.1138E+02
  0.1001E+00  0.1117E+02  0.1238E+01  0.1095E+02  0.1095E+02
  0.1008E+00  0.1262E+02  0.1256E+01  0.1053E+02  0.1053E+02
  0.1016E+00  0.9929E+01  0.1242E+01  0.1012E+02  0.1012E+02
  0.1024E+00  0.8843E+01  0.1240E+01  0.9714E+01  0.9714E+01
  0.1031E+00  0.1077E+02  0.1282E+01  0.9316E+01  0.9316E+01
  0.1039E+00  0.8763E+01  0.1244E+01  0.8925E+01  0.8925E+01
  0.1047E+00  0.6813E+01  0.1246E+01  0.8541E+01  0.8541E+01
  0.1054E+00  0.8286E+01  0.1252E+01  0.8164E+01  0.8164E+01
  0.1062E+00  0.6905E+01  0.1265E+01  0.7794E+01  0.7794E+01
  0.1070E+00  0.7657E+01  0.1277E+01  0.7430E+01  0.7430E+01
  0.1077E+00  0.7583E+01  0.1235E+01  0.7073E+01  0.7073E+01
  0.1085E+00  0.3812E+01  0.1261E+01  0.6723E+01  0.6723E+01
  0.1092E+00  0.6042E+01  0.1248E+01  0.6380E+01  0.6380E+01
  0.1100E+00  0.6206E+01  0.1204E+01  0.6045E+01  0.6045E+01
  0.1108E+00  0.5751E+01  0.1211E+01  0.5717E+01  0.5717E+01
  0.1115E+00  0.3575E+01  0.1177E+01  0.5398E+01  0.5398E+01
  0.1123E+00  0.4613E+01  0.1188E+01  0.5086E+01  0.5086E+01
  0.1131E+00  0.2236E+01  0.1186E+01  0.4784E+01  0.4784E+01
  0.1138E+00  0.1692E+01  0.1168E+01  0.4491E+01  0.4491E+01
  0.1146E+00  0.5149E+01  0.1168E+01  0.4207E+01  0.4207E+01
  0.1153E+00  0.5775E+01  0.1164E+01  0.3933E+01  0.3933E+01
  0.1161E+00  0.4903E+01  0.1178E+01  0.3669E+01  0.3669E+01
  0.1169E+00  0.5933E+01  0.1152E+01  0.3417E+01  0.3417E+01
  0.1176E+00  0.4293E+01  0.1190E+01  0.3175E+01  0.3175E+01
  0.1184E+00  0.4122E+01  0.1171E+01  0.2944E+01  0.2944E+01
  0.1192E+00  0.2403E+01  0.1169E+01  0.2725E+01  0.2725E+01
  0.1199E+00  0.3385E+01  0.1169E+01  0.2518E+01  0.2518E+01
  0.1207E+00  0.2976E+01  0.1159E+01  0.2322E+01  0.2322E+01
  0.1215E+00  0.3349E+01  0.1166E+01  0.2138E+01  0.2138E+01
  0.1222E+00  0.1637E+01  0.1142E+01  0.1966E+01  0.1966E+01
  0.1230E+00 -0.1184E+01  0.1155E+01  0.1806E+01  0.1806E+01
  0.1237E+00 -0.1145E+01  0.1142E+01  0.1657E+01  0.1657E+01
  0.1245E+00  0.1621E+01  0.1137E+01  0.1519E+01  0.1519E+01
  0.1253E+00 -0.2470E+00  0.1134E+01  0.1393E+01  0.1393E+01
  0.1260E+00 -0.6390E+00  0.1121E+01  0.1277E+01  0.1277E+01
  0.1268E+00  0.2009E+01  0.1135E+01  0.1172E+01  0.1172E+01
  0.1276E+00  0.4771E+01  0.1132E+01  0.1076E+01  0.1076E+01
  0.1283E+00 -0.4080E+00  0.1128E+01  0.9904E+00  0.9904E+00
  0.1291E+00  0.4730E+00  0.1146E+01  0.9133E+00  0.9133E+00
  0.1298E+00 -0.2009E+01  0.1126E+01  0.8447E+00  0.8447E+00
  0.1306E+00  0.7840E+00  0.1165E+01  0.7840E+00  0.7840E+00
  0.1314E+00 -0.1531E+01  0.1150E+01  0.7304E+00  0.7304E+00
  0.1321E+00 -0.1435E+01  0.1155E+01  0.6837E+00  0.6837E+00
  0.1329E+00 -0.1380E+00  0.1156E+01  0.6430E+00  0.6430E+00
  0.1337E+00 -0.9830E+00  0.1131E+01  0.6078E+00  0.6078E+00
  0.1344E+00 -0.7020E+00  0.1153E+01  0.5776E+00  0.5776E+00
  0.1352E+00  0.1165E+01  0.1147E+01  0.5518E+00  0.5518E+00
  0.1359E+00  0.1137E+01  0.1154E+01  0.5298E+00  0.5298E+00
  0.1367E+00 -0.4410E+00  0.1152E+01  0.5113E+00  0.5113E+00
  0.1375E+00 -0.1750E+00  0.1141E+01  0.4956E+00  0.4956E+00
  0.1382E+00  0.2485E+01  0.1167E+01  0.4825E+00  0.4825E+00
  0.1390E+00  0.2077E+01  0.1151E+01  0.4715E+00  0.4715E+00
  0.1398E+00  0.8550E+00  0.1173E+01  0.4621E+00  0.4621E+00
  0.1405E+00 -0.5030E+00  0.1171E+01  0.4542E+00  0.4542E+00
  0.1413E+00  0.3390E+00  0.1168E+01  0.4474E+00  0.4474E+00
  0.1421E+00  0.8750E+00  0.1189E+01  0.4414E+00  0.4414E+00
  0.1428E+00 -0.9969E+00  0.1172E+01  0.4361E+00  0.4361E+00

           Distance distribution  function of particle  


       R          P(R)      ERROR

  0.0000E+00  0.0000E+00  0.0000E+00
  0.2107E+01  0.4508E-02  0.6518E-03
  0.4214E+01  0.1472E-01  0.1039E-02
  0.6321E+01  0.3024E-01  0.1188E-02
  0.8428E+01  0.5045E-01  0.1140E-02
  0.1053E+02  0.7453E-01  0.9602E-03
  0.1264E+02  0.1015E+00  0.7588E-03
  0.1475E+02  0.1302E+00  0.7191E-03
  0.1686E+02  0.1595E+00  0.9265E-03
  0.1896E+02  0.1882E+00  0.1240E-02
  0.2107E+02  0.2152E+00  0.1536E-02
  0.2318E+02  0.2394E+00  0.1755E-02
  0.2528E+02  0.2599E+00  0.1871E-02
  0.2739E+02  0.2762E+00  0.1883E-02
  0.2950E+02  0.2875E+00  0.1813E-02
  0.3160E+02  0.2938E+00  0.1703E-02
  0.3371E+02  0.2949E+00  0.1620E-02
  0.3582E+02  0.2910E+00  0.1628E-02
  0.3793E+02  0.2825E+00  0.1751E-02
  0.4003E+02  0.2700E+00  0.1954E-02
  0.4214E+02  0.2541E+00  0.2177E-02
  0.4425E+02  0.2357E+00  0.2364E-02
  0.4635E+02  0.2155E+00  0.2480E-02
  0.4846E+02  0.1945E+00  0.2508E-02
  0.5057E+02  0.1735E+00  0.2454E-02
  0.5267E+02  0.1532E+00  0.2342E-02
  0.5478E+02  0.1343E+00  0.2220E-02
  0.5689E+02  0.1172E+00  0.2144E-02
  0.5900E+02  0.1024E+00  0.2166E-02
  0.6110E+02  0.9004E-01  0.2298E-02
  0.6321E+02  0.8023E-01  0.2509E-02
  0.6532E+02  0.7288E-01  0.2746E-02
  0.6742E+02  0.6780E-01  0.2962E-02
  0.6953E+02  0.6468E-01  0.3125E-02
  0.7164E+02  0.6316E-01  0.3223E-02
  0.7374E+02  0.6282E-01  0.3262E-02
  0.7585E+02  0.6325E-01  0.3262E-02
  0.7796E+02  0.6403E-01  0.3256E-02
  0.8007E+02  0.6480E-01  0.3276E-02
  0.8217E+02  0.6525E-01  0.3343E-02
  0.8428E+02  0.6513E-01  0.3456E-02
  0.8639E+02  0.6432E-01  0.3595E-02
  0.8849E+02  0.6273E-01  0.3729E-02
  0.9060E+02  0.6040E-01  0.3825E-02
  0.9271E+02  0.5741E-01  0.3861E-02
  0.9481E+02  0.5391E-01  0.3828E-02
  0.9692E+02  0.5011E-01  0.3735E-02
  0.9903E+02  0.4622E-01  0.3610E-02
  0.1011E+03  0.4248E-01  0.3493E-02
  0.1032E+03  0.3908E-01  0.3434E-02
  0.1053E+03  0.3622E-01  0.3466E-02
  0.1075E+03  0.3404E-01  0.3597E-02
  0.1096E+03  0.3263E-01  0.3802E-02
  0.1117E+03  0.3202E-01  0.4037E-02
  0.1138E+03  0.3220E-01  0.4255E-02
  0.1159E+03  0.3308E-01  0.4421E-02
  0.1180E+03  0.3454E-01  0.4515E-02
  0.1201E+03  0.3643E-01  0.4534E-02
  0.1222E+03  0.3857E-01  0.4492E-02
  0.1243E+03  0.4075E-01  0.4418E-02
  0.1264E+03  0.4281E-01  0.4347E-02
  0.1285E+03  0.4456E-01  0.4319E-02
  0.1306E+03  0.4586E-01  0.4358E-02
  0.1327E+03  0.4662E-01  0.4469E-02
  0.1348E+03  0.4675E-01  0.4635E-02
  0.1370E+03  0.4625E-01  0.4825E-02
  0.1391E+03  0.4514E-01  0.5005E-02
  0.1412E+03  0.4347E-01  0.5148E-02
  0.1433E+03  0.4135E-01  0.5239E-02
  0.1454E+03  0.3890E-01  0.5274E-02
  0.1475E+03  0.3624E-01  0.5262E-02
  0.1496E+03  0.3352E-01  0.5223E-02
  0.1517E+03  0.3086E-01  0.5179E-02
  0.1538E+03  0.2839E-01  0.5157E-02
  0.1559E+03  0.2620E-01  0.5176E-02
  0.1580E+03  0.2437E-01  0.5247E-02
  0.1601E+03  0.2291E-01  0.5371E-02
  0.1622E+03  0.2186E-01  0.5539E-02
  0.1643E+03  0.2118E-01  0.5738E-02
  0.1665E+03  0.2082E-01  0.5955E-02
  0.1686E+03  0.2073E-01  0.6179E-02
  0.1707E+03  0.2084E-01  0.6401E-02
  0.1728E+03  0.2104E-01  0.6616E-02
  0.1749E+03  0.2128E-01  0.6817E-02
  0.1770E+03  0.2147E-01  0.7000E-02
  0.1791E+03  0.2156E-01  0.7160E-02
  0.1812E+03  0.2149E-01  0.7292E-02
  0.1833E+03  0.2126E-01  0.7391E-02
  0.1854E+03  0.2083E-01  0.7452E-02
  0.1875E+03  0.2023E-01  0.7469E-02
  0.1896E+03  0.1944E-01  0.7436E-02
  0.1917E+03  0.1850E-01  0.7343E-02
  0.1938E+03  0.1741E-01  0.7176E-02
  0.1960E+03  0.1618E-01  0.6916E-02
  0.1981E+03  0.1479E-01  0.6537E-02
  0.2002E+03  0.1322E-01  0.6010E-02
  0.2023E+03  0.1141E-01  0.5299E-02
  0.2044E+03  0.9285E-02  0.4373E-02
  0.2065E+03  0.6754E-02  0.3197E-02
  0.2086E+03  0.3702E-02  0.1747E-02
  0.2107E+03  0.0000E+00  0.0000E+00
          Reciprocal space: Rg =   53.74     , I(0) =   0.2050E+03
     Real space: Rg =   54.67 +- 2.336  I(0) =   0.2051E+03 +-  0.5487E+01
