
           ####    G N O M   ---   Version 4.5a revised 09/02/02     ####

                                                  Sun Nov  5 11:54:59 2017
           ===    Run No   1   ===
 Run title:  0.0607829 70.4401 2.93345


  Number of points omitted at the end:           2
   *******   Working Directory :
   *******    Input file(s) : 24367_01B_S008_0_01.sub
           Condition P(rmin) = 0 is used. 
           Condition P(rmax) = 0 is used. 

 Warning: Dmax*Smin =  4.645   is greater than Pi !


          Experimental conditions for the first run
          -----------------------------------------

          Highest ALPHA is found to be   0.3503E+00

  The measure of inconsistency AN1 equals to    0.1192E+01

          Warning: using the chosen range in the real space 
             it is not possible to fit the data set within the
             given error band. 
     Alpha    Discrp  Oscill  Stabil  Sysdev  Positv  Valcen    Total   
  0.3503E+03  5.0310  1.4282  0.9106  0.5286  1.0000  0.8022  0.00001
  0.7007E+02  3.8977  1.4046  0.6991  0.6344  1.0000  0.8100  0.00001
  0.1401E+02  2.1276  1.3327  0.3830  0.6872  1.0000  0.8361  0.39662
  0.2803E+01  1.0492  1.2496  0.2079  0.7225  1.0000  0.8766  0.51853
  0.5605E+00  0.6848  1.1944  0.1230  0.7930  1.0000  0.8996  0.59116
  0.1121E+00  0.6119  1.1816  0.0609  0.8018  1.0000  0.9039  0.73166
  0.2242E-01  0.5843  1.3656  0.0592  0.8018  0.9997  0.8983  0.10000
  0.4484E-02  0.5649  1.9140  0.0640  0.8194  0.9953  0.8836  0.10000
  0.8969E-03  0.5595  2.4374  0.0532  0.8546  0.9879  0.8703  0.10000
  0.1794E-03  0.5574  3.2802  0.1282  0.8370  0.9831  0.8583  0.10000
  0.3587E-04  0.5546  6.0847  0.2838  0.8370  0.9797  0.8276  0.10000
  0.7175E-05  0.5503 10.8761  0.5697  0.8282  0.9394  0.5130  0.10000
  0.1435E-05  0.5415 14.0697  0.5432  0.8194  0.8123  0.3691  0.10000
  0.2870E-06  0.5351 14.7293  0.2188  0.8106  0.7606  0.3142  0.10000
  0.5740E-07  0.5341 14.9573  0.0563  0.8106  0.7493  0.3057  0.10000
  0.1148E-07  0.5340 15.4988  0.1627  0.8018  0.7474  0.3269  0.10000
  0.2296E-08  0.5339 17.5143  0.6502  0.8018  0.7342  0.4006  0.10000
  0.4592E-09  0.5336 18.2888  0.8131  0.8018  0.6958  0.3568  0.10000
  0.9184E-10  0.5330 19.4253  0.6171  0.8106  0.6827  0.3606  0.10000
  0.1837E-10  0.5316 24.0928  0.8474  0.8106  0.7017  0.4007  0.10000
  0.3674E-11  0.5259 26.3398  0.9316  0.8106  0.7183  0.3676  0.00000

          ***  Golden section search to maximize estimate ***
     Alpha    Discrp  Oscill  Stabil  Sysdev  Positv  Valcen    Total   
  0.2073E+00  0.6282  1.1755  0.0859  0.7930  1.0000  0.9038  0.63890
  0.8470E-02  0.5706  1.6737  0.0705  0.8106  0.9978  0.8901  0.10000
  0.1418E+00  0.6173  1.1770  0.0701  0.8018  1.0000  0.9041  0.69102
  0.4180E-01  0.5945  1.2517  0.0466  0.7841  1.0000  0.9016  0.54493
  0.1226E+00  0.6139  1.1795  0.0643  0.8018  1.0000  0.9040  0.71479
  0.7691E-01  0.6047  1.1969  0.0494  0.7841  1.0000  0.9034  0.68126
  0.1160E+00  0.6126  1.1808  0.0622  0.8018  1.0000  0.9040  0.72501
  0.9708E-01  0.6090  1.1862  0.0559  0.7930  1.0000  0.9038  0.74499
  0.8881E-01  0.6073  1.1897  0.0531  0.7841  1.0000  0.9037  0.71760
  0.1026E+00  0.6101  1.1843  0.0577  0.7930  1.0000  0.9039  0.74344
  0.9383E-01  0.6084  1.1875  0.0548  0.7930  1.0000  0.9037  0.73716
  0.9914E-01  0.6094  1.1854  0.0566  0.7930  1.0000  0.9038  0.74970
  0.1004E+00  0.6097  1.1850  0.0570  0.7930  1.0000  0.9038  0.74808
  0.9835E-01  0.6093  1.1857  0.0563  0.7930  1.0000  0.9038  0.74791
  0.9963E-01  0.6095  1.1853  0.0567  0.7930  1.0000  0.9038  0.74988
  0.9994E-01  0.6096  1.1852  0.0568  0.7930  1.0000  0.9038  0.74919
  0.9944E-01  0.6095  1.1853  0.0567  0.7930  1.0000  0.9038  0.75031
  0.9944E-01  0.6095  1.1853  0.0567  0.7930  1.0000  0.9038  0.75031



             ####            Final results            ####

 Parameter    DISCRP    OSCILL    STABIL    SYSDEV    POSITV    VALCEN
 Weight        1.000     3.000     3.000     4.000     1.000     1.000
 Sigma         0.500     0.600     0.120     0.200     0.120     0.120
 Ideal         1.000     1.100     0.000     1.000     1.000     0.950
 Current       0.609     1.185     0.057     0.793     1.000     0.904
                - - - - - - - - - - - - - - - - - - - - - - - - - 
 Estimate      0.543     0.980     0.800     0.342     1.000     0.862

  Angular   range    :     from    0.0617   to    0.4838
  Real space range   :     from      0.00   to     75.27

  Highest ALPHA (theor) :   0.350E+03                 JOB = 0
  Current ALPHA         :   0.994E-01   Rg :  0.256E+02   I(0) :   0.143E+03

           Total  estimate : 0.750  which is    A GOOD      solution

      S          J EXP       ERROR       J REG       I REG

  0.0000E+00                                      0.1432E+03
  0.2204E-02                                      0.1431E+03
  0.4408E-02                                      0.1426E+03
  0.6612E-02                                      0.1419E+03
  0.8816E-02                                      0.1408E+03
  0.1102E-01                                      0.1395E+03
  0.1322E-01                                      0.1378E+03
  0.1543E-01                                      0.1359E+03
  0.1763E-01                                      0.1338E+03
  0.1984E-01                                      0.1314E+03
  0.2204E-01                                      0.1288E+03
  0.2424E-01                                      0.1259E+03
  0.2645E-01                                      0.1229E+03
  0.2865E-01                                      0.1197E+03
  0.3086E-01                                      0.1163E+03
  0.3306E-01                                      0.1128E+03
  0.3526E-01                                      0.1092E+03
  0.3747E-01                                      0.1054E+03
  0.3967E-01                                      0.1016E+03
  0.4188E-01                                      0.9777E+02
  0.4408E-01                                      0.9388E+02
  0.4628E-01                                      0.8997E+02
  0.4849E-01                                      0.8605E+02
  0.5069E-01                                      0.8216E+02
  0.5290E-01                                      0.7831E+02
  0.5510E-01                                      0.7450E+02
  0.5730E-01                                      0.7077E+02
  0.5951E-01                                      0.6711E+02
  0.6171E-01  0.6684E+02  0.3085E+01  0.6355E+02  0.6355E+02
  0.6264E-01  0.6034E+02  0.3038E+01  0.6208E+02  0.6208E+02
  0.6357E-01  0.5861E+02  0.3026E+01  0.6063E+02  0.6063E+02
  0.6450E-01  0.6253E+02  0.2907E+01  0.5920E+02  0.5920E+02
  0.6543E-01  0.6256E+02  0.2893E+01  0.5779E+02  0.5779E+02
  0.6636E-01  0.5895E+02  0.2880E+01  0.5641E+02  0.5641E+02
  0.6729E-01  0.5368E+02  0.2730E+01  0.5504E+02  0.5504E+02
  0.6822E-01  0.4990E+02  0.2756E+01  0.5370E+02  0.5370E+02
  0.6915E-01  0.4862E+02  0.2658E+01  0.5238E+02  0.5238E+02
  0.7008E-01  0.4850E+02  0.2591E+01  0.5108E+02  0.5108E+02
  0.7101E-01  0.4944E+02  0.2617E+01  0.4981E+02  0.4981E+02
  0.7194E-01  0.5162E+02  0.2595E+01  0.4856E+02  0.4856E+02
  0.7287E-01  0.5007E+02  0.2626E+01  0.4733E+02  0.4733E+02
  0.7380E-01  0.5055E+02  0.2595E+01  0.4614E+02  0.4614E+02
  0.7473E-01  0.4307E+02  0.2634E+01  0.4496E+02  0.4496E+02
  0.7566E-01  0.4600E+02  0.2677E+01  0.4381E+02  0.4381E+02
  0.7659E-01  0.4775E+02  0.2632E+01  0.4269E+02  0.4269E+02
  0.7752E-01  0.4448E+02  0.2651E+01  0.4159E+02  0.4159E+02
  0.7845E-01  0.3297E+02  0.2578E+01  0.4052E+02  0.4052E+02
  0.7938E-01  0.3990E+02  0.2645E+01  0.3948E+02  0.3948E+02
  0.8031E-01  0.4406E+02  0.2547E+01  0.3846E+02  0.3846E+02
  0.8123E-01  0.3919E+02  0.2481E+01  0.3746E+02  0.3746E+02
  0.8216E-01  0.4246E+02  0.2497E+01  0.3649E+02  0.3649E+02
  0.8309E-01  0.3142E+02  0.2424E+01  0.3555E+02  0.3555E+02
  0.8402E-01  0.3106E+02  0.2386E+01  0.3463E+02  0.3463E+02
  0.8495E-01  0.3216E+02  0.2352E+01  0.3374E+02  0.3374E+02
  0.8588E-01  0.3306E+02  0.2360E+01  0.3287E+02  0.3287E+02
  0.8681E-01  0.3559E+02  0.2405E+01  0.3203E+02  0.3203E+02
  0.8774E-01  0.3525E+02  0.2346E+01  0.3121E+02  0.3121E+02
  0.8867E-01  0.3274E+02  0.2413E+01  0.3041E+02  0.3041E+02
  0.8960E-01  0.2545E+02  0.2363E+01  0.2964E+02  0.2964E+02
  0.9053E-01  0.2324E+02  0.2368E+01  0.2889E+02  0.2889E+02
  0.9146E-01  0.2710E+02  0.2380E+01  0.2816E+02  0.2816E+02
  0.9239E-01  0.2578E+02  0.2299E+01  0.2746E+02  0.2746E+02
  0.9332E-01  0.3020E+02  0.2370E+01  0.2678E+02  0.2678E+02
  0.9425E-01  0.2987E+02  0.2292E+01  0.2612E+02  0.2612E+02
  0.9518E-01  0.3079E+02  0.2332E+01  0.2548E+02  0.2548E+02
  0.9611E-01  0.2940E+02  0.2289E+01  0.2486E+02  0.2486E+02
  0.9704E-01  0.2506E+02  0.2244E+01  0.2427E+02  0.2427E+02
  0.9797E-01  0.2295E+02  0.2258E+01  0.2369E+02  0.2369E+02
  0.9890E-01  0.2478E+02  0.2221E+01  0.2313E+02  0.2313E+02
  0.9983E-01  0.2694E+02  0.2222E+01  0.2259E+02  0.2259E+02
  0.1008E+00  0.2167E+02  0.2215E+01  0.2207E+02  0.2207E+02
  0.1017E+00  0.1902E+02  0.2145E+01  0.2156E+02  0.2156E+02
  0.1026E+00  0.1636E+02  0.2149E+01  0.2107E+02  0.2107E+02
  0.1035E+00  0.1438E+02  0.2120E+01  0.2060E+02  0.2060E+02
  0.1045E+00  0.1513E+02  0.2132E+01  0.2015E+02  0.2015E+02
  0.1054E+00  0.1843E+02  0.2095E+01  0.1971E+02  0.1971E+02
  0.1063E+00  0.1843E+02  0.2106E+01  0.1929E+02  0.1929E+02
  0.1073E+00  0.1817E+02  0.2147E+01  0.1887E+02  0.1887E+02
  0.1082E+00  0.1797E+02  0.2096E+01  0.1848E+02  0.1848E+02
  0.1091E+00  0.1895E+02  0.2150E+01  0.1809E+02  0.1809E+02
  0.1101E+00  0.1650E+02  0.2113E+01  0.1772E+02  0.1772E+02
  0.1110E+00  0.1466E+02  0.2126E+01  0.1736E+02  0.1736E+02
  0.1119E+00  0.1828E+02  0.2082E+01  0.1702E+02  0.1702E+02
  0.1128E+00  0.1555E+02  0.2033E+01  0.1668E+02  0.1668E+02
  0.1138E+00  0.9610E+01  0.2017E+01  0.1636E+02  0.1636E+02
  0.1147E+00  0.1334E+02  0.2005E+01  0.1604E+02  0.1604E+02
  0.1156E+00  0.1445E+02  0.2047E+01  0.1573E+02  0.1573E+02
  0.1166E+00  0.1680E+02  0.2039E+01  0.1544E+02  0.1544E+02
  0.1175E+00  0.1128E+02  0.2070E+01  0.1515E+02  0.1515E+02
  0.1184E+00  0.1321E+02  0.2086E+01  0.1487E+02  0.1487E+02
  0.1193E+00  0.2023E+02  0.2086E+01  0.1460E+02  0.1460E+02
  0.1203E+00  0.1552E+02  0.2076E+01  0.1433E+02  0.1433E+02
  0.1212E+00  0.1309E+02  0.2053E+01  0.1407E+02  0.1407E+02
  0.1221E+00  0.1385E+02  0.2109E+01  0.1382E+02  0.1382E+02
  0.1231E+00  0.1631E+02  0.2045E+01  0.1357E+02  0.1357E+02
  0.1240E+00  0.1485E+02  0.2035E+01  0.1333E+02  0.1333E+02
  0.1249E+00  0.1600E+02  0.2009E+01  0.1310E+02  0.1310E+02
  0.1259E+00  0.1527E+02  0.2011E+01  0.1287E+02  0.1287E+02
  0.1268E+00  0.1719E+02  0.2048E+01  0.1264E+02  0.1264E+02
  0.1277E+00  0.1440E+02  0.2025E+01  0.1242E+02  0.1242E+02
  0.1286E+00  0.9770E+01  0.2020E+01  0.1221E+02  0.1221E+02
  0.1296E+00  0.7480E+01  0.2072E+01  0.1199E+02  0.1199E+02
  0.1305E+00  0.1175E+02  0.2047E+01  0.1178E+02  0.1178E+02
  0.1314E+00  0.1435E+02  0.2072E+01  0.1158E+02  0.1158E+02
  0.1324E+00  0.1432E+02  0.2020E+01  0.1137E+02  0.1137E+02
  0.1333E+00  0.1364E+02  0.2041E+01  0.1117E+02  0.1117E+02
  0.1342E+00  0.1445E+02  0.2051E+01  0.1097E+02  0.1097E+02
  0.1352E+00  0.1313E+02  0.2009E+01  0.1078E+02  0.1078E+02
  0.1361E+00  0.1025E+02  0.2034E+01  0.1059E+02  0.1059E+02
  0.1370E+00  0.1076E+02  0.1977E+01  0.1039E+02  0.1039E+02
  0.1379E+00  0.8730E+01  0.1988E+01  0.1021E+02  0.1021E+02
  0.1389E+00  0.8120E+01  0.1978E+01  0.1002E+02  0.1002E+02
  0.1398E+00  0.9050E+01  0.1977E+01  0.9833E+01  0.9833E+01
  0.1407E+00  0.8640E+01  0.1982E+01  0.9649E+01  0.9649E+01
  0.1417E+00  0.6020E+01  0.1947E+01  0.9467E+01  0.9467E+01
  0.1426E+00  0.1161E+02  0.1968E+01  0.9287E+01  0.9287E+01
  0.1435E+00  0.9430E+01  0.1910E+01  0.9108E+01  0.9108E+01
  0.1445E+00  0.6860E+01  0.1942E+01  0.8930E+01  0.8930E+01
  0.1454E+00  0.7100E+01  0.1917E+01  0.8754E+01  0.8754E+01
  0.1463E+00  0.1243E+02  0.1933E+01  0.8579E+01  0.8579E+01
  0.1472E+00  0.1004E+02  0.1957E+01  0.8406E+01  0.8406E+01
  0.1482E+00  0.7290E+01  0.1888E+01  0.8234E+01  0.8234E+01
  0.1491E+00  0.1259E+02  0.1949E+01  0.8064E+01  0.8064E+01
  0.1500E+00  0.1224E+02  0.1944E+01  0.7895E+01  0.7895E+01
  0.1510E+00  0.9870E+01  0.1905E+01  0.7727E+01  0.7727E+01
  0.1519E+00  0.8220E+01  0.1966E+01  0.7561E+01  0.7561E+01
  0.1528E+00  0.5510E+01  0.1971E+01  0.7397E+01  0.7397E+01
  0.1537E+00  0.3720E+01  0.1992E+01  0.7234E+01  0.7234E+01
  0.1547E+00  0.1350E+01  0.1907E+01  0.7073E+01  0.7073E+01
  0.1556E+00  0.8440E+01  0.1941E+01  0.6913E+01  0.6913E+01
  0.1565E+00  0.9720E+01  0.1915E+01  0.6755E+01  0.6755E+01
  0.1575E+00  0.9750E+01  0.1889E+01  0.6600E+01  0.6600E+01
  0.1584E+00  0.7970E+01  0.1917E+01  0.6445E+01  0.6445E+01
  0.1593E+00  0.1015E+02  0.1846E+01  0.6293E+01  0.6293E+01
  0.1603E+00  0.6740E+01  0.1879E+01  0.6143E+01  0.6143E+01
  0.1612E+00  0.3920E+01  0.1856E+01  0.5995E+01  0.5995E+01
  0.1621E+00  0.7120E+01  0.1859E+01  0.5850E+01  0.5850E+01
  0.1630E+00  0.6840E+01  0.1917E+01  0.5706E+01  0.5706E+01
  0.1640E+00  0.8300E+00  0.1868E+01  0.5565E+01  0.5565E+01
  0.1649E+00  0.6580E+01  0.1906E+01  0.5426E+01  0.5426E+01
  0.1658E+00  0.2590E+01  0.1911E+01  0.5290E+01  0.5290E+01
  0.1668E+00  0.6140E+01  0.1908E+01  0.5156E+01  0.5156E+01
  0.1677E+00  0.2750E+01  0.1931E+01  0.5025E+01  0.5025E+01
  0.1686E+00  0.3199E+00  0.1894E+01  0.4897E+01  0.4897E+01
  0.1696E+00  0.5450E+01  0.1928E+01  0.4771E+01  0.4771E+01
  0.1705E+00  0.5660E+01  0.1897E+01  0.4648E+01  0.4648E+01
  0.1714E+00  0.6210E+01  0.1875E+01  0.4528E+01  0.4528E+01
  0.1723E+00  0.4790E+01  0.1924E+01  0.4411E+01  0.4411E+01
  0.1733E+00  0.3190E+01  0.1862E+01  0.4296E+01  0.4296E+01
  0.1742E+00  0.1860E+01  0.1880E+01  0.4185E+01  0.4185E+01
  0.1751E+00  0.5190E+01  0.1874E+01  0.4077E+01  0.4077E+01
  0.1761E+00  0.1610E+01  0.1876E+01  0.3972E+01  0.3972E+01
  0.1770E+00  0.3410E+01  0.1890E+01  0.3870E+01  0.3870E+01
  0.1779E+00  0.2790E+01  0.1863E+01  0.3771E+01  0.3771E+01
  0.1788E+00  0.4400E+01  0.1868E+01  0.3675E+01  0.3675E+01
  0.1798E+00  0.4170E+01  0.1828E+01  0.3582E+01  0.3582E+01
  0.1807E+00  0.2510E+01  0.1879E+01  0.3493E+01  0.3493E+01
  0.1816E+00  0.4280E+01  0.1883E+01  0.3406E+01  0.3406E+01
  0.1826E+00  0.4160E+01  0.1873E+01  0.3323E+01  0.3323E+01
  0.1835E+00 -0.2999E+00  0.1865E+01  0.3243E+01  0.3243E+01
  0.1844E+00  0.9199E+00  0.1894E+01  0.3166E+01  0.3166E+01
  0.1854E+00  0.7501E+00  0.1901E+01  0.3092E+01  0.3092E+01
  0.1863E+00  0.1290E+01  0.1902E+01  0.3022E+01  0.3022E+01
  0.1872E+00  0.1970E+01  0.1906E+01  0.2954E+01  0.2954E+01
  0.1881E+00  0.1490E+01  0.1904E+01  0.2889E+01  0.2889E+01
  0.1891E+00  0.2540E+01  0.1872E+01  0.2828E+01  0.2828E+01
  0.1900E+00  0.3500E+01  0.1891E+01  0.2769E+01  0.2769E+01
  0.1909E+00 -0.4701E+00  0.1871E+01  0.2713E+01  0.2713E+01
  0.1919E+00  0.8300E+00  0.1857E+01  0.2660E+01  0.2660E+01
  0.1928E+00  0.3890E+01  0.1863E+01  0.2610E+01  0.2610E+01
  0.1937E+00  0.1040E+01  0.1878E+01  0.2562E+01  0.2562E+01
  0.1947E+00  0.6300E+00  0.1885E+01  0.2517E+01  0.2517E+01
  0.1956E+00  0.4970E+01  0.1849E+01  0.2475E+01  0.2475E+01
  0.1965E+00 -0.1400E+00  0.1873E+01  0.2435E+01  0.2435E+01
  0.1974E+00  0.3870E+01  0.1831E+01  0.2397E+01  0.2397E+01
  0.1984E+00  0.4420E+01  0.1852E+01  0.2362E+01  0.2362E+01
  0.1993E+00  0.5930E+01  0.1868E+01  0.2329E+01  0.2329E+01
  0.2002E+00  0.1060E+01  0.1860E+01  0.2299E+01  0.2299E+01
  0.2012E+00 -0.8300E+00  0.1883E+01  0.2270E+01  0.2270E+01
  0.2021E+00  0.2620E+01  0.1848E+01  0.2243E+01  0.2243E+01
  0.2030E+00  0.6650E+01  0.1877E+01  0.2219E+01  0.2219E+01
  0.2039E+00  0.1470E+01  0.1863E+01  0.2196E+01  0.2196E+01
  0.2049E+00  0.2970E+01  0.1873E+01  0.2175E+01  0.2175E+01
  0.2058E+00  0.1560E+01  0.1871E+01  0.2155E+01  0.2155E+01
  0.2067E+00  0.8500E+00  0.1807E+01  0.2137E+01  0.2137E+01
  0.2077E+00 -0.3600E+00  0.1826E+01  0.2120E+01  0.2120E+01
  0.2086E+00  0.8200E+00  0.1837E+01  0.2105E+01  0.2105E+01
  0.2095E+00 -0.3500E+00  0.1865E+01  0.2091E+01  0.2091E+01
  0.2105E+00 -0.5500E+00  0.1834E+01  0.2078E+01  0.2078E+01
  0.2114E+00 -0.1600E+00  0.1821E+01  0.2066E+01  0.2066E+01
  0.2123E+00  0.8500E+00  0.1881E+01  0.2055E+01  0.2055E+01
  0.2132E+00  0.4280E+01  0.1889E+01  0.2045E+01  0.2045E+01
  0.2142E+00  0.6490E+01  0.1918E+01  0.2036E+01  0.2036E+01
  0.2151E+00  0.5040E+01  0.1939E+01  0.2028E+01  0.2028E+01
  0.2160E+00  0.5180E+01  0.1945E+01  0.2020E+01  0.2020E+01
  0.2170E+00  0.1560E+01  0.1947E+01  0.2013E+01  0.2013E+01
  0.2179E+00 -0.4220E+01  0.1917E+01  0.2006E+01  0.2006E+01
  0.2188E+00  0.9901E+00  0.1933E+01  0.1999E+01  0.1999E+01
  0.2198E+00  0.1320E+01  0.1924E+01  0.1993E+01  0.1993E+01
  0.2207E+00  0.4050E+01  0.1954E+01  0.1987E+01  0.1987E+01
  0.2216E+00  0.5680E+01  0.1985E+01  0.1981E+01  0.1981E+01
  0.2225E+00  0.2750E+01  0.1956E+01  0.1975E+01  0.1975E+01
  0.2235E+00  0.4700E+00  0.1997E+01  0.1970E+01  0.1970E+01
  0.2244E+00  0.3130E+01  0.2022E+01  0.1964E+01  0.1964E+01
  0.2253E+00 -0.2799E+00  0.2054E+01  0.1958E+01  0.1958E+01
  0.2263E+00  0.2340E+01  0.2031E+01  0.1953E+01  0.1953E+01
  0.2272E+00  0.2450E+01  0.1980E+01  0.1947E+01  0.1947E+01
  0.2281E+00  0.5280E+01  0.2015E+01  0.1940E+01  0.1940E+01
  0.2290E+00  0.4980E+01  0.2019E+01  0.1934E+01  0.1934E+01
  0.2300E+00  0.2710E+01  0.2055E+01  0.1927E+01  0.1927E+01
  0.2309E+00  0.4010E+01  0.2001E+01  0.1920E+01  0.1920E+01
  0.2318E+00  0.3330E+01  0.1996E+01  0.1913E+01  0.1913E+01
  0.2328E+00  0.2700E+01  0.2039E+01  0.1905E+01  0.1905E+01
  0.2337E+00  0.1390E+01  0.2018E+01  0.1896E+01  0.1896E+01
  0.2346E+00  0.4030E+01  0.1999E+01  0.1888E+01  0.1888E+01
  0.2356E+00  0.6500E+00  0.2037E+01  0.1879E+01  0.1879E+01
  0.2365E+00 -0.3520E+01  0.2039E+01  0.1869E+01  0.1869E+01
  0.2374E+00  0.4920E+01  0.2085E+01  0.1859E+01  0.1859E+01
  0.2383E+00  0.2820E+01  0.2090E+01  0.1849E+01  0.1849E+01
  0.2393E+00 -0.1210E+01  0.2080E+01  0.1838E+01  0.1838E+01
  0.2402E+00 -0.1010E+01  0.2103E+01  0.1826E+01  0.1826E+01
  0.2411E+00  0.3180E+01  0.2099E+01  0.1815E+01  0.1815E+01
  0.2421E+00  0.4170E+01  0.2134E+01  0.1802E+01  0.1802E+01
  0.2430E+00 -0.5260E+01  0.2091E+01  0.1790E+01  0.1790E+01
  0.2439E+00  0.8101E+00  0.2122E+01  0.1777E+01  0.1777E+01
  0.2449E+00  0.3850E+01  0.2137E+01  0.1763E+01  0.1763E+01
  0.2458E+00  0.1930E+01  0.2159E+01  0.1750E+01  0.1750E+01
  0.2467E+00  0.3500E+01  0.2110E+01  0.1735E+01  0.1735E+01
  0.2476E+00 -0.8301E+00  0.2161E+01  0.1721E+01  0.1721E+01
  0.2486E+00  0.2180E+01  0.2155E+01  0.1706E+01  0.1706E+01
  0.2495E+00  0.3790E+01  0.2182E+01  0.1691E+01  0.1691E+01
  0.2504E+00  0.1560E+01  0.2189E+01  0.1676E+01  0.1676E+01
  0.2514E+00  0.7050E+01  0.2174E+01  0.1660E+01  0.1660E+01
  0.2523E+00  0.5340E+01  0.2260E+01  0.1645E+01  0.1645E+01
  0.2532E+00 -0.9500E+00  0.2233E+01  0.1629E+01  0.1629E+01
  0.2541E+00  0.1390E+01  0.2192E+01  0.1613E+01  0.1613E+01
  0.2551E+00  0.1520E+01  0.2288E+01  0.1597E+01  0.1597E+01
  0.2560E+00  0.3240E+01  0.2298E+01  0.1581E+01  0.1581E+01
  0.2569E+00  0.1560E+01  0.2392E+01  0.1565E+01  0.1565E+01
  0.2579E+00  0.4380E+01  0.2335E+01  0.1549E+01  0.1549E+01
  0.2588E+00 -0.1520E+01  0.2323E+01  0.1532E+01  0.1532E+01
  0.2597E+00  0.2760E+01  0.2387E+01  0.1517E+01  0.1517E+01
  0.2607E+00  0.5650E+01  0.2295E+01  0.1501E+01  0.1501E+01
  0.2616E+00  0.4350E+01  0.2429E+01  0.1485E+01  0.1485E+01
  0.2625E+00  0.9301E+00  0.2358E+01  0.1470E+01  0.1470E+01
  0.2634E+00 -0.5030E+01  0.2349E+01  0.1454E+01  0.1454E+01
  0.2644E+00 -0.2240E+01  0.2376E+01  0.1439E+01  0.1439E+01
  0.2653E+00 -0.1650E+01  0.2340E+01  0.1425E+01  0.1425E+01
  0.2662E+00 -0.1750E+01  0.2384E+01  0.1410E+01  0.1410E+01
  0.2672E+00  0.2650E+01  0.2330E+01  0.1396E+01  0.1396E+01
  0.2681E+00  0.3170E+01  0.2376E+01  0.1382E+01  0.1382E+01
  0.2690E+00 -0.1050E+01  0.2406E+01  0.1369E+01  0.1369E+01
  0.2700E+00 -0.1950E+01  0.2324E+01  0.1356E+01  0.1356E+01
  0.2709E+00 -0.4000E+00  0.2346E+01  0.1344E+01  0.1344E+01
  0.2718E+00 -0.2991E-01  0.2309E+01  0.1332E+01  0.1332E+01
  0.2727E+00 -0.9301E+00  0.2397E+01  0.1320E+01  0.1320E+01
  0.2737E+00  0.3600E+00  0.2424E+01  0.1309E+01  0.1309E+01
  0.2746E+00  0.4060E+01  0.2393E+01  0.1299E+01  0.1299E+01
  0.2755E+00 -0.3700E+01  0.2520E+01  0.1289E+01  0.1289E+01
  0.2765E+00 -0.4840E+01  0.2409E+01  0.1280E+01  0.1280E+01
  0.2774E+00 -0.2250E+01  0.2497E+01  0.1271E+01  0.1271E+01
  0.2783E+00 -0.2700E+00  0.2517E+01  0.1263E+01  0.1263E+01
  0.2792E+00  0.2280E+01  0.2503E+01  0.1255E+01  0.1255E+01
  0.2802E+00 -0.5599E+00  0.2501E+01  0.1248E+01  0.1248E+01
  0.2811E+00  0.5480E+01  0.2466E+01  0.1241E+01  0.1241E+01
  0.2820E+00  0.7040E+01  0.2529E+01  0.1235E+01  0.1235E+01
  0.2830E+00  0.4020E+01  0.2460E+01  0.1230E+01  0.1230E+01
  0.2839E+00 -0.1499E+00  0.2465E+01  0.1225E+01  0.1225E+01
  0.2848E+00  0.3880E+01  0.2471E+01  0.1221E+01  0.1221E+01
  0.2858E+00  0.3380E+01  0.2435E+01  0.1217E+01  0.1217E+01
  0.2867E+00  0.5399E+00  0.2463E+01  0.1214E+01  0.1214E+01
  0.2876E+00 -0.1290E+01  0.2441E+01  0.1212E+01  0.1212E+01
  0.2885E+00 -0.9399E+00  0.2448E+01  0.1210E+01  0.1210E+01
  0.2895E+00  0.2910E+01  0.2390E+01  0.1208E+01  0.1208E+01
  0.2904E+00  0.1240E+01  0.2425E+01  0.1207E+01  0.1207E+01
  0.2913E+00 -0.7070E+01  0.2445E+01  0.1207E+01  0.1207E+01
  0.2923E+00 -0.1150E+01  0.2369E+01  0.1207E+01  0.1207E+01
  0.2932E+00 -0.2190E+01  0.2433E+01  0.1207E+01  0.1207E+01
  0.2941E+00  0.1740E+01  0.2408E+01  0.1208E+01  0.1208E+01
  0.2951E+00 -0.1520E+01  0.2444E+01  0.1209E+01  0.1209E+01
  0.2960E+00  0.6000E+00  0.2451E+01  0.1211E+01  0.1211E+01
  0.2969E+00  0.1760E+01  0.2454E+01  0.1213E+01  0.1213E+01
  0.2978E+00  0.1540E+01  0.2467E+01  0.1215E+01  0.1215E+01
  0.2988E+00  0.2780E+01  0.2413E+01  0.1218E+01  0.1218E+01
  0.2997E+00  0.8600E+00  0.2472E+01  0.1221E+01  0.1221E+01
  0.3006E+00 -0.3210E+01  0.2509E+01  0.1224E+01  0.1224E+01
  0.3016E+00  0.1899E+00  0.2491E+01  0.1227E+01  0.1227E+01
  0.3025E+00 -0.7800E+00  0.2532E+01  0.1231E+01  0.1231E+01
  0.3034E+00  0.1000E-09  0.2540E+01  0.1235E+01  0.1235E+01
  0.3043E+00 -0.3840E+01  0.2552E+01  0.1239E+01  0.1239E+01
  0.3053E+00  0.6230E+01  0.2536E+01  0.1243E+01  0.1243E+01
  0.3062E+00 -0.1630E+01  0.2514E+01  0.1247E+01  0.1247E+01
  0.3071E+00  0.1780E+01  0.2508E+01  0.1251E+01  0.1251E+01
  0.3081E+00  0.4180E+01  0.2497E+01  0.1256E+01  0.1256E+01
  0.3090E+00  0.4030E+01  0.2515E+01  0.1260E+01  0.1260E+01
  0.3099E+00  0.1042E+02  0.2515E+01  0.1264E+01  0.1264E+01
  0.3109E+00  0.4200E+00  0.2500E+01  0.1269E+01  0.1269E+01
  0.3118E+00 -0.2570E+01  0.2463E+01  0.1273E+01  0.1273E+01
  0.3127E+00  0.1650E+01  0.2511E+01  0.1277E+01  0.1277E+01
  0.3136E+00  0.2310E+01  0.2522E+01  0.1281E+01  0.1281E+01
  0.3146E+00 -0.2620E+01  0.2494E+01  0.1285E+01  0.1285E+01
  0.3155E+00  0.2360E+01  0.2533E+01  0.1289E+01  0.1289E+01
  0.3164E+00  0.1160E+01  0.2458E+01  0.1292E+01  0.1292E+01
  0.3174E+00 -0.9299E+00  0.2487E+01  0.1295E+01  0.1295E+01
  0.3183E+00  0.1070E+01  0.2508E+01  0.1299E+01  0.1299E+01
  0.3192E+00  0.2540E+01  0.2470E+01  0.1302E+01  0.1302E+01
  0.3202E+00  0.4820E+01  0.2503E+01  0.1304E+01  0.1304E+01
  0.3211E+00 -0.3060E+01  0.2480E+01  0.1307E+01  0.1307E+01
  0.3220E+00 -0.2730E+01  0.2467E+01  0.1309E+01  0.1309E+01
  0.3229E+00  0.4190E+01  0.2458E+01  0.1310E+01  0.1310E+01
  0.3239E+00  0.5360E+01  0.2430E+01  0.1312E+01  0.1312E+01
  0.3248E+00  0.1028E+02  0.2493E+01  0.1313E+01  0.1313E+01
  0.3257E+00  0.8350E+01  0.2447E+01  0.1314E+01  0.1314E+01
  0.3267E+00  0.8070E+01  0.2448E+01  0.1314E+01  0.1314E+01
  0.3276E+00  0.8980E+01  0.2496E+01  0.1315E+01  0.1315E+01
  0.3285E+00  0.1610E+01  0.2420E+01  0.1314E+01  0.1314E+01
  0.3294E+00  0.4450E+01  0.2501E+01  0.1314E+01  0.1314E+01
  0.3304E+00  0.2950E+01  0.2438E+01  0.1313E+01  0.1313E+01
  0.3313E+00 -0.4690E+01  0.2463E+01  0.1312E+01  0.1312E+01
  0.3322E+00 -0.3820E+01  0.2467E+01  0.1310E+01  0.1310E+01
  0.3332E+00 -0.4900E+00  0.2466E+01  0.1308E+01  0.1308E+01
  0.3341E+00  0.2840E+01  0.2455E+01  0.1306E+01  0.1306E+01
  0.3350E+00  0.4440E+01  0.2459E+01  0.1303E+01  0.1303E+01
  0.3360E+00  0.1610E+01  0.2458E+01  0.1300E+01  0.1300E+01
  0.3369E+00  0.4860E+01  0.2496E+01  0.1296E+01  0.1296E+01
  0.3378E+00 -0.1250E+01  0.2483E+01  0.1292E+01  0.1292E+01
  0.3387E+00 -0.9301E+00  0.2465E+01  0.1288E+01  0.1288E+01
  0.3397E+00  0.1270E+01  0.2450E+01  0.1284E+01  0.1284E+01
  0.3406E+00 -0.2550E+01  0.2438E+01  0.1279E+01  0.1279E+01
  0.3415E+00 -0.5160E+01  0.2413E+01  0.1274E+01  0.1274E+01
  0.3425E+00  0.1890E+01  0.2452E+01  0.1268E+01  0.1268E+01
  0.3434E+00  0.7010E+01  0.2462E+01  0.1263E+01  0.1263E+01
  0.3443E+00 -0.1240E+01  0.2502E+01  0.1257E+01  0.1257E+01
  0.3453E+00  0.7000E+00  0.2453E+01  0.1250E+01  0.1250E+01
  0.3462E+00  0.4570E+01  0.2469E+01  0.1244E+01  0.1244E+01
  0.3471E+00  0.3301E+00  0.2522E+01  0.1237E+01  0.1237E+01
  0.3480E+00  0.5240E+01  0.2475E+01  0.1230E+01  0.1230E+01
  0.3490E+00  0.6960E+01  0.2462E+01  0.1222E+01  0.1222E+01
  0.3499E+00  0.6670E+01  0.2425E+01  0.1215E+01  0.1215E+01
  0.3508E+00  0.4780E+01  0.2485E+01  0.1207E+01  0.1207E+01
  0.3518E+00  0.6090E+01  0.2475E+01  0.1199E+01  0.1199E+01
  0.3527E+00  0.2750E+01  0.2476E+01  0.1191E+01  0.1191E+01
  0.3536E+00  0.1600E+01  0.2498E+01  0.1183E+01  0.1183E+01
  0.3545E+00  0.2900E+00  0.2494E+01  0.1175E+01  0.1175E+01
  0.3555E+00 -0.3060E+01  0.2542E+01  0.1167E+01  0.1167E+01
  0.3564E+00  0.2620E+01  0.2529E+01  0.1158E+01  0.1158E+01
  0.3573E+00 -0.3610E+01  0.2422E+01  0.1149E+01  0.1149E+01
  0.3583E+00 -0.2650E+01  0.2452E+01  0.1141E+01  0.1141E+01
  0.3592E+00 -0.1180E+01  0.2454E+01  0.1132E+01  0.1132E+01
  0.3601E+00 -0.1770E+01  0.2425E+01  0.1123E+01  0.1123E+01
  0.3611E+00 -0.6600E+00  0.2431E+01  0.1115E+01  0.1115E+01
  0.3620E+00  0.2440E+01  0.2420E+01  0.1106E+01  0.1106E+01
  0.3629E+00  0.9260E+01  0.2385E+01  0.1097E+01  0.1097E+01
  0.3638E+00  0.1040E+01  0.2416E+01  0.1088E+01  0.1088E+01
  0.3648E+00  0.4050E+01  0.2342E+01  0.1079E+01  0.1079E+01
  0.3657E+00  0.9190E+01  0.2397E+01  0.1071E+01  0.1071E+01
  0.3666E+00  0.9540E+01  0.2353E+01  0.1062E+01  0.1062E+01
  0.3676E+00  0.4240E+01  0.2400E+01  0.1054E+01  0.1054E+01
  0.3685E+00  0.5660E+01  0.2358E+01  0.1045E+01  0.1045E+01
  0.3694E+00  0.4520E+01  0.2310E+01  0.1037E+01  0.1037E+01
  0.3704E+00  0.3520E+01  0.2372E+01  0.1028E+01  0.1028E+01
  0.3713E+00 -0.2010E+01  0.2353E+01  0.1020E+01  0.1020E+01
  0.3722E+00  0.1580E+01  0.2374E+01  0.1012E+01  0.1012E+01
  0.3731E+00  0.3590E+01  0.2348E+01  0.1004E+01  0.1004E+01
  0.3741E+00 -0.2999E+00  0.2401E+01  0.9961E+00  0.9961E+00
  0.3750E+00 -0.2890E+01  0.2426E+01  0.9883E+00  0.9883E+00
  0.3759E+00  0.8500E+00  0.2415E+01  0.9807E+00  0.9807E+00
  0.3769E+00  0.4501E+00  0.2409E+01  0.9733E+00  0.9733E+00
  0.3778E+00 -0.2630E+01  0.2366E+01  0.9660E+00  0.9660E+00
  0.3787E+00 -0.2220E+01  0.2423E+01  0.9588E+00  0.9588E+00
  0.3796E+00 -0.4350E+01  0.2410E+01  0.9518E+00  0.9518E+00
  0.3806E+00 -0.4900E+00  0.2358E+01  0.9450E+00  0.9450E+00
  0.3815E+00  0.2830E+01  0.2349E+01  0.9383E+00  0.9383E+00
  0.3824E+00  0.2430E+01  0.2352E+01  0.9318E+00  0.9318E+00
  0.3834E+00 -0.5290E+01  0.2353E+01  0.9254E+00  0.9254E+00
  0.3843E+00 -0.6710E+01  0.2365E+01  0.9192E+00  0.9192E+00
  0.3852E+00  0.7100E+00  0.2308E+01  0.9132E+00  0.9132E+00
  0.3862E+00  0.2070E+01  0.2294E+01  0.9073E+00  0.9073E+00
  0.3871E+00  0.3101E+00  0.2393E+01  0.9016E+00  0.9016E+00
  0.3880E+00  0.1510E+01  0.2447E+01  0.8961E+00  0.8961E+00
  0.3889E+00  0.8999E+00  0.2373E+01  0.8907E+00  0.8907E+00
  0.3899E+00  0.9199E+00  0.2394E+01  0.8854E+00  0.8854E+00
  0.3908E+00 -0.2160E+01  0.2431E+01  0.8803E+00  0.8803E+00
  0.3917E+00  0.7400E+00  0.2460E+01  0.8754E+00  0.8754E+00
  0.3927E+00  0.1599E+00  0.2451E+01  0.8705E+00  0.8705E+00
  0.3936E+00 -0.1280E+01  0.2421E+01  0.8659E+00  0.8659E+00
  0.3945E+00  0.1000E-09  0.2457E+01  0.8613E+00  0.8613E+00
  0.3955E+00  0.6850E+01  0.2472E+01  0.8569E+00  0.8569E+00
  0.3964E+00 -0.2140E+01  0.2468E+01  0.8526E+00  0.8526E+00
  0.3973E+00  0.1590E+01  0.2437E+01  0.8484E+00  0.8484E+00
  0.3982E+00  0.4700E+00  0.2507E+01  0.8443E+00  0.8443E+00
  0.3992E+00  0.1001E-01  0.2437E+01  0.8404E+00  0.8404E+00
  0.4001E+00 -0.1600E+01  0.2423E+01  0.8365E+00  0.8365E+00
  0.4010E+00 -0.2720E+01  0.2397E+01  0.8327E+00  0.8327E+00
  0.4020E+00  0.8997E-01  0.2474E+01  0.8290E+00  0.8290E+00
  0.4029E+00 -0.1990E+01  0.2443E+01  0.8254E+00  0.8254E+00
  0.4038E+00 -0.2280E+01  0.2461E+01  0.8219E+00  0.8219E+00
  0.4047E+00 -0.3620E+01  0.2433E+01  0.8185E+00  0.8185E+00
  0.4057E+00  0.1070E+01  0.2600E+01  0.8151E+00  0.8151E+00
  0.4066E+00  0.1599E+00  0.2492E+01  0.8117E+00  0.8117E+00
  0.4075E+00  0.1460E+01  0.2551E+01  0.8085E+00  0.8085E+00
  0.4085E+00  0.8050E+01  0.2477E+01  0.8052E+00  0.8052E+00
  0.4094E+00  0.2250E+01  0.2498E+01  0.8021E+00  0.8021E+00
  0.4103E+00  0.1390E+01  0.2542E+01  0.7989E+00  0.7989E+00
  0.4113E+00  0.6650E+01  0.2481E+01  0.7958E+00  0.7958E+00
  0.4122E+00  0.6995E-01  0.2471E+01  0.7927E+00  0.7927E+00
  0.4131E+00  0.5800E+00  0.2495E+01  0.7897E+00  0.7897E+00
  0.4140E+00  0.4000E+00  0.2472E+01  0.7866E+00  0.7866E+00
  0.4150E+00  0.1350E+01  0.2490E+01  0.7836E+00  0.7836E+00
  0.4159E+00 -0.1240E+01  0.2502E+01  0.7806E+00  0.7806E+00
  0.4168E+00  0.1950E+01  0.2482E+01  0.7775E+00  0.7775E+00
  0.4178E+00 -0.6801E+00  0.2542E+01  0.7745E+00  0.7745E+00
  0.4187E+00  0.1100E+00  0.2513E+01  0.7715E+00  0.7715E+00
  0.4196E+00  0.6899E+00  0.2546E+01  0.7685E+00  0.7685E+00
  0.4206E+00  0.4070E+01  0.2529E+01  0.7655E+00  0.7655E+00
  0.4215E+00 -0.2870E+01  0.2571E+01  0.7625E+00  0.7625E+00
  0.4224E+00 -0.2200E+00  0.2592E+01  0.7595E+00  0.7595E+00
  0.4233E+00  0.6599E+00  0.2629E+01  0.7564E+00  0.7564E+00
  0.4243E+00 -0.3670E+01  0.2611E+01  0.7534E+00  0.7534E+00
  0.4252E+00  0.2700E+01  0.2568E+01  0.7503E+00  0.7503E+00
  0.4261E+00 -0.2160E+01  0.2615E+01  0.7473E+00  0.7473E+00
  0.4271E+00 -0.1320E+01  0.2638E+01  0.7441E+00  0.7441E+00
  0.4280E+00  0.2400E+01  0.2610E+01  0.7411E+00  0.7411E+00
  0.4289E+00  0.5680E+01  0.2605E+01  0.7379E+00  0.7379E+00
  0.4298E+00 -0.7101E+00  0.2585E+01  0.7348E+00  0.7348E+00
  0.4308E+00  0.3840E+01  0.2567E+01  0.7317E+00  0.7317E+00
  0.4317E+00  0.5870E+01  0.2538E+01  0.7285E+00  0.7285E+00
  0.4326E+00  0.1850E+01  0.2526E+01  0.7254E+00  0.7254E+00
  0.4336E+00  0.4100E+01  0.2573E+01  0.7222E+00  0.7222E+00
  0.4345E+00 -0.2990E+01  0.2574E+01  0.7190E+00  0.7190E+00
  0.4354E+00 -0.3940E+01  0.2617E+01  0.7158E+00  0.7158E+00
  0.4364E+00  0.3640E+01  0.2625E+01  0.7126E+00  0.7126E+00
  0.4373E+00  0.1370E+01  0.2574E+01  0.7094E+00  0.7094E+00
  0.4382E+00 -0.3520E+01  0.2652E+01  0.7061E+00  0.7061E+00
  0.4391E+00  0.2100E+01  0.2697E+01  0.7029E+00  0.7029E+00
  0.4401E+00  0.2100E+01  0.2651E+01  0.6997E+00  0.6997E+00
  0.4410E+00  0.3740E+01  0.2693E+01  0.6965E+00  0.6965E+00
  0.4419E+00 -0.1300E+01  0.2661E+01  0.6933E+00  0.6933E+00
  0.4429E+00 -0.5580E+01  0.2633E+01  0.6901E+00  0.6901E+00
  0.4438E+00 -0.5100E+00  0.2596E+01  0.6869E+00  0.6869E+00
  0.4447E+00  0.2650E+01  0.2620E+01  0.6837E+00  0.6837E+00
  0.4457E+00  0.4010E+01  0.2611E+01  0.6806E+00  0.6806E+00
  0.4466E+00  0.9900E+00  0.2613E+01  0.6774E+00  0.6774E+00
  0.4475E+00  0.7990E+01  0.2600E+01  0.6743E+00  0.6743E+00
  0.4484E+00 -0.1230E+01  0.2610E+01  0.6712E+00  0.6712E+00
  0.4494E+00  0.2590E+01  0.2612E+01  0.6681E+00  0.6681E+00
  0.4503E+00  0.8997E-01  0.2615E+01  0.6650E+00  0.6650E+00
  0.4512E+00 -0.4780E+01  0.2639E+01  0.6620E+00  0.6620E+00
  0.4522E+00  0.2770E+01  0.2603E+01  0.6590E+00  0.6590E+00
  0.4531E+00  0.5600E+01  0.2670E+01  0.6560E+00  0.6560E+00
  0.4540E+00  0.2800E+01  0.2689E+01  0.6531E+00  0.6531E+00
  0.4550E+00 -0.1940E+01  0.2736E+01  0.6502E+00  0.6502E+00
  0.4559E+00 -0.6840E+01  0.2635E+01  0.6473E+00  0.6473E+00
  0.4568E+00 -0.6710E+01  0.2715E+01  0.6445E+00  0.6445E+00
  0.4577E+00  0.4260E+01  0.2716E+01  0.6417E+00  0.6417E+00
  0.4587E+00  0.2200E+01  0.2716E+01  0.6390E+00  0.6390E+00
  0.4596E+00  0.1950E+01  0.2649E+01  0.6362E+00  0.6362E+00
  0.4605E+00 -0.2210E+01  0.2620E+01  0.6336E+00  0.6336E+00
  0.4615E+00 -0.3570E+01  0.2662E+01  0.6310E+00  0.6310E+00
  0.4624E+00 -0.2830E+01  0.2657E+01  0.6284E+00  0.6284E+00
  0.4633E+00 -0.9000E+00  0.2591E+01  0.6258E+00  0.6258E+00
  0.4642E+00 -0.4299E+00  0.2647E+01  0.6234E+00  0.6234E+00
  0.4652E+00 -0.7996E-01  0.2645E+01  0.6209E+00  0.6209E+00
  0.4661E+00  0.2830E+01  0.2603E+01  0.6185E+00  0.6185E+00
  0.4670E+00  0.2380E+01  0.2698E+01  0.6161E+00  0.6161E+00
  0.4680E+00  0.2090E+01  0.2632E+01  0.6138E+00  0.6138E+00
  0.4689E+00 -0.3610E+01  0.2685E+01  0.6116E+00  0.6116E+00
  0.4698E+00 -0.8500E+01  0.2742E+01  0.6093E+00  0.6093E+00
  0.4708E+00  0.2500E+01  0.2750E+01  0.6071E+00  0.6071E+00
  0.4717E+00  0.6220E+01  0.2697E+01  0.6050E+00  0.6050E+00
  0.4726E+00  0.5100E+00  0.2719E+01  0.6029E+00  0.6029E+00
  0.4735E+00  0.1600E+01  0.2732E+01  0.6008E+00  0.6008E+00
  0.4745E+00  0.5000E+00  0.2728E+01  0.5988E+00  0.5988E+00
  0.4754E+00 -0.7996E-01  0.2645E+01  0.5968E+00  0.5968E+00
  0.4763E+00  0.2710E+01  0.2665E+01  0.5948E+00  0.5948E+00
  0.4773E+00  0.3201E+00  0.2640E+01  0.5929E+00  0.5929E+00
  0.4782E+00 -0.2080E+01  0.2615E+01  0.5910E+00  0.5910E+00
  0.4791E+00  0.1440E+01  0.2647E+01  0.5891E+00  0.5891E+00
  0.4801E+00  0.1510E+01  0.2652E+01  0.5873E+00  0.5873E+00
  0.4810E+00  0.6500E+00  0.2704E+01  0.5855E+00  0.5855E+00
  0.4819E+00  0.4370E+01  0.2728E+01  0.5837E+00  0.5837E+00
  0.4828E+00  0.7340E+01  0.2693E+01  0.5819E+00  0.5819E+00
  0.4838E+00  0.6630E+01  0.2766E+01  0.5801E+00  0.5801E+00

           Distance distribution  function of particle  


       R          P(R)      ERROR

  0.0000E+00  0.0000E+00  0.0000E+00
  0.7527E+00  0.8341E-02  0.1188E-02
  0.1505E+01  0.1676E-01  0.1905E-02
  0.2258E+01  0.2527E-01  0.2205E-02
  0.3011E+01  0.3390E-01  0.2178E-02
  0.3763E+01  0.4271E-01  0.1958E-02
  0.4516E+01  0.5172E-01  0.1739E-02
  0.5269E+01  0.6099E-01  0.1743E-02
  0.6022E+01  0.7057E-01  0.2034E-02
  0.6774E+01  0.8048E-01  0.2463E-02
  0.7527E+01  0.9076E-01  0.2872E-02
  0.8280E+01  0.1014E+00  0.3171E-02
  0.9032E+01  0.1124E+00  0.3327E-02
  0.9785E+01  0.1238E+00  0.3352E-02
  0.1054E+02  0.1355E+00  0.3300E-02
  0.1129E+02  0.1474E+00  0.3251E-02
  0.1204E+02  0.1595E+00  0.3289E-02
  0.1280E+02  0.1717E+00  0.3462E-02
  0.1355E+02  0.1838E+00  0.3757E-02
  0.1430E+02  0.1958E+00  0.4114E-02
  0.1505E+02  0.2075E+00  0.4463E-02
  0.1581E+02  0.2189E+00  0.4750E-02
  0.1656E+02  0.2297E+00  0.4946E-02
  0.1731E+02  0.2398E+00  0.5045E-02
  0.1806E+02  0.2491E+00  0.5062E-02
  0.1882E+02  0.2575E+00  0.5029E-02
  0.1957E+02  0.2649E+00  0.4985E-02
  0.2032E+02  0.2712E+00  0.4968E-02
  0.2108E+02  0.2764E+00  0.5003E-02
  0.2183E+02  0.2803E+00  0.5100E-02
  0.2258E+02  0.2830E+00  0.5250E-02
  0.2333E+02  0.2845E+00  0.5433E-02
  0.2409E+02  0.2849E+00  0.5631E-02
  0.2484E+02  0.2841E+00  0.5826E-02
  0.2559E+02  0.2823E+00  0.6009E-02
  0.2634E+02  0.2797E+00  0.6178E-02
  0.2710E+02  0.2763E+00  0.6335E-02
  0.2785E+02  0.2724E+00  0.6484E-02
  0.2860E+02  0.2680E+00  0.6628E-02
  0.2936E+02  0.2633E+00  0.6771E-02
  0.3011E+02  0.2585E+00  0.6915E-02
  0.3086E+02  0.2537E+00  0.7059E-02
  0.3161E+02  0.2491E+00  0.7202E-02
  0.3237E+02  0.2446E+00  0.7343E-02
  0.3312E+02  0.2404E+00  0.7481E-02
  0.3387E+02  0.2364E+00  0.7617E-02
  0.3462E+02  0.2327E+00  0.7755E-02
  0.3538E+02  0.2292E+00  0.7898E-02
  0.3613E+02  0.2259E+00  0.8053E-02
  0.3688E+02  0.2227E+00  0.8225E-02
  0.3763E+02  0.2195E+00  0.8418E-02
  0.3839E+02  0.2161E+00  0.8634E-02
  0.3914E+02  0.2127E+00  0.8871E-02
  0.3989E+02  0.2090E+00  0.9124E-02
  0.4065E+02  0.2050E+00  0.9388E-02
  0.4140E+02  0.2007E+00  0.9655E-02
  0.4215E+02  0.1962E+00  0.9919E-02
  0.4290E+02  0.1915E+00  0.1018E-01
  0.4366E+02  0.1865E+00  0.1042E-01
  0.4441E+02  0.1815E+00  0.1066E-01
  0.4516E+02  0.1764E+00  0.1088E-01
  0.4591E+02  0.1714E+00  0.1110E-01
  0.4667E+02  0.1665E+00  0.1130E-01
  0.4742E+02  0.1619E+00  0.1150E-01
  0.4817E+02  0.1576E+00  0.1168E-01
  0.4893E+02  0.1536E+00  0.1184E-01
  0.4968E+02  0.1501E+00  0.1199E-01
  0.5043E+02  0.1468E+00  0.1212E-01
  0.5118E+02  0.1440E+00  0.1224E-01
  0.5194E+02  0.1414E+00  0.1233E-01
  0.5269E+02  0.1390E+00  0.1240E-01
  0.5344E+02  0.1367E+00  0.1243E-01
  0.5419E+02  0.1345E+00  0.1244E-01
  0.5495E+02  0.1321E+00  0.1241E-01
  0.5570E+02  0.1295E+00  0.1234E-01
  0.5645E+02  0.1265E+00  0.1223E-01
  0.5721E+02  0.1231E+00  0.1207E-01
  0.5796E+02  0.1193E+00  0.1187E-01
  0.5871E+02  0.1148E+00  0.1162E-01
  0.5946E+02  0.1097E+00  0.1134E-01
  0.6022E+02  0.1041E+00  0.1103E-01
  0.6097E+02  0.9782E-01  0.1069E-01
  0.6172E+02  0.9102E-01  0.1034E-01
  0.6247E+02  0.8375E-01  0.9981E-02
  0.6323E+02  0.7611E-01  0.9619E-02
  0.6398E+02  0.6821E-01  0.9259E-02
  0.6473E+02  0.6018E-01  0.8902E-02
  0.6548E+02  0.5216E-01  0.8546E-02
  0.6624E+02  0.4431E-01  0.8187E-02
  0.6699E+02  0.3674E-01  0.7815E-02
  0.6774E+02  0.2962E-01  0.7421E-02
  0.6850E+02  0.2305E-01  0.6991E-02
  0.6925E+02  0.1715E-01  0.6513E-02
  0.7000E+02  0.1201E-01  0.5976E-02
  0.7075E+02  0.7686E-02  0.5368E-02
  0.7151E+02  0.4233E-02  0.4683E-02
  0.7226E+02  0.1667E-02  0.3916E-02
  0.7301E+02 -0.1205E-04  0.3064E-02
  0.7376E+02 -0.8237E-03  0.2127E-02
  0.7452E+02 -0.8038E-03  0.1105E-02
  0.7527E+02  0.0000E+00  0.0000E+00
          Reciprocal space: Rg =   25.64     , I(0) =   0.1432E+03
     Real space: Rg =   25.67 +- 0.409  I(0) =   0.1432E+03 +-  0.5016E+01
