
           ####    G N O M   ---   Version 4.5a revised 09/02/02     ####

                                                  Sun Nov  5 11:42:13 2017
           ===    Run No   1   ===
 Run title:  0.000356363 0 0


  Number of points omitted at the end:         522
   *******   Working Directory :
   *******    Input file(s) : 24367_01E_S014_0_01.sub
           Condition P(rmin) = 0 is used. 
           Condition P(rmax) = 0 is used. 

 Warning: Dmax*Smin =  3.925   is greater than Pi !


          Experimental conditions for the first run
          -----------------------------------------

          Highest ALPHA is found to be   0.4990E+06

  The measure of inconsistency AN1 equals to    0.7084E+00
     Alpha    Discrp  Oscill  Stabil  Sysdev  Positv  Valcen    Total   
  0.4990E+09203.9558  2.3941  0.9898  0.0000  1.0000  0.6523  0.00001
  0.9981E+08203.7601  2.3935  0.9885  0.0000  1.0000  0.6523  0.00001
  0.1996E+08202.7921  2.3907  0.9823  0.0000  1.0000  0.6523  0.00001
  0.3992E+07198.2012  2.3766  0.9529  0.0000  1.0000  0.6524  0.00001
  0.7985E+06180.1179  2.3136  0.8391  0.0000  1.0000  0.6528  0.00001
  0.1597E+06139.7405  2.1207  0.6156  0.1488  1.0000  0.6539  0.00001
  0.3194E+05 92.3956  1.9217  0.4634  0.0165  1.0000  0.6593  0.00001
  0.6388E+04 44.4945  1.8430  0.3022  0.2810  1.0000  0.6825  0.00001
  0.1278E+04 14.4707  1.7559  0.1456  0.3471  1.0000  0.7199  0.00001
  0.2555E+03  3.7532  1.6783  0.0584  0.6116  1.0000  0.7484  0.00001
  0.5110E+02  1.2716  1.6371  0.0199  0.7438  1.0000  0.7616  0.47828
  0.1022E+02  0.9433  1.6238  0.0080  0.9091  1.0000  0.7662  0.62736
  0.2044E+01  0.8878  1.6243  0.0038  0.8430  1.0000  0.7679  0.50222
  0.4088E+00  0.8800  1.6273  0.0020  0.8430  1.0000  0.7684  0.10000
  0.8176E-01  0.8787  1.6317  0.0031  0.8760  1.0000  0.7685  0.10000
  0.1635E-01  0.8774  1.6731  0.0148  0.8760  1.0000  0.7680  0.53967
  0.3270E-02  0.8715  2.4089  0.0671  0.8760  1.0000  0.7651  0.41719
  0.6541E-03  0.8508  7.1597  0.2136  0.8760  0.9952  0.7478  0.10000
  0.1308E-03  0.8189 15.4273  0.2443  0.9091  0.9576  0.6167  0.10000
  0.2616E-04  0.8029 21.5624  0.3902  0.9421  0.8936  0.5171  0.10000
  0.5233E-05  0.7855 27.6362  0.6471  0.9421  0.8140  0.2162  0.10000
  0.1047E-05  0.7591 31.1278  0.6102  0.9752  0.7558  0.2426  0.10000
  0.2093E-06  0.7122 35.0348  0.7093  1.0083  0.7221  0.2586  0.10000
  0.4186E-07  0.6333 35.9185  0.6057  1.0744  0.6974  0.2713  0.10000
  0.8372E-08  0.5308 37.6257  0.5718  1.0744  0.7014  0.3294  0.10000
  0.1674E-08  0.3973 39.6526  0.5330  1.1074  0.7228  0.3257  0.10000
  0.3349E-09  0.2281 41.6606  0.4087  1.1736  0.7118  0.2366  0.10000
  0.6698E-10  0.0801 42.8204  0.1718  1.2727  0.7013  0.2402  0.10000
  0.1340E-10  0.0192 43.1368  0.0441  1.1736  0.6986  0.2506  0.10000
  0.2679E-11  0.0040 43.2024  0.0094  1.1736  0.6982  0.2526  0.10000
  0.5358E-12  0.0008 43.2155  0.0019  1.1736  0.6981  0.2530  0.10000

          ***  Golden section search to maximize estimate ***
     Alpha    Discrp  Oscill  Stabil  Sysdev  Positv  Valcen    Total   
  0.1890E+02  1.0015  1.6266  0.0106  0.9091  1.0000  0.7650  0.64269
  0.2763E+02  1.0647  1.6297  0.0132  0.8760  1.0000  0.7640  0.58324
  0.1494E+02  0.9747  1.6253  0.0095  0.9091  1.0000  0.7655  0.63691
  0.2185E+02  1.0221  1.6277  0.0115  0.9091  1.0000  0.7646  0.64598
  0.2390E+02  1.0369  1.6284  0.0121  0.9091  1.0000  0.7644  0.64784
  0.2526E+02  1.0469  1.6289  0.0125  0.8926  1.0000  0.7643  0.59612
  0.2310E+02  1.0310  1.6281  0.0119  0.9091  1.0000  0.7645  0.64715
  0.2441E+02  1.0406  1.6286  0.0123  0.8926  1.0000  0.7643  0.59548
  0.2359E+02  1.0346  1.6283  0.0120  0.9091  1.0000  0.7644  0.64758
  0.2410E+02  1.0383  1.6285  0.0122  0.9091  1.0000  0.7644  0.64800
  0.2422E+02  1.0392  1.6285  0.0122  0.8926  1.0000  0.7644  0.59532
  0.2402E+02  1.0377  1.6284  0.0122  0.9091  1.0000  0.7644  0.64794
  0.2414E+02  1.0386  1.6285  0.0122  0.8926  1.0000  0.7644  0.59526
  0.2410E+02  1.0383  1.6285  0.0122  0.9091  1.0000  0.7644  0.64800



             ####            Final results            ####

 Parameter    DISCRP    OSCILL    STABIL    SYSDEV    POSITV    VALCEN
 Weight        1.000     3.000     3.000     4.000     1.000     1.000
 Sigma         0.500     0.600     0.120     0.200     0.120     0.120
 Ideal         1.000     1.100     0.000     1.000     1.000     0.950
 Current       1.038     1.628     0.012     0.909     1.000     0.764
                - - - - - - - - - - - - - - - - - - - - - - - - - 
 Estimate      0.994     0.460     0.990     1.000     1.000     0.091

  Angular   range    :     from    0.0078   to    0.1203
  Real space range   :     from      0.00   to    503.60

  Highest ALPHA (theor) :   0.499E+09                 JOB = 0
  Current ALPHA         :   0.241E+02   Rg :  0.143E+03   I(0) :   0.514E+05

           Total  estimate : 0.648  which is  A REASONABLE  solution

      S          J EXP       ERROR       J REG       I REG

  0.0000E+00                                      0.5143E+05
  0.9742E-03                                      0.5110E+05
  0.1948E-02                                      0.5011E+05
  0.2923E-02                                      0.4852E+05
  0.3897E-02                                      0.4641E+05
  0.4871E-02                                      0.4386E+05
  0.5845E-02                                      0.4101E+05
  0.6819E-02                                      0.3796E+05
  0.7793E-02  0.3483E+05  0.2198E+03  0.3483E+05  0.3483E+05
  0.8723E-02  0.3311E+05  0.2129E+03  0.3187E+05  0.3187E+05
  0.9653E-02  0.2933E+05  0.1919E+03  0.2900E+05  0.2900E+05
  0.1058E-01  0.2642E+05  0.1767E+03  0.2629E+05  0.2629E+05
  0.1151E-01  0.2389E+05  0.1109E+03  0.2378E+05  0.2378E+05
  0.1244E-01  0.2147E+05  0.7818E+02  0.2149E+05  0.2149E+05
  0.1337E-01  0.1939E+05  0.5906E+02  0.1942E+05  0.1942E+05
  0.1430E-01  0.1757E+05  0.5012E+02  0.1758E+05  0.1758E+05
  0.1523E-01  0.1593E+05  0.4374E+02  0.1594E+05  0.1594E+05
  0.1616E-01  0.1461E+05  0.3732E+02  0.1448E+05  0.1448E+05
  0.1709E-01  0.1322E+05  0.3266E+02  0.1318E+05  0.1318E+05
  0.1802E-01  0.1209E+05  0.3057E+02  0.1201E+05  0.1201E+05
  0.1895E-01  0.1101E+05  0.2811E+02  0.1095E+05  0.1095E+05
  0.1988E-01  0.1001E+05  0.2466E+02  0.9982E+04  0.9982E+04
  0.2081E-01  0.9106E+04  0.2180E+02  0.9094E+04  0.9094E+04
  0.2174E-01  0.8259E+04  0.2006E+02  0.8276E+04  0.8276E+04
  0.2267E-01  0.7506E+04  0.1792E+02  0.7521E+04  0.7521E+04
  0.2360E-01  0.6800E+04  0.1698E+02  0.6827E+04  0.6827E+04
  0.2453E-01  0.6166E+04  0.1479E+02  0.6190E+04  0.6190E+04
  0.2546E-01  0.5628E+04  0.1303E+02  0.5610E+04  0.5610E+04
  0.2639E-01  0.5094E+04  0.1243E+02  0.5083E+04  0.5083E+04
  0.2732E-01  0.4636E+04  0.1140E+02  0.4609E+04  0.4609E+04
  0.2825E-01  0.4191E+04  0.1101E+02  0.4182E+04  0.4182E+04
  0.2918E-01  0.3802E+04  0.9909E+01  0.3799E+04  0.3799E+04
  0.3010E-01  0.3461E+04  0.9333E+01  0.3454E+04  0.3454E+04
  0.3103E-01  0.3127E+04  0.8648E+01  0.3144E+04  0.3144E+04
  0.3196E-01  0.2863E+04  0.7955E+01  0.2862E+04  0.2862E+04
  0.3289E-01  0.2613E+04  0.7433E+01  0.2606E+04  0.2606E+04
  0.3382E-01  0.2365E+04  0.6977E+01  0.2372E+04  0.2372E+04
  0.3475E-01  0.2150E+04  0.6781E+01  0.2158E+04  0.2158E+04
  0.3568E-01  0.1953E+04  0.6295E+01  0.1962E+04  0.1962E+04
  0.3661E-01  0.1792E+04  0.5880E+01  0.1783E+04  0.1783E+04
  0.3754E-01  0.1625E+04  0.5563E+01  0.1621E+04  0.1621E+04
  0.3847E-01  0.1472E+04  0.5172E+01  0.1475E+04  0.1475E+04
  0.3940E-01  0.1347E+04  0.5069E+01  0.1345E+04  0.1345E+04
  0.4033E-01  0.1225E+04  0.4807E+01  0.1228E+04  0.1228E+04
  0.4126E-01  0.1121E+04  0.4622E+01  0.1125E+04  0.1125E+04
  0.4219E-01  0.1031E+04  0.4466E+01  0.1032E+04  0.1032E+04
  0.4312E-01  0.9548E+03  0.4352E+01  0.9502E+03  0.9502E+03
  0.4405E-01  0.8886E+03  0.4431E+01  0.8766E+03  0.8766E+03
  0.4498E-01  0.8035E+03  0.4290E+01  0.8102E+03  0.8102E+03
  0.4591E-01  0.7464E+03  0.4110E+01  0.7500E+03  0.7500E+03
  0.4684E-01  0.6838E+03  0.4057E+01  0.6953E+03  0.6953E+03
  0.4777E-01  0.6439E+03  0.3934E+01  0.6454E+03  0.6454E+03
  0.4870E-01  0.6050E+03  0.3773E+01  0.6002E+03  0.6002E+03
  0.4963E-01  0.5563E+03  0.3692E+01  0.5593E+03  0.5593E+03
  0.5056E-01  0.5219E+03  0.3585E+01  0.5228E+03  0.5228E+03
  0.5149E-01  0.4941E+03  0.3558E+01  0.4905E+03  0.4905E+03
  0.5242E-01  0.4661E+03  0.3488E+01  0.4620E+03  0.4620E+03
  0.5335E-01  0.4349E+03  0.3598E+01  0.4370E+03  0.4370E+03
  0.5428E-01  0.4146E+03  0.3684E+01  0.4151E+03  0.4151E+03
  0.5521E-01  0.3959E+03  0.3404E+01  0.3956E+03  0.3956E+03
  0.5613E-01  0.3771E+03  0.3181E+01  0.3780E+03  0.3780E+03
  0.5706E-01  0.3581E+03  0.3218E+01  0.3618E+03  0.3618E+03
  0.5799E-01  0.3464E+03  0.3135E+01  0.3468E+03  0.3468E+03
  0.5892E-01  0.3324E+03  0.3136E+01  0.3325E+03  0.3325E+03
  0.5985E-01  0.3203E+03  0.3225E+01  0.3189E+03  0.3189E+03
  0.6078E-01  0.3040E+03  0.3179E+01  0.3061E+03  0.3061E+03
  0.6171E-01  0.2918E+03  0.3168E+01  0.2940E+03  0.2940E+03
  0.6264E-01  0.2821E+03  0.3149E+01  0.2829E+03  0.2829E+03
  0.6357E-01  0.2756E+03  0.3193E+01  0.2729E+03  0.2729E+03
  0.6450E-01  0.2682E+03  0.3083E+01  0.2639E+03  0.2639E+03
  0.6543E-01  0.2557E+03  0.3007E+01  0.2559E+03  0.2559E+03
  0.6636E-01  0.2493E+03  0.3052E+01  0.2489E+03  0.2489E+03
  0.6729E-01  0.2412E+03  0.2850E+01  0.2427E+03  0.2427E+03
  0.6822E-01  0.2358E+03  0.2939E+01  0.2370E+03  0.2370E+03
  0.6915E-01  0.2293E+03  0.2792E+01  0.2316E+03  0.2316E+03
  0.7008E-01  0.2251E+03  0.2767E+01  0.2264E+03  0.2264E+03
  0.7101E-01  0.2227E+03  0.2757E+01  0.2213E+03  0.2213E+03
  0.7194E-01  0.2175E+03  0.2702E+01  0.2162E+03  0.2162E+03
  0.7287E-01  0.2091E+03  0.2747E+01  0.2110E+03  0.2110E+03
  0.7380E-01  0.2052E+03  0.2677E+01  0.2059E+03  0.2059E+03
  0.7473E-01  0.2036E+03  0.2757E+01  0.2010E+03  0.2010E+03
  0.7566E-01  0.1998E+03  0.2800E+01  0.1962E+03  0.1962E+03
  0.7659E-01  0.1905E+03  0.2767E+01  0.1918E+03  0.1918E+03
  0.7752E-01  0.1849E+03  0.2846E+01  0.1876E+03  0.1876E+03
  0.7845E-01  0.1832E+03  0.2692E+01  0.1837E+03  0.1837E+03
  0.7938E-01  0.1787E+03  0.2763E+01  0.1800E+03  0.1800E+03
  0.8031E-01  0.1761E+03  0.2741E+01  0.1765E+03  0.1765E+03
  0.8123E-01  0.1751E+03  0.2569E+01  0.1730E+03  0.1730E+03
  0.8216E-01  0.1723E+03  0.2602E+01  0.1697E+03  0.1697E+03
  0.8309E-01  0.1668E+03  0.2512E+01  0.1664E+03  0.1664E+03
  0.8402E-01  0.1598E+03  0.2515E+01  0.1631E+03  0.1631E+03
  0.8495E-01  0.1608E+03  0.2460E+01  0.1599E+03  0.1599E+03
  0.8588E-01  0.1548E+03  0.2453E+01  0.1567E+03  0.1567E+03
  0.8681E-01  0.1538E+03  0.2511E+01  0.1536E+03  0.1536E+03
  0.8774E-01  0.1523E+03  0.2489E+01  0.1506E+03  0.1506E+03
  0.8867E-01  0.1465E+03  0.2507E+01  0.1477E+03  0.1477E+03
  0.8960E-01  0.1410E+03  0.2473E+01  0.1449E+03  0.1449E+03
  0.9053E-01  0.1459E+03  0.2436E+01  0.1421E+03  0.1421E+03
  0.9146E-01  0.1439E+03  0.2453E+01  0.1393E+03  0.1393E+03
  0.9239E-01  0.1326E+03  0.2438E+01  0.1364E+03  0.1364E+03
  0.9332E-01  0.1373E+03  0.2489E+01  0.1334E+03  0.1334E+03
  0.9425E-01  0.1298E+03  0.2392E+01  0.1303E+03  0.1303E+03
  0.9518E-01  0.1273E+03  0.2396E+01  0.1272E+03  0.1272E+03
  0.9611E-01  0.1231E+03  0.2363E+01  0.1240E+03  0.1240E+03
  0.9704E-01  0.1213E+03  0.2299E+01  0.1210E+03  0.1210E+03
  0.9797E-01  0.1168E+03  0.2343E+01  0.1181E+03  0.1181E+03
  0.9890E-01  0.1120E+03  0.2303E+01  0.1156E+03  0.1156E+03
  0.9983E-01  0.1125E+03  0.2278E+01  0.1134E+03  0.1134E+03
  0.1008E+00  0.1116E+03  0.2266E+01  0.1116E+03  0.1116E+03
  0.1017E+00  0.1104E+03  0.2220E+01  0.1101E+03  0.1101E+03
  0.1026E+00  0.1097E+03  0.2256E+01  0.1089E+03  0.1089E+03
  0.1035E+00  0.1067E+03  0.2146E+01  0.1079E+03  0.1079E+03
  0.1045E+00  0.1071E+03  0.2161E+01  0.1069E+03  0.1069E+03
  0.1054E+00  0.1116E+03  0.2163E+01  0.1058E+03  0.1058E+03
  0.1063E+00  0.1068E+03  0.2206E+01  0.1046E+03  0.1046E+03
  0.1073E+00  0.1050E+03  0.2240E+01  0.1031E+03  0.1031E+03
  0.1082E+00  0.9860E+02  0.2201E+01  0.1014E+03  0.1014E+03
  0.1091E+00  0.9344E+02  0.2182E+01  0.9936E+02  0.9936E+02
  0.1101E+00  0.9544E+02  0.2164E+01  0.9718E+02  0.9718E+02
  0.1110E+00  0.9667E+02  0.2143E+01  0.9490E+02  0.9490E+02
  0.1119E+00  0.9095E+02  0.2123E+01  0.9258E+02  0.9258E+02
  0.1128E+00  0.9277E+02  0.2080E+01  0.9032E+02  0.9032E+02
  0.1138E+00  0.8919E+02  0.2088E+01  0.8815E+02  0.8815E+02
  0.1147E+00  0.8951E+02  0.2055E+01  0.8608E+02  0.8608E+02
  0.1156E+00  0.8512E+02  0.2105E+01  0.8412E+02  0.8412E+02
  0.1166E+00  0.8220E+02  0.2094E+01  0.8222E+02  0.8222E+02
  0.1175E+00  0.8368E+02  0.2132E+01  0.8034E+02  0.8034E+02
  0.1184E+00  0.7681E+02  0.2148E+01  0.7844E+02  0.7844E+02
  0.1193E+00  0.6961E+02  0.2127E+01  0.7649E+02  0.7649E+02
  0.1203E+00  0.7461E+02  0.2161E+01  0.7452E+02  0.7452E+02

           Distance distribution  function of particle  


       R          P(R)      ERROR

  0.0000E+00  0.0000E+00  0.0000E+00
  0.6295E+01  0.7037E+00  0.4755E-02
  0.1259E+02  0.1701E+01  0.3451E-02
  0.1888E+02  0.2952E+01  0.2224E-02
  0.2518E+02  0.4403E+01  0.5549E-02
  0.3148E+02  0.5998E+01  0.6460E-02
  0.3777E+02  0.7683E+01  0.5430E-02
  0.4406E+02  0.9410E+01  0.6833E-02
  0.5036E+02  0.1113E+02  0.1015E-01
  0.5666E+02  0.1281E+02  0.1223E-01
  0.6295E+02  0.1437E+02  0.1327E-01
  0.6925E+02  0.1576E+02  0.1511E-01
  0.7554E+02  0.1693E+02  0.1778E-01
  0.8183E+02  0.1785E+02  0.1988E-01
  0.8813E+02  0.1850E+02  0.2138E-01
  0.9442E+02  0.1889E+02  0.2351E-01
  0.1007E+03  0.1907E+02  0.2645E-01
  0.1070E+03  0.1907E+02  0.2914E-01
  0.1133E+03  0.1893E+02  0.3148E-01
  0.1196E+03  0.1867E+02  0.3454E-01
  0.1259E+03  0.1831E+02  0.3863E-01
  0.1322E+03  0.1786E+02  0.4270E-01
  0.1385E+03  0.1733E+02  0.4600E-01
  0.1448E+03  0.1675E+02  0.4893E-01
  0.1511E+03  0.1615E+02  0.5197E-01
  0.1574E+03  0.1556E+02  0.5480E-01
  0.1637E+03  0.1500E+02  0.5704E-01
  0.1700E+03  0.1447E+02  0.5922E-01
  0.1763E+03  0.1395E+02  0.6216E-01
  0.1826E+03  0.1344E+02  0.6581E-01
  0.1888E+03  0.1291E+02  0.6951E-01
  0.1951E+03  0.1238E+02  0.7300E-01
  0.2014E+03  0.1186E+02  0.7636E-01
  0.2077E+03  0.1136E+02  0.7931E-01
  0.2140E+03  0.1090E+02  0.8135E-01
  0.2203E+03  0.1050E+02  0.8269E-01
  0.2266E+03  0.1013E+02  0.8444E-01
  0.2329E+03  0.9773E+01  0.8740E-01
  0.2392E+03  0.9410E+01  0.9137E-01
  0.2455E+03  0.9025E+01  0.9575E-01
  0.2518E+03  0.8622E+01  0.1003E+00
  0.2581E+03  0.8218E+01  0.1047E+00
  0.2644E+03  0.7837E+01  0.1084E+00
  0.2707E+03  0.7496E+01  0.1111E+00
  0.2770E+03  0.7198E+01  0.1131E+00
  0.2833E+03  0.6930E+01  0.1150E+00
  0.2896E+03  0.6671E+01  0.1169E+00
  0.2959E+03  0.6400E+01  0.1182E+00
  0.3022E+03  0.6110E+01  0.1188E+00
  0.3085E+03  0.5804E+01  0.1187E+00
  0.3148E+03  0.5499E+01  0.1186E+00
  0.3210E+03  0.5215E+01  0.1183E+00
  0.3273E+03  0.4962E+01  0.1178E+00
  0.3336E+03  0.4742E+01  0.1170E+00
  0.3399E+03  0.4545E+01  0.1160E+00
  0.3462E+03  0.4353E+01  0.1151E+00
  0.3525E+03  0.4153E+01  0.1141E+00
  0.3588E+03  0.3940E+01  0.1130E+00
  0.3651E+03  0.3714E+01  0.1116E+00
  0.3714E+03  0.3485E+01  0.1099E+00
  0.3777E+03  0.3261E+01  0.1081E+00
  0.3840E+03  0.3046E+01  0.1064E+00
  0.3903E+03  0.2840E+01  0.1049E+00
  0.3966E+03  0.2642E+01  0.1031E+00
  0.4029E+03  0.2451E+01  0.1005E+00
  0.4092E+03  0.2270E+01  0.9688E-01
  0.4155E+03  0.2102E+01  0.9234E-01
  0.4218E+03  0.1949E+01  0.8714E-01
  0.4281E+03  0.1806E+01  0.8169E-01
  0.4344E+03  0.1662E+01  0.7646E-01
  0.4406E+03  0.1508E+01  0.7186E-01
  0.4469E+03  0.1335E+01  0.6814E-01
  0.4532E+03  0.1148E+01  0.6569E-01
  0.4595E+03  0.9646E+00  0.6467E-01
  0.4658E+03  0.8053E+00  0.6432E-01
  0.4721E+03  0.6864E+00  0.6320E-01
  0.4784E+03  0.6069E+00  0.6024E-01
  0.4847E+03  0.5429E+00  0.5501E-01
  0.4910E+03  0.4512E+00  0.4604E-01
  0.4973E+03  0.2828E+00  0.2940E-01
  0.5036E+03  0.0000E+00  0.0000E+00
          Reciprocal space: Rg =  142.57     , I(0) =   0.5142E+05
     Real space: Rg =  143.72 +- 0.826  I(0) =   0.5143E+05 +-  0.3855E+03
