
           ####    G N O M   ---   Version 4.5a revised 09/02/02     ####

                                                  Sun Nov  5 11:42:14 2017
           ===    Run No   1   ===
 Run title:  0.000356363 0 0


  Number of points omitted at the end:         525
   *******   Working Directory :
   *******    Input file(s) : 24367_01F_S016_0_01.sub
           Condition P(rmin) = 0 is used. 
           Condition P(rmax) = 0 is used. 

 Warning: Dmax*Smin =  4.026   is greater than Pi !


          Experimental conditions for the first run
          -----------------------------------------

          Highest ALPHA is found to be   0.2686E+07

  The measure of inconsistency AN1 equals to    0.9260E+00
     Alpha    Discrp  Oscill  Stabil  Sysdev  Positv  Valcen    Total   
  0.2686E+10284.4607  2.8314  0.9898  0.0000  1.0000  0.6553  0.00001
  0.5371E+09284.2486  2.8309  0.9888  0.0000  1.0000  0.6553  0.00001
  0.1074E+09283.1974  2.8282  0.9837  0.0000  1.0000  0.6553  0.00001
  0.2149E+08278.1672  2.8149  0.9593  0.0000  1.0000  0.6554  0.00001
  0.4297E+07257.6393  2.7527  0.8599  0.0000  1.0000  0.6555  0.00001
  0.8594E+06209.0889  2.5227  0.6382  0.0000  1.0000  0.6558  0.00001
  0.1719E+06158.7057  2.1370  0.5189  0.0508  1.0000  0.6555  0.00001
  0.3438E+05104.1878  1.9461  0.4595  0.2203  1.0000  0.6632  0.00001
  0.6875E+04 48.6256  1.8230  0.3021  0.3220  1.0000  0.6949  0.00001
  0.1375E+04 15.3616  1.7205  0.1302  0.5593  1.0000  0.7311  0.00001
  0.2750E+03  3.8153  1.6827  0.0353  0.6271  1.0000  0.7476  0.00001
  0.5500E+02  1.2926  1.6819  0.0085  0.7797  1.0000  0.7505  0.54357
  0.1100E+02  1.0343  1.6836  0.0019  0.9322  1.0000  0.7509  0.70219
  0.2200E+01  1.0116  1.6853  0.0024  0.8814  1.0000  0.7511  0.62286
  0.4400E+00  0.9988  1.6974  0.0064  0.8475  1.0000  0.7515  0.59260
  0.8800E-01  0.9784  1.8033  0.0149  0.8983  1.0000  0.7523  0.55451
  0.1760E-01  0.9587  2.2020  0.0289  0.8983  0.9999  0.7520  0.10000
  0.3520E-02  0.9350  3.9213  0.0958  0.9322  0.9985  0.7458  0.10000
  0.7040E-03  0.9031  8.4259  0.1264  0.9153  0.9894  0.7251  0.10000
  0.1408E-03  0.8851 13.9350  0.3008  0.9831  0.9624  0.6875  0.10000
  0.2816E-04  0.8605 23.0508  0.5767  1.0169  0.8872  0.4507  0.10000
  0.5632E-05  0.8286 26.7538  0.5643  1.0339  0.8264  0.2971  0.10000
  0.1126E-05  0.7866 29.8628  0.6073  1.0339  0.7781  0.2889  0.10000
  0.2253E-06  0.7170 35.4384  0.6122  1.0339  0.7460  0.2662  0.10000
  0.4506E-07  0.6056 38.5974  0.6547  1.0000  0.7285  0.2151  0.10000
  0.9012E-08  0.4464 38.6227  0.5295  1.0339  0.7325  0.2732  0.10000
  0.1802E-08  0.2582 40.1315  0.4005  1.1356  0.7237  0.2743  0.10000
  0.3605E-09  0.1024 41.0673  0.2121  1.1695  0.7247  0.2729  0.10000
  0.7209E-10  0.0286 41.4894  0.0780  1.1356  0.7299  0.2700  0.10000
  0.1442E-10  0.0064 41.6481  0.0194  1.1356  0.7317  0.2688  0.10000
  0.2884E-11  0.0013 41.6869  0.0041  1.1356  0.7321  0.2685  0.10000

          ***  Golden section search to maximize estimate ***
     Alpha    Discrp  Oscill  Stabil  Sysdev  Positv  Valcen    Total   
  0.2034E+02  1.0661  1.6832  0.0033  0.8644  1.0000  0.7508  0.62803
  0.8698E+01  1.0284  1.6837  0.0017  0.8983  1.0000  0.7509  0.65218
  0.1391E+02  1.0428  1.6835  0.0023  0.8983  1.0000  0.7509  0.65592
  0.1006E+02  1.0318  1.6837  0.0018  0.9322  1.0000  0.7509  0.70145
  0.1203E+02  1.0372  1.6835  0.0020  0.9322  1.0000  0.7509  0.70288
  0.1272E+02  1.0391  1.6835  0.0021  0.8983  1.0000  0.7509  0.65532
  0.1163E+02  1.0360  1.6836  0.0020  0.9322  1.0000  0.7509  0.70262
  0.1229E+02  1.0379  1.6835  0.0021  0.9322  1.0000  0.7509  0.70304
  0.1245E+02  1.0384  1.6835  0.0021  0.9322  1.0000  0.7509  0.70313
  0.1255E+02  1.0387  1.6835  0.0021  0.9322  1.0000  0.7509  0.70319
  0.1262E+02  1.0388  1.6835  0.0021  0.9322  1.0000  0.7509  0.70323
  0.1266E+02  1.0390  1.6835  0.0021  0.9322  1.0000  0.7509  0.70325
  0.1268E+02  1.0390  1.6835  0.0021  0.9322  1.0000  0.7509  0.70326
  0.1268E+02  1.0390  1.6835  0.0021  0.9322  1.0000  0.7509  0.70326



             ####            Final results            ####

 Parameter    DISCRP    OSCILL    STABIL    SYSDEV    POSITV    VALCEN
 Weight        1.000     3.000     3.000     4.000     1.000     1.000
 Sigma         0.500     0.600     0.120     0.200     0.120     0.120
 Ideal         1.000     1.100     0.000     1.000     1.000     0.950
 Current       1.039     1.684     0.002     0.932     1.000     0.751
                - - - - - - - - - - - - - - - - - - - - - - - - - 
 Estimate      0.994     0.388     1.000     1.000     1.000     0.064

  Angular   range    :     from    0.0078   to    0.1175
  Real space range   :     from      0.00   to    516.60

  Highest ALPHA (theor) :   0.269E+10                 JOB = 0
  Current ALPHA         :   0.127E+02   Rg :  0.142E+03   I(0) :   0.139E+06

           Total  estimate : 0.703  which is  A REASONABLE  solution

      S          J EXP       ERROR       J REG       I REG

  0.0000E+00                                      0.1391E+06
  0.9742E-03                                      0.1382E+06
  0.1948E-02                                      0.1356E+06
  0.2923E-02                                      0.1313E+06
  0.3897E-02                                      0.1257E+06
  0.4871E-02                                      0.1189E+06
  0.5845E-02                                      0.1112E+06
  0.6819E-02                                      0.1030E+06
  0.7793E-02  0.9308E+05  0.3267E+03  0.9463E+05  0.9463E+05
  0.8723E-02  0.8880E+05  0.3177E+03  0.8665E+05  0.8665E+05
  0.9653E-02  0.7924E+05  0.2946E+03  0.7892E+05  0.7892E+05
  0.1058E-01  0.7140E+05  0.2768E+03  0.7160E+05  0.7160E+05
  0.1151E-01  0.6465E+05  0.2613E+03  0.6479E+05  0.6479E+05
  0.1244E-01  0.5829E+05  0.1941E+03  0.5856E+05  0.5856E+05
  0.1337E-01  0.5259E+05  0.1499E+03  0.5294E+05  0.5294E+05
  0.1430E-01  0.4792E+05  0.1257E+03  0.4790E+05  0.4790E+05
  0.1523E-01  0.4341E+05  0.1069E+03  0.4341E+05  0.4341E+05
  0.1616E-01  0.3969E+05  0.9669E+02  0.3941E+05  0.3941E+05
  0.1709E-01  0.3589E+05  0.8426E+02  0.3584E+05  0.3584E+05
  0.1802E-01  0.3281E+05  0.7689E+02  0.3263E+05  0.3263E+05
  0.1895E-01  0.2985E+05  0.7045E+02  0.2973E+05  0.2973E+05
  0.1988E-01  0.2717E+05  0.6269E+02  0.2708E+05  0.2708E+05
  0.2081E-01  0.2471E+05  0.5583E+02  0.2465E+05  0.2465E+05
  0.2174E-01  0.2232E+05  0.5068E+02  0.2242E+05  0.2242E+05
  0.2267E-01  0.2031E+05  0.4450E+02  0.2036E+05  0.2036E+05
  0.2360E-01  0.1835E+05  0.4022E+02  0.1846E+05  0.1846E+05
  0.2453E-01  0.1670E+05  0.3615E+02  0.1672E+05  0.1672E+05
  0.2546E-01  0.1515E+05  0.3278E+02  0.1513E+05  0.1513E+05
  0.2639E-01  0.1370E+05  0.2889E+02  0.1369E+05  0.1369E+05
  0.2732E-01  0.1244E+05  0.2638E+02  0.1238E+05  0.1238E+05
  0.2825E-01  0.1123E+05  0.2392E+02  0.1120E+05  0.1120E+05
  0.2918E-01  0.1016E+05  0.2157E+02  0.1014E+05  0.1014E+05
  0.3010E-01  0.9214E+04  0.1994E+02  0.9191E+04  0.9191E+04
  0.3103E-01  0.8309E+04  0.1722E+02  0.8334E+04  0.8334E+04
  0.3196E-01  0.7562E+04  0.1588E+02  0.7559E+04  0.7559E+04
  0.3289E-01  0.6861E+04  0.1442E+02  0.6859E+04  0.6859E+04
  0.3382E-01  0.6211E+04  0.1339E+02  0.6223E+04  0.6223E+04
  0.3475E-01  0.5642E+04  0.1240E+02  0.5647E+04  0.5647E+04
  0.3568E-01  0.5107E+04  0.1123E+02  0.5123E+04  0.5123E+04
  0.3661E-01  0.4655E+04  0.1025E+02  0.4648E+04  0.4648E+04
  0.3754E-01  0.4207E+04  0.9462E+01  0.4219E+04  0.4219E+04
  0.3847E-01  0.3845E+04  0.8362E+01  0.3832E+04  0.3832E+04
  0.3940E-01  0.3499E+04  0.8132E+01  0.3485E+04  0.3485E+04
  0.4033E-01  0.3161E+04  0.7536E+01  0.3174E+04  0.3174E+04
  0.4126E-01  0.2894E+04  0.7176E+01  0.2896E+04  0.2896E+04
  0.4219E-01  0.2649E+04  0.6598E+01  0.2647E+04  0.2647E+04
  0.4312E-01  0.2431E+04  0.6186E+01  0.2425E+04  0.2425E+04
  0.4405E-01  0.2231E+04  0.6066E+01  0.2225E+04  0.2225E+04
  0.4498E-01  0.2044E+04  0.5717E+01  0.2047E+04  0.2047E+04
  0.4591E-01  0.1876E+04  0.5442E+01  0.1885E+04  0.1885E+04
  0.4684E-01  0.1730E+04  0.5335E+01  0.1741E+04  0.1741E+04
  0.4777E-01  0.1609E+04  0.5066E+01  0.1610E+04  0.1610E+04
  0.4870E-01  0.1495E+04  0.4672E+01  0.1493E+04  0.1493E+04
  0.4963E-01  0.1394E+04  0.4536E+01  0.1389E+04  0.1389E+04
  0.5056E-01  0.1298E+04  0.4508E+01  0.1296E+04  0.1296E+04
  0.5149E-01  0.1213E+04  0.4315E+01  0.1213E+04  0.1213E+04
  0.5242E-01  0.1140E+04  0.4269E+01  0.1140E+04  0.1140E+04
  0.5335E-01  0.1087E+04  0.4834E+01  0.1075E+04  0.1075E+04
  0.5428E-01  0.1016E+04  0.4301E+01  0.1017E+04  0.1017E+04
  0.5521E-01  0.9591E+03  0.3954E+01  0.9656E+03  0.9656E+03
  0.5613E-01  0.9183E+03  0.3739E+01  0.9187E+03  0.9187E+03
  0.5706E-01  0.8770E+03  0.3733E+01  0.8764E+03  0.8764E+03
  0.5799E-01  0.8332E+03  0.3608E+01  0.8377E+03  0.8377E+03
  0.5892E-01  0.7983E+03  0.3585E+01  0.8023E+03  0.8023E+03
  0.5985E-01  0.7715E+03  0.3720E+01  0.7700E+03  0.7700E+03
  0.6078E-01  0.7486E+03  0.3519E+01  0.7408E+03  0.7408E+03
  0.6171E-01  0.7136E+03  0.3694E+01  0.7143E+03  0.7143E+03
  0.6264E-01  0.6883E+03  0.3648E+01  0.6904E+03  0.6904E+03
  0.6357E-01  0.6700E+03  0.3618E+01  0.6688E+03  0.6688E+03
  0.6450E-01  0.6533E+03  0.3499E+01  0.6493E+03  0.6493E+03
  0.6543E-01  0.6305E+03  0.3369E+01  0.6314E+03  0.6314E+03
  0.6636E-01  0.6152E+03  0.3419E+01  0.6146E+03  0.6146E+03
  0.6729E-01  0.5957E+03  0.3235E+01  0.5986E+03  0.5986E+03
  0.6822E-01  0.5823E+03  0.3262E+01  0.5833E+03  0.5833E+03
  0.6915E-01  0.5679E+03  0.3089E+01  0.5684E+03  0.5684E+03
  0.7008E-01  0.5539E+03  0.3102E+01  0.5538E+03  0.5538E+03
  0.7101E-01  0.5355E+03  0.2991E+01  0.5397E+03  0.5397E+03
  0.7194E-01  0.5240E+03  0.2973E+01  0.5263E+03  0.5263E+03
  0.7287E-01  0.5162E+03  0.3030E+01  0.5136E+03  0.5136E+03
  0.7380E-01  0.5051E+03  0.2993E+01  0.5019E+03  0.5019E+03
  0.7473E-01  0.4945E+03  0.3053E+01  0.4912E+03  0.4912E+03
  0.7566E-01  0.4900E+03  0.3088E+01  0.4813E+03  0.4813E+03
  0.7659E-01  0.4704E+03  0.3011E+01  0.4723E+03  0.4723E+03
  0.7752E-01  0.4642E+03  0.3097E+01  0.4639E+03  0.4639E+03
  0.7845E-01  0.4433E+03  0.2942E+01  0.4558E+03  0.4558E+03
  0.7938E-01  0.4472E+03  0.2992E+01  0.4478E+03  0.4478E+03
  0.8031E-01  0.4391E+03  0.2917E+01  0.4398E+03  0.4398E+03
  0.8123E-01  0.4326E+03  0.2782E+01  0.4315E+03  0.4315E+03
  0.8216E-01  0.4219E+03  0.2852E+01  0.4231E+03  0.4231E+03
  0.8309E-01  0.4158E+03  0.2729E+01  0.4143E+03  0.4143E+03
  0.8402E-01  0.4107E+03  0.2696E+01  0.4057E+03  0.4057E+03
  0.8495E-01  0.4002E+03  0.2707E+01  0.3970E+03  0.3970E+03
  0.8588E-01  0.3866E+03  0.2645E+01  0.3886E+03  0.3886E+03
  0.8681E-01  0.3817E+03  0.2717E+01  0.3807E+03  0.3807E+03
  0.8774E-01  0.3732E+03  0.2681E+01  0.3728E+03  0.3728E+03
  0.8867E-01  0.3622E+03  0.2717E+01  0.3655E+03  0.3655E+03
  0.8960E-01  0.3570E+03  0.2659E+01  0.3586E+03  0.3586E+03
  0.9053E-01  0.3494E+03  0.2708E+01  0.3519E+03  0.3519E+03
  0.9146E-01  0.3416E+03  0.2645E+01  0.3453E+03  0.3453E+03
  0.9239E-01  0.3381E+03  0.2648E+01  0.3388E+03  0.3388E+03
  0.9332E-01  0.3386E+03  0.2635E+01  0.3322E+03  0.3322E+03
  0.9425E-01  0.3338E+03  0.2583E+01  0.3257E+03  0.3257E+03
  0.9518E-01  0.3178E+03  0.2576E+01  0.3191E+03  0.3191E+03
  0.9611E-01  0.3079E+03  0.2521E+01  0.3125E+03  0.3125E+03
  0.9704E-01  0.3038E+03  0.2463E+01  0.3061E+03  0.3061E+03
  0.9797E-01  0.3011E+03  0.2559E+01  0.2998E+03  0.2998E+03
  0.9890E-01  0.2941E+03  0.2482E+01  0.2938E+03  0.2938E+03
  0.9983E-01  0.2862E+03  0.2490E+01  0.2881E+03  0.2881E+03
  0.1008E+00  0.2820E+03  0.2423E+01  0.2826E+03  0.2826E+03
  0.1017E+00  0.2800E+03  0.2383E+01  0.2774E+03  0.2774E+03
  0.1026E+00  0.2736E+03  0.2362E+01  0.2725E+03  0.2725E+03
  0.1035E+00  0.2672E+03  0.2281E+01  0.2677E+03  0.2677E+03
  0.1045E+00  0.2620E+03  0.2358E+01  0.2631E+03  0.2631E+03
  0.1054E+00  0.2604E+03  0.2326E+01  0.2585E+03  0.2585E+03
  0.1063E+00  0.2511E+03  0.2357E+01  0.2542E+03  0.2542E+03
  0.1073E+00  0.2481E+03  0.2316E+01  0.2498E+03  0.2498E+03
  0.1082E+00  0.2474E+03  0.2347E+01  0.2456E+03  0.2456E+03
  0.1091E+00  0.2433E+03  0.2351E+01  0.2414E+03  0.2414E+03
  0.1101E+00  0.2362E+03  0.2311E+01  0.2373E+03  0.2373E+03
  0.1110E+00  0.2355E+03  0.2311E+01  0.2332E+03  0.2332E+03
  0.1119E+00  0.2297E+03  0.2280E+01  0.2291E+03  0.2291E+03
  0.1128E+00  0.2231E+03  0.2221E+01  0.2249E+03  0.2249E+03
  0.1138E+00  0.2182E+03  0.2227E+01  0.2207E+03  0.2207E+03
  0.1147E+00  0.2176E+03  0.2171E+01  0.2163E+03  0.2163E+03
  0.1156E+00  0.2132E+03  0.2198E+01  0.2120E+03  0.2120E+03
  0.1166E+00  0.2067E+03  0.2201E+01  0.2076E+03  0.2076E+03
  0.1175E+00  0.2038E+03  0.2241E+01  0.2033E+03  0.2033E+03

           Distance distribution  function of particle  


       R          P(R)      ERROR

  0.0000E+00  0.0000E+00  0.0000E+00
  0.6458E+01  0.1913E+01  0.1171E-01
  0.1292E+02  0.4594E+01  0.7184E-02
  0.1937E+02  0.7982E+01  0.5926E-02
  0.2583E+02  0.1198E+02  0.1500E-01
  0.3229E+02  0.1645E+02  0.1577E-01
  0.3875E+02  0.2124E+02  0.1098E-01
  0.4520E+02  0.2619E+02  0.1534E-01
  0.5166E+02  0.3109E+02  0.2361E-01
  0.5812E+02  0.3578E+02  0.2617E-01
  0.6458E+02  0.4009E+02  0.2543E-01
  0.7103E+02  0.4385E+02  0.2913E-01
  0.7749E+02  0.4697E+02  0.3597E-01
  0.8395E+02  0.4937E+02  0.4000E-01
  0.9041E+02  0.5105E+02  0.4181E-01
  0.9686E+02  0.5204E+02  0.4573E-01
  0.1033E+03  0.5239E+02  0.5146E-01
  0.1098E+03  0.5221E+02  0.5575E-01
  0.1162E+03  0.5160E+02  0.5949E-01
  0.1227E+03  0.5064E+02  0.6602E-01
  0.1292E+03  0.4942E+02  0.7436E-01
  0.1356E+03  0.4801E+02  0.8079E-01
  0.1421E+03  0.4648E+02  0.8480E-01
  0.1485E+03  0.4487E+02  0.8903E-01
  0.1550E+03  0.4322E+02  0.9434E-01
  0.1614E+03  0.4157E+02  0.9901E-01
  0.1679E+03  0.3994E+02  0.1030E+00
  0.1744E+03  0.3835E+02  0.1089E+00
  0.1808E+03  0.3680E+02  0.1172E+00
  0.1873E+03  0.3530E+02  0.1253E+00
  0.1937E+03  0.3384E+02  0.1314E+00
  0.2002E+03  0.3243E+02  0.1364E+00
  0.2066E+03  0.3107E+02  0.1414E+00
  0.2131E+03  0.2978E+02  0.1461E+00
  0.2196E+03  0.2854E+02  0.1509E+00
  0.2260E+03  0.2737E+02  0.1579E+00
  0.2325E+03  0.2625E+02  0.1677E+00
  0.2389E+03  0.2516E+02  0.1780E+00
  0.2454E+03  0.2410E+02  0.1867E+00
  0.2518E+03  0.2306E+02  0.1939E+00
  0.2583E+03  0.2205E+02  0.2010E+00
  0.2648E+03  0.2107E+02  0.2082E+00
  0.2712E+03  0.2014E+02  0.2155E+00
  0.2777E+03  0.1927E+02  0.2236E+00
  0.2841E+03  0.1845E+02  0.2326E+00
  0.2906E+03  0.1768E+02  0.2408E+00
  0.2970E+03  0.1693E+02  0.2458E+00
  0.3035E+03  0.1619E+02  0.2475E+00
  0.3100E+03  0.1544E+02  0.2477E+00
  0.3164E+03  0.1470E+02  0.2478E+00
  0.3229E+03  0.1398E+02  0.2484E+00
  0.3293E+03  0.1328E+02  0.2499E+00
  0.3358E+03  0.1261E+02  0.2525E+00
  0.3422E+03  0.1198E+02  0.2547E+00
  0.3487E+03  0.1136E+02  0.2547E+00
  0.3552E+03  0.1074E+02  0.2520E+00
  0.3616E+03  0.1011E+02  0.2481E+00
  0.3681E+03  0.9475E+01  0.2441E+00
  0.3745E+03  0.8852E+01  0.2405E+00
  0.3810E+03  0.8258E+01  0.2378E+00
  0.3875E+03  0.7704E+01  0.2368E+00
  0.3939E+03  0.7188E+01  0.2367E+00
  0.4004E+03  0.6694E+01  0.2344E+00
  0.4068E+03  0.6195E+01  0.2279E+00
  0.4133E+03  0.5672E+01  0.2177E+00
  0.4197E+03  0.5124E+01  0.2055E+00
  0.4262E+03  0.4568E+01  0.1933E+00
  0.4327E+03  0.4038E+01  0.1827E+00
  0.4391E+03  0.3566E+01  0.1754E+00
  0.4456E+03  0.3168E+01  0.1709E+00
  0.4520E+03  0.2832E+01  0.1665E+00
  0.4585E+03  0.2524E+01  0.1592E+00
  0.4649E+03  0.2206E+01  0.1474E+00
  0.4714E+03  0.1856E+01  0.1325E+00
  0.4779E+03  0.1489E+01  0.1192E+00
  0.4843E+03  0.1155E+01  0.1112E+00
  0.4908E+03  0.9103E+00  0.1076E+00
  0.4972E+03  0.7803E+00  0.1074E+00
  0.5037E+03  0.7102E+00  0.1088E+00
  0.5101E+03  0.5381E+00  0.8885E-01
  0.5166E+03  0.0000E+00  0.0000E+00
          Reciprocal space: Rg =  142.23     , I(0) =   0.1391E+06
     Real space: Rg =  142.88 +- 0.738  I(0) =   0.1391E+06 +-  0.8062E+03
