
           ####    G N O M   ---   Version 4.5a revised 09/02/02     ####

                                                  Sun Nov  5 11:42:12 2017
           ===    Run No   1   ===
 Run title:  0.000356363 0 0


  Number of points omitted at the end:         521
   *******   Working Directory :
   *******    Input file(s) : 24367_01D_S012_0_01.sub
           Condition P(rmin) = 0 is used. 
           Condition P(rmax) = 0 is used. 

 Warning: Dmax*Smin =  3.848   is greater than Pi !


          Experimental conditions for the first run
          -----------------------------------------

          Highest ALPHA is found to be   0.2105E+06

  The measure of inconsistency AN1 equals to    0.7091E+00
     Alpha    Discrp  Oscill  Stabil  Sysdev  Positv  Valcen    Total   
  0.2105E+09152.1373  2.2960  0.9898  0.0000  1.0000  0.6563  0.00001
  0.4211E+08151.9727  2.2954  0.9884  0.0000  1.0000  0.6563  0.00001
  0.8421E+07151.1590  2.2924  0.9816  0.0000  1.0000  0.6563  0.00001
  0.1684E+07147.3162  2.2780  0.9496  0.0000  1.0000  0.6565  0.00001
  0.3369E+06132.4308  2.2143  0.8280  0.0000  1.0000  0.6575  0.00001
  0.6737E+05100.2707  2.0293  0.5999  0.2295  1.0000  0.6612  0.00001
  0.1347E+05 63.0475  1.8570  0.4375  0.0164  1.0000  0.6725  0.00001
  0.2695E+04 27.9585  1.7859  0.2639  0.1967  1.0000  0.7011  0.00001
  0.5390E+03  8.4239  1.7107  0.1158  0.3934  1.0000  0.7357  0.00001
  0.1078E+03  2.2010  1.6546  0.0401  0.5246  1.0000  0.7571  0.41221
  0.2156E+02  1.0427  1.6319  0.0108  0.7541  1.0000  0.7649  0.53197
  0.4312E+01  0.9539  1.6261  0.0025  0.8197  1.0000  0.7669  0.57984
  0.8623E+00  0.9486  1.6258  0.0014  0.7869  1.0000  0.7672  0.56639
  0.1725E+00  0.9466  1.6309  0.0042  0.7869  1.0000  0.7673  0.58636
  0.3449E-01  0.9418  1.7052  0.0181  0.7869  1.0000  0.7679  0.53930
  0.6899E-02  0.9268  2.5803  0.0627  0.8197  0.9997  0.7691  0.10000
  0.1380E-02  0.9025  5.5911  0.0919  0.8197  0.9962  0.7653  0.10000
  0.2759E-03  0.8870  9.9299  0.2165  0.7869  0.9817  0.7338  0.10000
  0.5519E-04  0.8670 19.1389  0.4323  0.8525  0.9194  0.5618  0.10000
  0.1104E-04  0.8482 25.8891  0.4044  0.8525  0.8310  0.3572  0.10000
  0.2208E-05  0.8319 29.8822  0.8026  0.9508  0.7587  0.1841  0.10000
  0.4415E-06  0.8005 29.4248  0.6066  0.9508  0.7204  0.2140  0.10000
  0.8830E-07  0.7606 32.6936  0.6356  0.8852  0.6889  0.2195  0.10000
  0.1766E-07  0.6978 35.6620  0.6534  0.9836  0.7023  0.2972  0.10000
  0.3532E-08  0.5859 38.3964  0.6573  0.9836  0.7231  0.3944  0.10000
  0.7064E-09  0.4018 39.5011  0.4942  0.9836  0.7145  0.3653  0.10000
  0.1413E-09  0.2262 40.2104  0.3513  0.9508  0.7289  0.2787  0.10000
  0.2826E-10  0.0959 41.5403  0.2225  0.8525  0.7446  0.2468  0.10000
  0.5651E-11  0.0267 42.3572  0.0760  0.8525  0.7475  0.2318  0.10000
  0.1130E-11  0.0058 42.5965  0.0176  0.8525  0.7477  0.2271  0.10000
  0.2261E-12  0.0012 42.6490  0.0036  0.8525  0.7477  0.2260  0.10000

          ***  Golden section search to maximize estimate ***
     Alpha    Discrp  Oscill  Stabil  Sysdev  Positv  Valcen    Total   
  0.9327E-01  0.9454  1.6405  0.0072  0.7869  1.0000  0.7675  0.60444
  0.6379E-01  0.9443  1.6537  0.0102  0.7869  1.0000  0.7676  0.62492
  0.5044E-01  0.9435  1.6674  0.0127  0.7869  1.0000  0.7677  0.62660
  0.4362E-01  0.9429  1.6791  0.0146  0.7869  1.0000  0.7677  0.59352
  0.5517E-01  0.9438  1.6615  0.0117  0.7869  1.0000  0.7676  0.63581
  0.5831E-01  0.9440  1.6583  0.0111  0.7869  1.0000  0.7676  0.63141
  0.5331E-01  0.9437  1.6637  0.0121  0.7869  1.0000  0.7676  0.63870
  0.5219E-01  0.9436  1.6651  0.0123  0.7869  1.0000  0.7677  0.63422
  0.5401E-01  0.9437  1.6629  0.0120  0.7869  1.0000  0.7676  0.63758
  0.5288E-01  0.9437  1.6642  0.0122  0.7869  1.0000  0.7676  0.63710
  0.5358E-01  0.9437  1.6634  0.0120  0.7869  1.0000  0.7676  0.63827
  0.5315E-01  0.9437  1.6639  0.0121  0.7869  1.0000  0.7676  0.63820
  0.5341E-01  0.9437  1.6636  0.0121  0.7869  1.0000  0.7676  0.63853
  0.5331E-01  0.9437  1.6637  0.0121  0.7869  1.0000  0.7676  0.63870



             ####            Final results            ####

 Parameter    DISCRP    OSCILL    STABIL    SYSDEV    POSITV    VALCEN
 Weight        1.000     3.000     3.000     4.000     1.000     1.000
 Sigma         0.500     0.600     0.120     0.200     0.120     0.120
 Ideal         1.000     1.100     0.000     1.000     1.000     0.950
 Current       0.944     1.664     0.012     0.787     1.000     0.768
                - - - - - - - - - - - - - - - - - - - - - - - - - 
 Estimate      0.987     0.414     0.990     0.321     1.000     0.099

  Angular   range    :     from    0.0078   to    0.1212
  Real space range   :     from      0.00   to    493.70

  Highest ALPHA (theor) :   0.211E+09                 JOB = 0
  Current ALPHA         :   0.533E-01   Rg :  0.138E+03   I(0) :   0.361E+05

           Total  estimate : 0.639  which is  A REASONABLE  solution

      S          J EXP       ERROR       J REG       I REG

  0.0000E+00                                      0.3607E+05
  0.9742E-03                                      0.3585E+05
  0.1948E-02                                      0.3519E+05
  0.2923E-02                                      0.3414E+05
  0.3897E-02                                      0.3273E+05
  0.4871E-02                                      0.3103E+05
  0.5845E-02                                      0.2912E+05
  0.6819E-02                                      0.2705E+05
  0.7793E-02  0.2461E+05  0.1955E+03  0.2492E+05  0.2492E+05
  0.8723E-02  0.2371E+05  0.1892E+03  0.2289E+05  0.2289E+05
  0.9653E-02  0.2119E+05  0.1692E+03  0.2090E+05  0.2090E+05
  0.1058E-01  0.1896E+05  0.1556E+03  0.1901E+05  0.1901E+05
  0.1151E-01  0.1713E+05  0.1003E+03  0.1724E+05  0.1724E+05
  0.1244E-01  0.1546E+05  0.6996E+02  0.1561E+05  0.1561E+05
  0.1337E-01  0.1399E+05  0.5494E+02  0.1413E+05  0.1413E+05
  0.1430E-01  0.1279E+05  0.4603E+02  0.1279E+05  0.1279E+05
  0.1523E-01  0.1156E+05  0.4077E+02  0.1160E+05  0.1160E+05
  0.1616E-01  0.1064E+05  0.3595E+02  0.1053E+05  0.1053E+05
  0.1709E-01  0.9596E+04  0.3100E+02  0.9584E+04  0.9584E+04
  0.1802E-01  0.8755E+04  0.2659E+02  0.8732E+04  0.8732E+04
  0.1895E-01  0.7991E+04  0.2591E+02  0.7963E+04  0.7963E+04
  0.1988E-01  0.7279E+04  0.2319E+02  0.7263E+04  0.7263E+04
  0.2081E-01  0.6637E+04  0.1991E+02  0.6623E+04  0.6623E+04
  0.2174E-01  0.6006E+04  0.1934E+02  0.6034E+04  0.6034E+04
  0.2267E-01  0.5469E+04  0.1759E+02  0.5491E+04  0.5491E+04
  0.2360E-01  0.4962E+04  0.1643E+02  0.4990E+04  0.4990E+04
  0.2453E-01  0.4517E+04  0.1436E+02  0.4529E+04  0.4529E+04
  0.2546E-01  0.4106E+04  0.1283E+02  0.4106E+04  0.4106E+04
  0.2639E-01  0.3724E+04  0.1185E+02  0.3720E+04  0.3720E+04
  0.2732E-01  0.3375E+04  0.1109E+02  0.3370E+04  0.3370E+04
  0.2825E-01  0.3064E+04  0.1038E+02  0.3054E+04  0.3054E+04
  0.2918E-01  0.2790E+04  0.9700E+01  0.2770E+04  0.2770E+04
  0.3010E-01  0.2518E+04  0.9136E+01  0.2515E+04  0.2515E+04
  0.3103E-01  0.2275E+04  0.8543E+01  0.2285E+04  0.2285E+04
  0.3196E-01  0.2086E+04  0.7748E+01  0.2079E+04  0.2079E+04
  0.3289E-01  0.1894E+04  0.7463E+01  0.1893E+04  0.1893E+04
  0.3382E-01  0.1716E+04  0.6901E+01  0.1725E+04  0.1725E+04
  0.3475E-01  0.1562E+04  0.6544E+01  0.1572E+04  0.1572E+04
  0.3568E-01  0.1427E+04  0.6247E+01  0.1434E+04  0.1434E+04
  0.3661E-01  0.1312E+04  0.6132E+01  0.1308E+04  0.1308E+04
  0.3754E-01  0.1192E+04  0.5698E+01  0.1193E+04  0.1193E+04
  0.3847E-01  0.1090E+04  0.5377E+01  0.1090E+04  0.1090E+04
  0.3940E-01  0.1005E+04  0.5508E+01  0.9965E+03  0.9965E+03
  0.4033E-01  0.9191E+03  0.5022E+01  0.9126E+03  0.9126E+03
  0.4126E-01  0.8469E+03  0.4982E+01  0.8374E+03  0.8374E+03
  0.4219E-01  0.7619E+03  0.4777E+01  0.7700E+03  0.7700E+03
  0.4312E-01  0.7049E+03  0.4737E+01  0.7096E+03  0.7096E+03
  0.4405E-01  0.6555E+03  0.4697E+01  0.6553E+03  0.6553E+03
  0.4498E-01  0.6053E+03  0.4474E+01  0.6063E+03  0.6063E+03
  0.4591E-01  0.5607E+03  0.4450E+01  0.5618E+03  0.5618E+03
  0.4684E-01  0.5162E+03  0.4282E+01  0.5212E+03  0.5212E+03
  0.4777E-01  0.4815E+03  0.4196E+01  0.4841E+03  0.4841E+03
  0.4870E-01  0.4483E+03  0.4101E+01  0.4503E+03  0.4503E+03
  0.4963E-01  0.4254E+03  0.3995E+01  0.4194E+03  0.4194E+03
  0.5056E-01  0.3956E+03  0.3993E+01  0.3914E+03  0.3914E+03
  0.5149E-01  0.3713E+03  0.3948E+01  0.3663E+03  0.3663E+03
  0.5242E-01  0.3436E+03  0.3895E+01  0.3438E+03  0.3438E+03
  0.5335E-01  0.3252E+03  0.3746E+01  0.3240E+03  0.3240E+03
  0.5428E-01  0.3087E+03  0.4006E+01  0.3066E+03  0.3066E+03
  0.5521E-01  0.2850E+03  0.3576E+01  0.2913E+03  0.2913E+03
  0.5613E-01  0.2669E+03  0.3527E+01  0.2779E+03  0.2779E+03
  0.5706E-01  0.2681E+03  0.3568E+01  0.2659E+03  0.2659E+03
  0.5799E-01  0.2563E+03  0.3380E+01  0.2553E+03  0.2553E+03
  0.5892E-01  0.2545E+03  0.3421E+01  0.2455E+03  0.2455E+03
  0.5985E-01  0.2414E+03  0.3490E+01  0.2365E+03  0.2365E+03
  0.6078E-01  0.2231E+03  0.3413E+01  0.2282E+03  0.2282E+03
  0.6171E-01  0.2176E+03  0.3487E+01  0.2203E+03  0.2203E+03
  0.6264E-01  0.2085E+03  0.3458E+01  0.2130E+03  0.2130E+03
  0.6357E-01  0.2034E+03  0.3422E+01  0.2061E+03  0.2061E+03
  0.6450E-01  0.2035E+03  0.3383E+01  0.1998E+03  0.1998E+03
  0.6543E-01  0.2008E+03  0.3287E+01  0.1940E+03  0.1940E+03
  0.6636E-01  0.1887E+03  0.3353E+01  0.1886E+03  0.1886E+03
  0.6729E-01  0.1878E+03  0.3124E+01  0.1837E+03  0.1837E+03
  0.6822E-01  0.1742E+03  0.3184E+01  0.1792E+03  0.1792E+03
  0.6915E-01  0.1728E+03  0.3017E+01  0.1750E+03  0.1750E+03
  0.7008E-01  0.1689E+03  0.3003E+01  0.1710E+03  0.1710E+03
  0.7101E-01  0.1657E+03  0.3049E+01  0.1670E+03  0.1670E+03
  0.7194E-01  0.1602E+03  0.2968E+01  0.1632E+03  0.1632E+03
  0.7287E-01  0.1636E+03  0.3065E+01  0.1594E+03  0.1594E+03
  0.7380E-01  0.1563E+03  0.2980E+01  0.1557E+03  0.1557E+03
  0.7473E-01  0.1564E+03  0.3068E+01  0.1520E+03  0.1520E+03
  0.7566E-01  0.1435E+03  0.3093E+01  0.1484E+03  0.1484E+03
  0.7659E-01  0.1481E+03  0.3029E+01  0.1450E+03  0.1450E+03
  0.7752E-01  0.1446E+03  0.3065E+01  0.1417E+03  0.1417E+03
  0.7845E-01  0.1416E+03  0.2987E+01  0.1386E+03  0.1386E+03
  0.7938E-01  0.1323E+03  0.2914E+01  0.1356E+03  0.1356E+03
  0.8031E-01  0.1306E+03  0.2927E+01  0.1328E+03  0.1328E+03
  0.8123E-01  0.1287E+03  0.2849E+01  0.1300E+03  0.1300E+03
  0.8216E-01  0.1240E+03  0.2917E+01  0.1272E+03  0.1272E+03
  0.8309E-01  0.1211E+03  0.2760E+01  0.1244E+03  0.1244E+03
  0.8402E-01  0.1230E+03  0.2752E+01  0.1217E+03  0.1217E+03
  0.8495E-01  0.1221E+03  0.2738E+01  0.1189E+03  0.1189E+03
  0.8588E-01  0.1183E+03  0.2687E+01  0.1161E+03  0.1161E+03
  0.8681E-01  0.1163E+03  0.2718E+01  0.1135E+03  0.1135E+03
  0.8774E-01  0.1134E+03  0.2673E+01  0.1110E+03  0.1110E+03
  0.8867E-01  0.1094E+03  0.2751E+01  0.1087E+03  0.1087E+03
  0.8960E-01  0.1021E+03  0.2684E+01  0.1066E+03  0.1066E+03
  0.9053E-01  0.9933E+02  0.2689E+01  0.1048E+03  0.1048E+03
  0.9146E-01  0.1045E+03  0.2705E+01  0.1032E+03  0.1032E+03
  0.9239E-01  0.1022E+03  0.2614E+01  0.1018E+03  0.1018E+03
  0.9332E-01  0.1021E+03  0.2698E+01  0.1005E+03  0.1005E+03
  0.9425E-01  0.9939E+02  0.2635E+01  0.9920E+02  0.9920E+02
  0.9518E-01  0.9738E+02  0.2630E+01  0.9788E+02  0.9788E+02
  0.9611E-01  0.9685E+02  0.2579E+01  0.9642E+02  0.9642E+02
  0.9704E-01  0.9331E+02  0.2527E+01  0.9476E+02  0.9476E+02
  0.9797E-01  0.9385E+02  0.2551E+01  0.9290E+02  0.9290E+02
  0.9890E-01  0.9294E+02  0.2498E+01  0.9083E+02  0.9083E+02
  0.9983E-01  0.8858E+02  0.2503E+01  0.8861E+02  0.8861E+02
  0.1008E+00  0.8610E+02  0.2470E+01  0.8629E+02  0.8629E+02
  0.1017E+00  0.8533E+02  0.2445E+01  0.8399E+02  0.8399E+02
  0.1026E+00  0.7938E+02  0.2425E+01  0.8176E+02  0.8176E+02
  0.1035E+00  0.7896E+02  0.2347E+01  0.7971E+02  0.7971E+02
  0.1045E+00  0.7640E+02  0.2407E+01  0.7788E+02  0.7788E+02
  0.1054E+00  0.7849E+02  0.2369E+01  0.7628E+02  0.7628E+02
  0.1063E+00  0.7388E+02  0.2386E+01  0.7492E+02  0.7492E+02
  0.1073E+00  0.7346E+02  0.2405E+01  0.7377E+02  0.7377E+02
  0.1082E+00  0.7296E+02  0.2418E+01  0.7273E+02  0.7273E+02
  0.1091E+00  0.7472E+02  0.2447E+01  0.7179E+02  0.7179E+02
  0.1101E+00  0.6901E+02  0.2371E+01  0.7088E+02  0.7088E+02
  0.1110E+00  0.6922E+02  0.2384E+01  0.6991E+02  0.6991E+02
  0.1119E+00  0.7296E+02  0.2398E+01  0.6888E+02  0.6888E+02
  0.1128E+00  0.6601E+02  0.2295E+01  0.6782E+02  0.6782E+02
  0.1138E+00  0.6449E+02  0.2270E+01  0.6672E+02  0.6672E+02
  0.1147E+00  0.6652E+02  0.2296E+01  0.6568E+02  0.6568E+02
  0.1156E+00  0.6549E+02  0.2298E+01  0.6476E+02  0.6476E+02
  0.1166E+00  0.6255E+02  0.2308E+01  0.6402E+02  0.6402E+02
  0.1175E+00  0.6183E+02  0.2311E+01  0.6354E+02  0.6354E+02
  0.1184E+00  0.6759E+02  0.2352E+01  0.6332E+02  0.6332E+02
  0.1193E+00  0.6111E+02  0.2345E+01  0.6336E+02  0.6336E+02
  0.1203E+00  0.6610E+02  0.2347E+01  0.6360E+02  0.6360E+02
  0.1212E+00  0.6066E+02  0.2306E+01  0.6394E+02  0.6394E+02

           Distance distribution  function of particle  


       R          P(R)      ERROR

  0.0000E+00  0.0000E+00  0.0000E+00
  0.6171E+01  0.5325E+00  0.5469E-01
  0.1234E+02  0.1240E+01  0.3241E-01
  0.1851E+02  0.2109E+01  0.2470E-01
  0.2468E+02  0.3115E+01  0.6837E-01
  0.3086E+02  0.4230E+01  0.6923E-01
  0.3703E+02  0.5425E+01  0.2719E-01
  0.4320E+02  0.6667E+01  0.3382E-01
  0.4937E+02  0.7915E+01  0.7429E-01
  0.5554E+02  0.9126E+01  0.7289E-01
  0.6171E+02  0.1025E+02  0.3205E-01
  0.6788E+02  0.1124E+02  0.3551E-01
  0.7405E+02  0.1206E+02  0.7636E-01
  0.8023E+02  0.1272E+02  0.7785E-01
  0.8640E+02  0.1321E+02  0.4072E-01
  0.9257E+02  0.1355E+02  0.3636E-01
  0.9874E+02  0.1375E+02  0.7716E-01
  0.1049E+03  0.1382E+02  0.8335E-01
  0.1111E+03  0.1376E+02  0.5193E-01
  0.1173E+03  0.1358E+02  0.4087E-01
  0.1234E+03  0.1330E+02  0.7807E-01
  0.1296E+03  0.1294E+02  0.8846E-01
  0.1358E+03  0.1254E+02  0.6438E-01
  0.1419E+03  0.1215E+02  0.5401E-01
  0.1481E+03  0.1176E+02  0.8495E-01
  0.1543E+03  0.1139E+02  0.9639E-01
  0.1605E+03  0.1102E+02  0.7485E-01
  0.1666E+03  0.1062E+02  0.6228E-01
  0.1728E+03  0.1020E+02  0.9121E-01
  0.1790E+03  0.9749E+01  0.1067E+00
  0.1851E+03  0.9314E+01  0.9077E-01
  0.1913E+03  0.8918E+01  0.7868E-01
  0.1975E+03  0.8576E+01  0.1030E+00
  0.2037E+03  0.8278E+01  0.1198E+00
  0.2098E+03  0.7992E+01  0.1055E+00
  0.2160E+03  0.7684E+01  0.8750E-01
  0.2222E+03  0.7332E+01  0.1042E+00
  0.2283E+03  0.6945E+01  0.1219E+00
  0.2345E+03  0.6560E+01  0.1131E+00
  0.2407E+03  0.6221E+01  0.1024E+00
  0.2468E+03  0.5958E+01  0.1232E+00
  0.2530E+03  0.5770E+01  0.1442E+00
  0.2592E+03  0.5621E+01  0.1371E+00
  0.2654E+03  0.5458E+01  0.1201E+00
  0.2715E+03  0.5243E+01  0.1297E+00
  0.2777E+03  0.4972E+01  0.1474E+00
  0.2839E+03  0.4675E+01  0.1428E+00
  0.2900E+03  0.4402E+01  0.1318E+00
  0.2962E+03  0.4195E+01  0.1483E+00
  0.3024E+03  0.4062E+01  0.1698E+00
  0.3086E+03  0.3969E+01  0.1620E+00
  0.3147E+03  0.3863E+01  0.1354E+00
  0.3209E+03  0.3700E+01  0.1346E+00
  0.3271E+03  0.3471E+01  0.1550E+00
  0.3332E+03  0.3209E+01  0.1546E+00
  0.3394E+03  0.2971E+01  0.1392E+00
  0.3456E+03  0.2799E+01  0.1485E+00
  0.3518E+03  0.2698E+01  0.1711E+00
  0.3579E+03  0.2625E+01  0.1648E+00
  0.3641E+03  0.2520E+01  0.1337E+00
  0.3703E+03  0.2338E+01  0.1303E+00
  0.3764E+03  0.2085E+01  0.1557E+00
  0.3826E+03  0.1820E+01  0.1570E+00
  0.3888E+03  0.1619E+01  0.1373E+00
  0.3950E+03  0.1532E+01  0.1486E+00
  0.4011E+03  0.1539E+01  0.1767E+00
  0.4073E+03  0.1560E+01  0.1663E+00
  0.4135E+03  0.1495E+01  0.1218E+00
  0.4196E+03  0.1292E+01  0.1210E+00
  0.4258E+03  0.9900E+00  0.1562E+00
  0.4320E+03  0.7054E+00  0.1499E+00
  0.4382E+03  0.5638E+00  0.1270E+00
  0.4443E+03  0.6079E+00  0.1658E+00
  0.4505E+03  0.7475E+00  0.1945E+00
  0.4567E+03  0.8013E+00  0.1443E+00
  0.4628E+03  0.6267E+00  0.1078E+00
  0.4690E+03  0.2657E+00  0.1886E+00
  0.4752E+03 -0.1608E-01  0.1817E+00
  0.4814E+03  0.8585E-01  0.1466E+00
  0.4875E+03  0.4658E+00  0.2772E+00
  0.4937E+03  0.0000E+00  0.0000E+00
          Reciprocal space: Rg =  138.48     , I(0) =   0.3606E+05
     Real space: Rg =  139.51 +- 1.401  I(0) =   0.3607E+05 +-  0.4168E+03
