
           ####    G N O M   ---   Version 4.5a revised 09/02/02     ####

                                                  Sun Nov  5 11:42:12 2017
           ===    Run No   1   ===
 Run title:  0.000356363 0 0


  Number of points omitted at the end:         519
   *******   Working Directory :
   *******    Input file(s) : 24367_01C_S010_0_01.sub
           Condition P(rmin) = 0 is used. 
           Condition P(rmax) = 0 is used. 

 Warning: Dmax*Smin =  3.341   is greater than Pi !


          Experimental conditions for the first run
          -----------------------------------------

          Highest ALPHA is found to be   0.8989E+05

  The measure of inconsistency AN1 equals to    0.7527E+00
     Alpha    Discrp  Oscill  Stabil  Sysdev  Positv  Valcen    Total   
  0.8989E+08134.4640  1.9861  0.9895  0.0000  1.0000  0.6802  0.00001
  0.1798E+08134.1965  1.9853  0.9871  0.0000  1.0000  0.6802  0.00001
  0.3596E+07132.8844  1.9816  0.9755  0.0000  1.0000  0.6805  0.00001
  0.7191E+06126.9019  1.9635  0.9227  0.0000  1.0000  0.6818  0.00001
  0.1438E+06106.5676  1.8908  0.7498  0.0000  1.0000  0.6876  0.00001
  0.2877E+05 71.7259  1.7383  0.5081  0.0161  1.0000  0.7060  0.00001
  0.5753E+04 36.4497  1.6550  0.3214  0.0484  1.0000  0.7400  0.00001
  0.1151E+04 12.3235  1.6040  0.1535  0.4032  1.0000  0.7776  0.00001
  0.2301E+03  3.3368  1.5417  0.0644  0.6290  1.0000  0.8028  0.00001
  0.4602E+02  1.4473  1.4991  0.0251  0.8226  1.0000  0.8143  0.53639
  0.9205E+01  1.2479  1.4836  0.0102  0.8871  1.0000  0.8182  0.57504
  0.1841E+01  1.1970  1.4931  0.0094  0.8871  1.0000  0.8194  0.10000
  0.3682E+00  1.1547  1.5634  0.0108  0.8387  1.0000  0.8198  0.10000
  0.7364E-01  1.1320  1.7477  0.0228  0.8387  1.0000  0.8200  0.10000
  0.1473E-01  1.1128  2.3660  0.0311  0.8226  0.9999  0.8197  0.10000
  0.2946E-02  1.1039  3.3236  0.0561  0.8226  0.9993  0.8186  0.10000
  0.5891E-03  1.0965  5.9482  0.1217  0.7903  0.9964  0.8111  0.10000
  0.1178E-03  1.0905 10.7726  0.2144  0.7903  0.9827  0.7763  0.10000
  0.2356E-04  1.0832 20.2773  0.5916  0.7903  0.9120  0.5884  0.10000
  0.4713E-05  1.0708 26.2309  0.5740  0.7903  0.7921  0.2448  0.10000
  0.9426E-06  1.0542 27.3508  0.9205  0.7581  0.7465  0.1926  0.10000
  0.1885E-06  1.0092 24.9978  0.7777  0.7903  0.7180  0.2196  0.10000
  0.3770E-07  0.9340 25.4591  0.5089  0.8065  0.7092  0.2484  0.10000
  0.7541E-08  0.8649 28.6626  0.5194  0.8065  0.7014  0.2896  0.10000
  0.1508E-08  0.7672 34.7135  0.6293  0.8387  0.7319  0.2731  0.10000
  0.3016E-09  0.5831 38.8252  0.5744  0.9677  0.7627  0.3206  0.10000
  0.6033E-10  0.3306 40.5208  0.4019  0.9677  0.7552  0.3205  0.10000
  0.1207E-10  0.1218 41.5397  0.1821  1.0323  0.7352  0.3423  0.10000
  0.2413E-11  0.0309 42.1436  0.0540  1.0323  0.7263  0.3452  0.10000
  0.4826E-12  0.0066 42.3364  0.0122  1.0323  0.7238  0.3451  0.10000
  0.9652E-13  0.0013 42.3799  0.0025  1.0323  0.7233  0.3451  0.10000

          ***  Golden section search to maximize estimate ***
     Alpha    Discrp  Oscill  Stabil  Sysdev  Positv  Valcen    Total   
  0.1702E+02  1.2818  1.4869  0.0137  0.8548  1.0000  0.8172  0.55741
  0.1063E+00  1.1366  1.6830  0.0184  0.8387  1.0000  0.8199  0.10000
  0.1164E+02  1.2585  1.4845  0.0113  0.8871  1.0000  0.8179  0.57933
  0.1346E+02  1.2663  1.4853  0.0121  0.8548  1.0000  0.8176  0.55323
  0.1064E+02  1.2542  1.4841  0.0108  0.8871  1.0000  0.8180  0.57768
  0.1230E+02  1.2614  1.4848  0.0116  0.8548  1.0000  0.8178  0.55158
  0.1125E+02  1.2569  1.4844  0.0111  0.8871  1.0000  0.8179  0.57870
  0.1189E+02  1.2596  1.4846  0.0114  0.8871  1.0000  0.8178  0.57971
  0.1205E+02  1.2603  1.4847  0.0115  0.8871  1.0000  0.8178  0.57995
  0.1214E+02  1.2607  1.4848  0.0115  0.8871  1.0000  0.8178  0.58010
  0.1221E+02  1.2610  1.4848  0.0116  0.8548  1.0000  0.8178  0.55143
  0.1211E+02  1.2605  1.4847  0.0115  0.8871  1.0000  0.8178  0.58005
  0.1217E+02  1.2608  1.4848  0.0115  0.8548  1.0000  0.8178  0.55138
  0.1214E+02  1.2607  1.4848  0.0115  0.8871  1.0000  0.8178  0.58010



             ####            Final results            ####

 Parameter    DISCRP    OSCILL    STABIL    SYSDEV    POSITV    VALCEN
 Weight        1.000     3.000     3.000     4.000     1.000     1.000
 Sigma         0.500     0.600     0.120     0.200     0.120     0.120
 Ideal         1.000     1.100     0.000     1.000     1.000     0.950
 Current       1.261     1.485     0.012     0.887     1.000     0.818
                - - - - - - - - - - - - - - - - - - - - - - - - - 
 Estimate      0.762     0.663     0.991     0.727     1.000     0.297

  Angular   range    :     from    0.0078   to    0.1231
  Real space range   :     from      0.00   to    428.70

  Highest ALPHA (theor) :   0.899E+08                 JOB = 0
  Current ALPHA         :   0.121E+02   Rg :  0.127E+03   I(0) :   0.190E+05

           Total  estimate : 0.580  which is  A REASONABLE  solution

      S          J EXP       ERROR       J REG       I REG

  0.0000E+00                                      0.1897E+05
  0.9742E-03                                      0.1888E+05
  0.1948E-02                                      0.1859E+05
  0.2923E-02                                      0.1812E+05
  0.3897E-02                                      0.1749E+05
  0.4871E-02                                      0.1672E+05
  0.5845E-02                                      0.1584E+05
  0.6819E-02                                      0.1487E+05
  0.7793E-02  0.1458E+05  0.1677E+03  0.1385E+05  0.1385E+05
  0.8723E-02  0.1382E+05  0.1611E+03  0.1285E+05  0.1285E+05
  0.9653E-02  0.1227E+05  0.1302E+03  0.1185E+05  0.1185E+05
  0.1058E-01  0.1110E+05  0.1027E+03  0.1087E+05  0.1087E+05
  0.1151E-01  0.1004E+05  0.6307E+02  0.9935E+04  0.9935E+04
  0.1244E-01  0.8973E+04  0.4516E+02  0.9047E+04  0.9047E+04
  0.1337E-01  0.8122E+04  0.3286E+02  0.8219E+04  0.8219E+04
  0.1430E-01  0.7405E+04  0.2740E+02  0.7458E+04  0.7458E+04
  0.1523E-01  0.6746E+04  0.2317E+02  0.6764E+04  0.6764E+04
  0.1616E-01  0.6164E+04  0.1978E+02  0.6137E+04  0.6137E+04
  0.1709E-01  0.5565E+04  0.1772E+02  0.5573E+04  0.5573E+04
  0.1802E-01  0.5100E+04  0.1605E+02  0.5068E+04  0.5068E+04
  0.1895E-01  0.4647E+04  0.1506E+02  0.4614E+04  0.4614E+04
  0.1988E-01  0.4231E+04  0.1394E+02  0.4206E+04  0.4206E+04
  0.2081E-01  0.3869E+04  0.1200E+02  0.3838E+04  0.3838E+04
  0.2174E-01  0.3504E+04  0.1127E+02  0.3504E+04  0.3504E+04
  0.2267E-01  0.3205E+04  0.1051E+02  0.3198E+04  0.3198E+04
  0.2360E-01  0.2923E+04  0.1030E+02  0.2918E+04  0.2918E+04
  0.2453E-01  0.2651E+04  0.8621E+01  0.2659E+04  0.2659E+04
  0.2546E-01  0.2406E+04  0.8103E+01  0.2421E+04  0.2421E+04
  0.2639E-01  0.2181E+04  0.7692E+01  0.2201E+04  0.2201E+04
  0.2732E-01  0.1990E+04  0.7050E+01  0.1998E+04  0.1998E+04
  0.2825E-01  0.1821E+04  0.7044E+01  0.1813E+04  0.1813E+04
  0.2918E-01  0.1651E+04  0.6557E+01  0.1643E+04  0.1643E+04
  0.3010E-01  0.1489E+04  0.6397E+01  0.1489E+04  0.1489E+04
  0.3103E-01  0.1353E+04  0.6046E+01  0.1351E+04  0.1351E+04
  0.3196E-01  0.1241E+04  0.5613E+01  0.1226E+04  0.1226E+04
  0.3289E-01  0.1114E+04  0.5567E+01  0.1114E+04  0.1114E+04
  0.3382E-01  0.1009E+04  0.5173E+01  0.1014E+04  0.1014E+04
  0.3475E-01  0.9331E+03  0.5109E+01  0.9244E+03  0.9244E+03
  0.3568E-01  0.8419E+03  0.4762E+01  0.8441E+03  0.8441E+03
  0.3661E-01  0.7709E+03  0.4555E+01  0.7718E+03  0.7718E+03
  0.3754E-01  0.7035E+03  0.4367E+01  0.7064E+03  0.7064E+03
  0.3847E-01  0.6401E+03  0.4125E+01  0.6470E+03  0.6470E+03
  0.3940E-01  0.5947E+03  0.4200E+01  0.5929E+03  0.5929E+03
  0.4033E-01  0.5388E+03  0.3998E+01  0.5436E+03  0.5436E+03
  0.4126E-01  0.4954E+03  0.3972E+01  0.4986E+03  0.4986E+03
  0.4219E-01  0.4606E+03  0.3840E+01  0.4578E+03  0.4578E+03
  0.4312E-01  0.4234E+03  0.3913E+01  0.4208E+03  0.4208E+03
  0.4405E-01  0.3857E+03  0.3997E+01  0.3875E+03  0.3875E+03
  0.4498E-01  0.3606E+03  0.3772E+01  0.3577E+03  0.3577E+03
  0.4591E-01  0.3269E+03  0.3724E+01  0.3312E+03  0.3312E+03
  0.4684E-01  0.3081E+03  0.3706E+01  0.3076E+03  0.3076E+03
  0.4777E-01  0.2879E+03  0.3618E+01  0.2867E+03  0.2867E+03
  0.4870E-01  0.2714E+03  0.3542E+01  0.2680E+03  0.2680E+03
  0.4963E-01  0.2509E+03  0.3412E+01  0.2513E+03  0.2513E+03
  0.5056E-01  0.2369E+03  0.3332E+01  0.2362E+03  0.2362E+03
  0.5149E-01  0.2274E+03  0.3322E+01  0.2224E+03  0.2224E+03
  0.5242E-01  0.2081E+03  0.3315E+01  0.2096E+03  0.2096E+03
  0.5335E-01  0.1893E+03  0.3189E+01  0.1977E+03  0.1977E+03
  0.5428E-01  0.1819E+03  0.3492E+01  0.1867E+03  0.1867E+03
  0.5521E-01  0.1827E+03  0.3217E+01  0.1765E+03  0.1765E+03
  0.5613E-01  0.1649E+03  0.3076E+01  0.1672E+03  0.1672E+03
  0.5706E-01  0.1488E+03  0.3059E+01  0.1588E+03  0.1588E+03
  0.5799E-01  0.1464E+03  0.3027E+01  0.1513E+03  0.1513E+03
  0.5892E-01  0.1539E+03  0.3067E+01  0.1448E+03  0.1448E+03
  0.5985E-01  0.1432E+03  0.3081E+01  0.1392E+03  0.1392E+03
  0.6078E-01  0.1381E+03  0.2960E+01  0.1346E+03  0.1346E+03
  0.6171E-01  0.1350E+03  0.3079E+01  0.1308E+03  0.1308E+03
  0.6264E-01  0.1284E+03  0.3072E+01  0.1276E+03  0.1276E+03
  0.6357E-01  0.1234E+03  0.3120E+01  0.1249E+03  0.1249E+03
  0.6450E-01  0.1182E+03  0.2979E+01  0.1226E+03  0.1226E+03
  0.6543E-01  0.1171E+03  0.2895E+01  0.1203E+03  0.1203E+03
  0.6636E-01  0.1184E+03  0.2947E+01  0.1181E+03  0.1181E+03
  0.6729E-01  0.1138E+03  0.2729E+01  0.1157E+03  0.1157E+03
  0.6822E-01  0.1115E+03  0.2796E+01  0.1131E+03  0.1131E+03
  0.6915E-01  0.1139E+03  0.2754E+01  0.1103E+03  0.1103E+03
  0.7008E-01  0.1092E+03  0.2634E+01  0.1074E+03  0.1074E+03
  0.7101E-01  0.1005E+03  0.2655E+01  0.1044E+03  0.1044E+03
  0.7194E-01  0.9838E+02  0.2617E+01  0.1014E+03  0.1014E+03
  0.7287E-01  0.1029E+03  0.2643E+01  0.9842E+02  0.9842E+02
  0.7380E-01  0.9735E+02  0.2600E+01  0.9562E+02  0.9562E+02
  0.7473E-01  0.9138E+02  0.2721E+01  0.9304E+02  0.9304E+02
  0.7566E-01  0.9476E+02  0.2756E+01  0.9069E+02  0.9069E+02
  0.7659E-01  0.9088E+02  0.2683E+01  0.8859E+02  0.8859E+02
  0.7752E-01  0.8665E+02  0.2726E+01  0.8669E+02  0.8669E+02
  0.7845E-01  0.8255E+02  0.2670E+01  0.8494E+02  0.8494E+02
  0.7938E-01  0.7656E+02  0.2635E+01  0.8331E+02  0.8331E+02
  0.8031E-01  0.8502E+02  0.2583E+01  0.8169E+02  0.8169E+02
  0.8123E-01  0.8126E+02  0.2501E+01  0.8005E+02  0.8005E+02
  0.8216E-01  0.7492E+02  0.2516E+01  0.7834E+02  0.7834E+02
  0.8309E-01  0.8030E+02  0.2436E+01  0.7654E+02  0.7654E+02
  0.8402E-01  0.7750E+02  0.2455E+01  0.7468E+02  0.7468E+02
  0.8495E-01  0.7033E+02  0.2465E+01  0.7274E+02  0.7274E+02
  0.8588E-01  0.7147E+02  0.2397E+01  0.7078E+02  0.7078E+02
  0.8681E-01  0.6830E+02  0.2429E+01  0.6885E+02  0.6885E+02
  0.8774E-01  0.6372E+02  0.2370E+01  0.6699E+02  0.6699E+02
  0.8867E-01  0.6338E+02  0.2417E+01  0.6524E+02  0.6524E+02
  0.8960E-01  0.6278E+02  0.2381E+01  0.6362E+02  0.6362E+02
  0.9053E-01  0.6316E+02  0.2380E+01  0.6216E+02  0.6216E+02
  0.9146E-01  0.6221E+02  0.2380E+01  0.6083E+02  0.6083E+02
  0.9239E-01  0.6110E+02  0.2389E+01  0.5963E+02  0.5963E+02
  0.9332E-01  0.6277E+02  0.2369E+01  0.5853E+02  0.5853E+02
  0.9425E-01  0.5928E+02  0.2324E+01  0.5750E+02  0.5750E+02
  0.9518E-01  0.5778E+02  0.2311E+01  0.5648E+02  0.5648E+02
  0.9611E-01  0.5711E+02  0.2289E+01  0.5548E+02  0.5548E+02
  0.9704E-01  0.5255E+02  0.2232E+01  0.5447E+02  0.5447E+02
  0.9797E-01  0.4613E+02  0.2304E+01  0.5345E+02  0.5345E+02
  0.9890E-01  0.5079E+02  0.2253E+01  0.5243E+02  0.5243E+02
  0.9983E-01  0.4657E+02  0.2246E+01  0.5143E+02  0.5143E+02
  0.1008E+00  0.4909E+02  0.2215E+01  0.5047E+02  0.5047E+02
  0.1017E+00  0.5217E+02  0.2184E+01  0.4956E+02  0.4956E+02
  0.1026E+00  0.4836E+02  0.2197E+01  0.4872E+02  0.4872E+02
  0.1035E+00  0.4990E+02  0.2110E+01  0.4798E+02  0.4798E+02
  0.1045E+00  0.5016E+02  0.2139E+01  0.4730E+02  0.4730E+02
  0.1054E+00  0.5260E+02  0.2119E+01  0.4669E+02  0.4669E+02
  0.1063E+00  0.5063E+02  0.2152E+01  0.4612E+02  0.4612E+02
  0.1073E+00  0.4269E+02  0.2173E+01  0.4556E+02  0.4556E+02
  0.1082E+00  0.4188E+02  0.2154E+01  0.4497E+02  0.4497E+02
  0.1091E+00  0.4259E+02  0.2162E+01  0.4433E+02  0.4433E+02
  0.1101E+00  0.4115E+02  0.2127E+01  0.4363E+02  0.4363E+02
  0.1110E+00  0.4115E+02  0.2117E+01  0.4285E+02  0.4285E+02
  0.1119E+00  0.4394E+02  0.2092E+01  0.4200E+02  0.4200E+02
  0.1128E+00  0.4079E+02  0.2047E+01  0.4110E+02  0.4110E+02
  0.1138E+00  0.3934E+02  0.2040E+01  0.4017E+02  0.4017E+02
  0.1147E+00  0.3750E+02  0.2034E+01  0.3926E+02  0.3926E+02
  0.1156E+00  0.4091E+02  0.2035E+01  0.3840E+02  0.3840E+02
  0.1166E+00  0.3872E+02  0.2051E+01  0.3762E+02  0.3762E+02
  0.1175E+00  0.3624E+02  0.2097E+01  0.3694E+02  0.3694E+02
  0.1184E+00  0.3695E+02  0.2106E+01  0.3637E+02  0.3637E+02
  0.1193E+00  0.3376E+02  0.2103E+01  0.3592E+02  0.3592E+02
  0.1203E+00  0.3899E+02  0.2118E+01  0.3556E+02  0.3556E+02
  0.1212E+00  0.3549E+02  0.2072E+01  0.3528E+02  0.3528E+02
  0.1221E+00  0.3435E+02  0.2103E+01  0.3502E+02  0.3502E+02
  0.1231E+00  0.3328E+02  0.2083E+01  0.3476E+02  0.3476E+02

           Distance distribution  function of particle  


       R          P(R)      ERROR

  0.0000E+00  0.0000E+00  0.0000E+00
  0.5359E+01  0.2687E+00  0.3108E-02
  0.1072E+02  0.6121E+00  0.2857E-02
  0.1608E+02  0.1027E+01  0.1500E-02
  0.2143E+02  0.1506E+01  0.3210E-02
  0.2679E+02  0.2041E+01  0.4756E-02
  0.3215E+02  0.2619E+01  0.4645E-02
  0.3751E+02  0.3227E+01  0.3585E-02
  0.4287E+02  0.3849E+01  0.4169E-02
  0.4823E+02  0.4468E+01  0.6285E-02
  0.5359E+02  0.5067E+01  0.7805E-02
  0.5895E+02  0.5631E+01  0.8278E-02
  0.6430E+02  0.6146E+01  0.8584E-02
  0.6966E+02  0.6604E+01  0.9733E-02
  0.7502E+02  0.6996E+01  0.1137E-01
  0.8038E+02  0.7318E+01  0.1255E-01
  0.8574E+02  0.7568E+01  0.1306E-01
  0.9110E+02  0.7746E+01  0.1358E-01
  0.9646E+02  0.7855E+01  0.1471E-01
  0.1018E+03  0.7897E+01  0.1617E-01
  0.1072E+03  0.7877E+01  0.1736E-01
  0.1125E+03  0.7802E+01  0.1822E-01
  0.1179E+03  0.7679E+01  0.1932E-01
  0.1233E+03  0.7519E+01  0.2105E-01
  0.1286E+03  0.7329E+01  0.2316E-01
  0.1340E+03  0.7119E+01  0.2514E-01
  0.1393E+03  0.6899E+01  0.2686E-01
  0.1447E+03  0.6674E+01  0.2844E-01
  0.1500E+03  0.6451E+01  0.2996E-01
  0.1554E+03  0.6232E+01  0.3121E-01
  0.1608E+03  0.6018E+01  0.3205E-01
  0.1661E+03  0.5810E+01  0.3263E-01
  0.1715E+03  0.5606E+01  0.3329E-01
  0.1768E+03  0.5405E+01  0.3422E-01
  0.1822E+03  0.5205E+01  0.3532E-01
  0.1876E+03  0.5007E+01  0.3650E-01
  0.1929E+03  0.4808E+01  0.3781E-01
  0.1983E+03  0.4611E+01  0.3930E-01
  0.2036E+03  0.4415E+01  0.4076E-01
  0.2090E+03  0.4223E+01  0.4183E-01
  0.2143E+03  0.4036E+01  0.4236E-01
  0.2197E+03  0.3856E+01  0.4261E-01
  0.2251E+03  0.3685E+01  0.4307E-01
  0.2304E+03  0.3524E+01  0.4403E-01
  0.2358E+03  0.3374E+01  0.4545E-01
  0.2411E+03  0.3232E+01  0.4711E-01
  0.2465E+03  0.3099E+01  0.4882E-01
  0.2519E+03  0.2971E+01  0.5038E-01
  0.2572E+03  0.2847E+01  0.5147E-01
  0.2626E+03  0.2726E+01  0.5186E-01
  0.2679E+03  0.2608E+01  0.5156E-01
  0.2733E+03  0.2492E+01  0.5094E-01
  0.2787E+03  0.2381E+01  0.5045E-01
  0.2840E+03  0.2276E+01  0.5036E-01
  0.2894E+03  0.2176E+01  0.5064E-01
  0.2947E+03  0.2080E+01  0.5110E-01
  0.3001E+03  0.1985E+01  0.5159E-01
  0.3054E+03  0.1889E+01  0.5202E-01
  0.3108E+03  0.1788E+01  0.5235E-01
  0.3162E+03  0.1680E+01  0.5258E-01
  0.3215E+03  0.1567E+01  0.5273E-01
  0.3269E+03  0.1451E+01  0.5274E-01
  0.3322E+03  0.1338E+01  0.5237E-01
  0.3376E+03  0.1232E+01  0.5142E-01
  0.3430E+03  0.1139E+01  0.4996E-01
  0.3483E+03  0.1060E+01  0.4829E-01
  0.3537E+03  0.9926E+00  0.4672E-01
  0.3590E+03  0.9321E+00  0.4521E-01
  0.3644E+03  0.8723E+00  0.4345E-01
  0.3698E+03  0.8077E+00  0.4138E-01
  0.3751E+03  0.7358E+00  0.3939E-01
  0.3805E+03  0.6581E+00  0.3808E-01
  0.3858E+03  0.5801E+00  0.3758E-01
  0.3912E+03  0.5091E+00  0.3740E-01
  0.3965E+03  0.4516E+00  0.3692E-01
  0.4019E+03  0.4091E+00  0.3580E-01
  0.4073E+03  0.3765E+00  0.3382E-01
  0.4126E+03  0.3402E+00  0.3046E-01
  0.4180E+03  0.2805E+00  0.2464E-01
  0.4233E+03  0.1741E+00  0.1497E-01
  0.4287E+03  0.0000E+00  0.0000E+00
          Reciprocal space: Rg =  126.79     , I(0) =   0.1897E+05
     Real space: Rg =  127.42 +- 0.694  I(0) =   0.1897E+05 +-  0.1451E+03
