
                         MODELLER 9.15, 2015/05/19, r10497

     PROTEIN STRUCTURE MODELLING BY SATISFACTION OF SPATIAL RESTRAINTS


                     Copyright(c) 1989-2015 Andrej Sali
                            All Rights Reserved

                             Written by A. Sali
                               with help from
              B. Webb, M.S. Madhusudhan, M-Y. Shen, G.Q. Dong,
          M.A. Marti-Renom, N. Eswar, F. Alber, M. Topf, B. Oliva,
             A. Fiser, R. Sanchez, B. Yerkovich, A. Badretdinov,
                     F. Melo, J.P. Overington, E. Feyfant
                 University of California, San Francisco, USA
                    Rockefeller University, New York, USA
                      Harvard University, Cambridge, USA
                   Imperial Cancer Research Fund, London, UK
              Birkbeck College, University of London, London, UK


Kind, OS, HostName, Kernel, Processor: 4, Darwin sjkim 10.8.0 x86_64
Date and time of compilation         : 2015/05/19 10:02:24
MODELLER executable type             : mac10v4-intel64
Job starting time (YY/MM/DD HH:MM:SS): 2015/12/22 02:37:16

openf___224_> Open           $(LIB)/restyp.lib
openf___224_> Open           ${MODINSTALL9v15}/modlib/resgrp.lib
rdresgr_266_> Number of residue groups:        2
openf___224_> Open           ${MODINSTALL9v15}/modlib/sstruc.lib

Dynamically allocated memory at   amaxlibraries [B,KiB,MiB]:       191566     187.076     0.183

Dynamically allocated memory at   amaxlibraries [B,KiB,MiB]:       192094     187.592     0.183
openf___224_> Open           ${MODINSTALL9v15}/modlib/resdih.lib

Dynamically allocated memory at   amaxlibraries [B,KiB,MiB]:       240694     235.053     0.230
rdrdih__263_> Number of dihedral angle types         :        9
              Maximal number of dihedral angle optima:        3
              Dihedral angle names                   :  Alph Phi Psi Omeg chi1 chi2 chi3 chi4 chi5
openf___224_> Open           ${MODINSTALL9v15}/modlib/radii.lib

Dynamically allocated memory at   amaxlibraries [B,KiB,MiB]:       253994     248.041     0.242
openf___224_> Open           ${MODINSTALL9v15}/modlib/radii14.lib
openf___224_> Open           ${MODINSTALL9v15}/modlib/af_mnchdef.lib
rdwilmo_274_> Mainchain residue conformation classes:  APBLE
openf___224_> Open           ${MODINSTALL9v15}/modlib/mnch.lib
rdclass_257_> Number of classes:        5
openf___224_> Open           ${MODINSTALL9v15}/modlib/mnch1.lib
openf___224_> Open           ${MODINSTALL9v15}/modlib/mnch2.lib
openf___224_> Open           ${MODINSTALL9v15}/modlib/mnch3.lib
openf___224_> Open           ${MODINSTALL9v15}/modlib/xs4.mat
rdrrwgh_268_> Number of residue types:       21
openf___224_> Open           Nup159.ali

Dynamically allocated memory at   amaxalignment [B,KiB,MiB]:       256172     250.168     0.244

Dynamically allocated memory at   amaxalignment [B,KiB,MiB]:       257622     251.584     0.246

Dynamically allocated memory at   amaxalignment [B,KiB,MiB]:       260522     254.416     0.248

Dynamically allocated memory at   amaxalignment [B,KiB,MiB]:       266322     260.080     0.254

Dynamically allocated memory at   amaxalignment [B,KiB,MiB]:       383378     374.393     0.366

Dynamically allocated memory at    amaxsequence [B,KiB,MiB]:       384082     375.080     0.366

Dynamically allocated memory at    amaxsequence [B,KiB,MiB]:       384886     375.865     0.367

Read the alignment from file       : Nup159.ali
Total number of alignment positions:   213

  #  Code        #_Res #_Segm PDB_code    Name
-------------------------------------------------------------------------------
  1     5cws_D     177      1      5cws_D Nucleoporin NUP49; nucleocytoplasmic transport, protein transport; 3.77A {Chaeto
  2     Nup159     202      1
openf___224_> Open           Nup159_f.ali
openf___224_> Open           Nup159_f.pap

Sequence identity comparison (ID_TABLE):

   Diagonal       ... number of residues;
   Upper triangle ... number of identical residues;
   Lower triangle ... % sequence identity, id/min(length).

         5cws_D@3Nup159@0
5cws_D@3      177      19
Nup159@0       11     202
check_a_343_> >> BEGINNING OF COMMAND
openf___224_> Open           5cws_D.pdb

Dynamically allocated memory at amaxcoordinates [B,KiB,MiB]:       439711     429.405     0.419

Dynamically allocated memory at    amaxsequence [B,KiB,MiB]:       439711     429.405     0.419

Dynamically allocated memory at amaxcoordinates [B,KiB,MiB]:       439882     429.572     0.420

Dynamically allocated memory at amaxcoordinates [B,KiB,MiB]:       440732     430.402     0.420

Dynamically allocated memory at amaxcoordinates [B,KiB,MiB]:       441990     431.631     0.422

Dynamically allocated memory at amaxcoordinates [B,KiB,MiB]:       443894     433.490     0.423

Dynamically allocated memory at    amaxsequence [B,KiB,MiB]:       443894     433.490     0.423

Dynamically allocated memory at amaxcoordinates [B,KiB,MiB]:       443984     433.578     0.423

Dynamically allocated memory at amaxcoordinates [B,KiB,MiB]:       446840     436.367     0.426

Dynamically allocated memory at    amaxsequence [B,KiB,MiB]:       446840     436.367     0.426

Dynamically allocated memory at amaxcoordinates [B,KiB,MiB]:       446975     436.499     0.426

Dynamically allocated memory at amaxcoordinates [B,KiB,MiB]:       451259     440.683     0.430

Dynamically allocated memory at    amaxsequence [B,KiB,MiB]:       451259     440.683     0.430

Dynamically allocated memory at amaxcoordinates [B,KiB,MiB]:       451457     440.876     0.431

Dynamically allocated memory at amaxcoordinates [B,KiB,MiB]:       457883     447.151     0.437

Dynamically allocated memory at    amaxsequence [B,KiB,MiB]:       457883     447.151     0.437

Dynamically allocated memory at amaxcoordinates [B,KiB,MiB]:       458180     447.441     0.437

Dynamically allocated memory at amaxcoordinates [B,KiB,MiB]:       467802     456.838     0.446

Dynamically allocated memory at    amaxsequence [B,KiB,MiB]:       467802     456.838     0.446

Dynamically allocated memory at amaxcoordinates [B,KiB,MiB]:       468252     457.277     0.447

Dynamically allocated memory at amaxcoordinates [B,KiB,MiB]:       482702     471.389     0.460

Dynamically allocated memory at    amaxsequence [B,KiB,MiB]:       482702     471.389     0.460

Dynamically allocated memory at amaxcoordinates [B,KiB,MiB]:       483377     472.048     0.461

Dynamically allocated memory at amaxcoordinates [B,KiB,MiB]:       505035     493.198     0.482

Dynamically allocated memory at   amaxstructure [B,KiB,MiB]:       504603     492.776     0.481

check_ali___> Checking the sequence-structure alignment. 

Implied target CA(i)-CA(i+1) distances longer than  8.0 angstroms:

ALN_POS  TMPL  RID1  RID2  NAM1  NAM2     DIST
----------------------------------------------
    175     1  427   434      P     L   11.456
END OF TABLE
check_a_344_> << END OF COMMAND
openf___224_> Open           Nup159_f.ali

Dynamically allocated memory at   amaxalignment [B,KiB,MiB]:       515904     503.812     0.492

Dynamically allocated memory at   amaxalignment [B,KiB,MiB]:       517354     505.229     0.493

Dynamically allocated memory at   amaxalignment [B,KiB,MiB]:       520254     508.061     0.496

Dynamically allocated memory at   amaxalignment [B,KiB,MiB]:       526054     513.725     0.502

Dynamically allocated memory at   amaxalignment [B,KiB,MiB]:       643110     628.037     0.613

Dynamically allocated memory at    amaxsequence [B,KiB,MiB]:       643814     628.725     0.614

Dynamically allocated memory at    amaxsequence [B,KiB,MiB]:       644618     629.510     0.615

Read the alignment from file       : Nup159_f.ali
Total number of alignment positions:   213

  #  Code        #_Res #_Segm PDB_code    Name
-------------------------------------------------------------------------------
  1     5cws_D     177      1      5cws_D Nucleoporin NUP49; nucleocytoplasmic transport, protein transport; 3.77A {Chaeto
  2     Nup159     202      1
check_a_343_> >> BEGINNING OF COMMAND
openf___224_> Open           5cws_D.pdb

Dynamically allocated memory at amaxcoordinates [B,KiB,MiB]:       699443     683.050     0.667

Dynamically allocated memory at    amaxsequence [B,KiB,MiB]:       699443     683.050     0.667

Dynamically allocated memory at amaxcoordinates [B,KiB,MiB]:       699614     683.217     0.667

Dynamically allocated memory at amaxcoordinates [B,KiB,MiB]:       700464     684.047     0.668

Dynamically allocated memory at amaxcoordinates [B,KiB,MiB]:       701722     685.275     0.669

Dynamically allocated memory at amaxcoordinates [B,KiB,MiB]:       703626     687.135     0.671

Dynamically allocated memory at    amaxsequence [B,KiB,MiB]:       703626     687.135     0.671

Dynamically allocated memory at amaxcoordinates [B,KiB,MiB]:       703716     687.223     0.671

Dynamically allocated memory at amaxcoordinates [B,KiB,MiB]:       706572     690.012     0.674

Dynamically allocated memory at    amaxsequence [B,KiB,MiB]:       706572     690.012     0.674

Dynamically allocated memory at amaxcoordinates [B,KiB,MiB]:       706707     690.144     0.674

Dynamically allocated memory at amaxcoordinates [B,KiB,MiB]:       710991     694.327     0.678

Dynamically allocated memory at    amaxsequence [B,KiB,MiB]:       710991     694.327     0.678

Dynamically allocated memory at amaxcoordinates [B,KiB,MiB]:       711189     694.521     0.678

Dynamically allocated memory at amaxcoordinates [B,KiB,MiB]:       717615     700.796     0.684

Dynamically allocated memory at    amaxsequence [B,KiB,MiB]:       717615     700.796     0.684

Dynamically allocated memory at amaxcoordinates [B,KiB,MiB]:       717912     701.086     0.685

Dynamically allocated memory at amaxcoordinates [B,KiB,MiB]:       727534     710.482     0.694

Dynamically allocated memory at    amaxsequence [B,KiB,MiB]:       727534     710.482     0.694

Dynamically allocated memory at amaxcoordinates [B,KiB,MiB]:       727984     710.922     0.694

Dynamically allocated memory at amaxcoordinates [B,KiB,MiB]:       742434     725.033     0.708

Dynamically allocated memory at    amaxsequence [B,KiB,MiB]:       742434     725.033     0.708

Dynamically allocated memory at amaxcoordinates [B,KiB,MiB]:       743109     725.692     0.709

Dynamically allocated memory at amaxcoordinates [B,KiB,MiB]:       764767     746.843     0.729

Dynamically allocated memory at   amaxstructure [B,KiB,MiB]:       764335     746.421     0.729

check_ali___> Checking the sequence-structure alignment. 

Implied target CA(i)-CA(i+1) distances longer than  8.0 angstroms:

ALN_POS  TMPL  RID1  RID2  NAM1  NAM2     DIST
----------------------------------------------
    175     1  427   434      P     L   11.456
END OF TABLE
check_a_344_> << END OF COMMAND
openf___224_> Open           ${LIB}/top_heav.lib
read_to_681_> topology.submodel read from topology file:        3
openf___224_> Open           ${LIB}/par.lib

Dynamically allocated memory at  amaxparameters [B,KiB,MiB]:       903587     882.409     0.862

Dynamically allocated memory at  amaxparameters [B,KiB,MiB]:       905187     883.972     0.863

Dynamically allocated memory at  amaxparameters [B,KiB,MiB]:       909167     887.858     0.867

Dynamically allocated memory at  amaxparameters [B,KiB,MiB]:       911167     889.812     0.869

Dynamically allocated memory at  amaxparameters [B,KiB,MiB]:       914167     892.741     0.872

Dynamically allocated memory at  amaxparameters [B,KiB,MiB]:       918667     897.136     0.876

Dynamically allocated memory at  amaxparameters [B,KiB,MiB]:       924239     902.577     0.881

Dynamically allocated memory at  amaxparameters [B,KiB,MiB]:       927039     905.312     0.884

Dynamically allocated memory at  amaxparameters [B,KiB,MiB]:       931239     909.413     0.888

Dynamically allocated memory at  amaxparameters [B,KiB,MiB]:       937539     915.565     0.894

Dynamically allocated memory at  amaxparameters [B,KiB,MiB]:       940311     918.272     0.897

Dynamically allocated memory at  amaxparameters [B,KiB,MiB]:       941711     919.640     0.898
read_pa_232_> parameters    BONDS   ANGLS  DIHEDS IMPROPS    MODE
                              227     561     661     112       0

Dynamically allocated memory at       amaxmodel [B,KiB,MiB]:       973268     950.457     0.928

Dynamically allocated memory at       amaxmodel [B,KiB,MiB]:      1137908    1111.238     1.085

Dynamically allocated memory at       amaxmodel [B,KiB,MiB]:      1162188    1134.949     1.108

mkilst______> segment topology constructed from sequence and RTF:
              segments residues atoms bonds angles dihedrals impropers:
                     1      202  1661  1681      0         0       677

Dynamically allocated memory at       amaxmodel [B,KiB,MiB]:      1231264    1202.406     1.174

patch_______> segment topology patched using RTF:     1  ;  LEU  ;  NTER
              segments residues atoms bonds angles dihedrals impropers:
                     1      202  1661  1681   2264      2621       677


Dynamically allocated memory at       amaxmodel [B,KiB,MiB]:      1308040    1277.383     1.247
patch_______> segment topology patched using RTF:   202  ;  GLU  ;  CTER
              segments residues atoms bonds angles dihedrals impropers:
                     1      202  1662  1682   2266      2623       678

genseg______> segment topology constructed from sequence and RTF:
              segments residues atoms bonds angles dihedrals impropers:
                     1      202  1662  1682   2266      2623       678
transfe_506_> MODEL is an average of all templates.
transfe_511_> Number of templates for coordinate transfer:        1
              After transferring coordinates of the equivalent template atoms,
              there are defined, undefined atoms in MODEL:      981      681
The following 1 residues contain 6-membered rings with poor geometries
after transfer from templates. Rebuilding rings from internal coordinates:
   <Residue 1369:D (type PHE)>
openf___224_> Open           Nup159.ini
wrpdb___568_> Residues, atoms, selected atoms:      202     1662     1662
make_re_417_> Restraint type to be calculated:  stereo

Dynamically allocated memory at  amaxrestraints [B,KiB,MiB]:      1415085    1381.919     1.350

Dynamically allocated memory at  amaxrestraints [B,KiB,MiB]:      1423277    1389.919     1.357

Dynamically allocated memory at  amaxrestraints [B,KiB,MiB]:      1439661    1405.919     1.373

Dynamically allocated memory at  amaxrestraints [B,KiB,MiB]:      1472429    1437.919     1.404

Dynamically allocated memory at  amaxrestraints [B,KiB,MiB]:      1505197    1469.919     1.435

Dynamically allocated memory at  amaxrestraints [B,KiB,MiB]:      1570733    1533.919     1.498

Dynamically allocated memory at  amaxrestraints [B,KiB,MiB]:      1603501    1565.919     1.529

Dynamically allocated memory at  amaxrestraints [B,KiB,MiB]:      1636269    1597.919     1.560

Dynamically allocated memory at  amaxrestraints [B,KiB,MiB]:      1701805    1661.919     1.623

Dynamically allocated memory at  amaxrestraints [B,KiB,MiB]:      1832877    1789.919     1.748

Dynamically allocated memory at  amaxrestraints [B,KiB,MiB]:      1898413    1853.919     1.810
r_stere_606_> Stereochemical restraints were constructed from RTF & PRMF.
              Added bond,angle,dihedral,improper restraints  :     1682    2266    2441     675
              Total number of restraints before, now         :        0     7064
make_re_422_> Number of previous, current restraints         :        0     7064
make_re_423_> Number of previous, current selected restraints:        0     7064
make_re_417_> Restraint type to be calculated:  phi-psi_binormal

Dynamically allocated memory at   amaxstructure [B,KiB,MiB]:      2016778    1969.510     1.923
openf___224_> Open           ${MODINSTALL9v15}/modlib/mnch1.bin
openf___224_> Open           ${MODINSTALL9v15}/modlib/mnch1.mdt
getdata_643_> Protein accepted:  5cws_D
getdata_289_> Proteins (all/accepted):        1        1
iclsbin____W> Undefined value; X,x1,x2,n,bin: 2.000000 0.000000 0.500000 5


Dynamically allocated memory at  amaxrestraints [B,KiB,MiB]:      2082330    2033.525     1.986
make_re_422_> Number of previous, current restraints         :     7064     7264
make_re_423_> Number of previous, current selected restraints:     7064     7264
make_re_417_> Restraint type to be calculated:  omega_dihedral

Dynamically allocated memory at   amaxstructure [B,KiB,MiB]:      2082330    2033.525     1.986
openf___224_> Open           ${MODINSTALL9v15}/modlib/omega.bin
openf___224_> Open           ${MODINSTALL9v15}/modlib/omega.mdt
getdata_643_> Protein accepted:  5cws_D
getdata_289_> Proteins (all/accepted):        1        1
omgdel__425_> Unselected all O C +N +CA dihedrals:      204
              (This is to avoid clashes between STEREO
              and OMEGA_DIHEDRAL restraints)
make_re_422_> Number of previous, current restraints         :     7264     7465
make_re_423_> Number of previous, current selected restraints:     7264     7261
make_re_417_> Restraint type to be calculated:  chi1_dihedral

Dynamically allocated memory at   amaxstructure [B,KiB,MiB]:      2082330    2033.525     1.986
openf___224_> Open           ${MODINSTALL9v15}/modlib/chi1234.bin
openf___224_> Open           ${MODINSTALL9v15}/modlib/chi1.mdt
getdata_643_> Protein accepted:  5cws_D
getdata_289_> Proteins (all/accepted):        1        1
iclsbin____W> Undefined value; X,x1,x2,n,bin: 2.000000 0.000000 0.500000 5

make_re_422_> Number of previous, current restraints         :     7465     7654
make_re_423_> Number of previous, current selected restraints:     7261     7450
make_re_417_> Restraint type to be calculated:  chi2_dihedral

Dynamically allocated memory at   amaxstructure [B,KiB,MiB]:      2082330    2033.525     1.986
openf___224_> Open           ${MODINSTALL9v15}/modlib/chi1234.bin
openf___224_> Open           ${MODINSTALL9v15}/modlib/chi2.mdt
getdata_643_> Protein accepted:  5cws_D
getdata_289_> Proteins (all/accepted):        1        1

Dynamically allocated memory at  amaxrestraints [B,KiB,MiB]:      2213402    2161.525     2.111
make_re_422_> Number of previous, current restraints         :     7654     7806
make_re_423_> Number of previous, current selected restraints:     7450     7602
make_re_417_> Restraint type to be calculated:  chi3_dihedral

Dynamically allocated memory at   amaxstructure [B,KiB,MiB]:      2213402    2161.525     2.111
openf___224_> Open           ${MODINSTALL9v15}/modlib/chi1234.bin
openf___224_> Open           ${MODINSTALL9v15}/modlib/chi3.mdt
getdata_643_> Protein accepted:  5cws_D
getdata_289_> Proteins (all/accepted):        1        1
make_re_422_> Number of previous, current restraints         :     7806     7872
make_re_423_> Number of previous, current selected restraints:     7602     7668
make_re_417_> Restraint type to be calculated:  chi4_dihedral

Dynamically allocated memory at   amaxstructure [B,KiB,MiB]:      2213402    2161.525     2.111
openf___224_> Open           ${MODINSTALL9v15}/modlib/chi1234.bin
openf___224_> Open           ${MODINSTALL9v15}/modlib/chi4.mdt
mdtrsr__446W> A potential that relies on one protein is used, yet you have at
              least one known structure available. MDT, not library, potential is used.
getdata_643_> Protein accepted:  5cws_D
getdata_289_> Proteins (all/accepted):        1        1
make_re_422_> Number of previous, current restraints         :     7872     7901
make_re_423_> Number of previous, current selected restraints:     7668     7697
make_re_417_> Restraint type to be calculated:  DISTANCE

Dynamically allocated memory at amaxhash_contac [B,KiB,MiB]:      2692022    2628.928     2.567

Dynamically allocated memory at  amaxrestraints [B,KiB,MiB]:      2823094    2756.928     2.692
make_re_422_> Number of previous, current restraints         :     7901     9058
make_re_423_> Number of previous, current selected restraints:     7697     8854
make_re_417_> Restraint type to be calculated:  DISTANCE

Dynamically allocated memory at  amaxrestraints [B,KiB,MiB]:      3085238    3012.928     2.942
make_re_422_> Number of previous, current restraints         :     9058    10722
make_re_423_> Number of previous, current selected restraints:     8854    10518
make_re_417_> Restraint type to be calculated:  DISTANCE

Dynamically allocated memory at  amaxrestraints [B,KiB,MiB]:      3216310    3140.928     3.067
make_re_422_> Number of previous, current restraints         :    10722    12046
make_re_423_> Number of previous, current selected restraints:    10518    11842
make_re_417_> Restraint type to be calculated:  DISTANCE
make_re_422_> Number of previous, current restraints         :    12046    12082
make_re_423_> Number of previous, current selected restraints:    11842    11878
0 atoms in HETATM/BLK residues constrained
to protein atoms within 2.30 angstroms
and protein CA atoms within 10.00 angstroms
make_re_417_> Restraint type to be calculated:  DISTANCE
make_re_422_> Number of previous, current restraints         :    12082    12082
make_re_423_> Number of previous, current selected restraints:    11878    11878
make_re_417_> Restraint type to be calculated:  DISTANCE
make_re_422_> Number of previous, current restraints         :    12082    12082
make_re_423_> Number of previous, current selected restraints:    11878    11878
make_re_417_> Restraint type to be calculated:  DISTANCE
make_re_422_> Number of previous, current restraints         :    12082    12082
make_re_423_> Number of previous, current selected restraints:    11878    11878
make_re_417_> Restraint type to be calculated:  DISTANCE
make_re_422_> Number of previous, current restraints         :    12082    12082
make_re_423_> Number of previous, current selected restraints:    11878    11878
0 atoms in residues without defined topology
constrained to be rigid bodies
make_re_417_> Restraint type to be calculated:  DISTANCE
make_re_422_> Number of previous, current restraints         :    12082    12082
make_re_423_> Number of previous, current selected restraints:    11878    11878
rmdupl__427_>     1249 redundant cosine dihedral restraints were unselected.
condens_443_> Restraints marked for deletion were removed.
              Total number of restraints before, now:    12082    10629
openf___224_> Open           Nup159.rsr
openf___224_> Open           Nup159.rsr

Dynamically allocated memory at  amaxrestraints [B,KiB,MiB]:      3109067    3036.198     2.965
rdcsr2__307_> Number of restraints read    :    10629
              Number of excluded pairs read:        0
              Number of pseudo atoms read  :        0
rdcsrs__304_> Restraints in memory, selected restraints:    10629    10629
              Explicitly excluded atom pairs in memory :        0
              Pseudo atoms in memory                   :        0
openf___224_> Open           Nup159.ini

Dynamically allocated memory at       amaxmodel [B,KiB,MiB]:      3109091    3036.222     2.965
read_mo_297_> Segments, residues, atoms:        1      202     1662
read_mo_298_> Segment:        1  1211 D  1412 D     1662
randomi_498_> Atoms,selected atoms,random_seed,amplitude:     1662     1662        1        4.0000
randomi_496_> Amplitude is > 0; randomization is done.
pick_re_612_> Number of MODEL atoms, selected restraints;     1662     8245
pick_re_612_> Number of MODEL atoms, selected restraints;     1662     9182
pick_re_612_> Number of MODEL atoms, selected restraints;     1662     9780
pick_re_612_> Number of MODEL atoms, selected restraints;     1662    10418
pick_re_612_> Number of MODEL atoms, selected restraints;     1662    10474
pick_re_612_> Number of MODEL atoms, selected restraints;     1662    10616
pick_re_612_> Number of MODEL atoms, selected restraints;     1662    10629
pick_re_612_> Number of MODEL atoms, selected restraints;     1662    10629

Dynamically allocated memory at  amaxrestraints [B,KiB,MiB]:      3441559    3360.897     3.282
pick_re_612_> Number of MODEL atoms, selected restraints;     1662    10629
pick_re_612_> Number of MODEL atoms, selected restraints;     1662    10629
pick_re_612_> Number of MODEL atoms, selected restraints;     1662    10629
iupac_m_487_> NH1/2 swapped:      178.6741        2  1212
iupac_m_483_> CD1/2 CE1/2 swapped:       91.4176        8  1218
iupac_m_397W> Atoms were not swapped because of the uncertainty of how to handle the H atom.
iupac_m_483_> CD1/2 CE1/2 swapped:      100.5882       15  1225
iupac_m_397W> Atoms were not swapped because of the uncertainty of how to handle the H atom.
iupac_m_487_> NH1/2 swapped:     -179.1551       23  1233
iupac_m_487_> NH1/2 swapped:     -179.8322       43  1253
iupac_m_486_> OE1/2 will be swapped:      101.8387       55  1265
iupac_m_486_> OE1/2 will be swapped:     -118.5604       57  1267
iupac_m_486_> OE1/2 will be swapped:      164.9557       83  1293
iupac_m_485_> OD1/2 will be swapped:     -175.7789       87  1297
iupac_m_487_> NH1/2 swapped:     -178.5992       90  1300
iupac_m_486_> OE1/2 will be swapped:     -106.6353       98  1308
iupac_m_486_> OE1/2 will be swapped:     -152.7704      105  1315
iupac_m_485_> OD1/2 will be swapped:      162.8176      114  1324
iupac_m_485_> OD1/2 will be swapped:      116.9964      115  1325
iupac_m_486_> OE1/2 will be swapped:     -125.3558      151  1361
iupac_m_487_> NH1/2 swapped:     -178.7097      165  1375
iupac_m_485_> OD1/2 will be swapped:      100.5253      167  1377
iupac_m_485_> OD1/2 will be swapped:      162.3820      168  1378
iupac_m_487_> NH1/2 swapped:      176.9989      182  1392
iupac_m_485_> OD1/2 will be swapped:     -176.9964      183  1393
iupac_m_486_> OE1/2 will be swapped:      171.9385      188  1398
iupac_m_487_> NH1/2 swapped:      178.9398      198  1408


>> ENERGY; Differences between the model's features and restraints:
Number of all residues in MODEL                   :      202
Number of all, selected real atoms                :     1662    1662
Number of all, selected pseudo atoms              :        0       0
Number of all static, selected restraints         :    10629   10629
COVALENT_CYS                                      :        F
NONBONDED_SEL_ATOMS                               :        1
Number of non-bonded pairs (excluding 1-2,1-3,1-4):     3530
Dynamic pairs routine                             : 2, NATM x NATM cell sorting
Atomic shift for contacts update (UPDATE_DYNAMIC) :    0.390
LENNARD_JONES_SWITCH                              :    6.500   7.500
COULOMB_JONES_SWITCH                              :    6.500   7.500
RESIDUE_SPAN_RANGE                                :        0   99999
NLOGN_USE                                         :       15
CONTACT_SHELL                                     :    4.000
DYNAMIC_PAIRS,_SPHERE,_COULOMB,_LENNARD,_MODELLER :        T       T       F       F       F
SPHERE_STDV                                       :    0.050
RADII_FACTOR                                      :    0.820
Current energy                                    :         784.8583





Summary of the restraint violations: 

   NUM     ... number of restraints.
   NUMVI   ... number of restraints with RVIOL > VIOL_REPORT_CUT[i].
   RVIOL   ... relative difference from the best value.
   NUMVP   ... number of restraints with -Ln(pdf) > VIOL_REPORT_CUT2[i].
   RMS_1   ... RMS(feature, minimally_violated_basis_restraint, NUMB).
   RMS_2   ... RMS(feature, best_value, NUMB).
   MOL.PDF ... scaled contribution to -Ln(Molecular pdf).

 #                     RESTRAINT_GROUP      NUM   NUMVI  NUMVP   RMS_1   RMS_2         MOL.PDF     S_i
------------------------------------------------------------------------------------------------------
 1 Bond length potential              :    1682       0      0   0.003   0.003      4.6280       1.000
 2 Bond angle potential               :    2266       0      0   1.364   1.364      81.227       1.000
 3 Stereochemical cosine torsion poten:     988       0     21  43.279  43.279      301.71       1.000
 4 Stereochemical improper torsion pot:     675       0      0   1.042   1.042      14.343       1.000
 5 Soft-sphere overlap restraints     :    3530       0      0   0.002   0.002      2.0061       1.000
 6 Lennard-Jones 6-12 potential       :       0       0      0   0.000   0.000      0.0000       1.000
 7 Coulomb point-point electrostatic p:       0       0      0   0.000   0.000      0.0000       1.000
 8 H-bonding potential                :       0       0      0   0.000   0.000      0.0000       1.000
 9 Distance restraints 1 (CA-CA)      :    1157       0      1   0.711   0.711      76.292       1.000
10 Distance restraints 2 (N-O)        :    1664       2      7   0.762   0.762      146.69       1.000
11 Mainchain Phi dihedral restraints  :       0       0      0   0.000   0.000      0.0000       1.000
12 Mainchain Psi dihedral restraints  :       0       0      0   0.000   0.000      0.0000       1.000
13 Mainchain Omega dihedral restraints:     201       0      0   3.128   3.128      22.464       1.000
14 Sidechain Chi_1 dihedral restraints:     189       0      0  83.525  83.525      52.625       1.000
15 Sidechain Chi_2 dihedral restraints:     152       0      2  75.545  75.545      64.254       1.000
16 Sidechain Chi_3 dihedral restraints:      66       0      0  86.970  86.970      50.776       1.000
17 Sidechain Chi_4 dihedral restraints:      29       0      0  92.911  92.911      17.618       1.000
18 Disulfide distance restraints      :       0       0      0   0.000   0.000      0.0000       1.000
19 Disulfide angle restraints         :       0       0      0   0.000   0.000      0.0000       1.000
20 Disulfide dihedral angle restraints:       0       0      0   0.000   0.000      0.0000       1.000
21 Lower bound distance restraints    :       0       0      0   0.000   0.000      0.0000       1.000
22 Upper bound distance restraints    :       0       0      0   0.000   0.000      0.0000       1.000
23 Distance restraints 3 (SDCH-MNCH)  :    1324       0      0   0.396   0.396      11.953       1.000
24 Sidechain Chi_5 dihedral restraints:       0       0      0   0.000   0.000      0.0000       1.000
25 Phi/Psi pair of dihedral restraints:     200      44     17  24.919  76.279     -70.199       1.000
26 Distance restraints 4 (SDCH-SDCH)  :      36       0      0   3.462   3.462      8.4758       1.000
27 Distance restraints 5 (X-Y)        :       0       0      0   0.000   0.000      0.0000       1.000
28 NMR distance restraints 6 (X-Y)    :       0       0      0   0.000   0.000      0.0000       1.000
29 NMR distance restraints 7 (X-Y)    :       0       0      0   0.000   0.000      0.0000       1.000
30 Minimal distance restraints        :       0       0      0   0.000   0.000      0.0000       1.000
31 Non-bonded restraints              :       0       0      0   0.000   0.000      0.0000       1.000
32 Atomic accessibility restraints    :       0       0      0   0.000   0.000      0.0000       1.000
33 Atomic density restraints          :       0       0      0   0.000   0.000      0.0000       1.000
34 Absolute position restraints       :       0       0      0   0.000   0.000      0.0000       1.000
35 Dihedral angle difference restraint:       0       0      0   0.000   0.000      0.0000       1.000
36 GBSA implicit solvent potential    :       0       0      0   0.000   0.000      0.0000       1.000
37 EM density fitting potential       :       0       0      0   0.000   0.000      0.0000       1.000
38 SAXS restraints                    :       0       0      0   0.000   0.000      0.0000       1.000
39 Symmetry restraints                :       0       0      0   0.000   0.000      0.0000       1.000



openf___224_> Open           Nup159.V99990001
# Heavy relative violation of each residue is written to: Nup159.V99990001
# The profile is NOT normalized by the number of restraints.
# The profiles are smoothed over a window of residues:    1
# The sum of all numbers in the file:   22632.6973



List of the violated restraints:
   A restraint is violated when the relative difference
   from the best value (RVIOL) is larger than CUTOFF.

   ICSR   ... index of a restraint in the current set.
   RESNO  ... residue numbers of the first two atoms.
   ATM    ... IUPAC atom names of the first two atoms.
   FEAT   ... the value of the feature in the model.
   restr  ... the mean of the basis restraint with the smallest
              difference from the model (local minimum).
   viol   ... difference from the local minimum.
   rviol  ... relative difference from the local minimum.
   RESTR  ... the best value (global minimum).
   VIOL   ... difference from the best value.
   RVIOL  ... relative difference from the best value.


-------------------------------------------------------------------------------------------------

Feature 10                           : Distance restraints 2 (N-O)             
List of the RVIOL violations larger than   :       4.5000

    #   ICSR  RESNO1/2 ATM1/2   INDATM1/2    FEAT   restr    viol   rviol   RESTR    VIOL   RVIOL
    1   8845 150E 146I N   O    1230 1204    5.67    2.85    2.82    4.63    2.85    2.82    4.63
    2   8963 161V 157K N   O    1323 1296    7.58    2.67    4.91    4.51    2.67    4.91    4.51

-------------------------------------------------------------------------------------------------

Feature 25                           : Phi/Psi pair of dihedral restraints     
List of the RVIOL violations larger than   :       6.5000

    #   ICSR  RESNO1/2 ATM1/2   INDATM1/2    FEAT   restr    viol   rviol   RESTR    VIOL   RVIOL
    1   5638  27T  28F C   N     221  223  -64.93 -124.20   70.55    1.84  -63.20  149.34   20.62
    1         28F  28F N   CA    223  224  105.03  143.30                  -44.30
    2   5641  30T  31D C   N     250  252   56.55  -96.50  167.80    6.83  -63.30 -177.98   20.08
    2         31D  31D N   CA    252  253 -176.99  114.20                  -40.00
    3   5642  31D  32Q C   N     258  260  -91.63 -121.10   29.48    1.13  -63.80 -178.68   28.15
    3         32Q  32Q N   CA    260  261  140.53  139.70                  -40.30
    4   5643  32Q  33S C   N     267  269  -56.33  -72.40   21.95    1.06  -64.10  172.62   12.98
    4         33S  33S N   CA    269  270  137.44  152.40                  -35.00
    5   5644  33S  34S C   N     273  275 -128.42 -136.60   12.20    0.40  -64.10 -171.54   11.62
    5         34S  34S N   CA    275  276  142.15  151.20                  -35.00
    6   5647  36P  37L C   N     294  296  -59.73  -70.70   35.41    2.31  -63.50  149.18   20.93
    6         37L  37L N   CA    296  297  107.93  141.60                  -41.20
    7   5649  38V  39K C   N     309  311  -89.90  -70.20   39.31    2.42  -62.90  147.28   20.70
    7         39K  39K N   CA    311  312  174.42  140.40                  -40.80
    8   5650  39K  40R C   N     318  320  -75.51  -72.10   16.04    1.16  -63.00  161.82   22.71
    8         40R  40R N   CA    320  321  157.57  141.90                  -41.10
    9   5651  40R  41T C   N     329  331 -107.37 -124.80   39.79    1.27  -63.20  156.20   17.49
    9         41T  41T N   CA    331  332  107.73  143.50                  -42.10
   10   5652  41T  42V C   N     336  338  -67.25  -62.40    6.53    0.77 -125.40 -172.10   10.46
   10         42V  42V N   CA    338  339  -38.03  -42.40                  143.30
   11   5653  42V  43R C   N     343  345  -54.74  -72.10   21.31    1.39  -63.00  170.84   23.64
   11         43R  43R N   CA    345  346  129.54  141.90                  -41.10
   12   5654  43R  44S C   N     354  356 -159.73 -136.60   25.65    0.79  -64.10 -171.26   20.56
   12         44S  44S N   CA    356  357  162.28  151.20                  -35.00
   13   5656  45I  46N C   N     368  370  -71.52  -71.20   16.96    1.08  -63.20  159.37   20.39
   13         46N  46N N   CA    370  371  159.75  142.80                  -41.10
   14   5657  46N  47N C   N     376  378  -65.11  -71.20    6.37    0.41  -63.20  177.99   22.36
   14         47N  47N N   CA    378  379  140.93  142.80                  -41.10
   15   5658  47N  48L C   N     384  386 -123.07 -108.50   39.78    1.97  -63.50  160.73   26.01
   15         48L  48L N   CA    386  387  169.52  132.50                  -41.20
   16   5660  49Y  50T C   N     404  406  -78.39  -78.10   18.33    0.77  -63.20  150.54   20.31
   16         50T  50T N   CA    406  407  168.13  149.80                  -42.10
   17   5661  50T  51W C   N     411  413 -128.67 -124.90   63.68    3.18  -63.00  140.35   15.43
   17         51W  51W N   CA    413  414   79.84  143.40                  -44.20
   18   5663  52R  53I C   N     436  438   43.62  -97.30  141.11    6.01 -120.60  164.55   11.08
   18         53I  53I N   CA    438  439  119.81  127.20                  130.30
   19   5668  57E  58I C   N     474  476 -102.50  -63.40   89.94   13.73  -63.40   89.94   13.73
   19         58I  58I N   CA    476  477   37.39  -43.60                  -43.60
   20   5721 110L 111M C   N     907  909  -63.83  -73.00   12.01    0.77  -63.40  175.74   26.20
   20        111M 111M N   CA    909  910  135.23  143.00                  -40.50
   21   5722 111M 112H C   N     915  917 -125.12 -125.60    6.59    0.24  -63.20 -174.82   20.13
   21        112H 112H N   CA    917  918  132.22  138.80                  -42.30
   22   5723 112H 113F C   N     925  927 -133.13 -124.20   10.42    0.27  -63.20 -178.92   29.71
   22        113F 113F N   CA    927  928  148.67  143.30                  -44.30
   23   5725 114D 115D C   N     944  946  -81.80  -70.90   35.97    1.30  -63.30  136.68   18.04
   23        115D 115D N   CA    946  947 -175.42  150.30                  -40.00
   24   5726 115D 116A C   N     952  954  -56.45  -68.20   12.22    0.92  -62.50  177.25   28.76
   24        116A 116A N   CA    954  955  141.96  145.30                  -40.90
   25   5727 116A 117S C   N     957  959 -118.18 -136.60   35.67    2.03  -64.10  153.12   14.91
   25        117S 117S N   CA    959  960 -178.26  151.20                  -35.00
   26   5728 117S 118S C   N     963  965  -76.19  -72.40   41.99    2.34  -64.10  131.34   10.28
   26        118S 118S N   CA    965  966 -165.79  152.40                  -35.00
   27   5730 119G 120Y C   N     973  975 -121.77 -124.30    4.35    0.18  -63.50 -175.31   26.61
   27        120Y 120Y N   CA    975  976  131.85  135.40                  -43.40
   28   5731 120Y 121V C   N     985  987 -125.08 -125.40   29.87    1.49  -62.40  157.44   23.78
   28        121V 121V N   CA    987  988  173.17  143.30                  -42.40
   29   5756 145K 146I C   N    1195 1197  -86.97 -120.60   40.31    3.22  -63.40  165.57   27.99
   29        146I 146I N   CA   1197 1198  152.52  130.30                  -43.60
   30   5757 146I 147N C   N    1203 1205   75.68   55.90   76.85    4.08  -63.20  139.02   21.34
   30        147N 147N N   CA   1205 1206  -34.76   39.50                  -41.10
   31   5769 158L 159F C   N    1303 1305   67.97   58.10   22.58    1.15  -63.20  142.97   25.48
   31        159F 159F N   CA   1305 1306   12.59   32.90                  -44.30
   32   5770 159F 160T C   N    1314 1316  161.21 -124.80  109.48    3.48  -63.20  164.82   28.39
   32        160T 160T N   CA   1316 1317 -135.81  143.50                  -42.10
   33   5771 160T 161V C   N    1321 1323 -112.11 -125.40   78.74    3.56  -62.40  118.97   13.07
   33        161V 161V N   CA   1323 1324   65.69  143.30                  -42.40
   34   5772 161V 162K C   N    1328 1330   54.67   56.60   14.98    1.22  -62.90  134.12   23.43
   34        162K 162K N   CA   1330 1331   23.75   38.60                  -40.80
   35   5773 162K 163N C   N    1337 1339   57.86   55.90   19.26    1.20  -63.20  135.76   22.29
   35        163N 163N N   CA   1339 1340   20.34   39.50                  -41.10
   36   5774 163N 164K C   N    1345 1347 -149.38 -118.00   37.93    1.27  -62.90 -179.18   28.65
   36        164K 164K N   CA   1347 1348  160.40  139.10                  -40.80
   37   5775 164K 165R C   N    1354 1356  -74.45  -72.10   15.61    1.25  -63.00  167.95   21.94
   37        165R 165R N   CA   1356 1357  126.47  141.90                  -41.10
   38   5776 165R 166L C   N    1365 1367  -91.93 -108.50   16.70    0.77  -63.50  173.97   22.68
   38        166L 166L N   CA   1367 1368  130.43  132.50                  -41.20
   39   5778 167D 168D C   N    1381 1383 -113.00  -96.50   16.64    0.68  -63.30  159.98   17.38
   39        168D 168D N   CA   1383 1384  112.06  114.20                  -40.00
   40   5779 168D 169N C   N    1389 1391 -118.45 -119.90    6.22    0.25  -63.20 -179.29   20.08
   40        169N 169N N   CA   1391 1392  130.96  137.00                  -41.10
   41   5780 169N 170P C   N    1397 1399  -68.78  -58.70   15.60    1.02  -64.50  165.85   12.60
   41        170P 170P N   CA   1399 1400  -18.59  -30.50                  147.20
   42   5781 170P 171L C   N    1404 1406 -102.04 -108.50   11.11    0.63  -63.50 -178.60   27.54
   42        171L 171L N   CA   1406 1407  141.54  132.50                  -41.20
   43   5782 171L 172V C   N    1412 1414  -69.12  -73.50   44.06    3.70  -62.40  137.92   17.08
   43        172V 172V N   CA   1414 1415   95.35  139.20                  -42.40
   44   5783 172V 173A C   N    1419 1421  -75.37  -68.20   27.20    1.94  -62.50  148.13   24.93
   44        173A 173A N   CA   1421 1422  171.53  145.30                  -40.90


report______> Distribution of short non-bonded contacts:


DISTANCE1:  0.00 2.10 2.20 2.30 2.40 2.50 2.60 2.70 2.80 2.90 3.00 3.10 3.20 3.30 3.40
DISTANCE2:  2.10 2.20 2.30 2.40 2.50 2.60 2.70 2.80 2.90 3.00 3.10 3.20 3.30 3.40 3.50
FREQUENCY:     0    0    0    0    0   14   49  137  190  154  158  225  289  277  267


<< end of ENERGY.
openf___224_> Open           ${LIB}/atmcls-mf.lib

Dynamically allocated memory at amaxgroup_restr [B,KiB,MiB]:      3441975    3361.304     3.283

Dynamically allocated memory at amaxgroup_restr [B,KiB,MiB]:      3442039    3361.366     3.283

Dynamically allocated memory at amaxgroup_restr [B,KiB,MiB]:      3442097    3361.423     3.283

Dynamically allocated memory at amaxgroup_restr [B,KiB,MiB]:      3442161    3361.485     3.283

Dynamically allocated memory at amaxgroup_restr [B,KiB,MiB]:      3442227    3361.550     3.283

Dynamically allocated memory at amaxgroup_restr [B,KiB,MiB]:      3442291    3361.612     3.283

Dynamically allocated memory at amaxgroup_restr [B,KiB,MiB]:      3442447    3361.765     3.283

Dynamically allocated memory at amaxgroup_restr [B,KiB,MiB]:      3442575    3361.890     3.283

Dynamically allocated memory at amaxgroup_restr [B,KiB,MiB]:      3442869    3362.177     3.283

Dynamically allocated memory at amaxgroup_restr [B,KiB,MiB]:      3443061    3362.364     3.284

Dynamically allocated memory at amaxgroup_restr [B,KiB,MiB]:      3443565    3362.856     3.284

Dynamically allocated memory at amaxgroup_restr [B,KiB,MiB]:      3443821    3363.106     3.284

Dynamically allocated memory at amaxgroup_restr [B,KiB,MiB]:      3444817    3364.079     3.285

Dynamically allocated memory at amaxgroup_restr [B,KiB,MiB]:      3445201    3364.454     3.286

Dynamically allocated memory at amaxgroup_restr [B,KiB,MiB]:      3445777    3365.017     3.286

Dynamically allocated memory at amaxgroup_restr [B,KiB,MiB]:      3447811    3367.003     3.288

Dynamically allocated memory at amaxgroup_restr [B,KiB,MiB]:      3448707    3367.878     3.289

Dynamically allocated memory at amaxgroup_restr [B,KiB,MiB]:      3453159    3372.226     3.293

Dynamically allocated memory at amaxgroup_restr [B,KiB,MiB]:      3454503    3373.538     3.294

Dynamically allocated memory at amaxgroup_restr [B,KiB,MiB]:      3464121    3382.931     3.304

Dynamically allocated memory at amaxgroup_restr [B,KiB,MiB]:      3466105    3384.868     3.306

Dynamically allocated memory at amaxgroup_restr [B,KiB,MiB]:      3486751    3405.030     3.325

Dynamically allocated memory at amaxgroup_restr [B,KiB,MiB]:      3489759    3407.968     3.328

Dynamically allocated memory at amaxgroup_restr [B,KiB,MiB]:      3535725    3452.856     3.372

Dynamically allocated memory at amaxgroup_restr [B,KiB,MiB]:      3540205    3457.231     3.376

Dynamically allocated memory at amaxgroup_restr [B,KiB,MiB]:      3641425    3556.079     3.473
openf___224_> Open           ${LIB}/dist-mf.lib

Dynamically allocated memory at amaxgroup_restr [B,KiB,MiB]:      3641821    3556.466     3.473

Dynamically allocated memory at amaxgroup_restr [B,KiB,MiB]:      3642617    3557.243     3.474

Dynamically allocated memory at amaxgroup_restr [B,KiB,MiB]:      3643413    3558.021     3.475

Dynamically allocated memory at amaxgroup_restr [B,KiB,MiB]:      3644601    3559.181     3.476

Dynamically allocated memory at amaxgroup_restr [B,KiB,MiB]:      3645001    3559.571     3.476

Dynamically allocated memory at amaxgroup_restr [B,KiB,MiB]:      3645601    3560.157     3.477

Dynamically allocated memory at amaxgroup_restr [B,KiB,MiB]:      3646501    3561.036     3.478

Dynamically allocated memory at amaxgroup_restr [B,KiB,MiB]:      3647849    3562.353     3.479

Dynamically allocated memory at amaxgroup_restr [B,KiB,MiB]:      3648049    3562.548     3.479

Dynamically allocated memory at amaxgroup_restr [B,KiB,MiB]:      3650073    3564.524     3.481

Dynamically allocated memory at amaxgroup_restr [B,KiB,MiB]:      3650373    3564.817     3.481

Dynamically allocated memory at amaxgroup_restr [B,KiB,MiB]:      3653409    3567.782     3.484

Dynamically allocated memory at amaxgroup_restr [B,KiB,MiB]:      3653857    3568.220     3.485

Dynamically allocated memory at amaxgroup_restr [B,KiB,MiB]:      3658409    3572.665     3.489

Dynamically allocated memory at amaxgroup_restr [B,KiB,MiB]:      3659081    3573.321     3.490

Dynamically allocated memory at amaxgroup_restr [B,KiB,MiB]:      3665909    3579.989     3.496

Dynamically allocated memory at amaxgroup_restr [B,KiB,MiB]:      3666917    3580.974     3.497

Dynamically allocated memory at amaxgroup_restr [B,KiB,MiB]:      3677161    3590.978     3.507

Dynamically allocated memory at amaxgroup_restr [B,KiB,MiB]:      3677761    3591.563     3.507

Dynamically allocated memory at amaxgroup_restr [B,KiB,MiB]:      3678161    3591.954     3.508

Dynamically allocated memory at amaxgroup_restr [B,KiB,MiB]:      3679673    3593.431     3.509

Dynamically allocated memory at amaxgroup_restr [B,KiB,MiB]:      3695037    3608.435     3.524

Dynamically allocated memory at amaxgroup_restr [B,KiB,MiB]:      3695937    3609.313     3.525

Dynamically allocated memory at amaxgroup_restr [B,KiB,MiB]:      3696537    3609.899     3.525

Dynamically allocated memory at amaxgroup_restr [B,KiB,MiB]:      3698805    3612.114     3.527

Dynamically allocated memory at amaxgroup_restr [B,KiB,MiB]:      3721853    3634.622     3.549

Dynamically allocated memory at amaxgroup_restr [B,KiB,MiB]:      3723197    3635.935     3.551

Dynamically allocated memory at amaxgroup_restr [B,KiB,MiB]:      3724097    3636.813     3.552

Dynamically allocated memory at amaxgroup_restr [B,KiB,MiB]:      3727501    3640.138     3.555

Dynamically allocated memory at amaxgroup_restr [B,KiB,MiB]:      3762073    3673.899     3.588

Dynamically allocated memory at amaxgroup_restr [B,KiB,MiB]:      3764089    3675.868     3.590

Dynamically allocated memory at amaxgroup_restr [B,KiB,MiB]:      3765437    3677.185     3.591

Dynamically allocated memory at amaxgroup_restr [B,KiB,MiB]:      3770541    3682.169     3.596

Dynamically allocated memory at amaxgroup_restr [B,KiB,MiB]:      3822397    3732.810     3.645

Dynamically allocated memory at amaxgroup_restr [B,KiB,MiB]:      3825421    3735.763     3.648

Dynamically allocated memory at amaxgroup_restr [B,KiB,MiB]:      3827445    3737.739     3.650

Dynamically allocated memory at amaxgroup_restr [B,KiB,MiB]:      3835101    3745.216     3.657

Dynamically allocated memory at amaxgroup_restr [B,KiB,MiB]:      3912885    3821.177     3.732

Dynamically allocated memory at amaxgroup_restr [B,KiB,MiB]:      3917421    3825.606     3.736

Dynamically allocated memory at amaxgroup_restr [B,KiB,MiB]:      3920457    3828.571     3.739

Dynamically allocated memory at amaxgroup_restr [B,KiB,MiB]:      3931941    3839.786     3.750

Dynamically allocated memory at amaxgroup_restr [B,KiB,MiB]:      4048617    3953.728     3.861

Dynamically allocated memory at amaxgroup_restr [B,KiB,MiB]:      4055421    3960.372     3.868

Dynamically allocated memory at amaxgroup_restr [B,KiB,MiB]:      4059973    3964.817     3.872

Dynamically allocated memory at amaxgroup_restr [B,KiB,MiB]:      4077201    3981.642     3.888

Dynamically allocated memory at amaxgroup_restr [B,KiB,MiB]:      4252217    4152.556     4.055

Dynamically allocated memory at amaxgroup_restr [B,KiB,MiB]:      4262429    4162.528     4.065

Dynamically allocated memory at amaxgroup_restr [B,KiB,MiB]:      4269257    4169.196     4.071

Dynamically allocated memory at amaxgroup_restr [B,KiB,MiB]:      4295097    4194.431     4.096

Dynamically allocated memory at amaxgroup_restr [B,KiB,MiB]:      4557621    4450.802     4.346

Dynamically allocated memory at amaxgroup_restr [B,KiB,MiB]:      4572933    4465.755     4.361

Dynamically allocated memory at amaxgroup_restr [B,KiB,MiB]:      4583177    4475.759     4.371

Dynamically allocated memory at amaxgroup_restr [B,KiB,MiB]:      4621937    4513.610     4.408

Dynamically allocated memory at amaxgroup_restr [B,KiB,MiB]:      5015721    4898.165     4.783

Dynamically allocated memory at amaxgroup_restr [B,KiB,MiB]:      5038689    4920.595     4.805

Dynamically allocated memory at amaxgroup_restr [B,KiB,MiB]:      5054053    4935.599     4.820

Dynamically allocated memory at amaxgroup_restr [B,KiB,MiB]:      5112193    4992.376     4.875

Dynamically allocated memory at amaxgroup_restr [B,KiB,MiB]:      5702869    5569.208     5.439

Dynamically allocated memory at amaxgroup_restr [B,KiB,MiB]:      5737321    5602.853     5.472

Dynamically allocated memory at amaxgroup_restr [B,KiB,MiB]:      5760369    5625.360     5.494

Dynamically allocated memory at amaxgroup_restr [B,KiB,MiB]:      5847581    5710.528     5.577

Dynamically allocated memory at amaxgroup_restr [B,KiB,MiB]:      6733597    6575.778     6.422

Dynamically allocated memory at amaxgroup_restr [B,KiB,MiB]:      6785281    6626.251     6.471

Dynamically allocated memory at amaxgroup_restr [B,KiB,MiB]:      6819853    6660.013     6.504

Dynamically allocated memory at amaxgroup_restr [B,KiB,MiB]:      6950669    6787.763     6.629

Dynamically allocated memory at amaxgroup_restr [B,KiB,MiB]:      8279693    8085.638     7.896
read_pa_232_> parameters    BONDS   ANGLS  DIHEDS IMPROPS    MODE
                                0       0       0       0   12561
>> Model assessment by DOPE potential
iatmcls_286W> MODEL atom not classified:  GLU:OXT  GLU

Dynamically allocated memory at  amaxrestraints [B,KiB,MiB]:      8612349    8410.497     8.213

Dynamically allocated memory at  amaxrestraints [B,KiB,MiB]:      8692125    8488.403     8.289

Dynamically allocated memory at  amaxrestraints [B,KiB,MiB]:      8851677    8644.216     8.442

Dynamically allocated memory at  amaxrestraints [B,KiB,MiB]:      9170781    8955.841     8.746

Dynamically allocated memory at  amaxrestraints [B,KiB,MiB]:      9808989    9579.091     9.355


>> ENERGY; Differences between the model's features and restraints:
Number of all residues in MODEL                   :      202
Number of all, selected real atoms                :     1662    1662
Number of all, selected pseudo atoms              :        0       0
Number of all static, selected restraints         :    10629   10629
COVALENT_CYS                                      :        F
NONBONDED_SEL_ATOMS                               :        1
Number of non-bonded pairs (excluding 1-2,1-3,1-4):   139216
Dynamic pairs routine                             : 1, NATM x NATM double loop
Atomic shift for contacts update (UPDATE_DYNAMIC) :    0.390
LENNARD_JONES_SWITCH                              :    6.500   7.500
COULOMB_JONES_SWITCH                              :    6.500   7.500
RESIDUE_SPAN_RANGE                                :        1    9999
NLOGN_USE                                         :       15
CONTACT_SHELL                                     :   15.000
DYNAMIC_PAIRS,_SPHERE,_COULOMB,_LENNARD,_MODELLER :        T       F       F       F       T
SPHERE_STDV                                       :    0.050
RADII_FACTOR                                      :    0.820
Current energy                                    :      -13187.1045




<< end of ENERGY.
DOPE score               : -13187.104492
>> Model assessment by GA341 potential

Surface library          : /Library/modeller-9.15/modlib/surf5.de
Pair library             : /Library/modeller-9.15/modlib/pair9.de
Chain identifier         : _
% sequence identity      :    10.734000
Sequence length          :          202
Compactness              :     0.022251
Native energy (pair)     :  -201.942350
Native energy (surface)  :    24.622110
Native energy (combined) :     5.760135
Z score (pair)           :    -3.373238
Z score (surface)        :     0.400439
Z score (combined)       :    -2.265840
GA341 score              :     0.007184

openf___224_> Open           Nup159.B99990001.pdb
wrpdb___568_> Residues, atoms, selected atoms:      202     1662     1662

>> Summary of successfully produced models:
Filename                          molpdf     DOPE score    GA341 score
----------------------------------------------------------------------
Nup159.B99990001.pdb           784.85834   -13187.10449        0.00718


Dynamically allocated memory at          finish [B,KiB,MiB]:      9516221    9293.185     9.075
Starting time                                            : 2015/12/22 02:37:16
Closing time                                             : 2015/12/22 02:37:31
Total CPU time [seconds]                                 :      15.00
