
           ####    G N O M   ---   Version 4.5a revised 09/02/02     ####

                                                  Thu Feb 18 15:16:36 2016
           ===    Run No   1   ===
 Run title:  0.0100065 225.18 20.8616


   *******   Working Directory :
   *******    Input file(s) : 24366_03C_S076_0_01.sub
           Condition P(rmin) = 0 is used. 
           Condition P(rmax) = 0 is used. 

          Experimental conditions for the first run
          -----------------------------------------

          Highest ALPHA is found to be   0.1192E+02

  The measure of inconsistency AN1 equals to    0.1078E+01

          Warning: using the chosen range in the real space 
             it is not possible to fit the data set within the
             given error band. 
     Alpha    Discrp  Oscill  Stabil  Sysdev  Positv  Valcen    Total   
  0.1192E+05 25.9207  1.1166  0.8396  0.0226  1.0000  0.8746  0.00001
  0.2384E+04 16.3162  1.1117  0.5253  0.3051  1.0000  0.8772  0.00001
  0.4768E+03  6.4362  1.1050  0.1920  0.1977  1.0000  0.8852  0.00001
  0.9536E+02  2.4943  1.1376  0.0749  0.3446  1.0000  0.8976  0.42501
  0.1907E+02  1.1199  1.2116  0.0412  0.6497  1.0000  0.9069  0.54225
  0.3815E+01  0.7951  1.2648  0.0190  0.7853  1.0000  0.9117  0.57366
  0.7629E+00  0.7517  1.2958  0.0116  0.7853  1.0000  0.9140  0.10000
  0.1526E+00  0.7416  1.3417  0.0240  0.7627  1.0000  0.9140  0.10000
  0.3052E-01  0.7317  1.5559  0.0432  0.7740  1.0000  0.9105  0.10000
  0.6103E-02  0.7226  2.2992  0.1330  0.7627  0.9993  0.9053  0.10000
  0.1221E-02  0.7062  5.1045  0.3279  0.7740  0.9846  0.8661  0.10000
  0.2441E-03  0.6909  7.6974  0.2202  0.7853  0.9394  0.7802  0.10000
  0.4883E-04  0.6877  8.3757  0.0604  0.8079  0.9156  0.5535  0.10000
  0.9765E-05  0.6875  8.5552  0.0137  0.8079  0.9100  0.5455  0.10000
  0.1953E-05  0.6875  8.6970  0.0412  0.8079  0.9117  0.5497  0.10000
  0.3906E-06  0.6875  9.1411  0.2045  0.8079  0.9239  0.5770  0.10000
  0.7812E-07  0.6874 11.4131  0.5434  0.8079  0.9055  0.5762  0.10000
  0.1562E-07  0.6874 13.7729  0.6535  0.8079  0.8006  0.4345  0.10000
  0.3125E-08  0.6873 14.3074  0.9774  0.8079  0.7211  0.3302  0.10000
  0.6250E-09  0.6871 13.8236  0.9228  0.8079  0.7067  0.3209  0.10000
  0.1250E-09  0.6861 14.7159  0.7840  0.8192  0.6961  0.3152  0.10000
  0.2500E-10  0.6828 17.6738  0.8237  0.8079  0.6771  0.3125  0.00000

          ***  Golden section search to maximize estimate ***
     Alpha    Discrp  Oscill  Stabil  Sysdev  Positv  Valcen    Total   
  0.7054E+01  0.8569  1.2477  0.0260  0.7627  1.0000  0.9102  0.57570
  0.1031E+02  0.9258  1.2352  0.0310  0.7627  1.0000  0.9091  0.58461
  0.1304E+02  0.9858  1.2267  0.0345  0.7401  1.0000  0.9083  0.57509
  0.8921E+01  0.8959  1.2401  0.0290  0.7627  1.0000  0.9096  0.58158
  0.1128E+02  0.9469  1.2320  0.0323  0.7514  1.0000  0.9088  0.57951
  0.9758E+01  0.9138  1.2371  0.0302  0.7627  1.0000  0.9093  0.58353
  0.1067E+02  0.9336  1.2340  0.0315  0.7401  1.0000  0.9090  0.57261
  0.1010E+02  0.9212  1.2359  0.0307  0.7627  1.0000  0.9092  0.58421
  0.1045E+02  0.9288  1.2347  0.0312  0.7514  1.0000  0.9091  0.57825
  0.1023E+02  0.9240  1.2355  0.0309  0.7627  1.0000  0.9091  0.58446
  0.1037E+02  0.9270  1.2350  0.0311  0.7514  1.0000  0.9091  0.57810
  0.1028E+02  0.9251  1.2353  0.0309  0.7627  1.0000  0.9091  0.58456
  0.1033E+02  0.9263  1.2351  0.0310  0.7627  1.0000  0.9091  0.58465
  0.1033E+02  0.9263  1.2351  0.0310  0.7627  1.0000  0.9091  0.58465



             ####            Final results            ####

 Parameter    DISCRP    OSCILL    STABIL    SYSDEV    POSITV    VALCEN
 Weight        1.000     3.000     3.000     4.000     1.000     1.000
 Sigma         0.500     0.600     0.120     0.200     0.120     0.120
 Ideal         1.000     1.100     0.000     1.000     1.000     0.950
 Current       0.926     1.235     0.031     0.763     1.000     0.909
                - - - - - - - - - - - - - - - - - - - - - - - - - 
 Estimate      0.978     0.951     0.935     0.245     1.000     0.890

  Angular   range    :     from    0.0108   to    0.2986
  Real space range   :     from      0.00   to     72.24

  Highest ALPHA (theor) :   0.119E+05                 JOB = 0
  Current ALPHA         :   0.103E+02   Rg :  0.230E+02   I(0) :   0.215E+03

           Total  estimate : 0.585  which is  A REASONABLE  solution

      S          J EXP       ERROR       J REG       I REG

  0.0000E+00                                      0.2146E+03
  0.8316E-03                                      0.2146E+03
  0.1663E-02                                      0.2145E+03
  0.2495E-02                                      0.2143E+03
  0.3326E-02                                      0.2142E+03
  0.4158E-02                                      0.2139E+03
  0.4989E-02                                      0.2136E+03
  0.5821E-02                                      0.2133E+03
  0.6652E-02                                      0.2129E+03
  0.7484E-02                                      0.2125E+03
  0.8316E-02                                      0.2120E+03
  0.9147E-02                                      0.2114E+03
  0.9979E-02                                      0.2109E+03
  0.1081E-01  0.2166E+03  0.1766E+02  0.2102E+03  0.2102E+03
  0.1161E-01  0.2151E+03  0.1491E+02  0.2096E+03  0.2096E+03
  0.1242E-01  0.2026E+03  0.1250E+02  0.2088E+03  0.2088E+03
  0.1322E-01  0.1908E+03  0.1182E+02  0.2081E+03  0.2081E+03
  0.1403E-01  0.1968E+03  0.9778E+01  0.2073E+03  0.2073E+03
  0.1483E-01  0.2131E+03  0.8189E+01  0.2065E+03  0.2065E+03
  0.1563E-01  0.2181E+03  0.7228E+01  0.2056E+03  0.2056E+03
  0.1644E-01  0.2371E+03  0.6482E+01  0.2046E+03  0.2046E+03
  0.1724E-01  0.2140E+03  0.6033E+01  0.2037E+03  0.2037E+03
  0.1804E-01  0.2051E+03  0.5425E+01  0.2027E+03  0.2027E+03
  0.1885E-01  0.2078E+03  0.4881E+01  0.2016E+03  0.2016E+03
  0.1965E-01  0.2080E+03  0.4843E+01  0.2005E+03  0.2005E+03
  0.2046E-01  0.2124E+03  0.4807E+01  0.1994E+03  0.1994E+03
  0.2126E-01  0.2111E+03  0.4375E+01  0.1982E+03  0.1982E+03
  0.2206E-01  0.1976E+03  0.4488E+01  0.1970E+03  0.1970E+03
  0.2287E-01  0.1947E+03  0.4372E+01  0.1958E+03  0.1958E+03
  0.2367E-01  0.2004E+03  0.4207E+01  0.1945E+03  0.1945E+03
  0.2448E-01  0.1932E+03  0.4165E+01  0.1932E+03  0.1932E+03
  0.2528E-01  0.1885E+03  0.3775E+01  0.1919E+03  0.1919E+03
  0.2608E-01  0.1903E+03  0.3804E+01  0.1905E+03  0.1905E+03
  0.2689E-01  0.1939E+03  0.3745E+01  0.1891E+03  0.1891E+03
  0.2769E-01  0.1907E+03  0.3463E+01  0.1877E+03  0.1877E+03
  0.2849E-01  0.1906E+03  0.3374E+01  0.1862E+03  0.1862E+03
  0.2930E-01  0.1809E+03  0.3291E+01  0.1847E+03  0.1847E+03
  0.3010E-01  0.1740E+03  0.3172E+01  0.1832E+03  0.1832E+03
  0.3091E-01  0.1690E+03  0.3204E+01  0.1816E+03  0.1816E+03
  0.3171E-01  0.1775E+03  0.3056E+01  0.1800E+03  0.1800E+03
  0.3251E-01  0.1773E+03  0.2956E+01  0.1784E+03  0.1784E+03
  0.3332E-01  0.1781E+03  0.2925E+01  0.1768E+03  0.1768E+03
  0.3412E-01  0.1763E+03  0.2876E+01  0.1752E+03  0.1752E+03
  0.3493E-01  0.1715E+03  0.2838E+01  0.1735E+03  0.1735E+03
  0.3573E-01  0.1715E+03  0.2756E+01  0.1718E+03  0.1718E+03
  0.3653E-01  0.1681E+03  0.2693E+01  0.1701E+03  0.1701E+03
  0.3734E-01  0.1627E+03  0.2661E+01  0.1684E+03  0.1684E+03
  0.3814E-01  0.1701E+03  0.2607E+01  0.1666E+03  0.1666E+03
  0.3894E-01  0.1733E+03  0.2539E+01  0.1649E+03  0.1649E+03
  0.3975E-01  0.1642E+03  0.2499E+01  0.1631E+03  0.1631E+03
  0.4055E-01  0.1609E+03  0.2509E+01  0.1613E+03  0.1613E+03
  0.4136E-01  0.1572E+03  0.2410E+01  0.1595E+03  0.1595E+03
  0.4216E-01  0.1563E+03  0.2428E+01  0.1577E+03  0.1577E+03
  0.4296E-01  0.1607E+03  0.2300E+01  0.1559E+03  0.1559E+03
  0.4377E-01  0.1548E+03  0.2312E+01  0.1540E+03  0.1540E+03
  0.4457E-01  0.1532E+03  0.2331E+01  0.1522E+03  0.1522E+03
  0.4538E-01  0.1578E+03  0.2282E+01  0.1503E+03  0.1503E+03
  0.4618E-01  0.1498E+03  0.2270E+01  0.1485E+03  0.1485E+03
  0.4698E-01  0.1434E+03  0.2268E+01  0.1466E+03  0.1466E+03
  0.4779E-01  0.1428E+03  0.2241E+01  0.1447E+03  0.1447E+03
  0.4859E-01  0.1429E+03  0.2202E+01  0.1428E+03  0.1428E+03
  0.4939E-01  0.1384E+03  0.2267E+01  0.1410E+03  0.1410E+03
  0.5020E-01  0.1367E+03  0.2203E+01  0.1391E+03  0.1391E+03
  0.5100E-01  0.1395E+03  0.2193E+01  0.1372E+03  0.1372E+03
  0.5181E-01  0.1369E+03  0.2137E+01  0.1353E+03  0.1353E+03
  0.5261E-01  0.1380E+03  0.2158E+01  0.1334E+03  0.1334E+03
  0.5341E-01  0.1326E+03  0.2063E+01  0.1316E+03  0.1316E+03
  0.5422E-01  0.1300E+03  0.2069E+01  0.1297E+03  0.1297E+03
  0.5502E-01  0.1255E+03  0.2022E+01  0.1278E+03  0.1278E+03
  0.5582E-01  0.1259E+03  0.2002E+01  0.1259E+03  0.1259E+03
  0.5663E-01  0.1235E+03  0.2007E+01  0.1241E+03  0.1241E+03
  0.5743E-01  0.1247E+03  0.1989E+01  0.1222E+03  0.1222E+03
  0.5824E-01  0.1201E+03  0.1949E+01  0.1204E+03  0.1204E+03
  0.5904E-01  0.1189E+03  0.1969E+01  0.1185E+03  0.1185E+03
  0.5984E-01  0.1186E+03  0.1979E+01  0.1167E+03  0.1167E+03
  0.6065E-01  0.1149E+03  0.1968E+01  0.1149E+03  0.1149E+03
  0.6145E-01  0.1112E+03  0.2031E+01  0.1131E+03  0.1131E+03
  0.6226E-01  0.1093E+03  0.1874E+01  0.1113E+03  0.1113E+03
  0.6306E-01  0.1065E+03  0.1879E+01  0.1095E+03  0.1095E+03
  0.6386E-01  0.1058E+03  0.1889E+01  0.1077E+03  0.1077E+03
  0.6467E-01  0.1037E+03  0.1827E+01  0.1059E+03  0.1059E+03
  0.6547E-01  0.1031E+03  0.1853E+01  0.1042E+03  0.1042E+03
  0.6627E-01  0.1052E+03  0.1857E+01  0.1024E+03  0.1024E+03
  0.6708E-01  0.9996E+02  0.1830E+01  0.1007E+03  0.1007E+03
  0.6788E-01  0.9916E+02  0.1839E+01  0.9896E+02  0.9896E+02
  0.6869E-01  0.9565E+02  0.1803E+01  0.9727E+02  0.9727E+02
  0.6949E-01  0.9698E+02  0.1782E+01  0.9558E+02  0.9558E+02
  0.7029E-01  0.9605E+02  0.1719E+01  0.9391E+02  0.9391E+02
  0.7110E-01  0.9184E+02  0.1714E+01  0.9226E+02  0.9226E+02
  0.7190E-01  0.9296E+02  0.1897E+01  0.9063E+02  0.9063E+02
  0.7271E-01  0.8899E+02  0.1711E+01  0.8901E+02  0.8901E+02
  0.7351E-01  0.9020E+02  0.1695E+01  0.8742E+02  0.8742E+02
  0.7431E-01  0.8688E+02  0.1731E+01  0.8584E+02  0.8584E+02
  0.7512E-01  0.8623E+02  0.1727E+01  0.8427E+02  0.8427E+02
  0.7592E-01  0.8647E+02  0.1712E+01  0.8273E+02  0.8273E+02
  0.7672E-01  0.8697E+02  0.1697E+01  0.8121E+02  0.8121E+02
  0.7753E-01  0.8426E+02  0.1664E+01  0.7970E+02  0.7970E+02
  0.7833E-01  0.8057E+02  0.1669E+01  0.7822E+02  0.7822E+02
  0.7914E-01  0.7710E+02  0.1675E+01  0.7675E+02  0.7675E+02
  0.7994E-01  0.7590E+02  0.1646E+01  0.7531E+02  0.7531E+02
  0.8074E-01  0.7788E+02  0.1582E+01  0.7388E+02  0.7388E+02
  0.8155E-01  0.7494E+02  0.1553E+01  0.7247E+02  0.7247E+02
  0.8235E-01  0.7200E+02  0.1544E+01  0.7109E+02  0.7109E+02
  0.8316E-01  0.6965E+02  0.1554E+01  0.6972E+02  0.6972E+02
  0.8396E-01  0.6631E+02  0.1539E+01  0.6838E+02  0.6838E+02
  0.8476E-01  0.6716E+02  0.1539E+01  0.6706E+02  0.6706E+02
  0.8557E-01  0.6769E+02  0.1540E+01  0.6575E+02  0.6575E+02
  0.8637E-01  0.6646E+02  0.1566E+01  0.6447E+02  0.6447E+02
  0.8717E-01  0.6104E+02  0.1567E+01  0.6321E+02  0.6321E+02
  0.8798E-01  0.5963E+02  0.1561E+01  0.6197E+02  0.6197E+02
  0.8878E-01  0.5930E+02  0.1580E+01  0.6075E+02  0.6075E+02
  0.8959E-01  0.6165E+02  0.1565E+01  0.5955E+02  0.5955E+02
  0.9039E-01  0.6272E+02  0.1521E+01  0.5837E+02  0.5837E+02
  0.9119E-01  0.5936E+02  0.1519E+01  0.5721E+02  0.5721E+02
  0.9200E-01  0.5463E+02  0.1517E+01  0.5607E+02  0.5607E+02
  0.9280E-01  0.5462E+02  0.1490E+01  0.5495E+02  0.5495E+02
  0.9360E-01  0.5743E+02  0.1468E+01  0.5386E+02  0.5386E+02
  0.9441E-01  0.5683E+02  0.1441E+01  0.5278E+02  0.5278E+02
  0.9521E-01  0.5381E+02  0.1444E+01  0.5172E+02  0.5172E+02
  0.9602E-01  0.5322E+02  0.1443E+01  0.5068E+02  0.5068E+02
  0.9682E-01  0.4979E+02  0.1435E+01  0.4966E+02  0.4966E+02
  0.9762E-01  0.4800E+02  0.1419E+01  0.4866E+02  0.4866E+02
  0.9843E-01  0.5117E+02  0.1426E+01  0.4768E+02  0.4768E+02
  0.9923E-01  0.4844E+02  0.1471E+01  0.4672E+02  0.4672E+02
  0.1000E+00  0.5115E+02  0.1419E+01  0.4578E+02  0.4578E+02
  0.1008E+00  0.4911E+02  0.1414E+01  0.4486E+02  0.4486E+02
  0.1016E+00  0.5062E+02  0.1401E+01  0.4395E+02  0.4395E+02
  0.1024E+00  0.4564E+02  0.1375E+01  0.4306E+02  0.4306E+02
  0.1033E+00  0.4122E+02  0.1389E+01  0.4219E+02  0.4219E+02
  0.1041E+00  0.4204E+02  0.1357E+01  0.4134E+02  0.4134E+02
  0.1049E+00  0.4397E+02  0.1355E+01  0.4051E+02  0.4051E+02
  0.1057E+00  0.4121E+02  0.1348E+01  0.3969E+02  0.3969E+02
  0.1065E+00  0.4214E+02  0.1352E+01  0.3889E+02  0.3889E+02
  0.1073E+00  0.3910E+02  0.1365E+01  0.3811E+02  0.3811E+02
  0.1081E+00  0.3794E+02  0.1362E+01  0.3734E+02  0.3734E+02
  0.1089E+00  0.3722E+02  0.1345E+01  0.3659E+02  0.3659E+02
  0.1097E+00  0.3715E+02  0.1342E+01  0.3586E+02  0.3586E+02
  0.1105E+00  0.3552E+02  0.1326E+01  0.3514E+02  0.3514E+02
  0.1113E+00  0.3542E+02  0.1315E+01  0.3443E+02  0.3443E+02
  0.1121E+00  0.3390E+02  0.1297E+01  0.3374E+02  0.3374E+02
  0.1129E+00  0.3332E+02  0.1327E+01  0.3307E+02  0.3307E+02
  0.1137E+00  0.3030E+02  0.1286E+01  0.3241E+02  0.3241E+02
  0.1145E+00  0.3026E+02  0.1278E+01  0.3176E+02  0.3176E+02
  0.1153E+00  0.3326E+02  0.1273E+01  0.3113E+02  0.3113E+02
  0.1161E+00  0.2930E+02  0.1267E+01  0.3051E+02  0.3051E+02
  0.1169E+00  0.2924E+02  0.1281E+01  0.2991E+02  0.2991E+02
  0.1177E+00  0.3077E+02  0.1267E+01  0.2932E+02  0.2932E+02
  0.1185E+00  0.2861E+02  0.1263E+01  0.2874E+02  0.2874E+02
  0.1193E+00  0.2745E+02  0.1256E+01  0.2817E+02  0.2817E+02
  0.1201E+00  0.2709E+02  0.1243E+01  0.2762E+02  0.2762E+02
  0.1209E+00  0.2797E+02  0.1267E+01  0.2708E+02  0.2708E+02
  0.1217E+00  0.2751E+02  0.1239E+01  0.2655E+02  0.2655E+02
  0.1225E+00  0.2777E+02  0.1256E+01  0.2603E+02  0.2603E+02
  0.1233E+00  0.2472E+02  0.1240E+01  0.2552E+02  0.2552E+02
  0.1242E+00  0.2673E+02  0.1214E+01  0.2503E+02  0.2503E+02
  0.1250E+00  0.2540E+02  0.1222E+01  0.2454E+02  0.2454E+02
  0.1258E+00  0.2576E+02  0.1222E+01  0.2407E+02  0.2407E+02
  0.1266E+00  0.2466E+02  0.1229E+01  0.2360E+02  0.2360E+02
  0.1274E+00  0.2120E+02  0.1239E+01  0.2315E+02  0.2315E+02
  0.1282E+00  0.2341E+02  0.1244E+01  0.2270E+02  0.2270E+02
  0.1290E+00  0.2242E+02  0.1237E+01  0.2227E+02  0.2227E+02
  0.1298E+00  0.2035E+02  0.1227E+01  0.2184E+02  0.2184E+02
  0.1306E+00  0.1916E+02  0.1226E+01  0.2142E+02  0.2142E+02
  0.1314E+00  0.1735E+02  0.1219E+01  0.2102E+02  0.2102E+02
  0.1322E+00  0.1943E+02  0.1211E+01  0.2062E+02  0.2062E+02
  0.1330E+00  0.1807E+02  0.1193E+01  0.2023E+02  0.2023E+02
  0.1338E+00  0.1884E+02  0.1205E+01  0.1985E+02  0.1985E+02
  0.1346E+00  0.2028E+02  0.1187E+01  0.1947E+02  0.1947E+02
  0.1354E+00  0.1850E+02  0.1225E+01  0.1911E+02  0.1911E+02
  0.1362E+00  0.1975E+02  0.1212E+01  0.1875E+02  0.1875E+02
  0.1370E+00  0.2025E+02  0.1208E+01  0.1840E+02  0.1840E+02
  0.1378E+00  0.1694E+02  0.1202E+01  0.1806E+02  0.1806E+02
  0.1386E+00  0.1643E+02  0.1209E+01  0.1772E+02  0.1772E+02
  0.1394E+00  0.1507E+02  0.1211E+01  0.1739E+02  0.1739E+02
  0.1402E+00  0.1485E+02  0.1230E+01  0.1707E+02  0.1707E+02
  0.1410E+00  0.1729E+02  0.1227E+01  0.1676E+02  0.1676E+02
  0.1418E+00  0.1308E+02  0.1260E+01  0.1645E+02  0.1645E+02
  0.1426E+00  0.1332E+02  0.1250E+01  0.1615E+02  0.1615E+02
  0.1434E+00  0.1559E+02  0.1272E+01  0.1586E+02  0.1586E+02
  0.1442E+00  0.1430E+02  0.1269E+01  0.1557E+02  0.1557E+02
  0.1451E+00  0.1205E+02  0.1251E+01  0.1529E+02  0.1529E+02
  0.1459E+00  0.1358E+02  0.1247E+01  0.1501E+02  0.1501E+02
  0.1467E+00  0.1396E+02  0.1251E+01  0.1474E+02  0.1474E+02
  0.1475E+00  0.1395E+02  0.1218E+01  0.1448E+02  0.1448E+02
  0.1483E+00  0.1244E+02  0.1207E+01  0.1422E+02  0.1422E+02
  0.1491E+00  0.1155E+02  0.1220E+01  0.1397E+02  0.1397E+02
  0.1499E+00  0.1343E+02  0.1209E+01  0.1372E+02  0.1372E+02
  0.1507E+00  0.1429E+02  0.1213E+01  0.1348E+02  0.1348E+02
  0.1515E+00  0.1066E+02  0.1208E+01  0.1324E+02  0.1324E+02
  0.1523E+00  0.1088E+02  0.1207E+01  0.1301E+02  0.1301E+02
  0.1531E+00  0.1073E+02  0.1207E+01  0.1278E+02  0.1278E+02
  0.1539E+00  0.8114E+01  0.1235E+01  0.1256E+02  0.1256E+02
  0.1547E+00  0.1109E+02  0.1223E+01  0.1235E+02  0.1235E+02
  0.1555E+00  0.1242E+02  0.1241E+01  0.1213E+02  0.1213E+02
  0.1563E+00  0.9342E+01  0.1238E+01  0.1193E+02  0.1193E+02
  0.1571E+00  0.1007E+02  0.1255E+01  0.1173E+02  0.1173E+02
  0.1579E+00  0.1223E+02  0.1280E+01  0.1153E+02  0.1153E+02
  0.1587E+00  0.9714E+01  0.1274E+01  0.1134E+02  0.1134E+02
  0.1595E+00  0.1189E+02  0.1242E+01  0.1115E+02  0.1115E+02
  0.1603E+00  0.1067E+02  0.1241E+01  0.1097E+02  0.1097E+02
  0.1611E+00  0.1039E+02  0.1243E+01  0.1079E+02  0.1079E+02
  0.1619E+00  0.9479E+01  0.1237E+01  0.1061E+02  0.1061E+02
  0.1627E+00  0.7720E+01  0.1232E+01  0.1044E+02  0.1044E+02
  0.1635E+00  0.1028E+02  0.1213E+01  0.1027E+02  0.1027E+02
  0.1643E+00  0.1001E+02  0.1203E+01  0.1011E+02  0.1011E+02
  0.1651E+00  0.9474E+01  0.1201E+01  0.9954E+01  0.9954E+01
  0.1660E+00  0.8642E+01  0.1188E+01  0.9800E+01  0.9800E+01
  0.1668E+00  0.8922E+01  0.1206E+01  0.9649E+01  0.9649E+01
  0.1676E+00  0.9657E+01  0.1214E+01  0.9503E+01  0.9503E+01
  0.1684E+00  0.9114E+01  0.1232E+01  0.9360E+01  0.9360E+01
  0.1692E+00  0.9617E+01  0.1240E+01  0.9221E+01  0.9221E+01
  0.1700E+00  0.8887E+01  0.1255E+01  0.9086E+01  0.9086E+01
  0.1708E+00  0.9475E+01  0.1236E+01  0.8954E+01  0.8954E+01
  0.1716E+00  0.7635E+01  0.1243E+01  0.8826E+01  0.8826E+01
  0.1724E+00  0.5069E+01  0.1255E+01  0.8701E+01  0.8701E+01
  0.1732E+00  0.7273E+01  0.1241E+01  0.8580E+01  0.8580E+01
  0.1740E+00  0.7977E+01  0.1235E+01  0.8463E+01  0.8463E+01
  0.1748E+00  0.7940E+01  0.1248E+01  0.8348E+01  0.8348E+01
  0.1756E+00  0.8180E+01  0.1241E+01  0.8237E+01  0.8237E+01
  0.1764E+00  0.7071E+01  0.1236E+01  0.8129E+01  0.8129E+01
  0.1772E+00  0.7383E+01  0.1190E+01  0.8024E+01  0.8024E+01
  0.1780E+00  0.1031E+02  0.1200E+01  0.7922E+01  0.7922E+01
  0.1788E+00  0.5341E+01  0.1210E+01  0.7824E+01  0.7824E+01
  0.1796E+00  0.8262E+01  0.1198E+01  0.7728E+01  0.7728E+01
  0.1804E+00  0.1051E+02  0.1210E+01  0.7635E+01  0.7635E+01
  0.1812E+00  0.9066E+01  0.1220E+01  0.7545E+01  0.7545E+01
  0.1820E+00  0.5391E+01  0.1205E+01  0.7458E+01  0.7458E+01
  0.1828E+00  0.1746E+01  0.1222E+01  0.7374E+01  0.7374E+01
  0.1836E+00  0.4467E+01  0.1227E+01  0.7292E+01  0.7292E+01
  0.1844E+00  0.6997E+01  0.1226E+01  0.7213E+01  0.7213E+01
  0.1852E+00  0.7030E+01  0.1241E+01  0.7136E+01  0.7136E+01
  0.1860E+00  0.4818E+01  0.1221E+01  0.7062E+01  0.7062E+01
  0.1868E+00  0.6209E+01  0.1219E+01  0.6990E+01  0.6990E+01
  0.1877E+00  0.8500E+01  0.1207E+01  0.6921E+01  0.6921E+01
  0.1885E+00  0.5791E+01  0.1200E+01  0.6854E+01  0.6854E+01
  0.1893E+00  0.4421E+01  0.1214E+01  0.6789E+01  0.6789E+01
  0.1901E+00  0.4664E+01  0.1207E+01  0.6726E+01  0.6726E+01
  0.1909E+00  0.7274E+01  0.1191E+01  0.6666E+01  0.6666E+01
  0.1917E+00  0.4706E+01  0.1200E+01  0.6607E+01  0.6607E+01
  0.1925E+00  0.3446E+01  0.1203E+01  0.6550E+01  0.6550E+01
  0.1933E+00  0.5114E+01  0.1190E+01  0.6495E+01  0.6495E+01
  0.1941E+00  0.6880E+01  0.1206E+01  0.6442E+01  0.6442E+01
  0.1949E+00  0.5035E+01  0.1216E+01  0.6391E+01  0.6391E+01
  0.1957E+00  0.5759E+01  0.1225E+01  0.6342E+01  0.6342E+01
  0.1965E+00  0.7419E+01  0.1213E+01  0.6294E+01  0.6294E+01
  0.1973E+00  0.5673E+01  0.1201E+01  0.6248E+01  0.6248E+01
  0.1981E+00  0.5199E+01  0.1204E+01  0.6203E+01  0.6203E+01
  0.1989E+00  0.5477E+01  0.1212E+01  0.6160E+01  0.6160E+01
  0.1997E+00  0.6941E+01  0.1174E+01  0.6118E+01  0.6118E+01
  0.2005E+00  0.7412E+01  0.1170E+01  0.6077E+01  0.6077E+01
  0.2013E+00  0.6246E+01  0.1172E+01  0.6038E+01  0.6038E+01
  0.2021E+00  0.6933E+01  0.1181E+01  0.6000E+01  0.6000E+01
  0.2029E+00  0.6581E+01  0.1185E+01  0.5963E+01  0.5963E+01
  0.2037E+00  0.6849E+01  0.1187E+01  0.5927E+01  0.5927E+01
  0.2045E+00  0.4094E+01  0.1211E+01  0.5892E+01  0.5892E+01
  0.2053E+00  0.5070E+01  0.1234E+01  0.5858E+01  0.5858E+01
  0.2061E+00  0.5985E+01  0.1213E+01  0.5825E+01  0.5825E+01
  0.2069E+00  0.4384E+01  0.1224E+01  0.5793E+01  0.5793E+01
  0.2077E+00  0.1594E+01  0.1217E+01  0.5762E+01  0.5762E+01
  0.2086E+00  0.3198E+01  0.1216E+01  0.5731E+01  0.5731E+01
  0.2094E+00  0.4523E+01  0.1210E+01  0.5701E+01  0.5701E+01
  0.2102E+00  0.4406E+01  0.1184E+01  0.5672E+01  0.5672E+01
  0.2110E+00  0.6411E+01  0.1185E+01  0.5643E+01  0.5643E+01
  0.2118E+00  0.4458E+01  0.1180E+01  0.5615E+01  0.5615E+01
  0.2126E+00  0.6207E+01  0.1167E+01  0.5588E+01  0.5588E+01
  0.2134E+00  0.7351E+01  0.1156E+01  0.5561E+01  0.5561E+01
  0.2142E+00  0.2564E+01  0.1179E+01  0.5534E+01  0.5534E+01
  0.2150E+00  0.3879E+01  0.1177E+01  0.5508E+01  0.5508E+01
  0.2158E+00  0.4935E+01  0.1193E+01  0.5482E+01  0.5482E+01
  0.2166E+00  0.6438E+01  0.1186E+01  0.5457E+01  0.5457E+01
  0.2174E+00  0.5056E+01  0.1170E+01  0.5431E+01  0.5431E+01
  0.2182E+00  0.3492E+01  0.1185E+01  0.5406E+01  0.5406E+01
  0.2190E+00  0.5764E+01  0.1174E+01  0.5381E+01  0.5381E+01
  0.2198E+00  0.7381E+01  0.1171E+01  0.5357E+01  0.5357E+01
  0.2206E+00  0.6977E+01  0.1169E+01  0.5332E+01  0.5332E+01
  0.2214E+00  0.5125E+01  0.1149E+01  0.5308E+01  0.5308E+01
  0.2222E+00  0.4023E+01  0.1157E+01  0.5283E+01  0.5283E+01
  0.2230E+00  0.3637E+01  0.1157E+01  0.5259E+01  0.5259E+01
  0.2238E+00  0.2973E+01  0.1148E+01  0.5235E+01  0.5235E+01
  0.2246E+00  0.2003E+01  0.1152E+01  0.5211E+01  0.5211E+01
  0.2254E+00  0.3202E+01  0.1149E+01  0.5186E+01  0.5186E+01
  0.2262E+00  0.3525E+01  0.1161E+01  0.5162E+01  0.5162E+01
  0.2270E+00  0.7096E+01  0.1167E+01  0.5138E+01  0.5138E+01
  0.2278E+00  0.4710E+01  0.1187E+01  0.5114E+01  0.5114E+01
  0.2286E+00  0.4243E+01  0.1179E+01  0.5089E+01  0.5089E+01
  0.2295E+00  0.4987E+01  0.1189E+01  0.5065E+01  0.5065E+01
  0.2303E+00  0.5165E+01  0.1168E+01  0.5040E+01  0.5040E+01
  0.2311E+00  0.5813E+01  0.1178E+01  0.5016E+01  0.5016E+01
  0.2319E+00  0.7001E+01  0.1164E+01  0.4991E+01  0.4991E+01
  0.2327E+00  0.5909E+01  0.1146E+01  0.4966E+01  0.4966E+01
  0.2335E+00  0.4421E+01  0.1144E+01  0.4941E+01  0.4941E+01
  0.2343E+00  0.3795E+01  0.1166E+01  0.4916E+01  0.4916E+01
  0.2351E+00  0.6042E+01  0.1195E+01  0.4891E+01  0.4891E+01
  0.2359E+00  0.4157E+01  0.1196E+01  0.4865E+01  0.4865E+01
  0.2367E+00  0.5717E+01  0.1202E+01  0.4840E+01  0.4840E+01
  0.2375E+00  0.4410E+01  0.1207E+01  0.4814E+01  0.4814E+01
  0.2383E+00  0.5506E+01  0.1215E+01  0.4788E+01  0.4788E+01
  0.2391E+00  0.4386E+01  0.1233E+01  0.4763E+01  0.4763E+01
  0.2399E+00  0.5450E+01  0.1219E+01  0.4737E+01  0.4737E+01
  0.2407E+00  0.2398E+01  0.1213E+01  0.4711E+01  0.4711E+01
  0.2415E+00  0.2287E+01  0.1218E+01  0.4685E+01  0.4685E+01
  0.2423E+00  0.3611E+01  0.1203E+01  0.4658E+01  0.4658E+01
  0.2431E+00  0.7220E+01  0.1207E+01  0.4632E+01  0.4632E+01
  0.2439E+00  0.6990E+01  0.1199E+01  0.4606E+01  0.4606E+01
  0.2447E+00  0.7221E+01  0.1196E+01  0.4579E+01  0.4579E+01
  0.2455E+00  0.6364E+01  0.1203E+01  0.4553E+01  0.4553E+01
  0.2463E+00  0.4687E+01  0.1227E+01  0.4526E+01  0.4526E+01
  0.2471E+00  0.4423E+01  0.1251E+01  0.4500E+01  0.4500E+01
  0.2479E+00  0.7356E+01  0.1244E+01  0.4473E+01  0.4473E+01
  0.2487E+00  0.7044E+01  0.1266E+01  0.4447E+01  0.4447E+01
  0.2495E+00  0.8041E+01  0.1278E+01  0.4420E+01  0.4420E+01
  0.2504E+00  0.6929E+01  0.1280E+01  0.4394E+01  0.4394E+01
  0.2512E+00  0.4177E+01  0.1308E+01  0.4367E+01  0.4367E+01
  0.2520E+00  0.3754E+01  0.1303E+01  0.4340E+01  0.4340E+01
  0.2528E+00  0.5125E+01  0.1319E+01  0.4314E+01  0.4314E+01
  0.2536E+00  0.4353E+01  0.1310E+01  0.4288E+01  0.4288E+01
  0.2544E+00  0.4920E+01  0.1328E+01  0.4261E+01  0.4261E+01
  0.2552E+00  0.3870E+01  0.1343E+01  0.4235E+01  0.4235E+01
  0.2560E+00  0.2797E+01  0.1354E+01  0.4209E+01  0.4209E+01
  0.2584E+00  0.2269E+01  0.1369E+01  0.4132E+01  0.4132E+01
  0.2592E+00  0.6223E+01  0.1358E+01  0.4106E+01  0.4106E+01
  0.2600E+00  0.6886E+01  0.1353E+01  0.4081E+01  0.4081E+01
  0.2608E+00  0.3016E+01  0.1373E+01  0.4056E+01  0.4056E+01
  0.2616E+00  0.2946E+01  0.1382E+01  0.4031E+01  0.4031E+01
  0.2624E+00  0.4206E+01  0.1421E+01  0.4006E+01  0.4006E+01
  0.2632E+00  0.4001E+01  0.1412E+01  0.3982E+01  0.3982E+01
  0.2640E+00  0.3820E+01  0.1416E+01  0.3957E+01  0.3957E+01
  0.2648E+00  0.2609E+01  0.1421E+01  0.3933E+01  0.3933E+01
  0.2656E+00  0.4923E+01  0.1415E+01  0.3909E+01  0.3909E+01
  0.2664E+00  0.5946E+01  0.1434E+01  0.3886E+01  0.3886E+01
  0.2672E+00  0.5899E+01  0.1418E+01  0.3862E+01  0.3862E+01
  0.2680E+00  0.1020E+02  0.1449E+01  0.3839E+01  0.3839E+01
  0.2688E+00  0.5822E+01  0.1456E+01  0.3816E+01  0.3816E+01
  0.2696E+00  0.4004E+01  0.1442E+01  0.3794E+01  0.3794E+01
  0.2704E+00  0.3630E+01  0.1450E+01  0.3771E+01  0.3771E+01
  0.2713E+00  0.5249E+01  0.1471E+01  0.3749E+01  0.3749E+01
  0.2721E+00  0.7938E+01  0.1484E+01  0.3727E+01  0.3727E+01
  0.2729E+00  0.4646E+01  0.1459E+01  0.3706E+01  0.3706E+01
  0.2737E+00  0.5464E+01  0.1501E+01  0.3685E+01  0.3685E+01
  0.2745E+00  0.5455E+01  0.1462E+01  0.3664E+01  0.3664E+01
  0.2753E+00  0.2434E+01  0.1472E+01  0.3643E+01  0.3643E+01
  0.2761E+00  0.2099E+01  0.1486E+01  0.3623E+01  0.3623E+01
  0.2769E+00  0.3499E+01  0.1450E+01  0.3603E+01  0.3603E+01
  0.2785E+00  0.1822E+01  0.1442E+01  0.3564E+01  0.3564E+01
  0.2793E+00  0.1061E+01  0.1438E+01  0.3545E+01  0.3545E+01
  0.2801E+00  0.4677E+01  0.1436E+01  0.3526E+01  0.3526E+01
  0.2809E+00  0.2878E+01  0.1448E+01  0.3507E+01  0.3507E+01
  0.2817E+00  0.3462E+01  0.1441E+01  0.3489E+01  0.3489E+01
  0.2825E+00  0.4674E+01  0.1458E+01  0.3471E+01  0.3471E+01
  0.2833E+00  0.2568E+01  0.1421E+01  0.3453E+01  0.3453E+01
  0.2841E+00  0.2986E+01  0.1441E+01  0.3435E+01  0.3435E+01
  0.2849E+00  0.3558E+01  0.1421E+01  0.3418E+01  0.3418E+01
  0.2857E+00  0.3757E+01  0.1457E+01  0.3401E+01  0.3401E+01
  0.2865E+00  0.2117E+01  0.1443E+01  0.3384E+01  0.3384E+01
  0.2873E+00  0.2784E+01  0.1461E+01  0.3368E+01  0.3368E+01
  0.2881E+00  0.4592E+01  0.1495E+01  0.3351E+01  0.3351E+01
  0.2889E+00  0.1612E+01  0.1480E+01  0.3335E+01  0.3335E+01
  0.2905E+00  0.4934E+01  0.1482E+01  0.3304E+01  0.3304E+01
  0.2913E+00  0.5314E+01  0.1494E+01  0.3288E+01  0.3288E+01
  0.2922E+00  0.5362E+01  0.1456E+01  0.3273E+01  0.3273E+01
  0.2930E+00  0.2703E+01  0.1491E+01  0.3258E+01  0.3258E+01
  0.2938E+00  0.5590E+01  0.1454E+01  0.3243E+01  0.3243E+01
  0.2946E+00  0.5409E+01  0.1456E+01  0.3228E+01  0.3228E+01
  0.2954E+00  0.4659E+01  0.1453E+01  0.3213E+01  0.3213E+01
  0.2962E+00  0.5752E+01  0.1449E+01  0.3199E+01  0.3199E+01
  0.2970E+00  0.5436E+01  0.1487E+01  0.3184E+01  0.3184E+01
  0.2978E+00  0.2218E+01  0.1500E+01  0.3170E+01  0.3170E+01
  0.2986E+00  0.2966E+01  0.1473E+01  0.3156E+01  0.3156E+01

           Distance distribution  function of particle  


       R          P(R)      ERROR

  0.0000E+00  0.0000E+00  0.0000E+00
  0.7224E+00  0.1641E-01  0.3867E-03
  0.1445E+01  0.3301E-01  0.6867E-03
  0.2167E+01  0.4981E-01  0.9034E-03
  0.2890E+01  0.6681E-01  0.1042E-02
  0.3612E+01  0.8399E-01  0.1110E-02
  0.4334E+01  0.1014E+00  0.1117E-02
  0.5057E+01  0.1189E+00  0.1074E-02
  0.5779E+01  0.1366E+00  0.9968E-03
  0.6502E+01  0.1544E+00  0.9033E-03
  0.7224E+01  0.1724E+00  0.8186E-03
  0.7946E+01  0.1905E+00  0.7714E-03
  0.8669E+01  0.2086E+00  0.7845E-03
  0.9391E+01  0.2267E+00  0.8598E-03
  0.1011E+02  0.2449E+00  0.9785E-03
  0.1084E+02  0.2629E+00  0.1117E-02
  0.1156E+02  0.2809E+00  0.1257E-02
  0.1228E+02  0.2986E+00  0.1384E-02
  0.1300E+02  0.3161E+00  0.1491E-02
  0.1373E+02  0.3332E+00  0.1573E-02
  0.1445E+02  0.3499E+00  0.1629E-02
  0.1517E+02  0.3661E+00  0.1658E-02
  0.1589E+02  0.3816E+00  0.1664E-02
  0.1662E+02  0.3965E+00  0.1652E-02
  0.1734E+02  0.4106E+00  0.1627E-02
  0.1806E+02  0.4237E+00  0.1598E-02
  0.1878E+02  0.4359E+00  0.1573E-02
  0.1950E+02  0.4471E+00  0.1558E-02
  0.2023E+02  0.4571E+00  0.1561E-02
  0.2095E+02  0.4658E+00  0.1582E-02
  0.2167E+02  0.4733E+00  0.1623E-02
  0.2239E+02  0.4795E+00  0.1678E-02
  0.2312E+02  0.4843E+00  0.1743E-02
  0.2384E+02  0.4877E+00  0.1812E-02
  0.2456E+02  0.4897E+00  0.1878E-02
  0.2528E+02  0.4903E+00  0.1937E-02
  0.2601E+02  0.4894E+00  0.1985E-02
  0.2673E+02  0.4872E+00  0.2020E-02
  0.2745E+02  0.4837E+00  0.2042E-02
  0.2817E+02  0.4788E+00  0.2050E-02
  0.2890E+02  0.4727E+00  0.2046E-02
  0.2962E+02  0.4655E+00  0.2031E-02
  0.3034E+02  0.4572E+00  0.2008E-02
  0.3106E+02  0.4479E+00  0.1979E-02
  0.3179E+02  0.4377E+00  0.1948E-02
  0.3251E+02  0.4268E+00  0.1915E-02
  0.3323E+02  0.4151E+00  0.1884E-02
  0.3395E+02  0.4029E+00  0.1857E-02
  0.3468E+02  0.3902E+00  0.1833E-02
  0.3540E+02  0.3772E+00  0.1815E-02
  0.3612E+02  0.3639E+00  0.1803E-02
  0.3684E+02  0.3505E+00  0.1796E-02
  0.3756E+02  0.3370E+00  0.1796E-02
  0.3829E+02  0.3236E+00  0.1801E-02
  0.3901E+02  0.3102E+00  0.1812E-02
  0.3973E+02  0.2970E+00  0.1829E-02
  0.4045E+02  0.2841E+00  0.1851E-02
  0.4118E+02  0.2714E+00  0.1878E-02
  0.4190E+02  0.2591E+00  0.1908E-02
  0.4262E+02  0.2472E+00  0.1941E-02
  0.4334E+02  0.2357E+00  0.1975E-02
  0.4407E+02  0.2246E+00  0.2008E-02
  0.4479E+02  0.2139E+00  0.2041E-02
  0.4551E+02  0.2037E+00  0.2071E-02
  0.4623E+02  0.1940E+00  0.2099E-02
  0.4696E+02  0.1847E+00  0.2125E-02
  0.4768E+02  0.1758E+00  0.2149E-02
  0.4840E+02  0.1674E+00  0.2173E-02
  0.4912E+02  0.1593E+00  0.2198E-02
  0.4985E+02  0.1517E+00  0.2228E-02
  0.5057E+02  0.1444E+00  0.2263E-02
  0.5129E+02  0.1375E+00  0.2307E-02
  0.5201E+02  0.1309E+00  0.2361E-02
  0.5274E+02  0.1246E+00  0.2424E-02
  0.5346E+02  0.1186E+00  0.2498E-02
  0.5418E+02  0.1129E+00  0.2579E-02
  0.5490E+02  0.1074E+00  0.2667E-02
  0.5562E+02  0.1021E+00  0.2758E-02
  0.5635E+02  0.9708E-01  0.2848E-02
  0.5707E+02  0.9221E-01  0.2935E-02
  0.5779E+02  0.8752E-01  0.3014E-02
  0.5851E+02  0.8297E-01  0.3083E-02
  0.5924E+02  0.7856E-01  0.3138E-02
  0.5996E+02  0.7427E-01  0.3176E-02
  0.6068E+02  0.7007E-01  0.3195E-02
  0.6140E+02  0.6596E-01  0.3193E-02
  0.6213E+02  0.6190E-01  0.3169E-02
  0.6285E+02  0.5789E-01  0.3121E-02
  0.6357E+02  0.5390E-01  0.3048E-02
  0.6429E+02  0.4991E-01  0.2949E-02
  0.6502E+02  0.4591E-01  0.2824E-02
  0.6574E+02  0.4186E-01  0.2673E-02
  0.6646E+02  0.3776E-01  0.2494E-02
  0.6718E+02  0.3357E-01  0.2287E-02
  0.6791E+02  0.2927E-01  0.2052E-02
  0.6863E+02  0.2484E-01  0.1788E-02
  0.6935E+02  0.2026E-01  0.1493E-02
  0.7007E+02  0.1551E-01  0.1168E-02
  0.7080E+02  0.1056E-01  0.8115E-03
  0.7152E+02  0.5399E-02  0.4225E-03
  0.7224E+02  0.0000E+00  0.0000E+00
          Reciprocal space: Rg =   22.96     , I(0) =   0.2146E+03
     Real space: Rg =   22.98 +- 0.080  I(0) =   0.2146E+03 +-  0.6689E+00
