
           ####    G N O M   ---   Version 4.5a revised 09/02/02     ####

                                                  Fri Apr 12 01:08:01 2013
           ===    Run No   1   ===
 Run title:   0.198788E-01  0.669472E+03  0.187751E+02


  Number of points omitted at the end:         334
   *******   Working Directory :
   *******    Input file(s) : 24691_0227.dat
           Condition P(rmin) = 0 is used. 
           Condition P(rmax) = 0 is used. 

          Experimental conditions for the first run
          -----------------------------------------

          Highest ALPHA is found to be   0.7027E+02

  The measure of inconsistency AN1 equals to    0.7685E+00
     Alpha    Discrp  Oscill  Stabil  Sysdev  Positv  Valcen    Total   
  0.7027E+05 48.2141  1.2013  0.9368  0.0000  1.0000  0.8554  0.00001
  0.1405E+05 39.6043  1.2001  0.7713  0.0000  1.0000  0.8556  0.00001
  0.2811E+04 20.9864  1.1962  0.4111  0.0000  1.0000  0.8564  0.00001
  0.5622E+03  6.4480  1.1931  0.1233  0.1920  1.0000  0.8569  0.00001
  0.1124E+03  1.7680  1.2022  0.0278  0.5200  1.0000  0.8544  0.43839
  0.2249E+02  0.9412  1.2118  0.0115  0.5840  1.0000  0.8516  0.10000
  0.4497E+01  0.8389  1.2202  0.0102  0.6080  1.0000  0.8499  0.10000
  0.8995E+00  0.8167  1.2334  0.0088  0.5920  1.0000  0.8492  0.10000
  0.1799E+00  0.8038  1.2834  0.0176  0.5760  1.0000  0.8484  0.10000
  0.3598E-01  0.7902  1.5210  0.0476  0.6160  1.0000  0.8457  0.10000
  0.7196E-02  0.7661  2.8797  0.1490  0.6320  0.9998  0.8335  0.10000
  0.1439E-02  0.7370  5.6819  0.1550  0.6720  0.9930  0.7983  0.10000
  0.2878E-03  0.7286  7.2723  0.0730  0.7040  0.9816  0.7704  0.10000
  0.5757E-04  0.7274  8.3794  0.1804  0.7200  0.9696  0.7563  0.10000
  0.1151E-04  0.7268  9.9177  0.1944  0.7200  0.9506  0.7437  0.10000
  0.2303E-05  0.7267 10.2916  0.3357  0.7200  0.9408  0.4659  0.10000
  0.4605E-06  0.7265 10.8819  0.5907  0.7200  0.8788  0.4356  0.10000
  0.9211E-07  0.7261 11.8507  0.6707  0.7200  0.7851  0.3787  0.10000
  0.1842E-07  0.7252 13.4468  0.8520  0.7200  0.7270  0.3230  0.10000
  0.3684E-08  0.7221 14.3323  0.7790  0.7200  0.7065  0.2982  0.10000
  0.7368E-09  0.7160 15.0708  0.5808  0.7040  0.7032  0.2862  0.10000
  0.1474E-09  0.7065 17.5867  0.7400  0.7120  0.7332  0.2857  0.10000
  0.2947E-10  0.6785 21.1937  0.6940  0.7120  0.7527  0.3008  0.10000
  0.5895E-11  0.6092 26.9171  0.5907  0.7040  0.7651  0.2877  0.10000
  0.1179E-11  0.4839 34.4316  0.4892  0.6720  0.7378  0.2917  0.10000
  0.2358E-12  0.3087 42.6188  0.4146  0.7040  0.6988  0.2385  0.10000
  0.4716E-13  0.1371 47.2403  0.2657  0.8320  0.6637  0.2069  0.10000
  0.9432E-14  0.0400 48.6344  0.0987  0.8160  0.6429  0.1860  0.10000
  0.1886E-14  0.0090 48.9662  0.0254  0.8160  0.6357  0.1775  0.10000
  0.3773E-15  0.0018 49.0377  0.0076  0.8000  0.6340  0.1754  0.10000
  0.7545E-16  0.0004 49.0522  0.0010  0.7840  0.6337  0.1750  0.10000

          ***  Golden section search to maximize estimate ***
     Alpha    Discrp  Oscill  Stabil  Sysdev  Positv  Valcen    Total   
  0.2079E+03  2.8091  1.1977  0.0488  0.4080  1.0000  0.8556  0.00001
  0.2509E+00  0.8066  1.2653  0.0157  0.5760  1.0000  0.8486  0.10000
  0.1422E+03  2.0897  1.2005  0.0343  0.5040  1.0000  0.8549  0.43024
  0.1092E+02  0.8742  1.2152  0.0111  0.6000  1.0000  0.8507  0.10000
  0.1230E+03  1.8813  1.2016  0.0301  0.5040  1.0000  0.8546  0.43449
  0.4614E+02  1.1152  1.2082  0.0145  0.5840  1.0000  0.8527  0.48557
  0.2661E+02  0.9678  1.2110  0.0119  0.5840  1.0000  0.8518  0.10000
  0.6484E+02  1.2825  1.2061  0.0179  0.5520  1.0000  0.8533  0.47409
  0.3739E+02  1.0451  1.2093  0.0131  0.6000  1.0000  0.8523  0.10000
  0.5254E+02  1.1702  1.2074  0.0156  0.6000  1.0000  0.8529  0.48438
  0.4258E+02  1.0859  1.2087  0.0139  0.5840  1.0000  0.8526  0.10000
  0.4849E+02  1.1350  1.2079  0.0148  0.6000  1.0000  0.8528  0.48598
  0.5000E+02  1.1480  1.2077  0.0151  0.6000  1.0000  0.8528  0.48545
  0.4758E+02  1.1273  1.2080  0.0147  0.6000  1.0000  0.8527  0.48626
  0.4702E+02  1.1226  1.2081  0.0146  0.6000  1.0000  0.8527  0.48642
  0.4668E+02  1.1198  1.2081  0.0145  0.6000  1.0000  0.8527  0.48651
  0.4647E+02  1.1180  1.2082  0.0145  0.5840  1.0000  0.8527  0.48549
  0.4681E+02  1.1209  1.2081  0.0146  0.6000  1.0000  0.8527  0.48648
  0.4668E+02  1.1198  1.2081  0.0145  0.6000  1.0000  0.8527  0.48651



             ####            Final results            ####

 Parameter    DISCRP    OSCILL    STABIL    SYSDEV    POSITV    VALCEN
 Weight        1.000     3.000     3.000     4.000     1.000     1.000
 Sigma         0.500     0.600     0.120     0.200     0.120     0.120
 Ideal         1.000     1.100     0.000     1.000     1.000     0.950
 Current       1.120     1.208     0.015     0.600     1.000     0.853
                - - - - - - - - - - - - - - - - - - - - - - - - - 
 Estimate      0.944     0.968     0.985     0.018     1.000     0.518

  Angular   range    :     from    0.0208   to    0.2532
  Real space range   :     from      0.00   to    110.30

  Highest ALPHA (theor) :   0.703E+05                 JOB = 0
  Current ALPHA         :   0.467E+02   Rg :  0.361E+02   I(0) :   0.776E+03

           Total  estimate : 0.487  which is  A SUSPICIOUS  solution

      S          J EXP       ERROR       J REG       I REG

  0.0000E+00                                      0.7763E+03
  0.9458E-03                                      0.7759E+03
  0.1892E-02                                      0.7750E+03
  0.2838E-02                                      0.7735E+03
  0.3783E-02                                      0.7714E+03
  0.4729E-02                                      0.7687E+03
  0.5675E-02                                      0.7654E+03
  0.6621E-02                                      0.7615E+03
  0.7567E-02                                      0.7570E+03
  0.8513E-02                                      0.7520E+03
  0.9458E-02                                      0.7464E+03
  0.1040E-01                                      0.7404E+03
  0.1135E-01                                      0.7338E+03
  0.1230E-01                                      0.7266E+03
  0.1324E-01                                      0.7191E+03
  0.1419E-01                                      0.7110E+03
  0.1513E-01                                      0.7025E+03
  0.1608E-01                                      0.6936E+03
  0.1703E-01                                      0.6843E+03
  0.1797E-01                                      0.6747E+03
  0.1892E-01                                      0.6646E+03
  0.1986E-01                                      0.6543E+03
  0.2081E-01  0.6548E+03  0.1599E+02  0.6436E+03  0.6436E+03
  0.2174E-01  0.6598E+03  0.1478E+02  0.6329E+03  0.6329E+03
  0.2267E-01  0.6318E+03  0.8338E+01  0.6219E+03  0.6219E+03
  0.2360E-01  0.6211E+03  0.5253E+01  0.6107E+03  0.6107E+03
  0.2453E-01  0.6097E+03  0.4873E+01  0.5993E+03  0.5993E+03
  0.2546E-01  0.6030E+03  0.4681E+01  0.5878E+03  0.5878E+03
  0.2639E-01  0.5890E+03  0.4673E+01  0.5761E+03  0.5761E+03
  0.2732E-01  0.5795E+03  0.4564E+01  0.5642E+03  0.5642E+03
  0.2825E-01  0.5689E+03  0.4657E+01  0.5523E+03  0.5523E+03
  0.2918E-01  0.5480E+03  0.4345E+01  0.5403E+03  0.5403E+03
  0.3010E-01  0.5334E+03  0.4324E+01  0.5282E+03  0.5282E+03
  0.3103E-01  0.5191E+03  0.4218E+01  0.5161E+03  0.5161E+03
  0.3196E-01  0.5102E+03  0.4074E+01  0.5041E+03  0.5041E+03
  0.3289E-01  0.4960E+03  0.4041E+01  0.4920E+03  0.4920E+03
  0.3382E-01  0.4832E+03  0.3856E+01  0.4799E+03  0.4799E+03
  0.3475E-01  0.4720E+03  0.3937E+01  0.4679E+03  0.4679E+03
  0.3568E-01  0.4553E+03  0.3666E+01  0.4560E+03  0.4560E+03
  0.3661E-01  0.4443E+03  0.3566E+01  0.4442E+03  0.4442E+03
  0.3754E-01  0.4317E+03  0.3450E+01  0.4325E+03  0.4325E+03
  0.3847E-01  0.4162E+03  0.3368E+01  0.4209E+03  0.4209E+03
  0.3940E-01  0.4050E+03  0.3419E+01  0.4095E+03  0.4095E+03
  0.4033E-01  0.3983E+03  0.3405E+01  0.3982E+03  0.3982E+03
  0.4126E-01  0.3851E+03  0.3296E+01  0.3871E+03  0.3871E+03
  0.4219E-01  0.3766E+03  0.3235E+01  0.3762E+03  0.3762E+03
  0.4312E-01  0.3672E+03  0.3169E+01  0.3655E+03  0.3655E+03
  0.4405E-01  0.3583E+03  0.3298E+01  0.3550E+03  0.3550E+03
  0.4498E-01  0.3497E+03  0.3337E+01  0.3447E+03  0.3447E+03
  0.4591E-01  0.3387E+03  0.3279E+01  0.3347E+03  0.3347E+03
  0.4684E-01  0.3310E+03  0.3773E+01  0.3249E+03  0.3249E+03
  0.4777E-01  0.3243E+03  0.4421E+01  0.3153E+03  0.3153E+03
  0.4870E-01  0.3120E+03  0.3590E+01  0.3060E+03  0.3060E+03
  0.4963E-01  0.2975E+03  0.3048E+01  0.2969E+03  0.2969E+03
  0.5056E-01  0.2963E+03  0.3018E+01  0.2881E+03  0.2881E+03
  0.5149E-01  0.2879E+03  0.2982E+01  0.2795E+03  0.2795E+03
  0.5242E-01  0.2780E+03  0.2942E+01  0.2712E+03  0.2712E+03
  0.5335E-01  0.2733E+03  0.2959E+01  0.2632E+03  0.2632E+03
  0.5428E-01  0.2629E+03  0.2975E+01  0.2554E+03  0.2554E+03
  0.5521E-01  0.2497E+03  0.2786E+01  0.2479E+03  0.2479E+03
  0.5613E-01  0.2354E+03  0.7409E+01  0.2406E+03  0.2406E+03
  0.5706E-01  0.2292E+03  0.3361E+01  0.2336E+03  0.2336E+03
  0.5799E-01  0.2236E+03  0.3168E+01  0.2269E+03  0.2269E+03
  0.5892E-01  0.2225E+03  0.3179E+01  0.2204E+03  0.2204E+03
  0.5985E-01  0.2205E+03  0.3187E+01  0.2141E+03  0.2141E+03
  0.6078E-01  0.2148E+03  0.3161E+01  0.2081E+03  0.2081E+03
  0.6171E-01  0.2124E+03  0.3241E+01  0.2023E+03  0.2023E+03
  0.6264E-01  0.2063E+03  0.3212E+01  0.1968E+03  0.1968E+03
  0.6357E-01  0.1947E+03  0.3197E+01  0.1915E+03  0.1915E+03
  0.6450E-01  0.1856E+03  0.3125E+01  0.1864E+03  0.1864E+03
  0.6543E-01  0.1848E+03  0.3110E+01  0.1815E+03  0.1815E+03
  0.6636E-01  0.1855E+03  0.3074E+01  0.1768E+03  0.1768E+03
  0.6729E-01  0.1793E+03  0.2938E+01  0.1723E+03  0.1723E+03
  0.6822E-01  0.1762E+03  0.2918E+01  0.1680E+03  0.1680E+03
  0.6915E-01  0.1700E+03  0.2837E+01  0.1638E+03  0.1638E+03
  0.7008E-01  0.1635E+03  0.2828E+01  0.1599E+03  0.1599E+03
  0.7101E-01  0.1593E+03  0.2820E+01  0.1561E+03  0.1561E+03
  0.7194E-01  0.1586E+03  0.2763E+01  0.1524E+03  0.1524E+03
  0.7287E-01  0.1558E+03  0.2764E+01  0.1489E+03  0.1489E+03
  0.7380E-01  0.1532E+03  0.2760E+01  0.1456E+03  0.1456E+03
  0.7473E-01  0.1474E+03  0.2814E+01  0.1424E+03  0.1424E+03
  0.7566E-01  0.1433E+03  0.2887E+01  0.1393E+03  0.1393E+03
  0.7659E-01  0.1400E+03  0.2845E+01  0.1363E+03  0.1363E+03
  0.7752E-01  0.1359E+03  0.2865E+01  0.1334E+03  0.1334E+03
  0.7845E-01  0.1314E+03  0.2793E+01  0.1306E+03  0.1306E+03
  0.7938E-01  0.1304E+03  0.2778E+01  0.1280E+03  0.1280E+03
  0.8031E-01  0.1285E+03  0.2726E+01  0.1254E+03  0.1254E+03
  0.8123E-01  0.1307E+03  0.2657E+01  0.1229E+03  0.1229E+03
  0.8216E-01  0.1271E+03  0.2669E+01  0.1205E+03  0.1205E+03
  0.8309E-01  0.1255E+03  0.2608E+01  0.1181E+03  0.1181E+03
  0.8402E-01  0.1202E+03  0.2579E+01  0.1158E+03  0.1158E+03
  0.8495E-01  0.1141E+03  0.2538E+01  0.1136E+03  0.1136E+03
  0.8588E-01  0.1116E+03  0.2504E+01  0.1115E+03  0.1115E+03
  0.8681E-01  0.1089E+03  0.2552E+01  0.1094E+03  0.1094E+03
  0.8774E-01  0.1100E+03  0.2510E+01  0.1073E+03  0.1073E+03
  0.8867E-01  0.1086E+03  0.2548E+01  0.1053E+03  0.1053E+03
  0.8960E-01  0.1009E+03  0.2522E+01  0.1034E+03  0.1034E+03
  0.9053E-01  0.1021E+03  0.2537E+01  0.1015E+03  0.1015E+03
  0.9146E-01  0.9737E+02  0.2530E+01  0.9957E+02  0.9957E+02
  0.9239E-01  0.9422E+02  0.2524E+01  0.9773E+02  0.9773E+02
  0.9332E-01  0.9462E+02  0.2514E+01  0.9593E+02  0.9593E+02
  0.9425E-01  0.9690E+02  0.2445E+01  0.9416E+02  0.9416E+02
  0.9518E-01  0.9661E+02  0.2452E+01  0.9242E+02  0.9242E+02
  0.9611E-01  0.8939E+02  0.2406E+01  0.9070E+02  0.9070E+02
  0.9704E-01  0.8630E+02  0.2384E+01  0.8902E+02  0.8902E+02
  0.9797E-01  0.8697E+02  0.2406E+01  0.8737E+02  0.8737E+02
  0.9890E-01  0.8467E+02  0.2361E+01  0.8574E+02  0.8574E+02
  0.9983E-01  0.8158E+02  0.2357E+01  0.8415E+02  0.8415E+02
  0.1008E+00  0.8320E+02  0.2350E+01  0.8258E+02  0.8258E+02
  0.1017E+00  0.8032E+02  0.2307E+01  0.8103E+02  0.8103E+02
  0.1026E+00  0.7474E+02  0.2293E+01  0.7951E+02  0.7951E+02
  0.1035E+00  0.7316E+02  0.2272E+01  0.7803E+02  0.7803E+02
  0.1045E+00  0.7636E+02  0.2286E+01  0.7656E+02  0.7656E+02
  0.1054E+00  0.7808E+02  0.2242E+01  0.7513E+02  0.7513E+02
  0.1063E+00  0.7454E+02  0.2260E+01  0.7372E+02  0.7372E+02
  0.1073E+00  0.7100E+02  0.2296E+01  0.7234E+02  0.7234E+02
  0.1082E+00  0.7154E+02  0.2274E+01  0.7099E+02  0.7099E+02
  0.1091E+00  0.7150E+02  0.2277E+01  0.6967E+02  0.6967E+02
  0.1101E+00  0.6934E+02  0.2253E+01  0.6838E+02  0.6838E+02
  0.1110E+00  0.6230E+02  0.2244E+01  0.6712E+02  0.6712E+02
  0.1119E+00  0.6278E+02  0.2226E+01  0.6588E+02  0.6588E+02
  0.1128E+00  0.6403E+02  0.2171E+01  0.6468E+02  0.6468E+02
  0.1138E+00  0.6220E+02  0.2142E+01  0.6351E+02  0.6351E+02
  0.1147E+00  0.6323E+02  0.2128E+01  0.6237E+02  0.6237E+02
  0.1156E+00  0.6451E+02  0.2160E+01  0.6125E+02  0.6125E+02
  0.1166E+00  0.6584E+02  0.2170E+01  0.6017E+02  0.6017E+02
  0.1175E+00  0.6197E+02  0.2206E+01  0.5912E+02  0.5912E+02
  0.1184E+00  0.6074E+02  0.2225E+01  0.5810E+02  0.5810E+02
  0.1193E+00  0.5883E+02  0.2264E+01  0.5711E+02  0.5711E+02
  0.1203E+00  0.5530E+02  0.2233E+01  0.5615E+02  0.5615E+02
  0.1212E+00  0.5212E+02  0.2196E+01  0.5522E+02  0.5522E+02
  0.1221E+00  0.5060E+02  0.2196E+01  0.5431E+02  0.5431E+02
  0.1231E+00  0.5351E+02  0.2180E+01  0.5344E+02  0.5344E+02
  0.1240E+00  0.5374E+02  0.2175E+01  0.5259E+02  0.5259E+02
  0.1249E+00  0.5401E+02  0.2165E+01  0.5177E+02  0.5177E+02
  0.1259E+00  0.5194E+02  0.2145E+01  0.5098E+02  0.5098E+02
  0.1268E+00  0.5030E+02  0.2152E+01  0.5021E+02  0.5021E+02
  0.1277E+00  0.4968E+02  0.2145E+01  0.4946E+02  0.4946E+02
  0.1286E+00  0.4839E+02  0.2181E+01  0.4875E+02  0.4875E+02
  0.1296E+00  0.4696E+02  0.2201E+01  0.4805E+02  0.4805E+02
  0.1305E+00  0.4478E+02  0.2188E+01  0.4737E+02  0.4737E+02
  0.1314E+00  0.4305E+02  0.2203E+01  0.4672E+02  0.4672E+02
  0.1324E+00  0.4498E+02  0.2169E+01  0.4609E+02  0.4609E+02
  0.1333E+00  0.4900E+02  0.2176E+01  0.4547E+02  0.4547E+02
  0.1342E+00  0.4957E+02  0.2153E+01  0.4487E+02  0.4487E+02
  0.1352E+00  0.5076E+02  0.2123E+01  0.4429E+02  0.4429E+02
  0.1361E+00  0.5058E+02  0.2128E+01  0.4373E+02  0.4373E+02
  0.1370E+00  0.4662E+02  0.2087E+01  0.4318E+02  0.4318E+02
  0.1379E+00  0.4232E+02  0.2111E+01  0.4264E+02  0.4264E+02
  0.1389E+00  0.4101E+02  0.2113E+01  0.4212E+02  0.4212E+02
  0.1398E+00  0.4063E+02  0.2101E+01  0.4161E+02  0.4161E+02
  0.1407E+00  0.4125E+02  0.2125E+01  0.4111E+02  0.4111E+02
  0.1417E+00  0.4174E+02  0.2105E+01  0.4061E+02  0.4061E+02
  0.1426E+00  0.4000E+02  0.2116E+01  0.4013E+02  0.4013E+02
  0.1435E+00  0.3782E+02  0.2067E+01  0.3966E+02  0.3966E+02
  0.1445E+00  0.3818E+02  0.2061E+01  0.3919E+02  0.3919E+02
  0.1454E+00  0.3987E+02  0.2060E+01  0.3873E+02  0.3873E+02
  0.1463E+00  0.4225E+02  0.2135E+01  0.3828E+02  0.3828E+02
  0.1472E+00  0.3924E+02  0.1692E+01  0.3783E+02  0.3783E+02
  0.1482E+00  0.3685E+02  0.1649E+01  0.3739E+02  0.3739E+02
  0.1491E+00  0.3534E+02  0.1684E+01  0.3695E+02  0.3695E+02
  0.1500E+00  0.3575E+02  0.1663E+01  0.3651E+02  0.3651E+02
  0.1510E+00  0.3693E+02  0.1693E+01  0.3608E+02  0.3608E+02
  0.1519E+00  0.3637E+02  0.1709E+01  0.3565E+02  0.3565E+02
  0.1528E+00  0.3478E+02  0.1694E+01  0.3523E+02  0.3523E+02
  0.1537E+00  0.3264E+02  0.1706E+01  0.3481E+02  0.3481E+02
  0.1547E+00  0.3370E+02  0.1686E+01  0.3439E+02  0.3439E+02
  0.1556E+00  0.3193E+02  0.1703E+01  0.3398E+02  0.3398E+02
  0.1565E+00  0.3044E+02  0.1717E+01  0.3357E+02  0.3357E+02
  0.1575E+00  0.3055E+02  0.1708E+01  0.3316E+02  0.3316E+02
  0.1584E+00  0.3062E+02  0.1685E+01  0.3275E+02  0.3275E+02
  0.1593E+00  0.2945E+02  0.1627E+01  0.3235E+02  0.3235E+02
  0.1603E+00  0.3126E+02  0.1640E+01  0.3195E+02  0.3195E+02
  0.1612E+00  0.3281E+02  0.1629E+01  0.3156E+02  0.3156E+02
  0.1621E+00  0.3001E+02  0.1649E+01  0.3117E+02  0.3117E+02
  0.1630E+00  0.2789E+02  0.1638E+01  0.3078E+02  0.3078E+02
  0.1640E+00  0.2845E+02  0.1632E+01  0.3040E+02  0.3040E+02
  0.1649E+00  0.2956E+02  0.1674E+01  0.3002E+02  0.3002E+02
  0.1658E+00  0.3082E+02  0.1702E+01  0.2964E+02  0.2964E+02
  0.1668E+00  0.2993E+02  0.1673E+01  0.2927E+02  0.2927E+02
  0.1677E+00  0.2834E+02  0.1654E+01  0.2891E+02  0.2891E+02
  0.1686E+00  0.3106E+02  0.1641E+01  0.2855E+02  0.2855E+02
  0.1696E+00  0.2967E+02  0.1669E+01  0.2820E+02  0.2820E+02
  0.1705E+00  0.2742E+02  0.1665E+01  0.2785E+02  0.2785E+02
  0.1714E+00  0.2628E+02  0.1728E+01  0.2751E+02  0.2751E+02
  0.1723E+00  0.2705E+02  0.1186E+01  0.2718E+02  0.2718E+02
  0.1733E+00  0.2872E+02  0.1176E+01  0.2685E+02  0.2685E+02
  0.1742E+00  0.2862E+02  0.1192E+01  0.2653E+02  0.2653E+02
  0.1751E+00  0.2868E+02  0.1180E+01  0.2622E+02  0.2622E+02
  0.1761E+00  0.2682E+02  0.1172E+01  0.2591E+02  0.2591E+02
  0.1770E+00  0.2485E+02  0.1179E+01  0.2561E+02  0.2561E+02
  0.1779E+00  0.2563E+02  0.1169E+01  0.2532E+02  0.2532E+02
  0.1788E+00  0.2360E+02  0.1178E+01  0.2504E+02  0.2504E+02
  0.1798E+00  0.2222E+02  0.1161E+01  0.2476E+02  0.2476E+02
  0.1807E+00  0.2326E+02  0.1166E+01  0.2449E+02  0.2449E+02
  0.1816E+00  0.2485E+02  0.1176E+01  0.2422E+02  0.2422E+02
  0.1826E+00  0.2391E+02  0.1175E+01  0.2397E+02  0.2397E+02
  0.1835E+00  0.2440E+02  0.1168E+01  0.2372E+02  0.2372E+02
  0.1844E+00  0.2338E+02  0.1164E+01  0.2347E+02  0.2347E+02
  0.1854E+00  0.2215E+02  0.1186E+01  0.2324E+02  0.2324E+02
  0.1863E+00  0.2086E+02  0.1183E+01  0.2301E+02  0.2301E+02
  0.1872E+00  0.2280E+02  0.1183E+01  0.2278E+02  0.2278E+02
  0.1881E+00  0.2437E+02  0.1174E+01  0.2256E+02  0.2256E+02
  0.1891E+00  0.2278E+02  0.1174E+01  0.2235E+02  0.2235E+02
  0.1900E+00  0.2170E+02  0.1187E+01  0.2214E+02  0.2214E+02
  0.1909E+00  0.2216E+02  0.1166E+01  0.2194E+02  0.2194E+02
  0.1919E+00  0.2332E+02  0.1155E+01  0.2174E+02  0.2174E+02
  0.1928E+00  0.2271E+02  0.1163E+01  0.2155E+02  0.2155E+02
  0.1937E+00  0.2065E+02  0.1165E+01  0.2136E+02  0.2136E+02
  0.1947E+00  0.2140E+02  0.1170E+01  0.2117E+02  0.2117E+02
  0.1956E+00  0.2112E+02  0.1149E+01  0.2099E+02  0.2099E+02
  0.1965E+00  0.2051E+02  0.1152E+01  0.2081E+02  0.2081E+02
  0.1974E+00  0.2136E+02  0.1163E+01  0.2063E+02  0.2063E+02
  0.1984E+00  0.2004E+02  0.1160E+01  0.2046E+02  0.2046E+02
  0.1993E+00  0.1979E+02  0.1165E+01  0.2028E+02  0.2028E+02
  0.2002E+00  0.2055E+02  0.1158E+01  0.2011E+02  0.2011E+02
  0.2012E+00  0.1948E+02  0.1161E+01  0.1995E+02  0.1995E+02
  0.2021E+00  0.1876E+02  0.1164E+01  0.1978E+02  0.1978E+02
  0.2030E+00  0.1864E+02  0.1158E+01  0.1961E+02  0.1961E+02
  0.2039E+00  0.1817E+02  0.1154E+01  0.1945E+02  0.1945E+02
  0.2049E+00  0.1990E+02  0.1154E+01  0.1928E+02  0.1928E+02
  0.2058E+00  0.1969E+02  0.1154E+01  0.1912E+02  0.1912E+02
  0.2067E+00  0.2033E+02  0.1140E+01  0.1896E+02  0.1896E+02
  0.2077E+00  0.2069E+02  0.1153E+01  0.1880E+02  0.1880E+02
  0.2086E+00  0.1970E+02  0.1145E+01  0.1863E+02  0.1863E+02
  0.2095E+00  0.2004E+02  0.1151E+01  0.1847E+02  0.1847E+02
  0.2105E+00  0.1908E+02  0.1149E+01  0.1831E+02  0.1831E+02
  0.2114E+00  0.1759E+02  0.1141E+01  0.1815E+02  0.1815E+02
  0.2123E+00  0.1665E+02  0.1174E+01  0.1799E+02  0.1799E+02
  0.2132E+00  0.1626E+02  0.1177E+01  0.1783E+02  0.1783E+02
  0.2142E+00  0.1825E+02  0.1191E+01  0.1767E+02  0.1767E+02
  0.2151E+00  0.1883E+02  0.1201E+01  0.1750E+02  0.1750E+02
  0.2160E+00  0.1840E+02  0.1200E+01  0.1734E+02  0.1734E+02
  0.2170E+00  0.1831E+02  0.1215E+01  0.1718E+02  0.1718E+02
  0.2179E+00  0.1525E+02  0.1204E+01  0.1702E+02  0.1702E+02
  0.2188E+00  0.1659E+02  0.1205E+01  0.1686E+02  0.1686E+02
  0.2198E+00  0.1787E+02  0.1209E+01  0.1670E+02  0.1670E+02
  0.2207E+00  0.1857E+02  0.1228E+01  0.1655E+02  0.1655E+02
  0.2216E+00  0.1745E+02  0.1241E+01  0.1639E+02  0.1639E+02
  0.2225E+00  0.1611E+02  0.1228E+01  0.1623E+02  0.1623E+02
  0.2235E+00  0.1751E+02  0.1255E+01  0.1608E+02  0.1608E+02
  0.2244E+00  0.1634E+02  0.1254E+01  0.1592E+02  0.1592E+02
  0.2253E+00  0.1661E+02  0.1255E+01  0.1577E+02  0.1577E+02
  0.2263E+00  0.1547E+02  0.1266E+01  0.1562E+02  0.1562E+02
  0.2272E+00  0.1373E+02  0.1248E+01  0.1547E+02  0.1547E+02
  0.2281E+00  0.1668E+02  0.1256E+01  0.1532E+02  0.1532E+02
  0.2290E+00  0.1568E+02  0.1261E+01  0.1518E+02  0.1518E+02
  0.2300E+00  0.1453E+02  0.1250E+01  0.1504E+02  0.1504E+02
  0.2309E+00  0.1461E+02  0.1254E+01  0.1489E+02  0.1489E+02
  0.2318E+00  0.1547E+02  0.1255E+01  0.1476E+02  0.1476E+02
  0.2328E+00  0.1686E+02  0.1267E+01  0.1462E+02  0.1462E+02
  0.2337E+00  0.1738E+02  0.1266E+01  0.1449E+02  0.1449E+02
  0.2346E+00  0.1494E+02  0.9603E+00  0.1436E+02  0.1436E+02
  0.2356E+00  0.1295E+02  0.8674E+00  0.1423E+02  0.1423E+02
  0.2365E+00  0.1407E+02  0.8711E+00  0.1410E+02  0.1410E+02
  0.2374E+00  0.1404E+02  0.8825E+00  0.1398E+02  0.1398E+02
  0.2383E+00  0.1358E+02  0.8783E+00  0.1386E+02  0.1386E+02
  0.2393E+00  0.1218E+02  0.8823E+00  0.1375E+02  0.1375E+02
  0.2402E+00  0.1195E+02  0.8835E+00  0.1363E+02  0.1363E+02
  0.2411E+00  0.1165E+02  0.8934E+00  0.1352E+02  0.1352E+02
  0.2421E+00  0.1144E+02  0.9012E+00  0.1341E+02  0.1341E+02
  0.2430E+00  0.1059E+02  0.8924E+00  0.1331E+02  0.1331E+02
  0.2439E+00  0.1214E+02  0.8969E+00  0.1320E+02  0.1320E+02
  0.2449E+00  0.1209E+02  0.9013E+00  0.1310E+02  0.1310E+02
  0.2458E+00  0.1300E+02  0.9133E+00  0.1300E+02  0.1300E+02
  0.2467E+00  0.1288E+02  0.9149E+00  0.1291E+02  0.1291E+02
  0.2476E+00  0.1368E+02  0.9226E+00  0.1282E+02  0.1282E+02
  0.2486E+00  0.1346E+02  0.9216E+00  0.1272E+02  0.1272E+02
  0.2495E+00  0.1296E+02  0.9145E+00  0.1263E+02  0.1263E+02
  0.2504E+00  0.1201E+02  0.9202E+00  0.1255E+02  0.1255E+02
  0.2514E+00  0.1158E+02  0.9215E+00  0.1246E+02  0.1246E+02
  0.2523E+00  0.1199E+02  0.9420E+00  0.1238E+02  0.1238E+02
  0.2532E+00  0.1203E+02  0.9452E+00  0.1229E+02  0.1229E+02

           Distance distribution  function of particle  


       R          P(R)      ERROR

  0.0000E+00  0.0000E+00  0.0000E+00
  0.1103E+01  0.6868E-01  0.3703E-03
  0.2206E+01  0.1350E+00  0.6362E-03
  0.3309E+01  0.1989E+00  0.8076E-03
  0.4412E+01  0.2603E+00  0.8999E-03
  0.5515E+01  0.3193E+00  0.9336E-03
  0.6618E+01  0.3757E+00  0.9341E-03
  0.7721E+01  0.4296E+00  0.9296E-03
  0.8824E+01  0.4807E+00  0.9449E-03
  0.9927E+01  0.5291E+00  0.9925E-03
  0.1103E+02  0.5748E+00  0.1069E-02
  0.1213E+02  0.6177E+00  0.1159E-02
  0.1324E+02  0.6577E+00  0.1246E-02
  0.1434E+02  0.6948E+00  0.1317E-02
  0.1544E+02  0.7291E+00  0.1364E-02
  0.1654E+02  0.7606E+00  0.1386E-02
  0.1765E+02  0.7894E+00  0.1389E-02
  0.1875E+02  0.8154E+00  0.1383E-02
  0.1985E+02  0.8388E+00  0.1384E-02
  0.2096E+02  0.8597E+00  0.1403E-02
  0.2206E+02  0.8781E+00  0.1452E-02
  0.2316E+02  0.8943E+00  0.1531E-02
  0.2427E+02  0.9083E+00  0.1632E-02
  0.2537E+02  0.9201E+00  0.1744E-02
  0.2647E+02  0.9301E+00  0.1853E-02
  0.2757E+02  0.9381E+00  0.1951E-02
  0.2868E+02  0.9445E+00  0.2028E-02
  0.2978E+02  0.9492E+00  0.2084E-02
  0.3088E+02  0.9523E+00  0.2119E-02
  0.3199E+02  0.9539E+00  0.2138E-02
  0.3309E+02  0.9542E+00  0.2150E-02
  0.3419E+02  0.9531E+00  0.2163E-02
  0.3530E+02  0.9506E+00  0.2187E-02
  0.3640E+02  0.9469E+00  0.2227E-02
  0.3750E+02  0.9421E+00  0.2284E-02
  0.3860E+02  0.9360E+00  0.2358E-02
  0.3971E+02  0.9289E+00  0.2441E-02
  0.4081E+02  0.9207E+00  0.2527E-02
  0.4191E+02  0.9115E+00  0.2610E-02
  0.4302E+02  0.9013E+00  0.2683E-02
  0.4412E+02  0.8903E+00  0.2745E-02
  0.4522E+02  0.8785E+00  0.2794E-02
  0.4633E+02  0.8660E+00  0.2834E-02
  0.4743E+02  0.8529E+00  0.2867E-02
  0.4853E+02  0.8393E+00  0.2898E-02
  0.4963E+02  0.8252E+00  0.2933E-02
  0.5074E+02  0.8107E+00  0.2974E-02
  0.5184E+02  0.7959E+00  0.3024E-02
  0.5294E+02  0.7809E+00  0.3083E-02
  0.5405E+02  0.7657E+00  0.3150E-02
  0.5515E+02  0.7505E+00  0.3221E-02
  0.5625E+02  0.7351E+00  0.3295E-02
  0.5736E+02  0.7197E+00  0.3368E-02
  0.5846E+02  0.7043E+00  0.3436E-02
  0.5956E+02  0.6889E+00  0.3499E-02
  0.6066E+02  0.6734E+00  0.3556E-02
  0.6177E+02  0.6580E+00  0.3606E-02
  0.6287E+02  0.6425E+00  0.3651E-02
  0.6397E+02  0.6270E+00  0.3691E-02
  0.6508E+02  0.6115E+00  0.3727E-02
  0.6618E+02  0.5959E+00  0.3760E-02
  0.6728E+02  0.5802E+00  0.3792E-02
  0.6839E+02  0.5645E+00  0.3821E-02
  0.6949E+02  0.5487E+00  0.3849E-02
  0.7059E+02  0.5329E+00  0.3875E-02
  0.7169E+02  0.5171E+00  0.3898E-02
  0.7280E+02  0.5012E+00  0.3919E-02
  0.7390E+02  0.4854E+00  0.3937E-02
  0.7500E+02  0.4697E+00  0.3953E-02
  0.7611E+02  0.4540E+00  0.3965E-02
  0.7721E+02  0.4384E+00  0.3974E-02
  0.7831E+02  0.4230E+00  0.3981E-02
  0.7942E+02  0.4078E+00  0.3986E-02
  0.8052E+02  0.3928E+00  0.3989E-02
  0.8162E+02  0.3780E+00  0.3990E-02
  0.8272E+02  0.3633E+00  0.3990E-02
  0.8383E+02  0.3489E+00  0.3987E-02
  0.8493E+02  0.3347E+00  0.3981E-02
  0.8603E+02  0.3207E+00  0.3972E-02
  0.8714E+02  0.3068E+00  0.3957E-02
  0.8824E+02  0.2931E+00  0.3935E-02
  0.8934E+02  0.2794E+00  0.3905E-02
  0.9045E+02  0.2658E+00  0.3864E-02
  0.9155E+02  0.2522E+00  0.3812E-02
  0.9265E+02  0.2385E+00  0.3746E-02
  0.9375E+02  0.2248E+00  0.3665E-02
  0.9486E+02  0.2110E+00  0.3569E-02
  0.9596E+02  0.1970E+00  0.3455E-02
  0.9706E+02  0.1829E+00  0.3324E-02
  0.9817E+02  0.1686E+00  0.3174E-02
  0.9927E+02  0.1541E+00  0.3005E-02
  0.1004E+03  0.1394E+00  0.2815E-02
  0.1015E+03  0.1246E+00  0.2604E-02
  0.1026E+03  0.1096E+00  0.2369E-02
  0.1037E+03  0.9434E-01  0.2110E-02
  0.1048E+03  0.7897E-01  0.1826E-02
  0.1059E+03  0.6345E-01  0.1515E-02
  0.1070E+03  0.4778E-01  0.1177E-02
  0.1081E+03  0.3198E-01  0.8111E-03
  0.1092E+03  0.1605E-01  0.4186E-03
  0.1103E+03  0.0000E+00  0.0000E+00
          Reciprocal space: Rg =   36.12     , I(0) =   0.7761E+03
     Real space: Rg =   36.28 +- 0.071  I(0) =   0.7763E+03 +-  0.2128E+01
