
    ---  CREATED BY DAMSEL     5.0 (r2835) ---
    ------------------------------------------
      CROSS-CORRELATION nsd TABLE BY SUPCOMB  
    ------------------------------------------

Input files:
    1  24691_0227_2_10.pdb
    2  24691_0227_2_11.pdb
    3  24691_0227_2_12.pdb
    4  24691_0227_2_13.pdb
    5  24691_0227_2_14.pdb
    6  24691_0227_2_15.pdb
    7  24691_0227_2_16.pdb
    8  24691_0227_2_17.pdb
    9  24691_0227_2_18.pdb
   10  24691_0227_2_19.pdb
   11  24691_0227_2_1.pdb
   12  24691_0227_2_20.pdb
   13  24691_0227_2_21.pdb
   14  24691_0227_2_22.pdb
   15  24691_0227_2_23.pdb
   16  24691_0227_2_24.pdb
   17  24691_0227_2_25.pdb
   18  24691_0227_2_26.pdb
   19  24691_0227_2_27.pdb
   20  24691_0227_2_28.pdb
   21  24691_0227_2_29.pdb
   22  24691_0227_2_2.pdb
   23  24691_0227_2_30.pdb
   24  24691_0227_2_31.pdb
   25  24691_0227_2_32.pdb
   26  24691_0227_2_33.pdb
   27  24691_0227_2_34.pdb
   28  24691_0227_2_35.pdb
   29  24691_0227_2_36.pdb
   30  24691_0227_2_37.pdb
   31  24691_0227_2_38.pdb
   32  24691_0227_2_39.pdb
   33  24691_0227_2_3.pdb
   34  24691_0227_2_40.pdb
   35  24691_0227_2_4.pdb
   36  24691_0227_2_5.pdb
   37  24691_0227_2_6.pdb
   38  24691_0227_2_7.pdb
   39  24691_0227_2_8.pdb
   40  24691_0227_2_9.pdb

  File Aver      1      2      3      4      5      6      7      8      9     10     11     12     13     14     15     16     17     18     19     20     21     22     23     24     25     26     27     28     29     30     31     32     33     34     35     36     37     38     39     40
     1   0.83   0.00   0.98   0.70   0.95   0.88   0.78   0.95   0.83   0.78   0.83   0.75   0.76   0.74   0.87   0.81   0.93   0.78   0.90   0.90   0.90   0.81   0.77   0.73   0.74   0.88   0.85   0.76   0.82   0.83   0.87   0.75   0.75   0.81   0.83   0.92   0.69   0.76   0.92   0.88   0.92
     2   0.93   0.98   0.00   1.02   0.86   0.86   0.93   1.03   0.95   0.85   1.08   0.97   1.02   0.91   0.77   0.84   0.96   0.89   1.03   1.03   0.97   0.95   0.90   0.96   0.96   0.91   0.91   0.99   0.98   0.94   0.76   0.82   0.97   0.87   0.85   0.86   0.95   0.89   0.93   0.96   0.99
     3   0.80   0.70   1.02   0.00   0.85   0.84   0.76   0.90   0.80   0.65   0.81   0.74   0.78   0.85   0.79   0.77   0.82   0.70   0.75   0.75   0.78   0.80   0.74   0.75   0.81   0.80   0.83   0.75   0.74   0.79   0.97   0.75   0.73   0.77   0.84   0.97   0.79   0.79   0.86   0.81   0.82
     4   0.86   0.95   0.86   0.85   0.00   0.76   0.87   0.93   0.85   0.88   0.94   1.01   0.80   0.94   0.84   0.74   0.92   0.85   0.76   0.76   1.01   0.83   0.74   0.86   0.99   0.87   0.64   0.92   0.94   0.84   0.82   0.86   0.86   0.83   0.77   0.85   0.86   0.85   0.79   0.92   0.94
     5   0.86   0.88   0.86   0.84   0.76   0.00   0.95   0.97   0.93   0.84   0.87   0.87   0.78   0.90   0.76   0.82   0.97   0.92   0.86   0.86   0.87   0.80   0.80   0.74   0.87   1.00   0.77   0.84   0.86   0.99   0.81   0.83   0.87   0.86   0.84   0.94   0.68   0.91   0.95   0.87   0.95
     6   0.85   0.78   0.93   0.76   0.87   0.95   0.00   0.93   0.75   0.88   0.83   0.81   0.83   0.97   0.93   0.82   0.86   0.74   0.79   0.79   1.04   0.94   0.91   0.78   0.79   0.82   0.82   0.86   0.99   0.74   0.88   0.82   0.93   0.86   0.73   0.84   0.88   0.73   0.82   0.84   0.84
     7   0.89   0.95   1.03   0.90   0.93   0.97   0.93   0.00   0.96   0.86   0.90   0.95   0.86   0.88   1.00   0.90   0.66   0.77   1.06   1.06   0.75   0.83   0.86   0.68   1.00   0.82   0.94   0.93   0.74   0.94   0.86   0.96   1.00   0.78   0.85   0.97   0.87   0.82   1.02   0.93   0.71
     8   0.87   0.83   0.95   0.80   0.85   0.93   0.75   0.96   0.00   0.87   0.81   1.02   0.78   0.99   0.87   0.80   0.86   0.88   0.78   0.78   0.94   0.85   0.83   0.89   1.02   0.81   0.82   0.88   0.81   0.80   0.94   0.89   0.96   0.88   0.89   0.84   0.84   0.83   0.75   0.95   0.86
     9   0.83   0.78   0.85   0.65   0.88   0.84   0.88   0.86   0.87   0.00   0.89   0.88   0.81   0.85   0.86   0.86   0.86   0.82   0.88   0.88   0.80   0.76   0.76   0.77   0.82   0.84   0.79   0.71   0.80   0.92   0.82   0.69   0.89   0.69   0.88   0.92   0.78   0.80   0.83   0.89   0.84
    10   0.86   0.83   1.08   0.81   0.94   0.87   0.83   0.90   0.81   0.89   0.00   0.77   0.77   0.71   0.99   0.98   0.78   0.86   0.89   0.89   0.85   0.82   0.96   0.77   0.79   0.82   0.86   0.72   1.03   0.85   0.96   0.89   0.79   0.82   0.86   0.90   0.91   0.74   0.84   0.88   0.75
    11   0.87   0.75   0.97   0.74   1.01   0.87   0.81   0.95   1.02   0.88   0.77   0.00   0.86   0.80   0.82   0.86   0.99   0.83   0.90   0.90   0.99   0.91   0.91   0.85   0.67   0.90   0.92   0.77   0.97   0.91   0.88   0.79   0.84   0.84   0.83   0.91   0.83   0.97   1.01   0.71   0.91
    12   0.84   0.76   1.02   0.78   0.80   0.78   0.83   0.86   0.78   0.81   0.77   0.86   0.00   0.95   0.93   0.91   0.81   0.88   0.88   0.88   0.83   0.89   0.80   0.72   0.88   0.85   0.85   0.81   0.93   0.75   0.91   0.87   0.78   0.82   0.87   0.95   0.66   0.76   0.80   0.90   0.77
    13   0.87   0.74   0.91   0.85   0.94   0.90   0.97   0.88   0.99   0.85   0.71   0.80   0.95   0.00   0.93   0.86   0.94   0.71   0.99   0.99   0.86   0.78   0.84   0.79   0.76   0.97   0.90   0.76   0.86   1.05   0.81   0.79   0.72   0.92   0.69   0.84   0.98   0.90   0.96   0.88   0.91
    14   0.87   0.87   0.77   0.79   0.84   0.76   0.93   1.00   0.87   0.86   0.99   0.82   0.93   0.93   0.00   0.75   0.97   0.91   0.87   0.87   0.82   0.77   0.77   0.87   0.84   0.93   0.81   0.78   0.77   0.95   0.86   0.82   0.92   0.90   0.90   0.87   0.83   0.87   0.97   0.85   0.97
    15   0.85   0.81   0.84   0.77   0.74   0.82   0.82   0.90   0.80   0.86   0.98   0.86   0.91   0.86   0.75   0.00   1.00   0.80   0.84   0.84   1.01   0.85   0.79   0.83   0.87   0.96   0.78   0.82   0.79   0.75   0.87   0.83   0.84   0.90   0.80   0.86   0.76   0.90   0.88   0.77   0.94
    16   0.86   0.93   0.96   0.82   0.92   0.97   0.86   0.66   0.86   0.86   0.78   0.99   0.81   0.94   0.97   1.00   0.00   0.80   0.93   0.93   0.72   0.83   0.82   0.73   0.98   0.71   0.82   0.82   0.74   0.85   0.88   0.93   0.95   0.80   0.88   0.92   0.79   0.84   0.79   1.02   0.65
    17   0.82   0.78   0.89   0.70   0.85   0.92   0.74   0.77   0.88   0.82   0.86   0.83   0.88   0.71   0.91   0.80   0.80   0.00   0.91   0.91   0.86   0.82   0.86   0.64   0.79   0.83   0.88   0.87   0.90   0.78   0.82   0.82   0.85   0.79   0.70   0.86   0.77   0.65   0.90   0.85   0.83
    18   0.86   0.90   1.03   0.75   0.76   0.86   0.79   1.06   0.78   0.88   0.89   0.90   0.88   0.99   0.87   0.84   0.93   0.91   0.00   0.00   1.00   0.87   0.84   0.85   0.86   0.90   0.82   0.88   0.94   0.85   0.96   0.82   0.84   0.91   0.90   0.82   0.92   0.90   0.81   0.76   0.94
    19   0.86   0.90   1.03   0.75   0.76   0.86   0.79   1.06   0.78   0.88   0.89   0.90   0.88   0.99   0.87   0.84   0.93   0.91   0.00   0.00   1.00   0.87   0.84   0.85   0.86   0.90   0.82   0.88   0.94   0.85   0.96   0.82   0.84   0.91   0.90   0.82   0.92   0.90   0.81   0.76   0.94
    20   0.90   0.90   0.97   0.78   1.01   0.87   1.04   0.75   0.94   0.80   0.85   0.99   0.83   0.86   0.82   1.01   0.72   0.86   1.00   1.00   0.00   0.79   0.87   0.76   1.03   0.86   0.94   0.81   0.73   0.97   1.03   1.02   0.88   0.91   0.99   0.99   0.87   0.81   0.90   1.09   0.75
    21   0.83   0.81   0.95   0.80   0.83   0.80   0.94   0.83   0.85   0.76   0.82   0.91   0.89   0.78   0.77   0.85   0.83   0.82   0.87   0.87   0.79   0.00   0.84   0.78   0.84   0.79   0.74   0.76   0.82   0.94   0.86   0.78   0.87   0.80   0.82   0.93   0.82   0.84   0.86   0.86   0.81
    22   0.84   0.77   0.90   0.74   0.74   0.80   0.91   0.86   0.83   0.76   0.96   0.91   0.80   0.84   0.77   0.79   0.82   0.86   0.84   0.84   0.87   0.84   0.00   0.84   0.92   0.82   0.73   0.79   0.78   0.88   0.84   0.80   0.98   0.79   0.88   0.94   0.86   0.80   0.87   0.91   0.83
    23   0.80   0.73   0.96   0.75   0.86   0.74   0.78   0.68   0.89   0.77   0.77   0.85   0.72   0.79   0.87   0.83   0.73   0.64   0.85   0.85   0.76   0.78   0.84   0.00   0.86   0.83   0.83   0.82   0.90   0.83   0.87   0.75   0.86   0.74   0.75   0.93   0.67   0.61   0.85   0.84   0.77
    24   0.86   0.74   0.96   0.81   0.99   0.87   0.79   1.00   1.02   0.82   0.79   0.67   0.88   0.76   0.84   0.87   0.98   0.79   0.86   0.86   1.03   0.84   0.92   0.86   0.00   0.88   0.92   0.74   0.92   0.90   0.79   0.77   0.85   0.84   0.79   0.82   0.79   0.92   0.98   0.74   0.92
    25   0.85   0.88   0.91   0.80   0.87   1.00   0.82   0.82   0.81   0.84   0.82   0.90   0.85   0.97   0.93   0.96   0.71   0.83   0.90   0.90   0.86   0.79   0.82   0.83   0.88   0.00   0.87   0.81   0.87   0.78   0.87   0.84   0.96   0.73   0.86   0.80   0.81   0.80   0.77   0.92   0.62
    26   0.84   0.85   0.91   0.83   0.64   0.77   0.82   0.94   0.82   0.79   0.86   0.92   0.85   0.90   0.81   0.78   0.82   0.88   0.82   0.82   0.94   0.74   0.73   0.83   0.92   0.87   0.00   0.76   0.86   0.87   0.87   0.81   0.83   0.83   0.79   0.93   0.84   0.88   0.79   0.88   0.85
    27   0.82   0.76   0.99   0.75   0.92   0.84   0.86   0.93   0.88   0.71   0.72   0.77   0.81   0.76   0.78   0.82   0.82   0.87   0.88   0.88   0.81   0.76   0.79   0.82   0.74   0.81   0.76   0.00   0.85   0.91   0.82   0.72   0.77   0.75   0.80   0.93   0.80   0.86   0.91   0.81   0.79
    28   0.88   0.82   0.98   0.74   0.94   0.86   0.99   0.74   0.81   0.80   1.03   0.97   0.93   0.86   0.77   0.79   0.74   0.90   0.94   0.94   0.73   0.82   0.78   0.90   0.92   0.87   0.86   0.85   0.00   0.88   0.88   0.98   0.95   0.87   1.00   0.99   0.86   0.90   0.88   0.99   0.71
    29   0.87   0.83   0.94   0.79   0.84   0.99   0.74   0.94   0.80   0.92   0.85   0.91   0.75   1.05   0.95   0.75   0.85   0.78   0.85   0.85   0.97   0.94   0.88   0.83   0.90   0.78   0.87   0.91   0.88   0.00   0.98   0.92   0.87   0.87   0.84   0.89   0.86   0.74   0.85   0.99   0.81
    30   0.88   0.87   0.76   0.97   0.82   0.81   0.88   0.86   0.94   0.82   0.96   0.88   0.91   0.81   0.86   0.87   0.88   0.82   0.96   0.96   1.03   0.86   0.84   0.87   0.79   0.87   0.87   0.82   0.88   0.98   0.00   0.91   0.87   0.80   0.72   1.02   0.92   0.88   0.91   0.84   0.94
    31   0.83   0.75   0.82   0.75   0.86   0.83   0.82   0.96   0.89   0.69   0.89   0.79   0.87   0.79   0.82   0.83   0.93   0.82   0.82   0.82   1.02   0.78   0.80   0.75   0.77   0.84   0.81   0.72   0.98   0.92   0.91   0.00   0.85   0.67   0.79   0.92   0.75   0.79   0.92   0.76   0.90
    32   0.88   0.75   0.97   0.73   0.86   0.87   0.93   1.00   0.96   0.89   0.79   0.84   0.78   0.72   0.92   0.84   0.95   0.85   0.84   0.84   0.88   0.87   0.98   0.86   0.85   0.96   0.83   0.77   0.95   0.87   0.87   0.85   0.00   0.95   0.76   0.93   0.92   0.99   0.94   0.89   0.94
    33   0.83   0.81   0.87   0.77   0.83   0.86   0.86   0.78   0.88   0.69   0.82   0.84   0.82   0.92   0.90   0.90   0.80   0.79   0.91   0.91   0.91   0.80   0.79   0.74   0.84   0.73   0.83   0.75   0.87   0.87   0.80   0.67   0.95   0.00   0.85   0.87   0.76   0.75   0.86   0.86   0.77
    34   0.84   0.83   0.85   0.84   0.77   0.84   0.73   0.85   0.89   0.88   0.86   0.83   0.87   0.69   0.90   0.80   0.88   0.70   0.90   0.90   0.99   0.82   0.88   0.75   0.79   0.86   0.79   0.80   1.00   0.84   0.72   0.79   0.76   0.85   0.00   0.86   0.90   0.85   0.87   0.75   0.94
    35   0.90   0.92   0.86   0.97   0.85   0.94   0.84   0.97   0.84   0.92   0.90   0.91   0.95   0.84   0.87   0.86   0.92   0.86   0.82   0.82   0.99   0.93   0.94   0.93   0.82   0.80   0.93   0.93   0.99   0.89   1.02   0.92   0.93   0.87   0.86   0.00   0.90   0.89   0.95   0.87   0.92
    36   0.82   0.69   0.95   0.79   0.86   0.68   0.88   0.87   0.84   0.78   0.91   0.83   0.66   0.98   0.83   0.76   0.79   0.77   0.92   0.92   0.87   0.82   0.86   0.67   0.79   0.81   0.84   0.80   0.86   0.86   0.92   0.75   0.92   0.76   0.90   0.90   0.00   0.72   0.73   0.78   0.80
    37   0.83   0.76   0.89   0.79   0.85   0.91   0.73   0.82   0.83   0.80   0.74   0.97   0.76   0.90   0.87   0.90   0.84   0.65   0.90   0.90   0.81   0.84   0.80   0.61   0.92   0.80   0.88   0.86   0.90   0.74   0.88   0.79   0.99   0.75   0.85   0.89   0.72   0.00   0.79   0.96   0.77
    38   0.87   0.92   0.93   0.86   0.79   0.95   0.82   1.02   0.75   0.83   0.84   1.01   0.80   0.96   0.97   0.88   0.79   0.90   0.81   0.81   0.90   0.86   0.87   0.85   0.98   0.77   0.79   0.91   0.88   0.85   0.91   0.92   0.94   0.86   0.87   0.95   0.73   0.79   0.00   0.95   0.83
    39   0.87   0.88   0.96   0.81   0.92   0.87   0.84   0.93   0.95   0.89   0.88   0.71   0.90   0.88   0.85   0.77   1.02   0.85   0.76   0.76   1.09   0.86   0.91   0.84   0.74   0.92   0.88   0.81   0.99   0.99   0.84   0.76   0.89   0.86   0.75   0.87   0.78   0.96   0.95   0.00   0.91
    40   0.85   0.92   0.99   0.82   0.94   0.95   0.84   0.71   0.86   0.84   0.75   0.91   0.77   0.91   0.97   0.94   0.65   0.83   0.94   0.94   0.75   0.81   0.83   0.77   0.92   0.62   0.85   0.79   0.71   0.81   0.94   0.90   0.94   0.77   0.94   0.92   0.80   0.77   0.83   0.91   0.00
  Aver   0.85   0.83   0.93   0.80   0.86   0.86   0.85   0.89   0.87   0.83   0.86   0.87   0.84   0.87   0.87   0.85   0.86   0.82   0.86   0.86   0.90   0.83   0.84   0.80   0.86   0.85   0.84   0.82   0.88   0.87   0.88   0.83   0.88   0.83   0.84   0.90   0.82   0.83   0.87   0.87   0.85

Mean value of NSD         :      0.853
Standard deviation of NSD :      0.027

It is recommend to discard files fith nsd > Mean + 2*Standard deviation
 Recommendation       NSD  File
        Include     0.799  24691_0227_2_12.pdb
        Include     0.799  24691_0227_2_30.pdb
        Include     0.820  24691_0227_2_34.pdb
        Include     0.822  24691_0227_2_25.pdb
        Include     0.823  24691_0227_2_5.pdb
        Include     0.826  24691_0227_2_18.pdb
        Include     0.826  24691_0227_2_3.pdb
        Include     0.828  24691_0227_2_10.pdb
        Include     0.830  24691_0227_2_6.pdb
        Include     0.831  24691_0227_2_38.pdb
        Include     0.834  24691_0227_2_29.pdb
        Include     0.837  24691_0227_2_40.pdb
        Include     0.837  24691_0227_2_33.pdb
        Include     0.838  24691_0227_2_20.pdb
        Include     0.839  24691_0227_2_2.pdb
        Include     0.845  24691_0227_2_23.pdb
        Include     0.846  24691_0227_2_32.pdb
        Include     0.848  24691_0227_2_9.pdb
        Include     0.849  24691_0227_2_15.pdb
        Include     0.856  24691_0227_2_19.pdb
        Include     0.857  24691_0227_2_26.pdb
        Include     0.857  24691_0227_2_27.pdb
        Include     0.857  24691_0227_2_24.pdb
        Include     0.859  24691_0227_2_13.pdb
        Include     0.860  24691_0227_2_31.pdb
        Include     0.864  24691_0227_2_14.pdb
        Include     0.866  24691_0227_2_22.pdb
        Include     0.867  24691_0227_2_17.pdb
        Include     0.869  24691_0227_2_21.pdb
        Include     0.870  24691_0227_2_36.pdb
        Include     0.872  24691_0227_2_8.pdb
        Include     0.873  24691_0227_2_7.pdb
        Include     0.873  24691_0227_2_1.pdb
        Include     0.877  24691_0227_2_35.pdb
        Include     0.877  24691_0227_2_39.pdb
        Include     0.878  24691_0227_2_37.pdb
        Include     0.893  24691_0227_2_16.pdb
        Include     0.898  24691_0227_2_28.pdb
        Include     0.901  24691_0227_2_4.pdb
        Discard     0.930  24691_0227_2_11.pdb
