
           ####    G N O M   ---   Version 4.5a revised 09/02/02     ####

                                                  Thu Feb 18 15:16:23 2016
           ===    Run No   1   ===
 Run title:  0.00779347 1150.68 120.51


  Number of points omitted at the end:          32
   *******   Working Directory :
   *******    Input file(s) : 25005_02D_S022_0_01.sub
           Condition P(rmin) = 0 is used. 
           Condition P(rmax) = 0 is used. 

          Experimental conditions for the first run
          -----------------------------------------

          Highest ALPHA is found to be   0.1169E+03

  The measure of inconsistency AN1 equals to    0.1124E+01

          Warning: using the chosen range in the real space 
             it is not possible to fit the data set within the
             given error band. 
     Alpha    Discrp  Oscill  Stabil  Sysdev  Positv  Valcen    Total   
  0.1169E+06 57.1110  1.1203  0.8917  0.3048  1.0000  0.8744  0.00001
  0.2338E+05 41.8945  1.1129  0.6428  0.2190  1.0000  0.8779  0.00001
  0.4676E+04 20.7682  1.1036  0.2862  0.1143  1.0000  0.8888  0.00001
  0.9353E+03  9.1515  1.1701  0.1166  0.2095  1.0000  0.9039  0.00001
  0.1871E+03  3.3501  1.3262  0.0705  0.4095  1.0000  0.9137  0.00001
  0.3741E+02  1.1616  1.4230  0.0274  0.5905  1.0000  0.9182  0.54927
  0.7482E+01  0.7367  1.4607  0.0101  0.6286  1.0000  0.9190  0.48671
  0.1496E+01  0.6805  1.4847  0.0108  0.6667  1.0000  0.9186  0.10000
  0.2993E+00  0.6536  1.5515  0.0204  0.6476  1.0000  0.9177  0.10000
  0.5986E-01  0.6216  1.9015  0.0427  0.6381  0.9999  0.9151  0.10000
  0.1197E-01  0.5970  2.7335  0.0571  0.6952  0.9989  0.9098  0.10000
  0.2394E-02  0.5807  4.5507  0.1382  0.7238  0.9941  0.8993  0.10000
  0.4789E-03  0.5684  7.5623  0.1312  0.7143  0.9785  0.8569  0.10000
  0.9577E-04  0.5633 11.0719  0.3597  0.7143  0.9497  0.7960  0.10000
  0.1915E-04  0.5580 15.1588  0.4067  0.7333  0.8896  0.6153  0.10000
  0.3831E-05  0.5558 15.4562  0.2483  0.7333  0.8547  0.4173  0.10000
  0.7662E-06  0.5552 14.2686  0.4518  0.7333  0.8267  0.4109  0.10000
  0.1532E-06  0.5545 14.4223  0.5976  0.7333  0.7701  0.3717  0.10000
  0.3065E-07  0.5529 16.7123  0.7991  0.7381  0.7263  0.3342  0.10000
  0.6129E-08  0.5477 18.5269  0.7338  0.7476  0.7124  0.3065  0.10000
  0.1226E-08  0.5379 20.6576  0.5893  0.7286  0.7234  0.3160  0.10000
  0.2452E-09  0.5213 24.2228  0.7533  0.7381  0.7314  0.3529  0.10000
  0.4904E-10  0.4821 26.9427  0.6864  0.7476  0.7204  0.3791  0.10000
  0.9807E-11  0.4013 32.1560  0.5665  0.7190  0.7403  0.3129  0.10000
  0.1961E-11  0.2649 39.6002  0.4334  0.7190  0.7494  0.2482  0.10000
  0.3923E-12  0.1201 44.8297  0.2549  0.7286  0.7293  0.2478  0.10000
  0.7846E-13  0.0363 47.1336  0.1027  0.7095  0.6981  0.3176  0.10000
  0.1569E-13  0.0083 47.7959  0.0264  0.6905  0.6837  0.3460  0.10000
  0.3138E-14  0.0017 47.9421  0.0056  0.7000  0.6801  0.3523  0.10000
  0.6277E-15  0.0003 47.9720  0.0011  0.7095  0.6793  0.3536  0.10000
  0.1255E-15  0.0001 47.9780  0.0002  0.7095  0.6792  0.3538  0.10000

          ***  Golden section search to maximize estimate ***
     Alpha    Discrp  Oscill  Stabil  Sysdev  Positv  Valcen    Total   
  0.6918E+02  1.6808  1.3953  0.0401  0.4952  1.0000  0.9170  0.52534
  0.2958E+02  1.0354  1.4311  0.0236  0.6000  1.0000  0.9184  0.54605
  0.4731E+02  1.3244  1.4136  0.0318  0.5524  1.0000  0.9178  0.54280
  0.3420E+02  1.1094  1.4262  0.0259  0.6000  1.0000  0.9183  0.54938
  0.3236E+02  1.0797  1.4281  0.0250  0.6095  1.0000  0.9183  0.54922
  0.3539E+02  1.1288  1.4250  0.0265  0.5905  1.0000  0.9182  0.54907
  0.3349E+02  1.0978  1.4270  0.0256  0.6095  1.0000  0.9183  0.54986
  0.3305E+02  1.0908  1.4274  0.0254  0.6095  1.0000  0.9183  0.54963
  0.3376E+02  1.1022  1.4267  0.0257  0.6095  1.0000  0.9183  0.54999
  0.3393E+02  1.1050  1.4265  0.0258  0.6000  1.0000  0.9183  0.54926
  0.3365E+02  1.1006  1.4268  0.0257  0.6095  1.0000  0.9183  0.54994
  0.3376E+02  1.1022  1.4267  0.0257  0.6095  1.0000  0.9183  0.54999



             ####            Final results            ####

 Parameter    DISCRP    OSCILL    STABIL    SYSDEV    POSITV    VALCEN
 Weight        1.000     3.000     3.000     4.000     1.000     1.000
 Sigma         0.500     0.600     0.120     0.200     0.120     0.120
 Ideal         1.000     1.100     0.000     1.000     1.000     0.950
 Current       1.102     1.427     0.026     0.610     1.000     0.918
                - - - - - - - - - - - - - - - - - - - - - - - - - 
 Estimate      0.959     0.743     0.955     0.022     1.000     0.933

  Angular   range    :     from    0.0087   to    0.4178
  Real space range   :     from      0.00   to     89.65

  Highest ALPHA (theor) :   0.117E+06                 JOB = 0
  Current ALPHA         :   0.338E+02   Rg :  0.266E+02   I(0) :   0.112E+04

           Total  estimate : 0.550  which is  A REASONABLE  solution

      S          J EXP       ERROR       J REG       I REG

  0.0000E+00                                      0.1125E+04
  0.9692E-03                                      0.1124E+04
  0.1938E-02                                      0.1124E+04
  0.2908E-02                                      0.1122E+04
  0.3877E-02                                      0.1121E+04
  0.4846E-02                                      0.1118E+04
  0.5815E-02                                      0.1116E+04
  0.6785E-02                                      0.1113E+04
  0.7754E-02                                      0.1109E+04
  0.8723E-02  0.1157E+04  0.1162E+03  0.1105E+04  0.1105E+04
  0.9653E-02  0.1134E+04  0.7830E+02  0.1100E+04  0.1100E+04
  0.1058E-01  0.1124E+04  0.5837E+02  0.1095E+04  0.1095E+04
  0.1151E-01  0.1119E+04  0.3373E+02  0.1090E+04  0.1090E+04
  0.1244E-01  0.1106E+04  0.2221E+02  0.1084E+04  0.1084E+04
  0.1337E-01  0.1122E+04  0.1605E+02  0.1078E+04  0.1078E+04
  0.1430E-01  0.1085E+04  0.1312E+02  0.1072E+04  0.1072E+04
  0.1523E-01  0.1081E+04  0.1129E+02  0.1065E+04  0.1065E+04
  0.1616E-01  0.1071E+04  0.9843E+01  0.1057E+04  0.1057E+04
  0.1709E-01  0.1072E+04  0.9545E+01  0.1050E+04  0.1050E+04
  0.1802E-01  0.1051E+04  0.8725E+01  0.1042E+04  0.1042E+04
  0.1895E-01  0.1044E+04  0.8086E+01  0.1033E+04  0.1033E+04
  0.1988E-01  0.1034E+04  0.7880E+01  0.1025E+04  0.1025E+04
  0.2081E-01  0.1031E+04  0.6952E+01  0.1016E+04  0.1016E+04
  0.2174E-01  0.1025E+04  0.6914E+01  0.1006E+04  0.1006E+04
  0.2267E-01  0.1003E+04  0.6500E+01  0.9966E+03  0.9966E+03
  0.2360E-01  0.9931E+03  0.6254E+01  0.9866E+03  0.9866E+03
  0.2453E-01  0.9775E+03  0.5864E+01  0.9763E+03  0.9763E+03
  0.2546E-01  0.9657E+03  0.6056E+01  0.9658E+03  0.9658E+03
  0.2639E-01  0.9549E+03  0.5827E+01  0.9550E+03  0.9550E+03
  0.2732E-01  0.9360E+03  0.5725E+01  0.9439E+03  0.9439E+03
  0.2825E-01  0.9278E+03  0.5830E+01  0.9326E+03  0.9326E+03
  0.2918E-01  0.9167E+03  0.5453E+01  0.9211E+03  0.9211E+03
  0.3010E-01  0.9058E+03  0.5671E+01  0.9093E+03  0.9093E+03
  0.3103E-01  0.8918E+03  0.5442E+01  0.8974E+03  0.8974E+03
  0.3196E-01  0.8856E+03  0.5168E+01  0.8853E+03  0.8853E+03
  0.3289E-01  0.8622E+03  0.5136E+01  0.8730E+03  0.8730E+03
  0.3382E-01  0.8598E+03  0.4893E+01  0.8606E+03  0.8606E+03
  0.3475E-01  0.8479E+03  0.4967E+01  0.8480E+03  0.8480E+03
  0.3568E-01  0.8291E+03  0.4810E+01  0.8352E+03  0.8352E+03
  0.3661E-01  0.8106E+03  0.4544E+01  0.8224E+03  0.8224E+03
  0.3754E-01  0.8053E+03  0.4513E+01  0.8094E+03  0.8094E+03
  0.3847E-01  0.7982E+03  0.4362E+01  0.7964E+03  0.7964E+03
  0.3940E-01  0.7845E+03  0.4360E+01  0.7832E+03  0.7832E+03
  0.4033E-01  0.7795E+03  0.4334E+01  0.7700E+03  0.7700E+03
  0.4126E-01  0.7556E+03  0.4276E+01  0.7568E+03  0.7568E+03
  0.4219E-01  0.7471E+03  0.4219E+01  0.7435E+03  0.7435E+03
  0.4312E-01  0.7266E+03  0.4118E+01  0.7301E+03  0.7301E+03
  0.4405E-01  0.7122E+03  0.4264E+01  0.7168E+03  0.7168E+03
  0.4498E-01  0.7081E+03  0.4139E+01  0.7034E+03  0.7034E+03
  0.4591E-01  0.6947E+03  0.4110E+01  0.6900E+03  0.6900E+03
  0.4684E-01  0.6764E+03  0.4088E+01  0.6767E+03  0.6767E+03
  0.4777E-01  0.6644E+03  0.3944E+01  0.6633E+03  0.6633E+03
  0.4870E-01  0.6537E+03  0.3957E+01  0.6500E+03  0.6500E+03
  0.4963E-01  0.6351E+03  0.3809E+01  0.6367E+03  0.6367E+03
  0.5056E-01  0.6245E+03  0.3792E+01  0.6235E+03  0.6235E+03
  0.5149E-01  0.6016E+03  0.3775E+01  0.6104E+03  0.6104E+03
  0.5242E-01  0.5925E+03  0.3715E+01  0.5973E+03  0.5973E+03
  0.5335E-01  0.5997E+03  0.4204E+01  0.5843E+03  0.5843E+03
  0.5428E-01  0.5750E+03  0.3912E+01  0.5714E+03  0.5714E+03
  0.5521E-01  0.5605E+03  0.3696E+01  0.5585E+03  0.5585E+03
  0.5613E-01  0.5506E+03  0.3412E+01  0.5458E+03  0.5458E+03
  0.5706E-01  0.5346E+03  0.3470E+01  0.5332E+03  0.5332E+03
  0.5799E-01  0.5239E+03  0.3421E+01  0.5207E+03  0.5207E+03
  0.5892E-01  0.5135E+03  0.3380E+01  0.5084E+03  0.5084E+03
  0.5985E-01  0.5037E+03  0.3386E+01  0.4961E+03  0.4961E+03
  0.6078E-01  0.4893E+03  0.3310E+01  0.4840E+03  0.4840E+03
  0.6171E-01  0.4702E+03  0.3459E+01  0.4721E+03  0.4721E+03
  0.6264E-01  0.4626E+03  0.3380E+01  0.4603E+03  0.4603E+03
  0.6357E-01  0.4577E+03  0.3442E+01  0.4486E+03  0.4486E+03
  0.6450E-01  0.4466E+03  0.3341E+01  0.4371E+03  0.4371E+03
  0.6543E-01  0.4267E+03  0.3356E+01  0.4257E+03  0.4257E+03
  0.6636E-01  0.4197E+03  0.3310E+01  0.4146E+03  0.4146E+03
  0.6729E-01  0.4132E+03  0.3102E+01  0.4035E+03  0.4035E+03
  0.6822E-01  0.4008E+03  0.3118E+01  0.3927E+03  0.3927E+03
  0.6915E-01  0.3890E+03  0.3039E+01  0.3820E+03  0.3820E+03
  0.7008E-01  0.3775E+03  0.2910E+01  0.3715E+03  0.3715E+03
  0.7101E-01  0.3694E+03  0.2980E+01  0.3612E+03  0.3612E+03
  0.7194E-01  0.3527E+03  0.2865E+01  0.3510E+03  0.3510E+03
  0.7287E-01  0.3387E+03  0.2868E+01  0.3411E+03  0.3411E+03
  0.7380E-01  0.3360E+03  0.2886E+01  0.3313E+03  0.3313E+03
  0.7473E-01  0.3264E+03  0.2900E+01  0.3217E+03  0.3217E+03
  0.7566E-01  0.3214E+03  0.2990E+01  0.3123E+03  0.3123E+03
  0.7659E-01  0.3089E+03  0.2869E+01  0.3030E+03  0.3030E+03
  0.7752E-01  0.3044E+03  0.2894E+01  0.2940E+03  0.2940E+03
  0.7845E-01  0.2921E+03  0.2856E+01  0.2851E+03  0.2851E+03
  0.7938E-01  0.2819E+03  0.2873E+01  0.2765E+03  0.2765E+03
  0.8031E-01  0.2719E+03  0.2809E+01  0.2680E+03  0.2680E+03
  0.8123E-01  0.2661E+03  0.2743E+01  0.2596E+03  0.2596E+03
  0.8216E-01  0.2648E+03  0.2728E+01  0.2515E+03  0.2515E+03
  0.8309E-01  0.2518E+03  0.2638E+01  0.2436E+03  0.2436E+03
  0.8402E-01  0.2434E+03  0.2638E+01  0.2358E+03  0.2358E+03
  0.8495E-01  0.2392E+03  0.2591E+01  0.2282E+03  0.2282E+03
  0.8588E-01  0.2297E+03  0.2561E+01  0.2208E+03  0.2208E+03
  0.8681E-01  0.2228E+03  0.2646E+01  0.2135E+03  0.2135E+03
  0.8774E-01  0.2140E+03  0.2568E+01  0.2065E+03  0.2065E+03
  0.8867E-01  0.2020E+03  0.2623E+01  0.1996E+03  0.1996E+03
  0.8960E-01  0.2016E+03  0.2542E+01  0.1928E+03  0.1928E+03
  0.9053E-01  0.1932E+03  0.2556E+01  0.1863E+03  0.1863E+03
  0.9146E-01  0.1839E+03  0.2559E+01  0.1799E+03  0.1799E+03
  0.9239E-01  0.1776E+03  0.2509E+01  0.1737E+03  0.1737E+03
  0.9332E-01  0.1676E+03  0.2538E+01  0.1676E+03  0.1676E+03
  0.9425E-01  0.1619E+03  0.2444E+01  0.1617E+03  0.1617E+03
  0.9518E-01  0.1553E+03  0.2458E+01  0.1560E+03  0.1560E+03
  0.9611E-01  0.1502E+03  0.2455E+01  0.1504E+03  0.1504E+03
  0.9704E-01  0.1461E+03  0.2397E+01  0.1450E+03  0.1450E+03
  0.9797E-01  0.1390E+03  0.2416E+01  0.1397E+03  0.1397E+03
  0.9890E-01  0.1382E+03  0.2373E+01  0.1345E+03  0.1345E+03
  0.9983E-01  0.1303E+03  0.2386E+01  0.1296E+03  0.1296E+03
  0.1008E+00  0.1246E+03  0.2341E+01  0.1247E+03  0.1247E+03
  0.1017E+00  0.1185E+03  0.2326E+01  0.1200E+03  0.1200E+03
  0.1026E+00  0.1146E+03  0.2339E+01  0.1154E+03  0.1154E+03
  0.1035E+00  0.1109E+03  0.2265E+01  0.1110E+03  0.1110E+03
  0.1045E+00  0.1032E+03  0.2276E+01  0.1067E+03  0.1067E+03
  0.1054E+00  0.1024E+03  0.2244E+01  0.1026E+03  0.1026E+03
  0.1063E+00  0.1001E+03  0.2243E+01  0.9853E+02  0.9853E+02
  0.1073E+00  0.9306E+02  0.2261E+01  0.9462E+02  0.9462E+02
  0.1082E+00  0.8598E+02  0.2236E+01  0.9084E+02  0.9084E+02
  0.1091E+00  0.8656E+02  0.2287E+01  0.8718E+02  0.8718E+02
  0.1101E+00  0.7683E+02  0.2252E+01  0.8363E+02  0.8363E+02
  0.1110E+00  0.7534E+02  0.2239E+01  0.8021E+02  0.8021E+02
  0.1119E+00  0.7425E+02  0.2183E+01  0.7690E+02  0.7690E+02
  0.1128E+00  0.6458E+02  0.2154E+01  0.7371E+02  0.7371E+02
  0.1138E+00  0.6271E+02  0.2113E+01  0.7062E+02  0.7062E+02
  0.1147E+00  0.6134E+02  0.2116E+01  0.6764E+02  0.6764E+02
  0.1156E+00  0.6207E+02  0.2122E+01  0.6477E+02  0.6477E+02
  0.1166E+00  0.5363E+02  0.2182E+01  0.6200E+02  0.6200E+02
  0.1175E+00  0.5504E+02  0.2192E+01  0.5934E+02  0.5934E+02
  0.1184E+00  0.5308E+02  0.2207E+01  0.5677E+02  0.5677E+02
  0.1193E+00  0.5325E+02  0.2202E+01  0.5430E+02  0.5430E+02
  0.1203E+00  0.5330E+02  0.2201E+01  0.5192E+02  0.5192E+02
  0.1212E+00  0.5084E+02  0.2174E+01  0.4964E+02  0.4964E+02
  0.1221E+00  0.4614E+02  0.2187E+01  0.4745E+02  0.4745E+02
  0.1231E+00  0.4297E+02  0.2166E+01  0.4534E+02  0.4534E+02
  0.1240E+00  0.4036E+02  0.2143E+01  0.4333E+02  0.4333E+02
  0.1249E+00  0.4048E+02  0.2137E+01  0.4139E+02  0.4139E+02
  0.1259E+00  0.3219E+02  0.2130E+01  0.3954E+02  0.3954E+02
  0.1268E+00  0.2935E+02  0.2129E+01  0.3777E+02  0.3777E+02
  0.1277E+00  0.3367E+02  0.2110E+01  0.3608E+02  0.3608E+02
  0.1286E+00  0.3040E+02  0.2108E+01  0.3446E+02  0.3446E+02
  0.1296E+00  0.2812E+02  0.2144E+01  0.3292E+02  0.3292E+02
  0.1305E+00  0.2778E+02  0.2130E+01  0.3145E+02  0.3145E+02
  0.1314E+00  0.2683E+02  0.2205E+01  0.3005E+02  0.3005E+02
  0.1324E+00  0.2351E+02  0.2123E+01  0.2872E+02  0.2872E+02
  0.1333E+00  0.2031E+02  0.2112E+01  0.2745E+02  0.2745E+02
  0.1342E+00  0.1999E+02  0.2100E+01  0.2625E+02  0.2625E+02
  0.1352E+00  0.2123E+02  0.2077E+01  0.2511E+02  0.2511E+02
  0.1361E+00  0.1952E+02  0.2118E+01  0.2403E+02  0.2403E+02
  0.1370E+00  0.1881E+02  0.2025E+01  0.2301E+02  0.2301E+02
  0.1379E+00  0.1859E+02  0.2064E+01  0.2205E+02  0.2205E+02
  0.1389E+00  0.1921E+02  0.2062E+01  0.2114E+02  0.2114E+02
  0.1398E+00  0.1847E+02  0.2040E+01  0.2029E+02  0.2029E+02
  0.1407E+00  0.1956E+02  0.2053E+01  0.1948E+02  0.1948E+02
  0.1417E+00  0.1711E+02  0.2059E+01  0.1873E+02  0.1873E+02
  0.1426E+00  0.1485E+02  0.2095E+01  0.1802E+02  0.1802E+02
  0.1435E+00  0.1831E+02  0.2033E+01  0.1735E+02  0.1735E+02
  0.1445E+00  0.1777E+02  0.2048E+01  0.1673E+02  0.1673E+02
  0.1454E+00  0.1360E+02  0.2009E+01  0.1615E+02  0.1615E+02
  0.1463E+00  0.1289E+02  0.1987E+01  0.1561E+02  0.1561E+02
  0.1472E+00  0.7290E+01  0.2018E+01  0.1511E+02  0.1511E+02
  0.1482E+00  0.8870E+01  0.1965E+01  0.1465E+02  0.1465E+02
  0.1491E+00  0.4300E+01  0.2020E+01  0.1422E+02  0.1422E+02
  0.1500E+00  0.8100E+01  0.2040E+01  0.1382E+02  0.1382E+02
  0.1510E+00  0.6030E+01  0.2010E+01  0.1345E+02  0.1345E+02
  0.1519E+00  0.8020E+01  0.2065E+01  0.1311E+02  0.1311E+02
  0.1528E+00  0.1034E+02  0.2024E+01  0.1280E+02  0.1280E+02
  0.1537E+00  0.1309E+02  0.2064E+01  0.1252E+02  0.1252E+02
  0.1547E+00  0.1150E+02  0.2016E+01  0.1226E+02  0.1226E+02
  0.1556E+00  0.1056E+02  0.2057E+01  0.1203E+02  0.1203E+02
  0.1565E+00  0.1019E+02  0.1976E+01  0.1181E+02  0.1181E+02
  0.1575E+00  0.9850E+01  0.1945E+01  0.1162E+02  0.1162E+02
  0.1584E+00  0.5520E+01  0.2012E+01  0.1144E+02  0.1144E+02
  0.1593E+00  0.8600E+01  0.1909E+01  0.1128E+02  0.1128E+02
  0.1603E+00  0.9010E+01  0.1955E+01  0.1114E+02  0.1114E+02
  0.1612E+00  0.1071E+02  0.1950E+01  0.1101E+02  0.1101E+02
  0.1621E+00  0.1071E+02  0.1927E+01  0.1089E+02  0.1089E+02
  0.1630E+00  0.1467E+02  0.2008E+01  0.1079E+02  0.1079E+02
  0.1640E+00  0.1208E+02  0.1957E+01  0.1070E+02  0.1070E+02
  0.1649E+00  0.1457E+02  0.2001E+01  0.1061E+02  0.1061E+02
  0.1658E+00  0.9120E+01  0.1986E+01  0.1054E+02  0.1054E+02
  0.1668E+00  0.7060E+01  0.1984E+01  0.1047E+02  0.1047E+02
  0.1677E+00  0.7550E+01  0.2014E+01  0.1041E+02  0.1041E+02
  0.1686E+00  0.9780E+01  0.1956E+01  0.1035E+02  0.1035E+02
  0.1696E+00  0.1077E+02  0.1985E+01  0.1030E+02  0.1030E+02
  0.1705E+00  0.6700E+01  0.1968E+01  0.1026E+02  0.1026E+02
  0.1714E+00  0.4550E+01  0.1960E+01  0.1021E+02  0.1021E+02
  0.1723E+00  0.8660E+01  0.1989E+01  0.1017E+02  0.1017E+02
  0.1733E+00  0.8880E+01  0.1942E+01  0.1013E+02  0.1013E+02
  0.1742E+00  0.1039E+02  0.1993E+01  0.1009E+02  0.1009E+02
  0.1751E+00  0.1220E+02  0.1953E+01  0.1006E+02  0.1006E+02
  0.1761E+00  0.1129E+02  0.1961E+01  0.1002E+02  0.1002E+02
  0.1770E+00  0.7510E+01  0.1971E+01  0.9980E+01  0.9980E+01
  0.1779E+00  0.4700E+01  0.1968E+01  0.9940E+01  0.9940E+01
  0.1788E+00  0.7410E+01  0.1982E+01  0.9899E+01  0.9899E+01
  0.1798E+00  0.1058E+02  0.1940E+01  0.9856E+01  0.9856E+01
  0.1807E+00  0.1098E+02  0.1969E+01  0.9811E+01  0.9811E+01
  0.1816E+00  0.9070E+01  0.1985E+01  0.9764E+01  0.9764E+01
  0.1826E+00  0.8450E+01  0.1944E+01  0.9715E+01  0.9715E+01
  0.1835E+00  0.1060E+02  0.1971E+01  0.9663E+01  0.9663E+01
  0.1844E+00  0.1011E+02  0.1944E+01  0.9607E+01  0.9607E+01
  0.1854E+00  0.5930E+01  0.1965E+01  0.9549E+01  0.9549E+01
  0.1863E+00  0.9860E+01  0.1983E+01  0.9488E+01  0.9488E+01
  0.1872E+00  0.7030E+01  0.1983E+01  0.9424E+01  0.9424E+01
  0.1881E+00  0.6790E+01  0.1955E+01  0.9358E+01  0.9358E+01
  0.1891E+00  0.6580E+01  0.1938E+01  0.9288E+01  0.9288E+01
  0.1900E+00  0.6310E+01  0.1995E+01  0.9215E+01  0.9215E+01
  0.1909E+00  0.9240E+01  0.1954E+01  0.9140E+01  0.9140E+01
  0.1919E+00  0.1267E+02  0.1950E+01  0.9061E+01  0.9061E+01
  0.1928E+00  0.1379E+02  0.1958E+01  0.8981E+01  0.8981E+01
  0.1937E+00  0.1186E+02  0.1917E+01  0.8898E+01  0.8898E+01
  0.1947E+00  0.1296E+02  0.1942E+01  0.8813E+01  0.8813E+01
  0.1956E+00  0.1456E+02  0.1910E+01  0.8725E+01  0.8725E+01
  0.1965E+00  0.8480E+01  0.1935E+01  0.8636E+01  0.8636E+01
  0.1974E+00  0.6380E+01  0.1946E+01  0.8546E+01  0.8546E+01
  0.1984E+00  0.7850E+01  0.1949E+01  0.8454E+01  0.8454E+01
  0.1993E+00  0.9250E+01  0.1967E+01  0.8361E+01  0.8361E+01
  0.2002E+00  0.7050E+01  0.1945E+01  0.8268E+01  0.8268E+01
  0.2012E+00  0.6200E+01  0.1972E+01  0.8172E+01  0.8172E+01
  0.2021E+00  0.8730E+01  0.1962E+01  0.8077E+01  0.8077E+01
  0.2030E+00  0.1193E+02  0.1937E+01  0.7982E+01  0.7982E+01
  0.2039E+00  0.1108E+02  0.1938E+01  0.7887E+01  0.7887E+01
  0.2049E+00  0.5720E+01  0.1934E+01  0.7792E+01  0.7792E+01
  0.2058E+00  0.4580E+01  0.1956E+01  0.7697E+01  0.7697E+01
  0.2067E+00  0.9950E+01  0.1917E+01  0.7604E+01  0.7604E+01
  0.2077E+00  0.8100E+01  0.1953E+01  0.7511E+01  0.7511E+01
  0.2086E+00  0.7210E+01  0.1905E+01  0.7419E+01  0.7419E+01
  0.2095E+00  0.9420E+01  0.1914E+01  0.7329E+01  0.7329E+01
  0.2105E+00  0.5900E+01  0.1949E+01  0.7241E+01  0.7241E+01
  0.2114E+00  0.1043E+02  0.1889E+01  0.7154E+01  0.7154E+01
  0.2123E+00  0.1038E+02  0.1974E+01  0.7069E+01  0.7069E+01
  0.2132E+00  0.4710E+01  0.1991E+01  0.6986E+01  0.6986E+01
  0.2142E+00  0.4160E+01  0.1999E+01  0.6905E+01  0.6905E+01
  0.2151E+00  0.3700E+01  0.2024E+01  0.6826E+01  0.6826E+01
  0.2160E+00  0.3770E+01  0.1998E+01  0.6750E+01  0.6750E+01
  0.2170E+00  0.2140E+01  0.2046E+01  0.6677E+01  0.6677E+01
  0.2179E+00  0.4690E+01  0.2007E+01  0.6605E+01  0.6605E+01
  0.2188E+00  0.4410E+01  0.2028E+01  0.6537E+01  0.6537E+01
  0.2198E+00  0.6790E+01  0.2026E+01  0.6471E+01  0.6471E+01
  0.2207E+00  0.1031E+02  0.2039E+01  0.6408E+01  0.6408E+01
  0.2216E+00  0.1009E+02  0.2075E+01  0.6347E+01  0.6347E+01
  0.2225E+00  0.1048E+02  0.2069E+01  0.6289E+01  0.6289E+01
  0.2235E+00  0.1078E+02  0.2094E+01  0.6234E+01  0.6234E+01
  0.2244E+00  0.9670E+01  0.2103E+01  0.6181E+01  0.6181E+01
  0.2253E+00  0.7470E+01  0.2125E+01  0.6131E+01  0.6131E+01
  0.2263E+00  0.9360E+01  0.2124E+01  0.6084E+01  0.6084E+01
  0.2272E+00  0.4710E+01  0.2081E+01  0.6039E+01  0.6039E+01
  0.2281E+00  0.5640E+01  0.2134E+01  0.5996E+01  0.5996E+01
  0.2290E+00  0.5680E+01  0.2124E+01  0.5956E+01  0.5956E+01
  0.2300E+00  0.9150E+01  0.2142E+01  0.5918E+01  0.5918E+01
  0.2309E+00  0.8550E+01  0.2098E+01  0.5882E+01  0.5882E+01
  0.2318E+00  0.9370E+01  0.2095E+01  0.5848E+01  0.5848E+01
  0.2328E+00  0.5290E+01  0.2126E+01  0.5815E+01  0.5815E+01
  0.2337E+00  0.3530E+01  0.2109E+01  0.5785E+01  0.5785E+01
  0.2346E+00  0.3850E+01  0.2105E+01  0.5756E+01  0.5756E+01
  0.2356E+00  0.8410E+01  0.2122E+01  0.5729E+01  0.5729E+01
  0.2365E+00  0.4050E+01  0.2175E+01  0.5702E+01  0.5702E+01
  0.2374E+00  0.7140E+01  0.2193E+01  0.5678E+01  0.5678E+01
  0.2383E+00  0.4100E+01  0.2186E+01  0.5654E+01  0.5654E+01
  0.2393E+00  0.1460E+01  0.2172E+01  0.5631E+01  0.5631E+01
  0.2402E+00  0.3030E+01  0.2197E+01  0.5609E+01  0.5609E+01
  0.2430E+00  0.3910E+01  0.2188E+01  0.5546E+01  0.5546E+01
  0.2439E+00  0.1780E+01  0.2198E+01  0.5525E+01  0.5525E+01
  0.2449E+00  0.1340E+01  0.2213E+01  0.5505E+01  0.5505E+01
  0.2458E+00  0.2390E+01  0.2301E+01  0.5485E+01  0.5485E+01
  0.2467E+00  0.6490E+01  0.2194E+01  0.5464E+01  0.5464E+01
  0.2476E+00  0.5950E+01  0.2251E+01  0.5444E+01  0.5444E+01
  0.2486E+00  0.4220E+01  0.2261E+01  0.5423E+01  0.5423E+01
  0.2495E+00  0.6300E+01  0.2238E+01  0.5401E+01  0.5401E+01
  0.2504E+00  0.3450E+01  0.2325E+01  0.5379E+01  0.5379E+01
  0.2514E+00  0.1330E+01  0.2269E+01  0.5357E+01  0.5357E+01
  0.2523E+00  0.2900E+01  0.2312E+01  0.5334E+01  0.5334E+01
  0.2541E+00  0.3970E+01  0.2321E+01  0.5286E+01  0.5286E+01
  0.2551E+00  0.3580E+01  0.2381E+01  0.5261E+01  0.5261E+01
  0.2560E+00  0.6110E+01  0.2408E+01  0.5234E+01  0.5234E+01
  0.2579E+00  0.2970E+01  0.2434E+01  0.5180E+01  0.5180E+01
  0.2588E+00  0.3050E+01  0.2423E+01  0.5151E+01  0.5151E+01
  0.2607E+00  0.6670E+01  0.2437E+01  0.5091E+01  0.5091E+01
  0.2616E+00  0.9250E+01  0.2534E+01  0.5060E+01  0.5060E+01
  0.2625E+00  0.7120E+01  0.2464E+01  0.5028E+01  0.5028E+01
  0.2634E+00  0.6520E+01  0.2461E+01  0.4995E+01  0.4995E+01
  0.2644E+00  0.7560E+01  0.2515E+01  0.4962E+01  0.4962E+01
  0.2653E+00  0.5440E+01  0.2435E+01  0.4927E+01  0.4927E+01
  0.2662E+00  0.3230E+01  0.2481E+01  0.4893E+01  0.4893E+01
  0.2672E+00  0.1280E+01  0.2429E+01  0.4857E+01  0.4857E+01
  0.2681E+00  0.1082E+02  0.2471E+01  0.4822E+01  0.4822E+01
  0.2690E+00  0.4360E+01  0.2503E+01  0.4785E+01  0.4785E+01
  0.2709E+00  0.2370E+01  0.2513E+01  0.4710E+01  0.4710E+01
  0.2718E+00  0.5450E+01  0.2461E+01  0.4673E+01  0.4673E+01
  0.2727E+00  0.7620E+01  0.2525E+01  0.4635E+01  0.4635E+01
  0.2737E+00  0.7860E+01  0.2555E+01  0.4597E+01  0.4597E+01
  0.2746E+00  0.8810E+01  0.2515E+01  0.4560E+01  0.4560E+01
  0.2755E+00  0.4140E+01  0.2618E+01  0.4522E+01  0.4522E+01
  0.2765E+00  0.4040E+01  0.2543E+01  0.4484E+01  0.4484E+01
  0.2774E+00  0.7360E+01  0.2633E+01  0.4446E+01  0.4446E+01
  0.2783E+00  0.3420E+01  0.2644E+01  0.4409E+01  0.4409E+01
  0.2792E+00  0.1360E+01  0.2610E+01  0.4372E+01  0.4372E+01
  0.2802E+00  0.2780E+01  0.2625E+01  0.4336E+01  0.4336E+01
  0.2811E+00  0.4910E+01  0.2595E+01  0.4299E+01  0.4299E+01
  0.2820E+00  0.2750E+01  0.2586E+01  0.4264E+01  0.4264E+01
  0.2830E+00  0.5640E+01  0.2578E+01  0.4229E+01  0.4229E+01
  0.2839E+00  0.1006E+02  0.2583E+01  0.4194E+01  0.4194E+01
  0.2848E+00  0.5870E+01  0.2605E+01  0.4161E+01  0.4161E+01
  0.2858E+00  0.2000E+01  0.2539E+01  0.4128E+01  0.4128E+01
  0.2867E+00  0.3110E+01  0.2537E+01  0.4095E+01  0.4095E+01
  0.2876E+00  0.1151E+02  0.2542E+01  0.4064E+01  0.4064E+01
  0.2885E+00  0.6850E+01  0.2549E+01  0.4033E+01  0.4033E+01
  0.2895E+00  0.6470E+01  0.2528E+01  0.4003E+01  0.4003E+01
  0.2904E+00  0.7930E+01  0.2516E+01  0.3974E+01  0.3974E+01
  0.2913E+00  0.1004E+02  0.2560E+01  0.3946E+01  0.3946E+01
  0.2923E+00  0.3330E+01  0.2534E+01  0.3919E+01  0.3919E+01
  0.2960E+00  0.4680E+01  0.2540E+01  0.3820E+01  0.3820E+01
  0.2969E+00  0.1257E+02  0.2552E+01  0.3797E+01  0.3797E+01
  0.2978E+00  0.9830E+01  0.2559E+01  0.3775E+01  0.3775E+01
  0.2988E+00  0.5860E+01  0.2541E+01  0.3754E+01  0.3754E+01
  0.3006E+00  0.1000E+01  0.2585E+01  0.3714E+01  0.3714E+01
  0.3016E+00 -0.5500E+00  0.2597E+01  0.3696E+01  0.3696E+01
  0.3025E+00  0.6700E+00  0.2654E+01  0.3678E+01  0.3678E+01
  0.3034E+00  0.2570E+01  0.2653E+01  0.3660E+01  0.3660E+01
  0.3043E+00  0.3800E+01  0.2717E+01  0.3643E+01  0.3643E+01
  0.3053E+00  0.6450E+01  0.2708E+01  0.3627E+01  0.3627E+01
  0.3062E+00  0.4860E+01  0.2663E+01  0.3611E+01  0.3611E+01
  0.3071E+00  0.3710E+01  0.2636E+01  0.3596E+01  0.3596E+01
  0.3081E+00  0.3590E+01  0.2655E+01  0.3581E+01  0.3581E+01
  0.3090E+00  0.2880E+01  0.2635E+01  0.3567E+01  0.3567E+01
  0.3109E+00  0.7800E+00  0.2641E+01  0.3539E+01  0.3539E+01
  0.3118E+00  0.3510E+01  0.2602E+01  0.3525E+01  0.3525E+01
  0.3127E+00  0.1770E+01  0.2630E+01  0.3511E+01  0.3511E+01
  0.3136E+00  0.1440E+01  0.2646E+01  0.3498E+01  0.3498E+01
  0.3146E+00  0.1190E+01  0.2616E+01  0.3485E+01  0.3485E+01
  0.3155E+00  0.2610E+01  0.2640E+01  0.3471E+01  0.3471E+01
  0.3164E+00  0.1320E+01  0.2561E+01  0.3458E+01  0.3458E+01
  0.3174E+00  0.7000E+01  0.2631E+01  0.3444E+01  0.3444E+01
  0.3183E+00  0.4540E+01  0.2612E+01  0.3431E+01  0.3431E+01
  0.3192E+00 -0.9900E+00  0.2573E+01  0.3417E+01  0.3417E+01
  0.3202E+00  0.1040E+01  0.2612E+01  0.3403E+01  0.3403E+01
  0.3211E+00 -0.2440E+01  0.2595E+01  0.3389E+01  0.3389E+01
  0.3220E+00 -0.2260E+01  0.2559E+01  0.3374E+01  0.3374E+01
  0.3229E+00 -0.3750E+01  0.2570E+01  0.3360E+01  0.3360E+01
  0.3239E+00  0.4760E+01  0.2523E+01  0.3345E+01  0.3345E+01
  0.3248E+00 -0.5901E+00  0.2648E+01  0.3330E+01  0.3330E+01
  0.3267E+00  0.3970E+01  0.2597E+01  0.3299E+01  0.3299E+01
  0.3276E+00  0.5160E+01  0.2604E+01  0.3283E+01  0.3283E+01
  0.3294E+00 -0.2400E+00  0.2598E+01  0.3249E+01  0.3249E+01
  0.3304E+00  0.6370E+01  0.2598E+01  0.3232E+01  0.3232E+01
  0.3313E+00  0.3980E+01  0.2585E+01  0.3215E+01  0.3215E+01
  0.3322E+00 -0.4200E+00  0.2555E+01  0.3198E+01  0.3198E+01
  0.3332E+00  0.1030E+01  0.2586E+01  0.3180E+01  0.3180E+01
  0.3341E+00 -0.4800E+00  0.2566E+01  0.3162E+01  0.3162E+01
  0.3350E+00 -0.1540E+01  0.2563E+01  0.3144E+01  0.3144E+01
  0.3360E+00  0.2140E+01  0.2588E+01  0.3125E+01  0.3125E+01
  0.3369E+00  0.5890E+01  0.2576E+01  0.3106E+01  0.3106E+01
  0.3378E+00  0.6990E+01  0.2550E+01  0.3088E+01  0.3088E+01
  0.3387E+00  0.1160E+01  0.2610E+01  0.3069E+01  0.3069E+01
  0.3397E+00  0.1380E+01  0.2582E+01  0.3050E+01  0.3050E+01
  0.3406E+00  0.6300E+01  0.2590E+01  0.3031E+01  0.3031E+01
  0.3415E+00  0.8590E+01  0.2571E+01  0.3012E+01  0.3012E+01
  0.3425E+00  0.4760E+01  0.2533E+01  0.2993E+01  0.2993E+01
  0.3434E+00  0.2030E+01  0.2555E+01  0.2974E+01  0.2974E+01
  0.3453E+00  0.2170E+01  0.2523E+01  0.2936E+01  0.2936E+01
  0.3462E+00  0.2630E+01  0.2560E+01  0.2918E+01  0.2918E+01
  0.3471E+00 -0.1790E+01  0.2542E+01  0.2899E+01  0.2899E+01
  0.3480E+00 -0.7700E+00  0.2581E+01  0.2881E+01  0.2881E+01
  0.3490E+00  0.3840E+01  0.2552E+01  0.2863E+01  0.2863E+01
  0.3499E+00  0.3010E+01  0.2572E+01  0.2846E+01  0.2846E+01
  0.3508E+00  0.4260E+01  0.2622E+01  0.2829E+01  0.2829E+01
  0.3527E+00 -0.6130E+01  0.2619E+01  0.2796E+01  0.2796E+01
  0.3536E+00  0.2960E+01  0.2627E+01  0.2780E+01  0.2780E+01
  0.3545E+00  0.2290E+01  0.2588E+01  0.2764E+01  0.2764E+01
  0.3555E+00  0.1650E+01  0.2599E+01  0.2749E+01  0.2749E+01
  0.3564E+00  0.5570E+01  0.2602E+01  0.2735E+01  0.2735E+01
  0.3573E+00  0.3810E+01  0.2532E+01  0.2721E+01  0.2721E+01
  0.3583E+00  0.7799E+00  0.2616E+01  0.2707E+01  0.2707E+01
  0.3592E+00 -0.4040E+01  0.2561E+01  0.2694E+01  0.2694E+01
  0.3601E+00  0.7301E+00  0.2594E+01  0.2682E+01  0.2682E+01
  0.3611E+00  0.1152E+02  0.2574E+01  0.2670E+01  0.2670E+01
  0.3620E+00  0.1375E+02  0.2539E+01  0.2659E+01  0.2659E+01
  0.3629E+00  0.7920E+01  0.2528E+01  0.2648E+01  0.2648E+01
  0.3638E+00  0.7960E+01  0.2498E+01  0.2637E+01  0.2637E+01
  0.3648E+00  0.6190E+01  0.2490E+01  0.2627E+01  0.2627E+01
  0.3657E+00  0.8800E+00  0.2521E+01  0.2618E+01  0.2618E+01
  0.3666E+00  0.5800E+01  0.2458E+01  0.2609E+01  0.2609E+01
  0.3676E+00  0.3230E+01  0.2484E+01  0.2601E+01  0.2601E+01
  0.3685E+00 -0.9301E+00  0.2520E+01  0.2594E+01  0.2594E+01
  0.3694E+00 -0.5850E+01  0.2397E+01  0.2586E+01  0.2586E+01
  0.3704E+00  0.1400E+01  0.2435E+01  0.2579E+01  0.2579E+01
  0.3713E+00 -0.2260E+01  0.2463E+01  0.2572E+01  0.2572E+01
  0.3722E+00  0.1440E+01  0.2519E+01  0.2566E+01  0.2566E+01
  0.3731E+00  0.2610E+01  0.2460E+01  0.2560E+01  0.2560E+01
  0.3759E+00  0.5010E+01  0.2473E+01  0.2544E+01  0.2544E+01
  0.3769E+00 -0.1730E+01  0.2458E+01  0.2539E+01  0.2539E+01
  0.3778E+00 -0.7430E+01  0.2487E+01  0.2534E+01  0.2534E+01
  0.3787E+00  0.9200E+00  0.2485E+01  0.2529E+01  0.2529E+01
  0.3796E+00 -0.6901E+00  0.2439E+01  0.2525E+01  0.2525E+01
  0.3806E+00  0.3110E+01  0.2454E+01  0.2520E+01  0.2520E+01
  0.3815E+00  0.5120E+01  0.2446E+01  0.2516E+01  0.2516E+01
  0.3824E+00 -0.3601E+00  0.2457E+01  0.2511E+01  0.2511E+01
  0.3834E+00  0.3570E+01  0.2473E+01  0.2507E+01  0.2507E+01
  0.3843E+00  0.2400E+01  0.2475E+01  0.2502E+01  0.2502E+01
  0.3852E+00  0.4320E+01  0.2420E+01  0.2498E+01  0.2498E+01
  0.3862E+00  0.5820E+01  0.2450E+01  0.2493E+01  0.2493E+01
  0.3871E+00  0.7860E+01  0.2488E+01  0.2488E+01  0.2488E+01
  0.3880E+00  0.8700E+01  0.2524E+01  0.2483E+01  0.2483E+01
  0.3889E+00  0.3000E+01  0.2521E+01  0.2478E+01  0.2478E+01
  0.3899E+00 -0.2550E+01  0.2598E+01  0.2472E+01  0.2472E+01
  0.3908E+00 -0.2120E+01  0.2560E+01  0.2467E+01  0.2467E+01
  0.3917E+00  0.6010E+01  0.2530E+01  0.2460E+01  0.2460E+01
  0.3927E+00  0.6640E+01  0.2519E+01  0.2454E+01  0.2454E+01
  0.3936E+00  0.3800E+01  0.2570E+01  0.2447E+01  0.2447E+01
  0.3945E+00  0.7160E+01  0.2598E+01  0.2440E+01  0.2440E+01
  0.3955E+00  0.2340E+01  0.2595E+01  0.2433E+01  0.2433E+01
  0.3964E+00  0.6060E+01  0.2583E+01  0.2425E+01  0.2425E+01
  0.3973E+00  0.3720E+01  0.2552E+01  0.2417E+01  0.2417E+01
  0.3982E+00  0.4740E+01  0.2651E+01  0.2409E+01  0.2409E+01
  0.3992E+00  0.4020E+01  0.2589E+01  0.2400E+01  0.2400E+01
  0.4001E+00 -0.1220E+01  0.2534E+01  0.2391E+01  0.2391E+01
  0.4010E+00  0.2340E+01  0.2498E+01  0.2382E+01  0.2382E+01
  0.4020E+00  0.4290E+01  0.2563E+01  0.2373E+01  0.2373E+01
  0.4029E+00  0.4110E+01  0.2545E+01  0.2362E+01  0.2362E+01
  0.4038E+00  0.8470E+01  0.2542E+01  0.2352E+01  0.2352E+01
  0.4047E+00  0.4920E+01  0.2551E+01  0.2341E+01  0.2341E+01
  0.4057E+00  0.3330E+01  0.2569E+01  0.2330E+01  0.2330E+01
  0.4066E+00  0.2720E+01  0.2665E+01  0.2319E+01  0.2319E+01
  0.4075E+00  0.3180E+01  0.2656E+01  0.2308E+01  0.2308E+01
  0.4094E+00 -0.7300E+00  0.2620E+01  0.2284E+01  0.2284E+01
  0.4103E+00  0.2720E+01  0.2603E+01  0.2272E+01  0.2272E+01
  0.4122E+00  0.3180E+01  0.2624E+01  0.2247E+01  0.2247E+01
  0.4131E+00  0.7320E+01  0.2595E+01  0.2235E+01  0.2235E+01
  0.4140E+00  0.4340E+01  0.2616E+01  0.2222E+01  0.2222E+01
  0.4150E+00  0.1008E+02  0.2575E+01  0.2209E+01  0.2209E+01
  0.4159E+00  0.4550E+01  0.2577E+01  0.2197E+01  0.2197E+01
  0.4178E+00  0.6430E+01  0.2576E+01  0.2171E+01  0.2171E+01

           Distance distribution  function of particle  


       R          P(R)      ERROR

  0.0000E+00  0.0000E+00  0.0000E+00
  0.8965E+00  0.3073E-01  0.1269E-02
  0.1793E+01  0.6825E-01  0.2042E-02
  0.2690E+01  0.1126E+00  0.2377E-02
  0.3586E+01  0.1637E+00  0.2366E-02
  0.4482E+01  0.2216E+00  0.2141E-02
  0.5379E+01  0.2863E+00  0.1891E-02
  0.6276E+01  0.3577E+00  0.1833E-02
  0.7172E+01  0.4355E+00  0.2063E-02
  0.8069E+01  0.5195E+00  0.2461E-02
  0.8965E+01  0.6091E+00  0.2865E-02
  0.9862E+01  0.7040E+00  0.3177E-02
  0.1076E+02  0.8033E+00  0.3361E-02
  0.1165E+02  0.9062E+00  0.3425E-02
  0.1255E+02  0.1012E+01  0.3412E-02
  0.1345E+02  0.1119E+01  0.3382E-02
  0.1434E+02  0.1228E+01  0.3397E-02
  0.1524E+02  0.1336E+01  0.3488E-02
  0.1614E+02  0.1442E+01  0.3647E-02
  0.1703E+02  0.1547E+01  0.3836E-02
  0.1793E+02  0.1648E+01  0.4010E-02
  0.1883E+02  0.1745E+01  0.4135E-02
  0.1972E+02  0.1838E+01  0.4199E-02
  0.2062E+02  0.1925E+01  0.4210E-02
  0.2152E+02  0.2007E+01  0.4190E-02
  0.2241E+02  0.2082E+01  0.4168E-02
  0.2331E+02  0.2150E+01  0.4167E-02
  0.2421E+02  0.2211E+01  0.4197E-02
  0.2510E+02  0.2265E+01  0.4249E-02
  0.2600E+02  0.2311E+01  0.4303E-02
  0.2690E+02  0.2349E+01  0.4337E-02
  0.2779E+02  0.2378E+01  0.4333E-02
  0.2869E+02  0.2399E+01  0.4283E-02
  0.2958E+02  0.2412E+01  0.4191E-02
  0.3048E+02  0.2416E+01  0.4072E-02
  0.3138E+02  0.2411E+01  0.3944E-02
  0.3227E+02  0.2398E+01  0.3832E-02
  0.3317E+02  0.2376E+01  0.3754E-02
  0.3407E+02  0.2346E+01  0.3722E-02
  0.3496E+02  0.2308E+01  0.3738E-02
  0.3586E+02  0.2264E+01  0.3794E-02
  0.3676E+02  0.2212E+01  0.3878E-02
  0.3765E+02  0.2155E+01  0.3975E-02
  0.3855E+02  0.2093E+01  0.4072E-02
  0.3945E+02  0.2025E+01  0.4160E-02
  0.4034E+02  0.1955E+01  0.4237E-02
  0.4124E+02  0.1880E+01  0.4304E-02
  0.4214E+02  0.1804E+01  0.4371E-02
  0.4303E+02  0.1725E+01  0.4450E-02
  0.4393E+02  0.1645E+01  0.4553E-02
  0.4483E+02  0.1565E+01  0.4693E-02
  0.4572E+02  0.1484E+01  0.4874E-02
  0.4662E+02  0.1403E+01  0.5094E-02
  0.4751E+02  0.1322E+01  0.5342E-02
  0.4841E+02  0.1243E+01  0.5603E-02
  0.4931E+02  0.1165E+01  0.5858E-02
  0.5020E+02  0.1089E+01  0.6088E-02
  0.5110E+02  0.1015E+01  0.6278E-02
  0.5200E+02  0.9427E+00  0.6416E-02
  0.5289E+02  0.8736E+00  0.6493E-02
  0.5379E+02  0.8076E+00  0.6508E-02
  0.5469E+02  0.7450E+00  0.6463E-02
  0.5558E+02  0.6861E+00  0.6366E-02
  0.5648E+02  0.6310E+00  0.6228E-02
  0.5738E+02  0.5800E+00  0.6065E-02
  0.5827E+02  0.5330E+00  0.5897E-02
  0.5917E+02  0.4902E+00  0.5741E-02
  0.6007E+02  0.4514E+00  0.5614E-02
  0.6096E+02  0.4165E+00  0.5527E-02
  0.6186E+02  0.3854E+00  0.5484E-02
  0.6276E+02  0.3577E+00  0.5482E-02
  0.6365E+02  0.3334E+00  0.5511E-02
  0.6455E+02  0.3119E+00  0.5561E-02
  0.6544E+02  0.2931E+00  0.5622E-02
  0.6634E+02  0.2766E+00  0.5685E-02
  0.6724E+02  0.2621E+00  0.5744E-02
  0.6813E+02  0.2493E+00  0.5798E-02
  0.6903E+02  0.2380E+00  0.5845E-02
  0.6993E+02  0.2278E+00  0.5885E-02
  0.7082E+02  0.2186E+00  0.5916E-02
  0.7172E+02  0.2102E+00  0.5937E-02
  0.7262E+02  0.2023E+00  0.5945E-02
  0.7351E+02  0.1949E+00  0.5938E-02
  0.7441E+02  0.1878E+00  0.5913E-02
  0.7531E+02  0.1807E+00  0.5870E-02
  0.7620E+02  0.1737E+00  0.5808E-02
  0.7710E+02  0.1666E+00  0.5726E-02
  0.7800E+02  0.1593E+00  0.5624E-02
  0.7889E+02  0.1516E+00  0.5501E-02
  0.7979E+02  0.1435E+00  0.5354E-02
  0.8069E+02  0.1349E+00  0.5180E-02
  0.8158E+02  0.1258E+00  0.4972E-02
  0.8248E+02  0.1159E+00  0.4724E-02
  0.8337E+02  0.1052E+00  0.4428E-02
  0.8427E+02  0.9368E-01  0.4071E-02
  0.8517E+02  0.8116E-01  0.3644E-02
  0.8606E+02  0.6756E-01  0.3133E-02
  0.8696E+02  0.5276E-01  0.2525E-02
  0.8786E+02  0.3665E-01  0.1809E-02
  0.8875E+02  0.1910E-01  0.9706E-03
  0.8965E+02  0.0000E+00  0.0000E+00
          Reciprocal space: Rg =   26.62     , I(0) =   0.1125E+04
     Real space: Rg =   26.64 +- 0.051  I(0) =   0.1125E+04 +-  0.1626E+01
